[2023-11-14T21:33:57.898+0000] {processor.py:157} INFO - Started process (PID=65) to work on /home/airflow/.local/lib/python3.8/site-packages/airflow/example_dags/example_branch_operator.py
[2023-11-14T21:33:57.899+0000] {processor.py:829} INFO - Processing file /home/airflow/.local/lib/python3.8/site-packages/airflow/example_dags/example_branch_operator.py for tasks to queue
[2023-11-14T21:33:57.902+0000] {logging_mixin.py:154} INFO - [2023-11-14T21:33:57.902+0000] {dagbag.py:536} INFO - Filling up the DagBag from /home/airflow/.local/lib/python3.8/site-packages/airflow/example_dags/example_branch_operator.py
[2023-11-14T21:33:57.914+0000] {processor.py:839} INFO - DAG(s) dict_keys(['example_branch_operator']) retrieved from /home/airflow/.local/lib/python3.8/site-packages/airflow/example_dags/example_branch_operator.py
[2023-11-14T21:33:58.048+0000] {logging_mixin.py:154} INFO - [2023-11-14T21:33:58.048+0000] {manager.py:499} INFO - Created Permission View: %s
[2023-11-14T21:33:58.062+0000] {logging_mixin.py:154} INFO - [2023-11-14T21:33:58.062+0000] {manager.py:499} INFO - Created Permission View: %s
[2023-11-14T21:33:58.071+0000] {logging_mixin.py:154} INFO - [2023-11-14T21:33:58.071+0000] {manager.py:499} INFO - Created Permission View: %s
[2023-11-14T21:33:58.071+0000] {logging_mixin.py:154} INFO - [2023-11-14T21:33:58.071+0000] {dag.py:2941} INFO - Sync 1 DAGs
[2023-11-14T21:33:58.085+0000] {logging_mixin.py:154} INFO - [2023-11-14T21:33:58.085+0000] {dag.py:2963} INFO - Creating ORM DAG for example_branch_operator
[2023-11-14T21:33:58.100+0000] {logging_mixin.py:154} INFO - [2023-11-14T21:33:58.099+0000] {dag.py:3722} INFO - Setting next_dagrun for example_branch_operator to 2023-11-13T00:00:00+00:00, run_after=2023-11-14T00:00:00+00:00
[2023-11-14T21:33:58.124+0000] {processor.py:179} INFO - Processing /home/airflow/.local/lib/python3.8/site-packages/airflow/example_dags/example_branch_operator.py took 0.230 seconds
[2023-11-14T21:34:28.300+0000] {processor.py:157} INFO - Started process (PID=119) to work on /home/airflow/.local/lib/python3.8/site-packages/airflow/example_dags/example_branch_operator.py
[2023-11-14T21:34:28.301+0000] {processor.py:829} INFO - Processing file /home/airflow/.local/lib/python3.8/site-packages/airflow/example_dags/example_branch_operator.py for tasks to queue
[2023-11-14T21:34:28.304+0000] {logging_mixin.py:154} INFO - [2023-11-14T21:34:28.304+0000] {dagbag.py:536} INFO - Filling up the DagBag from /home/airflow/.local/lib/python3.8/site-packages/airflow/example_dags/example_branch_operator.py
[2023-11-14T21:34:28.315+0000] {processor.py:839} INFO - DAG(s) dict_keys(['example_branch_operator']) retrieved from /home/airflow/.local/lib/python3.8/site-packages/airflow/example_dags/example_branch_operator.py
[2023-11-14T21:34:28.342+0000] {logging_mixin.py:154} INFO - [2023-11-14T21:34:28.342+0000] {dag.py:2941} INFO - Sync 1 DAGs
[2023-11-14T21:34:28.371+0000] {logging_mixin.py:154} INFO - [2023-11-14T21:34:28.371+0000] {dag.py:3722} INFO - Setting next_dagrun for example_branch_operator to 2023-11-13T00:00:00+00:00, run_after=2023-11-14T00:00:00+00:00
[2023-11-14T21:34:28.394+0000] {processor.py:179} INFO - Processing /home/airflow/.local/lib/python3.8/site-packages/airflow/example_dags/example_branch_operator.py took 0.098 seconds
[2023-11-14T21:34:58.712+0000] {processor.py:157} INFO - Started process (PID=173) to work on /home/airflow/.local/lib/python3.8/site-packages/airflow/example_dags/example_branch_operator.py
[2023-11-14T21:34:58.714+0000] {processor.py:829} INFO - Processing file /home/airflow/.local/lib/python3.8/site-packages/airflow/example_dags/example_branch_operator.py for tasks to queue
[2023-11-14T21:34:58.718+0000] {logging_mixin.py:154} INFO - [2023-11-14T21:34:58.717+0000] {dagbag.py:536} INFO - Filling up the DagBag from /home/airflow/.local/lib/python3.8/site-packages/airflow/example_dags/example_branch_operator.py
[2023-11-14T21:34:58.731+0000] {processor.py:839} INFO - DAG(s) dict_keys(['example_branch_operator']) retrieved from /home/airflow/.local/lib/python3.8/site-packages/airflow/example_dags/example_branch_operator.py
[2023-11-14T21:34:58.765+0000] {logging_mixin.py:154} INFO - [2023-11-14T21:34:58.764+0000] {dag.py:2941} INFO - Sync 1 DAGs
[2023-11-14T21:34:58.804+0000] {logging_mixin.py:154} INFO - [2023-11-14T21:34:58.803+0000] {dag.py:3722} INFO - Setting next_dagrun for example_branch_operator to 2023-11-13T00:00:00+00:00, run_after=2023-11-14T00:00:00+00:00
[2023-11-14T21:34:58.835+0000] {processor.py:179} INFO - Processing /home/airflow/.local/lib/python3.8/site-packages/airflow/example_dags/example_branch_operator.py took 0.127 seconds
[2023-11-14T21:35:29.181+0000] {processor.py:157} INFO - Started process (PID=227) to work on /home/airflow/.local/lib/python3.8/site-packages/airflow/example_dags/example_branch_operator.py
[2023-11-14T21:35:29.184+0000] {processor.py:829} INFO - Processing file /home/airflow/.local/lib/python3.8/site-packages/airflow/example_dags/example_branch_operator.py for tasks to queue
[2023-11-14T21:35:29.189+0000] {logging_mixin.py:154} INFO - [2023-11-14T21:35:29.188+0000] {dagbag.py:536} INFO - Filling up the DagBag from /home/airflow/.local/lib/python3.8/site-packages/airflow/example_dags/example_branch_operator.py
[2023-11-14T21:35:29.210+0000] {processor.py:839} INFO - DAG(s) dict_keys(['example_branch_operator']) retrieved from /home/airflow/.local/lib/python3.8/site-packages/airflow/example_dags/example_branch_operator.py
[2023-11-14T21:35:29.255+0000] {logging_mixin.py:154} INFO - [2023-11-14T21:35:29.254+0000] {dag.py:2941} INFO - Sync 1 DAGs
[2023-11-14T21:35:29.296+0000] {logging_mixin.py:154} INFO - [2023-11-14T21:35:29.295+0000] {dag.py:3722} INFO - Setting next_dagrun for example_branch_operator to 2023-11-13T00:00:00+00:00, run_after=2023-11-14T00:00:00+00:00
[2023-11-14T21:35:29.327+0000] {processor.py:179} INFO - Processing /home/airflow/.local/lib/python3.8/site-packages/airflow/example_dags/example_branch_operator.py took 0.153 seconds
[2023-11-14T21:35:59.590+0000] {processor.py:157} INFO - Started process (PID=281) to work on /home/airflow/.local/lib/python3.8/site-packages/airflow/example_dags/example_branch_operator.py
[2023-11-14T21:35:59.591+0000] {processor.py:829} INFO - Processing file /home/airflow/.local/lib/python3.8/site-packages/airflow/example_dags/example_branch_operator.py for tasks to queue
[2023-11-14T21:35:59.594+0000] {logging_mixin.py:154} INFO - [2023-11-14T21:35:59.594+0000] {dagbag.py:536} INFO - Filling up the DagBag from /home/airflow/.local/lib/python3.8/site-packages/airflow/example_dags/example_branch_operator.py
[2023-11-14T21:35:59.608+0000] {processor.py:839} INFO - DAG(s) dict_keys(['example_branch_operator']) retrieved from /home/airflow/.local/lib/python3.8/site-packages/airflow/example_dags/example_branch_operator.py
[2023-11-14T21:35:59.648+0000] {logging_mixin.py:154} INFO - [2023-11-14T21:35:59.647+0000] {dag.py:2941} INFO - Sync 1 DAGs
[2023-11-14T21:35:59.692+0000] {logging_mixin.py:154} INFO - [2023-11-14T21:35:59.692+0000] {dag.py:3722} INFO - Setting next_dagrun for example_branch_operator to 2023-11-13T00:00:00+00:00, run_after=2023-11-14T00:00:00+00:00
[2023-11-14T21:35:59.736+0000] {processor.py:179} INFO - Processing /home/airflow/.local/lib/python3.8/site-packages/airflow/example_dags/example_branch_operator.py took 0.150 seconds
[2023-11-14T21:36:30.605+0000] {processor.py:157} INFO - Started process (PID=336) to work on /home/airflow/.local/lib/python3.8/site-packages/airflow/example_dags/example_branch_operator.py
[2023-11-14T21:36:30.606+0000] {processor.py:829} INFO - Processing file /home/airflow/.local/lib/python3.8/site-packages/airflow/example_dags/example_branch_operator.py for tasks to queue
[2023-11-14T21:36:30.609+0000] {logging_mixin.py:154} INFO - [2023-11-14T21:36:30.608+0000] {dagbag.py:536} INFO - Filling up the DagBag from /home/airflow/.local/lib/python3.8/site-packages/airflow/example_dags/example_branch_operator.py
[2023-11-14T21:36:30.620+0000] {processor.py:839} INFO - DAG(s) dict_keys(['example_branch_operator']) retrieved from /home/airflow/.local/lib/python3.8/site-packages/airflow/example_dags/example_branch_operator.py
[2023-11-14T21:36:30.647+0000] {logging_mixin.py:154} INFO - [2023-11-14T21:36:30.647+0000] {dag.py:2941} INFO - Sync 1 DAGs
[2023-11-14T21:36:30.676+0000] {logging_mixin.py:154} INFO - [2023-11-14T21:36:30.675+0000] {dag.py:3722} INFO - Setting next_dagrun for example_branch_operator to 2023-11-13T00:00:00+00:00, run_after=2023-11-14T00:00:00+00:00
[2023-11-14T21:36:30.711+0000] {processor.py:179} INFO - Processing /home/airflow/.local/lib/python3.8/site-packages/airflow/example_dags/example_branch_operator.py took 0.111 seconds
[2023-11-14T21:37:01.195+0000] {processor.py:157} INFO - Started process (PID=390) to work on /home/airflow/.local/lib/python3.8/site-packages/airflow/example_dags/example_branch_operator.py
[2023-11-14T21:37:01.197+0000] {processor.py:829} INFO - Processing file /home/airflow/.local/lib/python3.8/site-packages/airflow/example_dags/example_branch_operator.py for tasks to queue
[2023-11-14T21:37:01.199+0000] {logging_mixin.py:154} INFO - [2023-11-14T21:37:01.199+0000] {dagbag.py:536} INFO - Filling up the DagBag from /home/airflow/.local/lib/python3.8/site-packages/airflow/example_dags/example_branch_operator.py
[2023-11-14T21:37:01.211+0000] {processor.py:839} INFO - DAG(s) dict_keys(['example_branch_operator']) retrieved from /home/airflow/.local/lib/python3.8/site-packages/airflow/example_dags/example_branch_operator.py
[2023-11-14T21:37:01.237+0000] {logging_mixin.py:154} INFO - [2023-11-14T21:37:01.237+0000] {dag.py:2941} INFO - Sync 1 DAGs
[2023-11-14T21:37:01.295+0000] {logging_mixin.py:154} INFO - [2023-11-14T21:37:01.295+0000] {dag.py:3722} INFO - Setting next_dagrun for example_branch_operator to 2023-11-13T00:00:00+00:00, run_after=2023-11-14T00:00:00+00:00
[2023-11-14T21:37:01.330+0000] {processor.py:179} INFO - Processing /home/airflow/.local/lib/python3.8/site-packages/airflow/example_dags/example_branch_operator.py took 0.140 seconds
[2023-11-14T21:37:31.918+0000] {processor.py:157} INFO - Started process (PID=444) to work on /home/airflow/.local/lib/python3.8/site-packages/airflow/example_dags/example_branch_operator.py
[2023-11-14T21:37:31.920+0000] {processor.py:829} INFO - Processing file /home/airflow/.local/lib/python3.8/site-packages/airflow/example_dags/example_branch_operator.py for tasks to queue
[2023-11-14T21:37:31.924+0000] {logging_mixin.py:154} INFO - [2023-11-14T21:37:31.923+0000] {dagbag.py:536} INFO - Filling up the DagBag from /home/airflow/.local/lib/python3.8/site-packages/airflow/example_dags/example_branch_operator.py
[2023-11-14T21:37:31.939+0000] {processor.py:839} INFO - DAG(s) dict_keys(['example_branch_operator']) retrieved from /home/airflow/.local/lib/python3.8/site-packages/airflow/example_dags/example_branch_operator.py
[2023-11-14T21:37:31.968+0000] {logging_mixin.py:154} INFO - [2023-11-14T21:37:31.968+0000] {dag.py:2941} INFO - Sync 1 DAGs
[2023-11-14T21:37:31.997+0000] {logging_mixin.py:154} INFO - [2023-11-14T21:37:31.997+0000] {dag.py:3722} INFO - Setting next_dagrun for example_branch_operator to 2023-11-13T00:00:00+00:00, run_after=2023-11-14T00:00:00+00:00
[2023-11-14T21:37:32.032+0000] {processor.py:179} INFO - Processing /home/airflow/.local/lib/python3.8/site-packages/airflow/example_dags/example_branch_operator.py took 0.118 seconds
[2023-11-14T21:38:02.076+0000] {processor.py:157} INFO - Started process (PID=497) to work on /home/airflow/.local/lib/python3.8/site-packages/airflow/example_dags/example_branch_operator.py
[2023-11-14T21:38:02.087+0000] {processor.py:829} INFO - Processing file /home/airflow/.local/lib/python3.8/site-packages/airflow/example_dags/example_branch_operator.py for tasks to queue
[2023-11-14T21:38:02.089+0000] {logging_mixin.py:154} INFO - [2023-11-14T21:38:02.089+0000] {dagbag.py:536} INFO - Filling up the DagBag from /home/airflow/.local/lib/python3.8/site-packages/airflow/example_dags/example_branch_operator.py
[2023-11-14T21:38:02.105+0000] {processor.py:839} INFO - DAG(s) dict_keys(['example_branch_operator']) retrieved from /home/airflow/.local/lib/python3.8/site-packages/airflow/example_dags/example_branch_operator.py
[2023-11-14T21:38:02.135+0000] {logging_mixin.py:154} INFO - [2023-11-14T21:38:02.135+0000] {dag.py:2941} INFO - Sync 1 DAGs
[2023-11-14T21:38:02.164+0000] {logging_mixin.py:154} INFO - [2023-11-14T21:38:02.164+0000] {dag.py:3722} INFO - Setting next_dagrun for example_branch_operator to 2023-11-13T00:00:00+00:00, run_after=2023-11-14T00:00:00+00:00
[2023-11-14T21:38:02.187+0000] {processor.py:179} INFO - Processing /home/airflow/.local/lib/python3.8/site-packages/airflow/example_dags/example_branch_operator.py took 0.116 seconds
[2023-11-14T21:38:32.486+0000] {processor.py:157} INFO - Started process (PID=562) to work on /home/airflow/.local/lib/python3.8/site-packages/airflow/example_dags/example_branch_operator.py
[2023-11-14T21:38:32.489+0000] {processor.py:829} INFO - Processing file /home/airflow/.local/lib/python3.8/site-packages/airflow/example_dags/example_branch_operator.py for tasks to queue
[2023-11-14T21:38:32.494+0000] {logging_mixin.py:154} INFO - [2023-11-14T21:38:32.494+0000] {dagbag.py:536} INFO - Filling up the DagBag from /home/airflow/.local/lib/python3.8/site-packages/airflow/example_dags/example_branch_operator.py
[2023-11-14T21:38:32.513+0000] {processor.py:839} INFO - DAG(s) dict_keys(['example_branch_operator']) retrieved from /home/airflow/.local/lib/python3.8/site-packages/airflow/example_dags/example_branch_operator.py
[2023-11-14T21:38:32.542+0000] {logging_mixin.py:154} INFO - [2023-11-14T21:38:32.541+0000] {dag.py:2941} INFO - Sync 1 DAGs
[2023-11-14T21:38:32.570+0000] {logging_mixin.py:154} INFO - [2023-11-14T21:38:32.569+0000] {dag.py:3722} INFO - Setting next_dagrun for example_branch_operator to 2023-11-13T00:00:00+00:00, run_after=2023-11-14T00:00:00+00:00
[2023-11-14T21:38:32.591+0000] {processor.py:179} INFO - Processing /home/airflow/.local/lib/python3.8/site-packages/airflow/example_dags/example_branch_operator.py took 0.115 seconds
[2023-11-14T21:39:02.745+0000] {processor.py:157} INFO - Started process (PID=616) to work on /home/airflow/.local/lib/python3.8/site-packages/airflow/example_dags/example_branch_operator.py
[2023-11-14T21:39:02.747+0000] {processor.py:829} INFO - Processing file /home/airflow/.local/lib/python3.8/site-packages/airflow/example_dags/example_branch_operator.py for tasks to queue
[2023-11-14T21:39:02.751+0000] {logging_mixin.py:154} INFO - [2023-11-14T21:39:02.750+0000] {dagbag.py:536} INFO - Filling up the DagBag from /home/airflow/.local/lib/python3.8/site-packages/airflow/example_dags/example_branch_operator.py
[2023-11-14T21:39:02.764+0000] {processor.py:839} INFO - DAG(s) dict_keys(['example_branch_operator']) retrieved from /home/airflow/.local/lib/python3.8/site-packages/airflow/example_dags/example_branch_operator.py
[2023-11-14T21:39:02.793+0000] {logging_mixin.py:154} INFO - [2023-11-14T21:39:02.792+0000] {dag.py:2941} INFO - Sync 1 DAGs
[2023-11-14T21:39:02.821+0000] {logging_mixin.py:154} INFO - [2023-11-14T21:39:02.821+0000] {dag.py:3722} INFO - Setting next_dagrun for example_branch_operator to 2023-11-13T00:00:00+00:00, run_after=2023-11-14T00:00:00+00:00
[2023-11-14T21:39:02.856+0000] {processor.py:179} INFO - Processing /home/airflow/.local/lib/python3.8/site-packages/airflow/example_dags/example_branch_operator.py took 0.120 seconds
[2023-11-14T21:39:33.514+0000] {processor.py:157} INFO - Started process (PID=670) to work on /home/airflow/.local/lib/python3.8/site-packages/airflow/example_dags/example_branch_operator.py
[2023-11-14T21:39:33.518+0000] {processor.py:829} INFO - Processing file /home/airflow/.local/lib/python3.8/site-packages/airflow/example_dags/example_branch_operator.py for tasks to queue
[2023-11-14T21:39:33.521+0000] {logging_mixin.py:154} INFO - [2023-11-14T21:39:33.520+0000] {dagbag.py:536} INFO - Filling up the DagBag from /home/airflow/.local/lib/python3.8/site-packages/airflow/example_dags/example_branch_operator.py
[2023-11-14T21:39:33.533+0000] {processor.py:839} INFO - DAG(s) dict_keys(['example_branch_operator']) retrieved from /home/airflow/.local/lib/python3.8/site-packages/airflow/example_dags/example_branch_operator.py
[2023-11-14T21:39:33.565+0000] {logging_mixin.py:154} INFO - [2023-11-14T21:39:33.565+0000] {dag.py:2941} INFO - Sync 1 DAGs
[2023-11-14T21:39:33.600+0000] {logging_mixin.py:154} INFO - [2023-11-14T21:39:33.600+0000] {dag.py:3722} INFO - Setting next_dagrun for example_branch_operator to 2023-11-13T00:00:00+00:00, run_after=2023-11-14T00:00:00+00:00
[2023-11-14T21:39:33.642+0000] {processor.py:179} INFO - Processing /home/airflow/.local/lib/python3.8/site-packages/airflow/example_dags/example_branch_operator.py took 0.133 seconds
[2023-11-14T21:40:04.014+0000] {processor.py:157} INFO - Started process (PID=725) to work on /home/airflow/.local/lib/python3.8/site-packages/airflow/example_dags/example_branch_operator.py
[2023-11-14T21:40:04.017+0000] {processor.py:829} INFO - Processing file /home/airflow/.local/lib/python3.8/site-packages/airflow/example_dags/example_branch_operator.py for tasks to queue
[2023-11-14T21:40:04.019+0000] {logging_mixin.py:154} INFO - [2023-11-14T21:40:04.019+0000] {dagbag.py:536} INFO - Filling up the DagBag from /home/airflow/.local/lib/python3.8/site-packages/airflow/example_dags/example_branch_operator.py
[2023-11-14T21:40:04.031+0000] {processor.py:839} INFO - DAG(s) dict_keys(['example_branch_operator']) retrieved from /home/airflow/.local/lib/python3.8/site-packages/airflow/example_dags/example_branch_operator.py
[2023-11-14T21:40:04.062+0000] {logging_mixin.py:154} INFO - [2023-11-14T21:40:04.062+0000] {dag.py:2941} INFO - Sync 1 DAGs
[2023-11-14T21:40:04.096+0000] {logging_mixin.py:154} INFO - [2023-11-14T21:40:04.096+0000] {dag.py:3722} INFO - Setting next_dagrun for example_branch_operator to 2023-11-13T00:00:00+00:00, run_after=2023-11-14T00:00:00+00:00
[2023-11-14T21:40:04.129+0000] {processor.py:179} INFO - Processing /home/airflow/.local/lib/python3.8/site-packages/airflow/example_dags/example_branch_operator.py took 0.121 seconds
[2023-11-14T21:40:34.294+0000] {processor.py:157} INFO - Started process (PID=780) to work on /home/airflow/.local/lib/python3.8/site-packages/airflow/example_dags/example_branch_operator.py
[2023-11-14T21:40:34.297+0000] {processor.py:829} INFO - Processing file /home/airflow/.local/lib/python3.8/site-packages/airflow/example_dags/example_branch_operator.py for tasks to queue
[2023-11-14T21:40:34.302+0000] {logging_mixin.py:154} INFO - [2023-11-14T21:40:34.302+0000] {dagbag.py:536} INFO - Filling up the DagBag from /home/airflow/.local/lib/python3.8/site-packages/airflow/example_dags/example_branch_operator.py
[2023-11-14T21:40:34.320+0000] {processor.py:839} INFO - DAG(s) dict_keys(['example_branch_operator']) retrieved from /home/airflow/.local/lib/python3.8/site-packages/airflow/example_dags/example_branch_operator.py
[2023-11-14T21:40:34.349+0000] {logging_mixin.py:154} INFO - [2023-11-14T21:40:34.349+0000] {dag.py:2941} INFO - Sync 1 DAGs
[2023-11-14T21:40:34.380+0000] {logging_mixin.py:154} INFO - [2023-11-14T21:40:34.380+0000] {dag.py:3722} INFO - Setting next_dagrun for example_branch_operator to 2023-11-13T00:00:00+00:00, run_after=2023-11-14T00:00:00+00:00
[2023-11-14T21:40:34.425+0000] {processor.py:179} INFO - Processing /home/airflow/.local/lib/python3.8/site-packages/airflow/example_dags/example_branch_operator.py took 0.140 seconds
[2023-11-14T21:41:04.659+0000] {processor.py:157} INFO - Started process (PID=835) to work on /home/airflow/.local/lib/python3.8/site-packages/airflow/example_dags/example_branch_operator.py
[2023-11-14T21:41:04.661+0000] {processor.py:829} INFO - Processing file /home/airflow/.local/lib/python3.8/site-packages/airflow/example_dags/example_branch_operator.py for tasks to queue
[2023-11-14T21:41:04.663+0000] {logging_mixin.py:154} INFO - [2023-11-14T21:41:04.663+0000] {dagbag.py:536} INFO - Filling up the DagBag from /home/airflow/.local/lib/python3.8/site-packages/airflow/example_dags/example_branch_operator.py
[2023-11-14T21:41:04.674+0000] {processor.py:839} INFO - DAG(s) dict_keys(['example_branch_operator']) retrieved from /home/airflow/.local/lib/python3.8/site-packages/airflow/example_dags/example_branch_operator.py
[2023-11-14T21:41:04.708+0000] {logging_mixin.py:154} INFO - [2023-11-14T21:41:04.708+0000] {dag.py:2941} INFO - Sync 1 DAGs
[2023-11-14T21:41:04.738+0000] {logging_mixin.py:154} INFO - [2023-11-14T21:41:04.737+0000] {dag.py:3722} INFO - Setting next_dagrun for example_branch_operator to 2023-11-13T00:00:00+00:00, run_after=2023-11-14T00:00:00+00:00
[2023-11-14T21:41:04.763+0000] {processor.py:179} INFO - Processing /home/airflow/.local/lib/python3.8/site-packages/airflow/example_dags/example_branch_operator.py took 0.108 seconds
[2023-11-14T21:41:35.427+0000] {processor.py:157} INFO - Started process (PID=889) to work on /home/airflow/.local/lib/python3.8/site-packages/airflow/example_dags/example_branch_operator.py
[2023-11-14T21:41:35.429+0000] {processor.py:829} INFO - Processing file /home/airflow/.local/lib/python3.8/site-packages/airflow/example_dags/example_branch_operator.py for tasks to queue
[2023-11-14T21:41:35.433+0000] {logging_mixin.py:154} INFO - [2023-11-14T21:41:35.433+0000] {dagbag.py:536} INFO - Filling up the DagBag from /home/airflow/.local/lib/python3.8/site-packages/airflow/example_dags/example_branch_operator.py
[2023-11-14T21:41:35.467+0000] {processor.py:839} INFO - DAG(s) dict_keys(['example_branch_operator']) retrieved from /home/airflow/.local/lib/python3.8/site-packages/airflow/example_dags/example_branch_operator.py
[2023-11-14T21:41:35.570+0000] {logging_mixin.py:154} INFO - [2023-11-14T21:41:35.570+0000] {dag.py:2941} INFO - Sync 1 DAGs
[2023-11-14T21:41:35.629+0000] {logging_mixin.py:154} INFO - [2023-11-14T21:41:35.629+0000] {dag.py:3722} INFO - Setting next_dagrun for example_branch_operator to 2023-11-13T00:00:00+00:00, run_after=2023-11-14T00:00:00+00:00
[2023-11-14T21:41:35.662+0000] {processor.py:179} INFO - Processing /home/airflow/.local/lib/python3.8/site-packages/airflow/example_dags/example_branch_operator.py took 0.245 seconds
[2023-11-14T21:42:06.693+0000] {processor.py:157} INFO - Started process (PID=950) to work on /home/airflow/.local/lib/python3.8/site-packages/airflow/example_dags/example_branch_operator.py
[2023-11-14T21:42:06.695+0000] {processor.py:829} INFO - Processing file /home/airflow/.local/lib/python3.8/site-packages/airflow/example_dags/example_branch_operator.py for tasks to queue
[2023-11-14T21:42:06.697+0000] {logging_mixin.py:154} INFO - [2023-11-14T21:42:06.697+0000] {dagbag.py:536} INFO - Filling up the DagBag from /home/airflow/.local/lib/python3.8/site-packages/airflow/example_dags/example_branch_operator.py
[2023-11-14T21:42:06.709+0000] {processor.py:839} INFO - DAG(s) dict_keys(['example_branch_operator']) retrieved from /home/airflow/.local/lib/python3.8/site-packages/airflow/example_dags/example_branch_operator.py
[2023-11-14T21:42:06.738+0000] {logging_mixin.py:154} INFO - [2023-11-14T21:42:06.738+0000] {dag.py:2941} INFO - Sync 1 DAGs
[2023-11-14T21:42:06.768+0000] {logging_mixin.py:154} INFO - [2023-11-14T21:42:06.768+0000] {dag.py:3722} INFO - Setting next_dagrun for example_branch_operator to 2023-11-13T00:00:00+00:00, run_after=2023-11-14T00:00:00+00:00
[2023-11-14T21:42:06.791+0000] {processor.py:179} INFO - Processing /home/airflow/.local/lib/python3.8/site-packages/airflow/example_dags/example_branch_operator.py took 0.103 seconds
[2023-11-14T21:42:37.604+0000] {processor.py:157} INFO - Started process (PID=1005) to work on /home/airflow/.local/lib/python3.8/site-packages/airflow/example_dags/example_branch_operator.py
[2023-11-14T21:42:37.605+0000] {processor.py:829} INFO - Processing file /home/airflow/.local/lib/python3.8/site-packages/airflow/example_dags/example_branch_operator.py for tasks to queue
[2023-11-14T21:42:37.608+0000] {logging_mixin.py:154} INFO - [2023-11-14T21:42:37.608+0000] {dagbag.py:536} INFO - Filling up the DagBag from /home/airflow/.local/lib/python3.8/site-packages/airflow/example_dags/example_branch_operator.py
[2023-11-14T21:42:37.620+0000] {processor.py:839} INFO - DAG(s) dict_keys(['example_branch_operator']) retrieved from /home/airflow/.local/lib/python3.8/site-packages/airflow/example_dags/example_branch_operator.py
[2023-11-14T21:42:37.648+0000] {logging_mixin.py:154} INFO - [2023-11-14T21:42:37.647+0000] {dag.py:2941} INFO - Sync 1 DAGs
[2023-11-14T21:42:37.677+0000] {logging_mixin.py:154} INFO - [2023-11-14T21:42:37.677+0000] {dag.py:3722} INFO - Setting next_dagrun for example_branch_operator to 2023-11-13T00:00:00+00:00, run_after=2023-11-14T00:00:00+00:00
[2023-11-14T21:42:37.710+0000] {processor.py:179} INFO - Processing /home/airflow/.local/lib/python3.8/site-packages/airflow/example_dags/example_branch_operator.py took 0.113 seconds
[2023-11-14T21:43:08.013+0000] {processor.py:157} INFO - Started process (PID=1059) to work on /home/airflow/.local/lib/python3.8/site-packages/airflow/example_dags/example_branch_operator.py
[2023-11-14T21:43:08.015+0000] {processor.py:829} INFO - Processing file /home/airflow/.local/lib/python3.8/site-packages/airflow/example_dags/example_branch_operator.py for tasks to queue
[2023-11-14T21:43:08.017+0000] {logging_mixin.py:154} INFO - [2023-11-14T21:43:08.017+0000] {dagbag.py:536} INFO - Filling up the DagBag from /home/airflow/.local/lib/python3.8/site-packages/airflow/example_dags/example_branch_operator.py
[2023-11-14T21:43:08.029+0000] {processor.py:839} INFO - DAG(s) dict_keys(['example_branch_operator']) retrieved from /home/airflow/.local/lib/python3.8/site-packages/airflow/example_dags/example_branch_operator.py
[2023-11-14T21:43:08.058+0000] {logging_mixin.py:154} INFO - [2023-11-14T21:43:08.057+0000] {dag.py:2941} INFO - Sync 1 DAGs
[2023-11-14T21:43:08.092+0000] {logging_mixin.py:154} INFO - [2023-11-14T21:43:08.092+0000] {dag.py:3722} INFO - Setting next_dagrun for example_branch_operator to 2023-11-13T00:00:00+00:00, run_after=2023-11-14T00:00:00+00:00
[2023-11-14T21:43:08.118+0000] {processor.py:179} INFO - Processing /home/airflow/.local/lib/python3.8/site-packages/airflow/example_dags/example_branch_operator.py took 0.109 seconds
[2023-11-14T21:43:38.412+0000] {processor.py:157} INFO - Started process (PID=1113) to work on /home/airflow/.local/lib/python3.8/site-packages/airflow/example_dags/example_branch_operator.py
[2023-11-14T21:43:38.414+0000] {processor.py:829} INFO - Processing file /home/airflow/.local/lib/python3.8/site-packages/airflow/example_dags/example_branch_operator.py for tasks to queue
[2023-11-14T21:43:38.417+0000] {logging_mixin.py:154} INFO - [2023-11-14T21:43:38.417+0000] {dagbag.py:536} INFO - Filling up the DagBag from /home/airflow/.local/lib/python3.8/site-packages/airflow/example_dags/example_branch_operator.py
[2023-11-14T21:43:38.430+0000] {processor.py:839} INFO - DAG(s) dict_keys(['example_branch_operator']) retrieved from /home/airflow/.local/lib/python3.8/site-packages/airflow/example_dags/example_branch_operator.py
[2023-11-14T21:43:38.462+0000] {logging_mixin.py:154} INFO - [2023-11-14T21:43:38.462+0000] {dag.py:2941} INFO - Sync 1 DAGs
[2023-11-14T21:43:38.498+0000] {logging_mixin.py:154} INFO - [2023-11-14T21:43:38.498+0000] {dag.py:3722} INFO - Setting next_dagrun for example_branch_operator to 2023-11-13T00:00:00+00:00, run_after=2023-11-14T00:00:00+00:00
[2023-11-14T21:43:38.545+0000] {processor.py:179} INFO - Processing /home/airflow/.local/lib/python3.8/site-packages/airflow/example_dags/example_branch_operator.py took 0.140 seconds
[2023-11-14T21:44:08.714+0000] {processor.py:157} INFO - Started process (PID=1167) to work on /home/airflow/.local/lib/python3.8/site-packages/airflow/example_dags/example_branch_operator.py
[2023-11-14T21:44:08.717+0000] {processor.py:829} INFO - Processing file /home/airflow/.local/lib/python3.8/site-packages/airflow/example_dags/example_branch_operator.py for tasks to queue
[2023-11-14T21:44:08.725+0000] {logging_mixin.py:154} INFO - [2023-11-14T21:44:08.724+0000] {dagbag.py:536} INFO - Filling up the DagBag from /home/airflow/.local/lib/python3.8/site-packages/airflow/example_dags/example_branch_operator.py
[2023-11-14T21:44:08.756+0000] {processor.py:839} INFO - DAG(s) dict_keys(['example_branch_operator']) retrieved from /home/airflow/.local/lib/python3.8/site-packages/airflow/example_dags/example_branch_operator.py
[2023-11-14T21:44:08.831+0000] {logging_mixin.py:154} INFO - [2023-11-14T21:44:08.830+0000] {dag.py:2941} INFO - Sync 1 DAGs
[2023-11-14T21:44:08.875+0000] {logging_mixin.py:154} INFO - [2023-11-14T21:44:08.875+0000] {dag.py:3722} INFO - Setting next_dagrun for example_branch_operator to 2023-11-13T00:00:00+00:00, run_after=2023-11-14T00:00:00+00:00
[2023-11-14T21:44:09.073+0000] {processor.py:179} INFO - Processing /home/airflow/.local/lib/python3.8/site-packages/airflow/example_dags/example_branch_operator.py took 0.369 seconds
[2023-11-14T21:44:39.633+0000] {processor.py:157} INFO - Started process (PID=1221) to work on /home/airflow/.local/lib/python3.8/site-packages/airflow/example_dags/example_branch_operator.py
[2023-11-14T21:44:39.640+0000] {processor.py:829} INFO - Processing file /home/airflow/.local/lib/python3.8/site-packages/airflow/example_dags/example_branch_operator.py for tasks to queue
[2023-11-14T21:44:39.644+0000] {logging_mixin.py:154} INFO - [2023-11-14T21:44:39.643+0000] {dagbag.py:536} INFO - Filling up the DagBag from /home/airflow/.local/lib/python3.8/site-packages/airflow/example_dags/example_branch_operator.py
[2023-11-14T21:44:39.654+0000] {processor.py:839} INFO - DAG(s) dict_keys(['example_branch_operator']) retrieved from /home/airflow/.local/lib/python3.8/site-packages/airflow/example_dags/example_branch_operator.py
[2023-11-14T21:44:39.682+0000] {logging_mixin.py:154} INFO - [2023-11-14T21:44:39.682+0000] {dag.py:2941} INFO - Sync 1 DAGs
[2023-11-14T21:44:39.714+0000] {logging_mixin.py:154} INFO - [2023-11-14T21:44:39.713+0000] {dag.py:3722} INFO - Setting next_dagrun for example_branch_operator to 2023-11-13T00:00:00+00:00, run_after=2023-11-14T00:00:00+00:00
[2023-11-14T21:44:39.738+0000] {processor.py:179} INFO - Processing /home/airflow/.local/lib/python3.8/site-packages/airflow/example_dags/example_branch_operator.py took 0.109 seconds
[2023-11-14T21:45:10.184+0000] {processor.py:157} INFO - Started process (PID=1275) to work on /home/airflow/.local/lib/python3.8/site-packages/airflow/example_dags/example_branch_operator.py
[2023-11-14T21:45:10.185+0000] {processor.py:829} INFO - Processing file /home/airflow/.local/lib/python3.8/site-packages/airflow/example_dags/example_branch_operator.py for tasks to queue
[2023-11-14T21:45:10.189+0000] {logging_mixin.py:154} INFO - [2023-11-14T21:45:10.188+0000] {dagbag.py:536} INFO - Filling up the DagBag from /home/airflow/.local/lib/python3.8/site-packages/airflow/example_dags/example_branch_operator.py
[2023-11-14T21:45:10.201+0000] {processor.py:839} INFO - DAG(s) dict_keys(['example_branch_operator']) retrieved from /home/airflow/.local/lib/python3.8/site-packages/airflow/example_dags/example_branch_operator.py
[2023-11-14T21:45:10.229+0000] {logging_mixin.py:154} INFO - [2023-11-14T21:45:10.229+0000] {dag.py:2941} INFO - Sync 1 DAGs
[2023-11-14T21:45:10.259+0000] {logging_mixin.py:154} INFO - [2023-11-14T21:45:10.258+0000] {dag.py:3722} INFO - Setting next_dagrun for example_branch_operator to 2023-11-13T00:00:00+00:00, run_after=2023-11-14T00:00:00+00:00
[2023-11-14T21:45:10.287+0000] {processor.py:179} INFO - Processing /home/airflow/.local/lib/python3.8/site-packages/airflow/example_dags/example_branch_operator.py took 0.111 seconds
[2023-11-14T21:45:40.790+0000] {processor.py:157} INFO - Started process (PID=1329) to work on /home/airflow/.local/lib/python3.8/site-packages/airflow/example_dags/example_branch_operator.py
[2023-11-14T21:45:40.792+0000] {processor.py:829} INFO - Processing file /home/airflow/.local/lib/python3.8/site-packages/airflow/example_dags/example_branch_operator.py for tasks to queue
[2023-11-14T21:45:40.796+0000] {logging_mixin.py:154} INFO - [2023-11-14T21:45:40.796+0000] {dagbag.py:536} INFO - Filling up the DagBag from /home/airflow/.local/lib/python3.8/site-packages/airflow/example_dags/example_branch_operator.py
[2023-11-14T21:45:40.811+0000] {processor.py:839} INFO - DAG(s) dict_keys(['example_branch_operator']) retrieved from /home/airflow/.local/lib/python3.8/site-packages/airflow/example_dags/example_branch_operator.py
[2023-11-14T21:45:40.849+0000] {logging_mixin.py:154} INFO - [2023-11-14T21:45:40.848+0000] {dag.py:2941} INFO - Sync 1 DAGs
[2023-11-14T21:45:40.886+0000] {logging_mixin.py:154} INFO - [2023-11-14T21:45:40.886+0000] {dag.py:3722} INFO - Setting next_dagrun for example_branch_operator to 2023-11-13T00:00:00+00:00, run_after=2023-11-14T00:00:00+00:00
[2023-11-14T21:45:41.078+0000] {processor.py:179} INFO - Processing /home/airflow/.local/lib/python3.8/site-packages/airflow/example_dags/example_branch_operator.py took 0.295 seconds
[2023-11-14T21:46:11.169+0000] {processor.py:157} INFO - Started process (PID=1383) to work on /home/airflow/.local/lib/python3.8/site-packages/airflow/example_dags/example_branch_operator.py
[2023-11-14T21:46:11.170+0000] {processor.py:829} INFO - Processing file /home/airflow/.local/lib/python3.8/site-packages/airflow/example_dags/example_branch_operator.py for tasks to queue
[2023-11-14T21:46:11.172+0000] {logging_mixin.py:154} INFO - [2023-11-14T21:46:11.172+0000] {dagbag.py:536} INFO - Filling up the DagBag from /home/airflow/.local/lib/python3.8/site-packages/airflow/example_dags/example_branch_operator.py
[2023-11-14T21:46:11.183+0000] {processor.py:839} INFO - DAG(s) dict_keys(['example_branch_operator']) retrieved from /home/airflow/.local/lib/python3.8/site-packages/airflow/example_dags/example_branch_operator.py
[2023-11-14T21:46:11.210+0000] {logging_mixin.py:154} INFO - [2023-11-14T21:46:11.210+0000] {dag.py:2941} INFO - Sync 1 DAGs
[2023-11-14T21:46:11.239+0000] {logging_mixin.py:154} INFO - [2023-11-14T21:46:11.239+0000] {dag.py:3722} INFO - Setting next_dagrun for example_branch_operator to 2023-11-13T00:00:00+00:00, run_after=2023-11-14T00:00:00+00:00
[2023-11-14T21:46:11.265+0000] {processor.py:179} INFO - Processing /home/airflow/.local/lib/python3.8/site-packages/airflow/example_dags/example_branch_operator.py took 0.100 seconds
[2023-11-14T21:46:41.392+0000] {processor.py:157} INFO - Started process (PID=1437) to work on /home/airflow/.local/lib/python3.8/site-packages/airflow/example_dags/example_branch_operator.py
[2023-11-14T21:46:41.393+0000] {processor.py:829} INFO - Processing file /home/airflow/.local/lib/python3.8/site-packages/airflow/example_dags/example_branch_operator.py for tasks to queue
[2023-11-14T21:46:41.396+0000] {logging_mixin.py:154} INFO - [2023-11-14T21:46:41.395+0000] {dagbag.py:536} INFO - Filling up the DagBag from /home/airflow/.local/lib/python3.8/site-packages/airflow/example_dags/example_branch_operator.py
[2023-11-14T21:46:41.407+0000] {processor.py:839} INFO - DAG(s) dict_keys(['example_branch_operator']) retrieved from /home/airflow/.local/lib/python3.8/site-packages/airflow/example_dags/example_branch_operator.py
[2023-11-14T21:46:41.435+0000] {logging_mixin.py:154} INFO - [2023-11-14T21:46:41.435+0000] {dag.py:2941} INFO - Sync 1 DAGs
[2023-11-14T21:46:41.614+0000] {logging_mixin.py:154} INFO - [2023-11-14T21:46:41.614+0000] {dag.py:3722} INFO - Setting next_dagrun for example_branch_operator to 2023-11-13T00:00:00+00:00, run_after=2023-11-14T00:00:00+00:00
[2023-11-14T21:46:41.651+0000] {processor.py:179} INFO - Processing /home/airflow/.local/lib/python3.8/site-packages/airflow/example_dags/example_branch_operator.py took 0.263 seconds
[2023-11-14T21:47:12.253+0000] {processor.py:157} INFO - Started process (PID=1491) to work on /home/airflow/.local/lib/python3.8/site-packages/airflow/example_dags/example_branch_operator.py
[2023-11-14T21:47:12.255+0000] {processor.py:829} INFO - Processing file /home/airflow/.local/lib/python3.8/site-packages/airflow/example_dags/example_branch_operator.py for tasks to queue
[2023-11-14T21:47:12.258+0000] {logging_mixin.py:154} INFO - [2023-11-14T21:47:12.258+0000] {dagbag.py:536} INFO - Filling up the DagBag from /home/airflow/.local/lib/python3.8/site-packages/airflow/example_dags/example_branch_operator.py
[2023-11-14T21:47:12.271+0000] {processor.py:839} INFO - DAG(s) dict_keys(['example_branch_operator']) retrieved from /home/airflow/.local/lib/python3.8/site-packages/airflow/example_dags/example_branch_operator.py
[2023-11-14T21:47:12.310+0000] {logging_mixin.py:154} INFO - [2023-11-14T21:47:12.310+0000] {dag.py:2941} INFO - Sync 1 DAGs
[2023-11-14T21:47:12.345+0000] {logging_mixin.py:154} INFO - [2023-11-14T21:47:12.345+0000] {dag.py:3722} INFO - Setting next_dagrun for example_branch_operator to 2023-11-13T00:00:00+00:00, run_after=2023-11-14T00:00:00+00:00
[2023-11-14T21:47:12.648+0000] {processor.py:179} INFO - Processing /home/airflow/.local/lib/python3.8/site-packages/airflow/example_dags/example_branch_operator.py took 0.403 seconds
[2023-11-14T21:47:42.794+0000] {processor.py:157} INFO - Started process (PID=1546) to work on /home/airflow/.local/lib/python3.8/site-packages/airflow/example_dags/example_branch_operator.py
[2023-11-14T21:47:42.795+0000] {processor.py:829} INFO - Processing file /home/airflow/.local/lib/python3.8/site-packages/airflow/example_dags/example_branch_operator.py for tasks to queue
[2023-11-14T21:47:42.798+0000] {logging_mixin.py:154} INFO - [2023-11-14T21:47:42.797+0000] {dagbag.py:536} INFO - Filling up the DagBag from /home/airflow/.local/lib/python3.8/site-packages/airflow/example_dags/example_branch_operator.py
[2023-11-14T21:47:42.811+0000] {processor.py:839} INFO - DAG(s) dict_keys(['example_branch_operator']) retrieved from /home/airflow/.local/lib/python3.8/site-packages/airflow/example_dags/example_branch_operator.py
[2023-11-14T21:47:42.854+0000] {logging_mixin.py:154} INFO - [2023-11-14T21:47:42.854+0000] {dag.py:2941} INFO - Sync 1 DAGs
[2023-11-14T21:47:42.890+0000] {logging_mixin.py:154} INFO - [2023-11-14T21:47:42.890+0000] {dag.py:3722} INFO - Setting next_dagrun for example_branch_operator to 2023-11-13T00:00:00+00:00, run_after=2023-11-14T00:00:00+00:00
[2023-11-14T21:47:42.919+0000] {processor.py:179} INFO - Processing /home/airflow/.local/lib/python3.8/site-packages/airflow/example_dags/example_branch_operator.py took 0.130 seconds
[2023-11-14T21:48:14.395+0000] {processor.py:157} INFO - Started process (PID=1600) to work on /home/airflow/.local/lib/python3.8/site-packages/airflow/example_dags/example_branch_operator.py
[2023-11-14T21:48:14.396+0000] {processor.py:829} INFO - Processing file /home/airflow/.local/lib/python3.8/site-packages/airflow/example_dags/example_branch_operator.py for tasks to queue
[2023-11-14T21:48:14.400+0000] {logging_mixin.py:154} INFO - [2023-11-14T21:48:14.399+0000] {dagbag.py:536} INFO - Filling up the DagBag from /home/airflow/.local/lib/python3.8/site-packages/airflow/example_dags/example_branch_operator.py
[2023-11-14T21:48:14.413+0000] {processor.py:839} INFO - DAG(s) dict_keys(['example_branch_operator']) retrieved from /home/airflow/.local/lib/python3.8/site-packages/airflow/example_dags/example_branch_operator.py
[2023-11-14T21:48:14.447+0000] {logging_mixin.py:154} INFO - [2023-11-14T21:48:14.446+0000] {dag.py:2941} INFO - Sync 1 DAGs
[2023-11-14T21:48:14.659+0000] {logging_mixin.py:154} INFO - [2023-11-14T21:48:14.659+0000] {dag.py:3722} INFO - Setting next_dagrun for example_branch_operator to 2023-11-13T00:00:00+00:00, run_after=2023-11-14T00:00:00+00:00
[2023-11-14T21:48:14.712+0000] {processor.py:179} INFO - Processing /home/airflow/.local/lib/python3.8/site-packages/airflow/example_dags/example_branch_operator.py took 0.321 seconds
[2023-11-14T21:48:45.407+0000] {processor.py:157} INFO - Started process (PID=1654) to work on /home/airflow/.local/lib/python3.8/site-packages/airflow/example_dags/example_branch_operator.py
[2023-11-14T21:48:45.411+0000] {processor.py:829} INFO - Processing file /home/airflow/.local/lib/python3.8/site-packages/airflow/example_dags/example_branch_operator.py for tasks to queue
[2023-11-14T21:48:45.414+0000] {logging_mixin.py:154} INFO - [2023-11-14T21:48:45.414+0000] {dagbag.py:536} INFO - Filling up the DagBag from /home/airflow/.local/lib/python3.8/site-packages/airflow/example_dags/example_branch_operator.py
[2023-11-14T21:48:45.426+0000] {processor.py:839} INFO - DAG(s) dict_keys(['example_branch_operator']) retrieved from /home/airflow/.local/lib/python3.8/site-packages/airflow/example_dags/example_branch_operator.py
[2023-11-14T21:48:45.457+0000] {logging_mixin.py:154} INFO - [2023-11-14T21:48:45.456+0000] {dag.py:2941} INFO - Sync 1 DAGs
[2023-11-14T21:48:45.484+0000] {logging_mixin.py:154} INFO - [2023-11-14T21:48:45.484+0000] {dag.py:3722} INFO - Setting next_dagrun for example_branch_operator to 2023-11-13T00:00:00+00:00, run_after=2023-11-14T00:00:00+00:00
[2023-11-14T21:48:45.544+0000] {processor.py:179} INFO - Processing /home/airflow/.local/lib/python3.8/site-packages/airflow/example_dags/example_branch_operator.py took 0.142 seconds
[2023-11-14T21:49:15.709+0000] {processor.py:157} INFO - Started process (PID=1708) to work on /home/airflow/.local/lib/python3.8/site-packages/airflow/example_dags/example_branch_operator.py
[2023-11-14T21:49:15.710+0000] {processor.py:829} INFO - Processing file /home/airflow/.local/lib/python3.8/site-packages/airflow/example_dags/example_branch_operator.py for tasks to queue
[2023-11-14T21:49:15.713+0000] {logging_mixin.py:154} INFO - [2023-11-14T21:49:15.712+0000] {dagbag.py:536} INFO - Filling up the DagBag from /home/airflow/.local/lib/python3.8/site-packages/airflow/example_dags/example_branch_operator.py
[2023-11-14T21:49:15.727+0000] {processor.py:839} INFO - DAG(s) dict_keys(['example_branch_operator']) retrieved from /home/airflow/.local/lib/python3.8/site-packages/airflow/example_dags/example_branch_operator.py
[2023-11-14T21:49:15.965+0000] {logging_mixin.py:154} INFO - [2023-11-14T21:49:15.965+0000] {dag.py:2941} INFO - Sync 1 DAGs
[2023-11-14T21:49:15.995+0000] {logging_mixin.py:154} INFO - [2023-11-14T21:49:15.995+0000] {dag.py:3722} INFO - Setting next_dagrun for example_branch_operator to 2023-11-13T00:00:00+00:00, run_after=2023-11-14T00:00:00+00:00
[2023-11-14T21:49:16.059+0000] {processor.py:179} INFO - Processing /home/airflow/.local/lib/python3.8/site-packages/airflow/example_dags/example_branch_operator.py took 0.356 seconds
[2023-11-14T21:49:46.347+0000] {processor.py:157} INFO - Started process (PID=1762) to work on /home/airflow/.local/lib/python3.8/site-packages/airflow/example_dags/example_branch_operator.py
[2023-11-14T21:49:46.349+0000] {processor.py:829} INFO - Processing file /home/airflow/.local/lib/python3.8/site-packages/airflow/example_dags/example_branch_operator.py for tasks to queue
[2023-11-14T21:49:46.352+0000] {logging_mixin.py:154} INFO - [2023-11-14T21:49:46.352+0000] {dagbag.py:536} INFO - Filling up the DagBag from /home/airflow/.local/lib/python3.8/site-packages/airflow/example_dags/example_branch_operator.py
[2023-11-14T21:49:46.367+0000] {processor.py:839} INFO - DAG(s) dict_keys(['example_branch_operator']) retrieved from /home/airflow/.local/lib/python3.8/site-packages/airflow/example_dags/example_branch_operator.py
[2023-11-14T21:49:46.401+0000] {logging_mixin.py:154} INFO - [2023-11-14T21:49:46.401+0000] {dag.py:2941} INFO - Sync 1 DAGs
[2023-11-14T21:49:46.442+0000] {logging_mixin.py:154} INFO - [2023-11-14T21:49:46.442+0000] {dag.py:3722} INFO - Setting next_dagrun for example_branch_operator to 2023-11-13T00:00:00+00:00, run_after=2023-11-14T00:00:00+00:00
[2023-11-14T21:49:46.469+0000] {processor.py:179} INFO - Processing /home/airflow/.local/lib/python3.8/site-packages/airflow/example_dags/example_branch_operator.py took 0.129 seconds
[2023-11-14T21:50:16.965+0000] {processor.py:157} INFO - Started process (PID=1816) to work on /home/airflow/.local/lib/python3.8/site-packages/airflow/example_dags/example_branch_operator.py
[2023-11-14T21:50:16.966+0000] {processor.py:829} INFO - Processing file /home/airflow/.local/lib/python3.8/site-packages/airflow/example_dags/example_branch_operator.py for tasks to queue
[2023-11-14T21:50:16.969+0000] {logging_mixin.py:154} INFO - [2023-11-14T21:50:16.969+0000] {dagbag.py:536} INFO - Filling up the DagBag from /home/airflow/.local/lib/python3.8/site-packages/airflow/example_dags/example_branch_operator.py
[2023-11-14T21:50:16.981+0000] {processor.py:839} INFO - DAG(s) dict_keys(['example_branch_operator']) retrieved from /home/airflow/.local/lib/python3.8/site-packages/airflow/example_dags/example_branch_operator.py
[2023-11-14T21:50:17.009+0000] {logging_mixin.py:154} INFO - [2023-11-14T21:50:17.009+0000] {dag.py:2941} INFO - Sync 1 DAGs
[2023-11-14T21:50:17.040+0000] {logging_mixin.py:154} INFO - [2023-11-14T21:50:17.040+0000] {dag.py:3722} INFO - Setting next_dagrun for example_branch_operator to 2023-11-13T00:00:00+00:00, run_after=2023-11-14T00:00:00+00:00
[2023-11-14T21:50:17.063+0000] {processor.py:179} INFO - Processing /home/airflow/.local/lib/python3.8/site-packages/airflow/example_dags/example_branch_operator.py took 0.103 seconds
[2023-11-14T21:50:47.413+0000] {processor.py:157} INFO - Started process (PID=1870) to work on /home/airflow/.local/lib/python3.8/site-packages/airflow/example_dags/example_branch_operator.py
[2023-11-14T21:50:47.414+0000] {processor.py:829} INFO - Processing file /home/airflow/.local/lib/python3.8/site-packages/airflow/example_dags/example_branch_operator.py for tasks to queue
[2023-11-14T21:50:47.417+0000] {logging_mixin.py:154} INFO - [2023-11-14T21:50:47.417+0000] {dagbag.py:536} INFO - Filling up the DagBag from /home/airflow/.local/lib/python3.8/site-packages/airflow/example_dags/example_branch_operator.py
[2023-11-14T21:50:47.430+0000] {processor.py:839} INFO - DAG(s) dict_keys(['example_branch_operator']) retrieved from /home/airflow/.local/lib/python3.8/site-packages/airflow/example_dags/example_branch_operator.py
[2023-11-14T21:50:47.460+0000] {logging_mixin.py:154} INFO - [2023-11-14T21:50:47.460+0000] {dag.py:2941} INFO - Sync 1 DAGs
[2023-11-14T21:50:47.493+0000] {logging_mixin.py:154} INFO - [2023-11-14T21:50:47.492+0000] {dag.py:3722} INFO - Setting next_dagrun for example_branch_operator to 2023-11-13T00:00:00+00:00, run_after=2023-11-14T00:00:00+00:00
[2023-11-14T21:50:47.519+0000] {processor.py:179} INFO - Processing /home/airflow/.local/lib/python3.8/site-packages/airflow/example_dags/example_branch_operator.py took 0.110 seconds
[2023-11-14T21:51:17.893+0000] {processor.py:157} INFO - Started process (PID=1924) to work on /home/airflow/.local/lib/python3.8/site-packages/airflow/example_dags/example_branch_operator.py
[2023-11-14T21:51:17.894+0000] {processor.py:829} INFO - Processing file /home/airflow/.local/lib/python3.8/site-packages/airflow/example_dags/example_branch_operator.py for tasks to queue
[2023-11-14T21:51:17.897+0000] {logging_mixin.py:154} INFO - [2023-11-14T21:51:17.897+0000] {dagbag.py:536} INFO - Filling up the DagBag from /home/airflow/.local/lib/python3.8/site-packages/airflow/example_dags/example_branch_operator.py
[2023-11-14T21:51:17.910+0000] {processor.py:839} INFO - DAG(s) dict_keys(['example_branch_operator']) retrieved from /home/airflow/.local/lib/python3.8/site-packages/airflow/example_dags/example_branch_operator.py
[2023-11-14T21:51:17.940+0000] {logging_mixin.py:154} INFO - [2023-11-14T21:51:17.940+0000] {dag.py:2941} INFO - Sync 1 DAGs
[2023-11-14T21:51:17.972+0000] {logging_mixin.py:154} INFO - [2023-11-14T21:51:17.971+0000] {dag.py:3722} INFO - Setting next_dagrun for example_branch_operator to 2023-11-13T00:00:00+00:00, run_after=2023-11-14T00:00:00+00:00
[2023-11-14T21:51:17.994+0000] {processor.py:179} INFO - Processing /home/airflow/.local/lib/python3.8/site-packages/airflow/example_dags/example_branch_operator.py took 0.106 seconds
[2023-11-14T21:51:48.337+0000] {processor.py:157} INFO - Started process (PID=1978) to work on /home/airflow/.local/lib/python3.8/site-packages/airflow/example_dags/example_branch_operator.py
[2023-11-14T21:51:48.339+0000] {processor.py:829} INFO - Processing file /home/airflow/.local/lib/python3.8/site-packages/airflow/example_dags/example_branch_operator.py for tasks to queue
[2023-11-14T21:51:48.342+0000] {logging_mixin.py:154} INFO - [2023-11-14T21:51:48.342+0000] {dagbag.py:536} INFO - Filling up the DagBag from /home/airflow/.local/lib/python3.8/site-packages/airflow/example_dags/example_branch_operator.py
[2023-11-14T21:51:48.356+0000] {processor.py:839} INFO - DAG(s) dict_keys(['example_branch_operator']) retrieved from /home/airflow/.local/lib/python3.8/site-packages/airflow/example_dags/example_branch_operator.py
[2023-11-14T21:51:48.384+0000] {logging_mixin.py:154} INFO - [2023-11-14T21:51:48.383+0000] {dag.py:2941} INFO - Sync 1 DAGs
[2023-11-14T21:51:48.414+0000] {logging_mixin.py:154} INFO - [2023-11-14T21:51:48.413+0000] {dag.py:3722} INFO - Setting next_dagrun for example_branch_operator to 2023-11-13T00:00:00+00:00, run_after=2023-11-14T00:00:00+00:00
[2023-11-14T21:51:48.437+0000] {processor.py:179} INFO - Processing /home/airflow/.local/lib/python3.8/site-packages/airflow/example_dags/example_branch_operator.py took 0.104 seconds
[2023-11-14T21:52:19.132+0000] {processor.py:157} INFO - Started process (PID=2033) to work on /home/airflow/.local/lib/python3.8/site-packages/airflow/example_dags/example_branch_operator.py
[2023-11-14T21:52:19.134+0000] {processor.py:829} INFO - Processing file /home/airflow/.local/lib/python3.8/site-packages/airflow/example_dags/example_branch_operator.py for tasks to queue
[2023-11-14T21:52:19.137+0000] {logging_mixin.py:154} INFO - [2023-11-14T21:52:19.136+0000] {dagbag.py:536} INFO - Filling up the DagBag from /home/airflow/.local/lib/python3.8/site-packages/airflow/example_dags/example_branch_operator.py
[2023-11-14T21:52:19.149+0000] {processor.py:839} INFO - DAG(s) dict_keys(['example_branch_operator']) retrieved from /home/airflow/.local/lib/python3.8/site-packages/airflow/example_dags/example_branch_operator.py
[2023-11-14T21:52:19.177+0000] {logging_mixin.py:154} INFO - [2023-11-14T21:52:19.177+0000] {dag.py:2941} INFO - Sync 1 DAGs
[2023-11-14T21:52:19.206+0000] {logging_mixin.py:154} INFO - [2023-11-14T21:52:19.205+0000] {dag.py:3722} INFO - Setting next_dagrun for example_branch_operator to 2023-11-13T00:00:00+00:00, run_after=2023-11-14T00:00:00+00:00
[2023-11-14T21:52:19.228+0000] {processor.py:179} INFO - Processing /home/airflow/.local/lib/python3.8/site-packages/airflow/example_dags/example_branch_operator.py took 0.100 seconds
[2023-11-14T21:52:49.414+0000] {processor.py:157} INFO - Started process (PID=2087) to work on /home/airflow/.local/lib/python3.8/site-packages/airflow/example_dags/example_branch_operator.py
[2023-11-14T21:52:49.415+0000] {processor.py:829} INFO - Processing file /home/airflow/.local/lib/python3.8/site-packages/airflow/example_dags/example_branch_operator.py for tasks to queue
[2023-11-14T21:52:49.418+0000] {logging_mixin.py:154} INFO - [2023-11-14T21:52:49.418+0000] {dagbag.py:536} INFO - Filling up the DagBag from /home/airflow/.local/lib/python3.8/site-packages/airflow/example_dags/example_branch_operator.py
[2023-11-14T21:52:49.430+0000] {processor.py:839} INFO - DAG(s) dict_keys(['example_branch_operator']) retrieved from /home/airflow/.local/lib/python3.8/site-packages/airflow/example_dags/example_branch_operator.py
[2023-11-14T21:52:49.458+0000] {logging_mixin.py:154} INFO - [2023-11-14T21:52:49.458+0000] {dag.py:2941} INFO - Sync 1 DAGs
[2023-11-14T21:52:49.491+0000] {logging_mixin.py:154} INFO - [2023-11-14T21:52:49.491+0000] {dag.py:3722} INFO - Setting next_dagrun for example_branch_operator to 2023-11-13T00:00:00+00:00, run_after=2023-11-14T00:00:00+00:00
[2023-11-14T21:52:49.518+0000] {processor.py:179} INFO - Processing /home/airflow/.local/lib/python3.8/site-packages/airflow/example_dags/example_branch_operator.py took 0.108 seconds
[2023-11-14T21:53:20.243+0000] {processor.py:157} INFO - Started process (PID=2141) to work on /home/airflow/.local/lib/python3.8/site-packages/airflow/example_dags/example_branch_operator.py
[2023-11-14T21:53:20.245+0000] {processor.py:829} INFO - Processing file /home/airflow/.local/lib/python3.8/site-packages/airflow/example_dags/example_branch_operator.py for tasks to queue
[2023-11-14T21:53:20.248+0000] {logging_mixin.py:154} INFO - [2023-11-14T21:53:20.248+0000] {dagbag.py:536} INFO - Filling up the DagBag from /home/airflow/.local/lib/python3.8/site-packages/airflow/example_dags/example_branch_operator.py
[2023-11-14T21:53:20.260+0000] {processor.py:839} INFO - DAG(s) dict_keys(['example_branch_operator']) retrieved from /home/airflow/.local/lib/python3.8/site-packages/airflow/example_dags/example_branch_operator.py
[2023-11-14T21:53:20.288+0000] {logging_mixin.py:154} INFO - [2023-11-14T21:53:20.288+0000] {dag.py:2941} INFO - Sync 1 DAGs
[2023-11-14T21:53:20.319+0000] {logging_mixin.py:154} INFO - [2023-11-14T21:53:20.319+0000] {dag.py:3722} INFO - Setting next_dagrun for example_branch_operator to 2023-11-13T00:00:00+00:00, run_after=2023-11-14T00:00:00+00:00
[2023-11-14T21:53:20.344+0000] {processor.py:179} INFO - Processing /home/airflow/.local/lib/python3.8/site-packages/airflow/example_dags/example_branch_operator.py took 0.105 seconds
[2023-11-14T21:53:51.259+0000] {processor.py:157} INFO - Started process (PID=2195) to work on /home/airflow/.local/lib/python3.8/site-packages/airflow/example_dags/example_branch_operator.py
[2023-11-14T21:53:51.260+0000] {processor.py:829} INFO - Processing file /home/airflow/.local/lib/python3.8/site-packages/airflow/example_dags/example_branch_operator.py for tasks to queue
[2023-11-14T21:53:51.264+0000] {logging_mixin.py:154} INFO - [2023-11-14T21:53:51.263+0000] {dagbag.py:536} INFO - Filling up the DagBag from /home/airflow/.local/lib/python3.8/site-packages/airflow/example_dags/example_branch_operator.py
[2023-11-14T21:53:51.277+0000] {processor.py:839} INFO - DAG(s) dict_keys(['example_branch_operator']) retrieved from /home/airflow/.local/lib/python3.8/site-packages/airflow/example_dags/example_branch_operator.py
[2023-11-14T21:53:51.306+0000] {logging_mixin.py:154} INFO - [2023-11-14T21:53:51.306+0000] {dag.py:2941} INFO - Sync 1 DAGs
[2023-11-14T21:53:51.340+0000] {logging_mixin.py:154} INFO - [2023-11-14T21:53:51.340+0000] {dag.py:3722} INFO - Setting next_dagrun for example_branch_operator to 2023-11-13T00:00:00+00:00, run_after=2023-11-14T00:00:00+00:00
[2023-11-14T21:53:51.365+0000] {processor.py:179} INFO - Processing /home/airflow/.local/lib/python3.8/site-packages/airflow/example_dags/example_branch_operator.py took 0.111 seconds
[2023-11-14T21:54:21.881+0000] {processor.py:157} INFO - Started process (PID=2249) to work on /home/airflow/.local/lib/python3.8/site-packages/airflow/example_dags/example_branch_operator.py
[2023-11-14T21:54:21.883+0000] {processor.py:829} INFO - Processing file /home/airflow/.local/lib/python3.8/site-packages/airflow/example_dags/example_branch_operator.py for tasks to queue
[2023-11-14T21:54:21.886+0000] {logging_mixin.py:154} INFO - [2023-11-14T21:54:21.886+0000] {dagbag.py:536} INFO - Filling up the DagBag from /home/airflow/.local/lib/python3.8/site-packages/airflow/example_dags/example_branch_operator.py
[2023-11-14T21:54:21.901+0000] {processor.py:839} INFO - DAG(s) dict_keys(['example_branch_operator']) retrieved from /home/airflow/.local/lib/python3.8/site-packages/airflow/example_dags/example_branch_operator.py
[2023-11-14T21:54:21.934+0000] {logging_mixin.py:154} INFO - [2023-11-14T21:54:21.934+0000] {dag.py:2941} INFO - Sync 1 DAGs
[2023-11-14T21:54:21.966+0000] {logging_mixin.py:154} INFO - [2023-11-14T21:54:21.965+0000] {dag.py:3722} INFO - Setting next_dagrun for example_branch_operator to 2023-11-13T00:00:00+00:00, run_after=2023-11-14T00:00:00+00:00
[2023-11-14T21:54:21.992+0000] {processor.py:179} INFO - Processing /home/airflow/.local/lib/python3.8/site-packages/airflow/example_dags/example_branch_operator.py took 0.118 seconds
[2023-11-14T21:54:52.822+0000] {processor.py:157} INFO - Started process (PID=2303) to work on /home/airflow/.local/lib/python3.8/site-packages/airflow/example_dags/example_branch_operator.py
[2023-11-14T21:54:52.823+0000] {processor.py:829} INFO - Processing file /home/airflow/.local/lib/python3.8/site-packages/airflow/example_dags/example_branch_operator.py for tasks to queue
[2023-11-14T21:54:52.826+0000] {logging_mixin.py:154} INFO - [2023-11-14T21:54:52.826+0000] {dagbag.py:536} INFO - Filling up the DagBag from /home/airflow/.local/lib/python3.8/site-packages/airflow/example_dags/example_branch_operator.py
[2023-11-14T21:54:52.841+0000] {processor.py:839} INFO - DAG(s) dict_keys(['example_branch_operator']) retrieved from /home/airflow/.local/lib/python3.8/site-packages/airflow/example_dags/example_branch_operator.py
[2023-11-14T21:54:52.876+0000] {logging_mixin.py:154} INFO - [2023-11-14T21:54:52.876+0000] {dag.py:2941} INFO - Sync 1 DAGs
[2023-11-14T21:54:52.914+0000] {logging_mixin.py:154} INFO - [2023-11-14T21:54:52.914+0000] {dag.py:3722} INFO - Setting next_dagrun for example_branch_operator to 2023-11-13T00:00:00+00:00, run_after=2023-11-14T00:00:00+00:00
[2023-11-14T21:54:52.941+0000] {processor.py:179} INFO - Processing /home/airflow/.local/lib/python3.8/site-packages/airflow/example_dags/example_branch_operator.py took 0.126 seconds
[2023-11-14T21:55:23.030+0000] {processor.py:157} INFO - Started process (PID=2358) to work on /home/airflow/.local/lib/python3.8/site-packages/airflow/example_dags/example_branch_operator.py
[2023-11-14T21:55:23.031+0000] {processor.py:829} INFO - Processing file /home/airflow/.local/lib/python3.8/site-packages/airflow/example_dags/example_branch_operator.py for tasks to queue
[2023-11-14T21:55:23.034+0000] {logging_mixin.py:154} INFO - [2023-11-14T21:55:23.034+0000] {dagbag.py:536} INFO - Filling up the DagBag from /home/airflow/.local/lib/python3.8/site-packages/airflow/example_dags/example_branch_operator.py
[2023-11-14T21:55:23.048+0000] {processor.py:839} INFO - DAG(s) dict_keys(['example_branch_operator']) retrieved from /home/airflow/.local/lib/python3.8/site-packages/airflow/example_dags/example_branch_operator.py
[2023-11-14T21:55:23.083+0000] {logging_mixin.py:154} INFO - [2023-11-14T21:55:23.082+0000] {dag.py:2941} INFO - Sync 1 DAGs
[2023-11-14T21:55:23.123+0000] {logging_mixin.py:154} INFO - [2023-11-14T21:55:23.122+0000] {dag.py:3722} INFO - Setting next_dagrun for example_branch_operator to 2023-11-13T00:00:00+00:00, run_after=2023-11-14T00:00:00+00:00
[2023-11-14T21:55:23.151+0000] {processor.py:179} INFO - Processing /home/airflow/.local/lib/python3.8/site-packages/airflow/example_dags/example_branch_operator.py took 0.126 seconds
[2023-11-14T21:55:53.352+0000] {processor.py:157} INFO - Started process (PID=2412) to work on /home/airflow/.local/lib/python3.8/site-packages/airflow/example_dags/example_branch_operator.py
[2023-11-14T21:55:53.353+0000] {processor.py:829} INFO - Processing file /home/airflow/.local/lib/python3.8/site-packages/airflow/example_dags/example_branch_operator.py for tasks to queue
[2023-11-14T21:55:53.356+0000] {logging_mixin.py:154} INFO - [2023-11-14T21:55:53.356+0000] {dagbag.py:536} INFO - Filling up the DagBag from /home/airflow/.local/lib/python3.8/site-packages/airflow/example_dags/example_branch_operator.py
[2023-11-14T21:55:53.368+0000] {processor.py:839} INFO - DAG(s) dict_keys(['example_branch_operator']) retrieved from /home/airflow/.local/lib/python3.8/site-packages/airflow/example_dags/example_branch_operator.py
[2023-11-14T21:55:53.398+0000] {logging_mixin.py:154} INFO - [2023-11-14T21:55:53.397+0000] {dag.py:2941} INFO - Sync 1 DAGs
[2023-11-14T21:55:53.427+0000] {logging_mixin.py:154} INFO - [2023-11-14T21:55:53.427+0000] {dag.py:3722} INFO - Setting next_dagrun for example_branch_operator to 2023-11-13T00:00:00+00:00, run_after=2023-11-14T00:00:00+00:00
[2023-11-14T21:55:53.450+0000] {processor.py:179} INFO - Processing /home/airflow/.local/lib/python3.8/site-packages/airflow/example_dags/example_branch_operator.py took 0.102 seconds
[2023-11-14T21:56:23.926+0000] {processor.py:157} INFO - Started process (PID=2466) to work on /home/airflow/.local/lib/python3.8/site-packages/airflow/example_dags/example_branch_operator.py
[2023-11-14T21:56:23.927+0000] {processor.py:829} INFO - Processing file /home/airflow/.local/lib/python3.8/site-packages/airflow/example_dags/example_branch_operator.py for tasks to queue
[2023-11-14T21:56:23.930+0000] {logging_mixin.py:154} INFO - [2023-11-14T21:56:23.930+0000] {dagbag.py:536} INFO - Filling up the DagBag from /home/airflow/.local/lib/python3.8/site-packages/airflow/example_dags/example_branch_operator.py
[2023-11-14T21:56:23.941+0000] {processor.py:839} INFO - DAG(s) dict_keys(['example_branch_operator']) retrieved from /home/airflow/.local/lib/python3.8/site-packages/airflow/example_dags/example_branch_operator.py
[2023-11-14T21:56:23.971+0000] {logging_mixin.py:154} INFO - [2023-11-14T21:56:23.971+0000] {dag.py:2941} INFO - Sync 1 DAGs
[2023-11-14T21:56:24.004+0000] {logging_mixin.py:154} INFO - [2023-11-14T21:56:24.004+0000] {dag.py:3722} INFO - Setting next_dagrun for example_branch_operator to 2023-11-13T00:00:00+00:00, run_after=2023-11-14T00:00:00+00:00
[2023-11-14T21:56:24.028+0000] {processor.py:179} INFO - Processing /home/airflow/.local/lib/python3.8/site-packages/airflow/example_dags/example_branch_operator.py took 0.107 seconds
[2023-11-14T21:56:54.788+0000] {processor.py:157} INFO - Started process (PID=2521) to work on /home/airflow/.local/lib/python3.8/site-packages/airflow/example_dags/example_branch_operator.py
[2023-11-14T21:56:54.789+0000] {processor.py:829} INFO - Processing file /home/airflow/.local/lib/python3.8/site-packages/airflow/example_dags/example_branch_operator.py for tasks to queue
[2023-11-14T21:56:54.792+0000] {logging_mixin.py:154} INFO - [2023-11-14T21:56:54.792+0000] {dagbag.py:536} INFO - Filling up the DagBag from /home/airflow/.local/lib/python3.8/site-packages/airflow/example_dags/example_branch_operator.py
[2023-11-14T21:56:54.804+0000] {processor.py:839} INFO - DAG(s) dict_keys(['example_branch_operator']) retrieved from /home/airflow/.local/lib/python3.8/site-packages/airflow/example_dags/example_branch_operator.py
[2023-11-14T21:56:54.834+0000] {logging_mixin.py:154} INFO - [2023-11-14T21:56:54.834+0000] {dag.py:2941} INFO - Sync 1 DAGs
[2023-11-14T21:56:54.867+0000] {logging_mixin.py:154} INFO - [2023-11-14T21:56:54.866+0000] {dag.py:3722} INFO - Setting next_dagrun for example_branch_operator to 2023-11-13T00:00:00+00:00, run_after=2023-11-14T00:00:00+00:00
[2023-11-14T21:56:54.889+0000] {processor.py:179} INFO - Processing /home/airflow/.local/lib/python3.8/site-packages/airflow/example_dags/example_branch_operator.py took 0.106 seconds
[2023-11-14T21:57:25.558+0000] {processor.py:157} INFO - Started process (PID=2575) to work on /home/airflow/.local/lib/python3.8/site-packages/airflow/example_dags/example_branch_operator.py
[2023-11-14T21:57:25.559+0000] {processor.py:829} INFO - Processing file /home/airflow/.local/lib/python3.8/site-packages/airflow/example_dags/example_branch_operator.py for tasks to queue
[2023-11-14T21:57:25.562+0000] {logging_mixin.py:154} INFO - [2023-11-14T21:57:25.562+0000] {dagbag.py:536} INFO - Filling up the DagBag from /home/airflow/.local/lib/python3.8/site-packages/airflow/example_dags/example_branch_operator.py
[2023-11-14T21:57:25.576+0000] {processor.py:839} INFO - DAG(s) dict_keys(['example_branch_operator']) retrieved from /home/airflow/.local/lib/python3.8/site-packages/airflow/example_dags/example_branch_operator.py
[2023-11-14T21:57:25.607+0000] {logging_mixin.py:154} INFO - [2023-11-14T21:57:25.607+0000] {dag.py:2941} INFO - Sync 1 DAGs
[2023-11-14T21:57:25.638+0000] {logging_mixin.py:154} INFO - [2023-11-14T21:57:25.638+0000] {dag.py:3722} INFO - Setting next_dagrun for example_branch_operator to 2023-11-13T00:00:00+00:00, run_after=2023-11-14T00:00:00+00:00
[2023-11-14T21:57:25.662+0000] {processor.py:179} INFO - Processing /home/airflow/.local/lib/python3.8/site-packages/airflow/example_dags/example_branch_operator.py took 0.109 seconds
[2023-11-14T21:57:56.001+0000] {processor.py:157} INFO - Started process (PID=2630) to work on /home/airflow/.local/lib/python3.8/site-packages/airflow/example_dags/example_branch_operator.py
[2023-11-14T21:57:56.003+0000] {processor.py:829} INFO - Processing file /home/airflow/.local/lib/python3.8/site-packages/airflow/example_dags/example_branch_operator.py for tasks to queue
[2023-11-14T21:57:56.006+0000] {logging_mixin.py:154} INFO - [2023-11-14T21:57:56.005+0000] {dagbag.py:536} INFO - Filling up the DagBag from /home/airflow/.local/lib/python3.8/site-packages/airflow/example_dags/example_branch_operator.py
[2023-11-14T21:57:56.021+0000] {processor.py:839} INFO - DAG(s) dict_keys(['example_branch_operator']) retrieved from /home/airflow/.local/lib/python3.8/site-packages/airflow/example_dags/example_branch_operator.py
[2023-11-14T21:57:56.057+0000] {logging_mixin.py:154} INFO - [2023-11-14T21:57:56.057+0000] {dag.py:2941} INFO - Sync 1 DAGs
[2023-11-14T21:57:56.098+0000] {logging_mixin.py:154} INFO - [2023-11-14T21:57:56.097+0000] {dag.py:3722} INFO - Setting next_dagrun for example_branch_operator to 2023-11-13T00:00:00+00:00, run_after=2023-11-14T00:00:00+00:00
[2023-11-14T21:57:56.130+0000] {processor.py:179} INFO - Processing /home/airflow/.local/lib/python3.8/site-packages/airflow/example_dags/example_branch_operator.py took 0.134 seconds
[2023-11-14T21:58:26.182+0000] {processor.py:157} INFO - Started process (PID=2684) to work on /home/airflow/.local/lib/python3.8/site-packages/airflow/example_dags/example_branch_operator.py
[2023-11-14T21:58:26.183+0000] {processor.py:829} INFO - Processing file /home/airflow/.local/lib/python3.8/site-packages/airflow/example_dags/example_branch_operator.py for tasks to queue
[2023-11-14T21:58:26.187+0000] {logging_mixin.py:154} INFO - [2023-11-14T21:58:26.186+0000] {dagbag.py:536} INFO - Filling up the DagBag from /home/airflow/.local/lib/python3.8/site-packages/airflow/example_dags/example_branch_operator.py
[2023-11-14T21:58:26.200+0000] {processor.py:839} INFO - DAG(s) dict_keys(['example_branch_operator']) retrieved from /home/airflow/.local/lib/python3.8/site-packages/airflow/example_dags/example_branch_operator.py
[2023-11-14T21:58:26.233+0000] {logging_mixin.py:154} INFO - [2023-11-14T21:58:26.232+0000] {dag.py:2941} INFO - Sync 1 DAGs
[2023-11-14T21:58:26.270+0000] {logging_mixin.py:154} INFO - [2023-11-14T21:58:26.269+0000] {dag.py:3722} INFO - Setting next_dagrun for example_branch_operator to 2023-11-13T00:00:00+00:00, run_after=2023-11-14T00:00:00+00:00
[2023-11-14T21:58:26.301+0000] {processor.py:179} INFO - Processing /home/airflow/.local/lib/python3.8/site-packages/airflow/example_dags/example_branch_operator.py took 0.123 seconds
[2023-11-14T21:58:56.811+0000] {processor.py:157} INFO - Started process (PID=2738) to work on /home/airflow/.local/lib/python3.8/site-packages/airflow/example_dags/example_branch_operator.py
[2023-11-14T21:58:56.812+0000] {processor.py:829} INFO - Processing file /home/airflow/.local/lib/python3.8/site-packages/airflow/example_dags/example_branch_operator.py for tasks to queue
[2023-11-14T21:58:56.815+0000] {logging_mixin.py:154} INFO - [2023-11-14T21:58:56.814+0000] {dagbag.py:536} INFO - Filling up the DagBag from /home/airflow/.local/lib/python3.8/site-packages/airflow/example_dags/example_branch_operator.py
[2023-11-14T21:58:56.827+0000] {processor.py:839} INFO - DAG(s) dict_keys(['example_branch_operator']) retrieved from /home/airflow/.local/lib/python3.8/site-packages/airflow/example_dags/example_branch_operator.py
[2023-11-14T21:58:56.859+0000] {logging_mixin.py:154} INFO - [2023-11-14T21:58:56.859+0000] {dag.py:2941} INFO - Sync 1 DAGs
[2023-11-14T21:58:56.893+0000] {logging_mixin.py:154} INFO - [2023-11-14T21:58:56.892+0000] {dag.py:3722} INFO - Setting next_dagrun for example_branch_operator to 2023-11-13T00:00:00+00:00, run_after=2023-11-14T00:00:00+00:00
[2023-11-14T21:58:56.945+0000] {processor.py:179} INFO - Processing /home/airflow/.local/lib/python3.8/site-packages/airflow/example_dags/example_branch_operator.py took 0.140 seconds
[2023-11-14T21:59:27.477+0000] {processor.py:157} INFO - Started process (PID=2792) to work on /home/airflow/.local/lib/python3.8/site-packages/airflow/example_dags/example_branch_operator.py
[2023-11-14T21:59:27.479+0000] {processor.py:829} INFO - Processing file /home/airflow/.local/lib/python3.8/site-packages/airflow/example_dags/example_branch_operator.py for tasks to queue
[2023-11-14T21:59:27.482+0000] {logging_mixin.py:154} INFO - [2023-11-14T21:59:27.482+0000] {dagbag.py:536} INFO - Filling up the DagBag from /home/airflow/.local/lib/python3.8/site-packages/airflow/example_dags/example_branch_operator.py
[2023-11-14T21:59:27.496+0000] {processor.py:839} INFO - DAG(s) dict_keys(['example_branch_operator']) retrieved from /home/airflow/.local/lib/python3.8/site-packages/airflow/example_dags/example_branch_operator.py
[2023-11-14T21:59:27.530+0000] {logging_mixin.py:154} INFO - [2023-11-14T21:59:27.530+0000] {dag.py:2941} INFO - Sync 1 DAGs
[2023-11-14T21:59:27.564+0000] {logging_mixin.py:154} INFO - [2023-11-14T21:59:27.564+0000] {dag.py:3722} INFO - Setting next_dagrun for example_branch_operator to 2023-11-13T00:00:00+00:00, run_after=2023-11-14T00:00:00+00:00
[2023-11-14T21:59:27.588+0000] {processor.py:179} INFO - Processing /home/airflow/.local/lib/python3.8/site-packages/airflow/example_dags/example_branch_operator.py took 0.116 seconds
