[2023-11-14T21:33:57.852+0000] {processor.py:157} INFO - Started process (PID=64) to work on /home/airflow/.local/lib/python3.8/site-packages/airflow/example_dags/example_complex.py
[2023-11-14T21:33:57.853+0000] {processor.py:829} INFO - Processing file /home/airflow/.local/lib/python3.8/site-packages/airflow/example_dags/example_complex.py for tasks to queue
[2023-11-14T21:33:57.856+0000] {logging_mixin.py:154} INFO - [2023-11-14T21:33:57.855+0000] {dagbag.py:536} INFO - Filling up the DagBag from /home/airflow/.local/lib/python3.8/site-packages/airflow/example_dags/example_complex.py
[2023-11-14T21:33:57.872+0000] {processor.py:839} INFO - DAG(s) dict_keys(['example_complex']) retrieved from /home/airflow/.local/lib/python3.8/site-packages/airflow/example_dags/example_complex.py
[2023-11-14T21:33:58.029+0000] {logging_mixin.py:154} INFO - [2023-11-14T21:33:58.029+0000] {manager.py:499} INFO - Created Permission View: %s
[2023-11-14T21:33:58.043+0000] {logging_mixin.py:154} INFO - [2023-11-14T21:33:58.042+0000] {manager.py:499} INFO - Created Permission View: %s
[2023-11-14T21:33:58.053+0000] {logging_mixin.py:154} INFO - [2023-11-14T21:33:58.053+0000] {manager.py:499} INFO - Created Permission View: %s
[2023-11-14T21:33:58.054+0000] {logging_mixin.py:154} INFO - [2023-11-14T21:33:58.054+0000] {dag.py:2941} INFO - Sync 1 DAGs
[2023-11-14T21:33:58.069+0000] {logging_mixin.py:154} INFO - [2023-11-14T21:33:58.068+0000] {dag.py:2963} INFO - Creating ORM DAG for example_complex
[2023-11-14T21:33:58.070+0000] {logging_mixin.py:154} INFO - [2023-11-14T21:33:58.070+0000] {dag.py:3722} INFO - Setting next_dagrun for example_complex to None, run_after=None
[2023-11-14T21:33:58.095+0000] {processor.py:179} INFO - Processing /home/airflow/.local/lib/python3.8/site-packages/airflow/example_dags/example_complex.py took 0.247 seconds
[2023-11-14T21:34:28.276+0000] {processor.py:157} INFO - Started process (PID=118) to work on /home/airflow/.local/lib/python3.8/site-packages/airflow/example_dags/example_complex.py
[2023-11-14T21:34:28.277+0000] {processor.py:829} INFO - Processing file /home/airflow/.local/lib/python3.8/site-packages/airflow/example_dags/example_complex.py for tasks to queue
[2023-11-14T21:34:28.280+0000] {logging_mixin.py:154} INFO - [2023-11-14T21:34:28.279+0000] {dagbag.py:536} INFO - Filling up the DagBag from /home/airflow/.local/lib/python3.8/site-packages/airflow/example_dags/example_complex.py
[2023-11-14T21:34:28.293+0000] {processor.py:839} INFO - DAG(s) dict_keys(['example_complex']) retrieved from /home/airflow/.local/lib/python3.8/site-packages/airflow/example_dags/example_complex.py
[2023-11-14T21:34:28.329+0000] {logging_mixin.py:154} INFO - [2023-11-14T21:34:28.329+0000] {dag.py:2941} INFO - Sync 1 DAGs
[2023-11-14T21:34:28.345+0000] {logging_mixin.py:154} INFO - [2023-11-14T21:34:28.345+0000] {dag.py:3722} INFO - Setting next_dagrun for example_complex to None, run_after=None
[2023-11-14T21:34:28.367+0000] {processor.py:179} INFO - Processing /home/airflow/.local/lib/python3.8/site-packages/airflow/example_dags/example_complex.py took 0.096 seconds
[2023-11-14T21:34:58.678+0000] {processor.py:157} INFO - Started process (PID=172) to work on /home/airflow/.local/lib/python3.8/site-packages/airflow/example_dags/example_complex.py
[2023-11-14T21:34:58.679+0000] {processor.py:829} INFO - Processing file /home/airflow/.local/lib/python3.8/site-packages/airflow/example_dags/example_complex.py for tasks to queue
[2023-11-14T21:34:58.683+0000] {logging_mixin.py:154} INFO - [2023-11-14T21:34:58.682+0000] {dagbag.py:536} INFO - Filling up the DagBag from /home/airflow/.local/lib/python3.8/site-packages/airflow/example_dags/example_complex.py
[2023-11-14T21:34:58.705+0000] {processor.py:839} INFO - DAG(s) dict_keys(['example_complex']) retrieved from /home/airflow/.local/lib/python3.8/site-packages/airflow/example_dags/example_complex.py
[2023-11-14T21:34:58.749+0000] {logging_mixin.py:154} INFO - [2023-11-14T21:34:58.749+0000] {dag.py:2941} INFO - Sync 1 DAGs
[2023-11-14T21:34:58.770+0000] {logging_mixin.py:154} INFO - [2023-11-14T21:34:58.769+0000] {dag.py:3722} INFO - Setting next_dagrun for example_complex to None, run_after=None
[2023-11-14T21:34:58.798+0000] {processor.py:179} INFO - Processing /home/airflow/.local/lib/python3.8/site-packages/airflow/example_dags/example_complex.py took 0.125 seconds
[2023-11-14T21:35:29.008+0000] {processor.py:157} INFO - Started process (PID=226) to work on /home/airflow/.local/lib/python3.8/site-packages/airflow/example_dags/example_complex.py
[2023-11-14T21:35:29.009+0000] {processor.py:829} INFO - Processing file /home/airflow/.local/lib/python3.8/site-packages/airflow/example_dags/example_complex.py for tasks to queue
[2023-11-14T21:35:29.012+0000] {logging_mixin.py:154} INFO - [2023-11-14T21:35:29.011+0000] {dagbag.py:536} INFO - Filling up the DagBag from /home/airflow/.local/lib/python3.8/site-packages/airflow/example_dags/example_complex.py
[2023-11-14T21:35:29.031+0000] {processor.py:839} INFO - DAG(s) dict_keys(['example_complex']) retrieved from /home/airflow/.local/lib/python3.8/site-packages/airflow/example_dags/example_complex.py
[2023-11-14T21:35:29.081+0000] {logging_mixin.py:154} INFO - [2023-11-14T21:35:29.081+0000] {dag.py:2941} INFO - Sync 1 DAGs
[2023-11-14T21:35:29.102+0000] {logging_mixin.py:154} INFO - [2023-11-14T21:35:29.101+0000] {dag.py:3722} INFO - Setting next_dagrun for example_complex to None, run_after=None
[2023-11-14T21:35:29.144+0000] {processor.py:179} INFO - Processing /home/airflow/.local/lib/python3.8/site-packages/airflow/example_dags/example_complex.py took 0.142 seconds
[2023-11-14T21:35:59.416+0000] {processor.py:157} INFO - Started process (PID=280) to work on /home/airflow/.local/lib/python3.8/site-packages/airflow/example_dags/example_complex.py
[2023-11-14T21:35:59.419+0000] {processor.py:829} INFO - Processing file /home/airflow/.local/lib/python3.8/site-packages/airflow/example_dags/example_complex.py for tasks to queue
[2023-11-14T21:35:59.423+0000] {logging_mixin.py:154} INFO - [2023-11-14T21:35:59.422+0000] {dagbag.py:536} INFO - Filling up the DagBag from /home/airflow/.local/lib/python3.8/site-packages/airflow/example_dags/example_complex.py
[2023-11-14T21:35:59.445+0000] {processor.py:839} INFO - DAG(s) dict_keys(['example_complex']) retrieved from /home/airflow/.local/lib/python3.8/site-packages/airflow/example_dags/example_complex.py
[2023-11-14T21:35:59.504+0000] {logging_mixin.py:154} INFO - [2023-11-14T21:35:59.503+0000] {dag.py:2941} INFO - Sync 1 DAGs
[2023-11-14T21:35:59.529+0000] {logging_mixin.py:154} INFO - [2023-11-14T21:35:59.528+0000] {dag.py:3722} INFO - Setting next_dagrun for example_complex to None, run_after=None
[2023-11-14T21:35:59.562+0000] {processor.py:179} INFO - Processing /home/airflow/.local/lib/python3.8/site-packages/airflow/example_dags/example_complex.py took 0.152 seconds
[2023-11-14T21:36:30.476+0000] {processor.py:157} INFO - Started process (PID=335) to work on /home/airflow/.local/lib/python3.8/site-packages/airflow/example_dags/example_complex.py
[2023-11-14T21:36:30.479+0000] {processor.py:829} INFO - Processing file /home/airflow/.local/lib/python3.8/site-packages/airflow/example_dags/example_complex.py for tasks to queue
[2023-11-14T21:36:30.485+0000] {logging_mixin.py:154} INFO - [2023-11-14T21:36:30.484+0000] {dagbag.py:536} INFO - Filling up the DagBag from /home/airflow/.local/lib/python3.8/site-packages/airflow/example_dags/example_complex.py
[2023-11-14T21:36:30.504+0000] {processor.py:839} INFO - DAG(s) dict_keys(['example_complex']) retrieved from /home/airflow/.local/lib/python3.8/site-packages/airflow/example_dags/example_complex.py
[2023-11-14T21:36:30.542+0000] {logging_mixin.py:154} INFO - [2023-11-14T21:36:30.541+0000] {dag.py:2941} INFO - Sync 1 DAGs
[2023-11-14T21:36:30.558+0000] {logging_mixin.py:154} INFO - [2023-11-14T21:36:30.558+0000] {dag.py:3722} INFO - Setting next_dagrun for example_complex to None, run_after=None
[2023-11-14T21:36:30.585+0000] {processor.py:179} INFO - Processing /home/airflow/.local/lib/python3.8/site-packages/airflow/example_dags/example_complex.py took 0.118 seconds
[2023-11-14T21:37:01.004+0000] {processor.py:157} INFO - Started process (PID=389) to work on /home/airflow/.local/lib/python3.8/site-packages/airflow/example_dags/example_complex.py
[2023-11-14T21:37:01.014+0000] {processor.py:829} INFO - Processing file /home/airflow/.local/lib/python3.8/site-packages/airflow/example_dags/example_complex.py for tasks to queue
[2023-11-14T21:37:01.018+0000] {logging_mixin.py:154} INFO - [2023-11-14T21:37:01.018+0000] {dagbag.py:536} INFO - Filling up the DagBag from /home/airflow/.local/lib/python3.8/site-packages/airflow/example_dags/example_complex.py
[2023-11-14T21:37:01.072+0000] {processor.py:839} INFO - DAG(s) dict_keys(['example_complex']) retrieved from /home/airflow/.local/lib/python3.8/site-packages/airflow/example_dags/example_complex.py
[2023-11-14T21:37:01.130+0000] {logging_mixin.py:154} INFO - [2023-11-14T21:37:01.129+0000] {dag.py:2941} INFO - Sync 1 DAGs
[2023-11-14T21:37:01.148+0000] {logging_mixin.py:154} INFO - [2023-11-14T21:37:01.148+0000] {dag.py:3722} INFO - Setting next_dagrun for example_complex to None, run_after=None
[2023-11-14T21:37:01.174+0000] {processor.py:179} INFO - Processing /home/airflow/.local/lib/python3.8/site-packages/airflow/example_dags/example_complex.py took 0.187 seconds
[2023-11-14T21:37:31.786+0000] {processor.py:157} INFO - Started process (PID=443) to work on /home/airflow/.local/lib/python3.8/site-packages/airflow/example_dags/example_complex.py
[2023-11-14T21:37:31.788+0000] {processor.py:829} INFO - Processing file /home/airflow/.local/lib/python3.8/site-packages/airflow/example_dags/example_complex.py for tasks to queue
[2023-11-14T21:37:31.794+0000] {logging_mixin.py:154} INFO - [2023-11-14T21:37:31.794+0000] {dagbag.py:536} INFO - Filling up the DagBag from /home/airflow/.local/lib/python3.8/site-packages/airflow/example_dags/example_complex.py
[2023-11-14T21:37:31.817+0000] {processor.py:839} INFO - DAG(s) dict_keys(['example_complex']) retrieved from /home/airflow/.local/lib/python3.8/site-packages/airflow/example_dags/example_complex.py
[2023-11-14T21:37:31.855+0000] {logging_mixin.py:154} INFO - [2023-11-14T21:37:31.855+0000] {dag.py:2941} INFO - Sync 1 DAGs
[2023-11-14T21:37:31.870+0000] {logging_mixin.py:154} INFO - [2023-11-14T21:37:31.870+0000] {dag.py:3722} INFO - Setting next_dagrun for example_complex to None, run_after=None
[2023-11-14T21:37:31.897+0000] {processor.py:179} INFO - Processing /home/airflow/.local/lib/python3.8/site-packages/airflow/example_dags/example_complex.py took 0.121 seconds
[2023-11-14T21:38:01.995+0000] {processor.py:157} INFO - Started process (PID=496) to work on /home/airflow/.local/lib/python3.8/site-packages/airflow/example_dags/example_complex.py
[2023-11-14T21:38:02.008+0000] {processor.py:829} INFO - Processing file /home/airflow/.local/lib/python3.8/site-packages/airflow/example_dags/example_complex.py for tasks to queue
[2023-11-14T21:38:02.014+0000] {logging_mixin.py:154} INFO - [2023-11-14T21:38:02.014+0000] {dagbag.py:536} INFO - Filling up the DagBag from /home/airflow/.local/lib/python3.8/site-packages/airflow/example_dags/example_complex.py
[2023-11-14T21:38:02.035+0000] {processor.py:839} INFO - DAG(s) dict_keys(['example_complex']) retrieved from /home/airflow/.local/lib/python3.8/site-packages/airflow/example_dags/example_complex.py
[2023-11-14T21:38:02.077+0000] {logging_mixin.py:154} INFO - [2023-11-14T21:38:02.077+0000] {dag.py:2941} INFO - Sync 1 DAGs
[2023-11-14T21:38:02.097+0000] {logging_mixin.py:154} INFO - [2023-11-14T21:38:02.097+0000] {dag.py:3722} INFO - Setting next_dagrun for example_complex to None, run_after=None
[2023-11-14T21:38:02.124+0000] {processor.py:179} INFO - Processing /home/airflow/.local/lib/python3.8/site-packages/airflow/example_dags/example_complex.py took 0.138 seconds
[2023-11-14T21:38:32.473+0000] {processor.py:157} INFO - Started process (PID=561) to work on /home/airflow/.local/lib/python3.8/site-packages/airflow/example_dags/example_complex.py
[2023-11-14T21:38:32.486+0000] {processor.py:829} INFO - Processing file /home/airflow/.local/lib/python3.8/site-packages/airflow/example_dags/example_complex.py for tasks to queue
[2023-11-14T21:38:32.492+0000] {logging_mixin.py:154} INFO - [2023-11-14T21:38:32.491+0000] {dagbag.py:536} INFO - Filling up the DagBag from /home/airflow/.local/lib/python3.8/site-packages/airflow/example_dags/example_complex.py
[2023-11-14T21:38:32.514+0000] {processor.py:839} INFO - DAG(s) dict_keys(['example_complex']) retrieved from /home/airflow/.local/lib/python3.8/site-packages/airflow/example_dags/example_complex.py
[2023-11-14T21:38:32.552+0000] {logging_mixin.py:154} INFO - [2023-11-14T21:38:32.552+0000] {dag.py:2941} INFO - Sync 1 DAGs
[2023-11-14T21:38:32.567+0000] {logging_mixin.py:154} INFO - [2023-11-14T21:38:32.567+0000] {dag.py:3722} INFO - Setting next_dagrun for example_complex to None, run_after=None
[2023-11-14T21:38:32.591+0000] {processor.py:179} INFO - Processing /home/airflow/.local/lib/python3.8/site-packages/airflow/example_dags/example_complex.py took 0.127 seconds
[2023-11-14T21:39:02.734+0000] {processor.py:157} INFO - Started process (PID=615) to work on /home/airflow/.local/lib/python3.8/site-packages/airflow/example_dags/example_complex.py
[2023-11-14T21:39:02.735+0000] {processor.py:829} INFO - Processing file /home/airflow/.local/lib/python3.8/site-packages/airflow/example_dags/example_complex.py for tasks to queue
[2023-11-14T21:39:02.740+0000] {logging_mixin.py:154} INFO - [2023-11-14T21:39:02.740+0000] {dagbag.py:536} INFO - Filling up the DagBag from /home/airflow/.local/lib/python3.8/site-packages/airflow/example_dags/example_complex.py
[2023-11-14T21:39:02.760+0000] {processor.py:839} INFO - DAG(s) dict_keys(['example_complex']) retrieved from /home/airflow/.local/lib/python3.8/site-packages/airflow/example_dags/example_complex.py
[2023-11-14T21:39:02.800+0000] {logging_mixin.py:154} INFO - [2023-11-14T21:39:02.800+0000] {dag.py:2941} INFO - Sync 1 DAGs
[2023-11-14T21:39:02.815+0000] {logging_mixin.py:154} INFO - [2023-11-14T21:39:02.814+0000] {dag.py:3722} INFO - Setting next_dagrun for example_complex to None, run_after=None
[2023-11-14T21:39:02.856+0000] {processor.py:179} INFO - Processing /home/airflow/.local/lib/python3.8/site-packages/airflow/example_dags/example_complex.py took 0.132 seconds
[2023-11-14T21:39:33.507+0000] {processor.py:157} INFO - Started process (PID=669) to work on /home/airflow/.local/lib/python3.8/site-packages/airflow/example_dags/example_complex.py
[2023-11-14T21:39:33.518+0000] {processor.py:829} INFO - Processing file /home/airflow/.local/lib/python3.8/site-packages/airflow/example_dags/example_complex.py for tasks to queue
[2023-11-14T21:39:33.521+0000] {logging_mixin.py:154} INFO - [2023-11-14T21:39:33.520+0000] {dagbag.py:536} INFO - Filling up the DagBag from /home/airflow/.local/lib/python3.8/site-packages/airflow/example_dags/example_complex.py
[2023-11-14T21:39:33.539+0000] {processor.py:839} INFO - DAG(s) dict_keys(['example_complex']) retrieved from /home/airflow/.local/lib/python3.8/site-packages/airflow/example_dags/example_complex.py
[2023-11-14T21:39:33.584+0000] {logging_mixin.py:154} INFO - [2023-11-14T21:39:33.584+0000] {dag.py:2941} INFO - Sync 1 DAGs
[2023-11-14T21:39:33.602+0000] {logging_mixin.py:154} INFO - [2023-11-14T21:39:33.602+0000] {dag.py:3722} INFO - Setting next_dagrun for example_complex to None, run_after=None
[2023-11-14T21:39:33.645+0000] {processor.py:179} INFO - Processing /home/airflow/.local/lib/python3.8/site-packages/airflow/example_dags/example_complex.py took 0.143 seconds
[2023-11-14T21:40:04.006+0000] {processor.py:157} INFO - Started process (PID=724) to work on /home/airflow/.local/lib/python3.8/site-packages/airflow/example_dags/example_complex.py
[2023-11-14T21:40:04.008+0000] {processor.py:829} INFO - Processing file /home/airflow/.local/lib/python3.8/site-packages/airflow/example_dags/example_complex.py for tasks to queue
[2023-11-14T21:40:04.011+0000] {logging_mixin.py:154} INFO - [2023-11-14T21:40:04.011+0000] {dagbag.py:536} INFO - Filling up the DagBag from /home/airflow/.local/lib/python3.8/site-packages/airflow/example_dags/example_complex.py
[2023-11-14T21:40:04.027+0000] {processor.py:839} INFO - DAG(s) dict_keys(['example_complex']) retrieved from /home/airflow/.local/lib/python3.8/site-packages/airflow/example_dags/example_complex.py
[2023-11-14T21:40:04.071+0000] {logging_mixin.py:154} INFO - [2023-11-14T21:40:04.070+0000] {dag.py:2941} INFO - Sync 1 DAGs
[2023-11-14T21:40:04.090+0000] {logging_mixin.py:154} INFO - [2023-11-14T21:40:04.089+0000] {dag.py:3722} INFO - Setting next_dagrun for example_complex to None, run_after=None
[2023-11-14T21:40:04.129+0000] {processor.py:179} INFO - Processing /home/airflow/.local/lib/python3.8/site-packages/airflow/example_dags/example_complex.py took 0.128 seconds
[2023-11-14T21:40:34.281+0000] {processor.py:157} INFO - Started process (PID=779) to work on /home/airflow/.local/lib/python3.8/site-packages/airflow/example_dags/example_complex.py
[2023-11-14T21:40:34.294+0000] {processor.py:829} INFO - Processing file /home/airflow/.local/lib/python3.8/site-packages/airflow/example_dags/example_complex.py for tasks to queue
[2023-11-14T21:40:34.299+0000] {logging_mixin.py:154} INFO - [2023-11-14T21:40:34.299+0000] {dagbag.py:536} INFO - Filling up the DagBag from /home/airflow/.local/lib/python3.8/site-packages/airflow/example_dags/example_complex.py
[2023-11-14T21:40:34.322+0000] {processor.py:839} INFO - DAG(s) dict_keys(['example_complex']) retrieved from /home/airflow/.local/lib/python3.8/site-packages/airflow/example_dags/example_complex.py
[2023-11-14T21:40:34.359+0000] {logging_mixin.py:154} INFO - [2023-11-14T21:40:34.359+0000] {dag.py:2941} INFO - Sync 1 DAGs
[2023-11-14T21:40:34.376+0000] {logging_mixin.py:154} INFO - [2023-11-14T21:40:34.375+0000] {dag.py:3722} INFO - Setting next_dagrun for example_complex to None, run_after=None
[2023-11-14T21:40:34.424+0000] {processor.py:179} INFO - Processing /home/airflow/.local/lib/python3.8/site-packages/airflow/example_dags/example_complex.py took 0.151 seconds
[2023-11-14T21:41:04.652+0000] {processor.py:157} INFO - Started process (PID=834) to work on /home/airflow/.local/lib/python3.8/site-packages/airflow/example_dags/example_complex.py
[2023-11-14T21:41:04.654+0000] {processor.py:829} INFO - Processing file /home/airflow/.local/lib/python3.8/site-packages/airflow/example_dags/example_complex.py for tasks to queue
[2023-11-14T21:41:04.657+0000] {logging_mixin.py:154} INFO - [2023-11-14T21:41:04.656+0000] {dagbag.py:536} INFO - Filling up the DagBag from /home/airflow/.local/lib/python3.8/site-packages/airflow/example_dags/example_complex.py
[2023-11-14T21:41:04.671+0000] {processor.py:839} INFO - DAG(s) dict_keys(['example_complex']) retrieved from /home/airflow/.local/lib/python3.8/site-packages/airflow/example_dags/example_complex.py
[2023-11-14T21:41:04.715+0000] {logging_mixin.py:154} INFO - [2023-11-14T21:41:04.715+0000] {dag.py:2941} INFO - Sync 1 DAGs
[2023-11-14T21:41:04.731+0000] {logging_mixin.py:154} INFO - [2023-11-14T21:41:04.730+0000] {dag.py:3722} INFO - Setting next_dagrun for example_complex to None, run_after=None
[2023-11-14T21:41:04.756+0000] {processor.py:179} INFO - Processing /home/airflow/.local/lib/python3.8/site-packages/airflow/example_dags/example_complex.py took 0.110 seconds
[2023-11-14T21:41:35.415+0000] {processor.py:157} INFO - Started process (PID=888) to work on /home/airflow/.local/lib/python3.8/site-packages/airflow/example_dags/example_complex.py
[2023-11-14T21:41:35.418+0000] {processor.py:829} INFO - Processing file /home/airflow/.local/lib/python3.8/site-packages/airflow/example_dags/example_complex.py for tasks to queue
[2023-11-14T21:41:35.425+0000] {logging_mixin.py:154} INFO - [2023-11-14T21:41:35.424+0000] {dagbag.py:536} INFO - Filling up the DagBag from /home/airflow/.local/lib/python3.8/site-packages/airflow/example_dags/example_complex.py
[2023-11-14T21:41:35.464+0000] {processor.py:839} INFO - DAG(s) dict_keys(['example_complex']) retrieved from /home/airflow/.local/lib/python3.8/site-packages/airflow/example_dags/example_complex.py
[2023-11-14T21:41:35.590+0000] {logging_mixin.py:154} INFO - [2023-11-14T21:41:35.589+0000] {dag.py:2941} INFO - Sync 1 DAGs
[2023-11-14T21:41:35.624+0000] {logging_mixin.py:154} INFO - [2023-11-14T21:41:35.624+0000] {dag.py:3722} INFO - Setting next_dagrun for example_complex to None, run_after=None
[2023-11-14T21:41:35.658+0000] {processor.py:179} INFO - Processing /home/airflow/.local/lib/python3.8/site-packages/airflow/example_dags/example_complex.py took 0.270 seconds
[2023-11-14T21:42:06.685+0000] {processor.py:157} INFO - Started process (PID=949) to work on /home/airflow/.local/lib/python3.8/site-packages/airflow/example_dags/example_complex.py
[2023-11-14T21:42:06.694+0000] {processor.py:829} INFO - Processing file /home/airflow/.local/lib/python3.8/site-packages/airflow/example_dags/example_complex.py for tasks to queue
[2023-11-14T21:42:06.697+0000] {logging_mixin.py:154} INFO - [2023-11-14T21:42:06.697+0000] {dagbag.py:536} INFO - Filling up the DagBag from /home/airflow/.local/lib/python3.8/site-packages/airflow/example_dags/example_complex.py
[2023-11-14T21:42:06.712+0000] {processor.py:839} INFO - DAG(s) dict_keys(['example_complex']) retrieved from /home/airflow/.local/lib/python3.8/site-packages/airflow/example_dags/example_complex.py
[2023-11-14T21:42:06.749+0000] {logging_mixin.py:154} INFO - [2023-11-14T21:42:06.749+0000] {dag.py:2941} INFO - Sync 1 DAGs
[2023-11-14T21:42:06.764+0000] {logging_mixin.py:154} INFO - [2023-11-14T21:42:06.764+0000] {dag.py:3722} INFO - Setting next_dagrun for example_complex to None, run_after=None
[2023-11-14T21:42:06.790+0000] {processor.py:179} INFO - Processing /home/airflow/.local/lib/python3.8/site-packages/airflow/example_dags/example_complex.py took 0.114 seconds
[2023-11-14T21:42:37.595+0000] {processor.py:157} INFO - Started process (PID=1004) to work on /home/airflow/.local/lib/python3.8/site-packages/airflow/example_dags/example_complex.py
[2023-11-14T21:42:37.597+0000] {processor.py:829} INFO - Processing file /home/airflow/.local/lib/python3.8/site-packages/airflow/example_dags/example_complex.py for tasks to queue
[2023-11-14T21:42:37.601+0000] {logging_mixin.py:154} INFO - [2023-11-14T21:42:37.600+0000] {dagbag.py:536} INFO - Filling up the DagBag from /home/airflow/.local/lib/python3.8/site-packages/airflow/example_dags/example_complex.py
[2023-11-14T21:42:37.617+0000] {processor.py:839} INFO - DAG(s) dict_keys(['example_complex']) retrieved from /home/airflow/.local/lib/python3.8/site-packages/airflow/example_dags/example_complex.py
[2023-11-14T21:42:37.656+0000] {logging_mixin.py:154} INFO - [2023-11-14T21:42:37.656+0000] {dag.py:2941} INFO - Sync 1 DAGs
[2023-11-14T21:42:37.673+0000] {logging_mixin.py:154} INFO - [2023-11-14T21:42:37.672+0000] {dag.py:3722} INFO - Setting next_dagrun for example_complex to None, run_after=None
[2023-11-14T21:42:37.710+0000] {processor.py:179} INFO - Processing /home/airflow/.local/lib/python3.8/site-packages/airflow/example_dags/example_complex.py took 0.124 seconds
[2023-11-14T21:43:08.006+0000] {processor.py:157} INFO - Started process (PID=1058) to work on /home/airflow/.local/lib/python3.8/site-packages/airflow/example_dags/example_complex.py
[2023-11-14T21:43:08.008+0000] {processor.py:829} INFO - Processing file /home/airflow/.local/lib/python3.8/site-packages/airflow/example_dags/example_complex.py for tasks to queue
[2023-11-14T21:43:08.012+0000] {logging_mixin.py:154} INFO - [2023-11-14T21:43:08.011+0000] {dagbag.py:536} INFO - Filling up the DagBag from /home/airflow/.local/lib/python3.8/site-packages/airflow/example_dags/example_complex.py
[2023-11-14T21:43:08.028+0000] {processor.py:839} INFO - DAG(s) dict_keys(['example_complex']) retrieved from /home/airflow/.local/lib/python3.8/site-packages/airflow/example_dags/example_complex.py
[2023-11-14T21:43:08.069+0000] {logging_mixin.py:154} INFO - [2023-11-14T21:43:08.069+0000] {dag.py:2941} INFO - Sync 1 DAGs
[2023-11-14T21:43:08.087+0000] {logging_mixin.py:154} INFO - [2023-11-14T21:43:08.087+0000] {dag.py:3722} INFO - Setting next_dagrun for example_complex to None, run_after=None
[2023-11-14T21:43:08.115+0000] {processor.py:179} INFO - Processing /home/airflow/.local/lib/python3.8/site-packages/airflow/example_dags/example_complex.py took 0.116 seconds
[2023-11-14T21:43:38.401+0000] {processor.py:157} INFO - Started process (PID=1112) to work on /home/airflow/.local/lib/python3.8/site-packages/airflow/example_dags/example_complex.py
[2023-11-14T21:43:38.404+0000] {processor.py:829} INFO - Processing file /home/airflow/.local/lib/python3.8/site-packages/airflow/example_dags/example_complex.py for tasks to queue
[2023-11-14T21:43:38.408+0000] {logging_mixin.py:154} INFO - [2023-11-14T21:43:38.408+0000] {dagbag.py:536} INFO - Filling up the DagBag from /home/airflow/.local/lib/python3.8/site-packages/airflow/example_dags/example_complex.py
[2023-11-14T21:43:38.426+0000] {processor.py:839} INFO - DAG(s) dict_keys(['example_complex']) retrieved from /home/airflow/.local/lib/python3.8/site-packages/airflow/example_dags/example_complex.py
[2023-11-14T21:43:38.470+0000] {logging_mixin.py:154} INFO - [2023-11-14T21:43:38.469+0000] {dag.py:2941} INFO - Sync 1 DAGs
[2023-11-14T21:43:38.491+0000] {logging_mixin.py:154} INFO - [2023-11-14T21:43:38.491+0000] {dag.py:3722} INFO - Setting next_dagrun for example_complex to None, run_after=None
[2023-11-14T21:43:38.543+0000] {processor.py:179} INFO - Processing /home/airflow/.local/lib/python3.8/site-packages/airflow/example_dags/example_complex.py took 0.155 seconds
[2023-11-14T21:44:08.700+0000] {processor.py:157} INFO - Started process (PID=1166) to work on /home/airflow/.local/lib/python3.8/site-packages/airflow/example_dags/example_complex.py
[2023-11-14T21:44:08.713+0000] {processor.py:829} INFO - Processing file /home/airflow/.local/lib/python3.8/site-packages/airflow/example_dags/example_complex.py for tasks to queue
[2023-11-14T21:44:08.720+0000] {logging_mixin.py:154} INFO - [2023-11-14T21:44:08.719+0000] {dagbag.py:536} INFO - Filling up the DagBag from /home/airflow/.local/lib/python3.8/site-packages/airflow/example_dags/example_complex.py
[2023-11-14T21:44:08.761+0000] {processor.py:839} INFO - DAG(s) dict_keys(['example_complex']) retrieved from /home/airflow/.local/lib/python3.8/site-packages/airflow/example_dags/example_complex.py
[2023-11-14T21:44:08.852+0000] {logging_mixin.py:154} INFO - [2023-11-14T21:44:08.851+0000] {dag.py:2941} INFO - Sync 1 DAGs
[2023-11-14T21:44:08.873+0000] {logging_mixin.py:154} INFO - [2023-11-14T21:44:08.873+0000] {dag.py:3722} INFO - Setting next_dagrun for example_complex to None, run_after=None
[2023-11-14T21:44:09.083+0000] {processor.py:179} INFO - Processing /home/airflow/.local/lib/python3.8/site-packages/airflow/example_dags/example_complex.py took 0.396 seconds
[2023-11-14T21:44:39.627+0000] {processor.py:157} INFO - Started process (PID=1220) to work on /home/airflow/.local/lib/python3.8/site-packages/airflow/example_dags/example_complex.py
[2023-11-14T21:44:39.640+0000] {processor.py:829} INFO - Processing file /home/airflow/.local/lib/python3.8/site-packages/airflow/example_dags/example_complex.py for tasks to queue
[2023-11-14T21:44:39.644+0000] {logging_mixin.py:154} INFO - [2023-11-14T21:44:39.643+0000] {dagbag.py:536} INFO - Filling up the DagBag from /home/airflow/.local/lib/python3.8/site-packages/airflow/example_dags/example_complex.py
[2023-11-14T21:44:39.657+0000] {processor.py:839} INFO - DAG(s) dict_keys(['example_complex']) retrieved from /home/airflow/.local/lib/python3.8/site-packages/airflow/example_dags/example_complex.py
[2023-11-14T21:44:39.695+0000] {logging_mixin.py:154} INFO - [2023-11-14T21:44:39.694+0000] {dag.py:2941} INFO - Sync 1 DAGs
[2023-11-14T21:44:39.712+0000] {logging_mixin.py:154} INFO - [2023-11-14T21:44:39.712+0000] {dag.py:3722} INFO - Setting next_dagrun for example_complex to None, run_after=None
[2023-11-14T21:44:39.738+0000] {processor.py:179} INFO - Processing /home/airflow/.local/lib/python3.8/site-packages/airflow/example_dags/example_complex.py took 0.119 seconds
[2023-11-14T21:45:10.173+0000] {processor.py:157} INFO - Started process (PID=1274) to work on /home/airflow/.local/lib/python3.8/site-packages/airflow/example_dags/example_complex.py
[2023-11-14T21:45:10.175+0000] {processor.py:829} INFO - Processing file /home/airflow/.local/lib/python3.8/site-packages/airflow/example_dags/example_complex.py for tasks to queue
[2023-11-14T21:45:10.180+0000] {logging_mixin.py:154} INFO - [2023-11-14T21:45:10.179+0000] {dagbag.py:536} INFO - Filling up the DagBag from /home/airflow/.local/lib/python3.8/site-packages/airflow/example_dags/example_complex.py
[2023-11-14T21:45:10.198+0000] {processor.py:839} INFO - DAG(s) dict_keys(['example_complex']) retrieved from /home/airflow/.local/lib/python3.8/site-packages/airflow/example_dags/example_complex.py
[2023-11-14T21:45:10.238+0000] {logging_mixin.py:154} INFO - [2023-11-14T21:45:10.237+0000] {dag.py:2941} INFO - Sync 1 DAGs
[2023-11-14T21:45:10.253+0000] {logging_mixin.py:154} INFO - [2023-11-14T21:45:10.253+0000] {dag.py:3722} INFO - Setting next_dagrun for example_complex to None, run_after=None
[2023-11-14T21:45:10.286+0000] {processor.py:179} INFO - Processing /home/airflow/.local/lib/python3.8/site-packages/airflow/example_dags/example_complex.py took 0.123 seconds
[2023-11-14T21:45:40.780+0000] {processor.py:157} INFO - Started process (PID=1328) to work on /home/airflow/.local/lib/python3.8/site-packages/airflow/example_dags/example_complex.py
[2023-11-14T21:45:40.792+0000] {processor.py:829} INFO - Processing file /home/airflow/.local/lib/python3.8/site-packages/airflow/example_dags/example_complex.py for tasks to queue
[2023-11-14T21:45:40.796+0000] {logging_mixin.py:154} INFO - [2023-11-14T21:45:40.795+0000] {dagbag.py:536} INFO - Filling up the DagBag from /home/airflow/.local/lib/python3.8/site-packages/airflow/example_dags/example_complex.py
[2023-11-14T21:45:40.811+0000] {processor.py:839} INFO - DAG(s) dict_keys(['example_complex']) retrieved from /home/airflow/.local/lib/python3.8/site-packages/airflow/example_dags/example_complex.py
[2023-11-14T21:45:40.856+0000] {logging_mixin.py:154} INFO - [2023-11-14T21:45:40.856+0000] {dag.py:2941} INFO - Sync 1 DAGs
[2023-11-14T21:45:40.878+0000] {logging_mixin.py:154} INFO - [2023-11-14T21:45:40.877+0000] {dag.py:3722} INFO - Setting next_dagrun for example_complex to None, run_after=None
[2023-11-14T21:45:40.919+0000] {processor.py:179} INFO - Processing /home/airflow/.local/lib/python3.8/site-packages/airflow/example_dags/example_complex.py took 0.149 seconds
[2023-11-14T21:46:11.045+0000] {processor.py:157} INFO - Started process (PID=1382) to work on /home/airflow/.local/lib/python3.8/site-packages/airflow/example_dags/example_complex.py
[2023-11-14T21:46:11.046+0000] {processor.py:829} INFO - Processing file /home/airflow/.local/lib/python3.8/site-packages/airflow/example_dags/example_complex.py for tasks to queue
[2023-11-14T21:46:11.048+0000] {logging_mixin.py:154} INFO - [2023-11-14T21:46:11.048+0000] {dagbag.py:536} INFO - Filling up the DagBag from /home/airflow/.local/lib/python3.8/site-packages/airflow/example_dags/example_complex.py
[2023-11-14T21:46:11.062+0000] {processor.py:839} INFO - DAG(s) dict_keys(['example_complex']) retrieved from /home/airflow/.local/lib/python3.8/site-packages/airflow/example_dags/example_complex.py
[2023-11-14T21:46:11.105+0000] {logging_mixin.py:154} INFO - [2023-11-14T21:46:11.105+0000] {dag.py:2941} INFO - Sync 1 DAGs
[2023-11-14T21:46:11.125+0000] {logging_mixin.py:154} INFO - [2023-11-14T21:46:11.124+0000] {dag.py:3722} INFO - Setting next_dagrun for example_complex to None, run_after=None
[2023-11-14T21:46:11.166+0000] {processor.py:179} INFO - Processing /home/airflow/.local/lib/python3.8/site-packages/airflow/example_dags/example_complex.py took 0.126 seconds
[2023-11-14T21:46:41.221+0000] {processor.py:157} INFO - Started process (PID=1436) to work on /home/airflow/.local/lib/python3.8/site-packages/airflow/example_dags/example_complex.py
[2023-11-14T21:46:41.222+0000] {processor.py:829} INFO - Processing file /home/airflow/.local/lib/python3.8/site-packages/airflow/example_dags/example_complex.py for tasks to queue
[2023-11-14T21:46:41.225+0000] {logging_mixin.py:154} INFO - [2023-11-14T21:46:41.225+0000] {dagbag.py:536} INFO - Filling up the DagBag from /home/airflow/.local/lib/python3.8/site-packages/airflow/example_dags/example_complex.py
[2023-11-14T21:46:41.240+0000] {processor.py:839} INFO - DAG(s) dict_keys(['example_complex']) retrieved from /home/airflow/.local/lib/python3.8/site-packages/airflow/example_dags/example_complex.py
[2023-11-14T21:46:41.278+0000] {logging_mixin.py:154} INFO - [2023-11-14T21:46:41.278+0000] {dag.py:2941} INFO - Sync 1 DAGs
[2023-11-14T21:46:41.431+0000] {logging_mixin.py:154} INFO - [2023-11-14T21:46:41.431+0000] {dag.py:3722} INFO - Setting next_dagrun for example_complex to None, run_after=None
[2023-11-14T21:46:41.452+0000] {processor.py:179} INFO - Processing /home/airflow/.local/lib/python3.8/site-packages/airflow/example_dags/example_complex.py took 0.236 seconds
[2023-11-14T21:47:12.103+0000] {processor.py:157} INFO - Started process (PID=1490) to work on /home/airflow/.local/lib/python3.8/site-packages/airflow/example_dags/example_complex.py
[2023-11-14T21:47:12.105+0000] {processor.py:829} INFO - Processing file /home/airflow/.local/lib/python3.8/site-packages/airflow/example_dags/example_complex.py for tasks to queue
[2023-11-14T21:47:12.109+0000] {logging_mixin.py:154} INFO - [2023-11-14T21:47:12.108+0000] {dagbag.py:536} INFO - Filling up the DagBag from /home/airflow/.local/lib/python3.8/site-packages/airflow/example_dags/example_complex.py
[2023-11-14T21:47:12.134+0000] {processor.py:839} INFO - DAG(s) dict_keys(['example_complex']) retrieved from /home/airflow/.local/lib/python3.8/site-packages/airflow/example_dags/example_complex.py
[2023-11-14T21:47:12.183+0000] {logging_mixin.py:154} INFO - [2023-11-14T21:47:12.182+0000] {dag.py:2941} INFO - Sync 1 DAGs
[2023-11-14T21:47:12.208+0000] {logging_mixin.py:154} INFO - [2023-11-14T21:47:12.208+0000] {dag.py:3722} INFO - Setting next_dagrun for example_complex to None, run_after=None
[2023-11-14T21:47:12.256+0000] {processor.py:179} INFO - Processing /home/airflow/.local/lib/python3.8/site-packages/airflow/example_dags/example_complex.py took 0.159 seconds
[2023-11-14T21:47:42.625+0000] {processor.py:157} INFO - Started process (PID=1544) to work on /home/airflow/.local/lib/python3.8/site-packages/airflow/example_dags/example_complex.py
[2023-11-14T21:47:42.627+0000] {processor.py:829} INFO - Processing file /home/airflow/.local/lib/python3.8/site-packages/airflow/example_dags/example_complex.py for tasks to queue
[2023-11-14T21:47:42.630+0000] {logging_mixin.py:154} INFO - [2023-11-14T21:47:42.629+0000] {dagbag.py:536} INFO - Filling up the DagBag from /home/airflow/.local/lib/python3.8/site-packages/airflow/example_dags/example_complex.py
[2023-11-14T21:47:42.655+0000] {processor.py:839} INFO - DAG(s) dict_keys(['example_complex']) retrieved from /home/airflow/.local/lib/python3.8/site-packages/airflow/example_dags/example_complex.py
[2023-11-14T21:47:42.711+0000] {logging_mixin.py:154} INFO - [2023-11-14T21:47:42.711+0000] {dag.py:2941} INFO - Sync 1 DAGs
[2023-11-14T21:47:42.728+0000] {logging_mixin.py:154} INFO - [2023-11-14T21:47:42.728+0000] {dag.py:3722} INFO - Setting next_dagrun for example_complex to None, run_after=None
[2023-11-14T21:47:42.760+0000] {processor.py:179} INFO - Processing /home/airflow/.local/lib/python3.8/site-packages/airflow/example_dags/example_complex.py took 0.140 seconds
[2023-11-14T21:48:14.387+0000] {processor.py:157} INFO - Started process (PID=1599) to work on /home/airflow/.local/lib/python3.8/site-packages/airflow/example_dags/example_complex.py
[2023-11-14T21:48:14.390+0000] {processor.py:829} INFO - Processing file /home/airflow/.local/lib/python3.8/site-packages/airflow/example_dags/example_complex.py for tasks to queue
[2023-11-14T21:48:14.393+0000] {logging_mixin.py:154} INFO - [2023-11-14T21:48:14.392+0000] {dagbag.py:536} INFO - Filling up the DagBag from /home/airflow/.local/lib/python3.8/site-packages/airflow/example_dags/example_complex.py
[2023-11-14T21:48:14.411+0000] {processor.py:839} INFO - DAG(s) dict_keys(['example_complex']) retrieved from /home/airflow/.local/lib/python3.8/site-packages/airflow/example_dags/example_complex.py
[2023-11-14T21:48:14.458+0000] {logging_mixin.py:154} INFO - [2023-11-14T21:48:14.457+0000] {dag.py:2941} INFO - Sync 1 DAGs
[2023-11-14T21:48:14.662+0000] {logging_mixin.py:154} INFO - [2023-11-14T21:48:14.662+0000] {dag.py:3722} INFO - Setting next_dagrun for example_complex to None, run_after=None
[2023-11-14T21:48:14.711+0000] {processor.py:179} INFO - Processing /home/airflow/.local/lib/python3.8/site-packages/airflow/example_dags/example_complex.py took 0.329 seconds
[2023-11-14T21:48:45.399+0000] {processor.py:157} INFO - Started process (PID=1653) to work on /home/airflow/.local/lib/python3.8/site-packages/airflow/example_dags/example_complex.py
[2023-11-14T21:48:45.411+0000] {processor.py:829} INFO - Processing file /home/airflow/.local/lib/python3.8/site-packages/airflow/example_dags/example_complex.py for tasks to queue
[2023-11-14T21:48:45.414+0000] {logging_mixin.py:154} INFO - [2023-11-14T21:48:45.414+0000] {dagbag.py:536} INFO - Filling up the DagBag from /home/airflow/.local/lib/python3.8/site-packages/airflow/example_dags/example_complex.py
[2023-11-14T21:48:45.429+0000] {processor.py:839} INFO - DAG(s) dict_keys(['example_complex']) retrieved from /home/airflow/.local/lib/python3.8/site-packages/airflow/example_dags/example_complex.py
[2023-11-14T21:48:45.468+0000] {logging_mixin.py:154} INFO - [2023-11-14T21:48:45.468+0000] {dag.py:2941} INFO - Sync 1 DAGs
[2023-11-14T21:48:45.483+0000] {logging_mixin.py:154} INFO - [2023-11-14T21:48:45.483+0000] {dag.py:3722} INFO - Setting next_dagrun for example_complex to None, run_after=None
[2023-11-14T21:48:45.542+0000] {processor.py:179} INFO - Processing /home/airflow/.local/lib/python3.8/site-packages/airflow/example_dags/example_complex.py took 0.150 seconds
[2023-11-14T21:49:15.700+0000] {processor.py:157} INFO - Started process (PID=1707) to work on /home/airflow/.local/lib/python3.8/site-packages/airflow/example_dags/example_complex.py
[2023-11-14T21:49:15.701+0000] {processor.py:829} INFO - Processing file /home/airflow/.local/lib/python3.8/site-packages/airflow/example_dags/example_complex.py for tasks to queue
[2023-11-14T21:49:15.704+0000] {logging_mixin.py:154} INFO - [2023-11-14T21:49:15.704+0000] {dagbag.py:536} INFO - Filling up the DagBag from /home/airflow/.local/lib/python3.8/site-packages/airflow/example_dags/example_complex.py
[2023-11-14T21:49:15.720+0000] {processor.py:839} INFO - DAG(s) dict_keys(['example_complex']) retrieved from /home/airflow/.local/lib/python3.8/site-packages/airflow/example_dags/example_complex.py
[2023-11-14T21:49:15.979+0000] {logging_mixin.py:154} INFO - [2023-11-14T21:49:15.979+0000] {dag.py:2941} INFO - Sync 1 DAGs
[2023-11-14T21:49:15.993+0000] {logging_mixin.py:154} INFO - [2023-11-14T21:49:15.993+0000] {dag.py:3722} INFO - Setting next_dagrun for example_complex to None, run_after=None
[2023-11-14T21:49:16.060+0000] {processor.py:179} INFO - Processing /home/airflow/.local/lib/python3.8/site-packages/airflow/example_dags/example_complex.py took 0.365 seconds
[2023-11-14T21:49:46.336+0000] {processor.py:157} INFO - Started process (PID=1761) to work on /home/airflow/.local/lib/python3.8/site-packages/airflow/example_dags/example_complex.py
[2023-11-14T21:49:46.337+0000] {processor.py:829} INFO - Processing file /home/airflow/.local/lib/python3.8/site-packages/airflow/example_dags/example_complex.py for tasks to queue
[2023-11-14T21:49:46.341+0000] {logging_mixin.py:154} INFO - [2023-11-14T21:49:46.340+0000] {dagbag.py:536} INFO - Filling up the DagBag from /home/airflow/.local/lib/python3.8/site-packages/airflow/example_dags/example_complex.py
[2023-11-14T21:49:46.359+0000] {processor.py:839} INFO - DAG(s) dict_keys(['example_complex']) retrieved from /home/airflow/.local/lib/python3.8/site-packages/airflow/example_dags/example_complex.py
[2023-11-14T21:49:46.419+0000] {logging_mixin.py:154} INFO - [2023-11-14T21:49:46.418+0000] {dag.py:2941} INFO - Sync 1 DAGs
[2023-11-14T21:49:46.439+0000] {logging_mixin.py:154} INFO - [2023-11-14T21:49:46.439+0000] {dag.py:3722} INFO - Setting next_dagrun for example_complex to None, run_after=None
[2023-11-14T21:49:46.467+0000] {processor.py:179} INFO - Processing /home/airflow/.local/lib/python3.8/site-packages/airflow/example_dags/example_complex.py took 0.137 seconds
[2023-11-14T21:50:16.940+0000] {processor.py:157} INFO - Started process (PID=1815) to work on /home/airflow/.local/lib/python3.8/site-packages/airflow/example_dags/example_complex.py
[2023-11-14T21:50:16.942+0000] {processor.py:829} INFO - Processing file /home/airflow/.local/lib/python3.8/site-packages/airflow/example_dags/example_complex.py for tasks to queue
[2023-11-14T21:50:16.944+0000] {logging_mixin.py:154} INFO - [2023-11-14T21:50:16.944+0000] {dagbag.py:536} INFO - Filling up the DagBag from /home/airflow/.local/lib/python3.8/site-packages/airflow/example_dags/example_complex.py
[2023-11-14T21:50:16.960+0000] {processor.py:839} INFO - DAG(s) dict_keys(['example_complex']) retrieved from /home/airflow/.local/lib/python3.8/site-packages/airflow/example_dags/example_complex.py
[2023-11-14T21:50:16.999+0000] {logging_mixin.py:154} INFO - [2023-11-14T21:50:16.999+0000] {dag.py:2941} INFO - Sync 1 DAGs
[2023-11-14T21:50:17.015+0000] {logging_mixin.py:154} INFO - [2023-11-14T21:50:17.014+0000] {dag.py:3722} INFO - Setting next_dagrun for example_complex to None, run_after=None
[2023-11-14T21:50:17.038+0000] {processor.py:179} INFO - Processing /home/airflow/.local/lib/python3.8/site-packages/airflow/example_dags/example_complex.py took 0.102 seconds
[2023-11-14T21:50:47.391+0000] {processor.py:157} INFO - Started process (PID=1869) to work on /home/airflow/.local/lib/python3.8/site-packages/airflow/example_dags/example_complex.py
[2023-11-14T21:50:47.392+0000] {processor.py:829} INFO - Processing file /home/airflow/.local/lib/python3.8/site-packages/airflow/example_dags/example_complex.py for tasks to queue
[2023-11-14T21:50:47.396+0000] {logging_mixin.py:154} INFO - [2023-11-14T21:50:47.395+0000] {dagbag.py:536} INFO - Filling up the DagBag from /home/airflow/.local/lib/python3.8/site-packages/airflow/example_dags/example_complex.py
[2023-11-14T21:50:47.412+0000] {processor.py:839} INFO - DAG(s) dict_keys(['example_complex']) retrieved from /home/airflow/.local/lib/python3.8/site-packages/airflow/example_dags/example_complex.py
[2023-11-14T21:50:47.452+0000] {logging_mixin.py:154} INFO - [2023-11-14T21:50:47.452+0000] {dag.py:2941} INFO - Sync 1 DAGs
[2023-11-14T21:50:47.469+0000] {logging_mixin.py:154} INFO - [2023-11-14T21:50:47.469+0000] {dag.py:3722} INFO - Setting next_dagrun for example_complex to None, run_after=None
[2023-11-14T21:50:47.495+0000] {processor.py:179} INFO - Processing /home/airflow/.local/lib/python3.8/site-packages/airflow/example_dags/example_complex.py took 0.109 seconds
[2023-11-14T21:51:17.859+0000] {processor.py:157} INFO - Started process (PID=1923) to work on /home/airflow/.local/lib/python3.8/site-packages/airflow/example_dags/example_complex.py
[2023-11-14T21:51:17.861+0000] {processor.py:829} INFO - Processing file /home/airflow/.local/lib/python3.8/site-packages/airflow/example_dags/example_complex.py for tasks to queue
[2023-11-14T21:51:17.864+0000] {logging_mixin.py:154} INFO - [2023-11-14T21:51:17.864+0000] {dagbag.py:536} INFO - Filling up the DagBag from /home/airflow/.local/lib/python3.8/site-packages/airflow/example_dags/example_complex.py
[2023-11-14T21:51:17.882+0000] {processor.py:839} INFO - DAG(s) dict_keys(['example_complex']) retrieved from /home/airflow/.local/lib/python3.8/site-packages/airflow/example_dags/example_complex.py
[2023-11-14T21:51:17.925+0000] {logging_mixin.py:154} INFO - [2023-11-14T21:51:17.925+0000] {dag.py:2941} INFO - Sync 1 DAGs
[2023-11-14T21:51:17.941+0000] {logging_mixin.py:154} INFO - [2023-11-14T21:51:17.941+0000] {dag.py:3722} INFO - Setting next_dagrun for example_complex to None, run_after=None
[2023-11-14T21:51:17.965+0000] {processor.py:179} INFO - Processing /home/airflow/.local/lib/python3.8/site-packages/airflow/example_dags/example_complex.py took 0.111 seconds
[2023-11-14T21:51:48.313+0000] {processor.py:157} INFO - Started process (PID=1977) to work on /home/airflow/.local/lib/python3.8/site-packages/airflow/example_dags/example_complex.py
[2023-11-14T21:51:48.315+0000] {processor.py:829} INFO - Processing file /home/airflow/.local/lib/python3.8/site-packages/airflow/example_dags/example_complex.py for tasks to queue
[2023-11-14T21:51:48.319+0000] {logging_mixin.py:154} INFO - [2023-11-14T21:51:48.318+0000] {dagbag.py:536} INFO - Filling up the DagBag from /home/airflow/.local/lib/python3.8/site-packages/airflow/example_dags/example_complex.py
[2023-11-14T21:51:48.336+0000] {processor.py:839} INFO - DAG(s) dict_keys(['example_complex']) retrieved from /home/airflow/.local/lib/python3.8/site-packages/airflow/example_dags/example_complex.py
[2023-11-14T21:51:48.375+0000] {logging_mixin.py:154} INFO - [2023-11-14T21:51:48.374+0000] {dag.py:2941} INFO - Sync 1 DAGs
[2023-11-14T21:51:48.390+0000] {logging_mixin.py:154} INFO - [2023-11-14T21:51:48.390+0000] {dag.py:3722} INFO - Setting next_dagrun for example_complex to None, run_after=None
[2023-11-14T21:51:48.415+0000] {processor.py:179} INFO - Processing /home/airflow/.local/lib/python3.8/site-packages/airflow/example_dags/example_complex.py took 0.108 seconds
[2023-11-14T21:52:19.110+0000] {processor.py:157} INFO - Started process (PID=2032) to work on /home/airflow/.local/lib/python3.8/site-packages/airflow/example_dags/example_complex.py
[2023-11-14T21:52:19.112+0000] {processor.py:829} INFO - Processing file /home/airflow/.local/lib/python3.8/site-packages/airflow/example_dags/example_complex.py for tasks to queue
[2023-11-14T21:52:19.114+0000] {logging_mixin.py:154} INFO - [2023-11-14T21:52:19.114+0000] {dagbag.py:536} INFO - Filling up the DagBag from /home/airflow/.local/lib/python3.8/site-packages/airflow/example_dags/example_complex.py
[2023-11-14T21:52:19.128+0000] {processor.py:839} INFO - DAG(s) dict_keys(['example_complex']) retrieved from /home/airflow/.local/lib/python3.8/site-packages/airflow/example_dags/example_complex.py
[2023-11-14T21:52:19.165+0000] {logging_mixin.py:154} INFO - [2023-11-14T21:52:19.165+0000] {dag.py:2941} INFO - Sync 1 DAGs
[2023-11-14T21:52:19.181+0000] {logging_mixin.py:154} INFO - [2023-11-14T21:52:19.180+0000] {dag.py:3722} INFO - Setting next_dagrun for example_complex to None, run_after=None
[2023-11-14T21:52:19.203+0000] {processor.py:179} INFO - Processing /home/airflow/.local/lib/python3.8/site-packages/airflow/example_dags/example_complex.py took 0.097 seconds
[2023-11-14T21:52:49.395+0000] {processor.py:157} INFO - Started process (PID=2086) to work on /home/airflow/.local/lib/python3.8/site-packages/airflow/example_dags/example_complex.py
[2023-11-14T21:52:49.396+0000] {processor.py:829} INFO - Processing file /home/airflow/.local/lib/python3.8/site-packages/airflow/example_dags/example_complex.py for tasks to queue
[2023-11-14T21:52:49.399+0000] {logging_mixin.py:154} INFO - [2023-11-14T21:52:49.399+0000] {dagbag.py:536} INFO - Filling up the DagBag from /home/airflow/.local/lib/python3.8/site-packages/airflow/example_dags/example_complex.py
[2023-11-14T21:52:49.413+0000] {processor.py:839} INFO - DAG(s) dict_keys(['example_complex']) retrieved from /home/airflow/.local/lib/python3.8/site-packages/airflow/example_dags/example_complex.py
[2023-11-14T21:52:49.452+0000] {logging_mixin.py:154} INFO - [2023-11-14T21:52:49.452+0000] {dag.py:2941} INFO - Sync 1 DAGs
[2023-11-14T21:52:49.470+0000] {logging_mixin.py:154} INFO - [2023-11-14T21:52:49.470+0000] {dag.py:3722} INFO - Setting next_dagrun for example_complex to None, run_after=None
[2023-11-14T21:52:49.495+0000] {processor.py:179} INFO - Processing /home/airflow/.local/lib/python3.8/site-packages/airflow/example_dags/example_complex.py took 0.105 seconds
[2023-11-14T21:53:20.222+0000] {processor.py:157} INFO - Started process (PID=2140) to work on /home/airflow/.local/lib/python3.8/site-packages/airflow/example_dags/example_complex.py
[2023-11-14T21:53:20.224+0000] {processor.py:829} INFO - Processing file /home/airflow/.local/lib/python3.8/site-packages/airflow/example_dags/example_complex.py for tasks to queue
[2023-11-14T21:53:20.227+0000] {logging_mixin.py:154} INFO - [2023-11-14T21:53:20.226+0000] {dagbag.py:536} INFO - Filling up the DagBag from /home/airflow/.local/lib/python3.8/site-packages/airflow/example_dags/example_complex.py
[2023-11-14T21:53:20.241+0000] {processor.py:839} INFO - DAG(s) dict_keys(['example_complex']) retrieved from /home/airflow/.local/lib/python3.8/site-packages/airflow/example_dags/example_complex.py
[2023-11-14T21:53:20.280+0000] {logging_mixin.py:154} INFO - [2023-11-14T21:53:20.280+0000] {dag.py:2941} INFO - Sync 1 DAGs
[2023-11-14T21:53:20.297+0000] {logging_mixin.py:154} INFO - [2023-11-14T21:53:20.296+0000] {dag.py:3722} INFO - Setting next_dagrun for example_complex to None, run_after=None
[2023-11-14T21:53:20.321+0000] {processor.py:179} INFO - Processing /home/airflow/.local/lib/python3.8/site-packages/airflow/example_dags/example_complex.py took 0.104 seconds
[2023-11-14T21:53:51.127+0000] {processor.py:157} INFO - Started process (PID=2194) to work on /home/airflow/.local/lib/python3.8/site-packages/airflow/example_dags/example_complex.py
[2023-11-14T21:53:51.129+0000] {processor.py:829} INFO - Processing file /home/airflow/.local/lib/python3.8/site-packages/airflow/example_dags/example_complex.py for tasks to queue
[2023-11-14T21:53:51.132+0000] {logging_mixin.py:154} INFO - [2023-11-14T21:53:51.131+0000] {dagbag.py:536} INFO - Filling up the DagBag from /home/airflow/.local/lib/python3.8/site-packages/airflow/example_dags/example_complex.py
[2023-11-14T21:53:51.147+0000] {processor.py:839} INFO - DAG(s) dict_keys(['example_complex']) retrieved from /home/airflow/.local/lib/python3.8/site-packages/airflow/example_dags/example_complex.py
[2023-11-14T21:53:51.185+0000] {logging_mixin.py:154} INFO - [2023-11-14T21:53:51.185+0000] {dag.py:2941} INFO - Sync 1 DAGs
[2023-11-14T21:53:51.201+0000] {logging_mixin.py:154} INFO - [2023-11-14T21:53:51.201+0000] {dag.py:3722} INFO - Setting next_dagrun for example_complex to None, run_after=None
[2023-11-14T21:53:51.237+0000] {processor.py:179} INFO - Processing /home/airflow/.local/lib/python3.8/site-packages/airflow/example_dags/example_complex.py took 0.114 seconds
[2023-11-14T21:54:21.728+0000] {processor.py:157} INFO - Started process (PID=2248) to work on /home/airflow/.local/lib/python3.8/site-packages/airflow/example_dags/example_complex.py
[2023-11-14T21:54:21.729+0000] {processor.py:829} INFO - Processing file /home/airflow/.local/lib/python3.8/site-packages/airflow/example_dags/example_complex.py for tasks to queue
[2023-11-14T21:54:21.733+0000] {logging_mixin.py:154} INFO - [2023-11-14T21:54:21.732+0000] {dagbag.py:536} INFO - Filling up the DagBag from /home/airflow/.local/lib/python3.8/site-packages/airflow/example_dags/example_complex.py
[2023-11-14T21:54:21.753+0000] {processor.py:839} INFO - DAG(s) dict_keys(['example_complex']) retrieved from /home/airflow/.local/lib/python3.8/site-packages/airflow/example_dags/example_complex.py
[2023-11-14T21:54:21.805+0000] {logging_mixin.py:154} INFO - [2023-11-14T21:54:21.805+0000] {dag.py:2941} INFO - Sync 1 DAGs
[2023-11-14T21:54:21.825+0000] {logging_mixin.py:154} INFO - [2023-11-14T21:54:21.825+0000] {dag.py:3722} INFO - Setting next_dagrun for example_complex to None, run_after=None
[2023-11-14T21:54:21.855+0000] {processor.py:179} INFO - Processing /home/airflow/.local/lib/python3.8/site-packages/airflow/example_dags/example_complex.py took 0.132 seconds
[2023-11-14T21:54:52.661+0000] {processor.py:157} INFO - Started process (PID=2302) to work on /home/airflow/.local/lib/python3.8/site-packages/airflow/example_dags/example_complex.py
[2023-11-14T21:54:52.663+0000] {processor.py:829} INFO - Processing file /home/airflow/.local/lib/python3.8/site-packages/airflow/example_dags/example_complex.py for tasks to queue
[2023-11-14T21:54:52.668+0000] {logging_mixin.py:154} INFO - [2023-11-14T21:54:52.667+0000] {dagbag.py:536} INFO - Filling up the DagBag from /home/airflow/.local/lib/python3.8/site-packages/airflow/example_dags/example_complex.py
[2023-11-14T21:54:52.687+0000] {processor.py:839} INFO - DAG(s) dict_keys(['example_complex']) retrieved from /home/airflow/.local/lib/python3.8/site-packages/airflow/example_dags/example_complex.py
[2023-11-14T21:54:52.734+0000] {logging_mixin.py:154} INFO - [2023-11-14T21:54:52.733+0000] {dag.py:2941} INFO - Sync 1 DAGs
[2023-11-14T21:54:52.755+0000] {logging_mixin.py:154} INFO - [2023-11-14T21:54:52.755+0000] {dag.py:3722} INFO - Setting next_dagrun for example_complex to None, run_after=None
[2023-11-14T21:54:52.795+0000] {processor.py:179} INFO - Processing /home/airflow/.local/lib/python3.8/site-packages/airflow/example_dags/example_complex.py took 0.141 seconds
[2023-11-14T21:55:22.999+0000] {processor.py:157} INFO - Started process (PID=2357) to work on /home/airflow/.local/lib/python3.8/site-packages/airflow/example_dags/example_complex.py
[2023-11-14T21:55:23.000+0000] {processor.py:829} INFO - Processing file /home/airflow/.local/lib/python3.8/site-packages/airflow/example_dags/example_complex.py for tasks to queue
[2023-11-14T21:55:23.004+0000] {logging_mixin.py:154} INFO - [2023-11-14T21:55:23.003+0000] {dagbag.py:536} INFO - Filling up the DagBag from /home/airflow/.local/lib/python3.8/site-packages/airflow/example_dags/example_complex.py
[2023-11-14T21:55:23.020+0000] {processor.py:839} INFO - DAG(s) dict_keys(['example_complex']) retrieved from /home/airflow/.local/lib/python3.8/site-packages/airflow/example_dags/example_complex.py
[2023-11-14T21:55:23.064+0000] {logging_mixin.py:154} INFO - [2023-11-14T21:55:23.064+0000] {dag.py:2941} INFO - Sync 1 DAGs
[2023-11-14T21:55:23.083+0000] {logging_mixin.py:154} INFO - [2023-11-14T21:55:23.083+0000] {dag.py:3722} INFO - Setting next_dagrun for example_complex to None, run_after=None
[2023-11-14T21:55:23.118+0000] {processor.py:179} INFO - Processing /home/airflow/.local/lib/python3.8/site-packages/airflow/example_dags/example_complex.py took 0.123 seconds
[2023-11-14T21:55:53.329+0000] {processor.py:157} INFO - Started process (PID=2411) to work on /home/airflow/.local/lib/python3.8/site-packages/airflow/example_dags/example_complex.py
[2023-11-14T21:55:53.330+0000] {processor.py:829} INFO - Processing file /home/airflow/.local/lib/python3.8/site-packages/airflow/example_dags/example_complex.py for tasks to queue
[2023-11-14T21:55:53.333+0000] {logging_mixin.py:154} INFO - [2023-11-14T21:55:53.333+0000] {dagbag.py:536} INFO - Filling up the DagBag from /home/airflow/.local/lib/python3.8/site-packages/airflow/example_dags/example_complex.py
[2023-11-14T21:55:53.347+0000] {processor.py:839} INFO - DAG(s) dict_keys(['example_complex']) retrieved from /home/airflow/.local/lib/python3.8/site-packages/airflow/example_dags/example_complex.py
[2023-11-14T21:55:53.386+0000] {logging_mixin.py:154} INFO - [2023-11-14T21:55:53.386+0000] {dag.py:2941} INFO - Sync 1 DAGs
[2023-11-14T21:55:53.401+0000] {logging_mixin.py:154} INFO - [2023-11-14T21:55:53.401+0000] {dag.py:3722} INFO - Setting next_dagrun for example_complex to None, run_after=None
[2023-11-14T21:55:53.423+0000] {processor.py:179} INFO - Processing /home/airflow/.local/lib/python3.8/site-packages/airflow/example_dags/example_complex.py took 0.099 seconds
[2023-11-14T21:56:23.894+0000] {processor.py:157} INFO - Started process (PID=2465) to work on /home/airflow/.local/lib/python3.8/site-packages/airflow/example_dags/example_complex.py
[2023-11-14T21:56:23.895+0000] {processor.py:829} INFO - Processing file /home/airflow/.local/lib/python3.8/site-packages/airflow/example_dags/example_complex.py for tasks to queue
[2023-11-14T21:56:23.899+0000] {logging_mixin.py:154} INFO - [2023-11-14T21:56:23.898+0000] {dagbag.py:536} INFO - Filling up the DagBag from /home/airflow/.local/lib/python3.8/site-packages/airflow/example_dags/example_complex.py
[2023-11-14T21:56:23.914+0000] {processor.py:839} INFO - DAG(s) dict_keys(['example_complex']) retrieved from /home/airflow/.local/lib/python3.8/site-packages/airflow/example_dags/example_complex.py
[2023-11-14T21:56:23.954+0000] {logging_mixin.py:154} INFO - [2023-11-14T21:56:23.954+0000] {dag.py:2941} INFO - Sync 1 DAGs
[2023-11-14T21:56:23.972+0000] {logging_mixin.py:154} INFO - [2023-11-14T21:56:23.972+0000] {dag.py:3722} INFO - Setting next_dagrun for example_complex to None, run_after=None
[2023-11-14T21:56:23.997+0000] {processor.py:179} INFO - Processing /home/airflow/.local/lib/python3.8/site-packages/airflow/example_dags/example_complex.py took 0.108 seconds
[2023-11-14T21:56:54.764+0000] {processor.py:157} INFO - Started process (PID=2520) to work on /home/airflow/.local/lib/python3.8/site-packages/airflow/example_dags/example_complex.py
[2023-11-14T21:56:54.765+0000] {processor.py:829} INFO - Processing file /home/airflow/.local/lib/python3.8/site-packages/airflow/example_dags/example_complex.py for tasks to queue
[2023-11-14T21:56:54.768+0000] {logging_mixin.py:154} INFO - [2023-11-14T21:56:54.768+0000] {dagbag.py:536} INFO - Filling up the DagBag from /home/airflow/.local/lib/python3.8/site-packages/airflow/example_dags/example_complex.py
[2023-11-14T21:56:54.782+0000] {processor.py:839} INFO - DAG(s) dict_keys(['example_complex']) retrieved from /home/airflow/.local/lib/python3.8/site-packages/airflow/example_dags/example_complex.py
[2023-11-14T21:56:54.823+0000] {logging_mixin.py:154} INFO - [2023-11-14T21:56:54.823+0000] {dag.py:2941} INFO - Sync 1 DAGs
[2023-11-14T21:56:54.839+0000] {logging_mixin.py:154} INFO - [2023-11-14T21:56:54.839+0000] {dag.py:3722} INFO - Setting next_dagrun for example_complex to None, run_after=None
[2023-11-14T21:56:54.864+0000] {processor.py:179} INFO - Processing /home/airflow/.local/lib/python3.8/site-packages/airflow/example_dags/example_complex.py took 0.105 seconds
[2023-11-14T21:57:25.540+0000] {processor.py:157} INFO - Started process (PID=2574) to work on /home/airflow/.local/lib/python3.8/site-packages/airflow/example_dags/example_complex.py
[2023-11-14T21:57:25.541+0000] {processor.py:829} INFO - Processing file /home/airflow/.local/lib/python3.8/site-packages/airflow/example_dags/example_complex.py for tasks to queue
[2023-11-14T21:57:25.544+0000] {logging_mixin.py:154} INFO - [2023-11-14T21:57:25.544+0000] {dagbag.py:536} INFO - Filling up the DagBag from /home/airflow/.local/lib/python3.8/site-packages/airflow/example_dags/example_complex.py
[2023-11-14T21:57:25.559+0000] {processor.py:839} INFO - DAG(s) dict_keys(['example_complex']) retrieved from /home/airflow/.local/lib/python3.8/site-packages/airflow/example_dags/example_complex.py
[2023-11-14T21:57:25.602+0000] {logging_mixin.py:154} INFO - [2023-11-14T21:57:25.602+0000] {dag.py:2941} INFO - Sync 1 DAGs
[2023-11-14T21:57:25.619+0000] {logging_mixin.py:154} INFO - [2023-11-14T21:57:25.619+0000] {dag.py:3722} INFO - Setting next_dagrun for example_complex to None, run_after=None
[2023-11-14T21:57:25.644+0000] {processor.py:179} INFO - Processing /home/airflow/.local/lib/python3.8/site-packages/airflow/example_dags/example_complex.py took 0.109 seconds
[2023-11-14T21:57:55.981+0000] {processor.py:157} INFO - Started process (PID=2629) to work on /home/airflow/.local/lib/python3.8/site-packages/airflow/example_dags/example_complex.py
[2023-11-14T21:57:55.982+0000] {processor.py:829} INFO - Processing file /home/airflow/.local/lib/python3.8/site-packages/airflow/example_dags/example_complex.py for tasks to queue
[2023-11-14T21:57:55.985+0000] {logging_mixin.py:154} INFO - [2023-11-14T21:57:55.985+0000] {dagbag.py:536} INFO - Filling up the DagBag from /home/airflow/.local/lib/python3.8/site-packages/airflow/example_dags/example_complex.py
[2023-11-14T21:57:56.002+0000] {processor.py:839} INFO - DAG(s) dict_keys(['example_complex']) retrieved from /home/airflow/.local/lib/python3.8/site-packages/airflow/example_dags/example_complex.py
[2023-11-14T21:57:56.053+0000] {logging_mixin.py:154} INFO - [2023-11-14T21:57:56.052+0000] {dag.py:2941} INFO - Sync 1 DAGs
[2023-11-14T21:57:56.075+0000] {logging_mixin.py:154} INFO - [2023-11-14T21:57:56.074+0000] {dag.py:3722} INFO - Setting next_dagrun for example_complex to None, run_after=None
[2023-11-14T21:57:56.117+0000] {processor.py:179} INFO - Processing /home/airflow/.local/lib/python3.8/site-packages/airflow/example_dags/example_complex.py took 0.142 seconds
[2023-11-14T21:58:26.174+0000] {processor.py:157} INFO - Started process (PID=2683) to work on /home/airflow/.local/lib/python3.8/site-packages/airflow/example_dags/example_complex.py
[2023-11-14T21:58:26.175+0000] {processor.py:829} INFO - Processing file /home/airflow/.local/lib/python3.8/site-packages/airflow/example_dags/example_complex.py for tasks to queue
[2023-11-14T21:58:26.179+0000] {logging_mixin.py:154} INFO - [2023-11-14T21:58:26.178+0000] {dagbag.py:536} INFO - Filling up the DagBag from /home/airflow/.local/lib/python3.8/site-packages/airflow/example_dags/example_complex.py
[2023-11-14T21:58:26.195+0000] {processor.py:839} INFO - DAG(s) dict_keys(['example_complex']) retrieved from /home/airflow/.local/lib/python3.8/site-packages/airflow/example_dags/example_complex.py
[2023-11-14T21:58:26.242+0000] {logging_mixin.py:154} INFO - [2023-11-14T21:58:26.241+0000] {dag.py:2941} INFO - Sync 1 DAGs
[2023-11-14T21:58:26.261+0000] {logging_mixin.py:154} INFO - [2023-11-14T21:58:26.261+0000] {dag.py:3722} INFO - Setting next_dagrun for example_complex to None, run_after=None
[2023-11-14T21:58:26.300+0000] {processor.py:179} INFO - Processing /home/airflow/.local/lib/python3.8/site-packages/airflow/example_dags/example_complex.py took 0.131 seconds
[2023-11-14T21:58:56.691+0000] {processor.py:157} INFO - Started process (PID=2737) to work on /home/airflow/.local/lib/python3.8/site-packages/airflow/example_dags/example_complex.py
[2023-11-14T21:58:56.692+0000] {processor.py:829} INFO - Processing file /home/airflow/.local/lib/python3.8/site-packages/airflow/example_dags/example_complex.py for tasks to queue
[2023-11-14T21:58:56.695+0000] {logging_mixin.py:154} INFO - [2023-11-14T21:58:56.695+0000] {dagbag.py:536} INFO - Filling up the DagBag from /home/airflow/.local/lib/python3.8/site-packages/airflow/example_dags/example_complex.py
[2023-11-14T21:58:56.709+0000] {processor.py:839} INFO - DAG(s) dict_keys(['example_complex']) retrieved from /home/airflow/.local/lib/python3.8/site-packages/airflow/example_dags/example_complex.py
[2023-11-14T21:58:56.748+0000] {logging_mixin.py:154} INFO - [2023-11-14T21:58:56.747+0000] {dag.py:2941} INFO - Sync 1 DAGs
[2023-11-14T21:58:56.763+0000] {logging_mixin.py:154} INFO - [2023-11-14T21:58:56.763+0000] {dag.py:3722} INFO - Setting next_dagrun for example_complex to None, run_after=None
[2023-11-14T21:58:56.787+0000] {processor.py:179} INFO - Processing /home/airflow/.local/lib/python3.8/site-packages/airflow/example_dags/example_complex.py took 0.101 seconds
[2023-11-14T21:59:27.289+0000] {processor.py:157} INFO - Started process (PID=2791) to work on /home/airflow/.local/lib/python3.8/site-packages/airflow/example_dags/example_complex.py
[2023-11-14T21:59:27.290+0000] {processor.py:829} INFO - Processing file /home/airflow/.local/lib/python3.8/site-packages/airflow/example_dags/example_complex.py for tasks to queue
[2023-11-14T21:59:27.294+0000] {logging_mixin.py:154} INFO - [2023-11-14T21:59:27.293+0000] {dagbag.py:536} INFO - Filling up the DagBag from /home/airflow/.local/lib/python3.8/site-packages/airflow/example_dags/example_complex.py
[2023-11-14T21:59:27.321+0000] {processor.py:839} INFO - DAG(s) dict_keys(['example_complex']) retrieved from /home/airflow/.local/lib/python3.8/site-packages/airflow/example_dags/example_complex.py
[2023-11-14T21:59:27.377+0000] {logging_mixin.py:154} INFO - [2023-11-14T21:59:27.377+0000] {dag.py:2941} INFO - Sync 1 DAGs
[2023-11-14T21:59:27.407+0000] {logging_mixin.py:154} INFO - [2023-11-14T21:59:27.407+0000] {dag.py:3722} INFO - Setting next_dagrun for example_complex to None, run_after=None
[2023-11-14T21:59:27.451+0000] {processor.py:179} INFO - Processing /home/airflow/.local/lib/python3.8/site-packages/airflow/example_dags/example_complex.py took 0.169 seconds
