[2023-11-14T21:33:57.554+0000] {processor.py:157} INFO - Started process (PID=62) to work on /home/airflow/.local/lib/python3.8/site-packages/airflow/example_dags/example_task_group.py
[2023-11-14T21:33:57.556+0000] {processor.py:829} INFO - Processing file /home/airflow/.local/lib/python3.8/site-packages/airflow/example_dags/example_task_group.py for tasks to queue
[2023-11-14T21:33:57.559+0000] {logging_mixin.py:154} INFO - [2023-11-14T21:33:57.558+0000] {dagbag.py:536} INFO - Filling up the DagBag from /home/airflow/.local/lib/python3.8/site-packages/airflow/example_dags/example_task_group.py
[2023-11-14T21:33:57.570+0000] {processor.py:839} INFO - DAG(s) dict_keys(['example_task_group']) retrieved from /home/airflow/.local/lib/python3.8/site-packages/airflow/example_dags/example_task_group.py
[2023-11-14T21:33:57.729+0000] {logging_mixin.py:154} INFO - [2023-11-14T21:33:57.729+0000] {manager.py:499} INFO - Created Permission View: %s
[2023-11-14T21:33:57.743+0000] {logging_mixin.py:154} INFO - [2023-11-14T21:33:57.743+0000] {manager.py:499} INFO - Created Permission View: %s
[2023-11-14T21:33:57.760+0000] {logging_mixin.py:154} INFO - [2023-11-14T21:33:57.759+0000] {manager.py:499} INFO - Created Permission View: %s
[2023-11-14T21:33:57.760+0000] {logging_mixin.py:154} INFO - [2023-11-14T21:33:57.760+0000] {dag.py:2941} INFO - Sync 1 DAGs
[2023-11-14T21:33:57.786+0000] {logging_mixin.py:154} INFO - [2023-11-14T21:33:57.786+0000] {dag.py:2963} INFO - Creating ORM DAG for example_task_group
[2023-11-14T21:33:57.806+0000] {logging_mixin.py:154} INFO - [2023-11-14T21:33:57.806+0000] {dag.py:3722} INFO - Setting next_dagrun for example_task_group to 2023-11-13T21:33:57.806103+00:00, run_after=2023-11-14T21:33:57.806103+00:00
[2023-11-14T21:33:57.829+0000] {processor.py:179} INFO - Processing /home/airflow/.local/lib/python3.8/site-packages/airflow/example_dags/example_task_group.py took 0.280 seconds
[2023-11-14T21:34:28.163+0000] {processor.py:157} INFO - Started process (PID=116) to work on /home/airflow/.local/lib/python3.8/site-packages/airflow/example_dags/example_task_group.py
[2023-11-14T21:34:28.164+0000] {processor.py:829} INFO - Processing file /home/airflow/.local/lib/python3.8/site-packages/airflow/example_dags/example_task_group.py for tasks to queue
[2023-11-14T21:34:28.166+0000] {logging_mixin.py:154} INFO - [2023-11-14T21:34:28.166+0000] {dagbag.py:536} INFO - Filling up the DagBag from /home/airflow/.local/lib/python3.8/site-packages/airflow/example_dags/example_task_group.py
[2023-11-14T21:34:28.175+0000] {processor.py:839} INFO - DAG(s) dict_keys(['example_task_group']) retrieved from /home/airflow/.local/lib/python3.8/site-packages/airflow/example_dags/example_task_group.py
[2023-11-14T21:34:28.204+0000] {logging_mixin.py:154} INFO - [2023-11-14T21:34:28.204+0000] {dag.py:2941} INFO - Sync 1 DAGs
[2023-11-14T21:34:28.231+0000] {logging_mixin.py:154} INFO - [2023-11-14T21:34:28.231+0000] {dag.py:3722} INFO - Setting next_dagrun for example_task_group to 2023-11-13T21:34:28.230847+00:00, run_after=2023-11-14T21:34:28.230847+00:00
[2023-11-14T21:34:28.253+0000] {processor.py:179} INFO - Processing /home/airflow/.local/lib/python3.8/site-packages/airflow/example_dags/example_task_group.py took 0.097 seconds
[2023-11-14T21:34:58.459+0000] {processor.py:157} INFO - Started process (PID=170) to work on /home/airflow/.local/lib/python3.8/site-packages/airflow/example_dags/example_task_group.py
[2023-11-14T21:34:58.461+0000] {processor.py:829} INFO - Processing file /home/airflow/.local/lib/python3.8/site-packages/airflow/example_dags/example_task_group.py for tasks to queue
[2023-11-14T21:34:58.463+0000] {logging_mixin.py:154} INFO - [2023-11-14T21:34:58.463+0000] {dagbag.py:536} INFO - Filling up the DagBag from /home/airflow/.local/lib/python3.8/site-packages/airflow/example_dags/example_task_group.py
[2023-11-14T21:34:58.473+0000] {processor.py:839} INFO - DAG(s) dict_keys(['example_task_group']) retrieved from /home/airflow/.local/lib/python3.8/site-packages/airflow/example_dags/example_task_group.py
[2023-11-14T21:34:58.501+0000] {logging_mixin.py:154} INFO - [2023-11-14T21:34:58.501+0000] {dag.py:2941} INFO - Sync 1 DAGs
[2023-11-14T21:34:58.529+0000] {logging_mixin.py:154} INFO - [2023-11-14T21:34:58.528+0000] {dag.py:3722} INFO - Setting next_dagrun for example_task_group to 2023-11-13T21:34:58.528649+00:00, run_after=2023-11-14T21:34:58.528649+00:00
[2023-11-14T21:34:58.563+0000] {processor.py:179} INFO - Processing /home/airflow/.local/lib/python3.8/site-packages/airflow/example_dags/example_task_group.py took 0.108 seconds
[2023-11-14T21:35:28.755+0000] {processor.py:157} INFO - Started process (PID=224) to work on /home/airflow/.local/lib/python3.8/site-packages/airflow/example_dags/example_task_group.py
[2023-11-14T21:35:28.756+0000] {processor.py:829} INFO - Processing file /home/airflow/.local/lib/python3.8/site-packages/airflow/example_dags/example_task_group.py for tasks to queue
[2023-11-14T21:35:28.759+0000] {logging_mixin.py:154} INFO - [2023-11-14T21:35:28.759+0000] {dagbag.py:536} INFO - Filling up the DagBag from /home/airflow/.local/lib/python3.8/site-packages/airflow/example_dags/example_task_group.py
[2023-11-14T21:35:28.769+0000] {processor.py:839} INFO - DAG(s) dict_keys(['example_task_group']) retrieved from /home/airflow/.local/lib/python3.8/site-packages/airflow/example_dags/example_task_group.py
[2023-11-14T21:35:28.799+0000] {logging_mixin.py:154} INFO - [2023-11-14T21:35:28.798+0000] {dag.py:2941} INFO - Sync 1 DAGs
[2023-11-14T21:35:28.826+0000] {logging_mixin.py:154} INFO - [2023-11-14T21:35:28.826+0000] {dag.py:3722} INFO - Setting next_dagrun for example_task_group to 2023-11-13T21:35:28.826339+00:00, run_after=2023-11-14T21:35:28.826339+00:00
[2023-11-14T21:35:28.851+0000] {processor.py:179} INFO - Processing /home/airflow/.local/lib/python3.8/site-packages/airflow/example_dags/example_task_group.py took 0.101 seconds
[2023-11-14T21:35:59.144+0000] {processor.py:157} INFO - Started process (PID=277) to work on /home/airflow/.local/lib/python3.8/site-packages/airflow/example_dags/example_task_group.py
[2023-11-14T21:35:59.146+0000] {processor.py:829} INFO - Processing file /home/airflow/.local/lib/python3.8/site-packages/airflow/example_dags/example_task_group.py for tasks to queue
[2023-11-14T21:35:59.149+0000] {logging_mixin.py:154} INFO - [2023-11-14T21:35:59.148+0000] {dagbag.py:536} INFO - Filling up the DagBag from /home/airflow/.local/lib/python3.8/site-packages/airflow/example_dags/example_task_group.py
[2023-11-14T21:35:59.158+0000] {processor.py:839} INFO - DAG(s) dict_keys(['example_task_group']) retrieved from /home/airflow/.local/lib/python3.8/site-packages/airflow/example_dags/example_task_group.py
[2023-11-14T21:35:59.200+0000] {logging_mixin.py:154} INFO - [2023-11-14T21:35:59.200+0000] {dag.py:2941} INFO - Sync 1 DAGs
[2023-11-14T21:35:59.238+0000] {logging_mixin.py:154} INFO - [2023-11-14T21:35:59.238+0000] {dag.py:3722} INFO - Setting next_dagrun for example_task_group to 2023-11-13T21:35:59.238166+00:00, run_after=2023-11-14T21:35:59.238166+00:00
[2023-11-14T21:35:59.275+0000] {processor.py:179} INFO - Processing /home/airflow/.local/lib/python3.8/site-packages/airflow/example_dags/example_task_group.py took 0.136 seconds
[2023-11-14T21:36:29.307+0000] {processor.py:157} INFO - Started process (PID=332) to work on /home/airflow/.local/lib/python3.8/site-packages/airflow/example_dags/example_task_group.py
[2023-11-14T21:36:29.308+0000] {processor.py:829} INFO - Processing file /home/airflow/.local/lib/python3.8/site-packages/airflow/example_dags/example_task_group.py for tasks to queue
[2023-11-14T21:36:29.311+0000] {logging_mixin.py:154} INFO - [2023-11-14T21:36:29.311+0000] {dagbag.py:536} INFO - Filling up the DagBag from /home/airflow/.local/lib/python3.8/site-packages/airflow/example_dags/example_task_group.py
[2023-11-14T21:36:29.320+0000] {processor.py:839} INFO - DAG(s) dict_keys(['example_task_group']) retrieved from /home/airflow/.local/lib/python3.8/site-packages/airflow/example_dags/example_task_group.py
[2023-11-14T21:36:29.346+0000] {logging_mixin.py:154} INFO - [2023-11-14T21:36:29.346+0000] {dag.py:2941} INFO - Sync 1 DAGs
[2023-11-14T21:36:29.374+0000] {logging_mixin.py:154} INFO - [2023-11-14T21:36:29.373+0000] {dag.py:3722} INFO - Setting next_dagrun for example_task_group to 2023-11-13T21:36:29.373582+00:00, run_after=2023-11-14T21:36:29.373582+00:00
[2023-11-14T21:36:29.398+0000] {processor.py:179} INFO - Processing /home/airflow/.local/lib/python3.8/site-packages/airflow/example_dags/example_task_group.py took 0.095 seconds
[2023-11-14T21:36:59.830+0000] {processor.py:157} INFO - Started process (PID=386) to work on /home/airflow/.local/lib/python3.8/site-packages/airflow/example_dags/example_task_group.py
[2023-11-14T21:36:59.831+0000] {processor.py:829} INFO - Processing file /home/airflow/.local/lib/python3.8/site-packages/airflow/example_dags/example_task_group.py for tasks to queue
[2023-11-14T21:36:59.834+0000] {logging_mixin.py:154} INFO - [2023-11-14T21:36:59.833+0000] {dagbag.py:536} INFO - Filling up the DagBag from /home/airflow/.local/lib/python3.8/site-packages/airflow/example_dags/example_task_group.py
[2023-11-14T21:36:59.842+0000] {processor.py:839} INFO - DAG(s) dict_keys(['example_task_group']) retrieved from /home/airflow/.local/lib/python3.8/site-packages/airflow/example_dags/example_task_group.py
[2023-11-14T21:36:59.869+0000] {logging_mixin.py:154} INFO - [2023-11-14T21:36:59.869+0000] {dag.py:2941} INFO - Sync 1 DAGs
[2023-11-14T21:36:59.897+0000] {logging_mixin.py:154} INFO - [2023-11-14T21:36:59.896+0000] {dag.py:3722} INFO - Setting next_dagrun for example_task_group to 2023-11-13T21:36:59.896491+00:00, run_after=2023-11-14T21:36:59.896491+00:00
[2023-11-14T21:36:59.921+0000] {processor.py:179} INFO - Processing /home/airflow/.local/lib/python3.8/site-packages/airflow/example_dags/example_task_group.py took 0.095 seconds
[2023-11-14T21:37:30.604+0000] {processor.py:157} INFO - Started process (PID=440) to work on /home/airflow/.local/lib/python3.8/site-packages/airflow/example_dags/example_task_group.py
[2023-11-14T21:37:30.607+0000] {processor.py:829} INFO - Processing file /home/airflow/.local/lib/python3.8/site-packages/airflow/example_dags/example_task_group.py for tasks to queue
[2023-11-14T21:37:30.612+0000] {logging_mixin.py:154} INFO - [2023-11-14T21:37:30.611+0000] {dagbag.py:536} INFO - Filling up the DagBag from /home/airflow/.local/lib/python3.8/site-packages/airflow/example_dags/example_task_group.py
[2023-11-14T21:37:30.627+0000] {processor.py:839} INFO - DAG(s) dict_keys(['example_task_group']) retrieved from /home/airflow/.local/lib/python3.8/site-packages/airflow/example_dags/example_task_group.py
[2023-11-14T21:37:30.655+0000] {logging_mixin.py:154} INFO - [2023-11-14T21:37:30.655+0000] {dag.py:2941} INFO - Sync 1 DAGs
[2023-11-14T21:37:30.681+0000] {logging_mixin.py:154} INFO - [2023-11-14T21:37:30.681+0000] {dag.py:3722} INFO - Setting next_dagrun for example_task_group to 2023-11-13T21:37:30.681128+00:00, run_after=2023-11-14T21:37:30.681128+00:00
[2023-11-14T21:37:30.714+0000] {processor.py:179} INFO - Processing /home/airflow/.local/lib/python3.8/site-packages/airflow/example_dags/example_task_group.py took 0.120 seconds
[2023-11-14T21:38:00.839+0000] {processor.py:157} INFO - Started process (PID=494) to work on /home/airflow/.local/lib/python3.8/site-packages/airflow/example_dags/example_task_group.py
[2023-11-14T21:38:00.842+0000] {processor.py:829} INFO - Processing file /home/airflow/.local/lib/python3.8/site-packages/airflow/example_dags/example_task_group.py for tasks to queue
[2023-11-14T21:38:00.845+0000] {logging_mixin.py:154} INFO - [2023-11-14T21:38:00.844+0000] {dagbag.py:536} INFO - Filling up the DagBag from /home/airflow/.local/lib/python3.8/site-packages/airflow/example_dags/example_task_group.py
[2023-11-14T21:38:00.853+0000] {processor.py:839} INFO - DAG(s) dict_keys(['example_task_group']) retrieved from /home/airflow/.local/lib/python3.8/site-packages/airflow/example_dags/example_task_group.py
[2023-11-14T21:38:00.880+0000] {logging_mixin.py:154} INFO - [2023-11-14T21:38:00.880+0000] {dag.py:2941} INFO - Sync 1 DAGs
[2023-11-14T21:38:00.910+0000] {logging_mixin.py:154} INFO - [2023-11-14T21:38:00.910+0000] {dag.py:3722} INFO - Setting next_dagrun for example_task_group to 2023-11-13T21:38:00.909944+00:00, run_after=2023-11-14T21:38:00.909944+00:00
[2023-11-14T21:38:00.934+0000] {processor.py:179} INFO - Processing /home/airflow/.local/lib/python3.8/site-packages/airflow/example_dags/example_task_group.py took 0.100 seconds
[2023-11-14T21:38:31.329+0000] {processor.py:157} INFO - Started process (PID=559) to work on /home/airflow/.local/lib/python3.8/site-packages/airflow/example_dags/example_task_group.py
[2023-11-14T21:38:31.331+0000] {processor.py:829} INFO - Processing file /home/airflow/.local/lib/python3.8/site-packages/airflow/example_dags/example_task_group.py for tasks to queue
[2023-11-14T21:38:31.333+0000] {logging_mixin.py:154} INFO - [2023-11-14T21:38:31.333+0000] {dagbag.py:536} INFO - Filling up the DagBag from /home/airflow/.local/lib/python3.8/site-packages/airflow/example_dags/example_task_group.py
[2023-11-14T21:38:31.342+0000] {processor.py:839} INFO - DAG(s) dict_keys(['example_task_group']) retrieved from /home/airflow/.local/lib/python3.8/site-packages/airflow/example_dags/example_task_group.py
[2023-11-14T21:38:31.373+0000] {logging_mixin.py:154} INFO - [2023-11-14T21:38:31.373+0000] {dag.py:2941} INFO - Sync 1 DAGs
[2023-11-14T21:38:31.399+0000] {logging_mixin.py:154} INFO - [2023-11-14T21:38:31.399+0000] {dag.py:3722} INFO - Setting next_dagrun for example_task_group to 2023-11-13T21:38:31.399040+00:00, run_after=2023-11-14T21:38:31.399040+00:00
[2023-11-14T21:38:31.428+0000] {processor.py:179} INFO - Processing /home/airflow/.local/lib/python3.8/site-packages/airflow/example_dags/example_task_group.py took 0.103 seconds
[2023-11-14T21:39:01.565+0000] {processor.py:157} INFO - Started process (PID=613) to work on /home/airflow/.local/lib/python3.8/site-packages/airflow/example_dags/example_task_group.py
[2023-11-14T21:39:01.566+0000] {processor.py:829} INFO - Processing file /home/airflow/.local/lib/python3.8/site-packages/airflow/example_dags/example_task_group.py for tasks to queue
[2023-11-14T21:39:01.569+0000] {logging_mixin.py:154} INFO - [2023-11-14T21:39:01.568+0000] {dagbag.py:536} INFO - Filling up the DagBag from /home/airflow/.local/lib/python3.8/site-packages/airflow/example_dags/example_task_group.py
[2023-11-14T21:39:01.578+0000] {processor.py:839} INFO - DAG(s) dict_keys(['example_task_group']) retrieved from /home/airflow/.local/lib/python3.8/site-packages/airflow/example_dags/example_task_group.py
[2023-11-14T21:39:01.617+0000] {logging_mixin.py:154} INFO - [2023-11-14T21:39:01.617+0000] {dag.py:2941} INFO - Sync 1 DAGs
[2023-11-14T21:39:01.648+0000] {logging_mixin.py:154} INFO - [2023-11-14T21:39:01.648+0000] {dag.py:3722} INFO - Setting next_dagrun for example_task_group to 2023-11-13T21:39:01.647793+00:00, run_after=2023-11-14T21:39:01.647793+00:00
[2023-11-14T21:39:01.674+0000] {processor.py:179} INFO - Processing /home/airflow/.local/lib/python3.8/site-packages/airflow/example_dags/example_task_group.py took 0.114 seconds
[2023-11-14T21:39:32.487+0000] {processor.py:157} INFO - Started process (PID=667) to work on /home/airflow/.local/lib/python3.8/site-packages/airflow/example_dags/example_task_group.py
[2023-11-14T21:39:32.489+0000] {processor.py:829} INFO - Processing file /home/airflow/.local/lib/python3.8/site-packages/airflow/example_dags/example_task_group.py for tasks to queue
[2023-11-14T21:39:32.491+0000] {logging_mixin.py:154} INFO - [2023-11-14T21:39:32.491+0000] {dagbag.py:536} INFO - Filling up the DagBag from /home/airflow/.local/lib/python3.8/site-packages/airflow/example_dags/example_task_group.py
[2023-11-14T21:39:32.503+0000] {processor.py:839} INFO - DAG(s) dict_keys(['example_task_group']) retrieved from /home/airflow/.local/lib/python3.8/site-packages/airflow/example_dags/example_task_group.py
[2023-11-14T21:39:32.538+0000] {logging_mixin.py:154} INFO - [2023-11-14T21:39:32.537+0000] {dag.py:2941} INFO - Sync 1 DAGs
[2023-11-14T21:39:32.572+0000] {logging_mixin.py:154} INFO - [2023-11-14T21:39:32.572+0000] {dag.py:3722} INFO - Setting next_dagrun for example_task_group to 2023-11-13T21:39:32.572165+00:00, run_after=2023-11-14T21:39:32.572165+00:00
[2023-11-14T21:39:32.608+0000] {processor.py:179} INFO - Processing /home/airflow/.local/lib/python3.8/site-packages/airflow/example_dags/example_task_group.py took 0.127 seconds
[2023-11-14T21:40:02.873+0000] {processor.py:157} INFO - Started process (PID=722) to work on /home/airflow/.local/lib/python3.8/site-packages/airflow/example_dags/example_task_group.py
[2023-11-14T21:40:02.874+0000] {processor.py:829} INFO - Processing file /home/airflow/.local/lib/python3.8/site-packages/airflow/example_dags/example_task_group.py for tasks to queue
[2023-11-14T21:40:02.877+0000] {logging_mixin.py:154} INFO - [2023-11-14T21:40:02.877+0000] {dagbag.py:536} INFO - Filling up the DagBag from /home/airflow/.local/lib/python3.8/site-packages/airflow/example_dags/example_task_group.py
[2023-11-14T21:40:02.887+0000] {processor.py:839} INFO - DAG(s) dict_keys(['example_task_group']) retrieved from /home/airflow/.local/lib/python3.8/site-packages/airflow/example_dags/example_task_group.py
[2023-11-14T21:40:02.916+0000] {logging_mixin.py:154} INFO - [2023-11-14T21:40:02.915+0000] {dag.py:2941} INFO - Sync 1 DAGs
[2023-11-14T21:40:02.946+0000] {logging_mixin.py:154} INFO - [2023-11-14T21:40:02.945+0000] {dag.py:3722} INFO - Setting next_dagrun for example_task_group to 2023-11-13T21:40:02.945610+00:00, run_after=2023-11-14T21:40:02.945610+00:00
[2023-11-14T21:40:02.973+0000] {processor.py:179} INFO - Processing /home/airflow/.local/lib/python3.8/site-packages/airflow/example_dags/example_task_group.py took 0.104 seconds
[2023-11-14T21:40:33.115+0000] {processor.py:157} INFO - Started process (PID=777) to work on /home/airflow/.local/lib/python3.8/site-packages/airflow/example_dags/example_task_group.py
[2023-11-14T21:40:33.116+0000] {processor.py:829} INFO - Processing file /home/airflow/.local/lib/python3.8/site-packages/airflow/example_dags/example_task_group.py for tasks to queue
[2023-11-14T21:40:33.119+0000] {logging_mixin.py:154} INFO - [2023-11-14T21:40:33.119+0000] {dagbag.py:536} INFO - Filling up the DagBag from /home/airflow/.local/lib/python3.8/site-packages/airflow/example_dags/example_task_group.py
[2023-11-14T21:40:33.129+0000] {processor.py:839} INFO - DAG(s) dict_keys(['example_task_group']) retrieved from /home/airflow/.local/lib/python3.8/site-packages/airflow/example_dags/example_task_group.py
[2023-11-14T21:40:33.161+0000] {logging_mixin.py:154} INFO - [2023-11-14T21:40:33.161+0000] {dag.py:2941} INFO - Sync 1 DAGs
[2023-11-14T21:40:33.193+0000] {logging_mixin.py:154} INFO - [2023-11-14T21:40:33.193+0000] {dag.py:3722} INFO - Setting next_dagrun for example_task_group to 2023-11-13T21:40:33.193131+00:00, run_after=2023-11-14T21:40:33.193131+00:00
[2023-11-14T21:40:33.220+0000] {processor.py:179} INFO - Processing /home/airflow/.local/lib/python3.8/site-packages/airflow/example_dags/example_task_group.py took 0.110 seconds
[2023-11-14T21:41:03.520+0000] {processor.py:157} INFO - Started process (PID=832) to work on /home/airflow/.local/lib/python3.8/site-packages/airflow/example_dags/example_task_group.py
[2023-11-14T21:41:03.521+0000] {processor.py:829} INFO - Processing file /home/airflow/.local/lib/python3.8/site-packages/airflow/example_dags/example_task_group.py for tasks to queue
[2023-11-14T21:41:03.524+0000] {logging_mixin.py:154} INFO - [2023-11-14T21:41:03.523+0000] {dagbag.py:536} INFO - Filling up the DagBag from /home/airflow/.local/lib/python3.8/site-packages/airflow/example_dags/example_task_group.py
[2023-11-14T21:41:03.532+0000] {processor.py:839} INFO - DAG(s) dict_keys(['example_task_group']) retrieved from /home/airflow/.local/lib/python3.8/site-packages/airflow/example_dags/example_task_group.py
[2023-11-14T21:41:03.559+0000] {logging_mixin.py:154} INFO - [2023-11-14T21:41:03.558+0000] {dag.py:2941} INFO - Sync 1 DAGs
[2023-11-14T21:41:03.585+0000] {logging_mixin.py:154} INFO - [2023-11-14T21:41:03.585+0000] {dag.py:3722} INFO - Setting next_dagrun for example_task_group to 2023-11-13T21:41:03.585179+00:00, run_after=2023-11-14T21:41:03.585179+00:00
[2023-11-14T21:41:03.610+0000] {processor.py:179} INFO - Processing /home/airflow/.local/lib/python3.8/site-packages/airflow/example_dags/example_task_group.py took 0.095 seconds
[2023-11-14T21:41:34.206+0000] {processor.py:157} INFO - Started process (PID=886) to work on /home/airflow/.local/lib/python3.8/site-packages/airflow/example_dags/example_task_group.py
[2023-11-14T21:41:34.209+0000] {processor.py:829} INFO - Processing file /home/airflow/.local/lib/python3.8/site-packages/airflow/example_dags/example_task_group.py for tasks to queue
[2023-11-14T21:41:34.212+0000] {logging_mixin.py:154} INFO - [2023-11-14T21:41:34.212+0000] {dagbag.py:536} INFO - Filling up the DagBag from /home/airflow/.local/lib/python3.8/site-packages/airflow/example_dags/example_task_group.py
[2023-11-14T21:41:34.225+0000] {processor.py:839} INFO - DAG(s) dict_keys(['example_task_group']) retrieved from /home/airflow/.local/lib/python3.8/site-packages/airflow/example_dags/example_task_group.py
[2023-11-14T21:41:34.256+0000] {logging_mixin.py:154} INFO - [2023-11-14T21:41:34.256+0000] {dag.py:2941} INFO - Sync 1 DAGs
[2023-11-14T21:41:34.286+0000] {logging_mixin.py:154} INFO - [2023-11-14T21:41:34.285+0000] {dag.py:3722} INFO - Setting next_dagrun for example_task_group to 2023-11-13T21:41:34.285441+00:00, run_after=2023-11-14T21:41:34.285441+00:00
[2023-11-14T21:41:34.315+0000] {processor.py:179} INFO - Processing /home/airflow/.local/lib/python3.8/site-packages/airflow/example_dags/example_task_group.py took 0.116 seconds
[2023-11-14T21:42:04.350+0000] {processor.py:157} INFO - Started process (PID=940) to work on /home/airflow/.local/lib/python3.8/site-packages/airflow/example_dags/example_task_group.py
[2023-11-14T21:42:04.351+0000] {processor.py:829} INFO - Processing file /home/airflow/.local/lib/python3.8/site-packages/airflow/example_dags/example_task_group.py for tasks to queue
[2023-11-14T21:42:04.354+0000] {logging_mixin.py:154} INFO - [2023-11-14T21:42:04.354+0000] {dagbag.py:536} INFO - Filling up the DagBag from /home/airflow/.local/lib/python3.8/site-packages/airflow/example_dags/example_task_group.py
[2023-11-14T21:42:04.363+0000] {processor.py:839} INFO - DAG(s) dict_keys(['example_task_group']) retrieved from /home/airflow/.local/lib/python3.8/site-packages/airflow/example_dags/example_task_group.py
[2023-11-14T21:42:04.391+0000] {logging_mixin.py:154} INFO - [2023-11-14T21:42:04.391+0000] {dag.py:2941} INFO - Sync 1 DAGs
[2023-11-14T21:42:04.421+0000] {logging_mixin.py:154} INFO - [2023-11-14T21:42:04.420+0000] {dag.py:3722} INFO - Setting next_dagrun for example_task_group to 2023-11-13T21:42:04.420602+00:00, run_after=2023-11-14T21:42:04.420602+00:00
[2023-11-14T21:42:04.613+0000] {processor.py:179} INFO - Processing /home/airflow/.local/lib/python3.8/site-packages/airflow/example_dags/example_task_group.py took 0.267 seconds
[2023-11-14T21:42:35.512+0000] {processor.py:157} INFO - Started process (PID=994) to work on /home/airflow/.local/lib/python3.8/site-packages/airflow/example_dags/example_task_group.py
[2023-11-14T21:42:35.524+0000] {processor.py:829} INFO - Processing file /home/airflow/.local/lib/python3.8/site-packages/airflow/example_dags/example_task_group.py for tasks to queue
[2023-11-14T21:42:35.527+0000] {logging_mixin.py:154} INFO - [2023-11-14T21:42:35.526+0000] {dagbag.py:536} INFO - Filling up the DagBag from /home/airflow/.local/lib/python3.8/site-packages/airflow/example_dags/example_task_group.py
[2023-11-14T21:42:35.537+0000] {processor.py:839} INFO - DAG(s) dict_keys(['example_task_group']) retrieved from /home/airflow/.local/lib/python3.8/site-packages/airflow/example_dags/example_task_group.py
[2023-11-14T21:42:35.570+0000] {logging_mixin.py:154} INFO - [2023-11-14T21:42:35.570+0000] {dag.py:2941} INFO - Sync 1 DAGs
[2023-11-14T21:42:35.604+0000] {logging_mixin.py:154} INFO - [2023-11-14T21:42:35.604+0000] {dag.py:3722} INFO - Setting next_dagrun for example_task_group to 2023-11-13T21:42:35.604324+00:00, run_after=2023-11-14T21:42:35.604324+00:00
[2023-11-14T21:42:35.643+0000] {processor.py:179} INFO - Processing /home/airflow/.local/lib/python3.8/site-packages/airflow/example_dags/example_task_group.py took 0.137 seconds
[2023-11-14T21:43:05.848+0000] {processor.py:157} INFO - Started process (PID=1049) to work on /home/airflow/.local/lib/python3.8/site-packages/airflow/example_dags/example_task_group.py
[2023-11-14T21:43:05.849+0000] {processor.py:829} INFO - Processing file /home/airflow/.local/lib/python3.8/site-packages/airflow/example_dags/example_task_group.py for tasks to queue
[2023-11-14T21:43:05.852+0000] {logging_mixin.py:154} INFO - [2023-11-14T21:43:05.851+0000] {dagbag.py:536} INFO - Filling up the DagBag from /home/airflow/.local/lib/python3.8/site-packages/airflow/example_dags/example_task_group.py
[2023-11-14T21:43:05.860+0000] {processor.py:839} INFO - DAG(s) dict_keys(['example_task_group']) retrieved from /home/airflow/.local/lib/python3.8/site-packages/airflow/example_dags/example_task_group.py
[2023-11-14T21:43:05.889+0000] {logging_mixin.py:154} INFO - [2023-11-14T21:43:05.889+0000] {dag.py:2941} INFO - Sync 1 DAGs
[2023-11-14T21:43:05.917+0000] {logging_mixin.py:154} INFO - [2023-11-14T21:43:05.916+0000] {dag.py:3722} INFO - Setting next_dagrun for example_task_group to 2023-11-13T21:43:05.916481+00:00, run_after=2023-11-14T21:43:05.916481+00:00
[2023-11-14T21:43:05.941+0000] {processor.py:179} INFO - Processing /home/airflow/.local/lib/python3.8/site-packages/airflow/example_dags/example_task_group.py took 0.097 seconds
[2023-11-14T21:43:35.992+0000] {processor.py:157} INFO - Started process (PID=1103) to work on /home/airflow/.local/lib/python3.8/site-packages/airflow/example_dags/example_task_group.py
[2023-11-14T21:43:35.994+0000] {processor.py:829} INFO - Processing file /home/airflow/.local/lib/python3.8/site-packages/airflow/example_dags/example_task_group.py for tasks to queue
[2023-11-14T21:43:35.998+0000] {logging_mixin.py:154} INFO - [2023-11-14T21:43:35.998+0000] {dagbag.py:536} INFO - Filling up the DagBag from /home/airflow/.local/lib/python3.8/site-packages/airflow/example_dags/example_task_group.py
[2023-11-14T21:43:36.015+0000] {processor.py:839} INFO - DAG(s) dict_keys(['example_task_group']) retrieved from /home/airflow/.local/lib/python3.8/site-packages/airflow/example_dags/example_task_group.py
[2023-11-14T21:43:36.067+0000] {logging_mixin.py:154} INFO - [2023-11-14T21:43:36.067+0000] {dag.py:2941} INFO - Sync 1 DAGs
[2023-11-14T21:43:36.281+0000] {logging_mixin.py:154} INFO - [2023-11-14T21:43:36.280+0000] {dag.py:3722} INFO - Setting next_dagrun for example_task_group to 2023-11-13T21:43:36.280168+00:00, run_after=2023-11-14T21:43:36.280168+00:00
[2023-11-14T21:43:36.318+0000] {processor.py:179} INFO - Processing /home/airflow/.local/lib/python3.8/site-packages/airflow/example_dags/example_task_group.py took 0.334 seconds
[2023-11-14T21:44:06.360+0000] {processor.py:157} INFO - Started process (PID=1157) to work on /home/airflow/.local/lib/python3.8/site-packages/airflow/example_dags/example_task_group.py
[2023-11-14T21:44:06.361+0000] {processor.py:829} INFO - Processing file /home/airflow/.local/lib/python3.8/site-packages/airflow/example_dags/example_task_group.py for tasks to queue
[2023-11-14T21:44:06.363+0000] {logging_mixin.py:154} INFO - [2023-11-14T21:44:06.363+0000] {dagbag.py:536} INFO - Filling up the DagBag from /home/airflow/.local/lib/python3.8/site-packages/airflow/example_dags/example_task_group.py
[2023-11-14T21:44:06.371+0000] {processor.py:839} INFO - DAG(s) dict_keys(['example_task_group']) retrieved from /home/airflow/.local/lib/python3.8/site-packages/airflow/example_dags/example_task_group.py
[2023-11-14T21:44:06.397+0000] {logging_mixin.py:154} INFO - [2023-11-14T21:44:06.397+0000] {dag.py:2941} INFO - Sync 1 DAGs
[2023-11-14T21:44:06.424+0000] {logging_mixin.py:154} INFO - [2023-11-14T21:44:06.424+0000] {dag.py:3722} INFO - Setting next_dagrun for example_task_group to 2023-11-13T21:44:06.424277+00:00, run_after=2023-11-14T21:44:06.424277+00:00
[2023-11-14T21:44:06.629+0000] {processor.py:179} INFO - Processing /home/airflow/.local/lib/python3.8/site-packages/airflow/example_dags/example_task_group.py took 0.273 seconds
[2023-11-14T21:44:37.432+0000] {processor.py:157} INFO - Started process (PID=1218) to work on /home/airflow/.local/lib/python3.8/site-packages/airflow/example_dags/example_task_group.py
[2023-11-14T21:44:37.445+0000] {processor.py:829} INFO - Processing file /home/airflow/.local/lib/python3.8/site-packages/airflow/example_dags/example_task_group.py for tasks to queue
[2023-11-14T21:44:37.450+0000] {logging_mixin.py:154} INFO - [2023-11-14T21:44:37.450+0000] {dagbag.py:536} INFO - Filling up the DagBag from /home/airflow/.local/lib/python3.8/site-packages/airflow/example_dags/example_task_group.py
[2023-11-14T21:44:37.466+0000] {processor.py:839} INFO - DAG(s) dict_keys(['example_task_group']) retrieved from /home/airflow/.local/lib/python3.8/site-packages/airflow/example_dags/example_task_group.py
[2023-11-14T21:44:37.494+0000] {logging_mixin.py:154} INFO - [2023-11-14T21:44:37.494+0000] {dag.py:2941} INFO - Sync 1 DAGs
[2023-11-14T21:44:37.519+0000] {logging_mixin.py:154} INFO - [2023-11-14T21:44:37.519+0000] {dag.py:3722} INFO - Setting next_dagrun for example_task_group to 2023-11-13T21:44:37.518964+00:00, run_after=2023-11-14T21:44:37.518964+00:00
[2023-11-14T21:44:37.566+0000] {processor.py:179} INFO - Processing /home/airflow/.local/lib/python3.8/site-packages/airflow/example_dags/example_task_group.py took 0.141 seconds
[2023-11-14T21:45:08.854+0000] {processor.py:157} INFO - Started process (PID=1272) to work on /home/airflow/.local/lib/python3.8/site-packages/airflow/example_dags/example_task_group.py
[2023-11-14T21:45:08.856+0000] {processor.py:829} INFO - Processing file /home/airflow/.local/lib/python3.8/site-packages/airflow/example_dags/example_task_group.py for tasks to queue
[2023-11-14T21:45:08.858+0000] {logging_mixin.py:154} INFO - [2023-11-14T21:45:08.858+0000] {dagbag.py:536} INFO - Filling up the DagBag from /home/airflow/.local/lib/python3.8/site-packages/airflow/example_dags/example_task_group.py
[2023-11-14T21:45:08.867+0000] {processor.py:839} INFO - DAG(s) dict_keys(['example_task_group']) retrieved from /home/airflow/.local/lib/python3.8/site-packages/airflow/example_dags/example_task_group.py
[2023-11-14T21:45:08.892+0000] {logging_mixin.py:154} INFO - [2023-11-14T21:45:08.892+0000] {dag.py:2941} INFO - Sync 1 DAGs
[2023-11-14T21:45:09.083+0000] {logging_mixin.py:154} INFO - [2023-11-14T21:45:09.083+0000] {dag.py:3722} INFO - Setting next_dagrun for example_task_group to 2023-11-13T21:45:09.082713+00:00, run_after=2023-11-14T21:45:09.082713+00:00
[2023-11-14T21:45:09.110+0000] {processor.py:179} INFO - Processing /home/airflow/.local/lib/python3.8/site-packages/airflow/example_dags/example_task_group.py took 0.260 seconds
[2023-11-14T21:45:39.644+0000] {processor.py:157} INFO - Started process (PID=1326) to work on /home/airflow/.local/lib/python3.8/site-packages/airflow/example_dags/example_task_group.py
[2023-11-14T21:45:39.645+0000] {processor.py:829} INFO - Processing file /home/airflow/.local/lib/python3.8/site-packages/airflow/example_dags/example_task_group.py for tasks to queue
[2023-11-14T21:45:39.647+0000] {logging_mixin.py:154} INFO - [2023-11-14T21:45:39.647+0000] {dagbag.py:536} INFO - Filling up the DagBag from /home/airflow/.local/lib/python3.8/site-packages/airflow/example_dags/example_task_group.py
[2023-11-14T21:45:39.656+0000] {processor.py:839} INFO - DAG(s) dict_keys(['example_task_group']) retrieved from /home/airflow/.local/lib/python3.8/site-packages/airflow/example_dags/example_task_group.py
[2023-11-14T21:45:39.682+0000] {logging_mixin.py:154} INFO - [2023-11-14T21:45:39.682+0000] {dag.py:2941} INFO - Sync 1 DAGs
[2023-11-14T21:45:39.707+0000] {logging_mixin.py:154} INFO - [2023-11-14T21:45:39.707+0000] {dag.py:3722} INFO - Setting next_dagrun for example_task_group to 2023-11-13T21:45:39.706875+00:00, run_after=2023-11-14T21:45:39.706875+00:00
[2023-11-14T21:45:39.732+0000] {processor.py:179} INFO - Processing /home/airflow/.local/lib/python3.8/site-packages/airflow/example_dags/example_task_group.py took 0.092 seconds
[2023-11-14T21:46:09.920+0000] {processor.py:157} INFO - Started process (PID=1380) to work on /home/airflow/.local/lib/python3.8/site-packages/airflow/example_dags/example_task_group.py
[2023-11-14T21:46:09.922+0000] {processor.py:829} INFO - Processing file /home/airflow/.local/lib/python3.8/site-packages/airflow/example_dags/example_task_group.py for tasks to queue
[2023-11-14T21:46:09.924+0000] {logging_mixin.py:154} INFO - [2023-11-14T21:46:09.924+0000] {dagbag.py:536} INFO - Filling up the DagBag from /home/airflow/.local/lib/python3.8/site-packages/airflow/example_dags/example_task_group.py
[2023-11-14T21:46:09.936+0000] {processor.py:839} INFO - DAG(s) dict_keys(['example_task_group']) retrieved from /home/airflow/.local/lib/python3.8/site-packages/airflow/example_dags/example_task_group.py
[2023-11-14T21:46:09.964+0000] {logging_mixin.py:154} INFO - [2023-11-14T21:46:09.963+0000] {dag.py:2941} INFO - Sync 1 DAGs
[2023-11-14T21:46:09.991+0000] {logging_mixin.py:154} INFO - [2023-11-14T21:46:09.991+0000] {dag.py:3722} INFO - Setting next_dagrun for example_task_group to 2023-11-13T21:46:09.991048+00:00, run_after=2023-11-14T21:46:09.991048+00:00
[2023-11-14T21:46:10.014+0000] {processor.py:179} INFO - Processing /home/airflow/.local/lib/python3.8/site-packages/airflow/example_dags/example_task_group.py took 0.098 seconds
[2023-11-14T21:46:40.895+0000] {processor.py:157} INFO - Started process (PID=1434) to work on /home/airflow/.local/lib/python3.8/site-packages/airflow/example_dags/example_task_group.py
[2023-11-14T21:46:40.896+0000] {processor.py:829} INFO - Processing file /home/airflow/.local/lib/python3.8/site-packages/airflow/example_dags/example_task_group.py for tasks to queue
[2023-11-14T21:46:40.900+0000] {logging_mixin.py:154} INFO - [2023-11-14T21:46:40.900+0000] {dagbag.py:536} INFO - Filling up the DagBag from /home/airflow/.local/lib/python3.8/site-packages/airflow/example_dags/example_task_group.py
[2023-11-14T21:46:40.911+0000] {processor.py:839} INFO - DAG(s) dict_keys(['example_task_group']) retrieved from /home/airflow/.local/lib/python3.8/site-packages/airflow/example_dags/example_task_group.py
[2023-11-14T21:46:40.942+0000] {logging_mixin.py:154} INFO - [2023-11-14T21:46:40.942+0000] {dag.py:2941} INFO - Sync 1 DAGs
[2023-11-14T21:46:41.146+0000] {logging_mixin.py:154} INFO - [2023-11-14T21:46:41.146+0000] {dag.py:3722} INFO - Setting next_dagrun for example_task_group to 2023-11-13T21:46:41.146294+00:00, run_after=2023-11-14T21:46:41.146294+00:00
[2023-11-14T21:46:41.186+0000] {processor.py:179} INFO - Processing /home/airflow/.local/lib/python3.8/site-packages/airflow/example_dags/example_task_group.py took 0.295 seconds
[2023-11-14T21:47:11.945+0000] {processor.py:157} INFO - Started process (PID=1488) to work on /home/airflow/.local/lib/python3.8/site-packages/airflow/example_dags/example_task_group.py
[2023-11-14T21:47:11.947+0000] {processor.py:829} INFO - Processing file /home/airflow/.local/lib/python3.8/site-packages/airflow/example_dags/example_task_group.py for tasks to queue
[2023-11-14T21:47:11.949+0000] {logging_mixin.py:154} INFO - [2023-11-14T21:47:11.949+0000] {dagbag.py:536} INFO - Filling up the DagBag from /home/airflow/.local/lib/python3.8/site-packages/airflow/example_dags/example_task_group.py
[2023-11-14T21:47:11.959+0000] {processor.py:839} INFO - DAG(s) dict_keys(['example_task_group']) retrieved from /home/airflow/.local/lib/python3.8/site-packages/airflow/example_dags/example_task_group.py
[2023-11-14T21:47:11.986+0000] {logging_mixin.py:154} INFO - [2023-11-14T21:47:11.986+0000] {dag.py:2941} INFO - Sync 1 DAGs
[2023-11-14T21:47:12.025+0000] {logging_mixin.py:154} INFO - [2023-11-14T21:47:12.025+0000] {dag.py:3722} INFO - Setting next_dagrun for example_task_group to 2023-11-13T21:47:12.024498+00:00, run_after=2023-11-14T21:47:12.024498+00:00
[2023-11-14T21:47:12.065+0000] {processor.py:179} INFO - Processing /home/airflow/.local/lib/python3.8/site-packages/airflow/example_dags/example_task_group.py took 0.124 seconds
[2023-11-14T21:47:42.475+0000] {processor.py:157} INFO - Started process (PID=1542) to work on /home/airflow/.local/lib/python3.8/site-packages/airflow/example_dags/example_task_group.py
[2023-11-14T21:47:42.476+0000] {processor.py:829} INFO - Processing file /home/airflow/.local/lib/python3.8/site-packages/airflow/example_dags/example_task_group.py for tasks to queue
[2023-11-14T21:47:42.479+0000] {logging_mixin.py:154} INFO - [2023-11-14T21:47:42.479+0000] {dagbag.py:536} INFO - Filling up the DagBag from /home/airflow/.local/lib/python3.8/site-packages/airflow/example_dags/example_task_group.py
[2023-11-14T21:47:42.492+0000] {processor.py:839} INFO - DAG(s) dict_keys(['example_task_group']) retrieved from /home/airflow/.local/lib/python3.8/site-packages/airflow/example_dags/example_task_group.py
[2023-11-14T21:47:42.529+0000] {logging_mixin.py:154} INFO - [2023-11-14T21:47:42.529+0000] {dag.py:2941} INFO - Sync 1 DAGs
[2023-11-14T21:47:42.564+0000] {logging_mixin.py:154} INFO - [2023-11-14T21:47:42.564+0000] {dag.py:3722} INFO - Setting next_dagrun for example_task_group to 2023-11-13T21:47:42.563861+00:00, run_after=2023-11-14T21:47:42.563861+00:00
[2023-11-14T21:47:42.594+0000] {processor.py:179} INFO - Processing /home/airflow/.local/lib/python3.8/site-packages/airflow/example_dags/example_task_group.py took 0.125 seconds
[2023-11-14T21:48:13.714+0000] {processor.py:157} INFO - Started process (PID=1597) to work on /home/airflow/.local/lib/python3.8/site-packages/airflow/example_dags/example_task_group.py
[2023-11-14T21:48:13.716+0000] {processor.py:829} INFO - Processing file /home/airflow/.local/lib/python3.8/site-packages/airflow/example_dags/example_task_group.py for tasks to queue
[2023-11-14T21:48:13.720+0000] {logging_mixin.py:154} INFO - [2023-11-14T21:48:13.719+0000] {dagbag.py:536} INFO - Filling up the DagBag from /home/airflow/.local/lib/python3.8/site-packages/airflow/example_dags/example_task_group.py
[2023-11-14T21:48:13.730+0000] {processor.py:839} INFO - DAG(s) dict_keys(['example_task_group']) retrieved from /home/airflow/.local/lib/python3.8/site-packages/airflow/example_dags/example_task_group.py
[2023-11-14T21:48:13.761+0000] {logging_mixin.py:154} INFO - [2023-11-14T21:48:13.761+0000] {dag.py:2941} INFO - Sync 1 DAGs
[2023-11-14T21:48:13.959+0000] {logging_mixin.py:154} INFO - [2023-11-14T21:48:13.959+0000] {dag.py:3722} INFO - Setting next_dagrun for example_task_group to 2023-11-13T21:48:13.959109+00:00, run_after=2023-11-14T21:48:13.959109+00:00
[2023-11-14T21:48:14.001+0000] {processor.py:179} INFO - Processing /home/airflow/.local/lib/python3.8/site-packages/airflow/example_dags/example_task_group.py took 0.292 seconds
[2023-11-14T21:48:44.241+0000] {processor.py:157} INFO - Started process (PID=1651) to work on /home/airflow/.local/lib/python3.8/site-packages/airflow/example_dags/example_task_group.py
[2023-11-14T21:48:44.242+0000] {processor.py:829} INFO - Processing file /home/airflow/.local/lib/python3.8/site-packages/airflow/example_dags/example_task_group.py for tasks to queue
[2023-11-14T21:48:44.244+0000] {logging_mixin.py:154} INFO - [2023-11-14T21:48:44.244+0000] {dagbag.py:536} INFO - Filling up the DagBag from /home/airflow/.local/lib/python3.8/site-packages/airflow/example_dags/example_task_group.py
[2023-11-14T21:48:44.255+0000] {processor.py:839} INFO - DAG(s) dict_keys(['example_task_group']) retrieved from /home/airflow/.local/lib/python3.8/site-packages/airflow/example_dags/example_task_group.py
[2023-11-14T21:48:44.283+0000] {logging_mixin.py:154} INFO - [2023-11-14T21:48:44.283+0000] {dag.py:2941} INFO - Sync 1 DAGs
[2023-11-14T21:48:44.313+0000] {logging_mixin.py:154} INFO - [2023-11-14T21:48:44.312+0000] {dag.py:3722} INFO - Setting next_dagrun for example_task_group to 2023-11-13T21:48:44.312442+00:00, run_after=2023-11-14T21:48:44.312442+00:00
[2023-11-14T21:48:44.358+0000] {processor.py:179} INFO - Processing /home/airflow/.local/lib/python3.8/site-packages/airflow/example_dags/example_task_group.py took 0.122 seconds
[2023-11-14T21:49:15.058+0000] {processor.py:157} INFO - Started process (PID=1705) to work on /home/airflow/.local/lib/python3.8/site-packages/airflow/example_dags/example_task_group.py
[2023-11-14T21:49:15.061+0000] {processor.py:829} INFO - Processing file /home/airflow/.local/lib/python3.8/site-packages/airflow/example_dags/example_task_group.py for tasks to queue
[2023-11-14T21:49:15.067+0000] {logging_mixin.py:154} INFO - [2023-11-14T21:49:15.066+0000] {dagbag.py:536} INFO - Filling up the DagBag from /home/airflow/.local/lib/python3.8/site-packages/airflow/example_dags/example_task_group.py
[2023-11-14T21:49:15.085+0000] {processor.py:839} INFO - DAG(s) dict_keys(['example_task_group']) retrieved from /home/airflow/.local/lib/python3.8/site-packages/airflow/example_dags/example_task_group.py
[2023-11-14T21:49:15.274+0000] {logging_mixin.py:154} INFO - [2023-11-14T21:49:15.273+0000] {dag.py:2941} INFO - Sync 1 DAGs
[2023-11-14T21:49:15.305+0000] {logging_mixin.py:154} INFO - [2023-11-14T21:49:15.305+0000] {dag.py:3722} INFO - Setting next_dagrun for example_task_group to 2023-11-13T21:49:15.305178+00:00, run_after=2023-11-14T21:49:15.305178+00:00
[2023-11-14T21:49:15.330+0000] {processor.py:179} INFO - Processing /home/airflow/.local/lib/python3.8/site-packages/airflow/example_dags/example_task_group.py took 0.281 seconds
[2023-11-14T21:49:46.075+0000] {processor.py:157} INFO - Started process (PID=1759) to work on /home/airflow/.local/lib/python3.8/site-packages/airflow/example_dags/example_task_group.py
[2023-11-14T21:49:46.076+0000] {processor.py:829} INFO - Processing file /home/airflow/.local/lib/python3.8/site-packages/airflow/example_dags/example_task_group.py for tasks to queue
[2023-11-14T21:49:46.079+0000] {logging_mixin.py:154} INFO - [2023-11-14T21:49:46.079+0000] {dagbag.py:536} INFO - Filling up the DagBag from /home/airflow/.local/lib/python3.8/site-packages/airflow/example_dags/example_task_group.py
[2023-11-14T21:49:46.089+0000] {processor.py:839} INFO - DAG(s) dict_keys(['example_task_group']) retrieved from /home/airflow/.local/lib/python3.8/site-packages/airflow/example_dags/example_task_group.py
[2023-11-14T21:49:46.118+0000] {logging_mixin.py:154} INFO - [2023-11-14T21:49:46.118+0000] {dag.py:2941} INFO - Sync 1 DAGs
[2023-11-14T21:49:46.146+0000] {logging_mixin.py:154} INFO - [2023-11-14T21:49:46.146+0000] {dag.py:3722} INFO - Setting next_dagrun for example_task_group to 2023-11-13T21:49:46.145989+00:00, run_after=2023-11-14T21:49:46.145989+00:00
[2023-11-14T21:49:46.176+0000] {processor.py:179} INFO - Processing /home/airflow/.local/lib/python3.8/site-packages/airflow/example_dags/example_task_group.py took 0.105 seconds
[2023-11-14T21:50:16.828+0000] {processor.py:157} INFO - Started process (PID=1813) to work on /home/airflow/.local/lib/python3.8/site-packages/airflow/example_dags/example_task_group.py
[2023-11-14T21:50:16.829+0000] {processor.py:829} INFO - Processing file /home/airflow/.local/lib/python3.8/site-packages/airflow/example_dags/example_task_group.py for tasks to queue
[2023-11-14T21:50:16.832+0000] {logging_mixin.py:154} INFO - [2023-11-14T21:50:16.831+0000] {dagbag.py:536} INFO - Filling up the DagBag from /home/airflow/.local/lib/python3.8/site-packages/airflow/example_dags/example_task_group.py
[2023-11-14T21:50:16.840+0000] {processor.py:839} INFO - DAG(s) dict_keys(['example_task_group']) retrieved from /home/airflow/.local/lib/python3.8/site-packages/airflow/example_dags/example_task_group.py
[2023-11-14T21:50:16.867+0000] {logging_mixin.py:154} INFO - [2023-11-14T21:50:16.867+0000] {dag.py:2941} INFO - Sync 1 DAGs
[2023-11-14T21:50:16.893+0000] {logging_mixin.py:154} INFO - [2023-11-14T21:50:16.893+0000] {dag.py:3722} INFO - Setting next_dagrun for example_task_group to 2023-11-13T21:50:16.892917+00:00, run_after=2023-11-14T21:50:16.892917+00:00
[2023-11-14T21:50:16.915+0000] {processor.py:179} INFO - Processing /home/airflow/.local/lib/python3.8/site-packages/airflow/example_dags/example_task_group.py took 0.091 seconds
[2023-11-14T21:50:47.266+0000] {processor.py:157} INFO - Started process (PID=1867) to work on /home/airflow/.local/lib/python3.8/site-packages/airflow/example_dags/example_task_group.py
[2023-11-14T21:50:47.267+0000] {processor.py:829} INFO - Processing file /home/airflow/.local/lib/python3.8/site-packages/airflow/example_dags/example_task_group.py for tasks to queue
[2023-11-14T21:50:47.270+0000] {logging_mixin.py:154} INFO - [2023-11-14T21:50:47.269+0000] {dagbag.py:536} INFO - Filling up the DagBag from /home/airflow/.local/lib/python3.8/site-packages/airflow/example_dags/example_task_group.py
[2023-11-14T21:50:47.280+0000] {processor.py:839} INFO - DAG(s) dict_keys(['example_task_group']) retrieved from /home/airflow/.local/lib/python3.8/site-packages/airflow/example_dags/example_task_group.py
[2023-11-14T21:50:47.308+0000] {logging_mixin.py:154} INFO - [2023-11-14T21:50:47.308+0000] {dag.py:2941} INFO - Sync 1 DAGs
[2023-11-14T21:50:47.338+0000] {logging_mixin.py:154} INFO - [2023-11-14T21:50:47.337+0000] {dag.py:3722} INFO - Setting next_dagrun for example_task_group to 2023-11-13T21:50:47.337441+00:00, run_after=2023-11-14T21:50:47.337441+00:00
[2023-11-14T21:50:47.364+0000] {processor.py:179} INFO - Processing /home/airflow/.local/lib/python3.8/site-packages/airflow/example_dags/example_task_group.py took 0.102 seconds
[2023-11-14T21:51:17.732+0000] {processor.py:157} INFO - Started process (PID=1921) to work on /home/airflow/.local/lib/python3.8/site-packages/airflow/example_dags/example_task_group.py
[2023-11-14T21:51:17.733+0000] {processor.py:829} INFO - Processing file /home/airflow/.local/lib/python3.8/site-packages/airflow/example_dags/example_task_group.py for tasks to queue
[2023-11-14T21:51:17.736+0000] {logging_mixin.py:154} INFO - [2023-11-14T21:51:17.736+0000] {dagbag.py:536} INFO - Filling up the DagBag from /home/airflow/.local/lib/python3.8/site-packages/airflow/example_dags/example_task_group.py
[2023-11-14T21:51:17.745+0000] {processor.py:839} INFO - DAG(s) dict_keys(['example_task_group']) retrieved from /home/airflow/.local/lib/python3.8/site-packages/airflow/example_dags/example_task_group.py
[2023-11-14T21:51:17.773+0000] {logging_mixin.py:154} INFO - [2023-11-14T21:51:17.772+0000] {dag.py:2941} INFO - Sync 1 DAGs
[2023-11-14T21:51:17.801+0000] {logging_mixin.py:154} INFO - [2023-11-14T21:51:17.800+0000] {dag.py:3722} INFO - Setting next_dagrun for example_task_group to 2023-11-13T21:51:17.800436+00:00, run_after=2023-11-14T21:51:17.800436+00:00
[2023-11-14T21:51:17.828+0000] {processor.py:179} INFO - Processing /home/airflow/.local/lib/python3.8/site-packages/airflow/example_dags/example_task_group.py took 0.101 seconds
[2023-11-14T21:51:48.196+0000] {processor.py:157} INFO - Started process (PID=1975) to work on /home/airflow/.local/lib/python3.8/site-packages/airflow/example_dags/example_task_group.py
[2023-11-14T21:51:48.197+0000] {processor.py:829} INFO - Processing file /home/airflow/.local/lib/python3.8/site-packages/airflow/example_dags/example_task_group.py for tasks to queue
[2023-11-14T21:51:48.200+0000] {logging_mixin.py:154} INFO - [2023-11-14T21:51:48.199+0000] {dagbag.py:536} INFO - Filling up the DagBag from /home/airflow/.local/lib/python3.8/site-packages/airflow/example_dags/example_task_group.py
[2023-11-14T21:51:48.210+0000] {processor.py:839} INFO - DAG(s) dict_keys(['example_task_group']) retrieved from /home/airflow/.local/lib/python3.8/site-packages/airflow/example_dags/example_task_group.py
[2023-11-14T21:51:48.236+0000] {logging_mixin.py:154} INFO - [2023-11-14T21:51:48.236+0000] {dag.py:2941} INFO - Sync 1 DAGs
[2023-11-14T21:51:48.262+0000] {logging_mixin.py:154} INFO - [2023-11-14T21:51:48.262+0000] {dag.py:3722} INFO - Setting next_dagrun for example_task_group to 2023-11-13T21:51:48.261718+00:00, run_after=2023-11-14T21:51:48.261718+00:00
[2023-11-14T21:51:48.286+0000] {processor.py:179} INFO - Processing /home/airflow/.local/lib/python3.8/site-packages/airflow/example_dags/example_task_group.py took 0.094 seconds
[2023-11-14T21:52:18.998+0000] {processor.py:157} INFO - Started process (PID=2030) to work on /home/airflow/.local/lib/python3.8/site-packages/airflow/example_dags/example_task_group.py
[2023-11-14T21:52:18.999+0000] {processor.py:829} INFO - Processing file /home/airflow/.local/lib/python3.8/site-packages/airflow/example_dags/example_task_group.py for tasks to queue
[2023-11-14T21:52:19.002+0000] {logging_mixin.py:154} INFO - [2023-11-14T21:52:19.002+0000] {dagbag.py:536} INFO - Filling up the DagBag from /home/airflow/.local/lib/python3.8/site-packages/airflow/example_dags/example_task_group.py
[2023-11-14T21:52:19.011+0000] {processor.py:839} INFO - DAG(s) dict_keys(['example_task_group']) retrieved from /home/airflow/.local/lib/python3.8/site-packages/airflow/example_dags/example_task_group.py
[2023-11-14T21:52:19.037+0000] {logging_mixin.py:154} INFO - [2023-11-14T21:52:19.036+0000] {dag.py:2941} INFO - Sync 1 DAGs
[2023-11-14T21:52:19.062+0000] {logging_mixin.py:154} INFO - [2023-11-14T21:52:19.062+0000] {dag.py:3722} INFO - Setting next_dagrun for example_task_group to 2023-11-13T21:52:19.062062+00:00, run_after=2023-11-14T21:52:19.062062+00:00
[2023-11-14T21:52:19.085+0000] {processor.py:179} INFO - Processing /home/airflow/.local/lib/python3.8/site-packages/airflow/example_dags/example_task_group.py took 0.092 seconds
[2023-11-14T21:52:49.269+0000] {processor.py:157} INFO - Started process (PID=2084) to work on /home/airflow/.local/lib/python3.8/site-packages/airflow/example_dags/example_task_group.py
[2023-11-14T21:52:49.271+0000] {processor.py:829} INFO - Processing file /home/airflow/.local/lib/python3.8/site-packages/airflow/example_dags/example_task_group.py for tasks to queue
[2023-11-14T21:52:49.273+0000] {logging_mixin.py:154} INFO - [2023-11-14T21:52:49.273+0000] {dagbag.py:536} INFO - Filling up the DagBag from /home/airflow/.local/lib/python3.8/site-packages/airflow/example_dags/example_task_group.py
[2023-11-14T21:52:49.285+0000] {processor.py:839} INFO - DAG(s) dict_keys(['example_task_group']) retrieved from /home/airflow/.local/lib/python3.8/site-packages/airflow/example_dags/example_task_group.py
[2023-11-14T21:52:49.313+0000] {logging_mixin.py:154} INFO - [2023-11-14T21:52:49.313+0000] {dag.py:2941} INFO - Sync 1 DAGs
[2023-11-14T21:52:49.345+0000] {logging_mixin.py:154} INFO - [2023-11-14T21:52:49.344+0000] {dag.py:3722} INFO - Setting next_dagrun for example_task_group to 2023-11-13T21:52:49.344624+00:00, run_after=2023-11-14T21:52:49.344624+00:00
[2023-11-14T21:52:49.369+0000] {processor.py:179} INFO - Processing /home/airflow/.local/lib/python3.8/site-packages/airflow/example_dags/example_task_group.py took 0.104 seconds
[2023-11-14T21:53:20.104+0000] {processor.py:157} INFO - Started process (PID=2138) to work on /home/airflow/.local/lib/python3.8/site-packages/airflow/example_dags/example_task_group.py
[2023-11-14T21:53:20.105+0000] {processor.py:829} INFO - Processing file /home/airflow/.local/lib/python3.8/site-packages/airflow/example_dags/example_task_group.py for tasks to queue
[2023-11-14T21:53:20.108+0000] {logging_mixin.py:154} INFO - [2023-11-14T21:53:20.108+0000] {dagbag.py:536} INFO - Filling up the DagBag from /home/airflow/.local/lib/python3.8/site-packages/airflow/example_dags/example_task_group.py
[2023-11-14T21:53:20.117+0000] {processor.py:839} INFO - DAG(s) dict_keys(['example_task_group']) retrieved from /home/airflow/.local/lib/python3.8/site-packages/airflow/example_dags/example_task_group.py
[2023-11-14T21:53:20.144+0000] {logging_mixin.py:154} INFO - [2023-11-14T21:53:20.144+0000] {dag.py:2941} INFO - Sync 1 DAGs
[2023-11-14T21:53:20.171+0000] {logging_mixin.py:154} INFO - [2023-11-14T21:53:20.171+0000] {dag.py:3722} INFO - Setting next_dagrun for example_task_group to 2023-11-13T21:53:20.171090+00:00, run_after=2023-11-14T21:53:20.171090+00:00
[2023-11-14T21:53:20.197+0000] {processor.py:179} INFO - Processing /home/airflow/.local/lib/python3.8/site-packages/airflow/example_dags/example_task_group.py took 0.097 seconds
[2023-11-14T21:53:50.977+0000] {processor.py:157} INFO - Started process (PID=2192) to work on /home/airflow/.local/lib/python3.8/site-packages/airflow/example_dags/example_task_group.py
[2023-11-14T21:53:50.979+0000] {processor.py:829} INFO - Processing file /home/airflow/.local/lib/python3.8/site-packages/airflow/example_dags/example_task_group.py for tasks to queue
[2023-11-14T21:53:50.982+0000] {logging_mixin.py:154} INFO - [2023-11-14T21:53:50.981+0000] {dagbag.py:536} INFO - Filling up the DagBag from /home/airflow/.local/lib/python3.8/site-packages/airflow/example_dags/example_task_group.py
[2023-11-14T21:53:50.992+0000] {processor.py:839} INFO - DAG(s) dict_keys(['example_task_group']) retrieved from /home/airflow/.local/lib/python3.8/site-packages/airflow/example_dags/example_task_group.py
[2023-11-14T21:53:51.021+0000] {logging_mixin.py:154} INFO - [2023-11-14T21:53:51.021+0000] {dag.py:2941} INFO - Sync 1 DAGs
[2023-11-14T21:53:51.057+0000] {logging_mixin.py:154} INFO - [2023-11-14T21:53:51.056+0000] {dag.py:3722} INFO - Setting next_dagrun for example_task_group to 2023-11-13T21:53:51.056657+00:00, run_after=2023-11-14T21:53:51.056657+00:00
[2023-11-14T21:53:51.098+0000] {processor.py:179} INFO - Processing /home/airflow/.local/lib/python3.8/site-packages/airflow/example_dags/example_task_group.py took 0.125 seconds
[2023-11-14T21:54:21.568+0000] {processor.py:157} INFO - Started process (PID=2246) to work on /home/airflow/.local/lib/python3.8/site-packages/airflow/example_dags/example_task_group.py
[2023-11-14T21:54:21.569+0000] {processor.py:829} INFO - Processing file /home/airflow/.local/lib/python3.8/site-packages/airflow/example_dags/example_task_group.py for tasks to queue
[2023-11-14T21:54:21.571+0000] {logging_mixin.py:154} INFO - [2023-11-14T21:54:21.571+0000] {dagbag.py:536} INFO - Filling up the DagBag from /home/airflow/.local/lib/python3.8/site-packages/airflow/example_dags/example_task_group.py
[2023-11-14T21:54:21.581+0000] {processor.py:839} INFO - DAG(s) dict_keys(['example_task_group']) retrieved from /home/airflow/.local/lib/python3.8/site-packages/airflow/example_dags/example_task_group.py
[2023-11-14T21:54:21.612+0000] {logging_mixin.py:154} INFO - [2023-11-14T21:54:21.612+0000] {dag.py:2941} INFO - Sync 1 DAGs
[2023-11-14T21:54:21.646+0000] {logging_mixin.py:154} INFO - [2023-11-14T21:54:21.646+0000] {dag.py:3722} INFO - Setting next_dagrun for example_task_group to 2023-11-13T21:54:21.645771+00:00, run_after=2023-11-14T21:54:21.645771+00:00
[2023-11-14T21:54:21.690+0000] {processor.py:179} INFO - Processing /home/airflow/.local/lib/python3.8/site-packages/airflow/example_dags/example_task_group.py took 0.128 seconds
[2023-11-14T21:54:52.509+0000] {processor.py:157} INFO - Started process (PID=2300) to work on /home/airflow/.local/lib/python3.8/site-packages/airflow/example_dags/example_task_group.py
[2023-11-14T21:54:52.510+0000] {processor.py:829} INFO - Processing file /home/airflow/.local/lib/python3.8/site-packages/airflow/example_dags/example_task_group.py for tasks to queue
[2023-11-14T21:54:52.513+0000] {logging_mixin.py:154} INFO - [2023-11-14T21:54:52.512+0000] {dagbag.py:536} INFO - Filling up the DagBag from /home/airflow/.local/lib/python3.8/site-packages/airflow/example_dags/example_task_group.py
[2023-11-14T21:54:52.522+0000] {processor.py:839} INFO - DAG(s) dict_keys(['example_task_group']) retrieved from /home/airflow/.local/lib/python3.8/site-packages/airflow/example_dags/example_task_group.py
[2023-11-14T21:54:52.552+0000] {logging_mixin.py:154} INFO - [2023-11-14T21:54:52.552+0000] {dag.py:2941} INFO - Sync 1 DAGs
[2023-11-14T21:54:52.589+0000] {logging_mixin.py:154} INFO - [2023-11-14T21:54:52.589+0000] {dag.py:3722} INFO - Setting next_dagrun for example_task_group to 2023-11-13T21:54:52.588740+00:00, run_after=2023-11-14T21:54:52.588740+00:00
[2023-11-14T21:54:52.630+0000] {processor.py:179} INFO - Processing /home/airflow/.local/lib/python3.8/site-packages/airflow/example_dags/example_task_group.py took 0.126 seconds
[2023-11-14T21:55:22.867+0000] {processor.py:157} INFO - Started process (PID=2355) to work on /home/airflow/.local/lib/python3.8/site-packages/airflow/example_dags/example_task_group.py
[2023-11-14T21:55:22.868+0000] {processor.py:829} INFO - Processing file /home/airflow/.local/lib/python3.8/site-packages/airflow/example_dags/example_task_group.py for tasks to queue
[2023-11-14T21:55:22.873+0000] {logging_mixin.py:154} INFO - [2023-11-14T21:55:22.872+0000] {dagbag.py:536} INFO - Filling up the DagBag from /home/airflow/.local/lib/python3.8/site-packages/airflow/example_dags/example_task_group.py
[2023-11-14T21:55:22.883+0000] {processor.py:839} INFO - DAG(s) dict_keys(['example_task_group']) retrieved from /home/airflow/.local/lib/python3.8/site-packages/airflow/example_dags/example_task_group.py
[2023-11-14T21:55:22.916+0000] {logging_mixin.py:154} INFO - [2023-11-14T21:55:22.916+0000] {dag.py:2941} INFO - Sync 1 DAGs
[2023-11-14T21:55:22.946+0000] {logging_mixin.py:154} INFO - [2023-11-14T21:55:22.946+0000] {dag.py:3722} INFO - Setting next_dagrun for example_task_group to 2023-11-13T21:55:22.945954+00:00, run_after=2023-11-14T21:55:22.945954+00:00
[2023-11-14T21:55:22.972+0000] {processor.py:179} INFO - Processing /home/airflow/.local/lib/python3.8/site-packages/airflow/example_dags/example_task_group.py took 0.112 seconds
[2023-11-14T21:55:53.208+0000] {processor.py:157} INFO - Started process (PID=2409) to work on /home/airflow/.local/lib/python3.8/site-packages/airflow/example_dags/example_task_group.py
[2023-11-14T21:55:53.209+0000] {processor.py:829} INFO - Processing file /home/airflow/.local/lib/python3.8/site-packages/airflow/example_dags/example_task_group.py for tasks to queue
[2023-11-14T21:55:53.212+0000] {logging_mixin.py:154} INFO - [2023-11-14T21:55:53.211+0000] {dagbag.py:536} INFO - Filling up the DagBag from /home/airflow/.local/lib/python3.8/site-packages/airflow/example_dags/example_task_group.py
[2023-11-14T21:55:53.222+0000] {processor.py:839} INFO - DAG(s) dict_keys(['example_task_group']) retrieved from /home/airflow/.local/lib/python3.8/site-packages/airflow/example_dags/example_task_group.py
[2023-11-14T21:55:53.249+0000] {logging_mixin.py:154} INFO - [2023-11-14T21:55:53.249+0000] {dag.py:2941} INFO - Sync 1 DAGs
[2023-11-14T21:55:53.278+0000] {logging_mixin.py:154} INFO - [2023-11-14T21:55:53.277+0000] {dag.py:3722} INFO - Setting next_dagrun for example_task_group to 2023-11-13T21:55:53.277638+00:00, run_after=2023-11-14T21:55:53.277638+00:00
[2023-11-14T21:55:53.301+0000] {processor.py:179} INFO - Processing /home/airflow/.local/lib/python3.8/site-packages/airflow/example_dags/example_task_group.py took 0.098 seconds
[2023-11-14T21:56:23.773+0000] {processor.py:157} INFO - Started process (PID=2463) to work on /home/airflow/.local/lib/python3.8/site-packages/airflow/example_dags/example_task_group.py
[2023-11-14T21:56:23.774+0000] {processor.py:829} INFO - Processing file /home/airflow/.local/lib/python3.8/site-packages/airflow/example_dags/example_task_group.py for tasks to queue
[2023-11-14T21:56:23.777+0000] {logging_mixin.py:154} INFO - [2023-11-14T21:56:23.777+0000] {dagbag.py:536} INFO - Filling up the DagBag from /home/airflow/.local/lib/python3.8/site-packages/airflow/example_dags/example_task_group.py
[2023-11-14T21:56:23.787+0000] {processor.py:839} INFO - DAG(s) dict_keys(['example_task_group']) retrieved from /home/airflow/.local/lib/python3.8/site-packages/airflow/example_dags/example_task_group.py
[2023-11-14T21:56:23.814+0000] {logging_mixin.py:154} INFO - [2023-11-14T21:56:23.814+0000] {dag.py:2941} INFO - Sync 1 DAGs
[2023-11-14T21:56:23.843+0000] {logging_mixin.py:154} INFO - [2023-11-14T21:56:23.843+0000] {dag.py:3722} INFO - Setting next_dagrun for example_task_group to 2023-11-13T21:56:23.842695+00:00, run_after=2023-11-14T21:56:23.842695+00:00
[2023-11-14T21:56:23.869+0000] {processor.py:179} INFO - Processing /home/airflow/.local/lib/python3.8/site-packages/airflow/example_dags/example_task_group.py took 0.100 seconds
[2023-11-14T21:56:54.643+0000] {processor.py:157} INFO - Started process (PID=2518) to work on /home/airflow/.local/lib/python3.8/site-packages/airflow/example_dags/example_task_group.py
[2023-11-14T21:56:54.645+0000] {processor.py:829} INFO - Processing file /home/airflow/.local/lib/python3.8/site-packages/airflow/example_dags/example_task_group.py for tasks to queue
[2023-11-14T21:56:54.647+0000] {logging_mixin.py:154} INFO - [2023-11-14T21:56:54.647+0000] {dagbag.py:536} INFO - Filling up the DagBag from /home/airflow/.local/lib/python3.8/site-packages/airflow/example_dags/example_task_group.py
[2023-11-14T21:56:54.656+0000] {processor.py:839} INFO - DAG(s) dict_keys(['example_task_group']) retrieved from /home/airflow/.local/lib/python3.8/site-packages/airflow/example_dags/example_task_group.py
[2023-11-14T21:56:54.682+0000] {logging_mixin.py:154} INFO - [2023-11-14T21:56:54.681+0000] {dag.py:2941} INFO - Sync 1 DAGs
[2023-11-14T21:56:54.714+0000] {logging_mixin.py:154} INFO - [2023-11-14T21:56:54.714+0000] {dag.py:3722} INFO - Setting next_dagrun for example_task_group to 2023-11-13T21:56:54.713708+00:00, run_after=2023-11-14T21:56:54.713708+00:00
[2023-11-14T21:56:54.739+0000] {processor.py:179} INFO - Processing /home/airflow/.local/lib/python3.8/site-packages/airflow/example_dags/example_task_group.py took 0.101 seconds
[2023-11-14T21:57:25.419+0000] {processor.py:157} INFO - Started process (PID=2572) to work on /home/airflow/.local/lib/python3.8/site-packages/airflow/example_dags/example_task_group.py
[2023-11-14T21:57:25.419+0000] {processor.py:829} INFO - Processing file /home/airflow/.local/lib/python3.8/site-packages/airflow/example_dags/example_task_group.py for tasks to queue
[2023-11-14T21:57:25.422+0000] {logging_mixin.py:154} INFO - [2023-11-14T21:57:25.422+0000] {dagbag.py:536} INFO - Filling up the DagBag from /home/airflow/.local/lib/python3.8/site-packages/airflow/example_dags/example_task_group.py
[2023-11-14T21:57:25.433+0000] {processor.py:839} INFO - DAG(s) dict_keys(['example_task_group']) retrieved from /home/airflow/.local/lib/python3.8/site-packages/airflow/example_dags/example_task_group.py
[2023-11-14T21:57:25.462+0000] {logging_mixin.py:154} INFO - [2023-11-14T21:57:25.461+0000] {dag.py:2941} INFO - Sync 1 DAGs
[2023-11-14T21:57:25.490+0000] {logging_mixin.py:154} INFO - [2023-11-14T21:57:25.490+0000] {dag.py:3722} INFO - Setting next_dagrun for example_task_group to 2023-11-13T21:57:25.489909+00:00, run_after=2023-11-14T21:57:25.489909+00:00
[2023-11-14T21:57:25.515+0000] {processor.py:179} INFO - Processing /home/airflow/.local/lib/python3.8/site-packages/airflow/example_dags/example_task_group.py took 0.101 seconds
[2023-11-14T21:57:55.847+0000] {processor.py:157} INFO - Started process (PID=2627) to work on /home/airflow/.local/lib/python3.8/site-packages/airflow/example_dags/example_task_group.py
[2023-11-14T21:57:55.849+0000] {processor.py:829} INFO - Processing file /home/airflow/.local/lib/python3.8/site-packages/airflow/example_dags/example_task_group.py for tasks to queue
[2023-11-14T21:57:55.852+0000] {logging_mixin.py:154} INFO - [2023-11-14T21:57:55.852+0000] {dagbag.py:536} INFO - Filling up the DagBag from /home/airflow/.local/lib/python3.8/site-packages/airflow/example_dags/example_task_group.py
[2023-11-14T21:57:55.863+0000] {processor.py:839} INFO - DAG(s) dict_keys(['example_task_group']) retrieved from /home/airflow/.local/lib/python3.8/site-packages/airflow/example_dags/example_task_group.py
[2023-11-14T21:57:55.894+0000] {logging_mixin.py:154} INFO - [2023-11-14T21:57:55.894+0000] {dag.py:2941} INFO - Sync 1 DAGs
[2023-11-14T21:57:55.925+0000] {logging_mixin.py:154} INFO - [2023-11-14T21:57:55.925+0000] {dag.py:3722} INFO - Setting next_dagrun for example_task_group to 2023-11-13T21:57:55.925111+00:00, run_after=2023-11-14T21:57:55.925111+00:00
[2023-11-14T21:57:55.954+0000] {processor.py:179} INFO - Processing /home/airflow/.local/lib/python3.8/site-packages/airflow/example_dags/example_task_group.py took 0.111 seconds
[2023-11-14T21:58:25.989+0000] {processor.py:157} INFO - Started process (PID=2681) to work on /home/airflow/.local/lib/python3.8/site-packages/airflow/example_dags/example_task_group.py
[2023-11-14T21:58:25.990+0000] {processor.py:829} INFO - Processing file /home/airflow/.local/lib/python3.8/site-packages/airflow/example_dags/example_task_group.py for tasks to queue
[2023-11-14T21:58:25.993+0000] {logging_mixin.py:154} INFO - [2023-11-14T21:58:25.993+0000] {dagbag.py:536} INFO - Filling up the DagBag from /home/airflow/.local/lib/python3.8/site-packages/airflow/example_dags/example_task_group.py
[2023-11-14T21:58:26.004+0000] {processor.py:839} INFO - DAG(s) dict_keys(['example_task_group']) retrieved from /home/airflow/.local/lib/python3.8/site-packages/airflow/example_dags/example_task_group.py
[2023-11-14T21:58:26.039+0000] {logging_mixin.py:154} INFO - [2023-11-14T21:58:26.038+0000] {dag.py:2941} INFO - Sync 1 DAGs
[2023-11-14T21:58:26.073+0000] {logging_mixin.py:154} INFO - [2023-11-14T21:58:26.072+0000] {dag.py:3722} INFO - Setting next_dagrun for example_task_group to 2023-11-13T21:58:26.072319+00:00, run_after=2023-11-14T21:58:26.072319+00:00
[2023-11-14T21:58:26.102+0000] {processor.py:179} INFO - Processing /home/airflow/.local/lib/python3.8/site-packages/airflow/example_dags/example_task_group.py took 0.118 seconds
[2023-11-14T21:58:56.566+0000] {processor.py:157} INFO - Started process (PID=2735) to work on /home/airflow/.local/lib/python3.8/site-packages/airflow/example_dags/example_task_group.py
[2023-11-14T21:58:56.568+0000] {processor.py:829} INFO - Processing file /home/airflow/.local/lib/python3.8/site-packages/airflow/example_dags/example_task_group.py for tasks to queue
[2023-11-14T21:58:56.570+0000] {logging_mixin.py:154} INFO - [2023-11-14T21:58:56.570+0000] {dagbag.py:536} INFO - Filling up the DagBag from /home/airflow/.local/lib/python3.8/site-packages/airflow/example_dags/example_task_group.py
[2023-11-14T21:58:56.580+0000] {processor.py:839} INFO - DAG(s) dict_keys(['example_task_group']) retrieved from /home/airflow/.local/lib/python3.8/site-packages/airflow/example_dags/example_task_group.py
[2023-11-14T21:58:56.608+0000] {logging_mixin.py:154} INFO - [2023-11-14T21:58:56.608+0000] {dag.py:2941} INFO - Sync 1 DAGs
[2023-11-14T21:58:56.636+0000] {logging_mixin.py:154} INFO - [2023-11-14T21:58:56.636+0000] {dag.py:3722} INFO - Setting next_dagrun for example_task_group to 2023-11-13T21:58:56.635666+00:00, run_after=2023-11-14T21:58:56.635666+00:00
[2023-11-14T21:58:56.666+0000] {processor.py:179} INFO - Processing /home/airflow/.local/lib/python3.8/site-packages/airflow/example_dags/example_task_group.py took 0.104 seconds
[2023-11-14T21:59:27.118+0000] {processor.py:157} INFO - Started process (PID=2789) to work on /home/airflow/.local/lib/python3.8/site-packages/airflow/example_dags/example_task_group.py
[2023-11-14T21:59:27.120+0000] {processor.py:829} INFO - Processing file /home/airflow/.local/lib/python3.8/site-packages/airflow/example_dags/example_task_group.py for tasks to queue
[2023-11-14T21:59:27.122+0000] {logging_mixin.py:154} INFO - [2023-11-14T21:59:27.122+0000] {dagbag.py:536} INFO - Filling up the DagBag from /home/airflow/.local/lib/python3.8/site-packages/airflow/example_dags/example_task_group.py
[2023-11-14T21:59:27.133+0000] {processor.py:839} INFO - DAG(s) dict_keys(['example_task_group']) retrieved from /home/airflow/.local/lib/python3.8/site-packages/airflow/example_dags/example_task_group.py
[2023-11-14T21:59:27.165+0000] {logging_mixin.py:154} INFO - [2023-11-14T21:59:27.165+0000] {dag.py:2941} INFO - Sync 1 DAGs
[2023-11-14T21:59:27.208+0000] {logging_mixin.py:154} INFO - [2023-11-14T21:59:27.208+0000] {dag.py:3722} INFO - Setting next_dagrun for example_task_group to 2023-11-13T21:59:27.207860+00:00, run_after=2023-11-14T21:59:27.207860+00:00
[2023-11-14T21:59:27.256+0000] {processor.py:179} INFO - Processing /home/airflow/.local/lib/python3.8/site-packages/airflow/example_dags/example_task_group.py took 0.142 seconds
