[2023-11-14T21:33:58.938+0000] {processor.py:157} INFO - Started process (PID=72) to work on /home/airflow/.local/lib/python3.8/site-packages/airflow/example_dags/example_short_circuit_decorator.py
[2023-11-14T21:33:58.939+0000] {processor.py:829} INFO - Processing file /home/airflow/.local/lib/python3.8/site-packages/airflow/example_dags/example_short_circuit_decorator.py for tasks to queue
[2023-11-14T21:33:58.943+0000] {logging_mixin.py:154} INFO - [2023-11-14T21:33:58.942+0000] {dagbag.py:536} INFO - Filling up the DagBag from /home/airflow/.local/lib/python3.8/site-packages/airflow/example_dags/example_short_circuit_decorator.py
[2023-11-14T21:33:58.957+0000] {processor.py:839} INFO - DAG(s) dict_keys(['example_short_circuit_decorator']) retrieved from /home/airflow/.local/lib/python3.8/site-packages/airflow/example_dags/example_short_circuit_decorator.py
[2023-11-14T21:33:59.095+0000] {logging_mixin.py:154} INFO - [2023-11-14T21:33:59.094+0000] {manager.py:499} INFO - Created Permission View: %s
[2023-11-14T21:33:59.108+0000] {logging_mixin.py:154} INFO - [2023-11-14T21:33:59.108+0000] {manager.py:499} INFO - Created Permission View: %s
[2023-11-14T21:33:59.117+0000] {logging_mixin.py:154} INFO - [2023-11-14T21:33:59.117+0000] {manager.py:499} INFO - Created Permission View: %s
[2023-11-14T21:33:59.118+0000] {logging_mixin.py:154} INFO - [2023-11-14T21:33:59.117+0000] {dag.py:2941} INFO - Sync 1 DAGs
[2023-11-14T21:33:59.131+0000] {logging_mixin.py:154} INFO - [2023-11-14T21:33:59.131+0000] {dag.py:2963} INFO - Creating ORM DAG for example_short_circuit_decorator
[2023-11-14T21:33:59.146+0000] {logging_mixin.py:154} INFO - [2023-11-14T21:33:59.146+0000] {dag.py:3722} INFO - Setting next_dagrun for example_short_circuit_decorator to 2023-11-13T21:33:59.145966+00:00, run_after=2023-11-14T21:33:59.145966+00:00
[2023-11-14T21:33:59.172+0000] {processor.py:179} INFO - Processing /home/airflow/.local/lib/python3.8/site-packages/airflow/example_dags/example_short_circuit_decorator.py took 0.238 seconds
[2023-11-14T21:34:29.829+0000] {processor.py:157} INFO - Started process (PID=126) to work on /home/airflow/.local/lib/python3.8/site-packages/airflow/example_dags/example_short_circuit_decorator.py
[2023-11-14T21:34:29.830+0000] {processor.py:829} INFO - Processing file /home/airflow/.local/lib/python3.8/site-packages/airflow/example_dags/example_short_circuit_decorator.py for tasks to queue
[2023-11-14T21:34:29.835+0000] {logging_mixin.py:154} INFO - [2023-11-14T21:34:29.834+0000] {dagbag.py:536} INFO - Filling up the DagBag from /home/airflow/.local/lib/python3.8/site-packages/airflow/example_dags/example_short_circuit_decorator.py
[2023-11-14T21:34:29.852+0000] {processor.py:839} INFO - DAG(s) dict_keys(['example_short_circuit_decorator']) retrieved from /home/airflow/.local/lib/python3.8/site-packages/airflow/example_dags/example_short_circuit_decorator.py
[2023-11-14T21:34:29.886+0000] {logging_mixin.py:154} INFO - [2023-11-14T21:34:29.885+0000] {dag.py:2941} INFO - Sync 1 DAGs
[2023-11-14T21:34:29.925+0000] {logging_mixin.py:154} INFO - [2023-11-14T21:34:29.924+0000] {dag.py:3722} INFO - Setting next_dagrun for example_short_circuit_decorator to 2023-11-13T21:34:29.924479+00:00, run_after=2023-11-14T21:34:29.924479+00:00
[2023-11-14T21:34:29.956+0000] {processor.py:179} INFO - Processing /home/airflow/.local/lib/python3.8/site-packages/airflow/example_dags/example_short_circuit_decorator.py took 0.134 seconds
[2023-11-14T21:35:00.211+0000] {processor.py:157} INFO - Started process (PID=180) to work on /home/airflow/.local/lib/python3.8/site-packages/airflow/example_dags/example_short_circuit_decorator.py
[2023-11-14T21:35:00.212+0000] {processor.py:829} INFO - Processing file /home/airflow/.local/lib/python3.8/site-packages/airflow/example_dags/example_short_circuit_decorator.py for tasks to queue
[2023-11-14T21:35:00.215+0000] {logging_mixin.py:154} INFO - [2023-11-14T21:35:00.214+0000] {dagbag.py:536} INFO - Filling up the DagBag from /home/airflow/.local/lib/python3.8/site-packages/airflow/example_dags/example_short_circuit_decorator.py
[2023-11-14T21:35:00.227+0000] {processor.py:839} INFO - DAG(s) dict_keys(['example_short_circuit_decorator']) retrieved from /home/airflow/.local/lib/python3.8/site-packages/airflow/example_dags/example_short_circuit_decorator.py
[2023-11-14T21:35:00.253+0000] {logging_mixin.py:154} INFO - [2023-11-14T21:35:00.253+0000] {dag.py:2941} INFO - Sync 1 DAGs
[2023-11-14T21:35:00.280+0000] {logging_mixin.py:154} INFO - [2023-11-14T21:35:00.280+0000] {dag.py:3722} INFO - Setting next_dagrun for example_short_circuit_decorator to 2023-11-13T21:35:00.280295+00:00, run_after=2023-11-14T21:35:00.280295+00:00
[2023-11-14T21:35:00.304+0000] {processor.py:179} INFO - Processing /home/airflow/.local/lib/python3.8/site-packages/airflow/example_dags/example_short_circuit_decorator.py took 0.098 seconds
[2023-11-14T21:35:30.744+0000] {processor.py:157} INFO - Started process (PID=234) to work on /home/airflow/.local/lib/python3.8/site-packages/airflow/example_dags/example_short_circuit_decorator.py
[2023-11-14T21:35:30.745+0000] {processor.py:829} INFO - Processing file /home/airflow/.local/lib/python3.8/site-packages/airflow/example_dags/example_short_circuit_decorator.py for tasks to queue
[2023-11-14T21:35:30.748+0000] {logging_mixin.py:154} INFO - [2023-11-14T21:35:30.747+0000] {dagbag.py:536} INFO - Filling up the DagBag from /home/airflow/.local/lib/python3.8/site-packages/airflow/example_dags/example_short_circuit_decorator.py
[2023-11-14T21:35:30.760+0000] {processor.py:839} INFO - DAG(s) dict_keys(['example_short_circuit_decorator']) retrieved from /home/airflow/.local/lib/python3.8/site-packages/airflow/example_dags/example_short_circuit_decorator.py
[2023-11-14T21:35:30.789+0000] {logging_mixin.py:154} INFO - [2023-11-14T21:35:30.789+0000] {dag.py:2941} INFO - Sync 1 DAGs
[2023-11-14T21:35:30.817+0000] {logging_mixin.py:154} INFO - [2023-11-14T21:35:30.817+0000] {dag.py:3722} INFO - Setting next_dagrun for example_short_circuit_decorator to 2023-11-13T21:35:30.817230+00:00, run_after=2023-11-14T21:35:30.817230+00:00
[2023-11-14T21:35:30.841+0000] {processor.py:179} INFO - Processing /home/airflow/.local/lib/python3.8/site-packages/airflow/example_dags/example_short_circuit_decorator.py took 0.102 seconds
[2023-11-14T21:36:01.177+0000] {processor.py:157} INFO - Started process (PID=288) to work on /home/airflow/.local/lib/python3.8/site-packages/airflow/example_dags/example_short_circuit_decorator.py
[2023-11-14T21:36:01.178+0000] {processor.py:829} INFO - Processing file /home/airflow/.local/lib/python3.8/site-packages/airflow/example_dags/example_short_circuit_decorator.py for tasks to queue
[2023-11-14T21:36:01.181+0000] {logging_mixin.py:154} INFO - [2023-11-14T21:36:01.180+0000] {dagbag.py:536} INFO - Filling up the DagBag from /home/airflow/.local/lib/python3.8/site-packages/airflow/example_dags/example_short_circuit_decorator.py
[2023-11-14T21:36:01.192+0000] {processor.py:839} INFO - DAG(s) dict_keys(['example_short_circuit_decorator']) retrieved from /home/airflow/.local/lib/python3.8/site-packages/airflow/example_dags/example_short_circuit_decorator.py
[2023-11-14T21:36:01.224+0000] {logging_mixin.py:154} INFO - [2023-11-14T21:36:01.224+0000] {dag.py:2941} INFO - Sync 1 DAGs
[2023-11-14T21:36:01.255+0000] {logging_mixin.py:154} INFO - [2023-11-14T21:36:01.254+0000] {dag.py:3722} INFO - Setting next_dagrun for example_short_circuit_decorator to 2023-11-13T21:36:01.254684+00:00, run_after=2023-11-14T21:36:01.254684+00:00
[2023-11-14T21:36:01.282+0000] {processor.py:179} INFO - Processing /home/airflow/.local/lib/python3.8/site-packages/airflow/example_dags/example_short_circuit_decorator.py took 0.109 seconds
[2023-11-14T21:36:32.228+0000] {processor.py:157} INFO - Started process (PID=343) to work on /home/airflow/.local/lib/python3.8/site-packages/airflow/example_dags/example_short_circuit_decorator.py
[2023-11-14T21:36:32.230+0000] {processor.py:829} INFO - Processing file /home/airflow/.local/lib/python3.8/site-packages/airflow/example_dags/example_short_circuit_decorator.py for tasks to queue
[2023-11-14T21:36:32.233+0000] {logging_mixin.py:154} INFO - [2023-11-14T21:36:32.233+0000] {dagbag.py:536} INFO - Filling up the DagBag from /home/airflow/.local/lib/python3.8/site-packages/airflow/example_dags/example_short_circuit_decorator.py
[2023-11-14T21:36:32.249+0000] {processor.py:839} INFO - DAG(s) dict_keys(['example_short_circuit_decorator']) retrieved from /home/airflow/.local/lib/python3.8/site-packages/airflow/example_dags/example_short_circuit_decorator.py
[2023-11-14T21:36:32.278+0000] {logging_mixin.py:154} INFO - [2023-11-14T21:36:32.278+0000] {dag.py:2941} INFO - Sync 1 DAGs
[2023-11-14T21:36:32.306+0000] {logging_mixin.py:154} INFO - [2023-11-14T21:36:32.306+0000] {dag.py:3722} INFO - Setting next_dagrun for example_short_circuit_decorator to 2023-11-13T21:36:32.305949+00:00, run_after=2023-11-14T21:36:32.305949+00:00
[2023-11-14T21:36:32.332+0000] {processor.py:179} INFO - Processing /home/airflow/.local/lib/python3.8/site-packages/airflow/example_dags/example_short_circuit_decorator.py took 0.112 seconds
[2023-11-14T21:37:02.789+0000] {processor.py:157} INFO - Started process (PID=397) to work on /home/airflow/.local/lib/python3.8/site-packages/airflow/example_dags/example_short_circuit_decorator.py
[2023-11-14T21:37:02.791+0000] {processor.py:829} INFO - Processing file /home/airflow/.local/lib/python3.8/site-packages/airflow/example_dags/example_short_circuit_decorator.py for tasks to queue
[2023-11-14T21:37:02.793+0000] {logging_mixin.py:154} INFO - [2023-11-14T21:37:02.793+0000] {dagbag.py:536} INFO - Filling up the DagBag from /home/airflow/.local/lib/python3.8/site-packages/airflow/example_dags/example_short_circuit_decorator.py
[2023-11-14T21:37:02.805+0000] {processor.py:839} INFO - DAG(s) dict_keys(['example_short_circuit_decorator']) retrieved from /home/airflow/.local/lib/python3.8/site-packages/airflow/example_dags/example_short_circuit_decorator.py
[2023-11-14T21:37:02.834+0000] {logging_mixin.py:154} INFO - [2023-11-14T21:37:02.834+0000] {dag.py:2941} INFO - Sync 1 DAGs
[2023-11-14T21:37:02.860+0000] {logging_mixin.py:154} INFO - [2023-11-14T21:37:02.860+0000] {dag.py:3722} INFO - Setting next_dagrun for example_short_circuit_decorator to 2023-11-13T21:37:02.859982+00:00, run_after=2023-11-14T21:37:02.859982+00:00
[2023-11-14T21:37:02.883+0000] {processor.py:179} INFO - Processing /home/airflow/.local/lib/python3.8/site-packages/airflow/example_dags/example_short_circuit_decorator.py took 0.098 seconds
[2023-11-14T21:37:33.508+0000] {processor.py:157} INFO - Started process (PID=451) to work on /home/airflow/.local/lib/python3.8/site-packages/airflow/example_dags/example_short_circuit_decorator.py
[2023-11-14T21:37:33.510+0000] {processor.py:829} INFO - Processing file /home/airflow/.local/lib/python3.8/site-packages/airflow/example_dags/example_short_circuit_decorator.py for tasks to queue
[2023-11-14T21:37:33.512+0000] {logging_mixin.py:154} INFO - [2023-11-14T21:37:33.512+0000] {dagbag.py:536} INFO - Filling up the DagBag from /home/airflow/.local/lib/python3.8/site-packages/airflow/example_dags/example_short_circuit_decorator.py
[2023-11-14T21:37:33.524+0000] {processor.py:839} INFO - DAG(s) dict_keys(['example_short_circuit_decorator']) retrieved from /home/airflow/.local/lib/python3.8/site-packages/airflow/example_dags/example_short_circuit_decorator.py
[2023-11-14T21:37:33.553+0000] {logging_mixin.py:154} INFO - [2023-11-14T21:37:33.553+0000] {dag.py:2941} INFO - Sync 1 DAGs
[2023-11-14T21:37:33.579+0000] {logging_mixin.py:154} INFO - [2023-11-14T21:37:33.579+0000] {dag.py:3722} INFO - Setting next_dagrun for example_short_circuit_decorator to 2023-11-13T21:37:33.578988+00:00, run_after=2023-11-14T21:37:33.578988+00:00
[2023-11-14T21:37:33.602+0000] {processor.py:179} INFO - Processing /home/airflow/.local/lib/python3.8/site-packages/airflow/example_dags/example_short_circuit_decorator.py took 0.100 seconds
[2023-11-14T21:38:03.740+0000] {processor.py:157} INFO - Started process (PID=512) to work on /home/airflow/.local/lib/python3.8/site-packages/airflow/example_dags/example_short_circuit_decorator.py
[2023-11-14T21:38:03.742+0000] {processor.py:829} INFO - Processing file /home/airflow/.local/lib/python3.8/site-packages/airflow/example_dags/example_short_circuit_decorator.py for tasks to queue
[2023-11-14T21:38:03.745+0000] {logging_mixin.py:154} INFO - [2023-11-14T21:38:03.745+0000] {dagbag.py:536} INFO - Filling up the DagBag from /home/airflow/.local/lib/python3.8/site-packages/airflow/example_dags/example_short_circuit_decorator.py
[2023-11-14T21:38:03.758+0000] {processor.py:839} INFO - DAG(s) dict_keys(['example_short_circuit_decorator']) retrieved from /home/airflow/.local/lib/python3.8/site-packages/airflow/example_dags/example_short_circuit_decorator.py
[2023-11-14T21:38:03.786+0000] {logging_mixin.py:154} INFO - [2023-11-14T21:38:03.785+0000] {dag.py:2941} INFO - Sync 1 DAGs
[2023-11-14T21:38:03.813+0000] {logging_mixin.py:154} INFO - [2023-11-14T21:38:03.812+0000] {dag.py:3722} INFO - Setting next_dagrun for example_short_circuit_decorator to 2023-11-13T21:38:03.812461+00:00, run_after=2023-11-14T21:38:03.812461+00:00
[2023-11-14T21:38:03.837+0000] {processor.py:179} INFO - Processing /home/airflow/.local/lib/python3.8/site-packages/airflow/example_dags/example_short_circuit_decorator.py took 0.102 seconds
[2023-11-14T21:38:34.033+0000] {processor.py:157} INFO - Started process (PID=570) to work on /home/airflow/.local/lib/python3.8/site-packages/airflow/example_dags/example_short_circuit_decorator.py
[2023-11-14T21:38:34.034+0000] {processor.py:829} INFO - Processing file /home/airflow/.local/lib/python3.8/site-packages/airflow/example_dags/example_short_circuit_decorator.py for tasks to queue
[2023-11-14T21:38:34.036+0000] {logging_mixin.py:154} INFO - [2023-11-14T21:38:34.036+0000] {dagbag.py:536} INFO - Filling up the DagBag from /home/airflow/.local/lib/python3.8/site-packages/airflow/example_dags/example_short_circuit_decorator.py
[2023-11-14T21:38:34.048+0000] {processor.py:839} INFO - DAG(s) dict_keys(['example_short_circuit_decorator']) retrieved from /home/airflow/.local/lib/python3.8/site-packages/airflow/example_dags/example_short_circuit_decorator.py
[2023-11-14T21:38:34.077+0000] {logging_mixin.py:154} INFO - [2023-11-14T21:38:34.077+0000] {dag.py:2941} INFO - Sync 1 DAGs
[2023-11-14T21:38:34.104+0000] {logging_mixin.py:154} INFO - [2023-11-14T21:38:34.104+0000] {dag.py:3722} INFO - Setting next_dagrun for example_short_circuit_decorator to 2023-11-13T21:38:34.104125+00:00, run_after=2023-11-14T21:38:34.104125+00:00
[2023-11-14T21:38:34.129+0000] {processor.py:179} INFO - Processing /home/airflow/.local/lib/python3.8/site-packages/airflow/example_dags/example_short_circuit_decorator.py took 0.101 seconds
[2023-11-14T21:39:04.459+0000] {processor.py:157} INFO - Started process (PID=624) to work on /home/airflow/.local/lib/python3.8/site-packages/airflow/example_dags/example_short_circuit_decorator.py
[2023-11-14T21:39:04.462+0000] {processor.py:829} INFO - Processing file /home/airflow/.local/lib/python3.8/site-packages/airflow/example_dags/example_short_circuit_decorator.py for tasks to queue
[2023-11-14T21:39:04.466+0000] {logging_mixin.py:154} INFO - [2023-11-14T21:39:04.466+0000] {dagbag.py:536} INFO - Filling up the DagBag from /home/airflow/.local/lib/python3.8/site-packages/airflow/example_dags/example_short_circuit_decorator.py
[2023-11-14T21:39:04.480+0000] {processor.py:839} INFO - DAG(s) dict_keys(['example_short_circuit_decorator']) retrieved from /home/airflow/.local/lib/python3.8/site-packages/airflow/example_dags/example_short_circuit_decorator.py
[2023-11-14T21:39:04.515+0000] {logging_mixin.py:154} INFO - [2023-11-14T21:39:04.515+0000] {dag.py:2941} INFO - Sync 1 DAGs
[2023-11-14T21:39:04.547+0000] {logging_mixin.py:154} INFO - [2023-11-14T21:39:04.547+0000] {dag.py:3722} INFO - Setting next_dagrun for example_short_circuit_decorator to 2023-11-13T21:39:04.547106+00:00, run_after=2023-11-14T21:39:04.547106+00:00
[2023-11-14T21:39:04.574+0000] {processor.py:179} INFO - Processing /home/airflow/.local/lib/python3.8/site-packages/airflow/example_dags/example_short_circuit_decorator.py took 0.119 seconds
[2023-11-14T21:39:35.572+0000] {processor.py:157} INFO - Started process (PID=686) to work on /home/airflow/.local/lib/python3.8/site-packages/airflow/example_dags/example_short_circuit_decorator.py
[2023-11-14T21:39:35.574+0000] {processor.py:829} INFO - Processing file /home/airflow/.local/lib/python3.8/site-packages/airflow/example_dags/example_short_circuit_decorator.py for tasks to queue
[2023-11-14T21:39:35.577+0000] {logging_mixin.py:154} INFO - [2023-11-14T21:39:35.577+0000] {dagbag.py:536} INFO - Filling up the DagBag from /home/airflow/.local/lib/python3.8/site-packages/airflow/example_dags/example_short_circuit_decorator.py
[2023-11-14T21:39:35.593+0000] {processor.py:839} INFO - DAG(s) dict_keys(['example_short_circuit_decorator']) retrieved from /home/airflow/.local/lib/python3.8/site-packages/airflow/example_dags/example_short_circuit_decorator.py
[2023-11-14T21:39:35.627+0000] {logging_mixin.py:154} INFO - [2023-11-14T21:39:35.627+0000] {dag.py:2941} INFO - Sync 1 DAGs
[2023-11-14T21:39:35.660+0000] {logging_mixin.py:154} INFO - [2023-11-14T21:39:35.660+0000] {dag.py:3722} INFO - Setting next_dagrun for example_short_circuit_decorator to 2023-11-13T21:39:35.660260+00:00, run_after=2023-11-14T21:39:35.660260+00:00
[2023-11-14T21:39:35.687+0000] {processor.py:179} INFO - Processing /home/airflow/.local/lib/python3.8/site-packages/airflow/example_dags/example_short_circuit_decorator.py took 0.121 seconds
[2023-11-14T21:40:05.809+0000] {processor.py:157} INFO - Started process (PID=741) to work on /home/airflow/.local/lib/python3.8/site-packages/airflow/example_dags/example_short_circuit_decorator.py
[2023-11-14T21:40:05.810+0000] {processor.py:829} INFO - Processing file /home/airflow/.local/lib/python3.8/site-packages/airflow/example_dags/example_short_circuit_decorator.py for tasks to queue
[2023-11-14T21:40:05.813+0000] {logging_mixin.py:154} INFO - [2023-11-14T21:40:05.812+0000] {dagbag.py:536} INFO - Filling up the DagBag from /home/airflow/.local/lib/python3.8/site-packages/airflow/example_dags/example_short_circuit_decorator.py
[2023-11-14T21:40:05.824+0000] {processor.py:839} INFO - DAG(s) dict_keys(['example_short_circuit_decorator']) retrieved from /home/airflow/.local/lib/python3.8/site-packages/airflow/example_dags/example_short_circuit_decorator.py
[2023-11-14T21:40:05.852+0000] {logging_mixin.py:154} INFO - [2023-11-14T21:40:05.852+0000] {dag.py:2941} INFO - Sync 1 DAGs
[2023-11-14T21:40:05.878+0000] {logging_mixin.py:154} INFO - [2023-11-14T21:40:05.878+0000] {dag.py:3722} INFO - Setting next_dagrun for example_short_circuit_decorator to 2023-11-13T21:40:05.878023+00:00, run_after=2023-11-14T21:40:05.878023+00:00
[2023-11-14T21:40:05.912+0000] {processor.py:179} INFO - Processing /home/airflow/.local/lib/python3.8/site-packages/airflow/example_dags/example_short_circuit_decorator.py took 0.107 seconds
[2023-11-14T21:40:35.976+0000] {processor.py:157} INFO - Started process (PID=795) to work on /home/airflow/.local/lib/python3.8/site-packages/airflow/example_dags/example_short_circuit_decorator.py
[2023-11-14T21:40:35.977+0000] {processor.py:829} INFO - Processing file /home/airflow/.local/lib/python3.8/site-packages/airflow/example_dags/example_short_circuit_decorator.py for tasks to queue
[2023-11-14T21:40:35.980+0000] {logging_mixin.py:154} INFO - [2023-11-14T21:40:35.980+0000] {dagbag.py:536} INFO - Filling up the DagBag from /home/airflow/.local/lib/python3.8/site-packages/airflow/example_dags/example_short_circuit_decorator.py
[2023-11-14T21:40:35.991+0000] {processor.py:839} INFO - DAG(s) dict_keys(['example_short_circuit_decorator']) retrieved from /home/airflow/.local/lib/python3.8/site-packages/airflow/example_dags/example_short_circuit_decorator.py
[2023-11-14T21:40:36.021+0000] {logging_mixin.py:154} INFO - [2023-11-14T21:40:36.020+0000] {dag.py:2941} INFO - Sync 1 DAGs
[2023-11-14T21:40:36.049+0000] {logging_mixin.py:154} INFO - [2023-11-14T21:40:36.048+0000] {dag.py:3722} INFO - Setting next_dagrun for example_short_circuit_decorator to 2023-11-13T21:40:36.048428+00:00, run_after=2023-11-14T21:40:36.048428+00:00
[2023-11-14T21:40:36.083+0000] {processor.py:179} INFO - Processing /home/airflow/.local/lib/python3.8/site-packages/airflow/example_dags/example_short_circuit_decorator.py took 0.111 seconds
[2023-11-14T21:41:06.223+0000] {processor.py:157} INFO - Started process (PID=849) to work on /home/airflow/.local/lib/python3.8/site-packages/airflow/example_dags/example_short_circuit_decorator.py
[2023-11-14T21:41:06.225+0000] {processor.py:829} INFO - Processing file /home/airflow/.local/lib/python3.8/site-packages/airflow/example_dags/example_short_circuit_decorator.py for tasks to queue
[2023-11-14T21:41:06.229+0000] {logging_mixin.py:154} INFO - [2023-11-14T21:41:06.228+0000] {dagbag.py:536} INFO - Filling up the DagBag from /home/airflow/.local/lib/python3.8/site-packages/airflow/example_dags/example_short_circuit_decorator.py
[2023-11-14T21:41:06.243+0000] {processor.py:839} INFO - DAG(s) dict_keys(['example_short_circuit_decorator']) retrieved from /home/airflow/.local/lib/python3.8/site-packages/airflow/example_dags/example_short_circuit_decorator.py
[2023-11-14T21:41:06.271+0000] {logging_mixin.py:154} INFO - [2023-11-14T21:41:06.270+0000] {dag.py:2941} INFO - Sync 1 DAGs
[2023-11-14T21:41:06.297+0000] {logging_mixin.py:154} INFO - [2023-11-14T21:41:06.296+0000] {dag.py:3722} INFO - Setting next_dagrun for example_short_circuit_decorator to 2023-11-13T21:41:06.296585+00:00, run_after=2023-11-14T21:41:06.296585+00:00
[2023-11-14T21:41:06.331+0000] {processor.py:179} INFO - Processing /home/airflow/.local/lib/python3.8/site-packages/airflow/example_dags/example_short_circuit_decorator.py took 0.116 seconds
[2023-11-14T21:41:37.158+0000] {processor.py:157} INFO - Started process (PID=903) to work on /home/airflow/.local/lib/python3.8/site-packages/airflow/example_dags/example_short_circuit_decorator.py
[2023-11-14T21:41:37.159+0000] {processor.py:829} INFO - Processing file /home/airflow/.local/lib/python3.8/site-packages/airflow/example_dags/example_short_circuit_decorator.py for tasks to queue
[2023-11-14T21:41:37.161+0000] {logging_mixin.py:154} INFO - [2023-11-14T21:41:37.161+0000] {dagbag.py:536} INFO - Filling up the DagBag from /home/airflow/.local/lib/python3.8/site-packages/airflow/example_dags/example_short_circuit_decorator.py
[2023-11-14T21:41:37.173+0000] {processor.py:839} INFO - DAG(s) dict_keys(['example_short_circuit_decorator']) retrieved from /home/airflow/.local/lib/python3.8/site-packages/airflow/example_dags/example_short_circuit_decorator.py
[2023-11-14T21:41:37.202+0000] {logging_mixin.py:154} INFO - [2023-11-14T21:41:37.201+0000] {dag.py:2941} INFO - Sync 1 DAGs
[2023-11-14T21:41:37.227+0000] {logging_mixin.py:154} INFO - [2023-11-14T21:41:37.226+0000] {dag.py:3722} INFO - Setting next_dagrun for example_short_circuit_decorator to 2023-11-13T21:41:37.226669+00:00, run_after=2023-11-14T21:41:37.226669+00:00
[2023-11-14T21:41:37.250+0000] {processor.py:179} INFO - Processing /home/airflow/.local/lib/python3.8/site-packages/airflow/example_dags/example_short_circuit_decorator.py took 0.097 seconds
[2023-11-14T21:42:07.325+0000] {processor.py:157} INFO - Started process (PID=957) to work on /home/airflow/.local/lib/python3.8/site-packages/airflow/example_dags/example_short_circuit_decorator.py
[2023-11-14T21:42:07.326+0000] {processor.py:829} INFO - Processing file /home/airflow/.local/lib/python3.8/site-packages/airflow/example_dags/example_short_circuit_decorator.py for tasks to queue
[2023-11-14T21:42:07.329+0000] {logging_mixin.py:154} INFO - [2023-11-14T21:42:07.329+0000] {dagbag.py:536} INFO - Filling up the DagBag from /home/airflow/.local/lib/python3.8/site-packages/airflow/example_dags/example_short_circuit_decorator.py
[2023-11-14T21:42:07.342+0000] {processor.py:839} INFO - DAG(s) dict_keys(['example_short_circuit_decorator']) retrieved from /home/airflow/.local/lib/python3.8/site-packages/airflow/example_dags/example_short_circuit_decorator.py
[2023-11-14T21:42:07.371+0000] {logging_mixin.py:154} INFO - [2023-11-14T21:42:07.371+0000] {dag.py:2941} INFO - Sync 1 DAGs
[2023-11-14T21:42:07.399+0000] {logging_mixin.py:154} INFO - [2023-11-14T21:42:07.399+0000] {dag.py:3722} INFO - Setting next_dagrun for example_short_circuit_decorator to 2023-11-13T21:42:07.398870+00:00, run_after=2023-11-14T21:42:07.398870+00:00
[2023-11-14T21:42:07.436+0000] {processor.py:179} INFO - Processing /home/airflow/.local/lib/python3.8/site-packages/airflow/example_dags/example_short_circuit_decorator.py took 0.115 seconds
[2023-11-14T21:42:38.143+0000] {processor.py:157} INFO - Started process (PID=1012) to work on /home/airflow/.local/lib/python3.8/site-packages/airflow/example_dags/example_short_circuit_decorator.py
[2023-11-14T21:42:38.145+0000] {processor.py:829} INFO - Processing file /home/airflow/.local/lib/python3.8/site-packages/airflow/example_dags/example_short_circuit_decorator.py for tasks to queue
[2023-11-14T21:42:38.148+0000] {logging_mixin.py:154} INFO - [2023-11-14T21:42:38.148+0000] {dagbag.py:536} INFO - Filling up the DagBag from /home/airflow/.local/lib/python3.8/site-packages/airflow/example_dags/example_short_circuit_decorator.py
[2023-11-14T21:42:38.160+0000] {processor.py:839} INFO - DAG(s) dict_keys(['example_short_circuit_decorator']) retrieved from /home/airflow/.local/lib/python3.8/site-packages/airflow/example_dags/example_short_circuit_decorator.py
[2023-11-14T21:42:38.189+0000] {logging_mixin.py:154} INFO - [2023-11-14T21:42:38.189+0000] {dag.py:2941} INFO - Sync 1 DAGs
[2023-11-14T21:42:38.215+0000] {logging_mixin.py:154} INFO - [2023-11-14T21:42:38.215+0000] {dag.py:3722} INFO - Setting next_dagrun for example_short_circuit_decorator to 2023-11-13T21:42:38.214949+00:00, run_after=2023-11-14T21:42:38.214949+00:00
[2023-11-14T21:42:38.239+0000] {processor.py:179} INFO - Processing /home/airflow/.local/lib/python3.8/site-packages/airflow/example_dags/example_short_circuit_decorator.py took 0.100 seconds
[2023-11-14T21:43:08.517+0000] {processor.py:157} INFO - Started process (PID=1066) to work on /home/airflow/.local/lib/python3.8/site-packages/airflow/example_dags/example_short_circuit_decorator.py
[2023-11-14T21:43:08.518+0000] {processor.py:829} INFO - Processing file /home/airflow/.local/lib/python3.8/site-packages/airflow/example_dags/example_short_circuit_decorator.py for tasks to queue
[2023-11-14T21:43:08.522+0000] {logging_mixin.py:154} INFO - [2023-11-14T21:43:08.521+0000] {dagbag.py:536} INFO - Filling up the DagBag from /home/airflow/.local/lib/python3.8/site-packages/airflow/example_dags/example_short_circuit_decorator.py
[2023-11-14T21:43:08.535+0000] {processor.py:839} INFO - DAG(s) dict_keys(['example_short_circuit_decorator']) retrieved from /home/airflow/.local/lib/python3.8/site-packages/airflow/example_dags/example_short_circuit_decorator.py
[2023-11-14T21:43:08.575+0000] {logging_mixin.py:154} INFO - [2023-11-14T21:43:08.575+0000] {dag.py:2941} INFO - Sync 1 DAGs
[2023-11-14T21:43:08.611+0000] {logging_mixin.py:154} INFO - [2023-11-14T21:43:08.611+0000] {dag.py:3722} INFO - Setting next_dagrun for example_short_circuit_decorator to 2023-11-13T21:43:08.610982+00:00, run_after=2023-11-14T21:43:08.610982+00:00
[2023-11-14T21:43:08.644+0000] {processor.py:179} INFO - Processing /home/airflow/.local/lib/python3.8/site-packages/airflow/example_dags/example_short_circuit_decorator.py took 0.132 seconds
[2023-11-14T21:43:38.950+0000] {processor.py:157} INFO - Started process (PID=1120) to work on /home/airflow/.local/lib/python3.8/site-packages/airflow/example_dags/example_short_circuit_decorator.py
[2023-11-14T21:43:38.951+0000] {processor.py:829} INFO - Processing file /home/airflow/.local/lib/python3.8/site-packages/airflow/example_dags/example_short_circuit_decorator.py for tasks to queue
[2023-11-14T21:43:38.953+0000] {logging_mixin.py:154} INFO - [2023-11-14T21:43:38.953+0000] {dagbag.py:536} INFO - Filling up the DagBag from /home/airflow/.local/lib/python3.8/site-packages/airflow/example_dags/example_short_circuit_decorator.py
[2023-11-14T21:43:38.965+0000] {processor.py:839} INFO - DAG(s) dict_keys(['example_short_circuit_decorator']) retrieved from /home/airflow/.local/lib/python3.8/site-packages/airflow/example_dags/example_short_circuit_decorator.py
[2023-11-14T21:43:38.995+0000] {logging_mixin.py:154} INFO - [2023-11-14T21:43:38.995+0000] {dag.py:2941} INFO - Sync 1 DAGs
[2023-11-14T21:43:39.024+0000] {logging_mixin.py:154} INFO - [2023-11-14T21:43:39.024+0000] {dag.py:3722} INFO - Setting next_dagrun for example_short_circuit_decorator to 2023-11-13T21:43:39.023659+00:00, run_after=2023-11-14T21:43:39.023659+00:00
[2023-11-14T21:43:39.047+0000] {processor.py:179} INFO - Processing /home/airflow/.local/lib/python3.8/site-packages/airflow/example_dags/example_short_circuit_decorator.py took 0.102 seconds
[2023-11-14T21:44:10.156+0000] {processor.py:157} INFO - Started process (PID=1174) to work on /home/airflow/.local/lib/python3.8/site-packages/airflow/example_dags/example_short_circuit_decorator.py
[2023-11-14T21:44:10.157+0000] {processor.py:829} INFO - Processing file /home/airflow/.local/lib/python3.8/site-packages/airflow/example_dags/example_short_circuit_decorator.py for tasks to queue
[2023-11-14T21:44:10.159+0000] {logging_mixin.py:154} INFO - [2023-11-14T21:44:10.159+0000] {dagbag.py:536} INFO - Filling up the DagBag from /home/airflow/.local/lib/python3.8/site-packages/airflow/example_dags/example_short_circuit_decorator.py
[2023-11-14T21:44:10.169+0000] {processor.py:839} INFO - DAG(s) dict_keys(['example_short_circuit_decorator']) retrieved from /home/airflow/.local/lib/python3.8/site-packages/airflow/example_dags/example_short_circuit_decorator.py
[2023-11-14T21:44:10.197+0000] {logging_mixin.py:154} INFO - [2023-11-14T21:44:10.197+0000] {dag.py:2941} INFO - Sync 1 DAGs
[2023-11-14T21:44:10.225+0000] {logging_mixin.py:154} INFO - [2023-11-14T21:44:10.225+0000] {dag.py:3722} INFO - Setting next_dagrun for example_short_circuit_decorator to 2023-11-13T21:44:10.225119+00:00, run_after=2023-11-14T21:44:10.225119+00:00
[2023-11-14T21:44:10.402+0000] {processor.py:179} INFO - Processing /home/airflow/.local/lib/python3.8/site-packages/airflow/example_dags/example_short_circuit_decorator.py took 0.250 seconds
[2023-11-14T21:44:41.148+0000] {processor.py:157} INFO - Started process (PID=1228) to work on /home/airflow/.local/lib/python3.8/site-packages/airflow/example_dags/example_short_circuit_decorator.py
[2023-11-14T21:44:41.150+0000] {processor.py:829} INFO - Processing file /home/airflow/.local/lib/python3.8/site-packages/airflow/example_dags/example_short_circuit_decorator.py for tasks to queue
[2023-11-14T21:44:41.154+0000] {logging_mixin.py:154} INFO - [2023-11-14T21:44:41.153+0000] {dagbag.py:536} INFO - Filling up the DagBag from /home/airflow/.local/lib/python3.8/site-packages/airflow/example_dags/example_short_circuit_decorator.py
[2023-11-14T21:44:41.167+0000] {processor.py:839} INFO - DAG(s) dict_keys(['example_short_circuit_decorator']) retrieved from /home/airflow/.local/lib/python3.8/site-packages/airflow/example_dags/example_short_circuit_decorator.py
[2023-11-14T21:44:41.199+0000] {logging_mixin.py:154} INFO - [2023-11-14T21:44:41.199+0000] {dag.py:2941} INFO - Sync 1 DAGs
[2023-11-14T21:44:41.226+0000] {logging_mixin.py:154} INFO - [2023-11-14T21:44:41.225+0000] {dag.py:3722} INFO - Setting next_dagrun for example_short_circuit_decorator to 2023-11-13T21:44:41.225688+00:00, run_after=2023-11-14T21:44:41.225688+00:00
[2023-11-14T21:44:41.249+0000] {processor.py:179} INFO - Processing /home/airflow/.local/lib/python3.8/site-packages/airflow/example_dags/example_short_circuit_decorator.py took 0.106 seconds
[2023-11-14T21:45:11.674+0000] {processor.py:157} INFO - Started process (PID=1282) to work on /home/airflow/.local/lib/python3.8/site-packages/airflow/example_dags/example_short_circuit_decorator.py
[2023-11-14T21:45:11.675+0000] {processor.py:829} INFO - Processing file /home/airflow/.local/lib/python3.8/site-packages/airflow/example_dags/example_short_circuit_decorator.py for tasks to queue
[2023-11-14T21:45:11.678+0000] {logging_mixin.py:154} INFO - [2023-11-14T21:45:11.677+0000] {dagbag.py:536} INFO - Filling up the DagBag from /home/airflow/.local/lib/python3.8/site-packages/airflow/example_dags/example_short_circuit_decorator.py
[2023-11-14T21:45:11.688+0000] {processor.py:839} INFO - DAG(s) dict_keys(['example_short_circuit_decorator']) retrieved from /home/airflow/.local/lib/python3.8/site-packages/airflow/example_dags/example_short_circuit_decorator.py
[2023-11-14T21:45:11.717+0000] {logging_mixin.py:154} INFO - [2023-11-14T21:45:11.716+0000] {dag.py:2941} INFO - Sync 1 DAGs
[2023-11-14T21:45:11.742+0000] {logging_mixin.py:154} INFO - [2023-11-14T21:45:11.742+0000] {dag.py:3722} INFO - Setting next_dagrun for example_short_circuit_decorator to 2023-11-13T21:45:11.741871+00:00, run_after=2023-11-14T21:45:11.741871+00:00
[2023-11-14T21:45:11.765+0000] {processor.py:179} INFO - Processing /home/airflow/.local/lib/python3.8/site-packages/airflow/example_dags/example_short_circuit_decorator.py took 0.095 seconds
[2023-11-14T21:45:42.700+0000] {processor.py:157} INFO - Started process (PID=1336) to work on /home/airflow/.local/lib/python3.8/site-packages/airflow/example_dags/example_short_circuit_decorator.py
[2023-11-14T21:45:42.712+0000] {processor.py:829} INFO - Processing file /home/airflow/.local/lib/python3.8/site-packages/airflow/example_dags/example_short_circuit_decorator.py for tasks to queue
[2023-11-14T21:45:42.716+0000] {logging_mixin.py:154} INFO - [2023-11-14T21:45:42.715+0000] {dagbag.py:536} INFO - Filling up the DagBag from /home/airflow/.local/lib/python3.8/site-packages/airflow/example_dags/example_short_circuit_decorator.py
[2023-11-14T21:45:42.728+0000] {processor.py:839} INFO - DAG(s) dict_keys(['example_short_circuit_decorator']) retrieved from /home/airflow/.local/lib/python3.8/site-packages/airflow/example_dags/example_short_circuit_decorator.py
[2023-11-14T21:45:42.760+0000] {logging_mixin.py:154} INFO - [2023-11-14T21:45:42.760+0000] {dag.py:2941} INFO - Sync 1 DAGs
[2023-11-14T21:45:42.787+0000] {logging_mixin.py:154} INFO - [2023-11-14T21:45:42.787+0000] {dag.py:3722} INFO - Setting next_dagrun for example_short_circuit_decorator to 2023-11-13T21:45:42.786888+00:00, run_after=2023-11-14T21:45:42.786888+00:00
[2023-11-14T21:45:42.973+0000] {processor.py:179} INFO - Processing /home/airflow/.local/lib/python3.8/site-packages/airflow/example_dags/example_short_circuit_decorator.py took 0.280 seconds
[2023-11-14T21:46:13.824+0000] {processor.py:157} INFO - Started process (PID=1390) to work on /home/airflow/.local/lib/python3.8/site-packages/airflow/example_dags/example_short_circuit_decorator.py
[2023-11-14T21:46:13.836+0000] {processor.py:829} INFO - Processing file /home/airflow/.local/lib/python3.8/site-packages/airflow/example_dags/example_short_circuit_decorator.py for tasks to queue
[2023-11-14T21:46:13.841+0000] {logging_mixin.py:154} INFO - [2023-11-14T21:46:13.840+0000] {dagbag.py:536} INFO - Filling up the DagBag from /home/airflow/.local/lib/python3.8/site-packages/airflow/example_dags/example_short_circuit_decorator.py
[2023-11-14T21:46:13.857+0000] {processor.py:839} INFO - DAG(s) dict_keys(['example_short_circuit_decorator']) retrieved from /home/airflow/.local/lib/python3.8/site-packages/airflow/example_dags/example_short_circuit_decorator.py
[2023-11-14T21:46:13.887+0000] {logging_mixin.py:154} INFO - [2023-11-14T21:46:13.887+0000] {dag.py:2941} INFO - Sync 1 DAGs
[2023-11-14T21:46:13.913+0000] {logging_mixin.py:154} INFO - [2023-11-14T21:46:13.913+0000] {dag.py:3722} INFO - Setting next_dagrun for example_short_circuit_decorator to 2023-11-13T21:46:13.913183+00:00, run_after=2023-11-14T21:46:13.913183+00:00
[2023-11-14T21:46:13.936+0000] {processor.py:179} INFO - Processing /home/airflow/.local/lib/python3.8/site-packages/airflow/example_dags/example_short_circuit_decorator.py took 0.125 seconds
[2023-11-14T21:46:44.498+0000] {processor.py:157} INFO - Started process (PID=1444) to work on /home/airflow/.local/lib/python3.8/site-packages/airflow/example_dags/example_short_circuit_decorator.py
[2023-11-14T21:46:44.500+0000] {processor.py:829} INFO - Processing file /home/airflow/.local/lib/python3.8/site-packages/airflow/example_dags/example_short_circuit_decorator.py for tasks to queue
[2023-11-14T21:46:44.503+0000] {logging_mixin.py:154} INFO - [2023-11-14T21:46:44.503+0000] {dagbag.py:536} INFO - Filling up the DagBag from /home/airflow/.local/lib/python3.8/site-packages/airflow/example_dags/example_short_circuit_decorator.py
[2023-11-14T21:46:44.516+0000] {processor.py:839} INFO - DAG(s) dict_keys(['example_short_circuit_decorator']) retrieved from /home/airflow/.local/lib/python3.8/site-packages/airflow/example_dags/example_short_circuit_decorator.py
[2023-11-14T21:46:44.546+0000] {logging_mixin.py:154} INFO - [2023-11-14T21:46:44.545+0000] {dag.py:2941} INFO - Sync 1 DAGs
[2023-11-14T21:46:44.731+0000] {logging_mixin.py:154} INFO - [2023-11-14T21:46:44.730+0000] {dag.py:3722} INFO - Setting next_dagrun for example_short_circuit_decorator to 2023-11-13T21:46:44.730600+00:00, run_after=2023-11-14T21:46:44.730600+00:00
[2023-11-14T21:46:44.765+0000] {processor.py:179} INFO - Processing /home/airflow/.local/lib/python3.8/site-packages/airflow/example_dags/example_short_circuit_decorator.py took 0.274 seconds
[2023-11-14T21:47:14.998+0000] {processor.py:157} INFO - Started process (PID=1498) to work on /home/airflow/.local/lib/python3.8/site-packages/airflow/example_dags/example_short_circuit_decorator.py
[2023-11-14T21:47:15.010+0000] {processor.py:829} INFO - Processing file /home/airflow/.local/lib/python3.8/site-packages/airflow/example_dags/example_short_circuit_decorator.py for tasks to queue
[2023-11-14T21:47:15.012+0000] {logging_mixin.py:154} INFO - [2023-11-14T21:47:15.012+0000] {dagbag.py:536} INFO - Filling up the DagBag from /home/airflow/.local/lib/python3.8/site-packages/airflow/example_dags/example_short_circuit_decorator.py
[2023-11-14T21:47:15.022+0000] {processor.py:839} INFO - DAG(s) dict_keys(['example_short_circuit_decorator']) retrieved from /home/airflow/.local/lib/python3.8/site-packages/airflow/example_dags/example_short_circuit_decorator.py
[2023-11-14T21:47:15.053+0000] {logging_mixin.py:154} INFO - [2023-11-14T21:47:15.052+0000] {dag.py:2941} INFO - Sync 1 DAGs
[2023-11-14T21:47:15.080+0000] {logging_mixin.py:154} INFO - [2023-11-14T21:47:15.080+0000] {dag.py:3722} INFO - Setting next_dagrun for example_short_circuit_decorator to 2023-11-13T21:47:15.080004+00:00, run_after=2023-11-14T21:47:15.080004+00:00
[2023-11-14T21:47:15.254+0000] {processor.py:179} INFO - Processing /home/airflow/.local/lib/python3.8/site-packages/airflow/example_dags/example_short_circuit_decorator.py took 0.260 seconds
[2023-11-14T21:47:45.466+0000] {processor.py:157} INFO - Started process (PID=1552) to work on /home/airflow/.local/lib/python3.8/site-packages/airflow/example_dags/example_short_circuit_decorator.py
[2023-11-14T21:47:45.468+0000] {processor.py:829} INFO - Processing file /home/airflow/.local/lib/python3.8/site-packages/airflow/example_dags/example_short_circuit_decorator.py for tasks to queue
[2023-11-14T21:47:45.474+0000] {logging_mixin.py:154} INFO - [2023-11-14T21:47:45.473+0000] {dagbag.py:536} INFO - Filling up the DagBag from /home/airflow/.local/lib/python3.8/site-packages/airflow/example_dags/example_short_circuit_decorator.py
[2023-11-14T21:47:45.490+0000] {processor.py:839} INFO - DAG(s) dict_keys(['example_short_circuit_decorator']) retrieved from /home/airflow/.local/lib/python3.8/site-packages/airflow/example_dags/example_short_circuit_decorator.py
[2023-11-14T21:47:45.520+0000] {logging_mixin.py:154} INFO - [2023-11-14T21:47:45.520+0000] {dag.py:2941} INFO - Sync 1 DAGs
[2023-11-14T21:47:45.546+0000] {logging_mixin.py:154} INFO - [2023-11-14T21:47:45.546+0000] {dag.py:3722} INFO - Setting next_dagrun for example_short_circuit_decorator to 2023-11-13T21:47:45.545870+00:00, run_after=2023-11-14T21:47:45.545870+00:00
[2023-11-14T21:47:45.580+0000] {processor.py:179} INFO - Processing /home/airflow/.local/lib/python3.8/site-packages/airflow/example_dags/example_short_circuit_decorator.py took 0.125 seconds
[2023-11-14T21:48:15.945+0000] {processor.py:157} INFO - Started process (PID=1607) to work on /home/airflow/.local/lib/python3.8/site-packages/airflow/example_dags/example_short_circuit_decorator.py
[2023-11-14T21:48:15.946+0000] {processor.py:829} INFO - Processing file /home/airflow/.local/lib/python3.8/site-packages/airflow/example_dags/example_short_circuit_decorator.py for tasks to queue
[2023-11-14T21:48:15.949+0000] {logging_mixin.py:154} INFO - [2023-11-14T21:48:15.949+0000] {dagbag.py:536} INFO - Filling up the DagBag from /home/airflow/.local/lib/python3.8/site-packages/airflow/example_dags/example_short_circuit_decorator.py
[2023-11-14T21:48:15.961+0000] {processor.py:839} INFO - DAG(s) dict_keys(['example_short_circuit_decorator']) retrieved from /home/airflow/.local/lib/python3.8/site-packages/airflow/example_dags/example_short_circuit_decorator.py
[2023-11-14T21:48:15.997+0000] {logging_mixin.py:154} INFO - [2023-11-14T21:48:15.996+0000] {dag.py:2941} INFO - Sync 1 DAGs
[2023-11-14T21:48:16.216+0000] {logging_mixin.py:154} INFO - [2023-11-14T21:48:16.215+0000] {dag.py:3722} INFO - Setting next_dagrun for example_short_circuit_decorator to 2023-11-13T21:48:16.215489+00:00, run_after=2023-11-14T21:48:16.215489+00:00
[2023-11-14T21:48:16.250+0000] {processor.py:179} INFO - Processing /home/airflow/.local/lib/python3.8/site-packages/airflow/example_dags/example_short_circuit_decorator.py took 0.309 seconds
[2023-11-14T21:48:46.947+0000] {processor.py:157} INFO - Started process (PID=1661) to work on /home/airflow/.local/lib/python3.8/site-packages/airflow/example_dags/example_short_circuit_decorator.py
[2023-11-14T21:48:46.948+0000] {processor.py:829} INFO - Processing file /home/airflow/.local/lib/python3.8/site-packages/airflow/example_dags/example_short_circuit_decorator.py for tasks to queue
[2023-11-14T21:48:46.950+0000] {logging_mixin.py:154} INFO - [2023-11-14T21:48:46.950+0000] {dagbag.py:536} INFO - Filling up the DagBag from /home/airflow/.local/lib/python3.8/site-packages/airflow/example_dags/example_short_circuit_decorator.py
[2023-11-14T21:48:46.961+0000] {processor.py:839} INFO - DAG(s) dict_keys(['example_short_circuit_decorator']) retrieved from /home/airflow/.local/lib/python3.8/site-packages/airflow/example_dags/example_short_circuit_decorator.py
[2023-11-14T21:48:46.989+0000] {logging_mixin.py:154} INFO - [2023-11-14T21:48:46.989+0000] {dag.py:2941} INFO - Sync 1 DAGs
[2023-11-14T21:48:47.014+0000] {logging_mixin.py:154} INFO - [2023-11-14T21:48:47.014+0000] {dag.py:3722} INFO - Setting next_dagrun for example_short_circuit_decorator to 2023-11-13T21:48:47.014291+00:00, run_after=2023-11-14T21:48:47.014291+00:00
[2023-11-14T21:48:47.049+0000] {processor.py:179} INFO - Processing /home/airflow/.local/lib/python3.8/site-packages/airflow/example_dags/example_short_circuit_decorator.py took 0.106 seconds
[2023-11-14T21:49:17.371+0000] {processor.py:157} INFO - Started process (PID=1715) to work on /home/airflow/.local/lib/python3.8/site-packages/airflow/example_dags/example_short_circuit_decorator.py
[2023-11-14T21:49:17.373+0000] {processor.py:829} INFO - Processing file /home/airflow/.local/lib/python3.8/site-packages/airflow/example_dags/example_short_circuit_decorator.py for tasks to queue
[2023-11-14T21:49:17.375+0000] {logging_mixin.py:154} INFO - [2023-11-14T21:49:17.375+0000] {dagbag.py:536} INFO - Filling up the DagBag from /home/airflow/.local/lib/python3.8/site-packages/airflow/example_dags/example_short_circuit_decorator.py
[2023-11-14T21:49:17.533+0000] {processor.py:839} INFO - DAG(s) dict_keys(['example_short_circuit_decorator']) retrieved from /home/airflow/.local/lib/python3.8/site-packages/airflow/example_dags/example_short_circuit_decorator.py
[2023-11-14T21:49:17.579+0000] {logging_mixin.py:154} INFO - [2023-11-14T21:49:17.579+0000] {dag.py:2941} INFO - Sync 1 DAGs
[2023-11-14T21:49:17.603+0000] {logging_mixin.py:154} INFO - [2023-11-14T21:49:17.603+0000] {dag.py:3722} INFO - Setting next_dagrun for example_short_circuit_decorator to 2023-11-13T21:49:17.602908+00:00, run_after=2023-11-14T21:49:17.602908+00:00
[2023-11-14T21:49:17.650+0000] {processor.py:179} INFO - Processing /home/airflow/.local/lib/python3.8/site-packages/airflow/example_dags/example_short_circuit_decorator.py took 0.282 seconds
[2023-11-14T21:49:47.862+0000] {processor.py:157} INFO - Started process (PID=1769) to work on /home/airflow/.local/lib/python3.8/site-packages/airflow/example_dags/example_short_circuit_decorator.py
[2023-11-14T21:49:47.863+0000] {processor.py:829} INFO - Processing file /home/airflow/.local/lib/python3.8/site-packages/airflow/example_dags/example_short_circuit_decorator.py for tasks to queue
[2023-11-14T21:49:47.867+0000] {logging_mixin.py:154} INFO - [2023-11-14T21:49:47.866+0000] {dagbag.py:536} INFO - Filling up the DagBag from /home/airflow/.local/lib/python3.8/site-packages/airflow/example_dags/example_short_circuit_decorator.py
[2023-11-14T21:49:47.880+0000] {processor.py:839} INFO - DAG(s) dict_keys(['example_short_circuit_decorator']) retrieved from /home/airflow/.local/lib/python3.8/site-packages/airflow/example_dags/example_short_circuit_decorator.py
[2023-11-14T21:49:47.916+0000] {logging_mixin.py:154} INFO - [2023-11-14T21:49:47.916+0000] {dag.py:2941} INFO - Sync 1 DAGs
[2023-11-14T21:49:47.955+0000] {logging_mixin.py:154} INFO - [2023-11-14T21:49:47.955+0000] {dag.py:3722} INFO - Setting next_dagrun for example_short_circuit_decorator to 2023-11-13T21:49:47.954839+00:00, run_after=2023-11-14T21:49:47.954839+00:00
[2023-11-14T21:49:47.998+0000] {processor.py:179} INFO - Processing /home/airflow/.local/lib/python3.8/site-packages/airflow/example_dags/example_short_circuit_decorator.py took 0.140 seconds
[2023-11-14T21:50:18.405+0000] {processor.py:157} INFO - Started process (PID=1823) to work on /home/airflow/.local/lib/python3.8/site-packages/airflow/example_dags/example_short_circuit_decorator.py
[2023-11-14T21:50:18.407+0000] {processor.py:829} INFO - Processing file /home/airflow/.local/lib/python3.8/site-packages/airflow/example_dags/example_short_circuit_decorator.py for tasks to queue
[2023-11-14T21:50:18.410+0000] {logging_mixin.py:154} INFO - [2023-11-14T21:50:18.409+0000] {dagbag.py:536} INFO - Filling up the DagBag from /home/airflow/.local/lib/python3.8/site-packages/airflow/example_dags/example_short_circuit_decorator.py
[2023-11-14T21:50:18.421+0000] {processor.py:839} INFO - DAG(s) dict_keys(['example_short_circuit_decorator']) retrieved from /home/airflow/.local/lib/python3.8/site-packages/airflow/example_dags/example_short_circuit_decorator.py
[2023-11-14T21:50:18.448+0000] {logging_mixin.py:154} INFO - [2023-11-14T21:50:18.447+0000] {dag.py:2941} INFO - Sync 1 DAGs
[2023-11-14T21:50:18.474+0000] {logging_mixin.py:154} INFO - [2023-11-14T21:50:18.474+0000] {dag.py:3722} INFO - Setting next_dagrun for example_short_circuit_decorator to 2023-11-13T21:50:18.474068+00:00, run_after=2023-11-14T21:50:18.474068+00:00
[2023-11-14T21:50:18.498+0000] {processor.py:179} INFO - Processing /home/airflow/.local/lib/python3.8/site-packages/airflow/example_dags/example_short_circuit_decorator.py took 0.097 seconds
[2023-11-14T21:50:48.889+0000] {processor.py:157} INFO - Started process (PID=1877) to work on /home/airflow/.local/lib/python3.8/site-packages/airflow/example_dags/example_short_circuit_decorator.py
[2023-11-14T21:50:48.890+0000] {processor.py:829} INFO - Processing file /home/airflow/.local/lib/python3.8/site-packages/airflow/example_dags/example_short_circuit_decorator.py for tasks to queue
[2023-11-14T21:50:48.894+0000] {logging_mixin.py:154} INFO - [2023-11-14T21:50:48.893+0000] {dagbag.py:536} INFO - Filling up the DagBag from /home/airflow/.local/lib/python3.8/site-packages/airflow/example_dags/example_short_circuit_decorator.py
[2023-11-14T21:50:48.906+0000] {processor.py:839} INFO - DAG(s) dict_keys(['example_short_circuit_decorator']) retrieved from /home/airflow/.local/lib/python3.8/site-packages/airflow/example_dags/example_short_circuit_decorator.py
[2023-11-14T21:50:48.935+0000] {logging_mixin.py:154} INFO - [2023-11-14T21:50:48.935+0000] {dag.py:2941} INFO - Sync 1 DAGs
[2023-11-14T21:50:48.964+0000] {logging_mixin.py:154} INFO - [2023-11-14T21:50:48.964+0000] {dag.py:3722} INFO - Setting next_dagrun for example_short_circuit_decorator to 2023-11-13T21:50:48.963908+00:00, run_after=2023-11-14T21:50:48.963908+00:00
[2023-11-14T21:50:48.989+0000] {processor.py:179} INFO - Processing /home/airflow/.local/lib/python3.8/site-packages/airflow/example_dags/example_short_circuit_decorator.py took 0.104 seconds
[2023-11-14T21:51:19.525+0000] {processor.py:157} INFO - Started process (PID=1931) to work on /home/airflow/.local/lib/python3.8/site-packages/airflow/example_dags/example_short_circuit_decorator.py
[2023-11-14T21:51:19.526+0000] {processor.py:829} INFO - Processing file /home/airflow/.local/lib/python3.8/site-packages/airflow/example_dags/example_short_circuit_decorator.py for tasks to queue
[2023-11-14T21:51:19.529+0000] {logging_mixin.py:154} INFO - [2023-11-14T21:51:19.529+0000] {dagbag.py:536} INFO - Filling up the DagBag from /home/airflow/.local/lib/python3.8/site-packages/airflow/example_dags/example_short_circuit_decorator.py
[2023-11-14T21:51:19.540+0000] {processor.py:839} INFO - DAG(s) dict_keys(['example_short_circuit_decorator']) retrieved from /home/airflow/.local/lib/python3.8/site-packages/airflow/example_dags/example_short_circuit_decorator.py
[2023-11-14T21:51:19.571+0000] {logging_mixin.py:154} INFO - [2023-11-14T21:51:19.570+0000] {dag.py:2941} INFO - Sync 1 DAGs
[2023-11-14T21:51:19.599+0000] {logging_mixin.py:154} INFO - [2023-11-14T21:51:19.599+0000] {dag.py:3722} INFO - Setting next_dagrun for example_short_circuit_decorator to 2023-11-13T21:51:19.599292+00:00, run_after=2023-11-14T21:51:19.599292+00:00
[2023-11-14T21:51:19.625+0000] {processor.py:179} INFO - Processing /home/airflow/.local/lib/python3.8/site-packages/airflow/example_dags/example_short_circuit_decorator.py took 0.104 seconds
[2023-11-14T21:51:49.829+0000] {processor.py:157} INFO - Started process (PID=1985) to work on /home/airflow/.local/lib/python3.8/site-packages/airflow/example_dags/example_short_circuit_decorator.py
[2023-11-14T21:51:49.831+0000] {processor.py:829} INFO - Processing file /home/airflow/.local/lib/python3.8/site-packages/airflow/example_dags/example_short_circuit_decorator.py for tasks to queue
[2023-11-14T21:51:49.835+0000] {logging_mixin.py:154} INFO - [2023-11-14T21:51:49.834+0000] {dagbag.py:536} INFO - Filling up the DagBag from /home/airflow/.local/lib/python3.8/site-packages/airflow/example_dags/example_short_circuit_decorator.py
[2023-11-14T21:51:49.848+0000] {processor.py:839} INFO - DAG(s) dict_keys(['example_short_circuit_decorator']) retrieved from /home/airflow/.local/lib/python3.8/site-packages/airflow/example_dags/example_short_circuit_decorator.py
[2023-11-14T21:51:49.877+0000] {logging_mixin.py:154} INFO - [2023-11-14T21:51:49.877+0000] {dag.py:2941} INFO - Sync 1 DAGs
[2023-11-14T21:51:49.904+0000] {logging_mixin.py:154} INFO - [2023-11-14T21:51:49.903+0000] {dag.py:3722} INFO - Setting next_dagrun for example_short_circuit_decorator to 2023-11-13T21:51:49.903389+00:00, run_after=2023-11-14T21:51:49.903389+00:00
[2023-11-14T21:51:49.940+0000] {processor.py:179} INFO - Processing /home/airflow/.local/lib/python3.8/site-packages/airflow/example_dags/example_short_circuit_decorator.py took 0.116 seconds
[2023-11-14T21:52:20.610+0000] {processor.py:157} INFO - Started process (PID=2040) to work on /home/airflow/.local/lib/python3.8/site-packages/airflow/example_dags/example_short_circuit_decorator.py
[2023-11-14T21:52:20.611+0000] {processor.py:829} INFO - Processing file /home/airflow/.local/lib/python3.8/site-packages/airflow/example_dags/example_short_circuit_decorator.py for tasks to queue
[2023-11-14T21:52:20.615+0000] {logging_mixin.py:154} INFO - [2023-11-14T21:52:20.614+0000] {dagbag.py:536} INFO - Filling up the DagBag from /home/airflow/.local/lib/python3.8/site-packages/airflow/example_dags/example_short_circuit_decorator.py
[2023-11-14T21:52:20.627+0000] {processor.py:839} INFO - DAG(s) dict_keys(['example_short_circuit_decorator']) retrieved from /home/airflow/.local/lib/python3.8/site-packages/airflow/example_dags/example_short_circuit_decorator.py
[2023-11-14T21:52:20.656+0000] {logging_mixin.py:154} INFO - [2023-11-14T21:52:20.655+0000] {dag.py:2941} INFO - Sync 1 DAGs
[2023-11-14T21:52:20.683+0000] {logging_mixin.py:154} INFO - [2023-11-14T21:52:20.683+0000] {dag.py:3722} INFO - Setting next_dagrun for example_short_circuit_decorator to 2023-11-13T21:52:20.683225+00:00, run_after=2023-11-14T21:52:20.683225+00:00
[2023-11-14T21:52:20.709+0000] {processor.py:179} INFO - Processing /home/airflow/.local/lib/python3.8/site-packages/airflow/example_dags/example_short_circuit_decorator.py took 0.104 seconds
[2023-11-14T21:52:50.958+0000] {processor.py:157} INFO - Started process (PID=2094) to work on /home/airflow/.local/lib/python3.8/site-packages/airflow/example_dags/example_short_circuit_decorator.py
[2023-11-14T21:52:50.959+0000] {processor.py:829} INFO - Processing file /home/airflow/.local/lib/python3.8/site-packages/airflow/example_dags/example_short_circuit_decorator.py for tasks to queue
[2023-11-14T21:52:50.962+0000] {logging_mixin.py:154} INFO - [2023-11-14T21:52:50.962+0000] {dagbag.py:536} INFO - Filling up the DagBag from /home/airflow/.local/lib/python3.8/site-packages/airflow/example_dags/example_short_circuit_decorator.py
[2023-11-14T21:52:50.976+0000] {processor.py:839} INFO - DAG(s) dict_keys(['example_short_circuit_decorator']) retrieved from /home/airflow/.local/lib/python3.8/site-packages/airflow/example_dags/example_short_circuit_decorator.py
[2023-11-14T21:52:51.008+0000] {logging_mixin.py:154} INFO - [2023-11-14T21:52:51.008+0000] {dag.py:2941} INFO - Sync 1 DAGs
[2023-11-14T21:52:51.044+0000] {logging_mixin.py:154} INFO - [2023-11-14T21:52:51.044+0000] {dag.py:3722} INFO - Setting next_dagrun for example_short_circuit_decorator to 2023-11-13T21:52:51.044305+00:00, run_after=2023-11-14T21:52:51.044305+00:00
[2023-11-14T21:52:51.074+0000] {processor.py:179} INFO - Processing /home/airflow/.local/lib/python3.8/site-packages/airflow/example_dags/example_short_circuit_decorator.py took 0.120 seconds
[2023-11-14T21:53:21.809+0000] {processor.py:157} INFO - Started process (PID=2148) to work on /home/airflow/.local/lib/python3.8/site-packages/airflow/example_dags/example_short_circuit_decorator.py
[2023-11-14T21:53:21.810+0000] {processor.py:829} INFO - Processing file /home/airflow/.local/lib/python3.8/site-packages/airflow/example_dags/example_short_circuit_decorator.py for tasks to queue
[2023-11-14T21:53:21.814+0000] {logging_mixin.py:154} INFO - [2023-11-14T21:53:21.813+0000] {dagbag.py:536} INFO - Filling up the DagBag from /home/airflow/.local/lib/python3.8/site-packages/airflow/example_dags/example_short_circuit_decorator.py
[2023-11-14T21:53:21.834+0000] {processor.py:839} INFO - DAG(s) dict_keys(['example_short_circuit_decorator']) retrieved from /home/airflow/.local/lib/python3.8/site-packages/airflow/example_dags/example_short_circuit_decorator.py
[2023-11-14T21:53:21.875+0000] {logging_mixin.py:154} INFO - [2023-11-14T21:53:21.875+0000] {dag.py:2941} INFO - Sync 1 DAGs
[2023-11-14T21:53:21.917+0000] {logging_mixin.py:154} INFO - [2023-11-14T21:53:21.916+0000] {dag.py:3722} INFO - Setting next_dagrun for example_short_circuit_decorator to 2023-11-13T21:53:21.916152+00:00, run_after=2023-11-14T21:53:21.916152+00:00
[2023-11-14T21:53:21.947+0000] {processor.py:179} INFO - Processing /home/airflow/.local/lib/python3.8/site-packages/airflow/example_dags/example_short_circuit_decorator.py took 0.143 seconds
[2023-11-14T21:53:52.676+0000] {processor.py:157} INFO - Started process (PID=2202) to work on /home/airflow/.local/lib/python3.8/site-packages/airflow/example_dags/example_short_circuit_decorator.py
[2023-11-14T21:53:52.677+0000] {processor.py:829} INFO - Processing file /home/airflow/.local/lib/python3.8/site-packages/airflow/example_dags/example_short_circuit_decorator.py for tasks to queue
[2023-11-14T21:53:52.680+0000] {logging_mixin.py:154} INFO - [2023-11-14T21:53:52.680+0000] {dagbag.py:536} INFO - Filling up the DagBag from /home/airflow/.local/lib/python3.8/site-packages/airflow/example_dags/example_short_circuit_decorator.py
[2023-11-14T21:53:52.693+0000] {processor.py:839} INFO - DAG(s) dict_keys(['example_short_circuit_decorator']) retrieved from /home/airflow/.local/lib/python3.8/site-packages/airflow/example_dags/example_short_circuit_decorator.py
[2023-11-14T21:53:52.720+0000] {logging_mixin.py:154} INFO - [2023-11-14T21:53:52.720+0000] {dag.py:2941} INFO - Sync 1 DAGs
[2023-11-14T21:53:52.747+0000] {logging_mixin.py:154} INFO - [2023-11-14T21:53:52.747+0000] {dag.py:3722} INFO - Setting next_dagrun for example_short_circuit_decorator to 2023-11-13T21:53:52.747285+00:00, run_after=2023-11-14T21:53:52.747285+00:00
[2023-11-14T21:53:52.772+0000] {processor.py:179} INFO - Processing /home/airflow/.local/lib/python3.8/site-packages/airflow/example_dags/example_short_circuit_decorator.py took 0.100 seconds
[2023-11-14T21:54:23.290+0000] {processor.py:157} INFO - Started process (PID=2256) to work on /home/airflow/.local/lib/python3.8/site-packages/airflow/example_dags/example_short_circuit_decorator.py
[2023-11-14T21:54:23.292+0000] {processor.py:829} INFO - Processing file /home/airflow/.local/lib/python3.8/site-packages/airflow/example_dags/example_short_circuit_decorator.py for tasks to queue
[2023-11-14T21:54:23.295+0000] {logging_mixin.py:154} INFO - [2023-11-14T21:54:23.295+0000] {dagbag.py:536} INFO - Filling up the DagBag from /home/airflow/.local/lib/python3.8/site-packages/airflow/example_dags/example_short_circuit_decorator.py
[2023-11-14T21:54:23.312+0000] {processor.py:839} INFO - DAG(s) dict_keys(['example_short_circuit_decorator']) retrieved from /home/airflow/.local/lib/python3.8/site-packages/airflow/example_dags/example_short_circuit_decorator.py
[2023-11-14T21:54:23.342+0000] {logging_mixin.py:154} INFO - [2023-11-14T21:54:23.342+0000] {dag.py:2941} INFO - Sync 1 DAGs
[2023-11-14T21:54:23.370+0000] {logging_mixin.py:154} INFO - [2023-11-14T21:54:23.370+0000] {dag.py:3722} INFO - Setting next_dagrun for example_short_circuit_decorator to 2023-11-13T21:54:23.369768+00:00, run_after=2023-11-14T21:54:23.369768+00:00
[2023-11-14T21:54:23.393+0000] {processor.py:179} INFO - Processing /home/airflow/.local/lib/python3.8/site-packages/airflow/example_dags/example_short_circuit_decorator.py took 0.107 seconds
[2023-11-14T21:54:54.235+0000] {processor.py:157} INFO - Started process (PID=2310) to work on /home/airflow/.local/lib/python3.8/site-packages/airflow/example_dags/example_short_circuit_decorator.py
[2023-11-14T21:54:54.236+0000] {processor.py:829} INFO - Processing file /home/airflow/.local/lib/python3.8/site-packages/airflow/example_dags/example_short_circuit_decorator.py for tasks to queue
[2023-11-14T21:54:54.239+0000] {logging_mixin.py:154} INFO - [2023-11-14T21:54:54.239+0000] {dagbag.py:536} INFO - Filling up the DagBag from /home/airflow/.local/lib/python3.8/site-packages/airflow/example_dags/example_short_circuit_decorator.py
[2023-11-14T21:54:54.252+0000] {processor.py:839} INFO - DAG(s) dict_keys(['example_short_circuit_decorator']) retrieved from /home/airflow/.local/lib/python3.8/site-packages/airflow/example_dags/example_short_circuit_decorator.py
[2023-11-14T21:54:54.282+0000] {logging_mixin.py:154} INFO - [2023-11-14T21:54:54.282+0000] {dag.py:2941} INFO - Sync 1 DAGs
[2023-11-14T21:54:54.313+0000] {logging_mixin.py:154} INFO - [2023-11-14T21:54:54.313+0000] {dag.py:3722} INFO - Setting next_dagrun for example_short_circuit_decorator to 2023-11-13T21:54:54.312850+00:00, run_after=2023-11-14T21:54:54.312850+00:00
[2023-11-14T21:54:54.358+0000] {processor.py:179} INFO - Processing /home/airflow/.local/lib/python3.8/site-packages/airflow/example_dags/example_short_circuit_decorator.py took 0.128 seconds
[2023-11-14T21:55:24.539+0000] {processor.py:157} INFO - Started process (PID=2365) to work on /home/airflow/.local/lib/python3.8/site-packages/airflow/example_dags/example_short_circuit_decorator.py
[2023-11-14T21:55:24.540+0000] {processor.py:829} INFO - Processing file /home/airflow/.local/lib/python3.8/site-packages/airflow/example_dags/example_short_circuit_decorator.py for tasks to queue
[2023-11-14T21:55:24.543+0000] {logging_mixin.py:154} INFO - [2023-11-14T21:55:24.543+0000] {dagbag.py:536} INFO - Filling up the DagBag from /home/airflow/.local/lib/python3.8/site-packages/airflow/example_dags/example_short_circuit_decorator.py
[2023-11-14T21:55:24.556+0000] {processor.py:839} INFO - DAG(s) dict_keys(['example_short_circuit_decorator']) retrieved from /home/airflow/.local/lib/python3.8/site-packages/airflow/example_dags/example_short_circuit_decorator.py
[2023-11-14T21:55:24.585+0000] {logging_mixin.py:154} INFO - [2023-11-14T21:55:24.585+0000] {dag.py:2941} INFO - Sync 1 DAGs
[2023-11-14T21:55:24.610+0000] {logging_mixin.py:154} INFO - [2023-11-14T21:55:24.610+0000] {dag.py:3722} INFO - Setting next_dagrun for example_short_circuit_decorator to 2023-11-13T21:55:24.610265+00:00, run_after=2023-11-14T21:55:24.610265+00:00
[2023-11-14T21:55:24.635+0000] {processor.py:179} INFO - Processing /home/airflow/.local/lib/python3.8/site-packages/airflow/example_dags/example_short_circuit_decorator.py took 0.100 seconds
[2023-11-14T21:55:54.814+0000] {processor.py:157} INFO - Started process (PID=2419) to work on /home/airflow/.local/lib/python3.8/site-packages/airflow/example_dags/example_short_circuit_decorator.py
[2023-11-14T21:55:54.815+0000] {processor.py:829} INFO - Processing file /home/airflow/.local/lib/python3.8/site-packages/airflow/example_dags/example_short_circuit_decorator.py for tasks to queue
[2023-11-14T21:55:54.817+0000] {logging_mixin.py:154} INFO - [2023-11-14T21:55:54.817+0000] {dagbag.py:536} INFO - Filling up the DagBag from /home/airflow/.local/lib/python3.8/site-packages/airflow/example_dags/example_short_circuit_decorator.py
[2023-11-14T21:55:54.828+0000] {processor.py:839} INFO - DAG(s) dict_keys(['example_short_circuit_decorator']) retrieved from /home/airflow/.local/lib/python3.8/site-packages/airflow/example_dags/example_short_circuit_decorator.py
[2023-11-14T21:55:54.855+0000] {logging_mixin.py:154} INFO - [2023-11-14T21:55:54.855+0000] {dag.py:2941} INFO - Sync 1 DAGs
[2023-11-14T21:55:54.881+0000] {logging_mixin.py:154} INFO - [2023-11-14T21:55:54.881+0000] {dag.py:3722} INFO - Setting next_dagrun for example_short_circuit_decorator to 2023-11-13T21:55:54.880845+00:00, run_after=2023-11-14T21:55:54.880845+00:00
[2023-11-14T21:55:54.904+0000] {processor.py:179} INFO - Processing /home/airflow/.local/lib/python3.8/site-packages/airflow/example_dags/example_short_circuit_decorator.py took 0.095 seconds
[2023-11-14T21:56:25.414+0000] {processor.py:157} INFO - Started process (PID=2473) to work on /home/airflow/.local/lib/python3.8/site-packages/airflow/example_dags/example_short_circuit_decorator.py
[2023-11-14T21:56:25.415+0000] {processor.py:829} INFO - Processing file /home/airflow/.local/lib/python3.8/site-packages/airflow/example_dags/example_short_circuit_decorator.py for tasks to queue
[2023-11-14T21:56:25.418+0000] {logging_mixin.py:154} INFO - [2023-11-14T21:56:25.418+0000] {dagbag.py:536} INFO - Filling up the DagBag from /home/airflow/.local/lib/python3.8/site-packages/airflow/example_dags/example_short_circuit_decorator.py
[2023-11-14T21:56:25.430+0000] {processor.py:839} INFO - DAG(s) dict_keys(['example_short_circuit_decorator']) retrieved from /home/airflow/.local/lib/python3.8/site-packages/airflow/example_dags/example_short_circuit_decorator.py
[2023-11-14T21:56:25.458+0000] {logging_mixin.py:154} INFO - [2023-11-14T21:56:25.458+0000] {dag.py:2941} INFO - Sync 1 DAGs
[2023-11-14T21:56:25.485+0000] {logging_mixin.py:154} INFO - [2023-11-14T21:56:25.485+0000] {dag.py:3722} INFO - Setting next_dagrun for example_short_circuit_decorator to 2023-11-13T21:56:25.485341+00:00, run_after=2023-11-14T21:56:25.485341+00:00
[2023-11-14T21:56:25.511+0000] {processor.py:179} INFO - Processing /home/airflow/.local/lib/python3.8/site-packages/airflow/example_dags/example_short_circuit_decorator.py took 0.102 seconds
[2023-11-14T21:56:56.241+0000] {processor.py:157} INFO - Started process (PID=2528) to work on /home/airflow/.local/lib/python3.8/site-packages/airflow/example_dags/example_short_circuit_decorator.py
[2023-11-14T21:56:56.242+0000] {processor.py:829} INFO - Processing file /home/airflow/.local/lib/python3.8/site-packages/airflow/example_dags/example_short_circuit_decorator.py for tasks to queue
[2023-11-14T21:56:56.245+0000] {logging_mixin.py:154} INFO - [2023-11-14T21:56:56.244+0000] {dagbag.py:536} INFO - Filling up the DagBag from /home/airflow/.local/lib/python3.8/site-packages/airflow/example_dags/example_short_circuit_decorator.py
[2023-11-14T21:56:56.260+0000] {processor.py:839} INFO - DAG(s) dict_keys(['example_short_circuit_decorator']) retrieved from /home/airflow/.local/lib/python3.8/site-packages/airflow/example_dags/example_short_circuit_decorator.py
[2023-11-14T21:56:56.290+0000] {logging_mixin.py:154} INFO - [2023-11-14T21:56:56.290+0000] {dag.py:2941} INFO - Sync 1 DAGs
[2023-11-14T21:56:56.325+0000] {logging_mixin.py:154} INFO - [2023-11-14T21:56:56.324+0000] {dag.py:3722} INFO - Setting next_dagrun for example_short_circuit_decorator to 2023-11-13T21:56:56.324416+00:00, run_after=2023-11-14T21:56:56.324416+00:00
[2023-11-14T21:56:56.351+0000] {processor.py:179} INFO - Processing /home/airflow/.local/lib/python3.8/site-packages/airflow/example_dags/example_short_circuit_decorator.py took 0.115 seconds
[2023-11-14T21:57:27.194+0000] {processor.py:157} INFO - Started process (PID=2582) to work on /home/airflow/.local/lib/python3.8/site-packages/airflow/example_dags/example_short_circuit_decorator.py
[2023-11-14T21:57:27.195+0000] {processor.py:829} INFO - Processing file /home/airflow/.local/lib/python3.8/site-packages/airflow/example_dags/example_short_circuit_decorator.py for tasks to queue
[2023-11-14T21:57:27.199+0000] {logging_mixin.py:154} INFO - [2023-11-14T21:57:27.198+0000] {dagbag.py:536} INFO - Filling up the DagBag from /home/airflow/.local/lib/python3.8/site-packages/airflow/example_dags/example_short_circuit_decorator.py
[2023-11-14T21:57:27.216+0000] {processor.py:839} INFO - DAG(s) dict_keys(['example_short_circuit_decorator']) retrieved from /home/airflow/.local/lib/python3.8/site-packages/airflow/example_dags/example_short_circuit_decorator.py
[2023-11-14T21:57:27.251+0000] {logging_mixin.py:154} INFO - [2023-11-14T21:57:27.251+0000] {dag.py:2941} INFO - Sync 1 DAGs
[2023-11-14T21:57:27.284+0000] {logging_mixin.py:154} INFO - [2023-11-14T21:57:27.284+0000] {dag.py:3722} INFO - Setting next_dagrun for example_short_circuit_decorator to 2023-11-13T21:57:27.283994+00:00, run_after=2023-11-14T21:57:27.283994+00:00
[2023-11-14T21:57:27.310+0000] {processor.py:179} INFO - Processing /home/airflow/.local/lib/python3.8/site-packages/airflow/example_dags/example_short_circuit_decorator.py took 0.122 seconds
[2023-11-14T21:57:57.517+0000] {processor.py:157} INFO - Started process (PID=2637) to work on /home/airflow/.local/lib/python3.8/site-packages/airflow/example_dags/example_short_circuit_decorator.py
[2023-11-14T21:57:57.518+0000] {processor.py:829} INFO - Processing file /home/airflow/.local/lib/python3.8/site-packages/airflow/example_dags/example_short_circuit_decorator.py for tasks to queue
[2023-11-14T21:57:57.521+0000] {logging_mixin.py:154} INFO - [2023-11-14T21:57:57.521+0000] {dagbag.py:536} INFO - Filling up the DagBag from /home/airflow/.local/lib/python3.8/site-packages/airflow/example_dags/example_short_circuit_decorator.py
[2023-11-14T21:57:57.533+0000] {processor.py:839} INFO - DAG(s) dict_keys(['example_short_circuit_decorator']) retrieved from /home/airflow/.local/lib/python3.8/site-packages/airflow/example_dags/example_short_circuit_decorator.py
[2023-11-14T21:57:57.562+0000] {logging_mixin.py:154} INFO - [2023-11-14T21:57:57.562+0000] {dag.py:2941} INFO - Sync 1 DAGs
[2023-11-14T21:57:57.589+0000] {logging_mixin.py:154} INFO - [2023-11-14T21:57:57.589+0000] {dag.py:3722} INFO - Setting next_dagrun for example_short_circuit_decorator to 2023-11-13T21:57:57.589075+00:00, run_after=2023-11-14T21:57:57.589075+00:00
[2023-11-14T21:57:57.635+0000] {processor.py:179} INFO - Processing /home/airflow/.local/lib/python3.8/site-packages/airflow/example_dags/example_short_circuit_decorator.py took 0.123 seconds
[2023-11-14T21:58:27.739+0000] {processor.py:157} INFO - Started process (PID=2691) to work on /home/airflow/.local/lib/python3.8/site-packages/airflow/example_dags/example_short_circuit_decorator.py
[2023-11-14T21:58:27.741+0000] {processor.py:829} INFO - Processing file /home/airflow/.local/lib/python3.8/site-packages/airflow/example_dags/example_short_circuit_decorator.py for tasks to queue
[2023-11-14T21:58:27.744+0000] {logging_mixin.py:154} INFO - [2023-11-14T21:58:27.744+0000] {dagbag.py:536} INFO - Filling up the DagBag from /home/airflow/.local/lib/python3.8/site-packages/airflow/example_dags/example_short_circuit_decorator.py
[2023-11-14T21:58:27.758+0000] {processor.py:839} INFO - DAG(s) dict_keys(['example_short_circuit_decorator']) retrieved from /home/airflow/.local/lib/python3.8/site-packages/airflow/example_dags/example_short_circuit_decorator.py
[2023-11-14T21:58:27.801+0000] {logging_mixin.py:154} INFO - [2023-11-14T21:58:27.801+0000] {dag.py:2941} INFO - Sync 1 DAGs
[2023-11-14T21:58:27.843+0000] {logging_mixin.py:154} INFO - [2023-11-14T21:58:27.842+0000] {dag.py:3722} INFO - Setting next_dagrun for example_short_circuit_decorator to 2023-11-13T21:58:27.842374+00:00, run_after=2023-11-14T21:58:27.842374+00:00
[2023-11-14T21:58:27.877+0000] {processor.py:179} INFO - Processing /home/airflow/.local/lib/python3.8/site-packages/airflow/example_dags/example_short_circuit_decorator.py took 0.142 seconds
[2023-11-14T21:58:58.277+0000] {processor.py:157} INFO - Started process (PID=2745) to work on /home/airflow/.local/lib/python3.8/site-packages/airflow/example_dags/example_short_circuit_decorator.py
[2023-11-14T21:58:58.279+0000] {processor.py:829} INFO - Processing file /home/airflow/.local/lib/python3.8/site-packages/airflow/example_dags/example_short_circuit_decorator.py for tasks to queue
[2023-11-14T21:58:58.282+0000] {logging_mixin.py:154} INFO - [2023-11-14T21:58:58.282+0000] {dagbag.py:536} INFO - Filling up the DagBag from /home/airflow/.local/lib/python3.8/site-packages/airflow/example_dags/example_short_circuit_decorator.py
[2023-11-14T21:58:58.294+0000] {processor.py:839} INFO - DAG(s) dict_keys(['example_short_circuit_decorator']) retrieved from /home/airflow/.local/lib/python3.8/site-packages/airflow/example_dags/example_short_circuit_decorator.py
[2023-11-14T21:58:58.321+0000] {logging_mixin.py:154} INFO - [2023-11-14T21:58:58.321+0000] {dag.py:2941} INFO - Sync 1 DAGs
[2023-11-14T21:58:58.347+0000] {logging_mixin.py:154} INFO - [2023-11-14T21:58:58.347+0000] {dag.py:3722} INFO - Setting next_dagrun for example_short_circuit_decorator to 2023-11-13T21:58:58.347165+00:00, run_after=2023-11-14T21:58:58.347165+00:00
[2023-11-14T21:58:58.370+0000] {processor.py:179} INFO - Processing /home/airflow/.local/lib/python3.8/site-packages/airflow/example_dags/example_short_circuit_decorator.py took 0.096 seconds
[2023-11-14T21:59:28.964+0000] {processor.py:157} INFO - Started process (PID=2799) to work on /home/airflow/.local/lib/python3.8/site-packages/airflow/example_dags/example_short_circuit_decorator.py
[2023-11-14T21:59:28.965+0000] {processor.py:829} INFO - Processing file /home/airflow/.local/lib/python3.8/site-packages/airflow/example_dags/example_short_circuit_decorator.py for tasks to queue
[2023-11-14T21:59:28.969+0000] {logging_mixin.py:154} INFO - [2023-11-14T21:59:28.969+0000] {dagbag.py:536} INFO - Filling up the DagBag from /home/airflow/.local/lib/python3.8/site-packages/airflow/example_dags/example_short_circuit_decorator.py
[2023-11-14T21:59:28.983+0000] {processor.py:839} INFO - DAG(s) dict_keys(['example_short_circuit_decorator']) retrieved from /home/airflow/.local/lib/python3.8/site-packages/airflow/example_dags/example_short_circuit_decorator.py
[2023-11-14T21:59:29.017+0000] {logging_mixin.py:154} INFO - [2023-11-14T21:59:29.017+0000] {dag.py:2941} INFO - Sync 1 DAGs
[2023-11-14T21:59:29.048+0000] {logging_mixin.py:154} INFO - [2023-11-14T21:59:29.048+0000] {dag.py:3722} INFO - Setting next_dagrun for example_short_circuit_decorator to 2023-11-13T21:59:29.048036+00:00, run_after=2023-11-14T21:59:29.048036+00:00
[2023-11-14T21:59:29.076+0000] {processor.py:179} INFO - Processing /home/airflow/.local/lib/python3.8/site-packages/airflow/example_dags/example_short_circuit_decorator.py took 0.119 seconds
