[2023-11-14T21:33:55.490+0000] {processor.py:157} INFO - Started process (PID=50) to work on /home/airflow/.local/lib/python3.8/site-packages/airflow/example_dags/example_bash_operator.py
[2023-11-14T21:33:55.491+0000] {processor.py:829} INFO - Processing file /home/airflow/.local/lib/python3.8/site-packages/airflow/example_dags/example_bash_operator.py for tasks to queue
[2023-11-14T21:33:55.494+0000] {logging_mixin.py:154} INFO - [2023-11-14T21:33:55.494+0000] {dagbag.py:536} INFO - Filling up the DagBag from /home/airflow/.local/lib/python3.8/site-packages/airflow/example_dags/example_bash_operator.py
[2023-11-14T21:33:55.517+0000] {processor.py:839} INFO - DAG(s) dict_keys(['example_bash_operator']) retrieved from /home/airflow/.local/lib/python3.8/site-packages/airflow/example_dags/example_bash_operator.py
[2023-11-14T21:33:55.723+0000] {logging_mixin.py:154} INFO - [2023-11-14T21:33:55.723+0000] {manager.py:499} INFO - Created Permission View: %s
[2023-11-14T21:33:55.740+0000] {logging_mixin.py:154} INFO - [2023-11-14T21:33:55.739+0000] {manager.py:499} INFO - Created Permission View: %s
[2023-11-14T21:33:55.753+0000] {logging_mixin.py:154} INFO - [2023-11-14T21:33:55.752+0000] {manager.py:499} INFO - Created Permission View: %s
[2023-11-14T21:33:55.754+0000] {logging_mixin.py:154} INFO - [2023-11-14T21:33:55.754+0000] {dag.py:2941} INFO - Sync 1 DAGs
[2023-11-14T21:33:55.781+0000] {logging_mixin.py:154} INFO - [2023-11-14T21:33:55.781+0000] {dag.py:2963} INFO - Creating ORM DAG for example_bash_operator
[2023-11-14T21:33:55.805+0000] {logging_mixin.py:154} INFO - [2023-11-14T21:33:55.804+0000] {dag.py:3722} INFO - Setting next_dagrun for example_bash_operator to 2023-11-13T00:00:00+00:00, run_after=2023-11-14T00:00:00+00:00
[2023-11-14T21:33:55.836+0000] {processor.py:179} INFO - Processing /home/airflow/.local/lib/python3.8/site-packages/airflow/example_dags/example_bash_operator.py took 0.350 seconds
[2023-11-14T21:34:25.997+0000] {processor.py:157} INFO - Started process (PID=103) to work on /home/airflow/.local/lib/python3.8/site-packages/airflow/example_dags/example_bash_operator.py
[2023-11-14T21:34:25.999+0000] {processor.py:829} INFO - Processing file /home/airflow/.local/lib/python3.8/site-packages/airflow/example_dags/example_bash_operator.py for tasks to queue
[2023-11-14T21:34:26.001+0000] {logging_mixin.py:154} INFO - [2023-11-14T21:34:26.001+0000] {dagbag.py:536} INFO - Filling up the DagBag from /home/airflow/.local/lib/python3.8/site-packages/airflow/example_dags/example_bash_operator.py
[2023-11-14T21:34:26.018+0000] {processor.py:839} INFO - DAG(s) dict_keys(['example_bash_operator']) retrieved from /home/airflow/.local/lib/python3.8/site-packages/airflow/example_dags/example_bash_operator.py
[2023-11-14T21:34:26.062+0000] {logging_mixin.py:154} INFO - [2023-11-14T21:34:26.062+0000] {dag.py:2941} INFO - Sync 1 DAGs
[2023-11-14T21:34:26.091+0000] {logging_mixin.py:154} INFO - [2023-11-14T21:34:26.091+0000] {dag.py:3722} INFO - Setting next_dagrun for example_bash_operator to 2023-11-13T00:00:00+00:00, run_after=2023-11-14T00:00:00+00:00
[2023-11-14T21:34:26.115+0000] {processor.py:179} INFO - Processing /home/airflow/.local/lib/python3.8/site-packages/airflow/example_dags/example_bash_operator.py took 0.121 seconds
[2023-11-14T21:34:56.354+0000] {processor.py:157} INFO - Started process (PID=158) to work on /home/airflow/.local/lib/python3.8/site-packages/airflow/example_dags/example_bash_operator.py
[2023-11-14T21:34:56.355+0000] {processor.py:829} INFO - Processing file /home/airflow/.local/lib/python3.8/site-packages/airflow/example_dags/example_bash_operator.py for tasks to queue
[2023-11-14T21:34:56.358+0000] {logging_mixin.py:154} INFO - [2023-11-14T21:34:56.357+0000] {dagbag.py:536} INFO - Filling up the DagBag from /home/airflow/.local/lib/python3.8/site-packages/airflow/example_dags/example_bash_operator.py
[2023-11-14T21:34:56.372+0000] {processor.py:839} INFO - DAG(s) dict_keys(['example_bash_operator']) retrieved from /home/airflow/.local/lib/python3.8/site-packages/airflow/example_dags/example_bash_operator.py
[2023-11-14T21:34:56.409+0000] {logging_mixin.py:154} INFO - [2023-11-14T21:34:56.409+0000] {dag.py:2941} INFO - Sync 1 DAGs
[2023-11-14T21:34:56.437+0000] {logging_mixin.py:154} INFO - [2023-11-14T21:34:56.437+0000] {dag.py:3722} INFO - Setting next_dagrun for example_bash_operator to 2023-11-13T00:00:00+00:00, run_after=2023-11-14T00:00:00+00:00
[2023-11-14T21:34:56.459+0000] {processor.py:179} INFO - Processing /home/airflow/.local/lib/python3.8/site-packages/airflow/example_dags/example_bash_operator.py took 0.110 seconds
[2023-11-14T21:35:26.610+0000] {processor.py:157} INFO - Started process (PID=212) to work on /home/airflow/.local/lib/python3.8/site-packages/airflow/example_dags/example_bash_operator.py
[2023-11-14T21:35:26.611+0000] {processor.py:829} INFO - Processing file /home/airflow/.local/lib/python3.8/site-packages/airflow/example_dags/example_bash_operator.py for tasks to queue
[2023-11-14T21:35:26.614+0000] {logging_mixin.py:154} INFO - [2023-11-14T21:35:26.613+0000] {dagbag.py:536} INFO - Filling up the DagBag from /home/airflow/.local/lib/python3.8/site-packages/airflow/example_dags/example_bash_operator.py
[2023-11-14T21:35:26.629+0000] {processor.py:839} INFO - DAG(s) dict_keys(['example_bash_operator']) retrieved from /home/airflow/.local/lib/python3.8/site-packages/airflow/example_dags/example_bash_operator.py
[2023-11-14T21:35:26.665+0000] {logging_mixin.py:154} INFO - [2023-11-14T21:35:26.665+0000] {dag.py:2941} INFO - Sync 1 DAGs
[2023-11-14T21:35:26.695+0000] {logging_mixin.py:154} INFO - [2023-11-14T21:35:26.695+0000] {dag.py:3722} INFO - Setting next_dagrun for example_bash_operator to 2023-11-13T00:00:00+00:00, run_after=2023-11-14T00:00:00+00:00
[2023-11-14T21:35:26.719+0000] {processor.py:179} INFO - Processing /home/airflow/.local/lib/python3.8/site-packages/airflow/example_dags/example_bash_operator.py took 0.113 seconds
[2023-11-14T21:35:57.388+0000] {processor.py:157} INFO - Started process (PID=266) to work on /home/airflow/.local/lib/python3.8/site-packages/airflow/example_dags/example_bash_operator.py
[2023-11-14T21:35:57.390+0000] {processor.py:829} INFO - Processing file /home/airflow/.local/lib/python3.8/site-packages/airflow/example_dags/example_bash_operator.py for tasks to queue
[2023-11-14T21:35:57.393+0000] {logging_mixin.py:154} INFO - [2023-11-14T21:35:57.392+0000] {dagbag.py:536} INFO - Filling up the DagBag from /home/airflow/.local/lib/python3.8/site-packages/airflow/example_dags/example_bash_operator.py
[2023-11-14T21:35:57.408+0000] {processor.py:839} INFO - DAG(s) dict_keys(['example_bash_operator']) retrieved from /home/airflow/.local/lib/python3.8/site-packages/airflow/example_dags/example_bash_operator.py
[2023-11-14T21:35:57.447+0000] {logging_mixin.py:154} INFO - [2023-11-14T21:35:57.447+0000] {dag.py:2941} INFO - Sync 1 DAGs
[2023-11-14T21:35:57.478+0000] {logging_mixin.py:154} INFO - [2023-11-14T21:35:57.478+0000] {dag.py:3722} INFO - Setting next_dagrun for example_bash_operator to 2023-11-13T00:00:00+00:00, run_after=2023-11-14T00:00:00+00:00
[2023-11-14T21:35:57.503+0000] {processor.py:179} INFO - Processing /home/airflow/.local/lib/python3.8/site-packages/airflow/example_dags/example_bash_operator.py took 0.120 seconds
[2023-11-14T21:36:27.661+0000] {processor.py:157} INFO - Started process (PID=321) to work on /home/airflow/.local/lib/python3.8/site-packages/airflow/example_dags/example_bash_operator.py
[2023-11-14T21:36:27.662+0000] {processor.py:829} INFO - Processing file /home/airflow/.local/lib/python3.8/site-packages/airflow/example_dags/example_bash_operator.py for tasks to queue
[2023-11-14T21:36:27.666+0000] {logging_mixin.py:154} INFO - [2023-11-14T21:36:27.666+0000] {dagbag.py:536} INFO - Filling up the DagBag from /home/airflow/.local/lib/python3.8/site-packages/airflow/example_dags/example_bash_operator.py
[2023-11-14T21:36:27.686+0000] {processor.py:839} INFO - DAG(s) dict_keys(['example_bash_operator']) retrieved from /home/airflow/.local/lib/python3.8/site-packages/airflow/example_dags/example_bash_operator.py
[2023-11-14T21:36:27.733+0000] {logging_mixin.py:154} INFO - [2023-11-14T21:36:27.733+0000] {dag.py:2941} INFO - Sync 1 DAGs
[2023-11-14T21:36:27.766+0000] {logging_mixin.py:154} INFO - [2023-11-14T21:36:27.765+0000] {dag.py:3722} INFO - Setting next_dagrun for example_bash_operator to 2023-11-13T00:00:00+00:00, run_after=2023-11-14T00:00:00+00:00
[2023-11-14T21:36:27.790+0000] {processor.py:179} INFO - Processing /home/airflow/.local/lib/python3.8/site-packages/airflow/example_dags/example_bash_operator.py took 0.134 seconds
[2023-11-14T21:36:58.193+0000] {processor.py:157} INFO - Started process (PID=375) to work on /home/airflow/.local/lib/python3.8/site-packages/airflow/example_dags/example_bash_operator.py
[2023-11-14T21:36:58.194+0000] {processor.py:829} INFO - Processing file /home/airflow/.local/lib/python3.8/site-packages/airflow/example_dags/example_bash_operator.py for tasks to queue
[2023-11-14T21:36:58.196+0000] {logging_mixin.py:154} INFO - [2023-11-14T21:36:58.196+0000] {dagbag.py:536} INFO - Filling up the DagBag from /home/airflow/.local/lib/python3.8/site-packages/airflow/example_dags/example_bash_operator.py
[2023-11-14T21:36:58.210+0000] {processor.py:839} INFO - DAG(s) dict_keys(['example_bash_operator']) retrieved from /home/airflow/.local/lib/python3.8/site-packages/airflow/example_dags/example_bash_operator.py
[2023-11-14T21:36:58.248+0000] {logging_mixin.py:154} INFO - [2023-11-14T21:36:58.248+0000] {dag.py:2941} INFO - Sync 1 DAGs
[2023-11-14T21:36:58.278+0000] {logging_mixin.py:154} INFO - [2023-11-14T21:36:58.278+0000] {dag.py:3722} INFO - Setting next_dagrun for example_bash_operator to 2023-11-13T00:00:00+00:00, run_after=2023-11-14T00:00:00+00:00
[2023-11-14T21:36:58.303+0000] {processor.py:179} INFO - Processing /home/airflow/.local/lib/python3.8/site-packages/airflow/example_dags/example_bash_operator.py took 0.114 seconds
[2023-11-14T21:37:28.752+0000] {processor.py:157} INFO - Started process (PID=429) to work on /home/airflow/.local/lib/python3.8/site-packages/airflow/example_dags/example_bash_operator.py
[2023-11-14T21:37:28.754+0000] {processor.py:829} INFO - Processing file /home/airflow/.local/lib/python3.8/site-packages/airflow/example_dags/example_bash_operator.py for tasks to queue
[2023-11-14T21:37:28.756+0000] {logging_mixin.py:154} INFO - [2023-11-14T21:37:28.756+0000] {dagbag.py:536} INFO - Filling up the DagBag from /home/airflow/.local/lib/python3.8/site-packages/airflow/example_dags/example_bash_operator.py
[2023-11-14T21:37:28.770+0000] {processor.py:839} INFO - DAG(s) dict_keys(['example_bash_operator']) retrieved from /home/airflow/.local/lib/python3.8/site-packages/airflow/example_dags/example_bash_operator.py
[2023-11-14T21:37:28.806+0000] {logging_mixin.py:154} INFO - [2023-11-14T21:37:28.805+0000] {dag.py:2941} INFO - Sync 1 DAGs
[2023-11-14T21:37:28.834+0000] {logging_mixin.py:154} INFO - [2023-11-14T21:37:28.833+0000] {dag.py:3722} INFO - Setting next_dagrun for example_bash_operator to 2023-11-13T00:00:00+00:00, run_after=2023-11-14T00:00:00+00:00
[2023-11-14T21:37:28.863+0000] {processor.py:179} INFO - Processing /home/airflow/.local/lib/python3.8/site-packages/airflow/example_dags/example_bash_operator.py took 0.115 seconds
[2023-11-14T21:37:59.187+0000] {processor.py:157} INFO - Started process (PID=483) to work on /home/airflow/.local/lib/python3.8/site-packages/airflow/example_dags/example_bash_operator.py
[2023-11-14T21:37:59.190+0000] {processor.py:829} INFO - Processing file /home/airflow/.local/lib/python3.8/site-packages/airflow/example_dags/example_bash_operator.py for tasks to queue
[2023-11-14T21:37:59.193+0000] {logging_mixin.py:154} INFO - [2023-11-14T21:37:59.192+0000] {dagbag.py:536} INFO - Filling up the DagBag from /home/airflow/.local/lib/python3.8/site-packages/airflow/example_dags/example_bash_operator.py
[2023-11-14T21:37:59.213+0000] {processor.py:839} INFO - DAG(s) dict_keys(['example_bash_operator']) retrieved from /home/airflow/.local/lib/python3.8/site-packages/airflow/example_dags/example_bash_operator.py
[2023-11-14T21:37:59.258+0000] {logging_mixin.py:154} INFO - [2023-11-14T21:37:59.257+0000] {dag.py:2941} INFO - Sync 1 DAGs
[2023-11-14T21:37:59.294+0000] {logging_mixin.py:154} INFO - [2023-11-14T21:37:59.294+0000] {dag.py:3722} INFO - Setting next_dagrun for example_bash_operator to 2023-11-13T00:00:00+00:00, run_after=2023-11-14T00:00:00+00:00
[2023-11-14T21:37:59.325+0000] {processor.py:179} INFO - Processing /home/airflow/.local/lib/python3.8/site-packages/airflow/example_dags/example_bash_operator.py took 0.143 seconds
[2023-11-14T21:38:29.639+0000] {processor.py:157} INFO - Started process (PID=548) to work on /home/airflow/.local/lib/python3.8/site-packages/airflow/example_dags/example_bash_operator.py
[2023-11-14T21:38:29.641+0000] {processor.py:829} INFO - Processing file /home/airflow/.local/lib/python3.8/site-packages/airflow/example_dags/example_bash_operator.py for tasks to queue
[2023-11-14T21:38:29.643+0000] {logging_mixin.py:154} INFO - [2023-11-14T21:38:29.643+0000] {dagbag.py:536} INFO - Filling up the DagBag from /home/airflow/.local/lib/python3.8/site-packages/airflow/example_dags/example_bash_operator.py
[2023-11-14T21:38:29.659+0000] {processor.py:839} INFO - DAG(s) dict_keys(['example_bash_operator']) retrieved from /home/airflow/.local/lib/python3.8/site-packages/airflow/example_dags/example_bash_operator.py
[2023-11-14T21:38:29.697+0000] {logging_mixin.py:154} INFO - [2023-11-14T21:38:29.696+0000] {dag.py:2941} INFO - Sync 1 DAGs
[2023-11-14T21:38:29.729+0000] {logging_mixin.py:154} INFO - [2023-11-14T21:38:29.728+0000] {dag.py:3722} INFO - Setting next_dagrun for example_bash_operator to 2023-11-13T00:00:00+00:00, run_after=2023-11-14T00:00:00+00:00
[2023-11-14T21:38:29.780+0000] {processor.py:179} INFO - Processing /home/airflow/.local/lib/python3.8/site-packages/airflow/example_dags/example_bash_operator.py took 0.145 seconds
[2023-11-14T21:38:59.884+0000] {processor.py:157} INFO - Started process (PID=602) to work on /home/airflow/.local/lib/python3.8/site-packages/airflow/example_dags/example_bash_operator.py
[2023-11-14T21:38:59.885+0000] {processor.py:829} INFO - Processing file /home/airflow/.local/lib/python3.8/site-packages/airflow/example_dags/example_bash_operator.py for tasks to queue
[2023-11-14T21:38:59.888+0000] {logging_mixin.py:154} INFO - [2023-11-14T21:38:59.887+0000] {dagbag.py:536} INFO - Filling up the DagBag from /home/airflow/.local/lib/python3.8/site-packages/airflow/example_dags/example_bash_operator.py
[2023-11-14T21:38:59.904+0000] {processor.py:839} INFO - DAG(s) dict_keys(['example_bash_operator']) retrieved from /home/airflow/.local/lib/python3.8/site-packages/airflow/example_dags/example_bash_operator.py
[2023-11-14T21:38:59.945+0000] {logging_mixin.py:154} INFO - [2023-11-14T21:38:59.945+0000] {dag.py:2941} INFO - Sync 1 DAGs
[2023-11-14T21:38:59.977+0000] {logging_mixin.py:154} INFO - [2023-11-14T21:38:59.977+0000] {dag.py:3722} INFO - Setting next_dagrun for example_bash_operator to 2023-11-13T00:00:00+00:00, run_after=2023-11-14T00:00:00+00:00
[2023-11-14T21:39:00.002+0000] {processor.py:179} INFO - Processing /home/airflow/.local/lib/python3.8/site-packages/airflow/example_dags/example_bash_operator.py took 0.122 seconds
[2023-11-14T21:39:30.429+0000] {processor.py:157} INFO - Started process (PID=656) to work on /home/airflow/.local/lib/python3.8/site-packages/airflow/example_dags/example_bash_operator.py
[2023-11-14T21:39:30.430+0000] {processor.py:829} INFO - Processing file /home/airflow/.local/lib/python3.8/site-packages/airflow/example_dags/example_bash_operator.py for tasks to queue
[2023-11-14T21:39:30.434+0000] {logging_mixin.py:154} INFO - [2023-11-14T21:39:30.434+0000] {dagbag.py:536} INFO - Filling up the DagBag from /home/airflow/.local/lib/python3.8/site-packages/airflow/example_dags/example_bash_operator.py
[2023-11-14T21:39:30.456+0000] {processor.py:839} INFO - DAG(s) dict_keys(['example_bash_operator']) retrieved from /home/airflow/.local/lib/python3.8/site-packages/airflow/example_dags/example_bash_operator.py
[2023-11-14T21:39:30.502+0000] {logging_mixin.py:154} INFO - [2023-11-14T21:39:30.501+0000] {dag.py:2941} INFO - Sync 1 DAGs
[2023-11-14T21:39:30.542+0000] {logging_mixin.py:154} INFO - [2023-11-14T21:39:30.542+0000] {dag.py:3722} INFO - Setting next_dagrun for example_bash_operator to 2023-11-13T00:00:00+00:00, run_after=2023-11-14T00:00:00+00:00
[2023-11-14T21:39:30.580+0000] {processor.py:179} INFO - Processing /home/airflow/.local/lib/python3.8/site-packages/airflow/example_dags/example_bash_operator.py took 0.158 seconds
[2023-11-14T21:40:00.874+0000] {processor.py:157} INFO - Started process (PID=711) to work on /home/airflow/.local/lib/python3.8/site-packages/airflow/example_dags/example_bash_operator.py
[2023-11-14T21:40:00.875+0000] {processor.py:829} INFO - Processing file /home/airflow/.local/lib/python3.8/site-packages/airflow/example_dags/example_bash_operator.py for tasks to queue
[2023-11-14T21:40:00.878+0000] {logging_mixin.py:154} INFO - [2023-11-14T21:40:00.878+0000] {dagbag.py:536} INFO - Filling up the DagBag from /home/airflow/.local/lib/python3.8/site-packages/airflow/example_dags/example_bash_operator.py
[2023-11-14T21:40:00.899+0000] {processor.py:839} INFO - DAG(s) dict_keys(['example_bash_operator']) retrieved from /home/airflow/.local/lib/python3.8/site-packages/airflow/example_dags/example_bash_operator.py
[2023-11-14T21:40:00.944+0000] {logging_mixin.py:154} INFO - [2023-11-14T21:40:00.944+0000] {dag.py:2941} INFO - Sync 1 DAGs
[2023-11-14T21:40:00.978+0000] {logging_mixin.py:154} INFO - [2023-11-14T21:40:00.977+0000] {dag.py:3722} INFO - Setting next_dagrun for example_bash_operator to 2023-11-13T00:00:00+00:00, run_after=2023-11-14T00:00:00+00:00
[2023-11-14T21:40:01.026+0000] {processor.py:179} INFO - Processing /home/airflow/.local/lib/python3.8/site-packages/airflow/example_dags/example_bash_operator.py took 0.156 seconds
[2023-11-14T21:40:31.440+0000] {processor.py:157} INFO - Started process (PID=766) to work on /home/airflow/.local/lib/python3.8/site-packages/airflow/example_dags/example_bash_operator.py
[2023-11-14T21:40:31.441+0000] {processor.py:829} INFO - Processing file /home/airflow/.local/lib/python3.8/site-packages/airflow/example_dags/example_bash_operator.py for tasks to queue
[2023-11-14T21:40:31.444+0000] {logging_mixin.py:154} INFO - [2023-11-14T21:40:31.444+0000] {dagbag.py:536} INFO - Filling up the DagBag from /home/airflow/.local/lib/python3.8/site-packages/airflow/example_dags/example_bash_operator.py
[2023-11-14T21:40:31.458+0000] {processor.py:839} INFO - DAG(s) dict_keys(['example_bash_operator']) retrieved from /home/airflow/.local/lib/python3.8/site-packages/airflow/example_dags/example_bash_operator.py
[2023-11-14T21:40:31.498+0000] {logging_mixin.py:154} INFO - [2023-11-14T21:40:31.498+0000] {dag.py:2941} INFO - Sync 1 DAGs
[2023-11-14T21:40:31.530+0000] {logging_mixin.py:154} INFO - [2023-11-14T21:40:31.530+0000] {dag.py:3722} INFO - Setting next_dagrun for example_bash_operator to 2023-11-13T00:00:00+00:00, run_after=2023-11-14T00:00:00+00:00
[2023-11-14T21:40:31.556+0000] {processor.py:179} INFO - Processing /home/airflow/.local/lib/python3.8/site-packages/airflow/example_dags/example_bash_operator.py took 0.120 seconds
[2023-11-14T21:41:01.851+0000] {processor.py:157} INFO - Started process (PID=821) to work on /home/airflow/.local/lib/python3.8/site-packages/airflow/example_dags/example_bash_operator.py
[2023-11-14T21:41:01.852+0000] {processor.py:829} INFO - Processing file /home/airflow/.local/lib/python3.8/site-packages/airflow/example_dags/example_bash_operator.py for tasks to queue
[2023-11-14T21:41:01.856+0000] {logging_mixin.py:154} INFO - [2023-11-14T21:41:01.856+0000] {dagbag.py:536} INFO - Filling up the DagBag from /home/airflow/.local/lib/python3.8/site-packages/airflow/example_dags/example_bash_operator.py
[2023-11-14T21:41:01.876+0000] {processor.py:839} INFO - DAG(s) dict_keys(['example_bash_operator']) retrieved from /home/airflow/.local/lib/python3.8/site-packages/airflow/example_dags/example_bash_operator.py
[2023-11-14T21:41:01.924+0000] {logging_mixin.py:154} INFO - [2023-11-14T21:41:01.924+0000] {dag.py:2941} INFO - Sync 1 DAGs
[2023-11-14T21:41:01.963+0000] {logging_mixin.py:154} INFO - [2023-11-14T21:41:01.963+0000] {dag.py:3722} INFO - Setting next_dagrun for example_bash_operator to 2023-11-13T00:00:00+00:00, run_after=2023-11-14T00:00:00+00:00
[2023-11-14T21:41:02.009+0000] {processor.py:179} INFO - Processing /home/airflow/.local/lib/python3.8/site-packages/airflow/example_dags/example_bash_operator.py took 0.162 seconds
[2023-11-14T21:41:33.114+0000] {processor.py:157} INFO - Started process (PID=875) to work on /home/airflow/.local/lib/python3.8/site-packages/airflow/example_dags/example_bash_operator.py
[2023-11-14T21:41:33.116+0000] {processor.py:829} INFO - Processing file /home/airflow/.local/lib/python3.8/site-packages/airflow/example_dags/example_bash_operator.py for tasks to queue
[2023-11-14T21:41:33.120+0000] {logging_mixin.py:154} INFO - [2023-11-14T21:41:33.119+0000] {dagbag.py:536} INFO - Filling up the DagBag from /home/airflow/.local/lib/python3.8/site-packages/airflow/example_dags/example_bash_operator.py
[2023-11-14T21:41:33.146+0000] {processor.py:839} INFO - DAG(s) dict_keys(['example_bash_operator']) retrieved from /home/airflow/.local/lib/python3.8/site-packages/airflow/example_dags/example_bash_operator.py
[2023-11-14T21:41:33.212+0000] {logging_mixin.py:154} INFO - [2023-11-14T21:41:33.212+0000] {dag.py:2941} INFO - Sync 1 DAGs
[2023-11-14T21:41:33.262+0000] {logging_mixin.py:154} INFO - [2023-11-14T21:41:33.261+0000] {dag.py:3722} INFO - Setting next_dagrun for example_bash_operator to 2023-11-13T00:00:00+00:00, run_after=2023-11-14T00:00:00+00:00
[2023-11-14T21:41:33.290+0000] {processor.py:179} INFO - Processing /home/airflow/.local/lib/python3.8/site-packages/airflow/example_dags/example_bash_operator.py took 0.185 seconds
[2023-11-14T21:42:03.546+0000] {processor.py:157} INFO - Started process (PID=929) to work on /home/airflow/.local/lib/python3.8/site-packages/airflow/example_dags/example_bash_operator.py
[2023-11-14T21:42:03.547+0000] {processor.py:829} INFO - Processing file /home/airflow/.local/lib/python3.8/site-packages/airflow/example_dags/example_bash_operator.py for tasks to queue
[2023-11-14T21:42:03.549+0000] {logging_mixin.py:154} INFO - [2023-11-14T21:42:03.549+0000] {dagbag.py:536} INFO - Filling up the DagBag from /home/airflow/.local/lib/python3.8/site-packages/airflow/example_dags/example_bash_operator.py
[2023-11-14T21:42:03.565+0000] {processor.py:839} INFO - DAG(s) dict_keys(['example_bash_operator']) retrieved from /home/airflow/.local/lib/python3.8/site-packages/airflow/example_dags/example_bash_operator.py
[2023-11-14T21:42:03.611+0000] {logging_mixin.py:154} INFO - [2023-11-14T21:42:03.610+0000] {dag.py:2941} INFO - Sync 1 DAGs
[2023-11-14T21:42:03.646+0000] {logging_mixin.py:154} INFO - [2023-11-14T21:42:03.646+0000] {dag.py:3722} INFO - Setting next_dagrun for example_bash_operator to 2023-11-13T00:00:00+00:00, run_after=2023-11-14T00:00:00+00:00
[2023-11-14T21:42:03.675+0000] {processor.py:179} INFO - Processing /home/airflow/.local/lib/python3.8/site-packages/airflow/example_dags/example_bash_operator.py took 0.133 seconds
[2023-11-14T21:42:33.749+0000] {processor.py:157} INFO - Started process (PID=982) to work on /home/airflow/.local/lib/python3.8/site-packages/airflow/example_dags/example_bash_operator.py
[2023-11-14T21:42:33.750+0000] {processor.py:829} INFO - Processing file /home/airflow/.local/lib/python3.8/site-packages/airflow/example_dags/example_bash_operator.py for tasks to queue
[2023-11-14T21:42:33.753+0000] {logging_mixin.py:154} INFO - [2023-11-14T21:42:33.753+0000] {dagbag.py:536} INFO - Filling up the DagBag from /home/airflow/.local/lib/python3.8/site-packages/airflow/example_dags/example_bash_operator.py
[2023-11-14T21:42:33.767+0000] {processor.py:839} INFO - DAG(s) dict_keys(['example_bash_operator']) retrieved from /home/airflow/.local/lib/python3.8/site-packages/airflow/example_dags/example_bash_operator.py
[2023-11-14T21:42:33.804+0000] {logging_mixin.py:154} INFO - [2023-11-14T21:42:33.803+0000] {dag.py:2941} INFO - Sync 1 DAGs
[2023-11-14T21:42:33.832+0000] {logging_mixin.py:154} INFO - [2023-11-14T21:42:33.832+0000] {dag.py:3722} INFO - Setting next_dagrun for example_bash_operator to 2023-11-13T00:00:00+00:00, run_after=2023-11-14T00:00:00+00:00
[2023-11-14T21:42:33.855+0000] {processor.py:179} INFO - Processing /home/airflow/.local/lib/python3.8/site-packages/airflow/example_dags/example_bash_operator.py took 0.110 seconds
[2023-11-14T21:43:04.023+0000] {processor.py:157} INFO - Started process (PID=1037) to work on /home/airflow/.local/lib/python3.8/site-packages/airflow/example_dags/example_bash_operator.py
[2023-11-14T21:43:04.024+0000] {processor.py:829} INFO - Processing file /home/airflow/.local/lib/python3.8/site-packages/airflow/example_dags/example_bash_operator.py for tasks to queue
[2023-11-14T21:43:04.026+0000] {logging_mixin.py:154} INFO - [2023-11-14T21:43:04.026+0000] {dagbag.py:536} INFO - Filling up the DagBag from /home/airflow/.local/lib/python3.8/site-packages/airflow/example_dags/example_bash_operator.py
[2023-11-14T21:43:04.040+0000] {processor.py:839} INFO - DAG(s) dict_keys(['example_bash_operator']) retrieved from /home/airflow/.local/lib/python3.8/site-packages/airflow/example_dags/example_bash_operator.py
[2023-11-14T21:43:04.076+0000] {logging_mixin.py:154} INFO - [2023-11-14T21:43:04.076+0000] {dag.py:2941} INFO - Sync 1 DAGs
[2023-11-14T21:43:04.106+0000] {logging_mixin.py:154} INFO - [2023-11-14T21:43:04.106+0000] {dag.py:3722} INFO - Setting next_dagrun for example_bash_operator to 2023-11-13T00:00:00+00:00, run_after=2023-11-14T00:00:00+00:00
[2023-11-14T21:43:04.130+0000] {processor.py:179} INFO - Processing /home/airflow/.local/lib/python3.8/site-packages/airflow/example_dags/example_bash_operator.py took 0.112 seconds
[2023-11-14T21:43:34.508+0000] {processor.py:157} INFO - Started process (PID=1091) to work on /home/airflow/.local/lib/python3.8/site-packages/airflow/example_dags/example_bash_operator.py
[2023-11-14T21:43:34.510+0000] {processor.py:829} INFO - Processing file /home/airflow/.local/lib/python3.8/site-packages/airflow/example_dags/example_bash_operator.py for tasks to queue
[2023-11-14T21:43:34.514+0000] {logging_mixin.py:154} INFO - [2023-11-14T21:43:34.514+0000] {dagbag.py:536} INFO - Filling up the DagBag from /home/airflow/.local/lib/python3.8/site-packages/airflow/example_dags/example_bash_operator.py
[2023-11-14T21:43:34.538+0000] {processor.py:839} INFO - DAG(s) dict_keys(['example_bash_operator']) retrieved from /home/airflow/.local/lib/python3.8/site-packages/airflow/example_dags/example_bash_operator.py
[2023-11-14T21:43:34.585+0000] {logging_mixin.py:154} INFO - [2023-11-14T21:43:34.584+0000] {dag.py:2941} INFO - Sync 1 DAGs
[2023-11-14T21:43:34.622+0000] {logging_mixin.py:154} INFO - [2023-11-14T21:43:34.622+0000] {dag.py:3722} INFO - Setting next_dagrun for example_bash_operator to 2023-11-13T00:00:00+00:00, run_after=2023-11-14T00:00:00+00:00
[2023-11-14T21:43:34.801+0000] {processor.py:179} INFO - Processing /home/airflow/.local/lib/python3.8/site-packages/airflow/example_dags/example_bash_operator.py took 0.300 seconds
[2023-11-14T21:44:04.905+0000] {processor.py:157} INFO - Started process (PID=1146) to work on /home/airflow/.local/lib/python3.8/site-packages/airflow/example_dags/example_bash_operator.py
[2023-11-14T21:44:04.906+0000] {processor.py:829} INFO - Processing file /home/airflow/.local/lib/python3.8/site-packages/airflow/example_dags/example_bash_operator.py for tasks to queue
[2023-11-14T21:44:04.909+0000] {logging_mixin.py:154} INFO - [2023-11-14T21:44:04.908+0000] {dagbag.py:536} INFO - Filling up the DagBag from /home/airflow/.local/lib/python3.8/site-packages/airflow/example_dags/example_bash_operator.py
[2023-11-14T21:44:04.926+0000] {processor.py:839} INFO - DAG(s) dict_keys(['example_bash_operator']) retrieved from /home/airflow/.local/lib/python3.8/site-packages/airflow/example_dags/example_bash_operator.py
[2023-11-14T21:44:04.970+0000] {logging_mixin.py:154} INFO - [2023-11-14T21:44:04.969+0000] {dag.py:2941} INFO - Sync 1 DAGs
[2023-11-14T21:44:05.004+0000] {logging_mixin.py:154} INFO - [2023-11-14T21:44:05.004+0000] {dag.py:3722} INFO - Setting next_dagrun for example_bash_operator to 2023-11-13T00:00:00+00:00, run_after=2023-11-14T00:00:00+00:00
[2023-11-14T21:44:05.031+0000] {processor.py:179} INFO - Processing /home/airflow/.local/lib/python3.8/site-packages/airflow/example_dags/example_bash_operator.py took 0.130 seconds
[2023-11-14T21:44:35.695+0000] {processor.py:157} INFO - Started process (PID=1201) to work on /home/airflow/.local/lib/python3.8/site-packages/airflow/example_dags/example_bash_operator.py
[2023-11-14T21:44:35.696+0000] {processor.py:829} INFO - Processing file /home/airflow/.local/lib/python3.8/site-packages/airflow/example_dags/example_bash_operator.py for tasks to queue
[2023-11-14T21:44:35.699+0000] {logging_mixin.py:154} INFO - [2023-11-14T21:44:35.698+0000] {dagbag.py:536} INFO - Filling up the DagBag from /home/airflow/.local/lib/python3.8/site-packages/airflow/example_dags/example_bash_operator.py
[2023-11-14T21:44:35.717+0000] {processor.py:839} INFO - DAG(s) dict_keys(['example_bash_operator']) retrieved from /home/airflow/.local/lib/python3.8/site-packages/airflow/example_dags/example_bash_operator.py
[2023-11-14T21:44:35.762+0000] {logging_mixin.py:154} INFO - [2023-11-14T21:44:35.761+0000] {dag.py:2941} INFO - Sync 1 DAGs
[2023-11-14T21:44:35.795+0000] {logging_mixin.py:154} INFO - [2023-11-14T21:44:35.795+0000] {dag.py:3722} INFO - Setting next_dagrun for example_bash_operator to 2023-11-13T00:00:00+00:00, run_after=2023-11-14T00:00:00+00:00
[2023-11-14T21:44:35.828+0000] {processor.py:179} INFO - Processing /home/airflow/.local/lib/python3.8/site-packages/airflow/example_dags/example_bash_operator.py took 0.138 seconds
[2023-11-14T21:45:07.450+0000] {processor.py:157} INFO - Started process (PID=1262) to work on /home/airflow/.local/lib/python3.8/site-packages/airflow/example_dags/example_bash_operator.py
[2023-11-14T21:45:07.451+0000] {processor.py:829} INFO - Processing file /home/airflow/.local/lib/python3.8/site-packages/airflow/example_dags/example_bash_operator.py for tasks to queue
[2023-11-14T21:45:07.454+0000] {logging_mixin.py:154} INFO - [2023-11-14T21:45:07.453+0000] {dagbag.py:536} INFO - Filling up the DagBag from /home/airflow/.local/lib/python3.8/site-packages/airflow/example_dags/example_bash_operator.py
[2023-11-14T21:45:07.468+0000] {processor.py:839} INFO - DAG(s) dict_keys(['example_bash_operator']) retrieved from /home/airflow/.local/lib/python3.8/site-packages/airflow/example_dags/example_bash_operator.py
[2023-11-14T21:45:07.505+0000] {logging_mixin.py:154} INFO - [2023-11-14T21:45:07.505+0000] {dag.py:2941} INFO - Sync 1 DAGs
[2023-11-14T21:45:07.689+0000] {logging_mixin.py:154} INFO - [2023-11-14T21:45:07.689+0000] {dag.py:3722} INFO - Setting next_dagrun for example_bash_operator to 2023-11-13T00:00:00+00:00, run_after=2023-11-14T00:00:00+00:00
[2023-11-14T21:45:07.715+0000] {processor.py:179} INFO - Processing /home/airflow/.local/lib/python3.8/site-packages/airflow/example_dags/example_bash_operator.py took 0.269 seconds
[2023-11-14T21:45:37.978+0000] {processor.py:157} INFO - Started process (PID=1316) to work on /home/airflow/.local/lib/python3.8/site-packages/airflow/example_dags/example_bash_operator.py
[2023-11-14T21:45:37.979+0000] {processor.py:829} INFO - Processing file /home/airflow/.local/lib/python3.8/site-packages/airflow/example_dags/example_bash_operator.py for tasks to queue
[2023-11-14T21:45:37.982+0000] {logging_mixin.py:154} INFO - [2023-11-14T21:45:37.981+0000] {dagbag.py:536} INFO - Filling up the DagBag from /home/airflow/.local/lib/python3.8/site-packages/airflow/example_dags/example_bash_operator.py
[2023-11-14T21:45:37.997+0000] {processor.py:839} INFO - DAG(s) dict_keys(['example_bash_operator']) retrieved from /home/airflow/.local/lib/python3.8/site-packages/airflow/example_dags/example_bash_operator.py
[2023-11-14T21:45:38.034+0000] {logging_mixin.py:154} INFO - [2023-11-14T21:45:38.034+0000] {dag.py:2941} INFO - Sync 1 DAGs
[2023-11-14T21:45:38.064+0000] {logging_mixin.py:154} INFO - [2023-11-14T21:45:38.064+0000] {dag.py:3722} INFO - Setting next_dagrun for example_bash_operator to 2023-11-13T00:00:00+00:00, run_after=2023-11-14T00:00:00+00:00
[2023-11-14T21:45:38.088+0000] {processor.py:179} INFO - Processing /home/airflow/.local/lib/python3.8/site-packages/airflow/example_dags/example_bash_operator.py took 0.114 seconds
[2023-11-14T21:46:08.208+0000] {processor.py:157} INFO - Started process (PID=1370) to work on /home/airflow/.local/lib/python3.8/site-packages/airflow/example_dags/example_bash_operator.py
[2023-11-14T21:46:08.209+0000] {processor.py:829} INFO - Processing file /home/airflow/.local/lib/python3.8/site-packages/airflow/example_dags/example_bash_operator.py for tasks to queue
[2023-11-14T21:46:08.212+0000] {logging_mixin.py:154} INFO - [2023-11-14T21:46:08.212+0000] {dagbag.py:536} INFO - Filling up the DagBag from /home/airflow/.local/lib/python3.8/site-packages/airflow/example_dags/example_bash_operator.py
[2023-11-14T21:46:08.228+0000] {processor.py:839} INFO - DAG(s) dict_keys(['example_bash_operator']) retrieved from /home/airflow/.local/lib/python3.8/site-packages/airflow/example_dags/example_bash_operator.py
[2023-11-14T21:46:08.266+0000] {logging_mixin.py:154} INFO - [2023-11-14T21:46:08.266+0000] {dag.py:2941} INFO - Sync 1 DAGs
[2023-11-14T21:46:08.294+0000] {logging_mixin.py:154} INFO - [2023-11-14T21:46:08.294+0000] {dag.py:3722} INFO - Setting next_dagrun for example_bash_operator to 2023-11-13T00:00:00+00:00, run_after=2023-11-14T00:00:00+00:00
[2023-11-14T21:46:08.316+0000] {processor.py:179} INFO - Processing /home/airflow/.local/lib/python3.8/site-packages/airflow/example_dags/example_bash_operator.py took 0.114 seconds
[2023-11-14T21:46:39.162+0000] {processor.py:157} INFO - Started process (PID=1423) to work on /home/airflow/.local/lib/python3.8/site-packages/airflow/example_dags/example_bash_operator.py
[2023-11-14T21:46:39.163+0000] {processor.py:829} INFO - Processing file /home/airflow/.local/lib/python3.8/site-packages/airflow/example_dags/example_bash_operator.py for tasks to queue
[2023-11-14T21:46:39.166+0000] {logging_mixin.py:154} INFO - [2023-11-14T21:46:39.166+0000] {dagbag.py:536} INFO - Filling up the DagBag from /home/airflow/.local/lib/python3.8/site-packages/airflow/example_dags/example_bash_operator.py
[2023-11-14T21:46:39.180+0000] {processor.py:839} INFO - DAG(s) dict_keys(['example_bash_operator']) retrieved from /home/airflow/.local/lib/python3.8/site-packages/airflow/example_dags/example_bash_operator.py
[2023-11-14T21:46:39.218+0000] {logging_mixin.py:154} INFO - [2023-11-14T21:46:39.218+0000] {dag.py:2941} INFO - Sync 1 DAGs
[2023-11-14T21:46:39.403+0000] {logging_mixin.py:154} INFO - [2023-11-14T21:46:39.403+0000] {dag.py:3722} INFO - Setting next_dagrun for example_bash_operator to 2023-11-13T00:00:00+00:00, run_after=2023-11-14T00:00:00+00:00
[2023-11-14T21:46:39.443+0000] {processor.py:179} INFO - Processing /home/airflow/.local/lib/python3.8/site-packages/airflow/example_dags/example_bash_operator.py took 0.286 seconds
[2023-11-14T21:47:09.928+0000] {processor.py:157} INFO - Started process (PID=1477) to work on /home/airflow/.local/lib/python3.8/site-packages/airflow/example_dags/example_bash_operator.py
[2023-11-14T21:47:09.929+0000] {processor.py:829} INFO - Processing file /home/airflow/.local/lib/python3.8/site-packages/airflow/example_dags/example_bash_operator.py for tasks to queue
[2023-11-14T21:47:09.932+0000] {logging_mixin.py:154} INFO - [2023-11-14T21:47:09.932+0000] {dagbag.py:536} INFO - Filling up the DagBag from /home/airflow/.local/lib/python3.8/site-packages/airflow/example_dags/example_bash_operator.py
[2023-11-14T21:47:09.949+0000] {processor.py:839} INFO - DAG(s) dict_keys(['example_bash_operator']) retrieved from /home/airflow/.local/lib/python3.8/site-packages/airflow/example_dags/example_bash_operator.py
[2023-11-14T21:47:09.985+0000] {logging_mixin.py:154} INFO - [2023-11-14T21:47:09.984+0000] {dag.py:2941} INFO - Sync 1 DAGs
[2023-11-14T21:47:10.014+0000] {logging_mixin.py:154} INFO - [2023-11-14T21:47:10.014+0000] {dag.py:3722} INFO - Setting next_dagrun for example_bash_operator to 2023-11-13T00:00:00+00:00, run_after=2023-11-14T00:00:00+00:00
[2023-11-14T21:47:10.052+0000] {processor.py:179} INFO - Processing /home/airflow/.local/lib/python3.8/site-packages/airflow/example_dags/example_bash_operator.py took 0.128 seconds
[2023-11-14T21:47:40.740+0000] {processor.py:157} INFO - Started process (PID=1531) to work on /home/airflow/.local/lib/python3.8/site-packages/airflow/example_dags/example_bash_operator.py
[2023-11-14T21:47:40.742+0000] {processor.py:829} INFO - Processing file /home/airflow/.local/lib/python3.8/site-packages/airflow/example_dags/example_bash_operator.py for tasks to queue
[2023-11-14T21:47:40.744+0000] {logging_mixin.py:154} INFO - [2023-11-14T21:47:40.744+0000] {dagbag.py:536} INFO - Filling up the DagBag from /home/airflow/.local/lib/python3.8/site-packages/airflow/example_dags/example_bash_operator.py
[2023-11-14T21:47:40.759+0000] {processor.py:839} INFO - DAG(s) dict_keys(['example_bash_operator']) retrieved from /home/airflow/.local/lib/python3.8/site-packages/airflow/example_dags/example_bash_operator.py
[2023-11-14T21:47:40.994+0000] {logging_mixin.py:154} INFO - [2023-11-14T21:47:40.994+0000] {dag.py:2941} INFO - Sync 1 DAGs
[2023-11-14T21:47:41.040+0000] {logging_mixin.py:154} INFO - [2023-11-14T21:47:41.040+0000] {dag.py:3722} INFO - Setting next_dagrun for example_bash_operator to 2023-11-13T00:00:00+00:00, run_after=2023-11-14T00:00:00+00:00
[2023-11-14T21:47:41.096+0000] {processor.py:179} INFO - Processing /home/airflow/.local/lib/python3.8/site-packages/airflow/example_dags/example_bash_operator.py took 0.360 seconds
[2023-11-14T21:48:11.304+0000] {processor.py:157} INFO - Started process (PID=1586) to work on /home/airflow/.local/lib/python3.8/site-packages/airflow/example_dags/example_bash_operator.py
[2023-11-14T21:48:11.305+0000] {processor.py:829} INFO - Processing file /home/airflow/.local/lib/python3.8/site-packages/airflow/example_dags/example_bash_operator.py for tasks to queue
[2023-11-14T21:48:11.308+0000] {logging_mixin.py:154} INFO - [2023-11-14T21:48:11.307+0000] {dagbag.py:536} INFO - Filling up the DagBag from /home/airflow/.local/lib/python3.8/site-packages/airflow/example_dags/example_bash_operator.py
[2023-11-14T21:48:11.325+0000] {processor.py:839} INFO - DAG(s) dict_keys(['example_bash_operator']) retrieved from /home/airflow/.local/lib/python3.8/site-packages/airflow/example_dags/example_bash_operator.py
[2023-11-14T21:48:11.369+0000] {logging_mixin.py:154} INFO - [2023-11-14T21:48:11.369+0000] {dag.py:2941} INFO - Sync 1 DAGs
[2023-11-14T21:48:11.568+0000] {logging_mixin.py:154} INFO - [2023-11-14T21:48:11.568+0000] {dag.py:3722} INFO - Setting next_dagrun for example_bash_operator to 2023-11-13T00:00:00+00:00, run_after=2023-11-14T00:00:00+00:00
[2023-11-14T21:48:11.614+0000] {processor.py:179} INFO - Processing /home/airflow/.local/lib/python3.8/site-packages/airflow/example_dags/example_bash_operator.py took 0.316 seconds
[2023-11-14T21:48:42.486+0000] {processor.py:157} INFO - Started process (PID=1640) to work on /home/airflow/.local/lib/python3.8/site-packages/airflow/example_dags/example_bash_operator.py
[2023-11-14T21:48:42.488+0000] {processor.py:829} INFO - Processing file /home/airflow/.local/lib/python3.8/site-packages/airflow/example_dags/example_bash_operator.py for tasks to queue
[2023-11-14T21:48:42.490+0000] {logging_mixin.py:154} INFO - [2023-11-14T21:48:42.490+0000] {dagbag.py:536} INFO - Filling up the DagBag from /home/airflow/.local/lib/python3.8/site-packages/airflow/example_dags/example_bash_operator.py
[2023-11-14T21:48:42.505+0000] {processor.py:839} INFO - DAG(s) dict_keys(['example_bash_operator']) retrieved from /home/airflow/.local/lib/python3.8/site-packages/airflow/example_dags/example_bash_operator.py
[2023-11-14T21:48:42.543+0000] {logging_mixin.py:154} INFO - [2023-11-14T21:48:42.543+0000] {dag.py:2941} INFO - Sync 1 DAGs
[2023-11-14T21:48:42.571+0000] {logging_mixin.py:154} INFO - [2023-11-14T21:48:42.571+0000] {dag.py:3722} INFO - Setting next_dagrun for example_bash_operator to 2023-11-13T00:00:00+00:00, run_after=2023-11-14T00:00:00+00:00
[2023-11-14T21:48:42.608+0000] {processor.py:179} INFO - Processing /home/airflow/.local/lib/python3.8/site-packages/airflow/example_dags/example_bash_operator.py took 0.128 seconds
[2023-11-14T21:49:13.059+0000] {processor.py:157} INFO - Started process (PID=1694) to work on /home/airflow/.local/lib/python3.8/site-packages/airflow/example_dags/example_bash_operator.py
[2023-11-14T21:49:13.061+0000] {processor.py:829} INFO - Processing file /home/airflow/.local/lib/python3.8/site-packages/airflow/example_dags/example_bash_operator.py for tasks to queue
[2023-11-14T21:49:13.066+0000] {logging_mixin.py:154} INFO - [2023-11-14T21:49:13.065+0000] {dagbag.py:536} INFO - Filling up the DagBag from /home/airflow/.local/lib/python3.8/site-packages/airflow/example_dags/example_bash_operator.py
[2023-11-14T21:49:13.085+0000] {processor.py:839} INFO - DAG(s) dict_keys(['example_bash_operator']) retrieved from /home/airflow/.local/lib/python3.8/site-packages/airflow/example_dags/example_bash_operator.py
[2023-11-14T21:49:13.122+0000] {logging_mixin.py:154} INFO - [2023-11-14T21:49:13.122+0000] {dag.py:2941} INFO - Sync 1 DAGs
[2023-11-14T21:49:13.295+0000] {logging_mixin.py:154} INFO - [2023-11-14T21:49:13.295+0000] {dag.py:3722} INFO - Setting next_dagrun for example_bash_operator to 2023-11-13T00:00:00+00:00, run_after=2023-11-14T00:00:00+00:00
[2023-11-14T21:49:13.318+0000] {processor.py:179} INFO - Processing /home/airflow/.local/lib/python3.8/site-packages/airflow/example_dags/example_bash_operator.py took 0.269 seconds
[2023-11-14T21:49:43.423+0000] {processor.py:157} INFO - Started process (PID=1748) to work on /home/airflow/.local/lib/python3.8/site-packages/airflow/example_dags/example_bash_operator.py
[2023-11-14T21:49:43.425+0000] {processor.py:829} INFO - Processing file /home/airflow/.local/lib/python3.8/site-packages/airflow/example_dags/example_bash_operator.py for tasks to queue
[2023-11-14T21:49:43.427+0000] {logging_mixin.py:154} INFO - [2023-11-14T21:49:43.427+0000] {dagbag.py:536} INFO - Filling up the DagBag from /home/airflow/.local/lib/python3.8/site-packages/airflow/example_dags/example_bash_operator.py
[2023-11-14T21:49:43.442+0000] {processor.py:839} INFO - DAG(s) dict_keys(['example_bash_operator']) retrieved from /home/airflow/.local/lib/python3.8/site-packages/airflow/example_dags/example_bash_operator.py
[2023-11-14T21:49:43.484+0000] {logging_mixin.py:154} INFO - [2023-11-14T21:49:43.484+0000] {dag.py:2941} INFO - Sync 1 DAGs
[2023-11-14T21:49:43.521+0000] {logging_mixin.py:154} INFO - [2023-11-14T21:49:43.521+0000] {dag.py:3722} INFO - Setting next_dagrun for example_bash_operator to 2023-11-13T00:00:00+00:00, run_after=2023-11-14T00:00:00+00:00
[2023-11-14T21:49:43.576+0000] {processor.py:179} INFO - Processing /home/airflow/.local/lib/python3.8/site-packages/airflow/example_dags/example_bash_operator.py took 0.156 seconds
[2023-11-14T21:50:14.150+0000] {processor.py:157} INFO - Started process (PID=1802) to work on /home/airflow/.local/lib/python3.8/site-packages/airflow/example_dags/example_bash_operator.py
[2023-11-14T21:50:14.151+0000] {processor.py:829} INFO - Processing file /home/airflow/.local/lib/python3.8/site-packages/airflow/example_dags/example_bash_operator.py for tasks to queue
[2023-11-14T21:50:14.154+0000] {logging_mixin.py:154} INFO - [2023-11-14T21:50:14.154+0000] {dagbag.py:536} INFO - Filling up the DagBag from /home/airflow/.local/lib/python3.8/site-packages/airflow/example_dags/example_bash_operator.py
[2023-11-14T21:50:14.172+0000] {processor.py:839} INFO - DAG(s) dict_keys(['example_bash_operator']) retrieved from /home/airflow/.local/lib/python3.8/site-packages/airflow/example_dags/example_bash_operator.py
[2023-11-14T21:50:14.217+0000] {logging_mixin.py:154} INFO - [2023-11-14T21:50:14.217+0000] {dag.py:2941} INFO - Sync 1 DAGs
[2023-11-14T21:50:14.249+0000] {logging_mixin.py:154} INFO - [2023-11-14T21:50:14.248+0000] {dag.py:3722} INFO - Setting next_dagrun for example_bash_operator to 2023-11-13T00:00:00+00:00, run_after=2023-11-14T00:00:00+00:00
[2023-11-14T21:50:14.272+0000] {processor.py:179} INFO - Processing /home/airflow/.local/lib/python3.8/site-packages/airflow/example_dags/example_bash_operator.py took 0.127 seconds
[2023-11-14T21:50:44.399+0000] {processor.py:157} INFO - Started process (PID=1856) to work on /home/airflow/.local/lib/python3.8/site-packages/airflow/example_dags/example_bash_operator.py
[2023-11-14T21:50:44.401+0000] {processor.py:829} INFO - Processing file /home/airflow/.local/lib/python3.8/site-packages/airflow/example_dags/example_bash_operator.py for tasks to queue
[2023-11-14T21:50:44.403+0000] {logging_mixin.py:154} INFO - [2023-11-14T21:50:44.403+0000] {dagbag.py:536} INFO - Filling up the DagBag from /home/airflow/.local/lib/python3.8/site-packages/airflow/example_dags/example_bash_operator.py
[2023-11-14T21:50:44.424+0000] {processor.py:839} INFO - DAG(s) dict_keys(['example_bash_operator']) retrieved from /home/airflow/.local/lib/python3.8/site-packages/airflow/example_dags/example_bash_operator.py
[2023-11-14T21:50:44.478+0000] {logging_mixin.py:154} INFO - [2023-11-14T21:50:44.477+0000] {dag.py:2941} INFO - Sync 1 DAGs
[2023-11-14T21:50:44.512+0000] {logging_mixin.py:154} INFO - [2023-11-14T21:50:44.512+0000] {dag.py:3722} INFO - Setting next_dagrun for example_bash_operator to 2023-11-13T00:00:00+00:00, run_after=2023-11-14T00:00:00+00:00
[2023-11-14T21:50:44.537+0000] {processor.py:179} INFO - Processing /home/airflow/.local/lib/python3.8/site-packages/airflow/example_dags/example_bash_operator.py took 0.143 seconds
[2023-11-14T21:51:14.935+0000] {processor.py:157} INFO - Started process (PID=1910) to work on /home/airflow/.local/lib/python3.8/site-packages/airflow/example_dags/example_bash_operator.py
[2023-11-14T21:51:14.937+0000] {processor.py:829} INFO - Processing file /home/airflow/.local/lib/python3.8/site-packages/airflow/example_dags/example_bash_operator.py for tasks to queue
[2023-11-14T21:51:14.939+0000] {logging_mixin.py:154} INFO - [2023-11-14T21:51:14.939+0000] {dagbag.py:536} INFO - Filling up the DagBag from /home/airflow/.local/lib/python3.8/site-packages/airflow/example_dags/example_bash_operator.py
[2023-11-14T21:51:14.954+0000] {processor.py:839} INFO - DAG(s) dict_keys(['example_bash_operator']) retrieved from /home/airflow/.local/lib/python3.8/site-packages/airflow/example_dags/example_bash_operator.py
[2023-11-14T21:51:14.994+0000] {logging_mixin.py:154} INFO - [2023-11-14T21:51:14.994+0000] {dag.py:2941} INFO - Sync 1 DAGs
[2023-11-14T21:51:15.025+0000] {logging_mixin.py:154} INFO - [2023-11-14T21:51:15.025+0000] {dag.py:3722} INFO - Setting next_dagrun for example_bash_operator to 2023-11-13T00:00:00+00:00, run_after=2023-11-14T00:00:00+00:00
[2023-11-14T21:51:15.048+0000] {processor.py:179} INFO - Processing /home/airflow/.local/lib/python3.8/site-packages/airflow/example_dags/example_bash_operator.py took 0.117 seconds
[2023-11-14T21:51:45.579+0000] {processor.py:157} INFO - Started process (PID=1964) to work on /home/airflow/.local/lib/python3.8/site-packages/airflow/example_dags/example_bash_operator.py
[2023-11-14T21:51:45.580+0000] {processor.py:829} INFO - Processing file /home/airflow/.local/lib/python3.8/site-packages/airflow/example_dags/example_bash_operator.py for tasks to queue
[2023-11-14T21:51:45.582+0000] {logging_mixin.py:154} INFO - [2023-11-14T21:51:45.582+0000] {dagbag.py:536} INFO - Filling up the DagBag from /home/airflow/.local/lib/python3.8/site-packages/airflow/example_dags/example_bash_operator.py
[2023-11-14T21:51:45.597+0000] {processor.py:839} INFO - DAG(s) dict_keys(['example_bash_operator']) retrieved from /home/airflow/.local/lib/python3.8/site-packages/airflow/example_dags/example_bash_operator.py
[2023-11-14T21:51:45.636+0000] {logging_mixin.py:154} INFO - [2023-11-14T21:51:45.636+0000] {dag.py:2941} INFO - Sync 1 DAGs
[2023-11-14T21:51:45.667+0000] {logging_mixin.py:154} INFO - [2023-11-14T21:51:45.667+0000] {dag.py:3722} INFO - Setting next_dagrun for example_bash_operator to 2023-11-13T00:00:00+00:00, run_after=2023-11-14T00:00:00+00:00
[2023-11-14T21:51:45.689+0000] {processor.py:179} INFO - Processing /home/airflow/.local/lib/python3.8/site-packages/airflow/example_dags/example_bash_operator.py took 0.115 seconds
[2023-11-14T21:52:16.185+0000] {processor.py:157} INFO - Started process (PID=2019) to work on /home/airflow/.local/lib/python3.8/site-packages/airflow/example_dags/example_bash_operator.py
[2023-11-14T21:52:16.186+0000] {processor.py:829} INFO - Processing file /home/airflow/.local/lib/python3.8/site-packages/airflow/example_dags/example_bash_operator.py for tasks to queue
[2023-11-14T21:52:16.189+0000] {logging_mixin.py:154} INFO - [2023-11-14T21:52:16.189+0000] {dagbag.py:536} INFO - Filling up the DagBag from /home/airflow/.local/lib/python3.8/site-packages/airflow/example_dags/example_bash_operator.py
[2023-11-14T21:52:16.204+0000] {processor.py:839} INFO - DAG(s) dict_keys(['example_bash_operator']) retrieved from /home/airflow/.local/lib/python3.8/site-packages/airflow/example_dags/example_bash_operator.py
[2023-11-14T21:52:16.244+0000] {logging_mixin.py:154} INFO - [2023-11-14T21:52:16.244+0000] {dag.py:2941} INFO - Sync 1 DAGs
[2023-11-14T21:52:16.272+0000] {logging_mixin.py:154} INFO - [2023-11-14T21:52:16.272+0000] {dag.py:3722} INFO - Setting next_dagrun for example_bash_operator to 2023-11-13T00:00:00+00:00, run_after=2023-11-14T00:00:00+00:00
[2023-11-14T21:52:16.295+0000] {processor.py:179} INFO - Processing /home/airflow/.local/lib/python3.8/site-packages/airflow/example_dags/example_bash_operator.py took 0.115 seconds
[2023-11-14T21:52:46.600+0000] {processor.py:157} INFO - Started process (PID=2073) to work on /home/airflow/.local/lib/python3.8/site-packages/airflow/example_dags/example_bash_operator.py
[2023-11-14T21:52:46.602+0000] {processor.py:829} INFO - Processing file /home/airflow/.local/lib/python3.8/site-packages/airflow/example_dags/example_bash_operator.py for tasks to queue
[2023-11-14T21:52:46.606+0000] {logging_mixin.py:154} INFO - [2023-11-14T21:52:46.605+0000] {dagbag.py:536} INFO - Filling up the DagBag from /home/airflow/.local/lib/python3.8/site-packages/airflow/example_dags/example_bash_operator.py
[2023-11-14T21:52:46.627+0000] {processor.py:839} INFO - DAG(s) dict_keys(['example_bash_operator']) retrieved from /home/airflow/.local/lib/python3.8/site-packages/airflow/example_dags/example_bash_operator.py
[2023-11-14T21:52:46.679+0000] {logging_mixin.py:154} INFO - [2023-11-14T21:52:46.679+0000] {dag.py:2941} INFO - Sync 1 DAGs
[2023-11-14T21:52:46.713+0000] {logging_mixin.py:154} INFO - [2023-11-14T21:52:46.713+0000] {dag.py:3722} INFO - Setting next_dagrun for example_bash_operator to 2023-11-13T00:00:00+00:00, run_after=2023-11-14T00:00:00+00:00
[2023-11-14T21:52:46.749+0000] {processor.py:179} INFO - Processing /home/airflow/.local/lib/python3.8/site-packages/airflow/example_dags/example_bash_operator.py took 0.156 seconds
[2023-11-14T21:53:17.275+0000] {processor.py:157} INFO - Started process (PID=2127) to work on /home/airflow/.local/lib/python3.8/site-packages/airflow/example_dags/example_bash_operator.py
[2023-11-14T21:53:17.277+0000] {processor.py:829} INFO - Processing file /home/airflow/.local/lib/python3.8/site-packages/airflow/example_dags/example_bash_operator.py for tasks to queue
[2023-11-14T21:53:17.281+0000] {logging_mixin.py:154} INFO - [2023-11-14T21:53:17.280+0000] {dagbag.py:536} INFO - Filling up the DagBag from /home/airflow/.local/lib/python3.8/site-packages/airflow/example_dags/example_bash_operator.py
[2023-11-14T21:53:17.304+0000] {processor.py:839} INFO - DAG(s) dict_keys(['example_bash_operator']) retrieved from /home/airflow/.local/lib/python3.8/site-packages/airflow/example_dags/example_bash_operator.py
[2023-11-14T21:53:17.349+0000] {logging_mixin.py:154} INFO - [2023-11-14T21:53:17.349+0000] {dag.py:2941} INFO - Sync 1 DAGs
[2023-11-14T21:53:17.386+0000] {logging_mixin.py:154} INFO - [2023-11-14T21:53:17.386+0000] {dag.py:3722} INFO - Setting next_dagrun for example_bash_operator to 2023-11-13T00:00:00+00:00, run_after=2023-11-14T00:00:00+00:00
[2023-11-14T21:53:17.412+0000] {processor.py:179} INFO - Processing /home/airflow/.local/lib/python3.8/site-packages/airflow/example_dags/example_bash_operator.py took 0.142 seconds
[2023-11-14T21:53:48.115+0000] {processor.py:157} INFO - Started process (PID=2181) to work on /home/airflow/.local/lib/python3.8/site-packages/airflow/example_dags/example_bash_operator.py
[2023-11-14T21:53:48.116+0000] {processor.py:829} INFO - Processing file /home/airflow/.local/lib/python3.8/site-packages/airflow/example_dags/example_bash_operator.py for tasks to queue
[2023-11-14T21:53:48.119+0000] {logging_mixin.py:154} INFO - [2023-11-14T21:53:48.118+0000] {dagbag.py:536} INFO - Filling up the DagBag from /home/airflow/.local/lib/python3.8/site-packages/airflow/example_dags/example_bash_operator.py
[2023-11-14T21:53:48.134+0000] {processor.py:839} INFO - DAG(s) dict_keys(['example_bash_operator']) retrieved from /home/airflow/.local/lib/python3.8/site-packages/airflow/example_dags/example_bash_operator.py
[2023-11-14T21:53:48.171+0000] {logging_mixin.py:154} INFO - [2023-11-14T21:53:48.171+0000] {dag.py:2941} INFO - Sync 1 DAGs
[2023-11-14T21:53:48.204+0000] {logging_mixin.py:154} INFO - [2023-11-14T21:53:48.203+0000] {dag.py:3722} INFO - Setting next_dagrun for example_bash_operator to 2023-11-13T00:00:00+00:00, run_after=2023-11-14T00:00:00+00:00
[2023-11-14T21:53:48.228+0000] {processor.py:179} INFO - Processing /home/airflow/.local/lib/python3.8/site-packages/airflow/example_dags/example_bash_operator.py took 0.117 seconds
[2023-11-14T21:54:18.681+0000] {processor.py:157} INFO - Started process (PID=2235) to work on /home/airflow/.local/lib/python3.8/site-packages/airflow/example_dags/example_bash_operator.py
[2023-11-14T21:54:18.682+0000] {processor.py:829} INFO - Processing file /home/airflow/.local/lib/python3.8/site-packages/airflow/example_dags/example_bash_operator.py for tasks to queue
[2023-11-14T21:54:18.685+0000] {logging_mixin.py:154} INFO - [2023-11-14T21:54:18.685+0000] {dagbag.py:536} INFO - Filling up the DagBag from /home/airflow/.local/lib/python3.8/site-packages/airflow/example_dags/example_bash_operator.py
[2023-11-14T21:54:18.701+0000] {processor.py:839} INFO - DAG(s) dict_keys(['example_bash_operator']) retrieved from /home/airflow/.local/lib/python3.8/site-packages/airflow/example_dags/example_bash_operator.py
[2023-11-14T21:54:18.741+0000] {logging_mixin.py:154} INFO - [2023-11-14T21:54:18.740+0000] {dag.py:2941} INFO - Sync 1 DAGs
[2023-11-14T21:54:18.776+0000] {logging_mixin.py:154} INFO - [2023-11-14T21:54:18.775+0000] {dag.py:3722} INFO - Setting next_dagrun for example_bash_operator to 2023-11-13T00:00:00+00:00, run_after=2023-11-14T00:00:00+00:00
[2023-11-14T21:54:18.801+0000] {processor.py:179} INFO - Processing /home/airflow/.local/lib/python3.8/site-packages/airflow/example_dags/example_bash_operator.py took 0.126 seconds
[2023-11-14T21:54:49.631+0000] {processor.py:157} INFO - Started process (PID=2289) to work on /home/airflow/.local/lib/python3.8/site-packages/airflow/example_dags/example_bash_operator.py
[2023-11-14T21:54:49.633+0000] {processor.py:829} INFO - Processing file /home/airflow/.local/lib/python3.8/site-packages/airflow/example_dags/example_bash_operator.py for tasks to queue
[2023-11-14T21:54:49.637+0000] {logging_mixin.py:154} INFO - [2023-11-14T21:54:49.636+0000] {dagbag.py:536} INFO - Filling up the DagBag from /home/airflow/.local/lib/python3.8/site-packages/airflow/example_dags/example_bash_operator.py
[2023-11-14T21:54:49.660+0000] {processor.py:839} INFO - DAG(s) dict_keys(['example_bash_operator']) retrieved from /home/airflow/.local/lib/python3.8/site-packages/airflow/example_dags/example_bash_operator.py
[2023-11-14T21:54:49.711+0000] {logging_mixin.py:154} INFO - [2023-11-14T21:54:49.711+0000] {dag.py:2941} INFO - Sync 1 DAGs
[2023-11-14T21:54:49.746+0000] {logging_mixin.py:154} INFO - [2023-11-14T21:54:49.745+0000] {dag.py:3722} INFO - Setting next_dagrun for example_bash_operator to 2023-11-13T00:00:00+00:00, run_after=2023-11-14T00:00:00+00:00
[2023-11-14T21:54:49.770+0000] {processor.py:179} INFO - Processing /home/airflow/.local/lib/python3.8/site-packages/airflow/example_dags/example_bash_operator.py took 0.143 seconds
[2023-11-14T21:55:19.847+0000] {processor.py:157} INFO - Started process (PID=2344) to work on /home/airflow/.local/lib/python3.8/site-packages/airflow/example_dags/example_bash_operator.py
[2023-11-14T21:55:19.849+0000] {processor.py:829} INFO - Processing file /home/airflow/.local/lib/python3.8/site-packages/airflow/example_dags/example_bash_operator.py for tasks to queue
[2023-11-14T21:55:19.852+0000] {logging_mixin.py:154} INFO - [2023-11-14T21:55:19.851+0000] {dagbag.py:536} INFO - Filling up the DagBag from /home/airflow/.local/lib/python3.8/site-packages/airflow/example_dags/example_bash_operator.py
[2023-11-14T21:55:19.869+0000] {processor.py:839} INFO - DAG(s) dict_keys(['example_bash_operator']) retrieved from /home/airflow/.local/lib/python3.8/site-packages/airflow/example_dags/example_bash_operator.py
[2023-11-14T21:55:19.910+0000] {logging_mixin.py:154} INFO - [2023-11-14T21:55:19.910+0000] {dag.py:2941} INFO - Sync 1 DAGs
[2023-11-14T21:55:19.941+0000] {logging_mixin.py:154} INFO - [2023-11-14T21:55:19.941+0000] {dag.py:3722} INFO - Setting next_dagrun for example_bash_operator to 2023-11-13T00:00:00+00:00, run_after=2023-11-14T00:00:00+00:00
[2023-11-14T21:55:19.976+0000] {processor.py:179} INFO - Processing /home/airflow/.local/lib/python3.8/site-packages/airflow/example_dags/example_bash_operator.py took 0.133 seconds
[2023-11-14T21:55:50.391+0000] {processor.py:157} INFO - Started process (PID=2398) to work on /home/airflow/.local/lib/python3.8/site-packages/airflow/example_dags/example_bash_operator.py
[2023-11-14T21:55:50.392+0000] {processor.py:829} INFO - Processing file /home/airflow/.local/lib/python3.8/site-packages/airflow/example_dags/example_bash_operator.py for tasks to queue
[2023-11-14T21:55:50.394+0000] {logging_mixin.py:154} INFO - [2023-11-14T21:55:50.394+0000] {dagbag.py:536} INFO - Filling up the DagBag from /home/airflow/.local/lib/python3.8/site-packages/airflow/example_dags/example_bash_operator.py
[2023-11-14T21:55:50.411+0000] {processor.py:839} INFO - DAG(s) dict_keys(['example_bash_operator']) retrieved from /home/airflow/.local/lib/python3.8/site-packages/airflow/example_dags/example_bash_operator.py
[2023-11-14T21:55:50.456+0000] {logging_mixin.py:154} INFO - [2023-11-14T21:55:50.456+0000] {dag.py:2941} INFO - Sync 1 DAGs
[2023-11-14T21:55:50.489+0000] {logging_mixin.py:154} INFO - [2023-11-14T21:55:50.489+0000] {dag.py:3722} INFO - Setting next_dagrun for example_bash_operator to 2023-11-13T00:00:00+00:00, run_after=2023-11-14T00:00:00+00:00
[2023-11-14T21:55:50.514+0000] {processor.py:179} INFO - Processing /home/airflow/.local/lib/python3.8/site-packages/airflow/example_dags/example_bash_operator.py took 0.128 seconds
[2023-11-14T21:56:21.035+0000] {processor.py:157} INFO - Started process (PID=2452) to work on /home/airflow/.local/lib/python3.8/site-packages/airflow/example_dags/example_bash_operator.py
[2023-11-14T21:56:21.036+0000] {processor.py:829} INFO - Processing file /home/airflow/.local/lib/python3.8/site-packages/airflow/example_dags/example_bash_operator.py for tasks to queue
[2023-11-14T21:56:21.039+0000] {logging_mixin.py:154} INFO - [2023-11-14T21:56:21.039+0000] {dagbag.py:536} INFO - Filling up the DagBag from /home/airflow/.local/lib/python3.8/site-packages/airflow/example_dags/example_bash_operator.py
[2023-11-14T21:56:21.055+0000] {processor.py:839} INFO - DAG(s) dict_keys(['example_bash_operator']) retrieved from /home/airflow/.local/lib/python3.8/site-packages/airflow/example_dags/example_bash_operator.py
[2023-11-14T21:56:21.093+0000] {logging_mixin.py:154} INFO - [2023-11-14T21:56:21.092+0000] {dag.py:2941} INFO - Sync 1 DAGs
[2023-11-14T21:56:21.121+0000] {logging_mixin.py:154} INFO - [2023-11-14T21:56:21.121+0000] {dag.py:3722} INFO - Setting next_dagrun for example_bash_operator to 2023-11-13T00:00:00+00:00, run_after=2023-11-14T00:00:00+00:00
[2023-11-14T21:56:21.181+0000] {processor.py:179} INFO - Processing /home/airflow/.local/lib/python3.8/site-packages/airflow/example_dags/example_bash_operator.py took 0.150 seconds
[2023-11-14T21:56:51.689+0000] {processor.py:157} INFO - Started process (PID=2507) to work on /home/airflow/.local/lib/python3.8/site-packages/airflow/example_dags/example_bash_operator.py
[2023-11-14T21:56:51.690+0000] {processor.py:829} INFO - Processing file /home/airflow/.local/lib/python3.8/site-packages/airflow/example_dags/example_bash_operator.py for tasks to queue
[2023-11-14T21:56:51.692+0000] {logging_mixin.py:154} INFO - [2023-11-14T21:56:51.692+0000] {dagbag.py:536} INFO - Filling up the DagBag from /home/airflow/.local/lib/python3.8/site-packages/airflow/example_dags/example_bash_operator.py
[2023-11-14T21:56:51.708+0000] {processor.py:839} INFO - DAG(s) dict_keys(['example_bash_operator']) retrieved from /home/airflow/.local/lib/python3.8/site-packages/airflow/example_dags/example_bash_operator.py
[2023-11-14T21:56:51.747+0000] {logging_mixin.py:154} INFO - [2023-11-14T21:56:51.747+0000] {dag.py:2941} INFO - Sync 1 DAGs
[2023-11-14T21:56:51.780+0000] {logging_mixin.py:154} INFO - [2023-11-14T21:56:51.779+0000] {dag.py:3722} INFO - Setting next_dagrun for example_bash_operator to 2023-11-13T00:00:00+00:00, run_after=2023-11-14T00:00:00+00:00
[2023-11-14T21:56:51.803+0000] {processor.py:179} INFO - Processing /home/airflow/.local/lib/python3.8/site-packages/airflow/example_dags/example_bash_operator.py took 0.118 seconds
[2023-11-14T21:57:22.571+0000] {processor.py:157} INFO - Started process (PID=2561) to work on /home/airflow/.local/lib/python3.8/site-packages/airflow/example_dags/example_bash_operator.py
[2023-11-14T21:57:22.573+0000] {processor.py:829} INFO - Processing file /home/airflow/.local/lib/python3.8/site-packages/airflow/example_dags/example_bash_operator.py for tasks to queue
[2023-11-14T21:57:22.576+0000] {logging_mixin.py:154} INFO - [2023-11-14T21:57:22.576+0000] {dagbag.py:536} INFO - Filling up the DagBag from /home/airflow/.local/lib/python3.8/site-packages/airflow/example_dags/example_bash_operator.py
[2023-11-14T21:57:22.592+0000] {processor.py:839} INFO - DAG(s) dict_keys(['example_bash_operator']) retrieved from /home/airflow/.local/lib/python3.8/site-packages/airflow/example_dags/example_bash_operator.py
[2023-11-14T21:57:22.630+0000] {logging_mixin.py:154} INFO - [2023-11-14T21:57:22.629+0000] {dag.py:2941} INFO - Sync 1 DAGs
[2023-11-14T21:57:22.659+0000] {logging_mixin.py:154} INFO - [2023-11-14T21:57:22.659+0000] {dag.py:3722} INFO - Setting next_dagrun for example_bash_operator to 2023-11-13T00:00:00+00:00, run_after=2023-11-14T00:00:00+00:00
[2023-11-14T21:57:22.682+0000] {processor.py:179} INFO - Processing /home/airflow/.local/lib/python3.8/site-packages/airflow/example_dags/example_bash_operator.py took 0.116 seconds
[2023-11-14T21:57:53.724+0000] {processor.py:157} INFO - Started process (PID=2616) to work on /home/airflow/.local/lib/python3.8/site-packages/airflow/example_dags/example_bash_operator.py
[2023-11-14T21:57:53.725+0000] {processor.py:829} INFO - Processing file /home/airflow/.local/lib/python3.8/site-packages/airflow/example_dags/example_bash_operator.py for tasks to queue
[2023-11-14T21:57:53.729+0000] {logging_mixin.py:154} INFO - [2023-11-14T21:57:53.728+0000] {dagbag.py:536} INFO - Filling up the DagBag from /home/airflow/.local/lib/python3.8/site-packages/airflow/example_dags/example_bash_operator.py
[2023-11-14T21:57:53.747+0000] {processor.py:839} INFO - DAG(s) dict_keys(['example_bash_operator']) retrieved from /home/airflow/.local/lib/python3.8/site-packages/airflow/example_dags/example_bash_operator.py
[2023-11-14T21:57:53.793+0000] {logging_mixin.py:154} INFO - [2023-11-14T21:57:53.792+0000] {dag.py:2941} INFO - Sync 1 DAGs
[2023-11-14T21:57:53.827+0000] {logging_mixin.py:154} INFO - [2023-11-14T21:57:53.827+0000] {dag.py:3722} INFO - Setting next_dagrun for example_bash_operator to 2023-11-13T00:00:00+00:00, run_after=2023-11-14T00:00:00+00:00
[2023-11-14T21:57:53.862+0000] {processor.py:179} INFO - Processing /home/airflow/.local/lib/python3.8/site-packages/airflow/example_dags/example_bash_operator.py took 0.143 seconds
[2023-11-14T21:58:23.922+0000] {processor.py:157} INFO - Started process (PID=2670) to work on /home/airflow/.local/lib/python3.8/site-packages/airflow/example_dags/example_bash_operator.py
[2023-11-14T21:58:23.923+0000] {processor.py:829} INFO - Processing file /home/airflow/.local/lib/python3.8/site-packages/airflow/example_dags/example_bash_operator.py for tasks to queue
[2023-11-14T21:58:23.926+0000] {logging_mixin.py:154} INFO - [2023-11-14T21:58:23.926+0000] {dagbag.py:536} INFO - Filling up the DagBag from /home/airflow/.local/lib/python3.8/site-packages/airflow/example_dags/example_bash_operator.py
[2023-11-14T21:58:23.942+0000] {processor.py:839} INFO - DAG(s) dict_keys(['example_bash_operator']) retrieved from /home/airflow/.local/lib/python3.8/site-packages/airflow/example_dags/example_bash_operator.py
[2023-11-14T21:58:23.984+0000] {logging_mixin.py:154} INFO - [2023-11-14T21:58:23.984+0000] {dag.py:2941} INFO - Sync 1 DAGs
[2023-11-14T21:58:24.016+0000] {logging_mixin.py:154} INFO - [2023-11-14T21:58:24.016+0000] {dag.py:3722} INFO - Setting next_dagrun for example_bash_operator to 2023-11-13T00:00:00+00:00, run_after=2023-11-14T00:00:00+00:00
[2023-11-14T21:58:24.064+0000] {processor.py:179} INFO - Processing /home/airflow/.local/lib/python3.8/site-packages/airflow/example_dags/example_bash_operator.py took 0.146 seconds
[2023-11-14T21:58:54.491+0000] {processor.py:157} INFO - Started process (PID=2724) to work on /home/airflow/.local/lib/python3.8/site-packages/airflow/example_dags/example_bash_operator.py
[2023-11-14T21:58:54.493+0000] {processor.py:829} INFO - Processing file /home/airflow/.local/lib/python3.8/site-packages/airflow/example_dags/example_bash_operator.py for tasks to queue
[2023-11-14T21:58:54.496+0000] {logging_mixin.py:154} INFO - [2023-11-14T21:58:54.496+0000] {dagbag.py:536} INFO - Filling up the DagBag from /home/airflow/.local/lib/python3.8/site-packages/airflow/example_dags/example_bash_operator.py
[2023-11-14T21:58:54.514+0000] {processor.py:839} INFO - DAG(s) dict_keys(['example_bash_operator']) retrieved from /home/airflow/.local/lib/python3.8/site-packages/airflow/example_dags/example_bash_operator.py
[2023-11-14T21:58:54.560+0000] {logging_mixin.py:154} INFO - [2023-11-14T21:58:54.560+0000] {dag.py:2941} INFO - Sync 1 DAGs
[2023-11-14T21:58:54.595+0000] {logging_mixin.py:154} INFO - [2023-11-14T21:58:54.594+0000] {dag.py:3722} INFO - Setting next_dagrun for example_bash_operator to 2023-11-13T00:00:00+00:00, run_after=2023-11-14T00:00:00+00:00
[2023-11-14T21:58:54.626+0000] {processor.py:179} INFO - Processing /home/airflow/.local/lib/python3.8/site-packages/airflow/example_dags/example_bash_operator.py took 0.140 seconds
[2023-11-14T21:59:25.145+0000] {processor.py:157} INFO - Started process (PID=2778) to work on /home/airflow/.local/lib/python3.8/site-packages/airflow/example_dags/example_bash_operator.py
[2023-11-14T21:59:25.147+0000] {processor.py:829} INFO - Processing file /home/airflow/.local/lib/python3.8/site-packages/airflow/example_dags/example_bash_operator.py for tasks to queue
[2023-11-14T21:59:25.150+0000] {logging_mixin.py:154} INFO - [2023-11-14T21:59:25.150+0000] {dagbag.py:536} INFO - Filling up the DagBag from /home/airflow/.local/lib/python3.8/site-packages/airflow/example_dags/example_bash_operator.py
[2023-11-14T21:59:25.164+0000] {processor.py:839} INFO - DAG(s) dict_keys(['example_bash_operator']) retrieved from /home/airflow/.local/lib/python3.8/site-packages/airflow/example_dags/example_bash_operator.py
[2023-11-14T21:59:25.201+0000] {logging_mixin.py:154} INFO - [2023-11-14T21:59:25.201+0000] {dag.py:2941} INFO - Sync 1 DAGs
[2023-11-14T21:59:25.231+0000] {logging_mixin.py:154} INFO - [2023-11-14T21:59:25.231+0000] {dag.py:3722} INFO - Setting next_dagrun for example_bash_operator to 2023-11-13T00:00:00+00:00, run_after=2023-11-14T00:00:00+00:00
[2023-11-14T21:59:25.258+0000] {processor.py:179} INFO - Processing /home/airflow/.local/lib/python3.8/site-packages/airflow/example_dags/example_bash_operator.py took 0.117 seconds
