[2023-11-14T21:33:57.371+0000] {processor.py:157} INFO - Started process (PID=61) to work on /home/airflow/.local/lib/python3.8/site-packages/airflow/example_dags/example_python_operator.py
[2023-11-14T21:33:57.372+0000] {processor.py:829} INFO - Processing file /home/airflow/.local/lib/python3.8/site-packages/airflow/example_dags/example_python_operator.py for tasks to queue
[2023-11-14T21:33:57.374+0000] {logging_mixin.py:154} INFO - [2023-11-14T21:33:57.374+0000] {dagbag.py:536} INFO - Filling up the DagBag from /home/airflow/.local/lib/python3.8/site-packages/airflow/example_dags/example_python_operator.py
[2023-11-14T21:33:57.389+0000] {processor.py:839} INFO - DAG(s) dict_keys(['example_python_operator']) retrieved from /home/airflow/.local/lib/python3.8/site-packages/airflow/example_dags/example_python_operator.py
[2023-11-14T21:33:57.536+0000] {logging_mixin.py:154} INFO - [2023-11-14T21:33:57.536+0000] {manager.py:499} INFO - Created Permission View: %s
[2023-11-14T21:33:57.550+0000] {logging_mixin.py:154} INFO - [2023-11-14T21:33:57.550+0000] {manager.py:499} INFO - Created Permission View: %s
[2023-11-14T21:33:57.562+0000] {logging_mixin.py:154} INFO - [2023-11-14T21:33:57.562+0000] {manager.py:499} INFO - Created Permission View: %s
[2023-11-14T21:33:57.563+0000] {logging_mixin.py:154} INFO - [2023-11-14T21:33:57.563+0000] {dag.py:2941} INFO - Sync 1 DAGs
[2023-11-14T21:33:57.583+0000] {logging_mixin.py:154} INFO - [2023-11-14T21:33:57.582+0000] {dag.py:2963} INFO - Creating ORM DAG for example_python_operator
[2023-11-14T21:33:57.583+0000] {logging_mixin.py:154} INFO - [2023-11-14T21:33:57.583+0000] {dag.py:3722} INFO - Setting next_dagrun for example_python_operator to None, run_after=None
[2023-11-14T21:33:57.607+0000] {processor.py:179} INFO - Processing /home/airflow/.local/lib/python3.8/site-packages/airflow/example_dags/example_python_operator.py took 0.240 seconds
[2023-11-14T21:34:28.075+0000] {processor.py:157} INFO - Started process (PID=115) to work on /home/airflow/.local/lib/python3.8/site-packages/airflow/example_dags/example_python_operator.py
[2023-11-14T21:34:28.076+0000] {processor.py:829} INFO - Processing file /home/airflow/.local/lib/python3.8/site-packages/airflow/example_dags/example_python_operator.py for tasks to queue
[2023-11-14T21:34:28.078+0000] {logging_mixin.py:154} INFO - [2023-11-14T21:34:28.078+0000] {dagbag.py:536} INFO - Filling up the DagBag from /home/airflow/.local/lib/python3.8/site-packages/airflow/example_dags/example_python_operator.py
[2023-11-14T21:34:28.091+0000] {processor.py:839} INFO - DAG(s) dict_keys(['example_python_operator']) retrieved from /home/airflow/.local/lib/python3.8/site-packages/airflow/example_dags/example_python_operator.py
[2023-11-14T21:34:28.119+0000] {logging_mixin.py:154} INFO - [2023-11-14T21:34:28.118+0000] {dag.py:2941} INFO - Sync 1 DAGs
[2023-11-14T21:34:28.133+0000] {logging_mixin.py:154} INFO - [2023-11-14T21:34:28.133+0000] {dag.py:3722} INFO - Setting next_dagrun for example_python_operator to None, run_after=None
[2023-11-14T21:34:28.158+0000] {processor.py:179} INFO - Processing /home/airflow/.local/lib/python3.8/site-packages/airflow/example_dags/example_python_operator.py took 0.087 seconds
[2023-11-14T21:34:58.355+0000] {processor.py:157} INFO - Started process (PID=169) to work on /home/airflow/.local/lib/python3.8/site-packages/airflow/example_dags/example_python_operator.py
[2023-11-14T21:34:58.356+0000] {processor.py:829} INFO - Processing file /home/airflow/.local/lib/python3.8/site-packages/airflow/example_dags/example_python_operator.py for tasks to queue
[2023-11-14T21:34:58.359+0000] {logging_mixin.py:154} INFO - [2023-11-14T21:34:58.359+0000] {dagbag.py:536} INFO - Filling up the DagBag from /home/airflow/.local/lib/python3.8/site-packages/airflow/example_dags/example_python_operator.py
[2023-11-14T21:34:58.372+0000] {processor.py:839} INFO - DAG(s) dict_keys(['example_python_operator']) retrieved from /home/airflow/.local/lib/python3.8/site-packages/airflow/example_dags/example_python_operator.py
[2023-11-14T21:34:58.399+0000] {logging_mixin.py:154} INFO - [2023-11-14T21:34:58.399+0000] {dag.py:2941} INFO - Sync 1 DAGs
[2023-11-14T21:34:58.414+0000] {logging_mixin.py:154} INFO - [2023-11-14T21:34:58.414+0000] {dag.py:3722} INFO - Setting next_dagrun for example_python_operator to None, run_after=None
[2023-11-14T21:34:58.438+0000] {processor.py:179} INFO - Processing /home/airflow/.local/lib/python3.8/site-packages/airflow/example_dags/example_python_operator.py took 0.087 seconds
[2023-11-14T21:35:28.594+0000] {processor.py:157} INFO - Started process (PID=222) to work on /home/airflow/.local/lib/python3.8/site-packages/airflow/example_dags/example_python_operator.py
[2023-11-14T21:35:28.596+0000] {processor.py:829} INFO - Processing file /home/airflow/.local/lib/python3.8/site-packages/airflow/example_dags/example_python_operator.py for tasks to queue
[2023-11-14T21:35:28.599+0000] {logging_mixin.py:154} INFO - [2023-11-14T21:35:28.599+0000] {dagbag.py:536} INFO - Filling up the DagBag from /home/airflow/.local/lib/python3.8/site-packages/airflow/example_dags/example_python_operator.py
[2023-11-14T21:35:28.614+0000] {processor.py:839} INFO - DAG(s) dict_keys(['example_python_operator']) retrieved from /home/airflow/.local/lib/python3.8/site-packages/airflow/example_dags/example_python_operator.py
[2023-11-14T21:35:28.657+0000] {logging_mixin.py:154} INFO - [2023-11-14T21:35:28.657+0000] {dag.py:2941} INFO - Sync 1 DAGs
[2023-11-14T21:35:28.678+0000] {logging_mixin.py:154} INFO - [2023-11-14T21:35:28.678+0000] {dag.py:3722} INFO - Setting next_dagrun for example_python_operator to None, run_after=None
[2023-11-14T21:35:28.714+0000] {processor.py:179} INFO - Processing /home/airflow/.local/lib/python3.8/site-packages/airflow/example_dags/example_python_operator.py took 0.128 seconds
[2023-11-14T21:35:59.113+0000] {processor.py:157} INFO - Started process (PID=276) to work on /home/airflow/.local/lib/python3.8/site-packages/airflow/example_dags/example_python_operator.py
[2023-11-14T21:35:59.120+0000] {processor.py:829} INFO - Processing file /home/airflow/.local/lib/python3.8/site-packages/airflow/example_dags/example_python_operator.py for tasks to queue
[2023-11-14T21:35:59.123+0000] {logging_mixin.py:154} INFO - [2023-11-14T21:35:59.122+0000] {dagbag.py:536} INFO - Filling up the DagBag from /home/airflow/.local/lib/python3.8/site-packages/airflow/example_dags/example_python_operator.py
[2023-11-14T21:35:59.137+0000] {processor.py:839} INFO - DAG(s) dict_keys(['example_python_operator']) retrieved from /home/airflow/.local/lib/python3.8/site-packages/airflow/example_dags/example_python_operator.py
[2023-11-14T21:35:59.172+0000] {logging_mixin.py:154} INFO - [2023-11-14T21:35:59.172+0000] {dag.py:2941} INFO - Sync 1 DAGs
[2023-11-14T21:35:59.200+0000] {logging_mixin.py:154} INFO - [2023-11-14T21:35:59.200+0000] {dag.py:3722} INFO - Setting next_dagrun for example_python_operator to None, run_after=None
[2023-11-14T21:35:59.233+0000] {processor.py:179} INFO - Processing /home/airflow/.local/lib/python3.8/site-packages/airflow/example_dags/example_python_operator.py took 0.129 seconds
[2023-11-14T21:36:29.284+0000] {processor.py:157} INFO - Started process (PID=331) to work on /home/airflow/.local/lib/python3.8/site-packages/airflow/example_dags/example_python_operator.py
[2023-11-14T21:36:29.285+0000] {processor.py:829} INFO - Processing file /home/airflow/.local/lib/python3.8/site-packages/airflow/example_dags/example_python_operator.py for tasks to queue
[2023-11-14T21:36:29.288+0000] {logging_mixin.py:154} INFO - [2023-11-14T21:36:29.288+0000] {dagbag.py:536} INFO - Filling up the DagBag from /home/airflow/.local/lib/python3.8/site-packages/airflow/example_dags/example_python_operator.py
[2023-11-14T21:36:29.301+0000] {processor.py:839} INFO - DAG(s) dict_keys(['example_python_operator']) retrieved from /home/airflow/.local/lib/python3.8/site-packages/airflow/example_dags/example_python_operator.py
[2023-11-14T21:36:29.329+0000] {logging_mixin.py:154} INFO - [2023-11-14T21:36:29.329+0000] {dag.py:2941} INFO - Sync 1 DAGs
[2023-11-14T21:36:29.345+0000] {logging_mixin.py:154} INFO - [2023-11-14T21:36:29.344+0000] {dag.py:3722} INFO - Setting next_dagrun for example_python_operator to None, run_after=None
[2023-11-14T21:36:29.369+0000] {processor.py:179} INFO - Processing /home/airflow/.local/lib/python3.8/site-packages/airflow/example_dags/example_python_operator.py took 0.089 seconds
[2023-11-14T21:36:59.805+0000] {processor.py:157} INFO - Started process (PID=385) to work on /home/airflow/.local/lib/python3.8/site-packages/airflow/example_dags/example_python_operator.py
[2023-11-14T21:36:59.806+0000] {processor.py:829} INFO - Processing file /home/airflow/.local/lib/python3.8/site-packages/airflow/example_dags/example_python_operator.py for tasks to queue
[2023-11-14T21:36:59.809+0000] {logging_mixin.py:154} INFO - [2023-11-14T21:36:59.809+0000] {dagbag.py:536} INFO - Filling up the DagBag from /home/airflow/.local/lib/python3.8/site-packages/airflow/example_dags/example_python_operator.py
[2023-11-14T21:36:59.821+0000] {processor.py:839} INFO - DAG(s) dict_keys(['example_python_operator']) retrieved from /home/airflow/.local/lib/python3.8/site-packages/airflow/example_dags/example_python_operator.py
[2023-11-14T21:36:59.849+0000] {logging_mixin.py:154} INFO - [2023-11-14T21:36:59.849+0000] {dag.py:2941} INFO - Sync 1 DAGs
[2023-11-14T21:36:59.865+0000] {logging_mixin.py:154} INFO - [2023-11-14T21:36:59.865+0000] {dag.py:3722} INFO - Setting next_dagrun for example_python_operator to None, run_after=None
[2023-11-14T21:36:59.888+0000] {processor.py:179} INFO - Processing /home/airflow/.local/lib/python3.8/site-packages/airflow/example_dags/example_python_operator.py took 0.088 seconds
[2023-11-14T21:37:30.593+0000] {processor.py:157} INFO - Started process (PID=439) to work on /home/airflow/.local/lib/python3.8/site-packages/airflow/example_dags/example_python_operator.py
[2023-11-14T21:37:30.595+0000] {processor.py:829} INFO - Processing file /home/airflow/.local/lib/python3.8/site-packages/airflow/example_dags/example_python_operator.py for tasks to queue
[2023-11-14T21:37:30.600+0000] {logging_mixin.py:154} INFO - [2023-11-14T21:37:30.600+0000] {dagbag.py:536} INFO - Filling up the DagBag from /home/airflow/.local/lib/python3.8/site-packages/airflow/example_dags/example_python_operator.py
[2023-11-14T21:37:30.626+0000] {processor.py:839} INFO - DAG(s) dict_keys(['example_python_operator']) retrieved from /home/airflow/.local/lib/python3.8/site-packages/airflow/example_dags/example_python_operator.py
[2023-11-14T21:37:30.656+0000] {logging_mixin.py:154} INFO - [2023-11-14T21:37:30.656+0000] {dag.py:2941} INFO - Sync 1 DAGs
[2023-11-14T21:37:30.671+0000] {logging_mixin.py:154} INFO - [2023-11-14T21:37:30.671+0000] {dag.py:3722} INFO - Setting next_dagrun for example_python_operator to None, run_after=None
[2023-11-14T21:37:30.710+0000] {processor.py:179} INFO - Processing /home/airflow/.local/lib/python3.8/site-packages/airflow/example_dags/example_python_operator.py took 0.129 seconds
[2023-11-14T21:38:00.810+0000] {processor.py:157} INFO - Started process (PID=493) to work on /home/airflow/.local/lib/python3.8/site-packages/airflow/example_dags/example_python_operator.py
[2023-11-14T21:38:00.811+0000] {processor.py:829} INFO - Processing file /home/airflow/.local/lib/python3.8/site-packages/airflow/example_dags/example_python_operator.py for tasks to queue
[2023-11-14T21:38:00.814+0000] {logging_mixin.py:154} INFO - [2023-11-14T21:38:00.813+0000] {dagbag.py:536} INFO - Filling up the DagBag from /home/airflow/.local/lib/python3.8/site-packages/airflow/example_dags/example_python_operator.py
[2023-11-14T21:38:00.828+0000] {processor.py:839} INFO - DAG(s) dict_keys(['example_python_operator']) retrieved from /home/airflow/.local/lib/python3.8/site-packages/airflow/example_dags/example_python_operator.py
[2023-11-14T21:38:00.859+0000] {logging_mixin.py:154} INFO - [2023-11-14T21:38:00.859+0000] {dag.py:2941} INFO - Sync 1 DAGs
[2023-11-14T21:38:00.876+0000] {logging_mixin.py:154} INFO - [2023-11-14T21:38:00.875+0000] {dag.py:3722} INFO - Setting next_dagrun for example_python_operator to None, run_after=None
[2023-11-14T21:38:00.901+0000] {processor.py:179} INFO - Processing /home/airflow/.local/lib/python3.8/site-packages/airflow/example_dags/example_python_operator.py took 0.095 seconds
[2023-11-14T21:38:31.314+0000] {processor.py:157} INFO - Started process (PID=558) to work on /home/airflow/.local/lib/python3.8/site-packages/airflow/example_dags/example_python_operator.py
[2023-11-14T21:38:31.315+0000] {processor.py:829} INFO - Processing file /home/airflow/.local/lib/python3.8/site-packages/airflow/example_dags/example_python_operator.py for tasks to queue
[2023-11-14T21:38:31.318+0000] {logging_mixin.py:154} INFO - [2023-11-14T21:38:31.317+0000] {dagbag.py:536} INFO - Filling up the DagBag from /home/airflow/.local/lib/python3.8/site-packages/airflow/example_dags/example_python_operator.py
[2023-11-14T21:38:31.330+0000] {processor.py:839} INFO - DAG(s) dict_keys(['example_python_operator']) retrieved from /home/airflow/.local/lib/python3.8/site-packages/airflow/example_dags/example_python_operator.py
[2023-11-14T21:38:31.358+0000] {logging_mixin.py:154} INFO - [2023-11-14T21:38:31.357+0000] {dag.py:2941} INFO - Sync 1 DAGs
[2023-11-14T21:38:31.375+0000] {logging_mixin.py:154} INFO - [2023-11-14T21:38:31.375+0000] {dag.py:3722} INFO - Setting next_dagrun for example_python_operator to None, run_after=None
[2023-11-14T21:38:31.398+0000] {processor.py:179} INFO - Processing /home/airflow/.local/lib/python3.8/site-packages/airflow/example_dags/example_python_operator.py took 0.089 seconds
[2023-11-14T21:39:01.530+0000] {processor.py:157} INFO - Started process (PID=612) to work on /home/airflow/.local/lib/python3.8/site-packages/airflow/example_dags/example_python_operator.py
[2023-11-14T21:39:01.531+0000] {processor.py:829} INFO - Processing file /home/airflow/.local/lib/python3.8/site-packages/airflow/example_dags/example_python_operator.py for tasks to queue
[2023-11-14T21:39:01.534+0000] {logging_mixin.py:154} INFO - [2023-11-14T21:39:01.533+0000] {dagbag.py:536} INFO - Filling up the DagBag from /home/airflow/.local/lib/python3.8/site-packages/airflow/example_dags/example_python_operator.py
[2023-11-14T21:39:01.551+0000] {processor.py:839} INFO - DAG(s) dict_keys(['example_python_operator']) retrieved from /home/airflow/.local/lib/python3.8/site-packages/airflow/example_dags/example_python_operator.py
[2023-11-14T21:39:01.583+0000] {logging_mixin.py:154} INFO - [2023-11-14T21:39:01.583+0000] {dag.py:2941} INFO - Sync 1 DAGs
[2023-11-14T21:39:01.614+0000] {logging_mixin.py:154} INFO - [2023-11-14T21:39:01.614+0000] {dag.py:3722} INFO - Setting next_dagrun for example_python_operator to None, run_after=None
[2023-11-14T21:39:01.640+0000] {processor.py:179} INFO - Processing /home/airflow/.local/lib/python3.8/site-packages/airflow/example_dags/example_python_operator.py took 0.115 seconds
[2023-11-14T21:39:32.357+0000] {processor.py:157} INFO - Started process (PID=666) to work on /home/airflow/.local/lib/python3.8/site-packages/airflow/example_dags/example_python_operator.py
[2023-11-14T21:39:32.359+0000] {processor.py:829} INFO - Processing file /home/airflow/.local/lib/python3.8/site-packages/airflow/example_dags/example_python_operator.py for tasks to queue
[2023-11-14T21:39:32.361+0000] {logging_mixin.py:154} INFO - [2023-11-14T21:39:32.361+0000] {dagbag.py:536} INFO - Filling up the DagBag from /home/airflow/.local/lib/python3.8/site-packages/airflow/example_dags/example_python_operator.py
[2023-11-14T21:39:32.376+0000] {processor.py:839} INFO - DAG(s) dict_keys(['example_python_operator']) retrieved from /home/airflow/.local/lib/python3.8/site-packages/airflow/example_dags/example_python_operator.py
[2023-11-14T21:39:32.412+0000] {logging_mixin.py:154} INFO - [2023-11-14T21:39:32.412+0000] {dag.py:2941} INFO - Sync 1 DAGs
[2023-11-14T21:39:32.432+0000] {logging_mixin.py:154} INFO - [2023-11-14T21:39:32.432+0000] {dag.py:3722} INFO - Setting next_dagrun for example_python_operator to None, run_after=None
[2023-11-14T21:39:32.460+0000] {processor.py:179} INFO - Processing /home/airflow/.local/lib/python3.8/site-packages/airflow/example_dags/example_python_operator.py took 0.109 seconds
[2023-11-14T21:40:02.844+0000] {processor.py:157} INFO - Started process (PID=721) to work on /home/airflow/.local/lib/python3.8/site-packages/airflow/example_dags/example_python_operator.py
[2023-11-14T21:40:02.845+0000] {processor.py:829} INFO - Processing file /home/airflow/.local/lib/python3.8/site-packages/airflow/example_dags/example_python_operator.py for tasks to queue
[2023-11-14T21:40:02.848+0000] {logging_mixin.py:154} INFO - [2023-11-14T21:40:02.847+0000] {dagbag.py:536} INFO - Filling up the DagBag from /home/airflow/.local/lib/python3.8/site-packages/airflow/example_dags/example_python_operator.py
[2023-11-14T21:40:02.863+0000] {processor.py:839} INFO - DAG(s) dict_keys(['example_python_operator']) retrieved from /home/airflow/.local/lib/python3.8/site-packages/airflow/example_dags/example_python_operator.py
[2023-11-14T21:40:02.896+0000] {logging_mixin.py:154} INFO - [2023-11-14T21:40:02.895+0000] {dag.py:2941} INFO - Sync 1 DAGs
[2023-11-14T21:40:02.913+0000] {logging_mixin.py:154} INFO - [2023-11-14T21:40:02.912+0000] {dag.py:3722} INFO - Setting next_dagrun for example_python_operator to None, run_after=None
[2023-11-14T21:40:02.938+0000] {processor.py:179} INFO - Processing /home/airflow/.local/lib/python3.8/site-packages/airflow/example_dags/example_python_operator.py took 0.099 seconds
[2023-11-14T21:40:33.092+0000] {processor.py:157} INFO - Started process (PID=776) to work on /home/airflow/.local/lib/python3.8/site-packages/airflow/example_dags/example_python_operator.py
[2023-11-14T21:40:33.093+0000] {processor.py:829} INFO - Processing file /home/airflow/.local/lib/python3.8/site-packages/airflow/example_dags/example_python_operator.py for tasks to queue
[2023-11-14T21:40:33.096+0000] {logging_mixin.py:154} INFO - [2023-11-14T21:40:33.096+0000] {dagbag.py:536} INFO - Filling up the DagBag from /home/airflow/.local/lib/python3.8/site-packages/airflow/example_dags/example_python_operator.py
[2023-11-14T21:40:33.113+0000] {processor.py:839} INFO - DAG(s) dict_keys(['example_python_operator']) retrieved from /home/airflow/.local/lib/python3.8/site-packages/airflow/example_dags/example_python_operator.py
[2023-11-14T21:40:33.143+0000] {logging_mixin.py:154} INFO - [2023-11-14T21:40:33.143+0000] {dag.py:2941} INFO - Sync 1 DAGs
[2023-11-14T21:40:33.165+0000] {logging_mixin.py:154} INFO - [2023-11-14T21:40:33.164+0000] {dag.py:3722} INFO - Setting next_dagrun for example_python_operator to None, run_after=None
[2023-11-14T21:40:33.193+0000] {processor.py:179} INFO - Processing /home/airflow/.local/lib/python3.8/site-packages/airflow/example_dags/example_python_operator.py took 0.105 seconds
[2023-11-14T21:41:03.502+0000] {processor.py:157} INFO - Started process (PID=831) to work on /home/airflow/.local/lib/python3.8/site-packages/airflow/example_dags/example_python_operator.py
[2023-11-14T21:41:03.502+0000] {processor.py:829} INFO - Processing file /home/airflow/.local/lib/python3.8/site-packages/airflow/example_dags/example_python_operator.py for tasks to queue
[2023-11-14T21:41:03.505+0000] {logging_mixin.py:154} INFO - [2023-11-14T21:41:03.505+0000] {dagbag.py:536} INFO - Filling up the DagBag from /home/airflow/.local/lib/python3.8/site-packages/airflow/example_dags/example_python_operator.py
[2023-11-14T21:41:03.518+0000] {processor.py:839} INFO - DAG(s) dict_keys(['example_python_operator']) retrieved from /home/airflow/.local/lib/python3.8/site-packages/airflow/example_dags/example_python_operator.py
[2023-11-14T21:41:03.546+0000] {logging_mixin.py:154} INFO - [2023-11-14T21:41:03.546+0000] {dag.py:2941} INFO - Sync 1 DAGs
[2023-11-14T21:41:03.561+0000] {logging_mixin.py:154} INFO - [2023-11-14T21:41:03.561+0000] {dag.py:3722} INFO - Setting next_dagrun for example_python_operator to None, run_after=None
[2023-11-14T21:41:03.584+0000] {processor.py:179} INFO - Processing /home/airflow/.local/lib/python3.8/site-packages/airflow/example_dags/example_python_operator.py took 0.087 seconds
[2023-11-14T21:41:34.031+0000] {processor.py:157} INFO - Started process (PID=885) to work on /home/airflow/.local/lib/python3.8/site-packages/airflow/example_dags/example_python_operator.py
[2023-11-14T21:41:34.032+0000] {processor.py:829} INFO - Processing file /home/airflow/.local/lib/python3.8/site-packages/airflow/example_dags/example_python_operator.py for tasks to queue
[2023-11-14T21:41:34.035+0000] {logging_mixin.py:154} INFO - [2023-11-14T21:41:34.035+0000] {dagbag.py:536} INFO - Filling up the DagBag from /home/airflow/.local/lib/python3.8/site-packages/airflow/example_dags/example_python_operator.py
[2023-11-14T21:41:34.049+0000] {processor.py:839} INFO - DAG(s) dict_keys(['example_python_operator']) retrieved from /home/airflow/.local/lib/python3.8/site-packages/airflow/example_dags/example_python_operator.py
[2023-11-14T21:41:34.086+0000] {logging_mixin.py:154} INFO - [2023-11-14T21:41:34.086+0000] {dag.py:2941} INFO - Sync 1 DAGs
[2023-11-14T21:41:34.114+0000] {logging_mixin.py:154} INFO - [2023-11-14T21:41:34.113+0000] {dag.py:3722} INFO - Setting next_dagrun for example_python_operator to None, run_after=None
[2023-11-14T21:41:34.168+0000] {processor.py:179} INFO - Processing /home/airflow/.local/lib/python3.8/site-packages/airflow/example_dags/example_python_operator.py took 0.142 seconds
[2023-11-14T21:42:04.241+0000] {processor.py:157} INFO - Started process (PID=939) to work on /home/airflow/.local/lib/python3.8/site-packages/airflow/example_dags/example_python_operator.py
[2023-11-14T21:42:04.241+0000] {processor.py:829} INFO - Processing file /home/airflow/.local/lib/python3.8/site-packages/airflow/example_dags/example_python_operator.py for tasks to queue
[2023-11-14T21:42:04.244+0000] {logging_mixin.py:154} INFO - [2023-11-14T21:42:04.244+0000] {dagbag.py:536} INFO - Filling up the DagBag from /home/airflow/.local/lib/python3.8/site-packages/airflow/example_dags/example_python_operator.py
[2023-11-14T21:42:04.257+0000] {processor.py:839} INFO - DAG(s) dict_keys(['example_python_operator']) retrieved from /home/airflow/.local/lib/python3.8/site-packages/airflow/example_dags/example_python_operator.py
[2023-11-14T21:42:04.285+0000] {logging_mixin.py:154} INFO - [2023-11-14T21:42:04.285+0000] {dag.py:2941} INFO - Sync 1 DAGs
[2023-11-14T21:42:04.303+0000] {logging_mixin.py:154} INFO - [2023-11-14T21:42:04.302+0000] {dag.py:3722} INFO - Setting next_dagrun for example_python_operator to None, run_after=None
[2023-11-14T21:42:04.330+0000] {processor.py:179} INFO - Processing /home/airflow/.local/lib/python3.8/site-packages/airflow/example_dags/example_python_operator.py took 0.093 seconds
[2023-11-14T21:42:34.451+0000] {processor.py:157} INFO - Started process (PID=993) to work on /home/airflow/.local/lib/python3.8/site-packages/airflow/example_dags/example_python_operator.py
[2023-11-14T21:42:34.452+0000] {processor.py:829} INFO - Processing file /home/airflow/.local/lib/python3.8/site-packages/airflow/example_dags/example_python_operator.py for tasks to queue
[2023-11-14T21:42:34.455+0000] {logging_mixin.py:154} INFO - [2023-11-14T21:42:34.455+0000] {dagbag.py:536} INFO - Filling up the DagBag from /home/airflow/.local/lib/python3.8/site-packages/airflow/example_dags/example_python_operator.py
[2023-11-14T21:42:34.468+0000] {processor.py:839} INFO - DAG(s) dict_keys(['example_python_operator']) retrieved from /home/airflow/.local/lib/python3.8/site-packages/airflow/example_dags/example_python_operator.py
[2023-11-14T21:42:34.497+0000] {logging_mixin.py:154} INFO - [2023-11-14T21:42:34.497+0000] {dag.py:2941} INFO - Sync 1 DAGs
[2023-11-14T21:42:34.516+0000] {logging_mixin.py:154} INFO - [2023-11-14T21:42:34.516+0000] {dag.py:3722} INFO - Setting next_dagrun for example_python_operator to None, run_after=None
[2023-11-14T21:42:34.540+0000] {processor.py:179} INFO - Processing /home/airflow/.local/lib/python3.8/site-packages/airflow/example_dags/example_python_operator.py took 0.093 seconds
[2023-11-14T21:43:04.823+0000] {processor.py:157} INFO - Started process (PID=1048) to work on /home/airflow/.local/lib/python3.8/site-packages/airflow/example_dags/example_python_operator.py
[2023-11-14T21:43:04.824+0000] {processor.py:829} INFO - Processing file /home/airflow/.local/lib/python3.8/site-packages/airflow/example_dags/example_python_operator.py for tasks to queue
[2023-11-14T21:43:04.827+0000] {logging_mixin.py:154} INFO - [2023-11-14T21:43:04.826+0000] {dagbag.py:536} INFO - Filling up the DagBag from /home/airflow/.local/lib/python3.8/site-packages/airflow/example_dags/example_python_operator.py
[2023-11-14T21:43:04.839+0000] {processor.py:839} INFO - DAG(s) dict_keys(['example_python_operator']) retrieved from /home/airflow/.local/lib/python3.8/site-packages/airflow/example_dags/example_python_operator.py
[2023-11-14T21:43:04.867+0000] {logging_mixin.py:154} INFO - [2023-11-14T21:43:04.866+0000] {dag.py:2941} INFO - Sync 1 DAGs
[2023-11-14T21:43:04.881+0000] {logging_mixin.py:154} INFO - [2023-11-14T21:43:04.881+0000] {dag.py:3722} INFO - Setting next_dagrun for example_python_operator to None, run_after=None
[2023-11-14T21:43:04.904+0000] {processor.py:179} INFO - Processing /home/airflow/.local/lib/python3.8/site-packages/airflow/example_dags/example_python_operator.py took 0.086 seconds
[2023-11-14T21:43:35.701+0000] {processor.py:157} INFO - Started process (PID=1102) to work on /home/airflow/.local/lib/python3.8/site-packages/airflow/example_dags/example_python_operator.py
[2023-11-14T21:43:35.702+0000] {processor.py:829} INFO - Processing file /home/airflow/.local/lib/python3.8/site-packages/airflow/example_dags/example_python_operator.py for tasks to queue
[2023-11-14T21:43:35.706+0000] {logging_mixin.py:154} INFO - [2023-11-14T21:43:35.705+0000] {dagbag.py:536} INFO - Filling up the DagBag from /home/airflow/.local/lib/python3.8/site-packages/airflow/example_dags/example_python_operator.py
[2023-11-14T21:43:35.721+0000] {processor.py:839} INFO - DAG(s) dict_keys(['example_python_operator']) retrieved from /home/airflow/.local/lib/python3.8/site-packages/airflow/example_dags/example_python_operator.py
[2023-11-14T21:43:35.757+0000] {logging_mixin.py:154} INFO - [2023-11-14T21:43:35.757+0000] {dag.py:2941} INFO - Sync 1 DAGs
[2023-11-14T21:43:35.777+0000] {logging_mixin.py:154} INFO - [2023-11-14T21:43:35.777+0000] {dag.py:3722} INFO - Setting next_dagrun for example_python_operator to None, run_after=None
[2023-11-14T21:43:35.956+0000] {processor.py:179} INFO - Processing /home/airflow/.local/lib/python3.8/site-packages/airflow/example_dags/example_python_operator.py took 0.260 seconds
[2023-11-14T21:44:06.249+0000] {processor.py:157} INFO - Started process (PID=1156) to work on /home/airflow/.local/lib/python3.8/site-packages/airflow/example_dags/example_python_operator.py
[2023-11-14T21:44:06.251+0000] {processor.py:829} INFO - Processing file /home/airflow/.local/lib/python3.8/site-packages/airflow/example_dags/example_python_operator.py for tasks to queue
[2023-11-14T21:44:06.253+0000] {logging_mixin.py:154} INFO - [2023-11-14T21:44:06.253+0000] {dagbag.py:536} INFO - Filling up the DagBag from /home/airflow/.local/lib/python3.8/site-packages/airflow/example_dags/example_python_operator.py
[2023-11-14T21:44:06.266+0000] {processor.py:839} INFO - DAG(s) dict_keys(['example_python_operator']) retrieved from /home/airflow/.local/lib/python3.8/site-packages/airflow/example_dags/example_python_operator.py
[2023-11-14T21:44:06.297+0000] {logging_mixin.py:154} INFO - [2023-11-14T21:44:06.297+0000] {dag.py:2941} INFO - Sync 1 DAGs
[2023-11-14T21:44:06.314+0000] {logging_mixin.py:154} INFO - [2023-11-14T21:44:06.313+0000] {dag.py:3722} INFO - Setting next_dagrun for example_python_operator to None, run_after=None
[2023-11-14T21:44:06.339+0000] {processor.py:179} INFO - Processing /home/airflow/.local/lib/python3.8/site-packages/airflow/example_dags/example_python_operator.py took 0.094 seconds
[2023-11-14T21:44:36.404+0000] {processor.py:157} INFO - Started process (PID=1210) to work on /home/airflow/.local/lib/python3.8/site-packages/airflow/example_dags/example_python_operator.py
[2023-11-14T21:44:36.406+0000] {processor.py:829} INFO - Processing file /home/airflow/.local/lib/python3.8/site-packages/airflow/example_dags/example_python_operator.py for tasks to queue
[2023-11-14T21:44:36.412+0000] {logging_mixin.py:154} INFO - [2023-11-14T21:44:36.411+0000] {dagbag.py:536} INFO - Filling up the DagBag from /home/airflow/.local/lib/python3.8/site-packages/airflow/example_dags/example_python_operator.py
[2023-11-14T21:44:36.439+0000] {processor.py:839} INFO - DAG(s) dict_keys(['example_python_operator']) retrieved from /home/airflow/.local/lib/python3.8/site-packages/airflow/example_dags/example_python_operator.py
[2023-11-14T21:44:36.493+0000] {logging_mixin.py:154} INFO - [2023-11-14T21:44:36.493+0000] {dag.py:2941} INFO - Sync 1 DAGs
[2023-11-14T21:44:36.510+0000] {logging_mixin.py:154} INFO - [2023-11-14T21:44:36.510+0000] {dag.py:3722} INFO - Setting next_dagrun for example_python_operator to None, run_after=None
[2023-11-14T21:44:36.545+0000] {processor.py:179} INFO - Processing /home/airflow/.local/lib/python3.8/site-packages/airflow/example_dags/example_python_operator.py took 0.150 seconds
[2023-11-14T21:45:08.832+0000] {processor.py:157} INFO - Started process (PID=1271) to work on /home/airflow/.local/lib/python3.8/site-packages/airflow/example_dags/example_python_operator.py
[2023-11-14T21:45:08.834+0000] {processor.py:829} INFO - Processing file /home/airflow/.local/lib/python3.8/site-packages/airflow/example_dags/example_python_operator.py for tasks to queue
[2023-11-14T21:45:08.836+0000] {logging_mixin.py:154} INFO - [2023-11-14T21:45:08.836+0000] {dagbag.py:536} INFO - Filling up the DagBag from /home/airflow/.local/lib/python3.8/site-packages/airflow/example_dags/example_python_operator.py
[2023-11-14T21:45:08.848+0000] {processor.py:839} INFO - DAG(s) dict_keys(['example_python_operator']) retrieved from /home/airflow/.local/lib/python3.8/site-packages/airflow/example_dags/example_python_operator.py
[2023-11-14T21:45:08.876+0000] {logging_mixin.py:154} INFO - [2023-11-14T21:45:08.876+0000] {dag.py:2941} INFO - Sync 1 DAGs
[2023-11-14T21:45:09.040+0000] {logging_mixin.py:154} INFO - [2023-11-14T21:45:09.040+0000] {dag.py:3722} INFO - Setting next_dagrun for example_python_operator to None, run_after=None
[2023-11-14T21:45:09.084+0000] {processor.py:179} INFO - Processing /home/airflow/.local/lib/python3.8/site-packages/airflow/example_dags/example_python_operator.py took 0.257 seconds
[2023-11-14T21:45:39.638+0000] {processor.py:157} INFO - Started process (PID=1325) to work on /home/airflow/.local/lib/python3.8/site-packages/airflow/example_dags/example_python_operator.py
[2023-11-14T21:45:39.639+0000] {processor.py:829} INFO - Processing file /home/airflow/.local/lib/python3.8/site-packages/airflow/example_dags/example_python_operator.py for tasks to queue
[2023-11-14T21:45:39.641+0000] {logging_mixin.py:154} INFO - [2023-11-14T21:45:39.641+0000] {dagbag.py:536} INFO - Filling up the DagBag from /home/airflow/.local/lib/python3.8/site-packages/airflow/example_dags/example_python_operator.py
[2023-11-14T21:45:39.653+0000] {processor.py:839} INFO - DAG(s) dict_keys(['example_python_operator']) retrieved from /home/airflow/.local/lib/python3.8/site-packages/airflow/example_dags/example_python_operator.py
[2023-11-14T21:45:39.682+0000] {logging_mixin.py:154} INFO - [2023-11-14T21:45:39.681+0000] {dag.py:2941} INFO - Sync 1 DAGs
[2023-11-14T21:45:39.696+0000] {logging_mixin.py:154} INFO - [2023-11-14T21:45:39.696+0000] {dag.py:3722} INFO - Setting next_dagrun for example_python_operator to None, run_after=None
[2023-11-14T21:45:39.719+0000] {processor.py:179} INFO - Processing /home/airflow/.local/lib/python3.8/site-packages/airflow/example_dags/example_python_operator.py took 0.085 seconds
[2023-11-14T21:46:09.913+0000] {processor.py:157} INFO - Started process (PID=1379) to work on /home/airflow/.local/lib/python3.8/site-packages/airflow/example_dags/example_python_operator.py
[2023-11-14T21:46:09.915+0000] {processor.py:829} INFO - Processing file /home/airflow/.local/lib/python3.8/site-packages/airflow/example_dags/example_python_operator.py for tasks to queue
[2023-11-14T21:46:09.917+0000] {logging_mixin.py:154} INFO - [2023-11-14T21:46:09.917+0000] {dagbag.py:536} INFO - Filling up the DagBag from /home/airflow/.local/lib/python3.8/site-packages/airflow/example_dags/example_python_operator.py
[2023-11-14T21:46:09.932+0000] {processor.py:839} INFO - DAG(s) dict_keys(['example_python_operator']) retrieved from /home/airflow/.local/lib/python3.8/site-packages/airflow/example_dags/example_python_operator.py
[2023-11-14T21:46:09.963+0000] {logging_mixin.py:154} INFO - [2023-11-14T21:46:09.963+0000] {dag.py:2941} INFO - Sync 1 DAGs
[2023-11-14T21:46:09.979+0000] {logging_mixin.py:154} INFO - [2023-11-14T21:46:09.979+0000] {dag.py:3722} INFO - Setting next_dagrun for example_python_operator to None, run_after=None
[2023-11-14T21:46:10.003+0000] {processor.py:179} INFO - Processing /home/airflow/.local/lib/python3.8/site-packages/airflow/example_dags/example_python_operator.py took 0.095 seconds
[2023-11-14T21:46:40.764+0000] {processor.py:157} INFO - Started process (PID=1433) to work on /home/airflow/.local/lib/python3.8/site-packages/airflow/example_dags/example_python_operator.py
[2023-11-14T21:46:40.765+0000] {processor.py:829} INFO - Processing file /home/airflow/.local/lib/python3.8/site-packages/airflow/example_dags/example_python_operator.py for tasks to queue
[2023-11-14T21:46:40.767+0000] {logging_mixin.py:154} INFO - [2023-11-14T21:46:40.767+0000] {dagbag.py:536} INFO - Filling up the DagBag from /home/airflow/.local/lib/python3.8/site-packages/airflow/example_dags/example_python_operator.py
[2023-11-14T21:46:40.781+0000] {processor.py:839} INFO - DAG(s) dict_keys(['example_python_operator']) retrieved from /home/airflow/.local/lib/python3.8/site-packages/airflow/example_dags/example_python_operator.py
[2023-11-14T21:46:40.813+0000] {logging_mixin.py:154} INFO - [2023-11-14T21:46:40.813+0000] {dag.py:2941} INFO - Sync 1 DAGs
[2023-11-14T21:46:40.998+0000] {logging_mixin.py:154} INFO - [2023-11-14T21:46:40.998+0000] {dag.py:3722} INFO - Setting next_dagrun for example_python_operator to None, run_after=None
[2023-11-14T21:46:41.036+0000] {processor.py:179} INFO - Processing /home/airflow/.local/lib/python3.8/site-packages/airflow/example_dags/example_python_operator.py took 0.277 seconds
[2023-11-14T21:47:11.825+0000] {processor.py:157} INFO - Started process (PID=1487) to work on /home/airflow/.local/lib/python3.8/site-packages/airflow/example_dags/example_python_operator.py
[2023-11-14T21:47:11.828+0000] {processor.py:829} INFO - Processing file /home/airflow/.local/lib/python3.8/site-packages/airflow/example_dags/example_python_operator.py for tasks to queue
[2023-11-14T21:47:11.834+0000] {logging_mixin.py:154} INFO - [2023-11-14T21:47:11.833+0000] {dagbag.py:536} INFO - Filling up the DagBag from /home/airflow/.local/lib/python3.8/site-packages/airflow/example_dags/example_python_operator.py
[2023-11-14T21:47:11.851+0000] {processor.py:839} INFO - DAG(s) dict_keys(['example_python_operator']) retrieved from /home/airflow/.local/lib/python3.8/site-packages/airflow/example_dags/example_python_operator.py
[2023-11-14T21:47:11.882+0000] {logging_mixin.py:154} INFO - [2023-11-14T21:47:11.882+0000] {dag.py:2941} INFO - Sync 1 DAGs
[2023-11-14T21:47:11.898+0000] {logging_mixin.py:154} INFO - [2023-11-14T21:47:11.897+0000] {dag.py:3722} INFO - Setting next_dagrun for example_python_operator to None, run_after=None
[2023-11-14T21:47:11.925+0000] {processor.py:179} INFO - Processing /home/airflow/.local/lib/python3.8/site-packages/airflow/example_dags/example_python_operator.py took 0.106 seconds
[2023-11-14T21:47:42.381+0000] {processor.py:157} INFO - Started process (PID=1541) to work on /home/airflow/.local/lib/python3.8/site-packages/airflow/example_dags/example_python_operator.py
[2023-11-14T21:47:42.382+0000] {processor.py:829} INFO - Processing file /home/airflow/.local/lib/python3.8/site-packages/airflow/example_dags/example_python_operator.py for tasks to queue
[2023-11-14T21:47:42.386+0000] {logging_mixin.py:154} INFO - [2023-11-14T21:47:42.385+0000] {dagbag.py:536} INFO - Filling up the DagBag from /home/airflow/.local/lib/python3.8/site-packages/airflow/example_dags/example_python_operator.py
[2023-11-14T21:47:42.400+0000] {processor.py:839} INFO - DAG(s) dict_keys(['example_python_operator']) retrieved from /home/airflow/.local/lib/python3.8/site-packages/airflow/example_dags/example_python_operator.py
[2023-11-14T21:47:42.441+0000] {logging_mixin.py:154} INFO - [2023-11-14T21:47:42.440+0000] {dag.py:2941} INFO - Sync 1 DAGs
[2023-11-14T21:47:42.460+0000] {logging_mixin.py:154} INFO - [2023-11-14T21:47:42.460+0000] {dag.py:3722} INFO - Setting next_dagrun for example_python_operator to None, run_after=None
[2023-11-14T21:47:42.492+0000] {processor.py:179} INFO - Processing /home/airflow/.local/lib/python3.8/site-packages/airflow/example_dags/example_python_operator.py took 0.116 seconds
[2023-11-14T21:48:13.338+0000] {processor.py:157} INFO - Started process (PID=1596) to work on /home/airflow/.local/lib/python3.8/site-packages/airflow/example_dags/example_python_operator.py
[2023-11-14T21:48:13.341+0000] {processor.py:829} INFO - Processing file /home/airflow/.local/lib/python3.8/site-packages/airflow/example_dags/example_python_operator.py for tasks to queue
[2023-11-14T21:48:13.344+0000] {logging_mixin.py:154} INFO - [2023-11-14T21:48:13.344+0000] {dagbag.py:536} INFO - Filling up the DagBag from /home/airflow/.local/lib/python3.8/site-packages/airflow/example_dags/example_python_operator.py
[2023-11-14T21:48:13.361+0000] {processor.py:839} INFO - DAG(s) dict_keys(['example_python_operator']) retrieved from /home/airflow/.local/lib/python3.8/site-packages/airflow/example_dags/example_python_operator.py
[2023-11-14T21:48:13.413+0000] {logging_mixin.py:154} INFO - [2023-11-14T21:48:13.413+0000] {dag.py:2941} INFO - Sync 1 DAGs
[2023-11-14T21:48:13.649+0000] {logging_mixin.py:154} INFO - [2023-11-14T21:48:13.648+0000] {dag.py:3722} INFO - Setting next_dagrun for example_python_operator to None, run_after=None
[2023-11-14T21:48:13.686+0000] {processor.py:179} INFO - Processing /home/airflow/.local/lib/python3.8/site-packages/airflow/example_dags/example_python_operator.py took 0.354 seconds
[2023-11-14T21:48:44.151+0000] {processor.py:157} INFO - Started process (PID=1650) to work on /home/airflow/.local/lib/python3.8/site-packages/airflow/example_dags/example_python_operator.py
[2023-11-14T21:48:44.152+0000] {processor.py:829} INFO - Processing file /home/airflow/.local/lib/python3.8/site-packages/airflow/example_dags/example_python_operator.py for tasks to queue
[2023-11-14T21:48:44.154+0000] {logging_mixin.py:154} INFO - [2023-11-14T21:48:44.154+0000] {dagbag.py:536} INFO - Filling up the DagBag from /home/airflow/.local/lib/python3.8/site-packages/airflow/example_dags/example_python_operator.py
[2023-11-14T21:48:44.167+0000] {processor.py:839} INFO - DAG(s) dict_keys(['example_python_operator']) retrieved from /home/airflow/.local/lib/python3.8/site-packages/airflow/example_dags/example_python_operator.py
[2023-11-14T21:48:44.195+0000] {logging_mixin.py:154} INFO - [2023-11-14T21:48:44.195+0000] {dag.py:2941} INFO - Sync 1 DAGs
[2023-11-14T21:48:44.210+0000] {logging_mixin.py:154} INFO - [2023-11-14T21:48:44.210+0000] {dag.py:3722} INFO - Setting next_dagrun for example_python_operator to None, run_after=None
[2023-11-14T21:48:44.236+0000] {processor.py:179} INFO - Processing /home/airflow/.local/lib/python3.8/site-packages/airflow/example_dags/example_python_operator.py took 0.089 seconds
[2023-11-14T21:49:15.045+0000] {processor.py:157} INFO - Started process (PID=1704) to work on /home/airflow/.local/lib/python3.8/site-packages/airflow/example_dags/example_python_operator.py
[2023-11-14T21:49:15.047+0000] {processor.py:829} INFO - Processing file /home/airflow/.local/lib/python3.8/site-packages/airflow/example_dags/example_python_operator.py for tasks to queue
[2023-11-14T21:49:15.052+0000] {logging_mixin.py:154} INFO - [2023-11-14T21:49:15.052+0000] {dagbag.py:536} INFO - Filling up the DagBag from /home/airflow/.local/lib/python3.8/site-packages/airflow/example_dags/example_python_operator.py
[2023-11-14T21:49:15.081+0000] {processor.py:839} INFO - DAG(s) dict_keys(['example_python_operator']) retrieved from /home/airflow/.local/lib/python3.8/site-packages/airflow/example_dags/example_python_operator.py
[2023-11-14T21:49:15.274+0000] {logging_mixin.py:154} INFO - [2023-11-14T21:49:15.274+0000] {dag.py:2941} INFO - Sync 1 DAGs
[2023-11-14T21:49:15.294+0000] {logging_mixin.py:154} INFO - [2023-11-14T21:49:15.293+0000] {dag.py:3722} INFO - Setting next_dagrun for example_python_operator to None, run_after=None
[2023-11-14T21:49:15.330+0000] {processor.py:179} INFO - Processing /home/airflow/.local/lib/python3.8/site-packages/airflow/example_dags/example_python_operator.py took 0.292 seconds
[2023-11-14T21:49:45.956+0000] {processor.py:157} INFO - Started process (PID=1758) to work on /home/airflow/.local/lib/python3.8/site-packages/airflow/example_dags/example_python_operator.py
[2023-11-14T21:49:45.957+0000] {processor.py:829} INFO - Processing file /home/airflow/.local/lib/python3.8/site-packages/airflow/example_dags/example_python_operator.py for tasks to queue
[2023-11-14T21:49:45.962+0000] {logging_mixin.py:154} INFO - [2023-11-14T21:49:45.961+0000] {dagbag.py:536} INFO - Filling up the DagBag from /home/airflow/.local/lib/python3.8/site-packages/airflow/example_dags/example_python_operator.py
[2023-11-14T21:49:45.980+0000] {processor.py:839} INFO - DAG(s) dict_keys(['example_python_operator']) retrieved from /home/airflow/.local/lib/python3.8/site-packages/airflow/example_dags/example_python_operator.py
[2023-11-14T21:49:46.008+0000] {logging_mixin.py:154} INFO - [2023-11-14T21:49:46.008+0000] {dag.py:2941} INFO - Sync 1 DAGs
[2023-11-14T21:49:46.025+0000] {logging_mixin.py:154} INFO - [2023-11-14T21:49:46.024+0000] {dag.py:3722} INFO - Setting next_dagrun for example_python_operator to None, run_after=None
[2023-11-14T21:49:46.053+0000] {processor.py:179} INFO - Processing /home/airflow/.local/lib/python3.8/site-packages/airflow/example_dags/example_python_operator.py took 0.104 seconds
[2023-11-14T21:50:16.728+0000] {processor.py:157} INFO - Started process (PID=1812) to work on /home/airflow/.local/lib/python3.8/site-packages/airflow/example_dags/example_python_operator.py
[2023-11-14T21:50:16.731+0000] {processor.py:829} INFO - Processing file /home/airflow/.local/lib/python3.8/site-packages/airflow/example_dags/example_python_operator.py for tasks to queue
[2023-11-14T21:50:16.736+0000] {logging_mixin.py:154} INFO - [2023-11-14T21:50:16.735+0000] {dagbag.py:536} INFO - Filling up the DagBag from /home/airflow/.local/lib/python3.8/site-packages/airflow/example_dags/example_python_operator.py
[2023-11-14T21:50:16.752+0000] {processor.py:839} INFO - DAG(s) dict_keys(['example_python_operator']) retrieved from /home/airflow/.local/lib/python3.8/site-packages/airflow/example_dags/example_python_operator.py
[2023-11-14T21:50:16.780+0000] {logging_mixin.py:154} INFO - [2023-11-14T21:50:16.780+0000] {dag.py:2941} INFO - Sync 1 DAGs
[2023-11-14T21:50:16.796+0000] {logging_mixin.py:154} INFO - [2023-11-14T21:50:16.796+0000] {dag.py:3722} INFO - Setting next_dagrun for example_python_operator to None, run_after=None
[2023-11-14T21:50:16.821+0000] {processor.py:179} INFO - Processing /home/airflow/.local/lib/python3.8/site-packages/airflow/example_dags/example_python_operator.py took 0.103 seconds
[2023-11-14T21:50:47.145+0000] {processor.py:157} INFO - Started process (PID=1866) to work on /home/airflow/.local/lib/python3.8/site-packages/airflow/example_dags/example_python_operator.py
[2023-11-14T21:50:47.147+0000] {processor.py:829} INFO - Processing file /home/airflow/.local/lib/python3.8/site-packages/airflow/example_dags/example_python_operator.py for tasks to queue
[2023-11-14T21:50:47.153+0000] {logging_mixin.py:154} INFO - [2023-11-14T21:50:47.152+0000] {dagbag.py:536} INFO - Filling up the DagBag from /home/airflow/.local/lib/python3.8/site-packages/airflow/example_dags/example_python_operator.py
[2023-11-14T21:50:47.178+0000] {processor.py:839} INFO - DAG(s) dict_keys(['example_python_operator']) retrieved from /home/airflow/.local/lib/python3.8/site-packages/airflow/example_dags/example_python_operator.py
[2023-11-14T21:50:47.213+0000] {logging_mixin.py:154} INFO - [2023-11-14T21:50:47.213+0000] {dag.py:2941} INFO - Sync 1 DAGs
[2023-11-14T21:50:47.229+0000] {logging_mixin.py:154} INFO - [2023-11-14T21:50:47.229+0000] {dag.py:3722} INFO - Setting next_dagrun for example_python_operator to None, run_after=None
[2023-11-14T21:50:47.254+0000] {processor.py:179} INFO - Processing /home/airflow/.local/lib/python3.8/site-packages/airflow/example_dags/example_python_operator.py took 0.120 seconds
[2023-11-14T21:51:17.637+0000] {processor.py:157} INFO - Started process (PID=1920) to work on /home/airflow/.local/lib/python3.8/site-packages/airflow/example_dags/example_python_operator.py
[2023-11-14T21:51:17.639+0000] {processor.py:829} INFO - Processing file /home/airflow/.local/lib/python3.8/site-packages/airflow/example_dags/example_python_operator.py for tasks to queue
[2023-11-14T21:51:17.643+0000] {logging_mixin.py:154} INFO - [2023-11-14T21:51:17.643+0000] {dagbag.py:536} INFO - Filling up the DagBag from /home/airflow/.local/lib/python3.8/site-packages/airflow/example_dags/example_python_operator.py
[2023-11-14T21:51:17.659+0000] {processor.py:839} INFO - DAG(s) dict_keys(['example_python_operator']) retrieved from /home/airflow/.local/lib/python3.8/site-packages/airflow/example_dags/example_python_operator.py
[2023-11-14T21:51:17.688+0000] {logging_mixin.py:154} INFO - [2023-11-14T21:51:17.688+0000] {dag.py:2941} INFO - Sync 1 DAGs
[2023-11-14T21:51:17.704+0000] {logging_mixin.py:154} INFO - [2023-11-14T21:51:17.704+0000] {dag.py:3722} INFO - Setting next_dagrun for example_python_operator to None, run_after=None
[2023-11-14T21:51:17.729+0000] {processor.py:179} INFO - Processing /home/airflow/.local/lib/python3.8/site-packages/airflow/example_dags/example_python_operator.py took 0.098 seconds
[2023-11-14T21:51:48.090+0000] {processor.py:157} INFO - Started process (PID=1974) to work on /home/airflow/.local/lib/python3.8/site-packages/airflow/example_dags/example_python_operator.py
[2023-11-14T21:51:48.093+0000] {processor.py:829} INFO - Processing file /home/airflow/.local/lib/python3.8/site-packages/airflow/example_dags/example_python_operator.py for tasks to queue
[2023-11-14T21:51:48.098+0000] {logging_mixin.py:154} INFO - [2023-11-14T21:51:48.097+0000] {dagbag.py:536} INFO - Filling up the DagBag from /home/airflow/.local/lib/python3.8/site-packages/airflow/example_dags/example_python_operator.py
[2023-11-14T21:51:48.117+0000] {processor.py:839} INFO - DAG(s) dict_keys(['example_python_operator']) retrieved from /home/airflow/.local/lib/python3.8/site-packages/airflow/example_dags/example_python_operator.py
[2023-11-14T21:51:48.147+0000] {logging_mixin.py:154} INFO - [2023-11-14T21:51:48.147+0000] {dag.py:2941} INFO - Sync 1 DAGs
[2023-11-14T21:51:48.164+0000] {logging_mixin.py:154} INFO - [2023-11-14T21:51:48.163+0000] {dag.py:3722} INFO - Setting next_dagrun for example_python_operator to None, run_after=None
[2023-11-14T21:51:48.187+0000] {processor.py:179} INFO - Processing /home/airflow/.local/lib/python3.8/site-packages/airflow/example_dags/example_python_operator.py took 0.105 seconds
[2023-11-14T21:52:18.889+0000] {processor.py:157} INFO - Started process (PID=2029) to work on /home/airflow/.local/lib/python3.8/site-packages/airflow/example_dags/example_python_operator.py
[2023-11-14T21:52:18.891+0000] {processor.py:829} INFO - Processing file /home/airflow/.local/lib/python3.8/site-packages/airflow/example_dags/example_python_operator.py for tasks to queue
[2023-11-14T21:52:18.894+0000] {logging_mixin.py:154} INFO - [2023-11-14T21:52:18.894+0000] {dagbag.py:536} INFO - Filling up the DagBag from /home/airflow/.local/lib/python3.8/site-packages/airflow/example_dags/example_python_operator.py
[2023-11-14T21:52:18.911+0000] {processor.py:839} INFO - DAG(s) dict_keys(['example_python_operator']) retrieved from /home/airflow/.local/lib/python3.8/site-packages/airflow/example_dags/example_python_operator.py
[2023-11-14T21:52:18.946+0000] {logging_mixin.py:154} INFO - [2023-11-14T21:52:18.945+0000] {dag.py:2941} INFO - Sync 1 DAGs
[2023-11-14T21:52:18.962+0000] {logging_mixin.py:154} INFO - [2023-11-14T21:52:18.961+0000] {dag.py:3722} INFO - Setting next_dagrun for example_python_operator to None, run_after=None
[2023-11-14T21:52:18.988+0000] {processor.py:179} INFO - Processing /home/airflow/.local/lib/python3.8/site-packages/airflow/example_dags/example_python_operator.py took 0.104 seconds
[2023-11-14T21:52:49.168+0000] {processor.py:157} INFO - Started process (PID=2083) to work on /home/airflow/.local/lib/python3.8/site-packages/airflow/example_dags/example_python_operator.py
[2023-11-14T21:52:49.171+0000] {processor.py:829} INFO - Processing file /home/airflow/.local/lib/python3.8/site-packages/airflow/example_dags/example_python_operator.py for tasks to queue
[2023-11-14T21:52:49.174+0000] {logging_mixin.py:154} INFO - [2023-11-14T21:52:49.173+0000] {dagbag.py:536} INFO - Filling up the DagBag from /home/airflow/.local/lib/python3.8/site-packages/airflow/example_dags/example_python_operator.py
[2023-11-14T21:52:49.188+0000] {processor.py:839} INFO - DAG(s) dict_keys(['example_python_operator']) retrieved from /home/airflow/.local/lib/python3.8/site-packages/airflow/example_dags/example_python_operator.py
[2023-11-14T21:52:49.218+0000] {logging_mixin.py:154} INFO - [2023-11-14T21:52:49.217+0000] {dag.py:2941} INFO - Sync 1 DAGs
[2023-11-14T21:52:49.234+0000] {logging_mixin.py:154} INFO - [2023-11-14T21:52:49.234+0000] {dag.py:3722} INFO - Setting next_dagrun for example_python_operator to None, run_after=None
[2023-11-14T21:52:49.258+0000] {processor.py:179} INFO - Processing /home/airflow/.local/lib/python3.8/site-packages/airflow/example_dags/example_python_operator.py took 0.095 seconds
[2023-11-14T21:53:20.005+0000] {processor.py:157} INFO - Started process (PID=2137) to work on /home/airflow/.local/lib/python3.8/site-packages/airflow/example_dags/example_python_operator.py
[2023-11-14T21:53:20.007+0000] {processor.py:829} INFO - Processing file /home/airflow/.local/lib/python3.8/site-packages/airflow/example_dags/example_python_operator.py for tasks to queue
[2023-11-14T21:53:20.011+0000] {logging_mixin.py:154} INFO - [2023-11-14T21:53:20.010+0000] {dagbag.py:536} INFO - Filling up the DagBag from /home/airflow/.local/lib/python3.8/site-packages/airflow/example_dags/example_python_operator.py
[2023-11-14T21:53:20.026+0000] {processor.py:839} INFO - DAG(s) dict_keys(['example_python_operator']) retrieved from /home/airflow/.local/lib/python3.8/site-packages/airflow/example_dags/example_python_operator.py
[2023-11-14T21:53:20.055+0000] {logging_mixin.py:154} INFO - [2023-11-14T21:53:20.055+0000] {dag.py:2941} INFO - Sync 1 DAGs
[2023-11-14T21:53:20.070+0000] {logging_mixin.py:154} INFO - [2023-11-14T21:53:20.070+0000] {dag.py:3722} INFO - Setting next_dagrun for example_python_operator to None, run_after=None
[2023-11-14T21:53:20.093+0000] {processor.py:179} INFO - Processing /home/airflow/.local/lib/python3.8/site-packages/airflow/example_dags/example_python_operator.py took 0.094 seconds
[2023-11-14T21:53:50.870+0000] {processor.py:157} INFO - Started process (PID=2191) to work on /home/airflow/.local/lib/python3.8/site-packages/airflow/example_dags/example_python_operator.py
[2023-11-14T21:53:50.873+0000] {processor.py:829} INFO - Processing file /home/airflow/.local/lib/python3.8/site-packages/airflow/example_dags/example_python_operator.py for tasks to queue
[2023-11-14T21:53:50.876+0000] {logging_mixin.py:154} INFO - [2023-11-14T21:53:50.875+0000] {dagbag.py:536} INFO - Filling up the DagBag from /home/airflow/.local/lib/python3.8/site-packages/airflow/example_dags/example_python_operator.py
[2023-11-14T21:53:50.891+0000] {processor.py:839} INFO - DAG(s) dict_keys(['example_python_operator']) retrieved from /home/airflow/.local/lib/python3.8/site-packages/airflow/example_dags/example_python_operator.py
[2023-11-14T21:53:50.922+0000] {logging_mixin.py:154} INFO - [2023-11-14T21:53:50.922+0000] {dag.py:2941} INFO - Sync 1 DAGs
[2023-11-14T21:53:50.940+0000] {logging_mixin.py:154} INFO - [2023-11-14T21:53:50.940+0000] {dag.py:3722} INFO - Setting next_dagrun for example_python_operator to None, run_after=None
[2023-11-14T21:53:50.968+0000] {processor.py:179} INFO - Processing /home/airflow/.local/lib/python3.8/site-packages/airflow/example_dags/example_python_operator.py took 0.102 seconds
[2023-11-14T21:54:21.447+0000] {processor.py:157} INFO - Started process (PID=2245) to work on /home/airflow/.local/lib/python3.8/site-packages/airflow/example_dags/example_python_operator.py
[2023-11-14T21:54:21.449+0000] {processor.py:829} INFO - Processing file /home/airflow/.local/lib/python3.8/site-packages/airflow/example_dags/example_python_operator.py for tasks to queue
[2023-11-14T21:54:21.453+0000] {logging_mixin.py:154} INFO - [2023-11-14T21:54:21.452+0000] {dagbag.py:536} INFO - Filling up the DagBag from /home/airflow/.local/lib/python3.8/site-packages/airflow/example_dags/example_python_operator.py
[2023-11-14T21:54:21.469+0000] {processor.py:839} INFO - DAG(s) dict_keys(['example_python_operator']) retrieved from /home/airflow/.local/lib/python3.8/site-packages/airflow/example_dags/example_python_operator.py
[2023-11-14T21:54:21.504+0000] {logging_mixin.py:154} INFO - [2023-11-14T21:54:21.504+0000] {dag.py:2941} INFO - Sync 1 DAGs
[2023-11-14T21:54:21.523+0000] {logging_mixin.py:154} INFO - [2023-11-14T21:54:21.523+0000] {dag.py:3722} INFO - Setting next_dagrun for example_python_operator to None, run_after=None
[2023-11-14T21:54:21.552+0000] {processor.py:179} INFO - Processing /home/airflow/.local/lib/python3.8/site-packages/airflow/example_dags/example_python_operator.py took 0.113 seconds
[2023-11-14T21:54:52.401+0000] {processor.py:157} INFO - Started process (PID=2299) to work on /home/airflow/.local/lib/python3.8/site-packages/airflow/example_dags/example_python_operator.py
[2023-11-14T21:54:52.403+0000] {processor.py:829} INFO - Processing file /home/airflow/.local/lib/python3.8/site-packages/airflow/example_dags/example_python_operator.py for tasks to queue
[2023-11-14T21:54:52.406+0000] {logging_mixin.py:154} INFO - [2023-11-14T21:54:52.406+0000] {dagbag.py:536} INFO - Filling up the DagBag from /home/airflow/.local/lib/python3.8/site-packages/airflow/example_dags/example_python_operator.py
[2023-11-14T21:54:52.422+0000] {processor.py:839} INFO - DAG(s) dict_keys(['example_python_operator']) retrieved from /home/airflow/.local/lib/python3.8/site-packages/airflow/example_dags/example_python_operator.py
[2023-11-14T21:54:52.454+0000] {logging_mixin.py:154} INFO - [2023-11-14T21:54:52.453+0000] {dag.py:2941} INFO - Sync 1 DAGs
[2023-11-14T21:54:52.470+0000] {logging_mixin.py:154} INFO - [2023-11-14T21:54:52.470+0000] {dag.py:3722} INFO - Setting next_dagrun for example_python_operator to None, run_after=None
[2023-11-14T21:54:52.498+0000] {processor.py:179} INFO - Processing /home/airflow/.local/lib/python3.8/site-packages/airflow/example_dags/example_python_operator.py took 0.104 seconds
[2023-11-14T21:55:22.676+0000] {processor.py:157} INFO - Started process (PID=2354) to work on /home/airflow/.local/lib/python3.8/site-packages/airflow/example_dags/example_python_operator.py
[2023-11-14T21:55:22.681+0000] {processor.py:829} INFO - Processing file /home/airflow/.local/lib/python3.8/site-packages/airflow/example_dags/example_python_operator.py for tasks to queue
[2023-11-14T21:55:22.698+0000] {logging_mixin.py:154} INFO - [2023-11-14T21:55:22.696+0000] {dagbag.py:536} INFO - Filling up the DagBag from /home/airflow/.local/lib/python3.8/site-packages/airflow/example_dags/example_python_operator.py
[2023-11-14T21:55:22.760+0000] {processor.py:839} INFO - DAG(s) dict_keys(['example_python_operator']) retrieved from /home/airflow/.local/lib/python3.8/site-packages/airflow/example_dags/example_python_operator.py
[2023-11-14T21:55:22.804+0000] {logging_mixin.py:154} INFO - [2023-11-14T21:55:22.804+0000] {dag.py:2941} INFO - Sync 1 DAGs
[2023-11-14T21:55:22.826+0000] {logging_mixin.py:154} INFO - [2023-11-14T21:55:22.825+0000] {dag.py:3722} INFO - Setting next_dagrun for example_python_operator to None, run_after=None
[2023-11-14T21:55:22.859+0000] {processor.py:179} INFO - Processing /home/airflow/.local/lib/python3.8/site-packages/airflow/example_dags/example_python_operator.py took 0.205 seconds
[2023-11-14T21:55:53.091+0000] {processor.py:157} INFO - Started process (PID=2408) to work on /home/airflow/.local/lib/python3.8/site-packages/airflow/example_dags/example_python_operator.py
[2023-11-14T21:55:53.093+0000] {processor.py:829} INFO - Processing file /home/airflow/.local/lib/python3.8/site-packages/airflow/example_dags/example_python_operator.py for tasks to queue
[2023-11-14T21:55:53.099+0000] {logging_mixin.py:154} INFO - [2023-11-14T21:55:53.099+0000] {dagbag.py:536} INFO - Filling up the DagBag from /home/airflow/.local/lib/python3.8/site-packages/airflow/example_dags/example_python_operator.py
[2023-11-14T21:55:53.126+0000] {processor.py:839} INFO - DAG(s) dict_keys(['example_python_operator']) retrieved from /home/airflow/.local/lib/python3.8/site-packages/airflow/example_dags/example_python_operator.py
[2023-11-14T21:55:53.164+0000] {logging_mixin.py:154} INFO - [2023-11-14T21:55:53.164+0000] {dag.py:2941} INFO - Sync 1 DAGs
[2023-11-14T21:55:53.181+0000] {logging_mixin.py:154} INFO - [2023-11-14T21:55:53.181+0000] {dag.py:3722} INFO - Setting next_dagrun for example_python_operator to None, run_after=None
[2023-11-14T21:55:53.206+0000] {processor.py:179} INFO - Processing /home/airflow/.local/lib/python3.8/site-packages/airflow/example_dags/example_python_operator.py took 0.125 seconds
[2023-11-14T21:56:23.678+0000] {processor.py:157} INFO - Started process (PID=2462) to work on /home/airflow/.local/lib/python3.8/site-packages/airflow/example_dags/example_python_operator.py
[2023-11-14T21:56:23.679+0000] {processor.py:829} INFO - Processing file /home/airflow/.local/lib/python3.8/site-packages/airflow/example_dags/example_python_operator.py for tasks to queue
[2023-11-14T21:56:23.681+0000] {logging_mixin.py:154} INFO - [2023-11-14T21:56:23.681+0000] {dagbag.py:536} INFO - Filling up the DagBag from /home/airflow/.local/lib/python3.8/site-packages/airflow/example_dags/example_python_operator.py
[2023-11-14T21:56:23.695+0000] {processor.py:839} INFO - DAG(s) dict_keys(['example_python_operator']) retrieved from /home/airflow/.local/lib/python3.8/site-packages/airflow/example_dags/example_python_operator.py
[2023-11-14T21:56:23.727+0000] {logging_mixin.py:154} INFO - [2023-11-14T21:56:23.727+0000] {dag.py:2941} INFO - Sync 1 DAGs
[2023-11-14T21:56:23.744+0000] {logging_mixin.py:154} INFO - [2023-11-14T21:56:23.744+0000] {dag.py:3722} INFO - Setting next_dagrun for example_python_operator to None, run_after=None
[2023-11-14T21:56:23.775+0000] {processor.py:179} INFO - Processing /home/airflow/.local/lib/python3.8/site-packages/airflow/example_dags/example_python_operator.py took 0.101 seconds
[2023-11-14T21:56:54.545+0000] {processor.py:157} INFO - Started process (PID=2517) to work on /home/airflow/.local/lib/python3.8/site-packages/airflow/example_dags/example_python_operator.py
[2023-11-14T21:56:54.546+0000] {processor.py:829} INFO - Processing file /home/airflow/.local/lib/python3.8/site-packages/airflow/example_dags/example_python_operator.py for tasks to queue
[2023-11-14T21:56:54.550+0000] {logging_mixin.py:154} INFO - [2023-11-14T21:56:54.550+0000] {dagbag.py:536} INFO - Filling up the DagBag from /home/airflow/.local/lib/python3.8/site-packages/airflow/example_dags/example_python_operator.py
[2023-11-14T21:56:54.565+0000] {processor.py:839} INFO - DAG(s) dict_keys(['example_python_operator']) retrieved from /home/airflow/.local/lib/python3.8/site-packages/airflow/example_dags/example_python_operator.py
[2023-11-14T21:56:54.594+0000] {logging_mixin.py:154} INFO - [2023-11-14T21:56:54.593+0000] {dag.py:2941} INFO - Sync 1 DAGs
[2023-11-14T21:56:54.614+0000] {logging_mixin.py:154} INFO - [2023-11-14T21:56:54.614+0000] {dag.py:3722} INFO - Setting next_dagrun for example_python_operator to None, run_after=None
[2023-11-14T21:56:54.640+0000] {processor.py:179} INFO - Processing /home/airflow/.local/lib/python3.8/site-packages/airflow/example_dags/example_python_operator.py took 0.103 seconds
[2023-11-14T21:57:25.307+0000] {processor.py:157} INFO - Started process (PID=2571) to work on /home/airflow/.local/lib/python3.8/site-packages/airflow/example_dags/example_python_operator.py
[2023-11-14T21:57:25.308+0000] {processor.py:829} INFO - Processing file /home/airflow/.local/lib/python3.8/site-packages/airflow/example_dags/example_python_operator.py for tasks to queue
[2023-11-14T21:57:25.312+0000] {logging_mixin.py:154} INFO - [2023-11-14T21:57:25.312+0000] {dagbag.py:536} INFO - Filling up the DagBag from /home/airflow/.local/lib/python3.8/site-packages/airflow/example_dags/example_python_operator.py
[2023-11-14T21:57:25.329+0000] {processor.py:839} INFO - DAG(s) dict_keys(['example_python_operator']) retrieved from /home/airflow/.local/lib/python3.8/site-packages/airflow/example_dags/example_python_operator.py
[2023-11-14T21:57:25.362+0000] {logging_mixin.py:154} INFO - [2023-11-14T21:57:25.362+0000] {dag.py:2941} INFO - Sync 1 DAGs
[2023-11-14T21:57:25.379+0000] {logging_mixin.py:154} INFO - [2023-11-14T21:57:25.378+0000] {dag.py:3722} INFO - Setting next_dagrun for example_python_operator to None, run_after=None
[2023-11-14T21:57:25.406+0000] {processor.py:179} INFO - Processing /home/airflow/.local/lib/python3.8/site-packages/airflow/example_dags/example_python_operator.py took 0.106 seconds
[2023-11-14T21:57:55.701+0000] {processor.py:157} INFO - Started process (PID=2626) to work on /home/airflow/.local/lib/python3.8/site-packages/airflow/example_dags/example_python_operator.py
[2023-11-14T21:57:55.708+0000] {processor.py:829} INFO - Processing file /home/airflow/.local/lib/python3.8/site-packages/airflow/example_dags/example_python_operator.py for tasks to queue
[2023-11-14T21:57:55.724+0000] {logging_mixin.py:154} INFO - [2023-11-14T21:57:55.723+0000] {dagbag.py:536} INFO - Filling up the DagBag from /home/airflow/.local/lib/python3.8/site-packages/airflow/example_dags/example_python_operator.py
[2023-11-14T21:57:55.755+0000] {processor.py:839} INFO - DAG(s) dict_keys(['example_python_operator']) retrieved from /home/airflow/.local/lib/python3.8/site-packages/airflow/example_dags/example_python_operator.py
[2023-11-14T21:57:55.789+0000] {logging_mixin.py:154} INFO - [2023-11-14T21:57:55.788+0000] {dag.py:2941} INFO - Sync 1 DAGs
[2023-11-14T21:57:55.807+0000] {logging_mixin.py:154} INFO - [2023-11-14T21:57:55.807+0000] {dag.py:3722} INFO - Setting next_dagrun for example_python_operator to None, run_after=None
[2023-11-14T21:57:55.836+0000] {processor.py:179} INFO - Processing /home/airflow/.local/lib/python3.8/site-packages/airflow/example_dags/example_python_operator.py took 0.160 seconds
[2023-11-14T21:58:25.881+0000] {processor.py:157} INFO - Started process (PID=2680) to work on /home/airflow/.local/lib/python3.8/site-packages/airflow/example_dags/example_python_operator.py
[2023-11-14T21:58:25.883+0000] {processor.py:829} INFO - Processing file /home/airflow/.local/lib/python3.8/site-packages/airflow/example_dags/example_python_operator.py for tasks to queue
[2023-11-14T21:58:25.887+0000] {logging_mixin.py:154} INFO - [2023-11-14T21:58:25.886+0000] {dagbag.py:536} INFO - Filling up the DagBag from /home/airflow/.local/lib/python3.8/site-packages/airflow/example_dags/example_python_operator.py
[2023-11-14T21:58:25.906+0000] {processor.py:839} INFO - DAG(s) dict_keys(['example_python_operator']) retrieved from /home/airflow/.local/lib/python3.8/site-packages/airflow/example_dags/example_python_operator.py
[2023-11-14T21:58:25.945+0000] {logging_mixin.py:154} INFO - [2023-11-14T21:58:25.945+0000] {dag.py:2941} INFO - Sync 1 DAGs
[2023-11-14T21:58:25.969+0000] {logging_mixin.py:154} INFO - [2023-11-14T21:58:25.969+0000] {dag.py:3722} INFO - Setting next_dagrun for example_python_operator to None, run_after=None
[2023-11-14T21:58:26.003+0000] {processor.py:179} INFO - Processing /home/airflow/.local/lib/python3.8/site-packages/airflow/example_dags/example_python_operator.py took 0.127 seconds
[2023-11-14T21:58:56.424+0000] {processor.py:157} INFO - Started process (PID=2734) to work on /home/airflow/.local/lib/python3.8/site-packages/airflow/example_dags/example_python_operator.py
[2023-11-14T21:58:56.426+0000] {processor.py:829} INFO - Processing file /home/airflow/.local/lib/python3.8/site-packages/airflow/example_dags/example_python_operator.py for tasks to queue
[2023-11-14T21:58:56.429+0000] {logging_mixin.py:154} INFO - [2023-11-14T21:58:56.428+0000] {dagbag.py:536} INFO - Filling up the DagBag from /home/airflow/.local/lib/python3.8/site-packages/airflow/example_dags/example_python_operator.py
[2023-11-14T21:58:56.442+0000] {processor.py:839} INFO - DAG(s) dict_keys(['example_python_operator']) retrieved from /home/airflow/.local/lib/python3.8/site-packages/airflow/example_dags/example_python_operator.py
[2023-11-14T21:58:56.474+0000] {logging_mixin.py:154} INFO - [2023-11-14T21:58:56.474+0000] {dag.py:2941} INFO - Sync 1 DAGs
[2023-11-14T21:58:56.491+0000] {logging_mixin.py:154} INFO - [2023-11-14T21:58:56.490+0000] {dag.py:3722} INFO - Setting next_dagrun for example_python_operator to None, run_after=None
[2023-11-14T21:58:56.540+0000] {processor.py:179} INFO - Processing /home/airflow/.local/lib/python3.8/site-packages/airflow/example_dags/example_python_operator.py took 0.121 seconds
[2023-11-14T21:59:26.963+0000] {processor.py:157} INFO - Started process (PID=2788) to work on /home/airflow/.local/lib/python3.8/site-packages/airflow/example_dags/example_python_operator.py
[2023-11-14T21:59:26.965+0000] {processor.py:829} INFO - Processing file /home/airflow/.local/lib/python3.8/site-packages/airflow/example_dags/example_python_operator.py for tasks to queue
[2023-11-14T21:59:26.968+0000] {logging_mixin.py:154} INFO - [2023-11-14T21:59:26.967+0000] {dagbag.py:536} INFO - Filling up the DagBag from /home/airflow/.local/lib/python3.8/site-packages/airflow/example_dags/example_python_operator.py
[2023-11-14T21:59:26.982+0000] {processor.py:839} INFO - DAG(s) dict_keys(['example_python_operator']) retrieved from /home/airflow/.local/lib/python3.8/site-packages/airflow/example_dags/example_python_operator.py
[2023-11-14T21:59:27.033+0000] {logging_mixin.py:154} INFO - [2023-11-14T21:59:27.033+0000] {dag.py:2941} INFO - Sync 1 DAGs
[2023-11-14T21:59:27.068+0000] {logging_mixin.py:154} INFO - [2023-11-14T21:59:27.068+0000] {dag.py:3722} INFO - Setting next_dagrun for example_python_operator to None, run_after=None
[2023-11-14T21:59:27.095+0000] {processor.py:179} INFO - Processing /home/airflow/.local/lib/python3.8/site-packages/airflow/example_dags/example_python_operator.py took 0.139 seconds
