[2023-11-14T21:33:51.544+0000] {processor.py:157} INFO - Started process (PID=35) to work on /home/airflow/.local/lib/python3.8/site-packages/airflow/example_dags/example_nested_branch_dag.py
[2023-11-14T21:33:51.545+0000] {processor.py:829} INFO - Processing file /home/airflow/.local/lib/python3.8/site-packages/airflow/example_dags/example_nested_branch_dag.py for tasks to queue
[2023-11-14T21:33:51.548+0000] {logging_mixin.py:154} INFO - [2023-11-14T21:33:51.548+0000] {dagbag.py:536} INFO - Filling up the DagBag from /home/airflow/.local/lib/python3.8/site-packages/airflow/example_dags/example_nested_branch_dag.py
[2023-11-14T21:33:51.570+0000] {processor.py:839} INFO - DAG(s) dict_keys(['example_nested_branch_dag']) retrieved from /home/airflow/.local/lib/python3.8/site-packages/airflow/example_dags/example_nested_branch_dag.py
[2023-11-14T21:33:51.863+0000] {logging_mixin.py:154} INFO - [2023-11-14T21:33:51.863+0000] {manager.py:499} INFO - Created Permission View: %s
[2023-11-14T21:33:51.878+0000] {logging_mixin.py:154} INFO - [2023-11-14T21:33:51.878+0000] {manager.py:499} INFO - Created Permission View: %s
[2023-11-14T21:33:51.897+0000] {logging_mixin.py:154} INFO - [2023-11-14T21:33:51.896+0000] {manager.py:499} INFO - Created Permission View: %s
[2023-11-14T21:33:51.897+0000] {logging_mixin.py:154} INFO - [2023-11-14T21:33:51.897+0000] {dag.py:2941} INFO - Sync 1 DAGs
[2023-11-14T21:33:51.929+0000] {logging_mixin.py:154} INFO - [2023-11-14T21:33:51.929+0000] {dag.py:2963} INFO - Creating ORM DAG for example_nested_branch_dag
[2023-11-14T21:33:51.956+0000] {logging_mixin.py:154} INFO - [2023-11-14T21:33:51.956+0000] {dag.py:3722} INFO - Setting next_dagrun for example_nested_branch_dag to 2023-11-13T00:00:00+00:00, run_after=2023-11-14T00:00:00+00:00
[2023-11-14T21:33:51.989+0000] {processor.py:179} INFO - Processing /home/airflow/.local/lib/python3.8/site-packages/airflow/example_dags/example_nested_branch_dag.py took 0.451 seconds
[2023-11-14T21:34:22.293+0000] {processor.py:157} INFO - Started process (PID=89) to work on /home/airflow/.local/lib/python3.8/site-packages/airflow/example_dags/example_nested_branch_dag.py
[2023-11-14T21:34:22.300+0000] {processor.py:829} INFO - Processing file /home/airflow/.local/lib/python3.8/site-packages/airflow/example_dags/example_nested_branch_dag.py for tasks to queue
[2023-11-14T21:34:22.306+0000] {logging_mixin.py:154} INFO - [2023-11-14T21:34:22.306+0000] {dagbag.py:536} INFO - Filling up the DagBag from /home/airflow/.local/lib/python3.8/site-packages/airflow/example_dags/example_nested_branch_dag.py
[2023-11-14T21:34:22.330+0000] {processor.py:839} INFO - DAG(s) dict_keys(['example_nested_branch_dag']) retrieved from /home/airflow/.local/lib/python3.8/site-packages/airflow/example_dags/example_nested_branch_dag.py
[2023-11-14T21:34:22.373+0000] {logging_mixin.py:154} INFO - [2023-11-14T21:34:22.372+0000] {dag.py:2941} INFO - Sync 1 DAGs
[2023-11-14T21:34:22.433+0000] {logging_mixin.py:154} INFO - [2023-11-14T21:34:22.432+0000] {dag.py:3722} INFO - Setting next_dagrun for example_nested_branch_dag to 2023-11-13T00:00:00+00:00, run_after=2023-11-14T00:00:00+00:00
[2023-11-14T21:34:22.475+0000] {processor.py:179} INFO - Processing /home/airflow/.local/lib/python3.8/site-packages/airflow/example_dags/example_nested_branch_dag.py took 0.190 seconds
[2023-11-14T21:34:52.709+0000] {processor.py:157} INFO - Started process (PID=143) to work on /home/airflow/.local/lib/python3.8/site-packages/airflow/example_dags/example_nested_branch_dag.py
[2023-11-14T21:34:52.711+0000] {processor.py:829} INFO - Processing file /home/airflow/.local/lib/python3.8/site-packages/airflow/example_dags/example_nested_branch_dag.py for tasks to queue
[2023-11-14T21:34:52.717+0000] {logging_mixin.py:154} INFO - [2023-11-14T21:34:52.716+0000] {dagbag.py:536} INFO - Filling up the DagBag from /home/airflow/.local/lib/python3.8/site-packages/airflow/example_dags/example_nested_branch_dag.py
[2023-11-14T21:34:52.735+0000] {processor.py:839} INFO - DAG(s) dict_keys(['example_nested_branch_dag']) retrieved from /home/airflow/.local/lib/python3.8/site-packages/airflow/example_dags/example_nested_branch_dag.py
[2023-11-14T21:34:52.761+0000] {logging_mixin.py:154} INFO - [2023-11-14T21:34:52.761+0000] {dag.py:2941} INFO - Sync 1 DAGs
[2023-11-14T21:34:52.789+0000] {logging_mixin.py:154} INFO - [2023-11-14T21:34:52.789+0000] {dag.py:3722} INFO - Setting next_dagrun for example_nested_branch_dag to 2023-11-13T00:00:00+00:00, run_after=2023-11-14T00:00:00+00:00
[2023-11-14T21:34:52.830+0000] {processor.py:179} INFO - Processing /home/airflow/.local/lib/python3.8/site-packages/airflow/example_dags/example_nested_branch_dag.py took 0.130 seconds
[2023-11-14T21:35:23.361+0000] {processor.py:157} INFO - Started process (PID=197) to work on /home/airflow/.local/lib/python3.8/site-packages/airflow/example_dags/example_nested_branch_dag.py
[2023-11-14T21:35:23.362+0000] {processor.py:829} INFO - Processing file /home/airflow/.local/lib/python3.8/site-packages/airflow/example_dags/example_nested_branch_dag.py for tasks to queue
[2023-11-14T21:35:23.367+0000] {logging_mixin.py:154} INFO - [2023-11-14T21:35:23.366+0000] {dagbag.py:536} INFO - Filling up the DagBag from /home/airflow/.local/lib/python3.8/site-packages/airflow/example_dags/example_nested_branch_dag.py
[2023-11-14T21:35:23.386+0000] {processor.py:839} INFO - DAG(s) dict_keys(['example_nested_branch_dag']) retrieved from /home/airflow/.local/lib/python3.8/site-packages/airflow/example_dags/example_nested_branch_dag.py
[2023-11-14T21:35:23.424+0000] {logging_mixin.py:154} INFO - [2023-11-14T21:35:23.423+0000] {dag.py:2941} INFO - Sync 1 DAGs
[2023-11-14T21:35:23.475+0000] {logging_mixin.py:154} INFO - [2023-11-14T21:35:23.474+0000] {dag.py:3722} INFO - Setting next_dagrun for example_nested_branch_dag to 2023-11-13T00:00:00+00:00, run_after=2023-11-14T00:00:00+00:00
[2023-11-14T21:35:23.504+0000] {processor.py:179} INFO - Processing /home/airflow/.local/lib/python3.8/site-packages/airflow/example_dags/example_nested_branch_dag.py took 0.148 seconds
[2023-11-14T21:35:53.982+0000] {processor.py:157} INFO - Started process (PID=251) to work on /home/airflow/.local/lib/python3.8/site-packages/airflow/example_dags/example_nested_branch_dag.py
[2023-11-14T21:35:53.985+0000] {processor.py:829} INFO - Processing file /home/airflow/.local/lib/python3.8/site-packages/airflow/example_dags/example_nested_branch_dag.py for tasks to queue
[2023-11-14T21:35:53.991+0000] {logging_mixin.py:154} INFO - [2023-11-14T21:35:53.991+0000] {dagbag.py:536} INFO - Filling up the DagBag from /home/airflow/.local/lib/python3.8/site-packages/airflow/example_dags/example_nested_branch_dag.py
[2023-11-14T21:35:54.011+0000] {processor.py:839} INFO - DAG(s) dict_keys(['example_nested_branch_dag']) retrieved from /home/airflow/.local/lib/python3.8/site-packages/airflow/example_dags/example_nested_branch_dag.py
[2023-11-14T21:35:54.038+0000] {logging_mixin.py:154} INFO - [2023-11-14T21:35:54.038+0000] {dag.py:2941} INFO - Sync 1 DAGs
[2023-11-14T21:35:54.066+0000] {logging_mixin.py:154} INFO - [2023-11-14T21:35:54.066+0000] {dag.py:3722} INFO - Setting next_dagrun for example_nested_branch_dag to 2023-11-13T00:00:00+00:00, run_after=2023-11-14T00:00:00+00:00
[2023-11-14T21:35:54.113+0000] {processor.py:179} INFO - Processing /home/airflow/.local/lib/python3.8/site-packages/airflow/example_dags/example_nested_branch_dag.py took 0.138 seconds
[2023-11-14T21:36:24.506+0000] {processor.py:157} INFO - Started process (PID=306) to work on /home/airflow/.local/lib/python3.8/site-packages/airflow/example_dags/example_nested_branch_dag.py
[2023-11-14T21:36:24.508+0000] {processor.py:829} INFO - Processing file /home/airflow/.local/lib/python3.8/site-packages/airflow/example_dags/example_nested_branch_dag.py for tasks to queue
[2023-11-14T21:36:24.513+0000] {logging_mixin.py:154} INFO - [2023-11-14T21:36:24.512+0000] {dagbag.py:536} INFO - Filling up the DagBag from /home/airflow/.local/lib/python3.8/site-packages/airflow/example_dags/example_nested_branch_dag.py
[2023-11-14T21:36:24.527+0000] {processor.py:839} INFO - DAG(s) dict_keys(['example_nested_branch_dag']) retrieved from /home/airflow/.local/lib/python3.8/site-packages/airflow/example_dags/example_nested_branch_dag.py
[2023-11-14T21:36:24.555+0000] {logging_mixin.py:154} INFO - [2023-11-14T21:36:24.554+0000] {dag.py:2941} INFO - Sync 1 DAGs
[2023-11-14T21:36:24.584+0000] {logging_mixin.py:154} INFO - [2023-11-14T21:36:24.583+0000] {dag.py:3722} INFO - Setting next_dagrun for example_nested_branch_dag to 2023-11-13T00:00:00+00:00, run_after=2023-11-14T00:00:00+00:00
[2023-11-14T21:36:24.607+0000] {processor.py:179} INFO - Processing /home/airflow/.local/lib/python3.8/site-packages/airflow/example_dags/example_nested_branch_dag.py took 0.108 seconds
[2023-11-14T21:36:55.051+0000] {processor.py:157} INFO - Started process (PID=360) to work on /home/airflow/.local/lib/python3.8/site-packages/airflow/example_dags/example_nested_branch_dag.py
[2023-11-14T21:36:55.057+0000] {processor.py:829} INFO - Processing file /home/airflow/.local/lib/python3.8/site-packages/airflow/example_dags/example_nested_branch_dag.py for tasks to queue
[2023-11-14T21:36:55.061+0000] {logging_mixin.py:154} INFO - [2023-11-14T21:36:55.061+0000] {dagbag.py:536} INFO - Filling up the DagBag from /home/airflow/.local/lib/python3.8/site-packages/airflow/example_dags/example_nested_branch_dag.py
[2023-11-14T21:36:55.079+0000] {processor.py:839} INFO - DAG(s) dict_keys(['example_nested_branch_dag']) retrieved from /home/airflow/.local/lib/python3.8/site-packages/airflow/example_dags/example_nested_branch_dag.py
[2023-11-14T21:36:55.114+0000] {logging_mixin.py:154} INFO - [2023-11-14T21:36:55.114+0000] {dag.py:2941} INFO - Sync 1 DAGs
[2023-11-14T21:36:55.150+0000] {logging_mixin.py:154} INFO - [2023-11-14T21:36:55.149+0000] {dag.py:3722} INFO - Setting next_dagrun for example_nested_branch_dag to 2023-11-13T00:00:00+00:00, run_after=2023-11-14T00:00:00+00:00
[2023-11-14T21:36:55.189+0000] {processor.py:179} INFO - Processing /home/airflow/.local/lib/python3.8/site-packages/airflow/example_dags/example_nested_branch_dag.py took 0.142 seconds
[2023-11-14T21:37:25.641+0000] {processor.py:157} INFO - Started process (PID=414) to work on /home/airflow/.local/lib/python3.8/site-packages/airflow/example_dags/example_nested_branch_dag.py
[2023-11-14T21:37:25.643+0000] {processor.py:829} INFO - Processing file /home/airflow/.local/lib/python3.8/site-packages/airflow/example_dags/example_nested_branch_dag.py for tasks to queue
[2023-11-14T21:37:25.649+0000] {logging_mixin.py:154} INFO - [2023-11-14T21:37:25.648+0000] {dagbag.py:536} INFO - Filling up the DagBag from /home/airflow/.local/lib/python3.8/site-packages/airflow/example_dags/example_nested_branch_dag.py
[2023-11-14T21:37:25.664+0000] {processor.py:839} INFO - DAG(s) dict_keys(['example_nested_branch_dag']) retrieved from /home/airflow/.local/lib/python3.8/site-packages/airflow/example_dags/example_nested_branch_dag.py
[2023-11-14T21:37:25.696+0000] {logging_mixin.py:154} INFO - [2023-11-14T21:37:25.696+0000] {dag.py:2941} INFO - Sync 1 DAGs
[2023-11-14T21:37:25.731+0000] {logging_mixin.py:154} INFO - [2023-11-14T21:37:25.731+0000] {dag.py:3722} INFO - Setting next_dagrun for example_nested_branch_dag to 2023-11-13T00:00:00+00:00, run_after=2023-11-14T00:00:00+00:00
[2023-11-14T21:37:25.766+0000] {processor.py:179} INFO - Processing /home/airflow/.local/lib/python3.8/site-packages/airflow/example_dags/example_nested_branch_dag.py took 0.133 seconds
[2023-11-14T21:37:55.866+0000] {processor.py:157} INFO - Started process (PID=468) to work on /home/airflow/.local/lib/python3.8/site-packages/airflow/example_dags/example_nested_branch_dag.py
[2023-11-14T21:37:55.869+0000] {processor.py:829} INFO - Processing file /home/airflow/.local/lib/python3.8/site-packages/airflow/example_dags/example_nested_branch_dag.py for tasks to queue
[2023-11-14T21:37:55.876+0000] {logging_mixin.py:154} INFO - [2023-11-14T21:37:55.874+0000] {dagbag.py:536} INFO - Filling up the DagBag from /home/airflow/.local/lib/python3.8/site-packages/airflow/example_dags/example_nested_branch_dag.py
[2023-11-14T21:37:55.899+0000] {processor.py:839} INFO - DAG(s) dict_keys(['example_nested_branch_dag']) retrieved from /home/airflow/.local/lib/python3.8/site-packages/airflow/example_dags/example_nested_branch_dag.py
[2023-11-14T21:37:55.936+0000] {logging_mixin.py:154} INFO - [2023-11-14T21:37:55.936+0000] {dag.py:2941} INFO - Sync 1 DAGs
[2023-11-14T21:37:55.965+0000] {logging_mixin.py:154} INFO - [2023-11-14T21:37:55.965+0000] {dag.py:3722} INFO - Setting next_dagrun for example_nested_branch_dag to 2023-11-13T00:00:00+00:00, run_after=2023-11-14T00:00:00+00:00
[2023-11-14T21:37:55.987+0000] {processor.py:179} INFO - Processing /home/airflow/.local/lib/python3.8/site-packages/airflow/example_dags/example_nested_branch_dag.py took 0.130 seconds
[2023-11-14T21:38:26.491+0000] {processor.py:157} INFO - Started process (PID=533) to work on /home/airflow/.local/lib/python3.8/site-packages/airflow/example_dags/example_nested_branch_dag.py
[2023-11-14T21:38:26.495+0000] {processor.py:829} INFO - Processing file /home/airflow/.local/lib/python3.8/site-packages/airflow/example_dags/example_nested_branch_dag.py for tasks to queue
[2023-11-14T21:38:26.498+0000] {logging_mixin.py:154} INFO - [2023-11-14T21:38:26.498+0000] {dagbag.py:536} INFO - Filling up the DagBag from /home/airflow/.local/lib/python3.8/site-packages/airflow/example_dags/example_nested_branch_dag.py
[2023-11-14T21:38:26.515+0000] {processor.py:839} INFO - DAG(s) dict_keys(['example_nested_branch_dag']) retrieved from /home/airflow/.local/lib/python3.8/site-packages/airflow/example_dags/example_nested_branch_dag.py
[2023-11-14T21:38:26.546+0000] {logging_mixin.py:154} INFO - [2023-11-14T21:38:26.546+0000] {dag.py:2941} INFO - Sync 1 DAGs
[2023-11-14T21:38:26.579+0000] {logging_mixin.py:154} INFO - [2023-11-14T21:38:26.579+0000] {dag.py:3722} INFO - Setting next_dagrun for example_nested_branch_dag to 2023-11-13T00:00:00+00:00, run_after=2023-11-14T00:00:00+00:00
[2023-11-14T21:38:26.614+0000] {processor.py:179} INFO - Processing /home/airflow/.local/lib/python3.8/site-packages/airflow/example_dags/example_nested_branch_dag.py took 0.126 seconds
[2023-11-14T21:38:56.896+0000] {processor.py:157} INFO - Started process (PID=587) to work on /home/airflow/.local/lib/python3.8/site-packages/airflow/example_dags/example_nested_branch_dag.py
[2023-11-14T21:38:56.898+0000] {processor.py:829} INFO - Processing file /home/airflow/.local/lib/python3.8/site-packages/airflow/example_dags/example_nested_branch_dag.py for tasks to queue
[2023-11-14T21:38:56.903+0000] {logging_mixin.py:154} INFO - [2023-11-14T21:38:56.903+0000] {dagbag.py:536} INFO - Filling up the DagBag from /home/airflow/.local/lib/python3.8/site-packages/airflow/example_dags/example_nested_branch_dag.py
[2023-11-14T21:38:56.917+0000] {processor.py:839} INFO - DAG(s) dict_keys(['example_nested_branch_dag']) retrieved from /home/airflow/.local/lib/python3.8/site-packages/airflow/example_dags/example_nested_branch_dag.py
[2023-11-14T21:38:56.948+0000] {logging_mixin.py:154} INFO - [2023-11-14T21:38:56.948+0000] {dag.py:2941} INFO - Sync 1 DAGs
[2023-11-14T21:38:56.980+0000] {logging_mixin.py:154} INFO - [2023-11-14T21:38:56.980+0000] {dag.py:3722} INFO - Setting next_dagrun for example_nested_branch_dag to 2023-11-13T00:00:00+00:00, run_after=2023-11-14T00:00:00+00:00
[2023-11-14T21:38:57.007+0000] {processor.py:179} INFO - Processing /home/airflow/.local/lib/python3.8/site-packages/airflow/example_dags/example_nested_branch_dag.py took 0.122 seconds
[2023-11-14T21:39:27.205+0000] {processor.py:157} INFO - Started process (PID=641) to work on /home/airflow/.local/lib/python3.8/site-packages/airflow/example_dags/example_nested_branch_dag.py
[2023-11-14T21:39:27.209+0000] {processor.py:829} INFO - Processing file /home/airflow/.local/lib/python3.8/site-packages/airflow/example_dags/example_nested_branch_dag.py for tasks to queue
[2023-11-14T21:39:27.215+0000] {logging_mixin.py:154} INFO - [2023-11-14T21:39:27.214+0000] {dagbag.py:536} INFO - Filling up the DagBag from /home/airflow/.local/lib/python3.8/site-packages/airflow/example_dags/example_nested_branch_dag.py
[2023-11-14T21:39:27.237+0000] {processor.py:839} INFO - DAG(s) dict_keys(['example_nested_branch_dag']) retrieved from /home/airflow/.local/lib/python3.8/site-packages/airflow/example_dags/example_nested_branch_dag.py
[2023-11-14T21:39:27.266+0000] {logging_mixin.py:154} INFO - [2023-11-14T21:39:27.266+0000] {dag.py:2941} INFO - Sync 1 DAGs
[2023-11-14T21:39:27.295+0000] {logging_mixin.py:154} INFO - [2023-11-14T21:39:27.295+0000] {dag.py:3722} INFO - Setting next_dagrun for example_nested_branch_dag to 2023-11-13T00:00:00+00:00, run_after=2023-11-14T00:00:00+00:00
[2023-11-14T21:39:27.321+0000] {processor.py:179} INFO - Processing /home/airflow/.local/lib/python3.8/site-packages/airflow/example_dags/example_nested_branch_dag.py took 0.123 seconds
[2023-11-14T21:39:57.806+0000] {processor.py:157} INFO - Started process (PID=696) to work on /home/airflow/.local/lib/python3.8/site-packages/airflow/example_dags/example_nested_branch_dag.py
[2023-11-14T21:39:57.808+0000] {processor.py:829} INFO - Processing file /home/airflow/.local/lib/python3.8/site-packages/airflow/example_dags/example_nested_branch_dag.py for tasks to queue
[2023-11-14T21:39:57.811+0000] {logging_mixin.py:154} INFO - [2023-11-14T21:39:57.811+0000] {dagbag.py:536} INFO - Filling up the DagBag from /home/airflow/.local/lib/python3.8/site-packages/airflow/example_dags/example_nested_branch_dag.py
[2023-11-14T21:39:57.826+0000] {processor.py:839} INFO - DAG(s) dict_keys(['example_nested_branch_dag']) retrieved from /home/airflow/.local/lib/python3.8/site-packages/airflow/example_dags/example_nested_branch_dag.py
[2023-11-14T21:39:57.855+0000] {logging_mixin.py:154} INFO - [2023-11-14T21:39:57.854+0000] {dag.py:2941} INFO - Sync 1 DAGs
[2023-11-14T21:39:57.882+0000] {logging_mixin.py:154} INFO - [2023-11-14T21:39:57.882+0000] {dag.py:3722} INFO - Setting next_dagrun for example_nested_branch_dag to 2023-11-13T00:00:00+00:00, run_after=2023-11-14T00:00:00+00:00
[2023-11-14T21:39:57.923+0000] {processor.py:179} INFO - Processing /home/airflow/.local/lib/python3.8/site-packages/airflow/example_dags/example_nested_branch_dag.py took 0.123 seconds
[2023-11-14T21:40:28.074+0000] {processor.py:157} INFO - Started process (PID=751) to work on /home/airflow/.local/lib/python3.8/site-packages/airflow/example_dags/example_nested_branch_dag.py
[2023-11-14T21:40:28.076+0000] {processor.py:829} INFO - Processing file /home/airflow/.local/lib/python3.8/site-packages/airflow/example_dags/example_nested_branch_dag.py for tasks to queue
[2023-11-14T21:40:28.082+0000] {logging_mixin.py:154} INFO - [2023-11-14T21:40:28.082+0000] {dagbag.py:536} INFO - Filling up the DagBag from /home/airflow/.local/lib/python3.8/site-packages/airflow/example_dags/example_nested_branch_dag.py
[2023-11-14T21:40:28.100+0000] {processor.py:839} INFO - DAG(s) dict_keys(['example_nested_branch_dag']) retrieved from /home/airflow/.local/lib/python3.8/site-packages/airflow/example_dags/example_nested_branch_dag.py
[2023-11-14T21:40:28.126+0000] {logging_mixin.py:154} INFO - [2023-11-14T21:40:28.126+0000] {dag.py:2941} INFO - Sync 1 DAGs
[2023-11-14T21:40:28.153+0000] {logging_mixin.py:154} INFO - [2023-11-14T21:40:28.153+0000] {dag.py:3722} INFO - Setting next_dagrun for example_nested_branch_dag to 2023-11-13T00:00:00+00:00, run_after=2023-11-14T00:00:00+00:00
[2023-11-14T21:40:28.199+0000] {processor.py:179} INFO - Processing /home/airflow/.local/lib/python3.8/site-packages/airflow/example_dags/example_nested_branch_dag.py took 0.136 seconds
[2023-11-14T21:40:58.630+0000] {processor.py:157} INFO - Started process (PID=806) to work on /home/airflow/.local/lib/python3.8/site-packages/airflow/example_dags/example_nested_branch_dag.py
[2023-11-14T21:40:58.631+0000] {processor.py:829} INFO - Processing file /home/airflow/.local/lib/python3.8/site-packages/airflow/example_dags/example_nested_branch_dag.py for tasks to queue
[2023-11-14T21:40:58.633+0000] {logging_mixin.py:154} INFO - [2023-11-14T21:40:58.633+0000] {dagbag.py:536} INFO - Filling up the DagBag from /home/airflow/.local/lib/python3.8/site-packages/airflow/example_dags/example_nested_branch_dag.py
[2023-11-14T21:40:58.646+0000] {processor.py:839} INFO - DAG(s) dict_keys(['example_nested_branch_dag']) retrieved from /home/airflow/.local/lib/python3.8/site-packages/airflow/example_dags/example_nested_branch_dag.py
[2023-11-14T21:40:58.674+0000] {logging_mixin.py:154} INFO - [2023-11-14T21:40:58.674+0000] {dag.py:2941} INFO - Sync 1 DAGs
[2023-11-14T21:40:58.705+0000] {logging_mixin.py:154} INFO - [2023-11-14T21:40:58.705+0000] {dag.py:3722} INFO - Setting next_dagrun for example_nested_branch_dag to 2023-11-13T00:00:00+00:00, run_after=2023-11-14T00:00:00+00:00
[2023-11-14T21:40:58.740+0000] {processor.py:179} INFO - Processing /home/airflow/.local/lib/python3.8/site-packages/airflow/example_dags/example_nested_branch_dag.py took 0.115 seconds
[2023-11-14T21:41:29.568+0000] {processor.py:157} INFO - Started process (PID=860) to work on /home/airflow/.local/lib/python3.8/site-packages/airflow/example_dags/example_nested_branch_dag.py
[2023-11-14T21:41:29.570+0000] {processor.py:829} INFO - Processing file /home/airflow/.local/lib/python3.8/site-packages/airflow/example_dags/example_nested_branch_dag.py for tasks to queue
[2023-11-14T21:41:29.574+0000] {logging_mixin.py:154} INFO - [2023-11-14T21:41:29.573+0000] {dagbag.py:536} INFO - Filling up the DagBag from /home/airflow/.local/lib/python3.8/site-packages/airflow/example_dags/example_nested_branch_dag.py
[2023-11-14T21:41:29.586+0000] {processor.py:839} INFO - DAG(s) dict_keys(['example_nested_branch_dag']) retrieved from /home/airflow/.local/lib/python3.8/site-packages/airflow/example_dags/example_nested_branch_dag.py
[2023-11-14T21:41:29.618+0000] {logging_mixin.py:154} INFO - [2023-11-14T21:41:29.617+0000] {dag.py:2941} INFO - Sync 1 DAGs
[2023-11-14T21:41:29.652+0000] {logging_mixin.py:154} INFO - [2023-11-14T21:41:29.652+0000] {dag.py:3722} INFO - Setting next_dagrun for example_nested_branch_dag to 2023-11-13T00:00:00+00:00, run_after=2023-11-14T00:00:00+00:00
[2023-11-14T21:41:29.693+0000] {processor.py:179} INFO - Processing /home/airflow/.local/lib/python3.8/site-packages/airflow/example_dags/example_nested_branch_dag.py took 0.129 seconds
[2023-11-14T21:42:00.355+0000] {processor.py:157} INFO - Started process (PID=914) to work on /home/airflow/.local/lib/python3.8/site-packages/airflow/example_dags/example_nested_branch_dag.py
[2023-11-14T21:42:00.359+0000] {processor.py:829} INFO - Processing file /home/airflow/.local/lib/python3.8/site-packages/airflow/example_dags/example_nested_branch_dag.py for tasks to queue
[2023-11-14T21:42:00.362+0000] {logging_mixin.py:154} INFO - [2023-11-14T21:42:00.361+0000] {dagbag.py:536} INFO - Filling up the DagBag from /home/airflow/.local/lib/python3.8/site-packages/airflow/example_dags/example_nested_branch_dag.py
[2023-11-14T21:42:00.375+0000] {processor.py:839} INFO - DAG(s) dict_keys(['example_nested_branch_dag']) retrieved from /home/airflow/.local/lib/python3.8/site-packages/airflow/example_dags/example_nested_branch_dag.py
[2023-11-14T21:42:00.409+0000] {logging_mixin.py:154} INFO - [2023-11-14T21:42:00.409+0000] {dag.py:2941} INFO - Sync 1 DAGs
[2023-11-14T21:42:00.456+0000] {logging_mixin.py:154} INFO - [2023-11-14T21:42:00.456+0000] {dag.py:3722} INFO - Setting next_dagrun for example_nested_branch_dag to 2023-11-13T00:00:00+00:00, run_after=2023-11-14T00:00:00+00:00
[2023-11-14T21:42:00.486+0000] {processor.py:179} INFO - Processing /home/airflow/.local/lib/python3.8/site-packages/airflow/example_dags/example_nested_branch_dag.py took 0.136 seconds
[2023-11-14T21:42:30.597+0000] {processor.py:157} INFO - Started process (PID=968) to work on /home/airflow/.local/lib/python3.8/site-packages/airflow/example_dags/example_nested_branch_dag.py
[2023-11-14T21:42:30.598+0000] {processor.py:829} INFO - Processing file /home/airflow/.local/lib/python3.8/site-packages/airflow/example_dags/example_nested_branch_dag.py for tasks to queue
[2023-11-14T21:42:30.600+0000] {logging_mixin.py:154} INFO - [2023-11-14T21:42:30.600+0000] {dagbag.py:536} INFO - Filling up the DagBag from /home/airflow/.local/lib/python3.8/site-packages/airflow/example_dags/example_nested_branch_dag.py
[2023-11-14T21:42:30.615+0000] {processor.py:839} INFO - DAG(s) dict_keys(['example_nested_branch_dag']) retrieved from /home/airflow/.local/lib/python3.8/site-packages/airflow/example_dags/example_nested_branch_dag.py
[2023-11-14T21:42:30.648+0000] {logging_mixin.py:154} INFO - [2023-11-14T21:42:30.648+0000] {dag.py:2941} INFO - Sync 1 DAGs
[2023-11-14T21:42:30.683+0000] {logging_mixin.py:154} INFO - [2023-11-14T21:42:30.682+0000] {dag.py:3722} INFO - Setting next_dagrun for example_nested_branch_dag to 2023-11-13T00:00:00+00:00, run_after=2023-11-14T00:00:00+00:00
[2023-11-14T21:42:30.718+0000] {processor.py:179} INFO - Processing /home/airflow/.local/lib/python3.8/site-packages/airflow/example_dags/example_nested_branch_dag.py took 0.126 seconds
[2023-11-14T21:43:00.787+0000] {processor.py:157} INFO - Started process (PID=1023) to work on /home/airflow/.local/lib/python3.8/site-packages/airflow/example_dags/example_nested_branch_dag.py
[2023-11-14T21:43:00.790+0000] {processor.py:829} INFO - Processing file /home/airflow/.local/lib/python3.8/site-packages/airflow/example_dags/example_nested_branch_dag.py for tasks to queue
[2023-11-14T21:43:00.795+0000] {logging_mixin.py:154} INFO - [2023-11-14T21:43:00.794+0000] {dagbag.py:536} INFO - Filling up the DagBag from /home/airflow/.local/lib/python3.8/site-packages/airflow/example_dags/example_nested_branch_dag.py
[2023-11-14T21:43:00.812+0000] {processor.py:839} INFO - DAG(s) dict_keys(['example_nested_branch_dag']) retrieved from /home/airflow/.local/lib/python3.8/site-packages/airflow/example_dags/example_nested_branch_dag.py
[2023-11-14T21:43:00.855+0000] {logging_mixin.py:154} INFO - [2023-11-14T21:43:00.855+0000] {dag.py:2941} INFO - Sync 1 DAGs
[2023-11-14T21:43:00.900+0000] {logging_mixin.py:154} INFO - [2023-11-14T21:43:00.899+0000] {dag.py:3722} INFO - Setting next_dagrun for example_nested_branch_dag to 2023-11-13T00:00:00+00:00, run_after=2023-11-14T00:00:00+00:00
[2023-11-14T21:43:00.936+0000] {processor.py:179} INFO - Processing /home/airflow/.local/lib/python3.8/site-packages/airflow/example_dags/example_nested_branch_dag.py took 0.156 seconds
[2023-11-14T21:43:31.751+0000] {processor.py:157} INFO - Started process (PID=1077) to work on /home/airflow/.local/lib/python3.8/site-packages/airflow/example_dags/example_nested_branch_dag.py
[2023-11-14T21:43:31.752+0000] {processor.py:829} INFO - Processing file /home/airflow/.local/lib/python3.8/site-packages/airflow/example_dags/example_nested_branch_dag.py for tasks to queue
[2023-11-14T21:43:31.755+0000] {logging_mixin.py:154} INFO - [2023-11-14T21:43:31.755+0000] {dagbag.py:536} INFO - Filling up the DagBag from /home/airflow/.local/lib/python3.8/site-packages/airflow/example_dags/example_nested_branch_dag.py
[2023-11-14T21:43:31.769+0000] {processor.py:839} INFO - DAG(s) dict_keys(['example_nested_branch_dag']) retrieved from /home/airflow/.local/lib/python3.8/site-packages/airflow/example_dags/example_nested_branch_dag.py
[2023-11-14T21:43:31.800+0000] {logging_mixin.py:154} INFO - [2023-11-14T21:43:31.800+0000] {dag.py:2941} INFO - Sync 1 DAGs
[2023-11-14T21:43:31.828+0000] {logging_mixin.py:154} INFO - [2023-11-14T21:43:31.828+0000] {dag.py:3722} INFO - Setting next_dagrun for example_nested_branch_dag to 2023-11-13T00:00:00+00:00, run_after=2023-11-14T00:00:00+00:00
[2023-11-14T21:43:31.853+0000] {processor.py:179} INFO - Processing /home/airflow/.local/lib/python3.8/site-packages/airflow/example_dags/example_nested_branch_dag.py took 0.108 seconds
[2023-11-14T21:44:02.136+0000] {processor.py:157} INFO - Started process (PID=1131) to work on /home/airflow/.local/lib/python3.8/site-packages/airflow/example_dags/example_nested_branch_dag.py
[2023-11-14T21:44:02.142+0000] {processor.py:829} INFO - Processing file /home/airflow/.local/lib/python3.8/site-packages/airflow/example_dags/example_nested_branch_dag.py for tasks to queue
[2023-11-14T21:44:02.160+0000] {logging_mixin.py:154} INFO - [2023-11-14T21:44:02.158+0000] {dagbag.py:536} INFO - Filling up the DagBag from /home/airflow/.local/lib/python3.8/site-packages/airflow/example_dags/example_nested_branch_dag.py
[2023-11-14T21:44:02.216+0000] {processor.py:839} INFO - DAG(s) dict_keys(['example_nested_branch_dag']) retrieved from /home/airflow/.local/lib/python3.8/site-packages/airflow/example_dags/example_nested_branch_dag.py
[2023-11-14T21:44:02.252+0000] {logging_mixin.py:154} INFO - [2023-11-14T21:44:02.252+0000] {dag.py:2941} INFO - Sync 1 DAGs
[2023-11-14T21:44:02.281+0000] {logging_mixin.py:154} INFO - [2023-11-14T21:44:02.281+0000] {dag.py:3722} INFO - Setting next_dagrun for example_nested_branch_dag to 2023-11-13T00:00:00+00:00, run_after=2023-11-14T00:00:00+00:00
[2023-11-14T21:44:02.304+0000] {processor.py:179} INFO - Processing /home/airflow/.local/lib/python3.8/site-packages/airflow/example_dags/example_nested_branch_dag.py took 0.188 seconds
[2023-11-14T21:44:32.538+0000] {processor.py:157} INFO - Started process (PID=1185) to work on /home/airflow/.local/lib/python3.8/site-packages/airflow/example_dags/example_nested_branch_dag.py
[2023-11-14T21:44:32.539+0000] {processor.py:829} INFO - Processing file /home/airflow/.local/lib/python3.8/site-packages/airflow/example_dags/example_nested_branch_dag.py for tasks to queue
[2023-11-14T21:44:32.542+0000] {logging_mixin.py:154} INFO - [2023-11-14T21:44:32.541+0000] {dagbag.py:536} INFO - Filling up the DagBag from /home/airflow/.local/lib/python3.8/site-packages/airflow/example_dags/example_nested_branch_dag.py
[2023-11-14T21:44:32.554+0000] {processor.py:839} INFO - DAG(s) dict_keys(['example_nested_branch_dag']) retrieved from /home/airflow/.local/lib/python3.8/site-packages/airflow/example_dags/example_nested_branch_dag.py
[2023-11-14T21:44:32.583+0000] {logging_mixin.py:154} INFO - [2023-11-14T21:44:32.583+0000] {dag.py:2941} INFO - Sync 1 DAGs
[2023-11-14T21:44:32.610+0000] {logging_mixin.py:154} INFO - [2023-11-14T21:44:32.610+0000] {dag.py:3722} INFO - Setting next_dagrun for example_nested_branch_dag to 2023-11-13T00:00:00+00:00, run_after=2023-11-14T00:00:00+00:00
[2023-11-14T21:44:32.633+0000] {processor.py:179} INFO - Processing /home/airflow/.local/lib/python3.8/site-packages/airflow/example_dags/example_nested_branch_dag.py took 0.100 seconds
[2023-11-14T21:45:03.179+0000] {processor.py:157} INFO - Started process (PID=1239) to work on /home/airflow/.local/lib/python3.8/site-packages/airflow/example_dags/example_nested_branch_dag.py
[2023-11-14T21:45:03.180+0000] {processor.py:829} INFO - Processing file /home/airflow/.local/lib/python3.8/site-packages/airflow/example_dags/example_nested_branch_dag.py for tasks to queue
[2023-11-14T21:45:03.182+0000] {logging_mixin.py:154} INFO - [2023-11-14T21:45:03.182+0000] {dagbag.py:536} INFO - Filling up the DagBag from /home/airflow/.local/lib/python3.8/site-packages/airflow/example_dags/example_nested_branch_dag.py
[2023-11-14T21:45:03.196+0000] {processor.py:839} INFO - DAG(s) dict_keys(['example_nested_branch_dag']) retrieved from /home/airflow/.local/lib/python3.8/site-packages/airflow/example_dags/example_nested_branch_dag.py
[2023-11-14T21:45:03.223+0000] {logging_mixin.py:154} INFO - [2023-11-14T21:45:03.223+0000] {dag.py:2941} INFO - Sync 1 DAGs
[2023-11-14T21:45:03.252+0000] {logging_mixin.py:154} INFO - [2023-11-14T21:45:03.251+0000] {dag.py:3722} INFO - Setting next_dagrun for example_nested_branch_dag to 2023-11-13T00:00:00+00:00, run_after=2023-11-14T00:00:00+00:00
[2023-11-14T21:45:03.424+0000] {processor.py:179} INFO - Processing /home/airflow/.local/lib/python3.8/site-packages/airflow/example_dags/example_nested_branch_dag.py took 0.249 seconds
[2023-11-14T21:45:33.699+0000] {processor.py:157} INFO - Started process (PID=1293) to work on /home/airflow/.local/lib/python3.8/site-packages/airflow/example_dags/example_nested_branch_dag.py
[2023-11-14T21:45:33.701+0000] {processor.py:829} INFO - Processing file /home/airflow/.local/lib/python3.8/site-packages/airflow/example_dags/example_nested_branch_dag.py for tasks to queue
[2023-11-14T21:45:33.703+0000] {logging_mixin.py:154} INFO - [2023-11-14T21:45:33.703+0000] {dagbag.py:536} INFO - Filling up the DagBag from /home/airflow/.local/lib/python3.8/site-packages/airflow/example_dags/example_nested_branch_dag.py
[2023-11-14T21:45:33.717+0000] {processor.py:839} INFO - DAG(s) dict_keys(['example_nested_branch_dag']) retrieved from /home/airflow/.local/lib/python3.8/site-packages/airflow/example_dags/example_nested_branch_dag.py
[2023-11-14T21:45:33.745+0000] {logging_mixin.py:154} INFO - [2023-11-14T21:45:33.745+0000] {dag.py:2941} INFO - Sync 1 DAGs
[2023-11-14T21:45:33.774+0000] {logging_mixin.py:154} INFO - [2023-11-14T21:45:33.774+0000] {dag.py:3722} INFO - Setting next_dagrun for example_nested_branch_dag to 2023-11-13T00:00:00+00:00, run_after=2023-11-14T00:00:00+00:00
[2023-11-14T21:45:33.799+0000] {processor.py:179} INFO - Processing /home/airflow/.local/lib/python3.8/site-packages/airflow/example_dags/example_nested_branch_dag.py took 0.105 seconds
[2023-11-14T21:46:04.087+0000] {processor.py:157} INFO - Started process (PID=1347) to work on /home/airflow/.local/lib/python3.8/site-packages/airflow/example_dags/example_nested_branch_dag.py
[2023-11-14T21:46:04.090+0000] {processor.py:829} INFO - Processing file /home/airflow/.local/lib/python3.8/site-packages/airflow/example_dags/example_nested_branch_dag.py for tasks to queue
[2023-11-14T21:46:04.095+0000] {logging_mixin.py:154} INFO - [2023-11-14T21:46:04.094+0000] {dagbag.py:536} INFO - Filling up the DagBag from /home/airflow/.local/lib/python3.8/site-packages/airflow/example_dags/example_nested_branch_dag.py
[2023-11-14T21:46:04.118+0000] {processor.py:839} INFO - DAG(s) dict_keys(['example_nested_branch_dag']) retrieved from /home/airflow/.local/lib/python3.8/site-packages/airflow/example_dags/example_nested_branch_dag.py
[2023-11-14T21:46:04.147+0000] {logging_mixin.py:154} INFO - [2023-11-14T21:46:04.147+0000] {dag.py:2941} INFO - Sync 1 DAGs
[2023-11-14T21:46:04.355+0000] {logging_mixin.py:154} INFO - [2023-11-14T21:46:04.355+0000] {dag.py:3722} INFO - Setting next_dagrun for example_nested_branch_dag to 2023-11-13T00:00:00+00:00, run_after=2023-11-14T00:00:00+00:00
[2023-11-14T21:46:04.380+0000] {processor.py:179} INFO - Processing /home/airflow/.local/lib/python3.8/site-packages/airflow/example_dags/example_nested_branch_dag.py took 0.303 seconds
[2023-11-14T21:46:34.875+0000] {processor.py:157} INFO - Started process (PID=1401) to work on /home/airflow/.local/lib/python3.8/site-packages/airflow/example_dags/example_nested_branch_dag.py
[2023-11-14T21:46:34.876+0000] {processor.py:829} INFO - Processing file /home/airflow/.local/lib/python3.8/site-packages/airflow/example_dags/example_nested_branch_dag.py for tasks to queue
[2023-11-14T21:46:34.878+0000] {logging_mixin.py:154} INFO - [2023-11-14T21:46:34.878+0000] {dagbag.py:536} INFO - Filling up the DagBag from /home/airflow/.local/lib/python3.8/site-packages/airflow/example_dags/example_nested_branch_dag.py
[2023-11-14T21:46:34.894+0000] {processor.py:839} INFO - DAG(s) dict_keys(['example_nested_branch_dag']) retrieved from /home/airflow/.local/lib/python3.8/site-packages/airflow/example_dags/example_nested_branch_dag.py
[2023-11-14T21:46:34.921+0000] {logging_mixin.py:154} INFO - [2023-11-14T21:46:34.921+0000] {dag.py:2941} INFO - Sync 1 DAGs
[2023-11-14T21:46:34.951+0000] {logging_mixin.py:154} INFO - [2023-11-14T21:46:34.951+0000] {dag.py:3722} INFO - Setting next_dagrun for example_nested_branch_dag to 2023-11-13T00:00:00+00:00, run_after=2023-11-14T00:00:00+00:00
[2023-11-14T21:46:35.130+0000] {processor.py:179} INFO - Processing /home/airflow/.local/lib/python3.8/site-packages/airflow/example_dags/example_nested_branch_dag.py took 0.260 seconds
[2023-11-14T21:47:05.821+0000] {processor.py:157} INFO - Started process (PID=1455) to work on /home/airflow/.local/lib/python3.8/site-packages/airflow/example_dags/example_nested_branch_dag.py
[2023-11-14T21:47:05.823+0000] {processor.py:829} INFO - Processing file /home/airflow/.local/lib/python3.8/site-packages/airflow/example_dags/example_nested_branch_dag.py for tasks to queue
[2023-11-14T21:47:05.827+0000] {logging_mixin.py:154} INFO - [2023-11-14T21:47:05.826+0000] {dagbag.py:536} INFO - Filling up the DagBag from /home/airflow/.local/lib/python3.8/site-packages/airflow/example_dags/example_nested_branch_dag.py
[2023-11-14T21:47:05.843+0000] {processor.py:839} INFO - DAG(s) dict_keys(['example_nested_branch_dag']) retrieved from /home/airflow/.local/lib/python3.8/site-packages/airflow/example_dags/example_nested_branch_dag.py
[2023-11-14T21:47:05.870+0000] {logging_mixin.py:154} INFO - [2023-11-14T21:47:05.869+0000] {dag.py:2941} INFO - Sync 1 DAGs
[2023-11-14T21:47:05.902+0000] {logging_mixin.py:154} INFO - [2023-11-14T21:47:05.902+0000] {dag.py:3722} INFO - Setting next_dagrun for example_nested_branch_dag to 2023-11-13T00:00:00+00:00, run_after=2023-11-14T00:00:00+00:00
[2023-11-14T21:47:05.942+0000] {processor.py:179} INFO - Processing /home/airflow/.local/lib/python3.8/site-packages/airflow/example_dags/example_nested_branch_dag.py took 0.128 seconds
[2023-11-14T21:47:36.375+0000] {processor.py:157} INFO - Started process (PID=1509) to work on /home/airflow/.local/lib/python3.8/site-packages/airflow/example_dags/example_nested_branch_dag.py
[2023-11-14T21:47:36.376+0000] {processor.py:829} INFO - Processing file /home/airflow/.local/lib/python3.8/site-packages/airflow/example_dags/example_nested_branch_dag.py for tasks to queue
[2023-11-14T21:47:36.379+0000] {logging_mixin.py:154} INFO - [2023-11-14T21:47:36.379+0000] {dagbag.py:536} INFO - Filling up the DagBag from /home/airflow/.local/lib/python3.8/site-packages/airflow/example_dags/example_nested_branch_dag.py
[2023-11-14T21:47:36.399+0000] {processor.py:839} INFO - DAG(s) dict_keys(['example_nested_branch_dag']) retrieved from /home/airflow/.local/lib/python3.8/site-packages/airflow/example_dags/example_nested_branch_dag.py
[2023-11-14T21:47:36.438+0000] {logging_mixin.py:154} INFO - [2023-11-14T21:47:36.437+0000] {dag.py:2941} INFO - Sync 1 DAGs
[2023-11-14T21:47:36.712+0000] {logging_mixin.py:154} INFO - [2023-11-14T21:47:36.711+0000] {dag.py:3722} INFO - Setting next_dagrun for example_nested_branch_dag to 2023-11-13T00:00:00+00:00, run_after=2023-11-14T00:00:00+00:00
[2023-11-14T21:47:36.754+0000] {processor.py:179} INFO - Processing /home/airflow/.local/lib/python3.8/site-packages/airflow/example_dags/example_nested_branch_dag.py took 0.387 seconds
[2023-11-14T21:48:07.562+0000] {processor.py:157} INFO - Started process (PID=1563) to work on /home/airflow/.local/lib/python3.8/site-packages/airflow/example_dags/example_nested_branch_dag.py
[2023-11-14T21:48:07.564+0000] {processor.py:829} INFO - Processing file /home/airflow/.local/lib/python3.8/site-packages/airflow/example_dags/example_nested_branch_dag.py for tasks to queue
[2023-11-14T21:48:07.567+0000] {logging_mixin.py:154} INFO - [2023-11-14T21:48:07.567+0000] {dagbag.py:536} INFO - Filling up the DagBag from /home/airflow/.local/lib/python3.8/site-packages/airflow/example_dags/example_nested_branch_dag.py
[2023-11-14T21:48:07.581+0000] {processor.py:839} INFO - DAG(s) dict_keys(['example_nested_branch_dag']) retrieved from /home/airflow/.local/lib/python3.8/site-packages/airflow/example_dags/example_nested_branch_dag.py
[2023-11-14T21:48:07.610+0000] {logging_mixin.py:154} INFO - [2023-11-14T21:48:07.610+0000] {dag.py:2941} INFO - Sync 1 DAGs
[2023-11-14T21:48:07.643+0000] {logging_mixin.py:154} INFO - [2023-11-14T21:48:07.642+0000] {dag.py:3722} INFO - Setting next_dagrun for example_nested_branch_dag to 2023-11-13T00:00:00+00:00, run_after=2023-11-14T00:00:00+00:00
[2023-11-14T21:48:07.835+0000] {processor.py:179} INFO - Processing /home/airflow/.local/lib/python3.8/site-packages/airflow/example_dags/example_nested_branch_dag.py took 0.278 seconds
[2023-11-14T21:48:38.505+0000] {processor.py:157} INFO - Started process (PID=1625) to work on /home/airflow/.local/lib/python3.8/site-packages/airflow/example_dags/example_nested_branch_dag.py
[2023-11-14T21:48:38.507+0000] {processor.py:829} INFO - Processing file /home/airflow/.local/lib/python3.8/site-packages/airflow/example_dags/example_nested_branch_dag.py for tasks to queue
[2023-11-14T21:48:38.513+0000] {logging_mixin.py:154} INFO - [2023-11-14T21:48:38.512+0000] {dagbag.py:536} INFO - Filling up the DagBag from /home/airflow/.local/lib/python3.8/site-packages/airflow/example_dags/example_nested_branch_dag.py
[2023-11-14T21:48:38.544+0000] {processor.py:839} INFO - DAG(s) dict_keys(['example_nested_branch_dag']) retrieved from /home/airflow/.local/lib/python3.8/site-packages/airflow/example_dags/example_nested_branch_dag.py
[2023-11-14T21:48:38.757+0000] {logging_mixin.py:154} INFO - [2023-11-14T21:48:38.756+0000] {dag.py:2941} INFO - Sync 1 DAGs
[2023-11-14T21:48:38.784+0000] {logging_mixin.py:154} INFO - [2023-11-14T21:48:38.783+0000] {dag.py:3722} INFO - Setting next_dagrun for example_nested_branch_dag to 2023-11-13T00:00:00+00:00, run_after=2023-11-14T00:00:00+00:00
[2023-11-14T21:48:38.810+0000] {processor.py:179} INFO - Processing /home/airflow/.local/lib/python3.8/site-packages/airflow/example_dags/example_nested_branch_dag.py took 0.316 seconds
[2023-11-14T21:49:09.273+0000] {processor.py:157} INFO - Started process (PID=1679) to work on /home/airflow/.local/lib/python3.8/site-packages/airflow/example_dags/example_nested_branch_dag.py
[2023-11-14T21:49:09.276+0000] {processor.py:829} INFO - Processing file /home/airflow/.local/lib/python3.8/site-packages/airflow/example_dags/example_nested_branch_dag.py for tasks to queue
[2023-11-14T21:49:09.283+0000] {logging_mixin.py:154} INFO - [2023-11-14T21:49:09.282+0000] {dagbag.py:536} INFO - Filling up the DagBag from /home/airflow/.local/lib/python3.8/site-packages/airflow/example_dags/example_nested_branch_dag.py
[2023-11-14T21:49:09.314+0000] {processor.py:839} INFO - DAG(s) dict_keys(['example_nested_branch_dag']) retrieved from /home/airflow/.local/lib/python3.8/site-packages/airflow/example_dags/example_nested_branch_dag.py
[2023-11-14T21:49:09.352+0000] {logging_mixin.py:154} INFO - [2023-11-14T21:49:09.351+0000] {dag.py:2941} INFO - Sync 1 DAGs
[2023-11-14T21:49:09.539+0000] {logging_mixin.py:154} INFO - [2023-11-14T21:49:09.539+0000] {dag.py:3722} INFO - Setting next_dagrun for example_nested_branch_dag to 2023-11-13T00:00:00+00:00, run_after=2023-11-14T00:00:00+00:00
[2023-11-14T21:49:09.585+0000] {processor.py:179} INFO - Processing /home/airflow/.local/lib/python3.8/site-packages/airflow/example_dags/example_nested_branch_dag.py took 0.323 seconds
[2023-11-14T21:49:40.171+0000] {processor.py:157} INFO - Started process (PID=1733) to work on /home/airflow/.local/lib/python3.8/site-packages/airflow/example_dags/example_nested_branch_dag.py
[2023-11-14T21:49:40.172+0000] {processor.py:829} INFO - Processing file /home/airflow/.local/lib/python3.8/site-packages/airflow/example_dags/example_nested_branch_dag.py for tasks to queue
[2023-11-14T21:49:40.176+0000] {logging_mixin.py:154} INFO - [2023-11-14T21:49:40.176+0000] {dagbag.py:536} INFO - Filling up the DagBag from /home/airflow/.local/lib/python3.8/site-packages/airflow/example_dags/example_nested_branch_dag.py
[2023-11-14T21:49:40.194+0000] {processor.py:839} INFO - DAG(s) dict_keys(['example_nested_branch_dag']) retrieved from /home/airflow/.local/lib/python3.8/site-packages/airflow/example_dags/example_nested_branch_dag.py
[2023-11-14T21:49:40.228+0000] {logging_mixin.py:154} INFO - [2023-11-14T21:49:40.227+0000] {dag.py:2941} INFO - Sync 1 DAGs
[2023-11-14T21:49:40.264+0000] {logging_mixin.py:154} INFO - [2023-11-14T21:49:40.264+0000] {dag.py:3722} INFO - Setting next_dagrun for example_nested_branch_dag to 2023-11-13T00:00:00+00:00, run_after=2023-11-14T00:00:00+00:00
[2023-11-14T21:49:40.323+0000] {processor.py:179} INFO - Processing /home/airflow/.local/lib/python3.8/site-packages/airflow/example_dags/example_nested_branch_dag.py took 0.160 seconds
[2023-11-14T21:50:11.029+0000] {processor.py:157} INFO - Started process (PID=1787) to work on /home/airflow/.local/lib/python3.8/site-packages/airflow/example_dags/example_nested_branch_dag.py
[2023-11-14T21:50:11.032+0000] {processor.py:829} INFO - Processing file /home/airflow/.local/lib/python3.8/site-packages/airflow/example_dags/example_nested_branch_dag.py for tasks to queue
[2023-11-14T21:50:11.037+0000] {logging_mixin.py:154} INFO - [2023-11-14T21:50:11.037+0000] {dagbag.py:536} INFO - Filling up the DagBag from /home/airflow/.local/lib/python3.8/site-packages/airflow/example_dags/example_nested_branch_dag.py
[2023-11-14T21:50:11.059+0000] {processor.py:839} INFO - DAG(s) dict_keys(['example_nested_branch_dag']) retrieved from /home/airflow/.local/lib/python3.8/site-packages/airflow/example_dags/example_nested_branch_dag.py
[2023-11-14T21:50:11.089+0000] {logging_mixin.py:154} INFO - [2023-11-14T21:50:11.088+0000] {dag.py:2941} INFO - Sync 1 DAGs
[2023-11-14T21:50:11.118+0000] {logging_mixin.py:154} INFO - [2023-11-14T21:50:11.117+0000] {dag.py:3722} INFO - Setting next_dagrun for example_nested_branch_dag to 2023-11-13T00:00:00+00:00, run_after=2023-11-14T00:00:00+00:00
[2023-11-14T21:50:11.141+0000] {processor.py:179} INFO - Processing /home/airflow/.local/lib/python3.8/site-packages/airflow/example_dags/example_nested_branch_dag.py took 0.121 seconds
[2023-11-14T21:50:41.191+0000] {processor.py:157} INFO - Started process (PID=1841) to work on /home/airflow/.local/lib/python3.8/site-packages/airflow/example_dags/example_nested_branch_dag.py
[2023-11-14T21:50:41.193+0000] {processor.py:829} INFO - Processing file /home/airflow/.local/lib/python3.8/site-packages/airflow/example_dags/example_nested_branch_dag.py for tasks to queue
[2023-11-14T21:50:41.196+0000] {logging_mixin.py:154} INFO - [2023-11-14T21:50:41.196+0000] {dagbag.py:536} INFO - Filling up the DagBag from /home/airflow/.local/lib/python3.8/site-packages/airflow/example_dags/example_nested_branch_dag.py
[2023-11-14T21:50:41.211+0000] {processor.py:839} INFO - DAG(s) dict_keys(['example_nested_branch_dag']) retrieved from /home/airflow/.local/lib/python3.8/site-packages/airflow/example_dags/example_nested_branch_dag.py
[2023-11-14T21:50:41.246+0000] {logging_mixin.py:154} INFO - [2023-11-14T21:50:41.245+0000] {dag.py:2941} INFO - Sync 1 DAGs
[2023-11-14T21:50:41.292+0000] {logging_mixin.py:154} INFO - [2023-11-14T21:50:41.291+0000] {dag.py:3722} INFO - Setting next_dagrun for example_nested_branch_dag to 2023-11-13T00:00:00+00:00, run_after=2023-11-14T00:00:00+00:00
[2023-11-14T21:50:41.328+0000] {processor.py:179} INFO - Processing /home/airflow/.local/lib/python3.8/site-packages/airflow/example_dags/example_nested_branch_dag.py took 0.141 seconds
[2023-11-14T21:51:11.646+0000] {processor.py:157} INFO - Started process (PID=1895) to work on /home/airflow/.local/lib/python3.8/site-packages/airflow/example_dags/example_nested_branch_dag.py
[2023-11-14T21:51:11.651+0000] {processor.py:829} INFO - Processing file /home/airflow/.local/lib/python3.8/site-packages/airflow/example_dags/example_nested_branch_dag.py for tasks to queue
[2023-11-14T21:51:11.657+0000] {logging_mixin.py:154} INFO - [2023-11-14T21:51:11.656+0000] {dagbag.py:536} INFO - Filling up the DagBag from /home/airflow/.local/lib/python3.8/site-packages/airflow/example_dags/example_nested_branch_dag.py
[2023-11-14T21:51:11.675+0000] {processor.py:839} INFO - DAG(s) dict_keys(['example_nested_branch_dag']) retrieved from /home/airflow/.local/lib/python3.8/site-packages/airflow/example_dags/example_nested_branch_dag.py
[2023-11-14T21:51:11.704+0000] {logging_mixin.py:154} INFO - [2023-11-14T21:51:11.703+0000] {dag.py:2941} INFO - Sync 1 DAGs
[2023-11-14T21:51:11.735+0000] {logging_mixin.py:154} INFO - [2023-11-14T21:51:11.735+0000] {dag.py:3722} INFO - Setting next_dagrun for example_nested_branch_dag to 2023-11-13T00:00:00+00:00, run_after=2023-11-14T00:00:00+00:00
[2023-11-14T21:51:11.767+0000] {processor.py:179} INFO - Processing /home/airflow/.local/lib/python3.8/site-packages/airflow/example_dags/example_nested_branch_dag.py took 0.125 seconds
[2023-11-14T21:51:42.348+0000] {processor.py:157} INFO - Started process (PID=1949) to work on /home/airflow/.local/lib/python3.8/site-packages/airflow/example_dags/example_nested_branch_dag.py
[2023-11-14T21:51:42.352+0000] {processor.py:829} INFO - Processing file /home/airflow/.local/lib/python3.8/site-packages/airflow/example_dags/example_nested_branch_dag.py for tasks to queue
[2023-11-14T21:51:42.362+0000] {logging_mixin.py:154} INFO - [2023-11-14T21:51:42.360+0000] {dagbag.py:536} INFO - Filling up the DagBag from /home/airflow/.local/lib/python3.8/site-packages/airflow/example_dags/example_nested_branch_dag.py
[2023-11-14T21:51:42.395+0000] {processor.py:839} INFO - DAG(s) dict_keys(['example_nested_branch_dag']) retrieved from /home/airflow/.local/lib/python3.8/site-packages/airflow/example_dags/example_nested_branch_dag.py
[2023-11-14T21:51:42.463+0000] {logging_mixin.py:154} INFO - [2023-11-14T21:51:42.463+0000] {dag.py:2941} INFO - Sync 1 DAGs
[2023-11-14T21:51:42.521+0000] {logging_mixin.py:154} INFO - [2023-11-14T21:51:42.521+0000] {dag.py:3722} INFO - Setting next_dagrun for example_nested_branch_dag to 2023-11-13T00:00:00+00:00, run_after=2023-11-14T00:00:00+00:00
[2023-11-14T21:51:42.556+0000] {processor.py:179} INFO - Processing /home/airflow/.local/lib/python3.8/site-packages/airflow/example_dags/example_nested_branch_dag.py took 0.220 seconds
[2023-11-14T21:52:12.840+0000] {processor.py:157} INFO - Started process (PID=2004) to work on /home/airflow/.local/lib/python3.8/site-packages/airflow/example_dags/example_nested_branch_dag.py
[2023-11-14T21:52:12.841+0000] {processor.py:829} INFO - Processing file /home/airflow/.local/lib/python3.8/site-packages/airflow/example_dags/example_nested_branch_dag.py for tasks to queue
[2023-11-14T21:52:12.846+0000] {logging_mixin.py:154} INFO - [2023-11-14T21:52:12.845+0000] {dagbag.py:536} INFO - Filling up the DagBag from /home/airflow/.local/lib/python3.8/site-packages/airflow/example_dags/example_nested_branch_dag.py
[2023-11-14T21:52:12.858+0000] {processor.py:839} INFO - DAG(s) dict_keys(['example_nested_branch_dag']) retrieved from /home/airflow/.local/lib/python3.8/site-packages/airflow/example_dags/example_nested_branch_dag.py
[2023-11-14T21:52:12.892+0000] {logging_mixin.py:154} INFO - [2023-11-14T21:52:12.892+0000] {dag.py:2941} INFO - Sync 1 DAGs
[2023-11-14T21:52:12.936+0000] {logging_mixin.py:154} INFO - [2023-11-14T21:52:12.936+0000] {dag.py:3722} INFO - Setting next_dagrun for example_nested_branch_dag to 2023-11-13T00:00:00+00:00, run_after=2023-11-14T00:00:00+00:00
[2023-11-14T21:52:12.969+0000] {processor.py:179} INFO - Processing /home/airflow/.local/lib/python3.8/site-packages/airflow/example_dags/example_nested_branch_dag.py took 0.135 seconds
[2023-11-14T21:52:43.473+0000] {processor.py:157} INFO - Started process (PID=2058) to work on /home/airflow/.local/lib/python3.8/site-packages/airflow/example_dags/example_nested_branch_dag.py
[2023-11-14T21:52:43.479+0000] {processor.py:829} INFO - Processing file /home/airflow/.local/lib/python3.8/site-packages/airflow/example_dags/example_nested_branch_dag.py for tasks to queue
[2023-11-14T21:52:43.485+0000] {logging_mixin.py:154} INFO - [2023-11-14T21:52:43.485+0000] {dagbag.py:536} INFO - Filling up the DagBag from /home/airflow/.local/lib/python3.8/site-packages/airflow/example_dags/example_nested_branch_dag.py
[2023-11-14T21:52:43.501+0000] {processor.py:839} INFO - DAG(s) dict_keys(['example_nested_branch_dag']) retrieved from /home/airflow/.local/lib/python3.8/site-packages/airflow/example_dags/example_nested_branch_dag.py
[2023-11-14T21:52:43.531+0000] {logging_mixin.py:154} INFO - [2023-11-14T21:52:43.531+0000] {dag.py:2941} INFO - Sync 1 DAGs
[2023-11-14T21:52:43.561+0000] {logging_mixin.py:154} INFO - [2023-11-14T21:52:43.560+0000] {dag.py:3722} INFO - Setting next_dagrun for example_nested_branch_dag to 2023-11-13T00:00:00+00:00, run_after=2023-11-14T00:00:00+00:00
[2023-11-14T21:52:43.598+0000] {processor.py:179} INFO - Processing /home/airflow/.local/lib/python3.8/site-packages/airflow/example_dags/example_nested_branch_dag.py took 0.129 seconds
[2023-11-14T21:53:14.112+0000] {processor.py:157} INFO - Started process (PID=2112) to work on /home/airflow/.local/lib/python3.8/site-packages/airflow/example_dags/example_nested_branch_dag.py
[2023-11-14T21:53:14.115+0000] {processor.py:829} INFO - Processing file /home/airflow/.local/lib/python3.8/site-packages/airflow/example_dags/example_nested_branch_dag.py for tasks to queue
[2023-11-14T21:53:14.123+0000] {logging_mixin.py:154} INFO - [2023-11-14T21:53:14.122+0000] {dagbag.py:536} INFO - Filling up the DagBag from /home/airflow/.local/lib/python3.8/site-packages/airflow/example_dags/example_nested_branch_dag.py
[2023-11-14T21:53:14.143+0000] {processor.py:839} INFO - DAG(s) dict_keys(['example_nested_branch_dag']) retrieved from /home/airflow/.local/lib/python3.8/site-packages/airflow/example_dags/example_nested_branch_dag.py
[2023-11-14T21:53:14.170+0000] {logging_mixin.py:154} INFO - [2023-11-14T21:53:14.170+0000] {dag.py:2941} INFO - Sync 1 DAGs
[2023-11-14T21:53:14.200+0000] {logging_mixin.py:154} INFO - [2023-11-14T21:53:14.199+0000] {dag.py:3722} INFO - Setting next_dagrun for example_nested_branch_dag to 2023-11-13T00:00:00+00:00, run_after=2023-11-14T00:00:00+00:00
[2023-11-14T21:53:14.247+0000] {processor.py:179} INFO - Processing /home/airflow/.local/lib/python3.8/site-packages/airflow/example_dags/example_nested_branch_dag.py took 0.145 seconds
[2023-11-14T21:53:44.854+0000] {processor.py:157} INFO - Started process (PID=2166) to work on /home/airflow/.local/lib/python3.8/site-packages/airflow/example_dags/example_nested_branch_dag.py
[2023-11-14T21:53:44.856+0000] {processor.py:829} INFO - Processing file /home/airflow/.local/lib/python3.8/site-packages/airflow/example_dags/example_nested_branch_dag.py for tasks to queue
[2023-11-14T21:53:44.863+0000] {logging_mixin.py:154} INFO - [2023-11-14T21:53:44.862+0000] {dagbag.py:536} INFO - Filling up the DagBag from /home/airflow/.local/lib/python3.8/site-packages/airflow/example_dags/example_nested_branch_dag.py
[2023-11-14T21:53:44.886+0000] {processor.py:839} INFO - DAG(s) dict_keys(['example_nested_branch_dag']) retrieved from /home/airflow/.local/lib/python3.8/site-packages/airflow/example_dags/example_nested_branch_dag.py
[2023-11-14T21:53:44.920+0000] {logging_mixin.py:154} INFO - [2023-11-14T21:53:44.920+0000] {dag.py:2941} INFO - Sync 1 DAGs
[2023-11-14T21:53:44.964+0000] {logging_mixin.py:154} INFO - [2023-11-14T21:53:44.964+0000] {dag.py:3722} INFO - Setting next_dagrun for example_nested_branch_dag to 2023-11-13T00:00:00+00:00, run_after=2023-11-14T00:00:00+00:00
[2023-11-14T21:53:45.001+0000] {processor.py:179} INFO - Processing /home/airflow/.local/lib/python3.8/site-packages/airflow/example_dags/example_nested_branch_dag.py took 0.157 seconds
[2023-11-14T21:54:15.621+0000] {processor.py:157} INFO - Started process (PID=2220) to work on /home/airflow/.local/lib/python3.8/site-packages/airflow/example_dags/example_nested_branch_dag.py
[2023-11-14T21:54:15.623+0000] {processor.py:829} INFO - Processing file /home/airflow/.local/lib/python3.8/site-packages/airflow/example_dags/example_nested_branch_dag.py for tasks to queue
[2023-11-14T21:54:15.626+0000] {logging_mixin.py:154} INFO - [2023-11-14T21:54:15.626+0000] {dagbag.py:536} INFO - Filling up the DagBag from /home/airflow/.local/lib/python3.8/site-packages/airflow/example_dags/example_nested_branch_dag.py
[2023-11-14T21:54:15.640+0000] {processor.py:839} INFO - DAG(s) dict_keys(['example_nested_branch_dag']) retrieved from /home/airflow/.local/lib/python3.8/site-packages/airflow/example_dags/example_nested_branch_dag.py
[2023-11-14T21:54:15.669+0000] {logging_mixin.py:154} INFO - [2023-11-14T21:54:15.668+0000] {dag.py:2941} INFO - Sync 1 DAGs
[2023-11-14T21:54:15.701+0000] {logging_mixin.py:154} INFO - [2023-11-14T21:54:15.701+0000] {dag.py:3722} INFO - Setting next_dagrun for example_nested_branch_dag to 2023-11-13T00:00:00+00:00, run_after=2023-11-14T00:00:00+00:00
[2023-11-14T21:54:15.732+0000] {processor.py:179} INFO - Processing /home/airflow/.local/lib/python3.8/site-packages/airflow/example_dags/example_nested_branch_dag.py took 0.117 seconds
[2023-11-14T21:54:46.273+0000] {processor.py:157} INFO - Started process (PID=2274) to work on /home/airflow/.local/lib/python3.8/site-packages/airflow/example_dags/example_nested_branch_dag.py
[2023-11-14T21:54:46.274+0000] {processor.py:829} INFO - Processing file /home/airflow/.local/lib/python3.8/site-packages/airflow/example_dags/example_nested_branch_dag.py for tasks to queue
[2023-11-14T21:54:46.277+0000] {logging_mixin.py:154} INFO - [2023-11-14T21:54:46.277+0000] {dagbag.py:536} INFO - Filling up the DagBag from /home/airflow/.local/lib/python3.8/site-packages/airflow/example_dags/example_nested_branch_dag.py
[2023-11-14T21:54:46.291+0000] {processor.py:839} INFO - DAG(s) dict_keys(['example_nested_branch_dag']) retrieved from /home/airflow/.local/lib/python3.8/site-packages/airflow/example_dags/example_nested_branch_dag.py
[2023-11-14T21:54:46.320+0000] {logging_mixin.py:154} INFO - [2023-11-14T21:54:46.320+0000] {dag.py:2941} INFO - Sync 1 DAGs
[2023-11-14T21:54:46.352+0000] {logging_mixin.py:154} INFO - [2023-11-14T21:54:46.352+0000] {dag.py:3722} INFO - Setting next_dagrun for example_nested_branch_dag to 2023-11-13T00:00:00+00:00, run_after=2023-11-14T00:00:00+00:00
[2023-11-14T21:54:46.382+0000] {processor.py:179} INFO - Processing /home/airflow/.local/lib/python3.8/site-packages/airflow/example_dags/example_nested_branch_dag.py took 0.114 seconds
[2023-11-14T21:55:16.557+0000] {processor.py:157} INFO - Started process (PID=2329) to work on /home/airflow/.local/lib/python3.8/site-packages/airflow/example_dags/example_nested_branch_dag.py
[2023-11-14T21:55:16.559+0000] {processor.py:829} INFO - Processing file /home/airflow/.local/lib/python3.8/site-packages/airflow/example_dags/example_nested_branch_dag.py for tasks to queue
[2023-11-14T21:55:16.566+0000] {logging_mixin.py:154} INFO - [2023-11-14T21:55:16.566+0000] {dagbag.py:536} INFO - Filling up the DagBag from /home/airflow/.local/lib/python3.8/site-packages/airflow/example_dags/example_nested_branch_dag.py
[2023-11-14T21:55:16.591+0000] {processor.py:839} INFO - DAG(s) dict_keys(['example_nested_branch_dag']) retrieved from /home/airflow/.local/lib/python3.8/site-packages/airflow/example_dags/example_nested_branch_dag.py
[2023-11-14T21:55:16.627+0000] {logging_mixin.py:154} INFO - [2023-11-14T21:55:16.627+0000] {dag.py:2941} INFO - Sync 1 DAGs
[2023-11-14T21:55:16.664+0000] {logging_mixin.py:154} INFO - [2023-11-14T21:55:16.663+0000] {dag.py:3722} INFO - Setting next_dagrun for example_nested_branch_dag to 2023-11-13T00:00:00+00:00, run_after=2023-11-14T00:00:00+00:00
[2023-11-14T21:55:16.694+0000] {processor.py:179} INFO - Processing /home/airflow/.local/lib/python3.8/site-packages/airflow/example_dags/example_nested_branch_dag.py took 0.149 seconds
[2023-11-14T21:55:47.051+0000] {processor.py:157} INFO - Started process (PID=2383) to work on /home/airflow/.local/lib/python3.8/site-packages/airflow/example_dags/example_nested_branch_dag.py
[2023-11-14T21:55:47.054+0000] {processor.py:829} INFO - Processing file /home/airflow/.local/lib/python3.8/site-packages/airflow/example_dags/example_nested_branch_dag.py for tasks to queue
[2023-11-14T21:55:47.058+0000] {logging_mixin.py:154} INFO - [2023-11-14T21:55:47.058+0000] {dagbag.py:536} INFO - Filling up the DagBag from /home/airflow/.local/lib/python3.8/site-packages/airflow/example_dags/example_nested_branch_dag.py
[2023-11-14T21:55:47.078+0000] {processor.py:839} INFO - DAG(s) dict_keys(['example_nested_branch_dag']) retrieved from /home/airflow/.local/lib/python3.8/site-packages/airflow/example_dags/example_nested_branch_dag.py
[2023-11-14T21:55:47.120+0000] {logging_mixin.py:154} INFO - [2023-11-14T21:55:47.120+0000] {dag.py:2941} INFO - Sync 1 DAGs
[2023-11-14T21:55:47.163+0000] {logging_mixin.py:154} INFO - [2023-11-14T21:55:47.163+0000] {dag.py:3722} INFO - Setting next_dagrun for example_nested_branch_dag to 2023-11-13T00:00:00+00:00, run_after=2023-11-14T00:00:00+00:00
[2023-11-14T21:55:47.196+0000] {processor.py:179} INFO - Processing /home/airflow/.local/lib/python3.8/site-packages/airflow/example_dags/example_nested_branch_dag.py took 0.153 seconds
[2023-11-14T21:56:17.814+0000] {processor.py:157} INFO - Started process (PID=2437) to work on /home/airflow/.local/lib/python3.8/site-packages/airflow/example_dags/example_nested_branch_dag.py
[2023-11-14T21:56:17.816+0000] {processor.py:829} INFO - Processing file /home/airflow/.local/lib/python3.8/site-packages/airflow/example_dags/example_nested_branch_dag.py for tasks to queue
[2023-11-14T21:56:17.823+0000] {logging_mixin.py:154} INFO - [2023-11-14T21:56:17.822+0000] {dagbag.py:536} INFO - Filling up the DagBag from /home/airflow/.local/lib/python3.8/site-packages/airflow/example_dags/example_nested_branch_dag.py
[2023-11-14T21:56:17.850+0000] {processor.py:839} INFO - DAG(s) dict_keys(['example_nested_branch_dag']) retrieved from /home/airflow/.local/lib/python3.8/site-packages/airflow/example_dags/example_nested_branch_dag.py
[2023-11-14T21:56:17.904+0000] {logging_mixin.py:154} INFO - [2023-11-14T21:56:17.904+0000] {dag.py:2941} INFO - Sync 1 DAGs
[2023-11-14T21:56:17.963+0000] {logging_mixin.py:154} INFO - [2023-11-14T21:56:17.963+0000] {dag.py:3722} INFO - Setting next_dagrun for example_nested_branch_dag to 2023-11-13T00:00:00+00:00, run_after=2023-11-14T00:00:00+00:00
[2023-11-14T21:56:18.017+0000] {processor.py:179} INFO - Processing /home/airflow/.local/lib/python3.8/site-packages/airflow/example_dags/example_nested_branch_dag.py took 0.213 seconds
[2023-11-14T21:56:48.477+0000] {processor.py:157} INFO - Started process (PID=2492) to work on /home/airflow/.local/lib/python3.8/site-packages/airflow/example_dags/example_nested_branch_dag.py
[2023-11-14T21:56:48.480+0000] {processor.py:829} INFO - Processing file /home/airflow/.local/lib/python3.8/site-packages/airflow/example_dags/example_nested_branch_dag.py for tasks to queue
[2023-11-14T21:56:48.484+0000] {logging_mixin.py:154} INFO - [2023-11-14T21:56:48.483+0000] {dagbag.py:536} INFO - Filling up the DagBag from /home/airflow/.local/lib/python3.8/site-packages/airflow/example_dags/example_nested_branch_dag.py
[2023-11-14T21:56:48.497+0000] {processor.py:839} INFO - DAG(s) dict_keys(['example_nested_branch_dag']) retrieved from /home/airflow/.local/lib/python3.8/site-packages/airflow/example_dags/example_nested_branch_dag.py
[2023-11-14T21:56:48.527+0000] {logging_mixin.py:154} INFO - [2023-11-14T21:56:48.526+0000] {dag.py:2941} INFO - Sync 1 DAGs
[2023-11-14T21:56:48.562+0000] {logging_mixin.py:154} INFO - [2023-11-14T21:56:48.562+0000] {dag.py:3722} INFO - Setting next_dagrun for example_nested_branch_dag to 2023-11-13T00:00:00+00:00, run_after=2023-11-14T00:00:00+00:00
[2023-11-14T21:56:48.615+0000] {processor.py:179} INFO - Processing /home/airflow/.local/lib/python3.8/site-packages/airflow/example_dags/example_nested_branch_dag.py took 0.144 seconds
[2023-11-14T21:57:19.208+0000] {processor.py:157} INFO - Started process (PID=2546) to work on /home/airflow/.local/lib/python3.8/site-packages/airflow/example_dags/example_nested_branch_dag.py
[2023-11-14T21:57:19.209+0000] {processor.py:829} INFO - Processing file /home/airflow/.local/lib/python3.8/site-packages/airflow/example_dags/example_nested_branch_dag.py for tasks to queue
[2023-11-14T21:57:19.213+0000] {logging_mixin.py:154} INFO - [2023-11-14T21:57:19.213+0000] {dagbag.py:536} INFO - Filling up the DagBag from /home/airflow/.local/lib/python3.8/site-packages/airflow/example_dags/example_nested_branch_dag.py
[2023-11-14T21:57:19.227+0000] {processor.py:839} INFO - DAG(s) dict_keys(['example_nested_branch_dag']) retrieved from /home/airflow/.local/lib/python3.8/site-packages/airflow/example_dags/example_nested_branch_dag.py
[2023-11-14T21:57:19.253+0000] {logging_mixin.py:154} INFO - [2023-11-14T21:57:19.253+0000] {dag.py:2941} INFO - Sync 1 DAGs
[2023-11-14T21:57:19.283+0000] {logging_mixin.py:154} INFO - [2023-11-14T21:57:19.282+0000] {dag.py:3722} INFO - Setting next_dagrun for example_nested_branch_dag to 2023-11-13T00:00:00+00:00, run_after=2023-11-14T00:00:00+00:00
[2023-11-14T21:57:19.318+0000] {processor.py:179} INFO - Processing /home/airflow/.local/lib/python3.8/site-packages/airflow/example_dags/example_nested_branch_dag.py took 0.115 seconds
[2023-11-14T21:57:49.512+0000] {processor.py:157} INFO - Started process (PID=2601) to work on /home/airflow/.local/lib/python3.8/site-packages/airflow/example_dags/example_nested_branch_dag.py
[2023-11-14T21:57:49.514+0000] {processor.py:829} INFO - Processing file /home/airflow/.local/lib/python3.8/site-packages/airflow/example_dags/example_nested_branch_dag.py for tasks to queue
[2023-11-14T21:57:49.519+0000] {logging_mixin.py:154} INFO - [2023-11-14T21:57:49.518+0000] {dagbag.py:536} INFO - Filling up the DagBag from /home/airflow/.local/lib/python3.8/site-packages/airflow/example_dags/example_nested_branch_dag.py
[2023-11-14T21:57:49.533+0000] {processor.py:839} INFO - DAG(s) dict_keys(['example_nested_branch_dag']) retrieved from /home/airflow/.local/lib/python3.8/site-packages/airflow/example_dags/example_nested_branch_dag.py
[2023-11-14T21:57:49.559+0000] {logging_mixin.py:154} INFO - [2023-11-14T21:57:49.559+0000] {dag.py:2941} INFO - Sync 1 DAGs
[2023-11-14T21:57:49.586+0000] {logging_mixin.py:154} INFO - [2023-11-14T21:57:49.586+0000] {dag.py:3722} INFO - Setting next_dagrun for example_nested_branch_dag to 2023-11-13T00:00:00+00:00, run_after=2023-11-14T00:00:00+00:00
[2023-11-14T21:57:49.624+0000] {processor.py:179} INFO - Processing /home/airflow/.local/lib/python3.8/site-packages/airflow/example_dags/example_nested_branch_dag.py took 0.118 seconds
[2023-11-14T21:58:19.767+0000] {processor.py:157} INFO - Started process (PID=2655) to work on /home/airflow/.local/lib/python3.8/site-packages/airflow/example_dags/example_nested_branch_dag.py
[2023-11-14T21:58:19.768+0000] {processor.py:829} INFO - Processing file /home/airflow/.local/lib/python3.8/site-packages/airflow/example_dags/example_nested_branch_dag.py for tasks to queue
[2023-11-14T21:58:19.771+0000] {logging_mixin.py:154} INFO - [2023-11-14T21:58:19.771+0000] {dagbag.py:536} INFO - Filling up the DagBag from /home/airflow/.local/lib/python3.8/site-packages/airflow/example_dags/example_nested_branch_dag.py
[2023-11-14T21:58:19.783+0000] {processor.py:839} INFO - DAG(s) dict_keys(['example_nested_branch_dag']) retrieved from /home/airflow/.local/lib/python3.8/site-packages/airflow/example_dags/example_nested_branch_dag.py
[2023-11-14T21:58:19.812+0000] {logging_mixin.py:154} INFO - [2023-11-14T21:58:19.812+0000] {dag.py:2941} INFO - Sync 1 DAGs
[2023-11-14T21:58:19.842+0000] {logging_mixin.py:154} INFO - [2023-11-14T21:58:19.841+0000] {dag.py:3722} INFO - Setting next_dagrun for example_nested_branch_dag to 2023-11-13T00:00:00+00:00, run_after=2023-11-14T00:00:00+00:00
[2023-11-14T21:58:19.865+0000] {processor.py:179} INFO - Processing /home/airflow/.local/lib/python3.8/site-packages/airflow/example_dags/example_nested_branch_dag.py took 0.102 seconds
[2023-11-14T21:58:49.916+0000] {processor.py:157} INFO - Started process (PID=2709) to work on /home/airflow/.local/lib/python3.8/site-packages/airflow/example_dags/example_nested_branch_dag.py
[2023-11-14T21:58:49.920+0000] {processor.py:829} INFO - Processing file /home/airflow/.local/lib/python3.8/site-packages/airflow/example_dags/example_nested_branch_dag.py for tasks to queue
[2023-11-14T21:58:49.924+0000] {logging_mixin.py:154} INFO - [2023-11-14T21:58:49.924+0000] {dagbag.py:536} INFO - Filling up the DagBag from /home/airflow/.local/lib/python3.8/site-packages/airflow/example_dags/example_nested_branch_dag.py
[2023-11-14T21:58:49.939+0000] {processor.py:839} INFO - DAG(s) dict_keys(['example_nested_branch_dag']) retrieved from /home/airflow/.local/lib/python3.8/site-packages/airflow/example_dags/example_nested_branch_dag.py
[2023-11-14T21:58:49.970+0000] {logging_mixin.py:154} INFO - [2023-11-14T21:58:49.970+0000] {dag.py:2941} INFO - Sync 1 DAGs
[2023-11-14T21:58:50.014+0000] {logging_mixin.py:154} INFO - [2023-11-14T21:58:50.013+0000] {dag.py:3722} INFO - Setting next_dagrun for example_nested_branch_dag to 2023-11-13T00:00:00+00:00, run_after=2023-11-14T00:00:00+00:00
[2023-11-14T21:58:50.041+0000] {processor.py:179} INFO - Processing /home/airflow/.local/lib/python3.8/site-packages/airflow/example_dags/example_nested_branch_dag.py took 0.130 seconds
[2023-11-14T21:59:20.150+0000] {processor.py:157} INFO - Started process (PID=2763) to work on /home/airflow/.local/lib/python3.8/site-packages/airflow/example_dags/example_nested_branch_dag.py
[2023-11-14T21:59:20.155+0000] {processor.py:829} INFO - Processing file /home/airflow/.local/lib/python3.8/site-packages/airflow/example_dags/example_nested_branch_dag.py for tasks to queue
[2023-11-14T21:59:20.160+0000] {logging_mixin.py:154} INFO - [2023-11-14T21:59:20.159+0000] {dagbag.py:536} INFO - Filling up the DagBag from /home/airflow/.local/lib/python3.8/site-packages/airflow/example_dags/example_nested_branch_dag.py
[2023-11-14T21:59:20.171+0000] {processor.py:839} INFO - DAG(s) dict_keys(['example_nested_branch_dag']) retrieved from /home/airflow/.local/lib/python3.8/site-packages/airflow/example_dags/example_nested_branch_dag.py
[2023-11-14T21:59:20.200+0000] {logging_mixin.py:154} INFO - [2023-11-14T21:59:20.200+0000] {dag.py:2941} INFO - Sync 1 DAGs
[2023-11-14T21:59:20.229+0000] {logging_mixin.py:154} INFO - [2023-11-14T21:59:20.229+0000] {dag.py:3722} INFO - Setting next_dagrun for example_nested_branch_dag to 2023-11-13T00:00:00+00:00, run_after=2023-11-14T00:00:00+00:00
[2023-11-14T21:59:20.265+0000] {processor.py:179} INFO - Processing /home/airflow/.local/lib/python3.8/site-packages/airflow/example_dags/example_nested_branch_dag.py took 0.119 seconds
