[2023-11-14T21:33:58.975+0000] {processor.py:157} INFO - Started process (PID=73) to work on /home/airflow/.local/lib/python3.8/site-packages/airflow/example_dags/example_params_trigger_ui.py
[2023-11-14T21:33:58.976+0000] {processor.py:829} INFO - Processing file /home/airflow/.local/lib/python3.8/site-packages/airflow/example_dags/example_params_trigger_ui.py for tasks to queue
[2023-11-14T21:33:58.978+0000] {logging_mixin.py:154} INFO - [2023-11-14T21:33:58.978+0000] {dagbag.py:536} INFO - Filling up the DagBag from /home/airflow/.local/lib/python3.8/site-packages/airflow/example_dags/example_params_trigger_ui.py
[2023-11-14T21:33:59.001+0000] {processor.py:839} INFO - DAG(s) dict_keys(['example_params_trigger_ui']) retrieved from /home/airflow/.local/lib/python3.8/site-packages/airflow/example_dags/example_params_trigger_ui.py
[2023-11-14T21:33:59.182+0000] {logging_mixin.py:154} INFO - [2023-11-14T21:33:59.182+0000] {manager.py:499} INFO - Created Permission View: %s
[2023-11-14T21:33:59.198+0000] {logging_mixin.py:154} INFO - [2023-11-14T21:33:59.197+0000] {manager.py:499} INFO - Created Permission View: %s
[2023-11-14T21:33:59.208+0000] {logging_mixin.py:154} INFO - [2023-11-14T21:33:59.208+0000] {manager.py:499} INFO - Created Permission View: %s
[2023-11-14T21:33:59.209+0000] {logging_mixin.py:154} INFO - [2023-11-14T21:33:59.209+0000] {dag.py:2941} INFO - Sync 1 DAGs
[2023-11-14T21:33:59.225+0000] {logging_mixin.py:154} INFO - [2023-11-14T21:33:59.225+0000] {dag.py:2963} INFO - Creating ORM DAG for example_params_trigger_ui
[2023-11-14T21:33:59.226+0000] {logging_mixin.py:154} INFO - [2023-11-14T21:33:59.226+0000] {dag.py:3722} INFO - Setting next_dagrun for example_params_trigger_ui to None, run_after=None
[2023-11-14T21:33:59.252+0000] {processor.py:179} INFO - Processing /home/airflow/.local/lib/python3.8/site-packages/airflow/example_dags/example_params_trigger_ui.py took 0.282 seconds
[2023-11-14T21:34:29.981+0000] {processor.py:157} INFO - Started process (PID=127) to work on /home/airflow/.local/lib/python3.8/site-packages/airflow/example_dags/example_params_trigger_ui.py
[2023-11-14T21:34:29.982+0000] {processor.py:829} INFO - Processing file /home/airflow/.local/lib/python3.8/site-packages/airflow/example_dags/example_params_trigger_ui.py for tasks to queue
[2023-11-14T21:34:29.987+0000] {logging_mixin.py:154} INFO - [2023-11-14T21:34:29.986+0000] {dagbag.py:536} INFO - Filling up the DagBag from /home/airflow/.local/lib/python3.8/site-packages/airflow/example_dags/example_params_trigger_ui.py
[2023-11-14T21:34:30.015+0000] {processor.py:839} INFO - DAG(s) dict_keys(['example_params_trigger_ui']) retrieved from /home/airflow/.local/lib/python3.8/site-packages/airflow/example_dags/example_params_trigger_ui.py
[2023-11-14T21:34:30.110+0000] {logging_mixin.py:154} INFO - [2023-11-14T21:34:30.110+0000] {dag.py:2941} INFO - Sync 1 DAGs
[2023-11-14T21:34:30.127+0000] {logging_mixin.py:154} INFO - [2023-11-14T21:34:30.127+0000] {dag.py:3722} INFO - Setting next_dagrun for example_params_trigger_ui to None, run_after=None
[2023-11-14T21:34:30.164+0000] {processor.py:179} INFO - Processing /home/airflow/.local/lib/python3.8/site-packages/airflow/example_dags/example_params_trigger_ui.py took 0.191 seconds
[2023-11-14T21:35:00.232+0000] {processor.py:157} INFO - Started process (PID=181) to work on /home/airflow/.local/lib/python3.8/site-packages/airflow/example_dags/example_params_trigger_ui.py
[2023-11-14T21:35:00.233+0000] {processor.py:829} INFO - Processing file /home/airflow/.local/lib/python3.8/site-packages/airflow/example_dags/example_params_trigger_ui.py for tasks to queue
[2023-11-14T21:35:00.235+0000] {logging_mixin.py:154} INFO - [2023-11-14T21:35:00.235+0000] {dagbag.py:536} INFO - Filling up the DagBag from /home/airflow/.local/lib/python3.8/site-packages/airflow/example_dags/example_params_trigger_ui.py
[2023-11-14T21:35:00.256+0000] {processor.py:839} INFO - DAG(s) dict_keys(['example_params_trigger_ui']) retrieved from /home/airflow/.local/lib/python3.8/site-packages/airflow/example_dags/example_params_trigger_ui.py
[2023-11-14T21:35:00.324+0000] {logging_mixin.py:154} INFO - [2023-11-14T21:35:00.324+0000] {dag.py:2941} INFO - Sync 1 DAGs
[2023-11-14T21:35:00.340+0000] {logging_mixin.py:154} INFO - [2023-11-14T21:35:00.339+0000] {dag.py:3722} INFO - Setting next_dagrun for example_params_trigger_ui to None, run_after=None
[2023-11-14T21:35:00.366+0000] {processor.py:179} INFO - Processing /home/airflow/.local/lib/python3.8/site-packages/airflow/example_dags/example_params_trigger_ui.py took 0.138 seconds
[2023-11-14T21:35:30.856+0000] {processor.py:157} INFO - Started process (PID=235) to work on /home/airflow/.local/lib/python3.8/site-packages/airflow/example_dags/example_params_trigger_ui.py
[2023-11-14T21:35:30.857+0000] {processor.py:829} INFO - Processing file /home/airflow/.local/lib/python3.8/site-packages/airflow/example_dags/example_params_trigger_ui.py for tasks to queue
[2023-11-14T21:35:30.859+0000] {logging_mixin.py:154} INFO - [2023-11-14T21:35:30.859+0000] {dagbag.py:536} INFO - Filling up the DagBag from /home/airflow/.local/lib/python3.8/site-packages/airflow/example_dags/example_params_trigger_ui.py
[2023-11-14T21:35:30.882+0000] {processor.py:839} INFO - DAG(s) dict_keys(['example_params_trigger_ui']) retrieved from /home/airflow/.local/lib/python3.8/site-packages/airflow/example_dags/example_params_trigger_ui.py
[2023-11-14T21:35:30.945+0000] {logging_mixin.py:154} INFO - [2023-11-14T21:35:30.945+0000] {dag.py:2941} INFO - Sync 1 DAGs
[2023-11-14T21:35:30.959+0000] {logging_mixin.py:154} INFO - [2023-11-14T21:35:30.959+0000] {dag.py:3722} INFO - Setting next_dagrun for example_params_trigger_ui to None, run_after=None
[2023-11-14T21:35:30.981+0000] {processor.py:179} INFO - Processing /home/airflow/.local/lib/python3.8/site-packages/airflow/example_dags/example_params_trigger_ui.py took 0.129 seconds
[2023-11-14T21:36:01.307+0000] {processor.py:157} INFO - Started process (PID=289) to work on /home/airflow/.local/lib/python3.8/site-packages/airflow/example_dags/example_params_trigger_ui.py
[2023-11-14T21:36:01.309+0000] {processor.py:829} INFO - Processing file /home/airflow/.local/lib/python3.8/site-packages/airflow/example_dags/example_params_trigger_ui.py for tasks to queue
[2023-11-14T21:36:01.312+0000] {logging_mixin.py:154} INFO - [2023-11-14T21:36:01.312+0000] {dagbag.py:536} INFO - Filling up the DagBag from /home/airflow/.local/lib/python3.8/site-packages/airflow/example_dags/example_params_trigger_ui.py
[2023-11-14T21:36:01.337+0000] {processor.py:839} INFO - DAG(s) dict_keys(['example_params_trigger_ui']) retrieved from /home/airflow/.local/lib/python3.8/site-packages/airflow/example_dags/example_params_trigger_ui.py
[2023-11-14T21:36:01.414+0000] {logging_mixin.py:154} INFO - [2023-11-14T21:36:01.414+0000] {dag.py:2941} INFO - Sync 1 DAGs
[2023-11-14T21:36:01.431+0000] {logging_mixin.py:154} INFO - [2023-11-14T21:36:01.431+0000] {dag.py:3722} INFO - Setting next_dagrun for example_params_trigger_ui to None, run_after=None
[2023-11-14T21:36:01.462+0000] {processor.py:179} INFO - Processing /home/airflow/.local/lib/python3.8/site-packages/airflow/example_dags/example_params_trigger_ui.py took 0.160 seconds
[2023-11-14T21:36:32.353+0000] {processor.py:157} INFO - Started process (PID=344) to work on /home/airflow/.local/lib/python3.8/site-packages/airflow/example_dags/example_params_trigger_ui.py
[2023-11-14T21:36:32.354+0000] {processor.py:829} INFO - Processing file /home/airflow/.local/lib/python3.8/site-packages/airflow/example_dags/example_params_trigger_ui.py for tasks to queue
[2023-11-14T21:36:32.357+0000] {logging_mixin.py:154} INFO - [2023-11-14T21:36:32.356+0000] {dagbag.py:536} INFO - Filling up the DagBag from /home/airflow/.local/lib/python3.8/site-packages/airflow/example_dags/example_params_trigger_ui.py
[2023-11-14T21:36:32.378+0000] {processor.py:839} INFO - DAG(s) dict_keys(['example_params_trigger_ui']) retrieved from /home/airflow/.local/lib/python3.8/site-packages/airflow/example_dags/example_params_trigger_ui.py
[2023-11-14T21:36:32.444+0000] {logging_mixin.py:154} INFO - [2023-11-14T21:36:32.444+0000] {dag.py:2941} INFO - Sync 1 DAGs
[2023-11-14T21:36:32.463+0000] {logging_mixin.py:154} INFO - [2023-11-14T21:36:32.463+0000] {dag.py:3722} INFO - Setting next_dagrun for example_params_trigger_ui to None, run_after=None
[2023-11-14T21:36:32.489+0000] {processor.py:179} INFO - Processing /home/airflow/.local/lib/python3.8/site-packages/airflow/example_dags/example_params_trigger_ui.py took 0.140 seconds
[2023-11-14T21:37:02.897+0000] {processor.py:157} INFO - Started process (PID=398) to work on /home/airflow/.local/lib/python3.8/site-packages/airflow/example_dags/example_params_trigger_ui.py
[2023-11-14T21:37:02.898+0000] {processor.py:829} INFO - Processing file /home/airflow/.local/lib/python3.8/site-packages/airflow/example_dags/example_params_trigger_ui.py for tasks to queue
[2023-11-14T21:37:02.900+0000] {logging_mixin.py:154} INFO - [2023-11-14T21:37:02.900+0000] {dagbag.py:536} INFO - Filling up the DagBag from /home/airflow/.local/lib/python3.8/site-packages/airflow/example_dags/example_params_trigger_ui.py
[2023-11-14T21:37:02.921+0000] {processor.py:839} INFO - DAG(s) dict_keys(['example_params_trigger_ui']) retrieved from /home/airflow/.local/lib/python3.8/site-packages/airflow/example_dags/example_params_trigger_ui.py
[2023-11-14T21:37:02.986+0000] {logging_mixin.py:154} INFO - [2023-11-14T21:37:02.986+0000] {dag.py:2941} INFO - Sync 1 DAGs
[2023-11-14T21:37:03.002+0000] {logging_mixin.py:154} INFO - [2023-11-14T21:37:03.002+0000] {dag.py:3722} INFO - Setting next_dagrun for example_params_trigger_ui to None, run_after=None
[2023-11-14T21:37:03.027+0000] {processor.py:179} INFO - Processing /home/airflow/.local/lib/python3.8/site-packages/airflow/example_dags/example_params_trigger_ui.py took 0.134 seconds
[2023-11-14T21:37:33.615+0000] {processor.py:157} INFO - Started process (PID=452) to work on /home/airflow/.local/lib/python3.8/site-packages/airflow/example_dags/example_params_trigger_ui.py
[2023-11-14T21:37:33.616+0000] {processor.py:829} INFO - Processing file /home/airflow/.local/lib/python3.8/site-packages/airflow/example_dags/example_params_trigger_ui.py for tasks to queue
[2023-11-14T21:37:33.619+0000] {logging_mixin.py:154} INFO - [2023-11-14T21:37:33.618+0000] {dagbag.py:536} INFO - Filling up the DagBag from /home/airflow/.local/lib/python3.8/site-packages/airflow/example_dags/example_params_trigger_ui.py
[2023-11-14T21:37:33.639+0000] {processor.py:839} INFO - DAG(s) dict_keys(['example_params_trigger_ui']) retrieved from /home/airflow/.local/lib/python3.8/site-packages/airflow/example_dags/example_params_trigger_ui.py
[2023-11-14T21:37:33.703+0000] {logging_mixin.py:154} INFO - [2023-11-14T21:37:33.703+0000] {dag.py:2941} INFO - Sync 1 DAGs
[2023-11-14T21:37:33.718+0000] {logging_mixin.py:154} INFO - [2023-11-14T21:37:33.718+0000] {dag.py:3722} INFO - Setting next_dagrun for example_params_trigger_ui to None, run_after=None
[2023-11-14T21:37:33.761+0000] {processor.py:179} INFO - Processing /home/airflow/.local/lib/python3.8/site-packages/airflow/example_dags/example_params_trigger_ui.py took 0.150 seconds
[2023-11-14T21:38:03.850+0000] {processor.py:157} INFO - Started process (PID=513) to work on /home/airflow/.local/lib/python3.8/site-packages/airflow/example_dags/example_params_trigger_ui.py
[2023-11-14T21:38:03.852+0000] {processor.py:829} INFO - Processing file /home/airflow/.local/lib/python3.8/site-packages/airflow/example_dags/example_params_trigger_ui.py for tasks to queue
[2023-11-14T21:38:03.854+0000] {logging_mixin.py:154} INFO - [2023-11-14T21:38:03.854+0000] {dagbag.py:536} INFO - Filling up the DagBag from /home/airflow/.local/lib/python3.8/site-packages/airflow/example_dags/example_params_trigger_ui.py
[2023-11-14T21:38:03.874+0000] {processor.py:839} INFO - DAG(s) dict_keys(['example_params_trigger_ui']) retrieved from /home/airflow/.local/lib/python3.8/site-packages/airflow/example_dags/example_params_trigger_ui.py
[2023-11-14T21:38:03.945+0000] {logging_mixin.py:154} INFO - [2023-11-14T21:38:03.944+0000] {dag.py:2941} INFO - Sync 1 DAGs
[2023-11-14T21:38:03.960+0000] {logging_mixin.py:154} INFO - [2023-11-14T21:38:03.960+0000] {dag.py:3722} INFO - Setting next_dagrun for example_params_trigger_ui to None, run_after=None
[2023-11-14T21:38:03.985+0000] {processor.py:179} INFO - Processing /home/airflow/.local/lib/python3.8/site-packages/airflow/example_dags/example_params_trigger_ui.py took 0.138 seconds
[2023-11-14T21:38:34.143+0000] {processor.py:157} INFO - Started process (PID=571) to work on /home/airflow/.local/lib/python3.8/site-packages/airflow/example_dags/example_params_trigger_ui.py
[2023-11-14T21:38:34.144+0000] {processor.py:829} INFO - Processing file /home/airflow/.local/lib/python3.8/site-packages/airflow/example_dags/example_params_trigger_ui.py for tasks to queue
[2023-11-14T21:38:34.146+0000] {logging_mixin.py:154} INFO - [2023-11-14T21:38:34.146+0000] {dagbag.py:536} INFO - Filling up the DagBag from /home/airflow/.local/lib/python3.8/site-packages/airflow/example_dags/example_params_trigger_ui.py
[2023-11-14T21:38:34.166+0000] {processor.py:839} INFO - DAG(s) dict_keys(['example_params_trigger_ui']) retrieved from /home/airflow/.local/lib/python3.8/site-packages/airflow/example_dags/example_params_trigger_ui.py
[2023-11-14T21:38:34.236+0000] {logging_mixin.py:154} INFO - [2023-11-14T21:38:34.236+0000] {dag.py:2941} INFO - Sync 1 DAGs
[2023-11-14T21:38:34.252+0000] {logging_mixin.py:154} INFO - [2023-11-14T21:38:34.252+0000] {dag.py:3722} INFO - Setting next_dagrun for example_params_trigger_ui to None, run_after=None
[2023-11-14T21:38:34.280+0000] {processor.py:179} INFO - Processing /home/airflow/.local/lib/python3.8/site-packages/airflow/example_dags/example_params_trigger_ui.py took 0.142 seconds
[2023-11-14T21:39:04.531+0000] {processor.py:157} INFO - Started process (PID=625) to work on /home/airflow/.local/lib/python3.8/site-packages/airflow/example_dags/example_params_trigger_ui.py
[2023-11-14T21:39:04.532+0000] {processor.py:829} INFO - Processing file /home/airflow/.local/lib/python3.8/site-packages/airflow/example_dags/example_params_trigger_ui.py for tasks to queue
[2023-11-14T21:39:04.535+0000] {logging_mixin.py:154} INFO - [2023-11-14T21:39:04.534+0000] {dagbag.py:536} INFO - Filling up the DagBag from /home/airflow/.local/lib/python3.8/site-packages/airflow/example_dags/example_params_trigger_ui.py
[2023-11-14T21:39:04.559+0000] {processor.py:839} INFO - DAG(s) dict_keys(['example_params_trigger_ui']) retrieved from /home/airflow/.local/lib/python3.8/site-packages/airflow/example_dags/example_params_trigger_ui.py
[2023-11-14T21:39:04.637+0000] {logging_mixin.py:154} INFO - [2023-11-14T21:39:04.637+0000] {dag.py:2941} INFO - Sync 1 DAGs
[2023-11-14T21:39:04.651+0000] {logging_mixin.py:154} INFO - [2023-11-14T21:39:04.651+0000] {dag.py:3722} INFO - Setting next_dagrun for example_params_trigger_ui to None, run_after=None
[2023-11-14T21:39:04.679+0000] {processor.py:179} INFO - Processing /home/airflow/.local/lib/python3.8/site-packages/airflow/example_dags/example_params_trigger_ui.py took 0.153 seconds
[2023-11-14T21:39:35.623+0000] {processor.py:157} INFO - Started process (PID=687) to work on /home/airflow/.local/lib/python3.8/site-packages/airflow/example_dags/example_params_trigger_ui.py
[2023-11-14T21:39:35.625+0000] {processor.py:829} INFO - Processing file /home/airflow/.local/lib/python3.8/site-packages/airflow/example_dags/example_params_trigger_ui.py for tasks to queue
[2023-11-14T21:39:35.627+0000] {logging_mixin.py:154} INFO - [2023-11-14T21:39:35.627+0000] {dagbag.py:536} INFO - Filling up the DagBag from /home/airflow/.local/lib/python3.8/site-packages/airflow/example_dags/example_params_trigger_ui.py
[2023-11-14T21:39:35.653+0000] {processor.py:839} INFO - DAG(s) dict_keys(['example_params_trigger_ui']) retrieved from /home/airflow/.local/lib/python3.8/site-packages/airflow/example_dags/example_params_trigger_ui.py
[2023-11-14T21:39:35.729+0000] {logging_mixin.py:154} INFO - [2023-11-14T21:39:35.729+0000] {dag.py:2941} INFO - Sync 1 DAGs
[2023-11-14T21:39:35.748+0000] {logging_mixin.py:154} INFO - [2023-11-14T21:39:35.747+0000] {dag.py:3722} INFO - Setting next_dagrun for example_params_trigger_ui to None, run_after=None
[2023-11-14T21:39:35.775+0000] {processor.py:179} INFO - Processing /home/airflow/.local/lib/python3.8/site-packages/airflow/example_dags/example_params_trigger_ui.py took 0.156 seconds
[2023-11-14T21:40:05.935+0000] {processor.py:157} INFO - Started process (PID=742) to work on /home/airflow/.local/lib/python3.8/site-packages/airflow/example_dags/example_params_trigger_ui.py
[2023-11-14T21:40:05.936+0000] {processor.py:829} INFO - Processing file /home/airflow/.local/lib/python3.8/site-packages/airflow/example_dags/example_params_trigger_ui.py for tasks to queue
[2023-11-14T21:40:05.939+0000] {logging_mixin.py:154} INFO - [2023-11-14T21:40:05.939+0000] {dagbag.py:536} INFO - Filling up the DagBag from /home/airflow/.local/lib/python3.8/site-packages/airflow/example_dags/example_params_trigger_ui.py
[2023-11-14T21:40:05.960+0000] {processor.py:839} INFO - DAG(s) dict_keys(['example_params_trigger_ui']) retrieved from /home/airflow/.local/lib/python3.8/site-packages/airflow/example_dags/example_params_trigger_ui.py
[2023-11-14T21:40:06.028+0000] {logging_mixin.py:154} INFO - [2023-11-14T21:40:06.027+0000] {dag.py:2941} INFO - Sync 1 DAGs
[2023-11-14T21:40:06.043+0000] {logging_mixin.py:154} INFO - [2023-11-14T21:40:06.043+0000] {dag.py:3722} INFO - Setting next_dagrun for example_params_trigger_ui to None, run_after=None
[2023-11-14T21:40:06.069+0000] {processor.py:179} INFO - Processing /home/airflow/.local/lib/python3.8/site-packages/airflow/example_dags/example_params_trigger_ui.py took 0.138 seconds
[2023-11-14T21:40:36.106+0000] {processor.py:157} INFO - Started process (PID=796) to work on /home/airflow/.local/lib/python3.8/site-packages/airflow/example_dags/example_params_trigger_ui.py
[2023-11-14T21:40:36.107+0000] {processor.py:829} INFO - Processing file /home/airflow/.local/lib/python3.8/site-packages/airflow/example_dags/example_params_trigger_ui.py for tasks to queue
[2023-11-14T21:40:36.110+0000] {logging_mixin.py:154} INFO - [2023-11-14T21:40:36.109+0000] {dagbag.py:536} INFO - Filling up the DagBag from /home/airflow/.local/lib/python3.8/site-packages/airflow/example_dags/example_params_trigger_ui.py
[2023-11-14T21:40:36.133+0000] {processor.py:839} INFO - DAG(s) dict_keys(['example_params_trigger_ui']) retrieved from /home/airflow/.local/lib/python3.8/site-packages/airflow/example_dags/example_params_trigger_ui.py
[2023-11-14T21:40:36.206+0000] {logging_mixin.py:154} INFO - [2023-11-14T21:40:36.206+0000] {dag.py:2941} INFO - Sync 1 DAGs
[2023-11-14T21:40:36.222+0000] {logging_mixin.py:154} INFO - [2023-11-14T21:40:36.221+0000] {dag.py:3722} INFO - Setting next_dagrun for example_params_trigger_ui to None, run_after=None
[2023-11-14T21:40:36.260+0000] {processor.py:179} INFO - Processing /home/airflow/.local/lib/python3.8/site-packages/airflow/example_dags/example_params_trigger_ui.py took 0.158 seconds
[2023-11-14T21:41:06.357+0000] {processor.py:157} INFO - Started process (PID=850) to work on /home/airflow/.local/lib/python3.8/site-packages/airflow/example_dags/example_params_trigger_ui.py
[2023-11-14T21:41:06.359+0000] {processor.py:829} INFO - Processing file /home/airflow/.local/lib/python3.8/site-packages/airflow/example_dags/example_params_trigger_ui.py for tasks to queue
[2023-11-14T21:41:06.361+0000] {logging_mixin.py:154} INFO - [2023-11-14T21:41:06.361+0000] {dagbag.py:536} INFO - Filling up the DagBag from /home/airflow/.local/lib/python3.8/site-packages/airflow/example_dags/example_params_trigger_ui.py
[2023-11-14T21:41:06.385+0000] {processor.py:839} INFO - DAG(s) dict_keys(['example_params_trigger_ui']) retrieved from /home/airflow/.local/lib/python3.8/site-packages/airflow/example_dags/example_params_trigger_ui.py
[2023-11-14T21:41:06.477+0000] {logging_mixin.py:154} INFO - [2023-11-14T21:41:06.476+0000] {dag.py:2941} INFO - Sync 1 DAGs
[2023-11-14T21:41:06.494+0000] {logging_mixin.py:154} INFO - [2023-11-14T21:41:06.494+0000] {dag.py:3722} INFO - Setting next_dagrun for example_params_trigger_ui to None, run_after=None
[2023-11-14T21:41:06.521+0000] {processor.py:179} INFO - Processing /home/airflow/.local/lib/python3.8/site-packages/airflow/example_dags/example_params_trigger_ui.py took 0.169 seconds
[2023-11-14T21:41:37.264+0000] {processor.py:157} INFO - Started process (PID=904) to work on /home/airflow/.local/lib/python3.8/site-packages/airflow/example_dags/example_params_trigger_ui.py
[2023-11-14T21:41:37.266+0000] {processor.py:829} INFO - Processing file /home/airflow/.local/lib/python3.8/site-packages/airflow/example_dags/example_params_trigger_ui.py for tasks to queue
[2023-11-14T21:41:37.268+0000] {logging_mixin.py:154} INFO - [2023-11-14T21:41:37.268+0000] {dagbag.py:536} INFO - Filling up the DagBag from /home/airflow/.local/lib/python3.8/site-packages/airflow/example_dags/example_params_trigger_ui.py
[2023-11-14T21:41:37.289+0000] {processor.py:839} INFO - DAG(s) dict_keys(['example_params_trigger_ui']) retrieved from /home/airflow/.local/lib/python3.8/site-packages/airflow/example_dags/example_params_trigger_ui.py
[2023-11-14T21:41:37.362+0000] {logging_mixin.py:154} INFO - [2023-11-14T21:41:37.362+0000] {dag.py:2941} INFO - Sync 1 DAGs
[2023-11-14T21:41:37.377+0000] {logging_mixin.py:154} INFO - [2023-11-14T21:41:37.377+0000] {dag.py:3722} INFO - Setting next_dagrun for example_params_trigger_ui to None, run_after=None
[2023-11-14T21:41:37.402+0000] {processor.py:179} INFO - Processing /home/airflow/.local/lib/python3.8/site-packages/airflow/example_dags/example_params_trigger_ui.py took 0.142 seconds
[2023-11-14T21:42:07.457+0000] {processor.py:157} INFO - Started process (PID=958) to work on /home/airflow/.local/lib/python3.8/site-packages/airflow/example_dags/example_params_trigger_ui.py
[2023-11-14T21:42:07.458+0000] {processor.py:829} INFO - Processing file /home/airflow/.local/lib/python3.8/site-packages/airflow/example_dags/example_params_trigger_ui.py for tasks to queue
[2023-11-14T21:42:07.460+0000] {logging_mixin.py:154} INFO - [2023-11-14T21:42:07.460+0000] {dagbag.py:536} INFO - Filling up the DagBag from /home/airflow/.local/lib/python3.8/site-packages/airflow/example_dags/example_params_trigger_ui.py
[2023-11-14T21:42:07.480+0000] {processor.py:839} INFO - DAG(s) dict_keys(['example_params_trigger_ui']) retrieved from /home/airflow/.local/lib/python3.8/site-packages/airflow/example_dags/example_params_trigger_ui.py
[2023-11-14T21:42:07.542+0000] {logging_mixin.py:154} INFO - [2023-11-14T21:42:07.542+0000] {dag.py:2941} INFO - Sync 1 DAGs
[2023-11-14T21:42:07.558+0000] {logging_mixin.py:154} INFO - [2023-11-14T21:42:07.557+0000] {dag.py:3722} INFO - Setting next_dagrun for example_params_trigger_ui to None, run_after=None
[2023-11-14T21:42:07.611+0000] {processor.py:179} INFO - Processing /home/airflow/.local/lib/python3.8/site-packages/airflow/example_dags/example_params_trigger_ui.py took 0.159 seconds
[2023-11-14T21:42:38.232+0000] {processor.py:157} INFO - Started process (PID=1013) to work on /home/airflow/.local/lib/python3.8/site-packages/airflow/example_dags/example_params_trigger_ui.py
[2023-11-14T21:42:38.234+0000] {processor.py:829} INFO - Processing file /home/airflow/.local/lib/python3.8/site-packages/airflow/example_dags/example_params_trigger_ui.py for tasks to queue
[2023-11-14T21:42:38.236+0000] {logging_mixin.py:154} INFO - [2023-11-14T21:42:38.236+0000] {dagbag.py:536} INFO - Filling up the DagBag from /home/airflow/.local/lib/python3.8/site-packages/airflow/example_dags/example_params_trigger_ui.py
[2023-11-14T21:42:38.257+0000] {processor.py:839} INFO - DAG(s) dict_keys(['example_params_trigger_ui']) retrieved from /home/airflow/.local/lib/python3.8/site-packages/airflow/example_dags/example_params_trigger_ui.py
[2023-11-14T21:42:38.323+0000] {logging_mixin.py:154} INFO - [2023-11-14T21:42:38.322+0000] {dag.py:2941} INFO - Sync 1 DAGs
[2023-11-14T21:42:38.338+0000] {logging_mixin.py:154} INFO - [2023-11-14T21:42:38.337+0000] {dag.py:3722} INFO - Setting next_dagrun for example_params_trigger_ui to None, run_after=None
[2023-11-14T21:42:38.362+0000] {processor.py:179} INFO - Processing /home/airflow/.local/lib/python3.8/site-packages/airflow/example_dags/example_params_trigger_ui.py took 0.134 seconds
[2023-11-14T21:43:08.648+0000] {processor.py:157} INFO - Started process (PID=1067) to work on /home/airflow/.local/lib/python3.8/site-packages/airflow/example_dags/example_params_trigger_ui.py
[2023-11-14T21:43:08.649+0000] {processor.py:829} INFO - Processing file /home/airflow/.local/lib/python3.8/site-packages/airflow/example_dags/example_params_trigger_ui.py for tasks to queue
[2023-11-14T21:43:08.653+0000] {logging_mixin.py:154} INFO - [2023-11-14T21:43:08.652+0000] {dagbag.py:536} INFO - Filling up the DagBag from /home/airflow/.local/lib/python3.8/site-packages/airflow/example_dags/example_params_trigger_ui.py
[2023-11-14T21:43:08.680+0000] {processor.py:839} INFO - DAG(s) dict_keys(['example_params_trigger_ui']) retrieved from /home/airflow/.local/lib/python3.8/site-packages/airflow/example_dags/example_params_trigger_ui.py
[2023-11-14T21:43:08.770+0000] {logging_mixin.py:154} INFO - [2023-11-14T21:43:08.769+0000] {dag.py:2941} INFO - Sync 1 DAGs
[2023-11-14T21:43:08.791+0000] {logging_mixin.py:154} INFO - [2023-11-14T21:43:08.790+0000] {dag.py:3722} INFO - Setting next_dagrun for example_params_trigger_ui to None, run_after=None
[2023-11-14T21:43:08.822+0000] {processor.py:179} INFO - Processing /home/airflow/.local/lib/python3.8/site-packages/airflow/example_dags/example_params_trigger_ui.py took 0.180 seconds
[2023-11-14T21:43:39.046+0000] {processor.py:157} INFO - Started process (PID=1121) to work on /home/airflow/.local/lib/python3.8/site-packages/airflow/example_dags/example_params_trigger_ui.py
[2023-11-14T21:43:39.047+0000] {processor.py:829} INFO - Processing file /home/airflow/.local/lib/python3.8/site-packages/airflow/example_dags/example_params_trigger_ui.py for tasks to queue
[2023-11-14T21:43:39.050+0000] {logging_mixin.py:154} INFO - [2023-11-14T21:43:39.050+0000] {dagbag.py:536} INFO - Filling up the DagBag from /home/airflow/.local/lib/python3.8/site-packages/airflow/example_dags/example_params_trigger_ui.py
[2023-11-14T21:43:39.071+0000] {processor.py:839} INFO - DAG(s) dict_keys(['example_params_trigger_ui']) retrieved from /home/airflow/.local/lib/python3.8/site-packages/airflow/example_dags/example_params_trigger_ui.py
[2023-11-14T21:43:39.151+0000] {logging_mixin.py:154} INFO - [2023-11-14T21:43:39.151+0000] {dag.py:2941} INFO - Sync 1 DAGs
[2023-11-14T21:43:39.167+0000] {logging_mixin.py:154} INFO - [2023-11-14T21:43:39.167+0000] {dag.py:3722} INFO - Setting next_dagrun for example_params_trigger_ui to None, run_after=None
[2023-11-14T21:43:39.192+0000] {processor.py:179} INFO - Processing /home/airflow/.local/lib/python3.8/site-packages/airflow/example_dags/example_params_trigger_ui.py took 0.150 seconds
[2023-11-14T21:44:10.163+0000] {processor.py:157} INFO - Started process (PID=1175) to work on /home/airflow/.local/lib/python3.8/site-packages/airflow/example_dags/example_params_trigger_ui.py
[2023-11-14T21:44:10.164+0000] {processor.py:829} INFO - Processing file /home/airflow/.local/lib/python3.8/site-packages/airflow/example_dags/example_params_trigger_ui.py for tasks to queue
[2023-11-14T21:44:10.166+0000] {logging_mixin.py:154} INFO - [2023-11-14T21:44:10.166+0000] {dagbag.py:536} INFO - Filling up the DagBag from /home/airflow/.local/lib/python3.8/site-packages/airflow/example_dags/example_params_trigger_ui.py
[2023-11-14T21:44:10.186+0000] {processor.py:839} INFO - DAG(s) dict_keys(['example_params_trigger_ui']) retrieved from /home/airflow/.local/lib/python3.8/site-packages/airflow/example_dags/example_params_trigger_ui.py
[2023-11-14T21:44:10.251+0000] {logging_mixin.py:154} INFO - [2023-11-14T21:44:10.251+0000] {dag.py:2941} INFO - Sync 1 DAGs
[2023-11-14T21:44:10.419+0000] {logging_mixin.py:154} INFO - [2023-11-14T21:44:10.418+0000] {dag.py:3722} INFO - Setting next_dagrun for example_params_trigger_ui to None, run_after=None
[2023-11-14T21:44:10.446+0000] {processor.py:179} INFO - Processing /home/airflow/.local/lib/python3.8/site-packages/airflow/example_dags/example_params_trigger_ui.py took 0.288 seconds
[2023-11-14T21:44:41.271+0000] {processor.py:157} INFO - Started process (PID=1229) to work on /home/airflow/.local/lib/python3.8/site-packages/airflow/example_dags/example_params_trigger_ui.py
[2023-11-14T21:44:41.272+0000] {processor.py:829} INFO - Processing file /home/airflow/.local/lib/python3.8/site-packages/airflow/example_dags/example_params_trigger_ui.py for tasks to queue
[2023-11-14T21:44:41.275+0000] {logging_mixin.py:154} INFO - [2023-11-14T21:44:41.275+0000] {dagbag.py:536} INFO - Filling up the DagBag from /home/airflow/.local/lib/python3.8/site-packages/airflow/example_dags/example_params_trigger_ui.py
[2023-11-14T21:44:41.298+0000] {processor.py:839} INFO - DAG(s) dict_keys(['example_params_trigger_ui']) retrieved from /home/airflow/.local/lib/python3.8/site-packages/airflow/example_dags/example_params_trigger_ui.py
[2023-11-14T21:44:41.363+0000] {logging_mixin.py:154} INFO - [2023-11-14T21:44:41.362+0000] {dag.py:2941} INFO - Sync 1 DAGs
[2023-11-14T21:44:41.379+0000] {logging_mixin.py:154} INFO - [2023-11-14T21:44:41.378+0000] {dag.py:3722} INFO - Setting next_dagrun for example_params_trigger_ui to None, run_after=None
[2023-11-14T21:44:41.403+0000] {processor.py:179} INFO - Processing /home/airflow/.local/lib/python3.8/site-packages/airflow/example_dags/example_params_trigger_ui.py took 0.137 seconds
[2023-11-14T21:45:11.681+0000] {processor.py:157} INFO - Started process (PID=1283) to work on /home/airflow/.local/lib/python3.8/site-packages/airflow/example_dags/example_params_trigger_ui.py
[2023-11-14T21:45:11.682+0000] {processor.py:829} INFO - Processing file /home/airflow/.local/lib/python3.8/site-packages/airflow/example_dags/example_params_trigger_ui.py for tasks to queue
[2023-11-14T21:45:11.685+0000] {logging_mixin.py:154} INFO - [2023-11-14T21:45:11.685+0000] {dagbag.py:536} INFO - Filling up the DagBag from /home/airflow/.local/lib/python3.8/site-packages/airflow/example_dags/example_params_trigger_ui.py
[2023-11-14T21:45:11.706+0000] {processor.py:839} INFO - DAG(s) dict_keys(['example_params_trigger_ui']) retrieved from /home/airflow/.local/lib/python3.8/site-packages/airflow/example_dags/example_params_trigger_ui.py
[2023-11-14T21:45:11.770+0000] {logging_mixin.py:154} INFO - [2023-11-14T21:45:11.770+0000] {dag.py:2941} INFO - Sync 1 DAGs
[2023-11-14T21:45:11.786+0000] {logging_mixin.py:154} INFO - [2023-11-14T21:45:11.786+0000] {dag.py:3722} INFO - Setting next_dagrun for example_params_trigger_ui to None, run_after=None
[2023-11-14T21:45:11.809+0000] {processor.py:179} INFO - Processing /home/airflow/.local/lib/python3.8/site-packages/airflow/example_dags/example_params_trigger_ui.py took 0.132 seconds
[2023-11-14T21:45:42.711+0000] {processor.py:157} INFO - Started process (PID=1337) to work on /home/airflow/.local/lib/python3.8/site-packages/airflow/example_dags/example_params_trigger_ui.py
[2023-11-14T21:45:42.712+0000] {processor.py:829} INFO - Processing file /home/airflow/.local/lib/python3.8/site-packages/airflow/example_dags/example_params_trigger_ui.py for tasks to queue
[2023-11-14T21:45:42.716+0000] {logging_mixin.py:154} INFO - [2023-11-14T21:45:42.716+0000] {dagbag.py:536} INFO - Filling up the DagBag from /home/airflow/.local/lib/python3.8/site-packages/airflow/example_dags/example_params_trigger_ui.py
[2023-11-14T21:45:42.740+0000] {processor.py:839} INFO - DAG(s) dict_keys(['example_params_trigger_ui']) retrieved from /home/airflow/.local/lib/python3.8/site-packages/airflow/example_dags/example_params_trigger_ui.py
[2023-11-14T21:45:42.809+0000] {logging_mixin.py:154} INFO - [2023-11-14T21:45:42.808+0000] {dag.py:2941} INFO - Sync 1 DAGs
[2023-11-14T21:45:42.826+0000] {logging_mixin.py:154} INFO - [2023-11-14T21:45:42.826+0000] {dag.py:3722} INFO - Setting next_dagrun for example_params_trigger_ui to None, run_after=None
[2023-11-14T21:45:43.008+0000] {processor.py:179} INFO - Processing /home/airflow/.local/lib/python3.8/site-packages/airflow/example_dags/example_params_trigger_ui.py took 0.304 seconds
[2023-11-14T21:46:13.835+0000] {processor.py:157} INFO - Started process (PID=1391) to work on /home/airflow/.local/lib/python3.8/site-packages/airflow/example_dags/example_params_trigger_ui.py
[2023-11-14T21:46:13.838+0000] {processor.py:829} INFO - Processing file /home/airflow/.local/lib/python3.8/site-packages/airflow/example_dags/example_params_trigger_ui.py for tasks to queue
[2023-11-14T21:46:13.842+0000] {logging_mixin.py:154} INFO - [2023-11-14T21:46:13.841+0000] {dagbag.py:536} INFO - Filling up the DagBag from /home/airflow/.local/lib/python3.8/site-packages/airflow/example_dags/example_params_trigger_ui.py
[2023-11-14T21:46:13.870+0000] {processor.py:839} INFO - DAG(s) dict_keys(['example_params_trigger_ui']) retrieved from /home/airflow/.local/lib/python3.8/site-packages/airflow/example_dags/example_params_trigger_ui.py
[2023-11-14T21:46:13.935+0000] {logging_mixin.py:154} INFO - [2023-11-14T21:46:13.934+0000] {dag.py:2941} INFO - Sync 1 DAGs
[2023-11-14T21:46:13.951+0000] {logging_mixin.py:154} INFO - [2023-11-14T21:46:13.950+0000] {dag.py:3722} INFO - Setting next_dagrun for example_params_trigger_ui to None, run_after=None
[2023-11-14T21:46:13.974+0000] {processor.py:179} INFO - Processing /home/airflow/.local/lib/python3.8/site-packages/airflow/example_dags/example_params_trigger_ui.py took 0.146 seconds
[2023-11-14T21:46:44.508+0000] {processor.py:157} INFO - Started process (PID=1445) to work on /home/airflow/.local/lib/python3.8/site-packages/airflow/example_dags/example_params_trigger_ui.py
[2023-11-14T21:46:44.509+0000] {processor.py:829} INFO - Processing file /home/airflow/.local/lib/python3.8/site-packages/airflow/example_dags/example_params_trigger_ui.py for tasks to queue
[2023-11-14T21:46:44.511+0000] {logging_mixin.py:154} INFO - [2023-11-14T21:46:44.511+0000] {dagbag.py:536} INFO - Filling up the DagBag from /home/airflow/.local/lib/python3.8/site-packages/airflow/example_dags/example_params_trigger_ui.py
[2023-11-14T21:46:44.533+0000] {processor.py:839} INFO - DAG(s) dict_keys(['example_params_trigger_ui']) retrieved from /home/airflow/.local/lib/python3.8/site-packages/airflow/example_dags/example_params_trigger_ui.py
[2023-11-14T21:46:44.758+0000] {logging_mixin.py:154} INFO - [2023-11-14T21:46:44.758+0000] {dag.py:2941} INFO - Sync 1 DAGs
[2023-11-14T21:46:44.772+0000] {logging_mixin.py:154} INFO - [2023-11-14T21:46:44.772+0000] {dag.py:3722} INFO - Setting next_dagrun for example_params_trigger_ui to None, run_after=None
[2023-11-14T21:46:44.794+0000] {processor.py:179} INFO - Processing /home/airflow/.local/lib/python3.8/site-packages/airflow/example_dags/example_params_trigger_ui.py took 0.291 seconds
[2023-11-14T21:47:15.005+0000] {processor.py:157} INFO - Started process (PID=1499) to work on /home/airflow/.local/lib/python3.8/site-packages/airflow/example_dags/example_params_trigger_ui.py
[2023-11-14T21:47:15.010+0000] {processor.py:829} INFO - Processing file /home/airflow/.local/lib/python3.8/site-packages/airflow/example_dags/example_params_trigger_ui.py for tasks to queue
[2023-11-14T21:47:15.012+0000] {logging_mixin.py:154} INFO - [2023-11-14T21:47:15.012+0000] {dagbag.py:536} INFO - Filling up the DagBag from /home/airflow/.local/lib/python3.8/site-packages/airflow/example_dags/example_params_trigger_ui.py
[2023-11-14T21:47:15.033+0000] {processor.py:839} INFO - DAG(s) dict_keys(['example_params_trigger_ui']) retrieved from /home/airflow/.local/lib/python3.8/site-packages/airflow/example_dags/example_params_trigger_ui.py
[2023-11-14T21:47:15.101+0000] {logging_mixin.py:154} INFO - [2023-11-14T21:47:15.101+0000] {dag.py:2941} INFO - Sync 1 DAGs
[2023-11-14T21:47:15.116+0000] {logging_mixin.py:154} INFO - [2023-11-14T21:47:15.116+0000] {dag.py:3722} INFO - Setting next_dagrun for example_params_trigger_ui to None, run_after=None
[2023-11-14T21:47:15.285+0000] {processor.py:179} INFO - Processing /home/airflow/.local/lib/python3.8/site-packages/airflow/example_dags/example_params_trigger_ui.py took 0.284 seconds
[2023-11-14T21:47:45.479+0000] {processor.py:157} INFO - Started process (PID=1553) to work on /home/airflow/.local/lib/python3.8/site-packages/airflow/example_dags/example_params_trigger_ui.py
[2023-11-14T21:47:45.481+0000] {processor.py:829} INFO - Processing file /home/airflow/.local/lib/python3.8/site-packages/airflow/example_dags/example_params_trigger_ui.py for tasks to queue
[2023-11-14T21:47:45.484+0000] {logging_mixin.py:154} INFO - [2023-11-14T21:47:45.484+0000] {dagbag.py:536} INFO - Filling up the DagBag from /home/airflow/.local/lib/python3.8/site-packages/airflow/example_dags/example_params_trigger_ui.py
[2023-11-14T21:47:45.509+0000] {processor.py:839} INFO - DAG(s) dict_keys(['example_params_trigger_ui']) retrieved from /home/airflow/.local/lib/python3.8/site-packages/airflow/example_dags/example_params_trigger_ui.py
[2023-11-14T21:47:45.577+0000] {logging_mixin.py:154} INFO - [2023-11-14T21:47:45.576+0000] {dag.py:2941} INFO - Sync 1 DAGs
[2023-11-14T21:47:45.593+0000] {logging_mixin.py:154} INFO - [2023-11-14T21:47:45.592+0000] {dag.py:3722} INFO - Setting next_dagrun for example_params_trigger_ui to None, run_after=None
[2023-11-14T21:47:45.617+0000] {processor.py:179} INFO - Processing /home/airflow/.local/lib/python3.8/site-packages/airflow/example_dags/example_params_trigger_ui.py took 0.144 seconds
[2023-11-14T21:48:16.278+0000] {processor.py:157} INFO - Started process (PID=1608) to work on /home/airflow/.local/lib/python3.8/site-packages/airflow/example_dags/example_params_trigger_ui.py
[2023-11-14T21:48:16.280+0000] {processor.py:829} INFO - Processing file /home/airflow/.local/lib/python3.8/site-packages/airflow/example_dags/example_params_trigger_ui.py for tasks to queue
[2023-11-14T21:48:16.283+0000] {logging_mixin.py:154} INFO - [2023-11-14T21:48:16.283+0000] {dagbag.py:536} INFO - Filling up the DagBag from /home/airflow/.local/lib/python3.8/site-packages/airflow/example_dags/example_params_trigger_ui.py
[2023-11-14T21:48:16.308+0000] {processor.py:839} INFO - DAG(s) dict_keys(['example_params_trigger_ui']) retrieved from /home/airflow/.local/lib/python3.8/site-packages/airflow/example_dags/example_params_trigger_ui.py
[2023-11-14T21:48:16.579+0000] {logging_mixin.py:154} INFO - [2023-11-14T21:48:16.578+0000] {dag.py:2941} INFO - Sync 1 DAGs
[2023-11-14T21:48:16.598+0000] {logging_mixin.py:154} INFO - [2023-11-14T21:48:16.597+0000] {dag.py:3722} INFO - Setting next_dagrun for example_params_trigger_ui to None, run_after=None
[2023-11-14T21:48:16.625+0000] {processor.py:179} INFO - Processing /home/airflow/.local/lib/python3.8/site-packages/airflow/example_dags/example_params_trigger_ui.py took 0.352 seconds
[2023-11-14T21:48:47.070+0000] {processor.py:157} INFO - Started process (PID=1662) to work on /home/airflow/.local/lib/python3.8/site-packages/airflow/example_dags/example_params_trigger_ui.py
[2023-11-14T21:48:47.071+0000] {processor.py:829} INFO - Processing file /home/airflow/.local/lib/python3.8/site-packages/airflow/example_dags/example_params_trigger_ui.py for tasks to queue
[2023-11-14T21:48:47.074+0000] {logging_mixin.py:154} INFO - [2023-11-14T21:48:47.073+0000] {dagbag.py:536} INFO - Filling up the DagBag from /home/airflow/.local/lib/python3.8/site-packages/airflow/example_dags/example_params_trigger_ui.py
[2023-11-14T21:48:47.095+0000] {processor.py:839} INFO - DAG(s) dict_keys(['example_params_trigger_ui']) retrieved from /home/airflow/.local/lib/python3.8/site-packages/airflow/example_dags/example_params_trigger_ui.py
[2023-11-14T21:48:47.178+0000] {logging_mixin.py:154} INFO - [2023-11-14T21:48:47.178+0000] {dag.py:2941} INFO - Sync 1 DAGs
[2023-11-14T21:48:47.198+0000] {logging_mixin.py:154} INFO - [2023-11-14T21:48:47.197+0000] {dag.py:3722} INFO - Setting next_dagrun for example_params_trigger_ui to None, run_after=None
[2023-11-14T21:48:47.395+0000] {processor.py:179} INFO - Processing /home/airflow/.local/lib/python3.8/site-packages/airflow/example_dags/example_params_trigger_ui.py took 0.329 seconds
[2023-11-14T21:49:17.699+0000] {processor.py:157} INFO - Started process (PID=1716) to work on /home/airflow/.local/lib/python3.8/site-packages/airflow/example_dags/example_params_trigger_ui.py
[2023-11-14T21:49:17.713+0000] {processor.py:829} INFO - Processing file /home/airflow/.local/lib/python3.8/site-packages/airflow/example_dags/example_params_trigger_ui.py for tasks to queue
[2023-11-14T21:49:17.719+0000] {logging_mixin.py:154} INFO - [2023-11-14T21:49:17.718+0000] {dagbag.py:536} INFO - Filling up the DagBag from /home/airflow/.local/lib/python3.8/site-packages/airflow/example_dags/example_params_trigger_ui.py
[2023-11-14T21:49:17.899+0000] {processor.py:839} INFO - DAG(s) dict_keys(['example_params_trigger_ui']) retrieved from /home/airflow/.local/lib/python3.8/site-packages/airflow/example_dags/example_params_trigger_ui.py
[2023-11-14T21:49:17.969+0000] {logging_mixin.py:154} INFO - [2023-11-14T21:49:17.968+0000] {dag.py:2941} INFO - Sync 1 DAGs
[2023-11-14T21:49:17.981+0000] {logging_mixin.py:154} INFO - [2023-11-14T21:49:17.981+0000] {dag.py:3722} INFO - Setting next_dagrun for example_params_trigger_ui to None, run_after=None
[2023-11-14T21:49:18.003+0000] {processor.py:179} INFO - Processing /home/airflow/.local/lib/python3.8/site-packages/airflow/example_dags/example_params_trigger_ui.py took 0.314 seconds
[2023-11-14T21:49:48.158+0000] {processor.py:157} INFO - Started process (PID=1771) to work on /home/airflow/.local/lib/python3.8/site-packages/airflow/example_dags/example_params_trigger_ui.py
[2023-11-14T21:49:48.159+0000] {processor.py:829} INFO - Processing file /home/airflow/.local/lib/python3.8/site-packages/airflow/example_dags/example_params_trigger_ui.py for tasks to queue
[2023-11-14T21:49:48.161+0000] {logging_mixin.py:154} INFO - [2023-11-14T21:49:48.161+0000] {dagbag.py:536} INFO - Filling up the DagBag from /home/airflow/.local/lib/python3.8/site-packages/airflow/example_dags/example_params_trigger_ui.py
[2023-11-14T21:49:48.184+0000] {processor.py:839} INFO - DAG(s) dict_keys(['example_params_trigger_ui']) retrieved from /home/airflow/.local/lib/python3.8/site-packages/airflow/example_dags/example_params_trigger_ui.py
[2023-11-14T21:49:48.258+0000] {logging_mixin.py:154} INFO - [2023-11-14T21:49:48.257+0000] {dag.py:2941} INFO - Sync 1 DAGs
[2023-11-14T21:49:48.277+0000] {logging_mixin.py:154} INFO - [2023-11-14T21:49:48.277+0000] {dag.py:3722} INFO - Setting next_dagrun for example_params_trigger_ui to None, run_after=None
[2023-11-14T21:49:48.301+0000] {processor.py:179} INFO - Processing /home/airflow/.local/lib/python3.8/site-packages/airflow/example_dags/example_params_trigger_ui.py took 0.147 seconds
[2023-11-14T21:50:18.429+0000] {processor.py:157} INFO - Started process (PID=1824) to work on /home/airflow/.local/lib/python3.8/site-packages/airflow/example_dags/example_params_trigger_ui.py
[2023-11-14T21:50:18.431+0000] {processor.py:829} INFO - Processing file /home/airflow/.local/lib/python3.8/site-packages/airflow/example_dags/example_params_trigger_ui.py for tasks to queue
[2023-11-14T21:50:18.433+0000] {logging_mixin.py:154} INFO - [2023-11-14T21:50:18.433+0000] {dagbag.py:536} INFO - Filling up the DagBag from /home/airflow/.local/lib/python3.8/site-packages/airflow/example_dags/example_params_trigger_ui.py
[2023-11-14T21:50:18.454+0000] {processor.py:839} INFO - DAG(s) dict_keys(['example_params_trigger_ui']) retrieved from /home/airflow/.local/lib/python3.8/site-packages/airflow/example_dags/example_params_trigger_ui.py
[2023-11-14T21:50:18.520+0000] {logging_mixin.py:154} INFO - [2023-11-14T21:50:18.520+0000] {dag.py:2941} INFO - Sync 1 DAGs
[2023-11-14T21:50:18.536+0000] {logging_mixin.py:154} INFO - [2023-11-14T21:50:18.535+0000] {dag.py:3722} INFO - Setting next_dagrun for example_params_trigger_ui to None, run_after=None
[2023-11-14T21:50:18.564+0000] {processor.py:179} INFO - Processing /home/airflow/.local/lib/python3.8/site-packages/airflow/example_dags/example_params_trigger_ui.py took 0.140 seconds
[2023-11-14T21:50:48.916+0000] {processor.py:157} INFO - Started process (PID=1878) to work on /home/airflow/.local/lib/python3.8/site-packages/airflow/example_dags/example_params_trigger_ui.py
[2023-11-14T21:50:48.917+0000] {processor.py:829} INFO - Processing file /home/airflow/.local/lib/python3.8/site-packages/airflow/example_dags/example_params_trigger_ui.py for tasks to queue
[2023-11-14T21:50:48.920+0000] {logging_mixin.py:154} INFO - [2023-11-14T21:50:48.919+0000] {dagbag.py:536} INFO - Filling up the DagBag from /home/airflow/.local/lib/python3.8/site-packages/airflow/example_dags/example_params_trigger_ui.py
[2023-11-14T21:50:48.943+0000] {processor.py:839} INFO - DAG(s) dict_keys(['example_params_trigger_ui']) retrieved from /home/airflow/.local/lib/python3.8/site-packages/airflow/example_dags/example_params_trigger_ui.py
[2023-11-14T21:50:49.016+0000] {logging_mixin.py:154} INFO - [2023-11-14T21:50:49.015+0000] {dag.py:2941} INFO - Sync 1 DAGs
[2023-11-14T21:50:49.031+0000] {logging_mixin.py:154} INFO - [2023-11-14T21:50:49.030+0000] {dag.py:3722} INFO - Setting next_dagrun for example_params_trigger_ui to None, run_after=None
[2023-11-14T21:50:49.057+0000] {processor.py:179} INFO - Processing /home/airflow/.local/lib/python3.8/site-packages/airflow/example_dags/example_params_trigger_ui.py took 0.146 seconds
[2023-11-14T21:51:19.534+0000] {processor.py:157} INFO - Started process (PID=1932) to work on /home/airflow/.local/lib/python3.8/site-packages/airflow/example_dags/example_params_trigger_ui.py
[2023-11-14T21:51:19.535+0000] {processor.py:829} INFO - Processing file /home/airflow/.local/lib/python3.8/site-packages/airflow/example_dags/example_params_trigger_ui.py for tasks to queue
[2023-11-14T21:51:19.538+0000] {logging_mixin.py:154} INFO - [2023-11-14T21:51:19.537+0000] {dagbag.py:536} INFO - Filling up the DagBag from /home/airflow/.local/lib/python3.8/site-packages/airflow/example_dags/example_params_trigger_ui.py
[2023-11-14T21:51:19.561+0000] {processor.py:839} INFO - DAG(s) dict_keys(['example_params_trigger_ui']) retrieved from /home/airflow/.local/lib/python3.8/site-packages/airflow/example_dags/example_params_trigger_ui.py
[2023-11-14T21:51:19.633+0000] {logging_mixin.py:154} INFO - [2023-11-14T21:51:19.632+0000] {dag.py:2941} INFO - Sync 1 DAGs
[2023-11-14T21:51:19.649+0000] {logging_mixin.py:154} INFO - [2023-11-14T21:51:19.648+0000] {dag.py:3722} INFO - Setting next_dagrun for example_params_trigger_ui to None, run_after=None
[2023-11-14T21:51:19.674+0000] {processor.py:179} INFO - Processing /home/airflow/.local/lib/python3.8/site-packages/airflow/example_dags/example_params_trigger_ui.py took 0.145 seconds
[2023-11-14T21:51:49.963+0000] {processor.py:157} INFO - Started process (PID=1986) to work on /home/airflow/.local/lib/python3.8/site-packages/airflow/example_dags/example_params_trigger_ui.py
[2023-11-14T21:51:49.964+0000] {processor.py:829} INFO - Processing file /home/airflow/.local/lib/python3.8/site-packages/airflow/example_dags/example_params_trigger_ui.py for tasks to queue
[2023-11-14T21:51:49.967+0000] {logging_mixin.py:154} INFO - [2023-11-14T21:51:49.967+0000] {dagbag.py:536} INFO - Filling up the DagBag from /home/airflow/.local/lib/python3.8/site-packages/airflow/example_dags/example_params_trigger_ui.py
[2023-11-14T21:51:49.992+0000] {processor.py:839} INFO - DAG(s) dict_keys(['example_params_trigger_ui']) retrieved from /home/airflow/.local/lib/python3.8/site-packages/airflow/example_dags/example_params_trigger_ui.py
[2023-11-14T21:51:50.056+0000] {logging_mixin.py:154} INFO - [2023-11-14T21:51:50.056+0000] {dag.py:2941} INFO - Sync 1 DAGs
[2023-11-14T21:51:50.072+0000] {logging_mixin.py:154} INFO - [2023-11-14T21:51:50.072+0000] {dag.py:3722} INFO - Setting next_dagrun for example_params_trigger_ui to None, run_after=None
[2023-11-14T21:51:50.125+0000] {processor.py:179} INFO - Processing /home/airflow/.local/lib/python3.8/site-packages/airflow/example_dags/example_params_trigger_ui.py took 0.166 seconds
[2023-11-14T21:52:20.714+0000] {processor.py:157} INFO - Started process (PID=2041) to work on /home/airflow/.local/lib/python3.8/site-packages/airflow/example_dags/example_params_trigger_ui.py
[2023-11-14T21:52:20.715+0000] {processor.py:829} INFO - Processing file /home/airflow/.local/lib/python3.8/site-packages/airflow/example_dags/example_params_trigger_ui.py for tasks to queue
[2023-11-14T21:52:20.717+0000] {logging_mixin.py:154} INFO - [2023-11-14T21:52:20.717+0000] {dagbag.py:536} INFO - Filling up the DagBag from /home/airflow/.local/lib/python3.8/site-packages/airflow/example_dags/example_params_trigger_ui.py
[2023-11-14T21:52:20.739+0000] {processor.py:839} INFO - DAG(s) dict_keys(['example_params_trigger_ui']) retrieved from /home/airflow/.local/lib/python3.8/site-packages/airflow/example_dags/example_params_trigger_ui.py
[2023-11-14T21:52:20.804+0000] {logging_mixin.py:154} INFO - [2023-11-14T21:52:20.804+0000] {dag.py:2941} INFO - Sync 1 DAGs
[2023-11-14T21:52:20.818+0000] {logging_mixin.py:154} INFO - [2023-11-14T21:52:20.818+0000] {dag.py:3722} INFO - Setting next_dagrun for example_params_trigger_ui to None, run_after=None
[2023-11-14T21:52:20.841+0000] {processor.py:179} INFO - Processing /home/airflow/.local/lib/python3.8/site-packages/airflow/example_dags/example_params_trigger_ui.py took 0.131 seconds
[2023-11-14T21:52:51.089+0000] {processor.py:157} INFO - Started process (PID=2095) to work on /home/airflow/.local/lib/python3.8/site-packages/airflow/example_dags/example_params_trigger_ui.py
[2023-11-14T21:52:51.090+0000] {processor.py:829} INFO - Processing file /home/airflow/.local/lib/python3.8/site-packages/airflow/example_dags/example_params_trigger_ui.py for tasks to queue
[2023-11-14T21:52:51.093+0000] {logging_mixin.py:154} INFO - [2023-11-14T21:52:51.093+0000] {dagbag.py:536} INFO - Filling up the DagBag from /home/airflow/.local/lib/python3.8/site-packages/airflow/example_dags/example_params_trigger_ui.py
[2023-11-14T21:52:51.118+0000] {processor.py:839} INFO - DAG(s) dict_keys(['example_params_trigger_ui']) retrieved from /home/airflow/.local/lib/python3.8/site-packages/airflow/example_dags/example_params_trigger_ui.py
[2023-11-14T21:52:51.186+0000] {logging_mixin.py:154} INFO - [2023-11-14T21:52:51.186+0000] {dag.py:2941} INFO - Sync 1 DAGs
[2023-11-14T21:52:51.202+0000] {logging_mixin.py:154} INFO - [2023-11-14T21:52:51.202+0000] {dag.py:3722} INFO - Setting next_dagrun for example_params_trigger_ui to None, run_after=None
[2023-11-14T21:52:51.241+0000] {processor.py:179} INFO - Processing /home/airflow/.local/lib/python3.8/site-packages/airflow/example_dags/example_params_trigger_ui.py took 0.157 seconds
[2023-11-14T21:53:21.946+0000] {processor.py:157} INFO - Started process (PID=2149) to work on /home/airflow/.local/lib/python3.8/site-packages/airflow/example_dags/example_params_trigger_ui.py
[2023-11-14T21:53:21.947+0000] {processor.py:829} INFO - Processing file /home/airflow/.local/lib/python3.8/site-packages/airflow/example_dags/example_params_trigger_ui.py for tasks to queue
[2023-11-14T21:53:21.950+0000] {logging_mixin.py:154} INFO - [2023-11-14T21:53:21.950+0000] {dagbag.py:536} INFO - Filling up the DagBag from /home/airflow/.local/lib/python3.8/site-packages/airflow/example_dags/example_params_trigger_ui.py
[2023-11-14T21:53:21.973+0000] {processor.py:839} INFO - DAG(s) dict_keys(['example_params_trigger_ui']) retrieved from /home/airflow/.local/lib/python3.8/site-packages/airflow/example_dags/example_params_trigger_ui.py
[2023-11-14T21:53:22.045+0000] {logging_mixin.py:154} INFO - [2023-11-14T21:53:22.045+0000] {dag.py:2941} INFO - Sync 1 DAGs
[2023-11-14T21:53:22.062+0000] {logging_mixin.py:154} INFO - [2023-11-14T21:53:22.062+0000] {dag.py:3722} INFO - Setting next_dagrun for example_params_trigger_ui to None, run_after=None
[2023-11-14T21:53:22.086+0000] {processor.py:179} INFO - Processing /home/airflow/.local/lib/python3.8/site-packages/airflow/example_dags/example_params_trigger_ui.py took 0.144 seconds
[2023-11-14T21:53:52.707+0000] {processor.py:157} INFO - Started process (PID=2203) to work on /home/airflow/.local/lib/python3.8/site-packages/airflow/example_dags/example_params_trigger_ui.py
[2023-11-14T21:53:52.708+0000] {processor.py:829} INFO - Processing file /home/airflow/.local/lib/python3.8/site-packages/airflow/example_dags/example_params_trigger_ui.py for tasks to queue
[2023-11-14T21:53:52.712+0000] {logging_mixin.py:154} INFO - [2023-11-14T21:53:52.711+0000] {dagbag.py:536} INFO - Filling up the DagBag from /home/airflow/.local/lib/python3.8/site-packages/airflow/example_dags/example_params_trigger_ui.py
[2023-11-14T21:53:52.735+0000] {processor.py:839} INFO - DAG(s) dict_keys(['example_params_trigger_ui']) retrieved from /home/airflow/.local/lib/python3.8/site-packages/airflow/example_dags/example_params_trigger_ui.py
[2023-11-14T21:53:52.813+0000] {logging_mixin.py:154} INFO - [2023-11-14T21:53:52.813+0000] {dag.py:2941} INFO - Sync 1 DAGs
[2023-11-14T21:53:52.830+0000] {logging_mixin.py:154} INFO - [2023-11-14T21:53:52.830+0000] {dag.py:3722} INFO - Setting next_dagrun for example_params_trigger_ui to None, run_after=None
[2023-11-14T21:53:52.855+0000] {processor.py:179} INFO - Processing /home/airflow/.local/lib/python3.8/site-packages/airflow/example_dags/example_params_trigger_ui.py took 0.153 seconds
[2023-11-14T21:54:23.320+0000] {processor.py:157} INFO - Started process (PID=2257) to work on /home/airflow/.local/lib/python3.8/site-packages/airflow/example_dags/example_params_trigger_ui.py
[2023-11-14T21:54:23.321+0000] {processor.py:829} INFO - Processing file /home/airflow/.local/lib/python3.8/site-packages/airflow/example_dags/example_params_trigger_ui.py for tasks to queue
[2023-11-14T21:54:23.324+0000] {logging_mixin.py:154} INFO - [2023-11-14T21:54:23.324+0000] {dagbag.py:536} INFO - Filling up the DagBag from /home/airflow/.local/lib/python3.8/site-packages/airflow/example_dags/example_params_trigger_ui.py
[2023-11-14T21:54:23.348+0000] {processor.py:839} INFO - DAG(s) dict_keys(['example_params_trigger_ui']) retrieved from /home/airflow/.local/lib/python3.8/site-packages/airflow/example_dags/example_params_trigger_ui.py
[2023-11-14T21:54:23.419+0000] {logging_mixin.py:154} INFO - [2023-11-14T21:54:23.419+0000] {dag.py:2941} INFO - Sync 1 DAGs
[2023-11-14T21:54:23.436+0000] {logging_mixin.py:154} INFO - [2023-11-14T21:54:23.436+0000] {dag.py:3722} INFO - Setting next_dagrun for example_params_trigger_ui to None, run_after=None
[2023-11-14T21:54:23.462+0000] {processor.py:179} INFO - Processing /home/airflow/.local/lib/python3.8/site-packages/airflow/example_dags/example_params_trigger_ui.py took 0.147 seconds
[2023-11-14T21:54:54.386+0000] {processor.py:157} INFO - Started process (PID=2311) to work on /home/airflow/.local/lib/python3.8/site-packages/airflow/example_dags/example_params_trigger_ui.py
[2023-11-14T21:54:54.387+0000] {processor.py:829} INFO - Processing file /home/airflow/.local/lib/python3.8/site-packages/airflow/example_dags/example_params_trigger_ui.py for tasks to queue
[2023-11-14T21:54:54.393+0000] {logging_mixin.py:154} INFO - [2023-11-14T21:54:54.392+0000] {dagbag.py:536} INFO - Filling up the DagBag from /home/airflow/.local/lib/python3.8/site-packages/airflow/example_dags/example_params_trigger_ui.py
[2023-11-14T21:54:54.418+0000] {processor.py:839} INFO - DAG(s) dict_keys(['example_params_trigger_ui']) retrieved from /home/airflow/.local/lib/python3.8/site-packages/airflow/example_dags/example_params_trigger_ui.py
[2023-11-14T21:54:54.501+0000] {logging_mixin.py:154} INFO - [2023-11-14T21:54:54.501+0000] {dag.py:2941} INFO - Sync 1 DAGs
[2023-11-14T21:54:54.522+0000] {logging_mixin.py:154} INFO - [2023-11-14T21:54:54.522+0000] {dag.py:3722} INFO - Setting next_dagrun for example_params_trigger_ui to None, run_after=None
[2023-11-14T21:54:54.551+0000] {processor.py:179} INFO - Processing /home/airflow/.local/lib/python3.8/site-packages/airflow/example_dags/example_params_trigger_ui.py took 0.170 seconds
[2023-11-14T21:55:24.649+0000] {processor.py:157} INFO - Started process (PID=2366) to work on /home/airflow/.local/lib/python3.8/site-packages/airflow/example_dags/example_params_trigger_ui.py
[2023-11-14T21:55:24.650+0000] {processor.py:829} INFO - Processing file /home/airflow/.local/lib/python3.8/site-packages/airflow/example_dags/example_params_trigger_ui.py for tasks to queue
[2023-11-14T21:55:24.653+0000] {logging_mixin.py:154} INFO - [2023-11-14T21:55:24.652+0000] {dagbag.py:536} INFO - Filling up the DagBag from /home/airflow/.local/lib/python3.8/site-packages/airflow/example_dags/example_params_trigger_ui.py
[2023-11-14T21:55:24.674+0000] {processor.py:839} INFO - DAG(s) dict_keys(['example_params_trigger_ui']) retrieved from /home/airflow/.local/lib/python3.8/site-packages/airflow/example_dags/example_params_trigger_ui.py
[2023-11-14T21:55:24.744+0000] {logging_mixin.py:154} INFO - [2023-11-14T21:55:24.744+0000] {dag.py:2941} INFO - Sync 1 DAGs
[2023-11-14T21:55:24.759+0000] {logging_mixin.py:154} INFO - [2023-11-14T21:55:24.758+0000] {dag.py:3722} INFO - Setting next_dagrun for example_params_trigger_ui to None, run_after=None
[2023-11-14T21:55:24.803+0000] {processor.py:179} INFO - Processing /home/airflow/.local/lib/python3.8/site-packages/airflow/example_dags/example_params_trigger_ui.py took 0.158 seconds
[2023-11-14T21:55:54.836+0000] {processor.py:157} INFO - Started process (PID=2420) to work on /home/airflow/.local/lib/python3.8/site-packages/airflow/example_dags/example_params_trigger_ui.py
[2023-11-14T21:55:54.837+0000] {processor.py:829} INFO - Processing file /home/airflow/.local/lib/python3.8/site-packages/airflow/example_dags/example_params_trigger_ui.py for tasks to queue
[2023-11-14T21:55:54.840+0000] {logging_mixin.py:154} INFO - [2023-11-14T21:55:54.839+0000] {dagbag.py:536} INFO - Filling up the DagBag from /home/airflow/.local/lib/python3.8/site-packages/airflow/example_dags/example_params_trigger_ui.py
[2023-11-14T21:55:54.861+0000] {processor.py:839} INFO - DAG(s) dict_keys(['example_params_trigger_ui']) retrieved from /home/airflow/.local/lib/python3.8/site-packages/airflow/example_dags/example_params_trigger_ui.py
[2023-11-14T21:55:54.930+0000] {logging_mixin.py:154} INFO - [2023-11-14T21:55:54.930+0000] {dag.py:2941} INFO - Sync 1 DAGs
[2023-11-14T21:55:54.945+0000] {logging_mixin.py:154} INFO - [2023-11-14T21:55:54.945+0000] {dag.py:3722} INFO - Setting next_dagrun for example_params_trigger_ui to None, run_after=None
[2023-11-14T21:55:54.971+0000] {processor.py:179} INFO - Processing /home/airflow/.local/lib/python3.8/site-packages/airflow/example_dags/example_params_trigger_ui.py took 0.140 seconds
[2023-11-14T21:56:25.435+0000] {processor.py:157} INFO - Started process (PID=2474) to work on /home/airflow/.local/lib/python3.8/site-packages/airflow/example_dags/example_params_trigger_ui.py
[2023-11-14T21:56:25.436+0000] {processor.py:829} INFO - Processing file /home/airflow/.local/lib/python3.8/site-packages/airflow/example_dags/example_params_trigger_ui.py for tasks to queue
[2023-11-14T21:56:25.439+0000] {logging_mixin.py:154} INFO - [2023-11-14T21:56:25.439+0000] {dagbag.py:536} INFO - Filling up the DagBag from /home/airflow/.local/lib/python3.8/site-packages/airflow/example_dags/example_params_trigger_ui.py
[2023-11-14T21:56:25.461+0000] {processor.py:839} INFO - DAG(s) dict_keys(['example_params_trigger_ui']) retrieved from /home/airflow/.local/lib/python3.8/site-packages/airflow/example_dags/example_params_trigger_ui.py
[2023-11-14T21:56:25.533+0000] {logging_mixin.py:154} INFO - [2023-11-14T21:56:25.533+0000] {dag.py:2941} INFO - Sync 1 DAGs
[2023-11-14T21:56:25.551+0000] {logging_mixin.py:154} INFO - [2023-11-14T21:56:25.551+0000] {dag.py:3722} INFO - Setting next_dagrun for example_params_trigger_ui to None, run_after=None
[2023-11-14T21:56:25.577+0000] {processor.py:179} INFO - Processing /home/airflow/.local/lib/python3.8/site-packages/airflow/example_dags/example_params_trigger_ui.py took 0.147 seconds
[2023-11-14T21:56:56.277+0000] {processor.py:157} INFO - Started process (PID=2529) to work on /home/airflow/.local/lib/python3.8/site-packages/airflow/example_dags/example_params_trigger_ui.py
[2023-11-14T21:56:56.278+0000] {processor.py:829} INFO - Processing file /home/airflow/.local/lib/python3.8/site-packages/airflow/example_dags/example_params_trigger_ui.py for tasks to queue
[2023-11-14T21:56:56.281+0000] {logging_mixin.py:154} INFO - [2023-11-14T21:56:56.280+0000] {dagbag.py:536} INFO - Filling up the DagBag from /home/airflow/.local/lib/python3.8/site-packages/airflow/example_dags/example_params_trigger_ui.py
[2023-11-14T21:56:56.308+0000] {processor.py:839} INFO - DAG(s) dict_keys(['example_params_trigger_ui']) retrieved from /home/airflow/.local/lib/python3.8/site-packages/airflow/example_dags/example_params_trigger_ui.py
[2023-11-14T21:56:56.383+0000] {logging_mixin.py:154} INFO - [2023-11-14T21:56:56.383+0000] {dag.py:2941} INFO - Sync 1 DAGs
[2023-11-14T21:56:56.400+0000] {logging_mixin.py:154} INFO - [2023-11-14T21:56:56.400+0000] {dag.py:3722} INFO - Setting next_dagrun for example_params_trigger_ui to None, run_after=None
[2023-11-14T21:56:56.424+0000] {processor.py:179} INFO - Processing /home/airflow/.local/lib/python3.8/site-packages/airflow/example_dags/example_params_trigger_ui.py took 0.152 seconds
[2023-11-14T21:57:27.333+0000] {processor.py:157} INFO - Started process (PID=2583) to work on /home/airflow/.local/lib/python3.8/site-packages/airflow/example_dags/example_params_trigger_ui.py
[2023-11-14T21:57:27.334+0000] {processor.py:829} INFO - Processing file /home/airflow/.local/lib/python3.8/site-packages/airflow/example_dags/example_params_trigger_ui.py for tasks to queue
[2023-11-14T21:57:27.337+0000] {logging_mixin.py:154} INFO - [2023-11-14T21:57:27.336+0000] {dagbag.py:536} INFO - Filling up the DagBag from /home/airflow/.local/lib/python3.8/site-packages/airflow/example_dags/example_params_trigger_ui.py
[2023-11-14T21:57:27.360+0000] {processor.py:839} INFO - DAG(s) dict_keys(['example_params_trigger_ui']) retrieved from /home/airflow/.local/lib/python3.8/site-packages/airflow/example_dags/example_params_trigger_ui.py
[2023-11-14T21:57:27.440+0000] {logging_mixin.py:154} INFO - [2023-11-14T21:57:27.439+0000] {dag.py:2941} INFO - Sync 1 DAGs
[2023-11-14T21:57:27.458+0000] {logging_mixin.py:154} INFO - [2023-11-14T21:57:27.458+0000] {dag.py:3722} INFO - Setting next_dagrun for example_params_trigger_ui to None, run_after=None
[2023-11-14T21:57:27.514+0000] {processor.py:179} INFO - Processing /home/airflow/.local/lib/python3.8/site-packages/airflow/example_dags/example_params_trigger_ui.py took 0.185 seconds
[2023-11-14T21:57:57.660+0000] {processor.py:157} INFO - Started process (PID=2638) to work on /home/airflow/.local/lib/python3.8/site-packages/airflow/example_dags/example_params_trigger_ui.py
[2023-11-14T21:57:57.661+0000] {processor.py:829} INFO - Processing file /home/airflow/.local/lib/python3.8/site-packages/airflow/example_dags/example_params_trigger_ui.py for tasks to queue
[2023-11-14T21:57:57.664+0000] {logging_mixin.py:154} INFO - [2023-11-14T21:57:57.664+0000] {dagbag.py:536} INFO - Filling up the DagBag from /home/airflow/.local/lib/python3.8/site-packages/airflow/example_dags/example_params_trigger_ui.py
[2023-11-14T21:57:57.687+0000] {processor.py:839} INFO - DAG(s) dict_keys(['example_params_trigger_ui']) retrieved from /home/airflow/.local/lib/python3.8/site-packages/airflow/example_dags/example_params_trigger_ui.py
[2023-11-14T21:57:57.760+0000] {logging_mixin.py:154} INFO - [2023-11-14T21:57:57.760+0000] {dag.py:2941} INFO - Sync 1 DAGs
[2023-11-14T21:57:57.782+0000] {logging_mixin.py:154} INFO - [2023-11-14T21:57:57.781+0000] {dag.py:3722} INFO - Setting next_dagrun for example_params_trigger_ui to None, run_after=None
[2023-11-14T21:57:57.819+0000] {processor.py:179} INFO - Processing /home/airflow/.local/lib/python3.8/site-packages/airflow/example_dags/example_params_trigger_ui.py took 0.163 seconds
[2023-11-14T21:58:27.903+0000] {processor.py:157} INFO - Started process (PID=2693) to work on /home/airflow/.local/lib/python3.8/site-packages/airflow/example_dags/example_params_trigger_ui.py
[2023-11-14T21:58:27.904+0000] {processor.py:829} INFO - Processing file /home/airflow/.local/lib/python3.8/site-packages/airflow/example_dags/example_params_trigger_ui.py for tasks to queue
[2023-11-14T21:58:27.907+0000] {logging_mixin.py:154} INFO - [2023-11-14T21:58:27.906+0000] {dagbag.py:536} INFO - Filling up the DagBag from /home/airflow/.local/lib/python3.8/site-packages/airflow/example_dags/example_params_trigger_ui.py
[2023-11-14T21:58:27.931+0000] {processor.py:839} INFO - DAG(s) dict_keys(['example_params_trigger_ui']) retrieved from /home/airflow/.local/lib/python3.8/site-packages/airflow/example_dags/example_params_trigger_ui.py
[2023-11-14T21:58:28.009+0000] {logging_mixin.py:154} INFO - [2023-11-14T21:58:28.009+0000] {dag.py:2941} INFO - Sync 1 DAGs
[2023-11-14T21:58:28.030+0000] {logging_mixin.py:154} INFO - [2023-11-14T21:58:28.029+0000] {dag.py:3722} INFO - Setting next_dagrun for example_params_trigger_ui to None, run_after=None
[2023-11-14T21:58:28.074+0000] {processor.py:179} INFO - Processing /home/airflow/.local/lib/python3.8/site-packages/airflow/example_dags/example_params_trigger_ui.py took 0.176 seconds
[2023-11-14T21:58:58.375+0000] {processor.py:157} INFO - Started process (PID=2746) to work on /home/airflow/.local/lib/python3.8/site-packages/airflow/example_dags/example_params_trigger_ui.py
[2023-11-14T21:58:58.376+0000] {processor.py:829} INFO - Processing file /home/airflow/.local/lib/python3.8/site-packages/airflow/example_dags/example_params_trigger_ui.py for tasks to queue
[2023-11-14T21:58:58.379+0000] {logging_mixin.py:154} INFO - [2023-11-14T21:58:58.379+0000] {dagbag.py:536} INFO - Filling up the DagBag from /home/airflow/.local/lib/python3.8/site-packages/airflow/example_dags/example_params_trigger_ui.py
[2023-11-14T21:58:58.400+0000] {processor.py:839} INFO - DAG(s) dict_keys(['example_params_trigger_ui']) retrieved from /home/airflow/.local/lib/python3.8/site-packages/airflow/example_dags/example_params_trigger_ui.py
[2023-11-14T21:58:58.464+0000] {logging_mixin.py:154} INFO - [2023-11-14T21:58:58.464+0000] {dag.py:2941} INFO - Sync 1 DAGs
[2023-11-14T21:58:58.479+0000] {logging_mixin.py:154} INFO - [2023-11-14T21:58:58.478+0000] {dag.py:3722} INFO - Setting next_dagrun for example_params_trigger_ui to None, run_after=None
[2023-11-14T21:58:58.501+0000] {processor.py:179} INFO - Processing /home/airflow/.local/lib/python3.8/site-packages/airflow/example_dags/example_params_trigger_ui.py took 0.130 seconds
[2023-11-14T21:59:29.145+0000] {processor.py:157} INFO - Started process (PID=2801) to work on /home/airflow/.local/lib/python3.8/site-packages/airflow/example_dags/example_params_trigger_ui.py
[2023-11-14T21:59:29.146+0000] {processor.py:829} INFO - Processing file /home/airflow/.local/lib/python3.8/site-packages/airflow/example_dags/example_params_trigger_ui.py for tasks to queue
[2023-11-14T21:59:29.149+0000] {logging_mixin.py:154} INFO - [2023-11-14T21:59:29.149+0000] {dagbag.py:536} INFO - Filling up the DagBag from /home/airflow/.local/lib/python3.8/site-packages/airflow/example_dags/example_params_trigger_ui.py
[2023-11-14T21:59:29.174+0000] {processor.py:839} INFO - DAG(s) dict_keys(['example_params_trigger_ui']) retrieved from /home/airflow/.local/lib/python3.8/site-packages/airflow/example_dags/example_params_trigger_ui.py
[2023-11-14T21:59:29.251+0000] {logging_mixin.py:154} INFO - [2023-11-14T21:59:29.251+0000] {dag.py:2941} INFO - Sync 1 DAGs
[2023-11-14T21:59:29.269+0000] {logging_mixin.py:154} INFO - [2023-11-14T21:59:29.268+0000] {dag.py:3722} INFO - Setting next_dagrun for example_params_trigger_ui to None, run_after=None
[2023-11-14T21:59:29.297+0000] {processor.py:179} INFO - Processing /home/airflow/.local/lib/python3.8/site-packages/airflow/example_dags/example_params_trigger_ui.py took 0.157 seconds
