[2023-11-14T21:33:58.434+0000] {processor.py:157} INFO - Started process (PID=69) to work on /home/airflow/.local/lib/python3.8/site-packages/airflow/example_dags/example_latest_only.py
[2023-11-14T21:33:58.435+0000] {processor.py:829} INFO - Processing file /home/airflow/.local/lib/python3.8/site-packages/airflow/example_dags/example_latest_only.py for tasks to queue
[2023-11-14T21:33:58.439+0000] {logging_mixin.py:154} INFO - [2023-11-14T21:33:58.439+0000] {dagbag.py:536} INFO - Filling up the DagBag from /home/airflow/.local/lib/python3.8/site-packages/airflow/example_dags/example_latest_only.py
[2023-11-14T21:33:58.448+0000] {processor.py:839} INFO - DAG(s) dict_keys(['latest_only']) retrieved from /home/airflow/.local/lib/python3.8/site-packages/airflow/example_dags/example_latest_only.py
[2023-11-14T21:33:58.586+0000] {logging_mixin.py:154} INFO - [2023-11-14T21:33:58.586+0000] {manager.py:499} INFO - Created Permission View: %s
[2023-11-14T21:33:58.599+0000] {logging_mixin.py:154} INFO - [2023-11-14T21:33:58.599+0000] {manager.py:499} INFO - Created Permission View: %s
[2023-11-14T21:33:58.609+0000] {logging_mixin.py:154} INFO - [2023-11-14T21:33:58.609+0000] {manager.py:499} INFO - Created Permission View: %s
[2023-11-14T21:33:58.609+0000] {logging_mixin.py:154} INFO - [2023-11-14T21:33:58.609+0000] {dag.py:2941} INFO - Sync 1 DAGs
[2023-11-14T21:33:58.625+0000] {logging_mixin.py:154} INFO - [2023-11-14T21:33:58.625+0000] {dag.py:2963} INFO - Creating ORM DAG for latest_only
[2023-11-14T21:33:58.637+0000] {logging_mixin.py:154} INFO - [2023-11-14T21:33:58.637+0000] {dag.py:3722} INFO - Setting next_dagrun for latest_only to 2023-11-14T17:33:58.637213+00:00, run_after=2023-11-14T21:33:58.637213+00:00
[2023-11-14T21:33:58.664+0000] {processor.py:179} INFO - Processing /home/airflow/.local/lib/python3.8/site-packages/airflow/example_dags/example_latest_only.py took 0.234 seconds
[2023-11-14T21:34:29.535+0000] {processor.py:157} INFO - Started process (PID=123) to work on /home/airflow/.local/lib/python3.8/site-packages/airflow/example_dags/example_latest_only.py
[2023-11-14T21:34:29.536+0000] {processor.py:829} INFO - Processing file /home/airflow/.local/lib/python3.8/site-packages/airflow/example_dags/example_latest_only.py for tasks to queue
[2023-11-14T21:34:29.539+0000] {logging_mixin.py:154} INFO - [2023-11-14T21:34:29.539+0000] {dagbag.py:536} INFO - Filling up the DagBag from /home/airflow/.local/lib/python3.8/site-packages/airflow/example_dags/example_latest_only.py
[2023-11-14T21:34:29.547+0000] {processor.py:839} INFO - DAG(s) dict_keys(['latest_only']) retrieved from /home/airflow/.local/lib/python3.8/site-packages/airflow/example_dags/example_latest_only.py
[2023-11-14T21:34:29.583+0000] {logging_mixin.py:154} INFO - [2023-11-14T21:34:29.583+0000] {dag.py:2941} INFO - Sync 1 DAGs
[2023-11-14T21:34:29.619+0000] {logging_mixin.py:154} INFO - [2023-11-14T21:34:29.618+0000] {dag.py:3722} INFO - Setting next_dagrun for latest_only to 2023-11-14T17:34:29.618527+00:00, run_after=2023-11-14T21:34:29.618527+00:00
[2023-11-14T21:34:29.651+0000] {processor.py:179} INFO - Processing /home/airflow/.local/lib/python3.8/site-packages/airflow/example_dags/example_latest_only.py took 0.124 seconds
[2023-11-14T21:34:59.955+0000] {processor.py:157} INFO - Started process (PID=177) to work on /home/airflow/.local/lib/python3.8/site-packages/airflow/example_dags/example_latest_only.py
[2023-11-14T21:34:59.959+0000] {processor.py:829} INFO - Processing file /home/airflow/.local/lib/python3.8/site-packages/airflow/example_dags/example_latest_only.py for tasks to queue
[2023-11-14T21:34:59.963+0000] {logging_mixin.py:154} INFO - [2023-11-14T21:34:59.962+0000] {dagbag.py:536} INFO - Filling up the DagBag from /home/airflow/.local/lib/python3.8/site-packages/airflow/example_dags/example_latest_only.py
[2023-11-14T21:34:59.970+0000] {processor.py:839} INFO - DAG(s) dict_keys(['latest_only']) retrieved from /home/airflow/.local/lib/python3.8/site-packages/airflow/example_dags/example_latest_only.py
[2023-11-14T21:35:00.005+0000] {logging_mixin.py:154} INFO - [2023-11-14T21:35:00.005+0000] {dag.py:2941} INFO - Sync 1 DAGs
[2023-11-14T21:35:00.040+0000] {logging_mixin.py:154} INFO - [2023-11-14T21:35:00.040+0000] {dag.py:3722} INFO - Setting next_dagrun for latest_only to 2023-11-14T17:35:00.040152+00:00, run_after=2023-11-14T21:35:00.040152+00:00
[2023-11-14T21:35:00.069+0000] {processor.py:179} INFO - Processing /home/airflow/.local/lib/python3.8/site-packages/airflow/example_dags/example_latest_only.py took 0.119 seconds
[2023-11-14T21:35:30.442+0000] {processor.py:157} INFO - Started process (PID=231) to work on /home/airflow/.local/lib/python3.8/site-packages/airflow/example_dags/example_latest_only.py
[2023-11-14T21:35:30.443+0000] {processor.py:829} INFO - Processing file /home/airflow/.local/lib/python3.8/site-packages/airflow/example_dags/example_latest_only.py for tasks to queue
[2023-11-14T21:35:30.446+0000] {logging_mixin.py:154} INFO - [2023-11-14T21:35:30.445+0000] {dagbag.py:536} INFO - Filling up the DagBag from /home/airflow/.local/lib/python3.8/site-packages/airflow/example_dags/example_latest_only.py
[2023-11-14T21:35:30.452+0000] {processor.py:839} INFO - DAG(s) dict_keys(['latest_only']) retrieved from /home/airflow/.local/lib/python3.8/site-packages/airflow/example_dags/example_latest_only.py
[2023-11-14T21:35:30.481+0000] {logging_mixin.py:154} INFO - [2023-11-14T21:35:30.481+0000] {dag.py:2941} INFO - Sync 1 DAGs
[2023-11-14T21:35:30.512+0000] {logging_mixin.py:154} INFO - [2023-11-14T21:35:30.511+0000] {dag.py:3722} INFO - Setting next_dagrun for latest_only to 2023-11-14T17:35:30.511649+00:00, run_after=2023-11-14T21:35:30.511649+00:00
[2023-11-14T21:35:30.542+0000] {processor.py:179} INFO - Processing /home/airflow/.local/lib/python3.8/site-packages/airflow/example_dags/example_latest_only.py took 0.105 seconds
[2023-11-14T21:36:00.931+0000] {processor.py:157} INFO - Started process (PID=285) to work on /home/airflow/.local/lib/python3.8/site-packages/airflow/example_dags/example_latest_only.py
[2023-11-14T21:36:00.937+0000] {processor.py:829} INFO - Processing file /home/airflow/.local/lib/python3.8/site-packages/airflow/example_dags/example_latest_only.py for tasks to queue
[2023-11-14T21:36:00.939+0000] {logging_mixin.py:154} INFO - [2023-11-14T21:36:00.939+0000] {dagbag.py:536} INFO - Filling up the DagBag from /home/airflow/.local/lib/python3.8/site-packages/airflow/example_dags/example_latest_only.py
[2023-11-14T21:36:00.946+0000] {processor.py:839} INFO - DAG(s) dict_keys(['latest_only']) retrieved from /home/airflow/.local/lib/python3.8/site-packages/airflow/example_dags/example_latest_only.py
[2023-11-14T21:36:00.974+0000] {logging_mixin.py:154} INFO - [2023-11-14T21:36:00.973+0000] {dag.py:2941} INFO - Sync 1 DAGs
[2023-11-14T21:36:01.004+0000] {logging_mixin.py:154} INFO - [2023-11-14T21:36:01.004+0000] {dag.py:3722} INFO - Setting next_dagrun for latest_only to 2023-11-14T17:36:01.003681+00:00, run_after=2023-11-14T21:36:01.003681+00:00
[2023-11-14T21:36:01.040+0000] {processor.py:179} INFO - Processing /home/airflow/.local/lib/python3.8/site-packages/airflow/example_dags/example_latest_only.py took 0.113 seconds
[2023-11-14T21:36:31.944+0000] {processor.py:157} INFO - Started process (PID=340) to work on /home/airflow/.local/lib/python3.8/site-packages/airflow/example_dags/example_latest_only.py
[2023-11-14T21:36:31.950+0000] {processor.py:829} INFO - Processing file /home/airflow/.local/lib/python3.8/site-packages/airflow/example_dags/example_latest_only.py for tasks to queue
[2023-11-14T21:36:31.953+0000] {logging_mixin.py:154} INFO - [2023-11-14T21:36:31.953+0000] {dagbag.py:536} INFO - Filling up the DagBag from /home/airflow/.local/lib/python3.8/site-packages/airflow/example_dags/example_latest_only.py
[2023-11-14T21:36:31.959+0000] {processor.py:839} INFO - DAG(s) dict_keys(['latest_only']) retrieved from /home/airflow/.local/lib/python3.8/site-packages/airflow/example_dags/example_latest_only.py
[2023-11-14T21:36:31.985+0000] {logging_mixin.py:154} INFO - [2023-11-14T21:36:31.984+0000] {dag.py:2941} INFO - Sync 1 DAGs
[2023-11-14T21:36:32.012+0000] {logging_mixin.py:154} INFO - [2023-11-14T21:36:32.012+0000] {dag.py:3722} INFO - Setting next_dagrun for latest_only to 2023-11-14T17:36:32.011770+00:00, run_after=2023-11-14T21:36:32.011770+00:00
[2023-11-14T21:36:32.039+0000] {processor.py:179} INFO - Processing /home/airflow/.local/lib/python3.8/site-packages/airflow/example_dags/example_latest_only.py took 0.100 seconds
[2023-11-14T21:37:02.566+0000] {processor.py:157} INFO - Started process (PID=394) to work on /home/airflow/.local/lib/python3.8/site-packages/airflow/example_dags/example_latest_only.py
[2023-11-14T21:37:02.567+0000] {processor.py:829} INFO - Processing file /home/airflow/.local/lib/python3.8/site-packages/airflow/example_dags/example_latest_only.py for tasks to queue
[2023-11-14T21:37:02.570+0000] {logging_mixin.py:154} INFO - [2023-11-14T21:37:02.570+0000] {dagbag.py:536} INFO - Filling up the DagBag from /home/airflow/.local/lib/python3.8/site-packages/airflow/example_dags/example_latest_only.py
[2023-11-14T21:37:02.577+0000] {processor.py:839} INFO - DAG(s) dict_keys(['latest_only']) retrieved from /home/airflow/.local/lib/python3.8/site-packages/airflow/example_dags/example_latest_only.py
[2023-11-14T21:37:02.602+0000] {logging_mixin.py:154} INFO - [2023-11-14T21:37:02.602+0000] {dag.py:2941} INFO - Sync 1 DAGs
[2023-11-14T21:37:02.628+0000] {logging_mixin.py:154} INFO - [2023-11-14T21:37:02.628+0000] {dag.py:3722} INFO - Setting next_dagrun for latest_only to 2023-11-14T17:37:02.627945+00:00, run_after=2023-11-14T21:37:02.627945+00:00
[2023-11-14T21:37:02.652+0000] {processor.py:179} INFO - Processing /home/airflow/.local/lib/python3.8/site-packages/airflow/example_dags/example_latest_only.py took 0.092 seconds
[2023-11-14T21:37:33.254+0000] {processor.py:157} INFO - Started process (PID=448) to work on /home/airflow/.local/lib/python3.8/site-packages/airflow/example_dags/example_latest_only.py
[2023-11-14T21:37:33.258+0000] {processor.py:829} INFO - Processing file /home/airflow/.local/lib/python3.8/site-packages/airflow/example_dags/example_latest_only.py for tasks to queue
[2023-11-14T21:37:33.260+0000] {logging_mixin.py:154} INFO - [2023-11-14T21:37:33.260+0000] {dagbag.py:536} INFO - Filling up the DagBag from /home/airflow/.local/lib/python3.8/site-packages/airflow/example_dags/example_latest_only.py
[2023-11-14T21:37:33.266+0000] {processor.py:839} INFO - DAG(s) dict_keys(['latest_only']) retrieved from /home/airflow/.local/lib/python3.8/site-packages/airflow/example_dags/example_latest_only.py
[2023-11-14T21:37:33.291+0000] {logging_mixin.py:154} INFO - [2023-11-14T21:37:33.291+0000] {dag.py:2941} INFO - Sync 1 DAGs
[2023-11-14T21:37:33.316+0000] {logging_mixin.py:154} INFO - [2023-11-14T21:37:33.316+0000] {dag.py:3722} INFO - Setting next_dagrun for latest_only to 2023-11-14T17:37:33.316169+00:00, run_after=2023-11-14T21:37:33.316169+00:00
[2023-11-14T21:37:33.340+0000] {processor.py:179} INFO - Processing /home/airflow/.local/lib/python3.8/site-packages/airflow/example_dags/example_latest_only.py took 0.092 seconds
[2023-11-14T21:38:03.467+0000] {processor.py:157} INFO - Started process (PID=508) to work on /home/airflow/.local/lib/python3.8/site-packages/airflow/example_dags/example_latest_only.py
[2023-11-14T21:38:03.470+0000] {processor.py:829} INFO - Processing file /home/airflow/.local/lib/python3.8/site-packages/airflow/example_dags/example_latest_only.py for tasks to queue
[2023-11-14T21:38:03.474+0000] {logging_mixin.py:154} INFO - [2023-11-14T21:38:03.473+0000] {dagbag.py:536} INFO - Filling up the DagBag from /home/airflow/.local/lib/python3.8/site-packages/airflow/example_dags/example_latest_only.py
[2023-11-14T21:38:03.482+0000] {processor.py:839} INFO - DAG(s) dict_keys(['latest_only']) retrieved from /home/airflow/.local/lib/python3.8/site-packages/airflow/example_dags/example_latest_only.py
[2023-11-14T21:38:03.511+0000] {logging_mixin.py:154} INFO - [2023-11-14T21:38:03.510+0000] {dag.py:2941} INFO - Sync 1 DAGs
[2023-11-14T21:38:03.543+0000] {logging_mixin.py:154} INFO - [2023-11-14T21:38:03.542+0000] {dag.py:3722} INFO - Setting next_dagrun for latest_only to 2023-11-14T17:38:03.542556+00:00, run_after=2023-11-14T21:38:03.542556+00:00
[2023-11-14T21:38:03.567+0000] {processor.py:179} INFO - Processing /home/airflow/.local/lib/python3.8/site-packages/airflow/example_dags/example_latest_only.py took 0.107 seconds
[2023-11-14T21:38:33.757+0000] {processor.py:157} INFO - Started process (PID=567) to work on /home/airflow/.local/lib/python3.8/site-packages/airflow/example_dags/example_latest_only.py
[2023-11-14T21:38:33.758+0000] {processor.py:829} INFO - Processing file /home/airflow/.local/lib/python3.8/site-packages/airflow/example_dags/example_latest_only.py for tasks to queue
[2023-11-14T21:38:33.761+0000] {logging_mixin.py:154} INFO - [2023-11-14T21:38:33.761+0000] {dagbag.py:536} INFO - Filling up the DagBag from /home/airflow/.local/lib/python3.8/site-packages/airflow/example_dags/example_latest_only.py
[2023-11-14T21:38:33.768+0000] {processor.py:839} INFO - DAG(s) dict_keys(['latest_only']) retrieved from /home/airflow/.local/lib/python3.8/site-packages/airflow/example_dags/example_latest_only.py
[2023-11-14T21:38:33.795+0000] {logging_mixin.py:154} INFO - [2023-11-14T21:38:33.794+0000] {dag.py:2941} INFO - Sync 1 DAGs
[2023-11-14T21:38:33.822+0000] {logging_mixin.py:154} INFO - [2023-11-14T21:38:33.822+0000] {dag.py:3722} INFO - Setting next_dagrun for latest_only to 2023-11-14T17:38:33.821718+00:00, run_after=2023-11-14T21:38:33.821718+00:00
[2023-11-14T21:38:33.866+0000] {processor.py:179} INFO - Processing /home/airflow/.local/lib/python3.8/site-packages/airflow/example_dags/example_latest_only.py took 0.116 seconds
[2023-11-14T21:39:04.158+0000] {processor.py:157} INFO - Started process (PID=621) to work on /home/airflow/.local/lib/python3.8/site-packages/airflow/example_dags/example_latest_only.py
[2023-11-14T21:39:04.159+0000] {processor.py:829} INFO - Processing file /home/airflow/.local/lib/python3.8/site-packages/airflow/example_dags/example_latest_only.py for tasks to queue
[2023-11-14T21:39:04.161+0000] {logging_mixin.py:154} INFO - [2023-11-14T21:39:04.161+0000] {dagbag.py:536} INFO - Filling up the DagBag from /home/airflow/.local/lib/python3.8/site-packages/airflow/example_dags/example_latest_only.py
[2023-11-14T21:39:04.167+0000] {processor.py:839} INFO - DAG(s) dict_keys(['latest_only']) retrieved from /home/airflow/.local/lib/python3.8/site-packages/airflow/example_dags/example_latest_only.py
[2023-11-14T21:39:04.192+0000] {logging_mixin.py:154} INFO - [2023-11-14T21:39:04.192+0000] {dag.py:2941} INFO - Sync 1 DAGs
[2023-11-14T21:39:04.219+0000] {logging_mixin.py:154} INFO - [2023-11-14T21:39:04.219+0000] {dag.py:3722} INFO - Setting next_dagrun for latest_only to 2023-11-14T17:39:04.219036+00:00, run_after=2023-11-14T21:39:04.219036+00:00
[2023-11-14T21:39:04.244+0000] {processor.py:179} INFO - Processing /home/airflow/.local/lib/python3.8/site-packages/airflow/example_dags/example_latest_only.py took 0.091 seconds
[2023-11-14T21:39:35.165+0000] {processor.py:157} INFO - Started process (PID=683) to work on /home/airflow/.local/lib/python3.8/site-packages/airflow/example_dags/example_latest_only.py
[2023-11-14T21:39:35.167+0000] {processor.py:829} INFO - Processing file /home/airflow/.local/lib/python3.8/site-packages/airflow/example_dags/example_latest_only.py for tasks to queue
[2023-11-14T21:39:35.169+0000] {logging_mixin.py:154} INFO - [2023-11-14T21:39:35.169+0000] {dagbag.py:536} INFO - Filling up the DagBag from /home/airflow/.local/lib/python3.8/site-packages/airflow/example_dags/example_latest_only.py
[2023-11-14T21:39:35.176+0000] {processor.py:839} INFO - DAG(s) dict_keys(['latest_only']) retrieved from /home/airflow/.local/lib/python3.8/site-packages/airflow/example_dags/example_latest_only.py
[2023-11-14T21:39:35.209+0000] {logging_mixin.py:154} INFO - [2023-11-14T21:39:35.209+0000] {dag.py:2941} INFO - Sync 1 DAGs
[2023-11-14T21:39:35.249+0000] {logging_mixin.py:154} INFO - [2023-11-14T21:39:35.249+0000] {dag.py:3722} INFO - Setting next_dagrun for latest_only to 2023-11-14T17:39:35.248902+00:00, run_after=2023-11-14T21:39:35.248902+00:00
[2023-11-14T21:39:35.280+0000] {processor.py:179} INFO - Processing /home/airflow/.local/lib/python3.8/site-packages/airflow/example_dags/example_latest_only.py took 0.121 seconds
[2023-11-14T21:40:05.334+0000] {processor.py:157} INFO - Started process (PID=737) to work on /home/airflow/.local/lib/python3.8/site-packages/airflow/example_dags/example_latest_only.py
[2023-11-14T21:40:05.335+0000] {processor.py:829} INFO - Processing file /home/airflow/.local/lib/python3.8/site-packages/airflow/example_dags/example_latest_only.py for tasks to queue
[2023-11-14T21:40:05.339+0000] {logging_mixin.py:154} INFO - [2023-11-14T21:40:05.339+0000] {dagbag.py:536} INFO - Filling up the DagBag from /home/airflow/.local/lib/python3.8/site-packages/airflow/example_dags/example_latest_only.py
[2023-11-14T21:40:05.346+0000] {processor.py:839} INFO - DAG(s) dict_keys(['latest_only']) retrieved from /home/airflow/.local/lib/python3.8/site-packages/airflow/example_dags/example_latest_only.py
[2023-11-14T21:40:05.426+0000] {logging_mixin.py:154} INFO - [2023-11-14T21:40:05.426+0000] {dag.py:2941} INFO - Sync 1 DAGs
[2023-11-14T21:40:05.462+0000] {logging_mixin.py:154} INFO - [2023-11-14T21:40:05.462+0000] {dag.py:3722} INFO - Setting next_dagrun for latest_only to 2023-11-14T17:40:05.462315+00:00, run_after=2023-11-14T21:40:05.462315+00:00
[2023-11-14T21:40:05.502+0000] {processor.py:179} INFO - Processing /home/airflow/.local/lib/python3.8/site-packages/airflow/example_dags/example_latest_only.py took 0.174 seconds
[2023-11-14T21:40:35.560+0000] {processor.py:157} INFO - Started process (PID=792) to work on /home/airflow/.local/lib/python3.8/site-packages/airflow/example_dags/example_latest_only.py
[2023-11-14T21:40:35.563+0000] {processor.py:829} INFO - Processing file /home/airflow/.local/lib/python3.8/site-packages/airflow/example_dags/example_latest_only.py for tasks to queue
[2023-11-14T21:40:35.567+0000] {logging_mixin.py:154} INFO - [2023-11-14T21:40:35.567+0000] {dagbag.py:536} INFO - Filling up the DagBag from /home/airflow/.local/lib/python3.8/site-packages/airflow/example_dags/example_latest_only.py
[2023-11-14T21:40:35.577+0000] {processor.py:839} INFO - DAG(s) dict_keys(['latest_only']) retrieved from /home/airflow/.local/lib/python3.8/site-packages/airflow/example_dags/example_latest_only.py
[2023-11-14T21:40:35.616+0000] {logging_mixin.py:154} INFO - [2023-11-14T21:40:35.616+0000] {dag.py:2941} INFO - Sync 1 DAGs
[2023-11-14T21:40:35.650+0000] {logging_mixin.py:154} INFO - [2023-11-14T21:40:35.650+0000] {dag.py:3722} INFO - Setting next_dagrun for latest_only to 2023-11-14T17:40:35.649812+00:00, run_after=2023-11-14T21:40:35.649812+00:00
[2023-11-14T21:40:35.686+0000] {processor.py:179} INFO - Processing /home/airflow/.local/lib/python3.8/site-packages/airflow/example_dags/example_latest_only.py took 0.133 seconds
[2023-11-14T21:41:05.917+0000] {processor.py:157} INFO - Started process (PID=846) to work on /home/airflow/.local/lib/python3.8/site-packages/airflow/example_dags/example_latest_only.py
[2023-11-14T21:41:05.918+0000] {processor.py:829} INFO - Processing file /home/airflow/.local/lib/python3.8/site-packages/airflow/example_dags/example_latest_only.py for tasks to queue
[2023-11-14T21:41:05.921+0000] {logging_mixin.py:154} INFO - [2023-11-14T21:41:05.921+0000] {dagbag.py:536} INFO - Filling up the DagBag from /home/airflow/.local/lib/python3.8/site-packages/airflow/example_dags/example_latest_only.py
[2023-11-14T21:41:05.928+0000] {processor.py:839} INFO - DAG(s) dict_keys(['latest_only']) retrieved from /home/airflow/.local/lib/python3.8/site-packages/airflow/example_dags/example_latest_only.py
[2023-11-14T21:41:05.953+0000] {logging_mixin.py:154} INFO - [2023-11-14T21:41:05.952+0000] {dag.py:2941} INFO - Sync 1 DAGs
[2023-11-14T21:41:05.978+0000] {logging_mixin.py:154} INFO - [2023-11-14T21:41:05.977+0000] {dag.py:3722} INFO - Setting next_dagrun for latest_only to 2023-11-14T17:41:05.977708+00:00, run_after=2023-11-14T21:41:05.977708+00:00
[2023-11-14T21:41:06.026+0000] {processor.py:179} INFO - Processing /home/airflow/.local/lib/python3.8/site-packages/airflow/example_dags/example_latest_only.py took 0.116 seconds
[2023-11-14T21:41:36.852+0000] {processor.py:157} INFO - Started process (PID=900) to work on /home/airflow/.local/lib/python3.8/site-packages/airflow/example_dags/example_latest_only.py
[2023-11-14T21:41:36.855+0000] {processor.py:829} INFO - Processing file /home/airflow/.local/lib/python3.8/site-packages/airflow/example_dags/example_latest_only.py for tasks to queue
[2023-11-14T21:41:36.860+0000] {logging_mixin.py:154} INFO - [2023-11-14T21:41:36.860+0000] {dagbag.py:536} INFO - Filling up the DagBag from /home/airflow/.local/lib/python3.8/site-packages/airflow/example_dags/example_latest_only.py
[2023-11-14T21:41:36.873+0000] {processor.py:839} INFO - DAG(s) dict_keys(['latest_only']) retrieved from /home/airflow/.local/lib/python3.8/site-packages/airflow/example_dags/example_latest_only.py
[2023-11-14T21:41:36.901+0000] {logging_mixin.py:154} INFO - [2023-11-14T21:41:36.900+0000] {dag.py:2941} INFO - Sync 1 DAGs
[2023-11-14T21:41:36.927+0000] {logging_mixin.py:154} INFO - [2023-11-14T21:41:36.926+0000] {dag.py:3722} INFO - Setting next_dagrun for latest_only to 2023-11-14T17:41:36.926672+00:00, run_after=2023-11-14T21:41:36.926672+00:00
[2023-11-14T21:41:36.976+0000] {processor.py:179} INFO - Processing /home/airflow/.local/lib/python3.8/site-packages/airflow/example_dags/example_latest_only.py took 0.133 seconds
[2023-11-14T21:42:07.095+0000] {processor.py:157} INFO - Started process (PID=954) to work on /home/airflow/.local/lib/python3.8/site-packages/airflow/example_dags/example_latest_only.py
[2023-11-14T21:42:07.096+0000] {processor.py:829} INFO - Processing file /home/airflow/.local/lib/python3.8/site-packages/airflow/example_dags/example_latest_only.py for tasks to queue
[2023-11-14T21:42:07.099+0000] {logging_mixin.py:154} INFO - [2023-11-14T21:42:07.099+0000] {dagbag.py:536} INFO - Filling up the DagBag from /home/airflow/.local/lib/python3.8/site-packages/airflow/example_dags/example_latest_only.py
[2023-11-14T21:42:07.105+0000] {processor.py:839} INFO - DAG(s) dict_keys(['latest_only']) retrieved from /home/airflow/.local/lib/python3.8/site-packages/airflow/example_dags/example_latest_only.py
[2023-11-14T21:42:07.129+0000] {logging_mixin.py:154} INFO - [2023-11-14T21:42:07.129+0000] {dag.py:2941} INFO - Sync 1 DAGs
[2023-11-14T21:42:07.157+0000] {logging_mixin.py:154} INFO - [2023-11-14T21:42:07.156+0000] {dag.py:3722} INFO - Setting next_dagrun for latest_only to 2023-11-14T17:42:07.156605+00:00, run_after=2023-11-14T21:42:07.156605+00:00
[2023-11-14T21:42:07.181+0000] {processor.py:179} INFO - Processing /home/airflow/.local/lib/python3.8/site-packages/airflow/example_dags/example_latest_only.py took 0.091 seconds
[2023-11-14T21:42:37.995+0000] {processor.py:157} INFO - Started process (PID=1009) to work on /home/airflow/.local/lib/python3.8/site-packages/airflow/example_dags/example_latest_only.py
[2023-11-14T21:42:37.996+0000] {processor.py:829} INFO - Processing file /home/airflow/.local/lib/python3.8/site-packages/airflow/example_dags/example_latest_only.py for tasks to queue
[2023-11-14T21:42:37.998+0000] {logging_mixin.py:154} INFO - [2023-11-14T21:42:37.998+0000] {dagbag.py:536} INFO - Filling up the DagBag from /home/airflow/.local/lib/python3.8/site-packages/airflow/example_dags/example_latest_only.py
[2023-11-14T21:42:38.007+0000] {processor.py:839} INFO - DAG(s) dict_keys(['latest_only']) retrieved from /home/airflow/.local/lib/python3.8/site-packages/airflow/example_dags/example_latest_only.py
[2023-11-14T21:42:38.038+0000] {logging_mixin.py:154} INFO - [2023-11-14T21:42:38.038+0000] {dag.py:2941} INFO - Sync 1 DAGs
[2023-11-14T21:42:38.068+0000] {logging_mixin.py:154} INFO - [2023-11-14T21:42:38.068+0000] {dag.py:3722} INFO - Setting next_dagrun for latest_only to 2023-11-14T17:42:38.068042+00:00, run_after=2023-11-14T21:42:38.068042+00:00
[2023-11-14T21:42:38.093+0000] {processor.py:179} INFO - Processing /home/airflow/.local/lib/python3.8/site-packages/airflow/example_dags/example_latest_only.py took 0.103 seconds
[2023-11-14T21:43:08.355+0000] {processor.py:157} INFO - Started process (PID=1063) to work on /home/airflow/.local/lib/python3.8/site-packages/airflow/example_dags/example_latest_only.py
[2023-11-14T21:43:08.357+0000] {processor.py:829} INFO - Processing file /home/airflow/.local/lib/python3.8/site-packages/airflow/example_dags/example_latest_only.py for tasks to queue
[2023-11-14T21:43:08.360+0000] {logging_mixin.py:154} INFO - [2023-11-14T21:43:08.360+0000] {dagbag.py:536} INFO - Filling up the DagBag from /home/airflow/.local/lib/python3.8/site-packages/airflow/example_dags/example_latest_only.py
[2023-11-14T21:43:08.367+0000] {processor.py:839} INFO - DAG(s) dict_keys(['latest_only']) retrieved from /home/airflow/.local/lib/python3.8/site-packages/airflow/example_dags/example_latest_only.py
[2023-11-14T21:43:08.399+0000] {logging_mixin.py:154} INFO - [2023-11-14T21:43:08.399+0000] {dag.py:2941} INFO - Sync 1 DAGs
[2023-11-14T21:43:08.437+0000] {logging_mixin.py:154} INFO - [2023-11-14T21:43:08.437+0000] {dag.py:3722} INFO - Setting next_dagrun for latest_only to 2023-11-14T17:43:08.437014+00:00, run_after=2023-11-14T21:43:08.437014+00:00
[2023-11-14T21:43:08.475+0000] {processor.py:179} INFO - Processing /home/airflow/.local/lib/python3.8/site-packages/airflow/example_dags/example_latest_only.py took 0.127 seconds
[2023-11-14T21:43:38.818+0000] {processor.py:157} INFO - Started process (PID=1117) to work on /home/airflow/.local/lib/python3.8/site-packages/airflow/example_dags/example_latest_only.py
[2023-11-14T21:43:38.819+0000] {processor.py:829} INFO - Processing file /home/airflow/.local/lib/python3.8/site-packages/airflow/example_dags/example_latest_only.py for tasks to queue
[2023-11-14T21:43:38.821+0000] {logging_mixin.py:154} INFO - [2023-11-14T21:43:38.821+0000] {dagbag.py:536} INFO - Filling up the DagBag from /home/airflow/.local/lib/python3.8/site-packages/airflow/example_dags/example_latest_only.py
[2023-11-14T21:43:38.827+0000] {processor.py:839} INFO - DAG(s) dict_keys(['latest_only']) retrieved from /home/airflow/.local/lib/python3.8/site-packages/airflow/example_dags/example_latest_only.py
[2023-11-14T21:43:38.850+0000] {logging_mixin.py:154} INFO - [2023-11-14T21:43:38.849+0000] {dag.py:2941} INFO - Sync 1 DAGs
[2023-11-14T21:43:38.878+0000] {logging_mixin.py:154} INFO - [2023-11-14T21:43:38.878+0000] {dag.py:3722} INFO - Setting next_dagrun for latest_only to 2023-11-14T17:43:38.877740+00:00, run_after=2023-11-14T21:43:38.877740+00:00
[2023-11-14T21:43:38.904+0000] {processor.py:179} INFO - Processing /home/airflow/.local/lib/python3.8/site-packages/airflow/example_dags/example_latest_only.py took 0.091 seconds
[2023-11-14T21:44:09.560+0000] {processor.py:157} INFO - Started process (PID=1171) to work on /home/airflow/.local/lib/python3.8/site-packages/airflow/example_dags/example_latest_only.py
[2023-11-14T21:44:09.561+0000] {processor.py:829} INFO - Processing file /home/airflow/.local/lib/python3.8/site-packages/airflow/example_dags/example_latest_only.py for tasks to queue
[2023-11-14T21:44:09.564+0000] {logging_mixin.py:154} INFO - [2023-11-14T21:44:09.563+0000] {dagbag.py:536} INFO - Filling up the DagBag from /home/airflow/.local/lib/python3.8/site-packages/airflow/example_dags/example_latest_only.py
[2023-11-14T21:44:09.571+0000] {processor.py:839} INFO - DAG(s) dict_keys(['latest_only']) retrieved from /home/airflow/.local/lib/python3.8/site-packages/airflow/example_dags/example_latest_only.py
[2023-11-14T21:44:09.597+0000] {logging_mixin.py:154} INFO - [2023-11-14T21:44:09.597+0000] {dag.py:2941} INFO - Sync 1 DAGs
[2023-11-14T21:44:09.627+0000] {logging_mixin.py:154} INFO - [2023-11-14T21:44:09.627+0000] {dag.py:3722} INFO - Setting next_dagrun for latest_only to 2023-11-14T17:44:09.627052+00:00, run_after=2023-11-14T21:44:09.627052+00:00
[2023-11-14T21:44:09.818+0000] {processor.py:179} INFO - Processing /home/airflow/.local/lib/python3.8/site-packages/airflow/example_dags/example_latest_only.py took 0.265 seconds
[2023-11-14T21:44:39.976+0000] {processor.py:157} INFO - Started process (PID=1225) to work on /home/airflow/.local/lib/python3.8/site-packages/airflow/example_dags/example_latest_only.py
[2023-11-14T21:44:39.978+0000] {processor.py:829} INFO - Processing file /home/airflow/.local/lib/python3.8/site-packages/airflow/example_dags/example_latest_only.py for tasks to queue
[2023-11-14T21:44:39.980+0000] {logging_mixin.py:154} INFO - [2023-11-14T21:44:39.980+0000] {dagbag.py:536} INFO - Filling up the DagBag from /home/airflow/.local/lib/python3.8/site-packages/airflow/example_dags/example_latest_only.py
[2023-11-14T21:44:39.986+0000] {processor.py:839} INFO - DAG(s) dict_keys(['latest_only']) retrieved from /home/airflow/.local/lib/python3.8/site-packages/airflow/example_dags/example_latest_only.py
[2023-11-14T21:44:40.008+0000] {logging_mixin.py:154} INFO - [2023-11-14T21:44:40.008+0000] {dag.py:2941} INFO - Sync 1 DAGs
[2023-11-14T21:44:40.034+0000] {logging_mixin.py:154} INFO - [2023-11-14T21:44:40.034+0000] {dag.py:3722} INFO - Setting next_dagrun for latest_only to 2023-11-14T17:44:40.034285+00:00, run_after=2023-11-14T21:44:40.034285+00:00
[2023-11-14T21:44:40.058+0000] {processor.py:179} INFO - Processing /home/airflow/.local/lib/python3.8/site-packages/airflow/example_dags/example_latest_only.py took 0.086 seconds
[2023-11-14T21:45:10.511+0000] {processor.py:157} INFO - Started process (PID=1279) to work on /home/airflow/.local/lib/python3.8/site-packages/airflow/example_dags/example_latest_only.py
[2023-11-14T21:45:10.512+0000] {processor.py:829} INFO - Processing file /home/airflow/.local/lib/python3.8/site-packages/airflow/example_dags/example_latest_only.py for tasks to queue
[2023-11-14T21:45:10.514+0000] {logging_mixin.py:154} INFO - [2023-11-14T21:45:10.514+0000] {dagbag.py:536} INFO - Filling up the DagBag from /home/airflow/.local/lib/python3.8/site-packages/airflow/example_dags/example_latest_only.py
[2023-11-14T21:45:10.520+0000] {processor.py:839} INFO - DAG(s) dict_keys(['latest_only']) retrieved from /home/airflow/.local/lib/python3.8/site-packages/airflow/example_dags/example_latest_only.py
[2023-11-14T21:45:10.543+0000] {logging_mixin.py:154} INFO - [2023-11-14T21:45:10.543+0000] {dag.py:2941} INFO - Sync 1 DAGs
[2023-11-14T21:45:10.569+0000] {logging_mixin.py:154} INFO - [2023-11-14T21:45:10.569+0000] {dag.py:3722} INFO - Setting next_dagrun for latest_only to 2023-11-14T17:45:10.568795+00:00, run_after=2023-11-14T21:45:10.568795+00:00
[2023-11-14T21:45:10.619+0000] {processor.py:179} INFO - Processing /home/airflow/.local/lib/python3.8/site-packages/airflow/example_dags/example_latest_only.py took 0.111 seconds
[2023-11-14T21:45:41.191+0000] {processor.py:157} INFO - Started process (PID=1333) to work on /home/airflow/.local/lib/python3.8/site-packages/airflow/example_dags/example_latest_only.py
[2023-11-14T21:45:41.193+0000] {processor.py:829} INFO - Processing file /home/airflow/.local/lib/python3.8/site-packages/airflow/example_dags/example_latest_only.py for tasks to queue
[2023-11-14T21:45:41.195+0000] {logging_mixin.py:154} INFO - [2023-11-14T21:45:41.195+0000] {dagbag.py:536} INFO - Filling up the DagBag from /home/airflow/.local/lib/python3.8/site-packages/airflow/example_dags/example_latest_only.py
[2023-11-14T21:45:41.202+0000] {processor.py:839} INFO - DAG(s) dict_keys(['latest_only']) retrieved from /home/airflow/.local/lib/python3.8/site-packages/airflow/example_dags/example_latest_only.py
[2023-11-14T21:45:41.227+0000] {logging_mixin.py:154} INFO - [2023-11-14T21:45:41.227+0000] {dag.py:2941} INFO - Sync 1 DAGs
[2023-11-14T21:45:41.256+0000] {logging_mixin.py:154} INFO - [2023-11-14T21:45:41.255+0000] {dag.py:3722} INFO - Setting next_dagrun for latest_only to 2023-11-14T17:45:41.255406+00:00, run_after=2023-11-14T21:45:41.255406+00:00
[2023-11-14T21:45:41.461+0000] {processor.py:179} INFO - Processing /home/airflow/.local/lib/python3.8/site-packages/airflow/example_dags/example_latest_only.py took 0.274 seconds
[2023-11-14T21:46:11.589+0000] {processor.py:157} INFO - Started process (PID=1387) to work on /home/airflow/.local/lib/python3.8/site-packages/airflow/example_dags/example_latest_only.py
[2023-11-14T21:46:11.591+0000] {processor.py:829} INFO - Processing file /home/airflow/.local/lib/python3.8/site-packages/airflow/example_dags/example_latest_only.py for tasks to queue
[2023-11-14T21:46:11.595+0000] {logging_mixin.py:154} INFO - [2023-11-14T21:46:11.595+0000] {dagbag.py:536} INFO - Filling up the DagBag from /home/airflow/.local/lib/python3.8/site-packages/airflow/example_dags/example_latest_only.py
[2023-11-14T21:46:11.605+0000] {processor.py:839} INFO - DAG(s) dict_keys(['latest_only']) retrieved from /home/airflow/.local/lib/python3.8/site-packages/airflow/example_dags/example_latest_only.py
[2023-11-14T21:46:11.632+0000] {logging_mixin.py:154} INFO - [2023-11-14T21:46:11.632+0000] {dag.py:2941} INFO - Sync 1 DAGs
[2023-11-14T21:46:11.658+0000] {logging_mixin.py:154} INFO - [2023-11-14T21:46:11.658+0000] {dag.py:3722} INFO - Setting next_dagrun for latest_only to 2023-11-14T17:46:11.658303+00:00, run_after=2023-11-14T21:46:11.658303+00:00
[2023-11-14T21:46:11.706+0000] {processor.py:179} INFO - Processing /home/airflow/.local/lib/python3.8/site-packages/airflow/example_dags/example_latest_only.py took 0.125 seconds
[2023-11-14T21:46:42.004+0000] {processor.py:157} INFO - Started process (PID=1441) to work on /home/airflow/.local/lib/python3.8/site-packages/airflow/example_dags/example_latest_only.py
[2023-11-14T21:46:42.006+0000] {processor.py:829} INFO - Processing file /home/airflow/.local/lib/python3.8/site-packages/airflow/example_dags/example_latest_only.py for tasks to queue
[2023-11-14T21:46:42.010+0000] {logging_mixin.py:154} INFO - [2023-11-14T21:46:42.009+0000] {dagbag.py:536} INFO - Filling up the DagBag from /home/airflow/.local/lib/python3.8/site-packages/airflow/example_dags/example_latest_only.py
[2023-11-14T21:46:42.019+0000] {processor.py:839} INFO - DAG(s) dict_keys(['latest_only']) retrieved from /home/airflow/.local/lib/python3.8/site-packages/airflow/example_dags/example_latest_only.py
[2023-11-14T21:46:42.045+0000] {logging_mixin.py:154} INFO - [2023-11-14T21:46:42.045+0000] {dag.py:2941} INFO - Sync 1 DAGs
[2023-11-14T21:46:42.206+0000] {logging_mixin.py:154} INFO - [2023-11-14T21:46:42.206+0000] {dag.py:3722} INFO - Setting next_dagrun for latest_only to 2023-11-14T17:46:42.206542+00:00, run_after=2023-11-14T21:46:42.206542+00:00
[2023-11-14T21:46:42.240+0000] {processor.py:179} INFO - Processing /home/airflow/.local/lib/python3.8/site-packages/airflow/example_dags/example_latest_only.py took 0.243 seconds
[2023-11-14T21:47:12.680+0000] {processor.py:157} INFO - Started process (PID=1495) to work on /home/airflow/.local/lib/python3.8/site-packages/airflow/example_dags/example_latest_only.py
[2023-11-14T21:47:12.681+0000] {processor.py:829} INFO - Processing file /home/airflow/.local/lib/python3.8/site-packages/airflow/example_dags/example_latest_only.py for tasks to queue
[2023-11-14T21:47:12.684+0000] {logging_mixin.py:154} INFO - [2023-11-14T21:47:12.684+0000] {dagbag.py:536} INFO - Filling up the DagBag from /home/airflow/.local/lib/python3.8/site-packages/airflow/example_dags/example_latest_only.py
[2023-11-14T21:47:12.692+0000] {processor.py:839} INFO - DAG(s) dict_keys(['latest_only']) retrieved from /home/airflow/.local/lib/python3.8/site-packages/airflow/example_dags/example_latest_only.py
[2023-11-14T21:47:12.719+0000] {logging_mixin.py:154} INFO - [2023-11-14T21:47:12.719+0000] {dag.py:2941} INFO - Sync 1 DAGs
[2023-11-14T21:47:12.748+0000] {logging_mixin.py:154} INFO - [2023-11-14T21:47:12.748+0000] {dag.py:3722} INFO - Setting next_dagrun for latest_only to 2023-11-14T17:47:12.747737+00:00, run_after=2023-11-14T21:47:12.747737+00:00
[2023-11-14T21:47:12.950+0000] {processor.py:179} INFO - Processing /home/airflow/.local/lib/python3.8/site-packages/airflow/example_dags/example_latest_only.py took 0.274 seconds
[2023-11-14T21:47:43.111+0000] {processor.py:157} INFO - Started process (PID=1549) to work on /home/airflow/.local/lib/python3.8/site-packages/airflow/example_dags/example_latest_only.py
[2023-11-14T21:47:43.113+0000] {processor.py:829} INFO - Processing file /home/airflow/.local/lib/python3.8/site-packages/airflow/example_dags/example_latest_only.py for tasks to queue
[2023-11-14T21:47:43.116+0000] {logging_mixin.py:154} INFO - [2023-11-14T21:47:43.115+0000] {dagbag.py:536} INFO - Filling up the DagBag from /home/airflow/.local/lib/python3.8/site-packages/airflow/example_dags/example_latest_only.py
[2023-11-14T21:47:43.124+0000] {processor.py:839} INFO - DAG(s) dict_keys(['latest_only']) retrieved from /home/airflow/.local/lib/python3.8/site-packages/airflow/example_dags/example_latest_only.py
[2023-11-14T21:47:43.152+0000] {logging_mixin.py:154} INFO - [2023-11-14T21:47:43.152+0000] {dag.py:2941} INFO - Sync 1 DAGs
[2023-11-14T21:47:43.185+0000] {logging_mixin.py:154} INFO - [2023-11-14T21:47:43.184+0000] {dag.py:3722} INFO - Setting next_dagrun for latest_only to 2023-11-14T17:47:43.184575+00:00, run_after=2023-11-14T21:47:43.184575+00:00
[2023-11-14T21:47:43.216+0000] {processor.py:179} INFO - Processing /home/airflow/.local/lib/python3.8/site-packages/airflow/example_dags/example_latest_only.py took 0.109 seconds
[2023-11-14T21:48:15.289+0000] {processor.py:157} INFO - Started process (PID=1604) to work on /home/airflow/.local/lib/python3.8/site-packages/airflow/example_dags/example_latest_only.py
[2023-11-14T21:48:15.291+0000] {processor.py:829} INFO - Processing file /home/airflow/.local/lib/python3.8/site-packages/airflow/example_dags/example_latest_only.py for tasks to queue
[2023-11-14T21:48:15.294+0000] {logging_mixin.py:154} INFO - [2023-11-14T21:48:15.293+0000] {dagbag.py:536} INFO - Filling up the DagBag from /home/airflow/.local/lib/python3.8/site-packages/airflow/example_dags/example_latest_only.py
[2023-11-14T21:48:15.301+0000] {processor.py:839} INFO - DAG(s) dict_keys(['latest_only']) retrieved from /home/airflow/.local/lib/python3.8/site-packages/airflow/example_dags/example_latest_only.py
[2023-11-14T21:48:15.329+0000] {logging_mixin.py:154} INFO - [2023-11-14T21:48:15.328+0000] {dag.py:2941} INFO - Sync 1 DAGs
[2023-11-14T21:48:15.524+0000] {logging_mixin.py:154} INFO - [2023-11-14T21:48:15.524+0000] {dag.py:3722} INFO - Setting next_dagrun for latest_only to 2023-11-14T17:48:15.523787+00:00, run_after=2023-11-14T21:48:15.523787+00:00
[2023-11-14T21:48:15.560+0000] {processor.py:179} INFO - Processing /home/airflow/.local/lib/python3.8/site-packages/airflow/example_dags/example_latest_only.py took 0.275 seconds
[2023-11-14T21:48:45.793+0000] {processor.py:157} INFO - Started process (PID=1658) to work on /home/airflow/.local/lib/python3.8/site-packages/airflow/example_dags/example_latest_only.py
[2023-11-14T21:48:45.794+0000] {processor.py:829} INFO - Processing file /home/airflow/.local/lib/python3.8/site-packages/airflow/example_dags/example_latest_only.py for tasks to queue
[2023-11-14T21:48:45.798+0000] {logging_mixin.py:154} INFO - [2023-11-14T21:48:45.798+0000] {dagbag.py:536} INFO - Filling up the DagBag from /home/airflow/.local/lib/python3.8/site-packages/airflow/example_dags/example_latest_only.py
[2023-11-14T21:48:45.804+0000] {processor.py:839} INFO - DAG(s) dict_keys(['latest_only']) retrieved from /home/airflow/.local/lib/python3.8/site-packages/airflow/example_dags/example_latest_only.py
[2023-11-14T21:48:45.828+0000] {logging_mixin.py:154} INFO - [2023-11-14T21:48:45.827+0000] {dag.py:2941} INFO - Sync 1 DAGs
[2023-11-14T21:48:45.854+0000] {logging_mixin.py:154} INFO - [2023-11-14T21:48:45.854+0000] {dag.py:3722} INFO - Setting next_dagrun for latest_only to 2023-11-14T17:48:45.854336+00:00, run_after=2023-11-14T21:48:45.854336+00:00
[2023-11-14T21:48:45.899+0000] {processor.py:179} INFO - Processing /home/airflow/.local/lib/python3.8/site-packages/airflow/example_dags/example_latest_only.py took 0.110 seconds
[2023-11-14T21:49:16.791+0000] {processor.py:157} INFO - Started process (PID=1712) to work on /home/airflow/.local/lib/python3.8/site-packages/airflow/example_dags/example_latest_only.py
[2023-11-14T21:49:16.792+0000] {processor.py:829} INFO - Processing file /home/airflow/.local/lib/python3.8/site-packages/airflow/example_dags/example_latest_only.py for tasks to queue
[2023-11-14T21:49:16.795+0000] {logging_mixin.py:154} INFO - [2023-11-14T21:49:16.795+0000] {dagbag.py:536} INFO - Filling up the DagBag from /home/airflow/.local/lib/python3.8/site-packages/airflow/example_dags/example_latest_only.py
[2023-11-14T21:49:16.801+0000] {processor.py:839} INFO - DAG(s) dict_keys(['latest_only']) retrieved from /home/airflow/.local/lib/python3.8/site-packages/airflow/example_dags/example_latest_only.py
[2023-11-14T21:49:16.974+0000] {logging_mixin.py:154} INFO - [2023-11-14T21:49:16.974+0000] {dag.py:2941} INFO - Sync 1 DAGs
[2023-11-14T21:49:17.002+0000] {logging_mixin.py:154} INFO - [2023-11-14T21:49:17.001+0000] {dag.py:3722} INFO - Setting next_dagrun for latest_only to 2023-11-14T17:49:17.001520+00:00, run_after=2023-11-14T21:49:17.001520+00:00
[2023-11-14T21:49:17.049+0000] {processor.py:179} INFO - Processing /home/airflow/.local/lib/python3.8/site-packages/airflow/example_dags/example_latest_only.py took 0.264 seconds
[2023-11-14T21:49:47.586+0000] {processor.py:157} INFO - Started process (PID=1766) to work on /home/airflow/.local/lib/python3.8/site-packages/airflow/example_dags/example_latest_only.py
[2023-11-14T21:49:47.587+0000] {processor.py:829} INFO - Processing file /home/airflow/.local/lib/python3.8/site-packages/airflow/example_dags/example_latest_only.py for tasks to queue
[2023-11-14T21:49:47.590+0000] {logging_mixin.py:154} INFO - [2023-11-14T21:49:47.590+0000] {dagbag.py:536} INFO - Filling up the DagBag from /home/airflow/.local/lib/python3.8/site-packages/airflow/example_dags/example_latest_only.py
[2023-11-14T21:49:47.598+0000] {processor.py:839} INFO - DAG(s) dict_keys(['latest_only']) retrieved from /home/airflow/.local/lib/python3.8/site-packages/airflow/example_dags/example_latest_only.py
[2023-11-14T21:49:47.627+0000] {logging_mixin.py:154} INFO - [2023-11-14T21:49:47.627+0000] {dag.py:2941} INFO - Sync 1 DAGs
[2023-11-14T21:49:47.659+0000] {logging_mixin.py:154} INFO - [2023-11-14T21:49:47.659+0000] {dag.py:3722} INFO - Setting next_dagrun for latest_only to 2023-11-14T17:49:47.658777+00:00, run_after=2023-11-14T21:49:47.658777+00:00
[2023-11-14T21:49:47.692+0000] {processor.py:179} INFO - Processing /home/airflow/.local/lib/python3.8/site-packages/airflow/example_dags/example_latest_only.py took 0.111 seconds
[2023-11-14T21:50:18.195+0000] {processor.py:157} INFO - Started process (PID=1820) to work on /home/airflow/.local/lib/python3.8/site-packages/airflow/example_dags/example_latest_only.py
[2023-11-14T21:50:18.196+0000] {processor.py:829} INFO - Processing file /home/airflow/.local/lib/python3.8/site-packages/airflow/example_dags/example_latest_only.py for tasks to queue
[2023-11-14T21:50:18.200+0000] {logging_mixin.py:154} INFO - [2023-11-14T21:50:18.199+0000] {dagbag.py:536} INFO - Filling up the DagBag from /home/airflow/.local/lib/python3.8/site-packages/airflow/example_dags/example_latest_only.py
[2023-11-14T21:50:18.207+0000] {processor.py:839} INFO - DAG(s) dict_keys(['latest_only']) retrieved from /home/airflow/.local/lib/python3.8/site-packages/airflow/example_dags/example_latest_only.py
[2023-11-14T21:50:18.231+0000] {logging_mixin.py:154} INFO - [2023-11-14T21:50:18.231+0000] {dag.py:2941} INFO - Sync 1 DAGs
[2023-11-14T21:50:18.259+0000] {logging_mixin.py:154} INFO - [2023-11-14T21:50:18.259+0000] {dag.py:3722} INFO - Setting next_dagrun for latest_only to 2023-11-14T17:50:18.258833+00:00, run_after=2023-11-14T21:50:18.258833+00:00
[2023-11-14T21:50:18.285+0000] {processor.py:179} INFO - Processing /home/airflow/.local/lib/python3.8/site-packages/airflow/example_dags/example_latest_only.py took 0.094 seconds
[2023-11-14T21:50:48.666+0000] {processor.py:157} INFO - Started process (PID=1874) to work on /home/airflow/.local/lib/python3.8/site-packages/airflow/example_dags/example_latest_only.py
[2023-11-14T21:50:48.667+0000] {processor.py:829} INFO - Processing file /home/airflow/.local/lib/python3.8/site-packages/airflow/example_dags/example_latest_only.py for tasks to queue
[2023-11-14T21:50:48.670+0000] {logging_mixin.py:154} INFO - [2023-11-14T21:50:48.670+0000] {dagbag.py:536} INFO - Filling up the DagBag from /home/airflow/.local/lib/python3.8/site-packages/airflow/example_dags/example_latest_only.py
[2023-11-14T21:50:48.678+0000] {processor.py:839} INFO - DAG(s) dict_keys(['latest_only']) retrieved from /home/airflow/.local/lib/python3.8/site-packages/airflow/example_dags/example_latest_only.py
[2023-11-14T21:50:48.703+0000] {logging_mixin.py:154} INFO - [2023-11-14T21:50:48.703+0000] {dag.py:2941} INFO - Sync 1 DAGs
[2023-11-14T21:50:48.733+0000] {logging_mixin.py:154} INFO - [2023-11-14T21:50:48.733+0000] {dag.py:3722} INFO - Setting next_dagrun for latest_only to 2023-11-14T17:50:48.732587+00:00, run_after=2023-11-14T21:50:48.732587+00:00
[2023-11-14T21:50:48.762+0000] {processor.py:179} INFO - Processing /home/airflow/.local/lib/python3.8/site-packages/airflow/example_dags/example_latest_only.py took 0.101 seconds
[2023-11-14T21:51:19.130+0000] {processor.py:157} INFO - Started process (PID=1928) to work on /home/airflow/.local/lib/python3.8/site-packages/airflow/example_dags/example_latest_only.py
[2023-11-14T21:51:19.132+0000] {processor.py:829} INFO - Processing file /home/airflow/.local/lib/python3.8/site-packages/airflow/example_dags/example_latest_only.py for tasks to queue
[2023-11-14T21:51:19.135+0000] {logging_mixin.py:154} INFO - [2023-11-14T21:51:19.135+0000] {dagbag.py:536} INFO - Filling up the DagBag from /home/airflow/.local/lib/python3.8/site-packages/airflow/example_dags/example_latest_only.py
[2023-11-14T21:51:19.142+0000] {processor.py:839} INFO - DAG(s) dict_keys(['latest_only']) retrieved from /home/airflow/.local/lib/python3.8/site-packages/airflow/example_dags/example_latest_only.py
[2023-11-14T21:51:19.166+0000] {logging_mixin.py:154} INFO - [2023-11-14T21:51:19.166+0000] {dag.py:2941} INFO - Sync 1 DAGs
[2023-11-14T21:51:19.193+0000] {logging_mixin.py:154} INFO - [2023-11-14T21:51:19.193+0000] {dag.py:3722} INFO - Setting next_dagrun for latest_only to 2023-11-14T17:51:19.192905+00:00, run_after=2023-11-14T21:51:19.192905+00:00
[2023-11-14T21:51:19.217+0000] {processor.py:179} INFO - Processing /home/airflow/.local/lib/python3.8/site-packages/airflow/example_dags/example_latest_only.py took 0.091 seconds
[2023-11-14T21:51:49.589+0000] {processor.py:157} INFO - Started process (PID=1982) to work on /home/airflow/.local/lib/python3.8/site-packages/airflow/example_dags/example_latest_only.py
[2023-11-14T21:51:49.590+0000] {processor.py:829} INFO - Processing file /home/airflow/.local/lib/python3.8/site-packages/airflow/example_dags/example_latest_only.py for tasks to queue
[2023-11-14T21:51:49.593+0000] {logging_mixin.py:154} INFO - [2023-11-14T21:51:49.592+0000] {dagbag.py:536} INFO - Filling up the DagBag from /home/airflow/.local/lib/python3.8/site-packages/airflow/example_dags/example_latest_only.py
[2023-11-14T21:51:49.600+0000] {processor.py:839} INFO - DAG(s) dict_keys(['latest_only']) retrieved from /home/airflow/.local/lib/python3.8/site-packages/airflow/example_dags/example_latest_only.py
[2023-11-14T21:51:49.625+0000] {logging_mixin.py:154} INFO - [2023-11-14T21:51:49.625+0000] {dag.py:2941} INFO - Sync 1 DAGs
[2023-11-14T21:51:49.652+0000] {logging_mixin.py:154} INFO - [2023-11-14T21:51:49.652+0000] {dag.py:3722} INFO - Setting next_dagrun for latest_only to 2023-11-14T17:51:49.652082+00:00, run_after=2023-11-14T21:51:49.652082+00:00
[2023-11-14T21:51:49.676+0000] {processor.py:179} INFO - Processing /home/airflow/.local/lib/python3.8/site-packages/airflow/example_dags/example_latest_only.py took 0.091 seconds
[2023-11-14T21:52:20.488+0000] {processor.py:157} INFO - Started process (PID=2037) to work on /home/airflow/.local/lib/python3.8/site-packages/airflow/example_dags/example_latest_only.py
[2023-11-14T21:52:20.489+0000] {processor.py:829} INFO - Processing file /home/airflow/.local/lib/python3.8/site-packages/airflow/example_dags/example_latest_only.py for tasks to queue
[2023-11-14T21:52:20.492+0000] {logging_mixin.py:154} INFO - [2023-11-14T21:52:20.491+0000] {dagbag.py:536} INFO - Filling up the DagBag from /home/airflow/.local/lib/python3.8/site-packages/airflow/example_dags/example_latest_only.py
[2023-11-14T21:52:20.498+0000] {processor.py:839} INFO - DAG(s) dict_keys(['latest_only']) retrieved from /home/airflow/.local/lib/python3.8/site-packages/airflow/example_dags/example_latest_only.py
[2023-11-14T21:52:20.523+0000] {logging_mixin.py:154} INFO - [2023-11-14T21:52:20.523+0000] {dag.py:2941} INFO - Sync 1 DAGs
[2023-11-14T21:52:20.550+0000] {logging_mixin.py:154} INFO - [2023-11-14T21:52:20.550+0000] {dag.py:3722} INFO - Setting next_dagrun for latest_only to 2023-11-14T17:52:20.549904+00:00, run_after=2023-11-14T21:52:20.549904+00:00
[2023-11-14T21:52:20.574+0000] {processor.py:179} INFO - Processing /home/airflow/.local/lib/python3.8/site-packages/airflow/example_dags/example_latest_only.py took 0.090 seconds
[2023-11-14T21:52:50.686+0000] {processor.py:157} INFO - Started process (PID=2091) to work on /home/airflow/.local/lib/python3.8/site-packages/airflow/example_dags/example_latest_only.py
[2023-11-14T21:52:50.687+0000] {processor.py:829} INFO - Processing file /home/airflow/.local/lib/python3.8/site-packages/airflow/example_dags/example_latest_only.py for tasks to queue
[2023-11-14T21:52:50.690+0000] {logging_mixin.py:154} INFO - [2023-11-14T21:52:50.690+0000] {dagbag.py:536} INFO - Filling up the DagBag from /home/airflow/.local/lib/python3.8/site-packages/airflow/example_dags/example_latest_only.py
[2023-11-14T21:52:50.698+0000] {processor.py:839} INFO - DAG(s) dict_keys(['latest_only']) retrieved from /home/airflow/.local/lib/python3.8/site-packages/airflow/example_dags/example_latest_only.py
[2023-11-14T21:52:50.730+0000] {logging_mixin.py:154} INFO - [2023-11-14T21:52:50.730+0000] {dag.py:2941} INFO - Sync 1 DAGs
[2023-11-14T21:52:50.767+0000] {logging_mixin.py:154} INFO - [2023-11-14T21:52:50.767+0000] {dag.py:3722} INFO - Setting next_dagrun for latest_only to 2023-11-14T17:52:50.767197+00:00, run_after=2023-11-14T21:52:50.767197+00:00
[2023-11-14T21:52:50.796+0000] {processor.py:179} INFO - Processing /home/airflow/.local/lib/python3.8/site-packages/airflow/example_dags/example_latest_only.py took 0.114 seconds
[2023-11-14T21:53:21.648+0000] {processor.py:157} INFO - Started process (PID=2145) to work on /home/airflow/.local/lib/python3.8/site-packages/airflow/example_dags/example_latest_only.py
[2023-11-14T21:53:21.650+0000] {processor.py:829} INFO - Processing file /home/airflow/.local/lib/python3.8/site-packages/airflow/example_dags/example_latest_only.py for tasks to queue
[2023-11-14T21:53:21.653+0000] {logging_mixin.py:154} INFO - [2023-11-14T21:53:21.652+0000] {dagbag.py:536} INFO - Filling up the DagBag from /home/airflow/.local/lib/python3.8/site-packages/airflow/example_dags/example_latest_only.py
[2023-11-14T21:53:21.664+0000] {processor.py:839} INFO - DAG(s) dict_keys(['latest_only']) retrieved from /home/airflow/.local/lib/python3.8/site-packages/airflow/example_dags/example_latest_only.py
[2023-11-14T21:53:21.697+0000] {logging_mixin.py:154} INFO - [2023-11-14T21:53:21.697+0000] {dag.py:2941} INFO - Sync 1 DAGs
[2023-11-14T21:53:21.733+0000] {logging_mixin.py:154} INFO - [2023-11-14T21:53:21.733+0000] {dag.py:3722} INFO - Setting next_dagrun for latest_only to 2023-11-14T17:53:21.731896+00:00, run_after=2023-11-14T21:53:21.731896+00:00
[2023-11-14T21:53:21.763+0000] {processor.py:179} INFO - Processing /home/airflow/.local/lib/python3.8/site-packages/airflow/example_dags/example_latest_only.py took 0.120 seconds
[2023-11-14T21:53:52.433+0000] {processor.py:157} INFO - Started process (PID=2199) to work on /home/airflow/.local/lib/python3.8/site-packages/airflow/example_dags/example_latest_only.py
[2023-11-14T21:53:52.434+0000] {processor.py:829} INFO - Processing file /home/airflow/.local/lib/python3.8/site-packages/airflow/example_dags/example_latest_only.py for tasks to queue
[2023-11-14T21:53:52.438+0000] {logging_mixin.py:154} INFO - [2023-11-14T21:53:52.437+0000] {dagbag.py:536} INFO - Filling up the DagBag from /home/airflow/.local/lib/python3.8/site-packages/airflow/example_dags/example_latest_only.py
[2023-11-14T21:53:52.447+0000] {processor.py:839} INFO - DAG(s) dict_keys(['latest_only']) retrieved from /home/airflow/.local/lib/python3.8/site-packages/airflow/example_dags/example_latest_only.py
[2023-11-14T21:53:52.475+0000] {logging_mixin.py:154} INFO - [2023-11-14T21:53:52.474+0000] {dag.py:2941} INFO - Sync 1 DAGs
[2023-11-14T21:53:52.508+0000] {logging_mixin.py:154} INFO - [2023-11-14T21:53:52.508+0000] {dag.py:3722} INFO - Setting next_dagrun for latest_only to 2023-11-14T17:53:52.507853+00:00, run_after=2023-11-14T21:53:52.507853+00:00
[2023-11-14T21:53:52.540+0000] {processor.py:179} INFO - Processing /home/airflow/.local/lib/python3.8/site-packages/airflow/example_dags/example_latest_only.py took 0.113 seconds
[2023-11-14T21:54:23.061+0000] {processor.py:157} INFO - Started process (PID=2253) to work on /home/airflow/.local/lib/python3.8/site-packages/airflow/example_dags/example_latest_only.py
[2023-11-14T21:54:23.062+0000] {processor.py:829} INFO - Processing file /home/airflow/.local/lib/python3.8/site-packages/airflow/example_dags/example_latest_only.py for tasks to queue
[2023-11-14T21:54:23.066+0000] {logging_mixin.py:154} INFO - [2023-11-14T21:54:23.065+0000] {dagbag.py:536} INFO - Filling up the DagBag from /home/airflow/.local/lib/python3.8/site-packages/airflow/example_dags/example_latest_only.py
[2023-11-14T21:54:23.073+0000] {processor.py:839} INFO - DAG(s) dict_keys(['latest_only']) retrieved from /home/airflow/.local/lib/python3.8/site-packages/airflow/example_dags/example_latest_only.py
[2023-11-14T21:54:23.101+0000] {logging_mixin.py:154} INFO - [2023-11-14T21:54:23.100+0000] {dag.py:2941} INFO - Sync 1 DAGs
[2023-11-14T21:54:23.136+0000] {logging_mixin.py:154} INFO - [2023-11-14T21:54:23.136+0000] {dag.py:3722} INFO - Setting next_dagrun for latest_only to 2023-11-14T17:54:23.135863+00:00, run_after=2023-11-14T21:54:23.135863+00:00
[2023-11-14T21:54:23.161+0000] {processor.py:179} INFO - Processing /home/airflow/.local/lib/python3.8/site-packages/airflow/example_dags/example_latest_only.py took 0.104 seconds
[2023-11-14T21:54:53.988+0000] {processor.py:157} INFO - Started process (PID=2307) to work on /home/airflow/.local/lib/python3.8/site-packages/airflow/example_dags/example_latest_only.py
[2023-11-14T21:54:53.989+0000] {processor.py:829} INFO - Processing file /home/airflow/.local/lib/python3.8/site-packages/airflow/example_dags/example_latest_only.py for tasks to queue
[2023-11-14T21:54:53.992+0000] {logging_mixin.py:154} INFO - [2023-11-14T21:54:53.992+0000] {dagbag.py:536} INFO - Filling up the DagBag from /home/airflow/.local/lib/python3.8/site-packages/airflow/example_dags/example_latest_only.py
[2023-11-14T21:54:53.999+0000] {processor.py:839} INFO - DAG(s) dict_keys(['latest_only']) retrieved from /home/airflow/.local/lib/python3.8/site-packages/airflow/example_dags/example_latest_only.py
[2023-11-14T21:54:54.025+0000] {logging_mixin.py:154} INFO - [2023-11-14T21:54:54.025+0000] {dag.py:2941} INFO - Sync 1 DAGs
[2023-11-14T21:54:54.055+0000] {logging_mixin.py:154} INFO - [2023-11-14T21:54:54.055+0000] {dag.py:3722} INFO - Setting next_dagrun for latest_only to 2023-11-14T17:54:54.054786+00:00, run_after=2023-11-14T21:54:54.054786+00:00
[2023-11-14T21:54:54.084+0000] {processor.py:179} INFO - Processing /home/airflow/.local/lib/python3.8/site-packages/airflow/example_dags/example_latest_only.py took 0.100 seconds
[2023-11-14T21:55:24.276+0000] {processor.py:157} INFO - Started process (PID=2362) to work on /home/airflow/.local/lib/python3.8/site-packages/airflow/example_dags/example_latest_only.py
[2023-11-14T21:55:24.277+0000] {processor.py:829} INFO - Processing file /home/airflow/.local/lib/python3.8/site-packages/airflow/example_dags/example_latest_only.py for tasks to queue
[2023-11-14T21:55:24.280+0000] {logging_mixin.py:154} INFO - [2023-11-14T21:55:24.280+0000] {dagbag.py:536} INFO - Filling up the DagBag from /home/airflow/.local/lib/python3.8/site-packages/airflow/example_dags/example_latest_only.py
[2023-11-14T21:55:24.287+0000] {processor.py:839} INFO - DAG(s) dict_keys(['latest_only']) retrieved from /home/airflow/.local/lib/python3.8/site-packages/airflow/example_dags/example_latest_only.py
[2023-11-14T21:55:24.319+0000] {logging_mixin.py:154} INFO - [2023-11-14T21:55:24.319+0000] {dag.py:2941} INFO - Sync 1 DAGs
[2023-11-14T21:55:24.351+0000] {logging_mixin.py:154} INFO - [2023-11-14T21:55:24.351+0000] {dag.py:3722} INFO - Setting next_dagrun for latest_only to 2023-11-14T17:55:24.351490+00:00, run_after=2023-11-14T21:55:24.351490+00:00
[2023-11-14T21:55:24.378+0000] {processor.py:179} INFO - Processing /home/airflow/.local/lib/python3.8/site-packages/airflow/example_dags/example_latest_only.py took 0.106 seconds
[2023-11-14T21:55:54.597+0000] {processor.py:157} INFO - Started process (PID=2416) to work on /home/airflow/.local/lib/python3.8/site-packages/airflow/example_dags/example_latest_only.py
[2023-11-14T21:55:54.598+0000] {processor.py:829} INFO - Processing file /home/airflow/.local/lib/python3.8/site-packages/airflow/example_dags/example_latest_only.py for tasks to queue
[2023-11-14T21:55:54.602+0000] {logging_mixin.py:154} INFO - [2023-11-14T21:55:54.601+0000] {dagbag.py:536} INFO - Filling up the DagBag from /home/airflow/.local/lib/python3.8/site-packages/airflow/example_dags/example_latest_only.py
[2023-11-14T21:55:54.609+0000] {processor.py:839} INFO - DAG(s) dict_keys(['latest_only']) retrieved from /home/airflow/.local/lib/python3.8/site-packages/airflow/example_dags/example_latest_only.py
[2023-11-14T21:55:54.634+0000] {logging_mixin.py:154} INFO - [2023-11-14T21:55:54.634+0000] {dag.py:2941} INFO - Sync 1 DAGs
[2023-11-14T21:55:54.663+0000] {logging_mixin.py:154} INFO - [2023-11-14T21:55:54.663+0000] {dag.py:3722} INFO - Setting next_dagrun for latest_only to 2023-11-14T17:55:54.663309+00:00, run_after=2023-11-14T21:55:54.663309+00:00
[2023-11-14T21:55:54.689+0000] {processor.py:179} INFO - Processing /home/airflow/.local/lib/python3.8/site-packages/airflow/example_dags/example_latest_only.py took 0.096 seconds
[2023-11-14T21:56:25.184+0000] {processor.py:157} INFO - Started process (PID=2470) to work on /home/airflow/.local/lib/python3.8/site-packages/airflow/example_dags/example_latest_only.py
[2023-11-14T21:56:25.185+0000] {processor.py:829} INFO - Processing file /home/airflow/.local/lib/python3.8/site-packages/airflow/example_dags/example_latest_only.py for tasks to queue
[2023-11-14T21:56:25.188+0000] {logging_mixin.py:154} INFO - [2023-11-14T21:56:25.187+0000] {dagbag.py:536} INFO - Filling up the DagBag from /home/airflow/.local/lib/python3.8/site-packages/airflow/example_dags/example_latest_only.py
[2023-11-14T21:56:25.195+0000] {processor.py:839} INFO - DAG(s) dict_keys(['latest_only']) retrieved from /home/airflow/.local/lib/python3.8/site-packages/airflow/example_dags/example_latest_only.py
[2023-11-14T21:56:25.220+0000] {logging_mixin.py:154} INFO - [2023-11-14T21:56:25.220+0000] {dag.py:2941} INFO - Sync 1 DAGs
[2023-11-14T21:56:25.251+0000] {logging_mixin.py:154} INFO - [2023-11-14T21:56:25.251+0000] {dag.py:3722} INFO - Setting next_dagrun for latest_only to 2023-11-14T17:56:25.251193+00:00, run_after=2023-11-14T21:56:25.251193+00:00
[2023-11-14T21:56:25.279+0000] {processor.py:179} INFO - Processing /home/airflow/.local/lib/python3.8/site-packages/airflow/example_dags/example_latest_only.py took 0.100 seconds
[2023-11-14T21:56:56.019+0000] {processor.py:157} INFO - Started process (PID=2525) to work on /home/airflow/.local/lib/python3.8/site-packages/airflow/example_dags/example_latest_only.py
[2023-11-14T21:56:56.021+0000] {processor.py:829} INFO - Processing file /home/airflow/.local/lib/python3.8/site-packages/airflow/example_dags/example_latest_only.py for tasks to queue
[2023-11-14T21:56:56.024+0000] {logging_mixin.py:154} INFO - [2023-11-14T21:56:56.023+0000] {dagbag.py:536} INFO - Filling up the DagBag from /home/airflow/.local/lib/python3.8/site-packages/airflow/example_dags/example_latest_only.py
[2023-11-14T21:56:56.030+0000] {processor.py:839} INFO - DAG(s) dict_keys(['latest_only']) retrieved from /home/airflow/.local/lib/python3.8/site-packages/airflow/example_dags/example_latest_only.py
[2023-11-14T21:56:56.055+0000] {logging_mixin.py:154} INFO - [2023-11-14T21:56:56.054+0000] {dag.py:2941} INFO - Sync 1 DAGs
[2023-11-14T21:56:56.089+0000] {logging_mixin.py:154} INFO - [2023-11-14T21:56:56.089+0000] {dag.py:3722} INFO - Setting next_dagrun for latest_only to 2023-11-14T17:56:56.088753+00:00, run_after=2023-11-14T21:56:56.088753+00:00
[2023-11-14T21:56:56.116+0000] {processor.py:179} INFO - Processing /home/airflow/.local/lib/python3.8/site-packages/airflow/example_dags/example_latest_only.py took 0.102 seconds
[2023-11-14T21:57:26.889+0000] {processor.py:157} INFO - Started process (PID=2579) to work on /home/airflow/.local/lib/python3.8/site-packages/airflow/example_dags/example_latest_only.py
[2023-11-14T21:57:26.891+0000] {processor.py:829} INFO - Processing file /home/airflow/.local/lib/python3.8/site-packages/airflow/example_dags/example_latest_only.py for tasks to queue
[2023-11-14T21:57:26.893+0000] {logging_mixin.py:154} INFO - [2023-11-14T21:57:26.893+0000] {dagbag.py:536} INFO - Filling up the DagBag from /home/airflow/.local/lib/python3.8/site-packages/airflow/example_dags/example_latest_only.py
[2023-11-14T21:57:26.903+0000] {processor.py:839} INFO - DAG(s) dict_keys(['latest_only']) retrieved from /home/airflow/.local/lib/python3.8/site-packages/airflow/example_dags/example_latest_only.py
[2023-11-14T21:57:26.938+0000] {logging_mixin.py:154} INFO - [2023-11-14T21:57:26.937+0000] {dag.py:2941} INFO - Sync 1 DAGs
[2023-11-14T21:57:26.976+0000] {logging_mixin.py:154} INFO - [2023-11-14T21:57:26.976+0000] {dag.py:3722} INFO - Setting next_dagrun for latest_only to 2023-11-14T17:57:26.975976+00:00, run_after=2023-11-14T21:57:26.975976+00:00
[2023-11-14T21:57:27.017+0000] {processor.py:179} INFO - Processing /home/airflow/.local/lib/python3.8/site-packages/airflow/example_dags/example_latest_only.py took 0.133 seconds
[2023-11-14T21:57:57.299+0000] {processor.py:157} INFO - Started process (PID=2634) to work on /home/airflow/.local/lib/python3.8/site-packages/airflow/example_dags/example_latest_only.py
[2023-11-14T21:57:57.300+0000] {processor.py:829} INFO - Processing file /home/airflow/.local/lib/python3.8/site-packages/airflow/example_dags/example_latest_only.py for tasks to queue
[2023-11-14T21:57:57.304+0000] {logging_mixin.py:154} INFO - [2023-11-14T21:57:57.304+0000] {dagbag.py:536} INFO - Filling up the DagBag from /home/airflow/.local/lib/python3.8/site-packages/airflow/example_dags/example_latest_only.py
[2023-11-14T21:57:57.312+0000] {processor.py:839} INFO - DAG(s) dict_keys(['latest_only']) retrieved from /home/airflow/.local/lib/python3.8/site-packages/airflow/example_dags/example_latest_only.py
[2023-11-14T21:57:57.337+0000] {logging_mixin.py:154} INFO - [2023-11-14T21:57:57.337+0000] {dag.py:2941} INFO - Sync 1 DAGs
[2023-11-14T21:57:57.365+0000] {logging_mixin.py:154} INFO - [2023-11-14T21:57:57.365+0000] {dag.py:3722} INFO - Setting next_dagrun for latest_only to 2023-11-14T17:57:57.364948+00:00, run_after=2023-11-14T21:57:57.364948+00:00
[2023-11-14T21:57:57.389+0000] {processor.py:179} INFO - Processing /home/airflow/.local/lib/python3.8/site-packages/airflow/example_dags/example_latest_only.py took 0.096 seconds
[2023-11-14T21:58:27.499+0000] {processor.py:157} INFO - Started process (PID=2688) to work on /home/airflow/.local/lib/python3.8/site-packages/airflow/example_dags/example_latest_only.py
[2023-11-14T21:58:27.500+0000] {processor.py:829} INFO - Processing file /home/airflow/.local/lib/python3.8/site-packages/airflow/example_dags/example_latest_only.py for tasks to queue
[2023-11-14T21:58:27.503+0000] {logging_mixin.py:154} INFO - [2023-11-14T21:58:27.503+0000] {dagbag.py:536} INFO - Filling up the DagBag from /home/airflow/.local/lib/python3.8/site-packages/airflow/example_dags/example_latest_only.py
[2023-11-14T21:58:27.510+0000] {processor.py:839} INFO - DAG(s) dict_keys(['latest_only']) retrieved from /home/airflow/.local/lib/python3.8/site-packages/airflow/example_dags/example_latest_only.py
[2023-11-14T21:58:27.534+0000] {logging_mixin.py:154} INFO - [2023-11-14T21:58:27.534+0000] {dag.py:2941} INFO - Sync 1 DAGs
[2023-11-14T21:58:27.566+0000] {logging_mixin.py:154} INFO - [2023-11-14T21:58:27.565+0000] {dag.py:3722} INFO - Setting next_dagrun for latest_only to 2023-11-14T17:58:27.565665+00:00, run_after=2023-11-14T21:58:27.565665+00:00
[2023-11-14T21:58:27.590+0000] {processor.py:179} INFO - Processing /home/airflow/.local/lib/python3.8/site-packages/airflow/example_dags/example_latest_only.py took 0.095 seconds
[2023-11-14T21:58:58.138+0000] {processor.py:157} INFO - Started process (PID=2742) to work on /home/airflow/.local/lib/python3.8/site-packages/airflow/example_dags/example_latest_only.py
[2023-11-14T21:58:58.140+0000] {processor.py:829} INFO - Processing file /home/airflow/.local/lib/python3.8/site-packages/airflow/example_dags/example_latest_only.py for tasks to queue
[2023-11-14T21:58:58.145+0000] {logging_mixin.py:154} INFO - [2023-11-14T21:58:58.145+0000] {dagbag.py:536} INFO - Filling up the DagBag from /home/airflow/.local/lib/python3.8/site-packages/airflow/example_dags/example_latest_only.py
[2023-11-14T21:58:58.157+0000] {processor.py:839} INFO - DAG(s) dict_keys(['latest_only']) retrieved from /home/airflow/.local/lib/python3.8/site-packages/airflow/example_dags/example_latest_only.py
[2023-11-14T21:58:58.186+0000] {logging_mixin.py:154} INFO - [2023-11-14T21:58:58.186+0000] {dag.py:2941} INFO - Sync 1 DAGs
[2023-11-14T21:58:58.216+0000] {logging_mixin.py:154} INFO - [2023-11-14T21:58:58.216+0000] {dag.py:3722} INFO - Setting next_dagrun for latest_only to 2023-11-14T17:58:58.216107+00:00, run_after=2023-11-14T21:58:58.216107+00:00
[2023-11-14T21:58:58.239+0000] {processor.py:179} INFO - Processing /home/airflow/.local/lib/python3.8/site-packages/airflow/example_dags/example_latest_only.py took 0.110 seconds
[2023-11-14T21:59:28.813+0000] {processor.py:157} INFO - Started process (PID=2796) to work on /home/airflow/.local/lib/python3.8/site-packages/airflow/example_dags/example_latest_only.py
[2023-11-14T21:59:28.815+0000] {processor.py:829} INFO - Processing file /home/airflow/.local/lib/python3.8/site-packages/airflow/example_dags/example_latest_only.py for tasks to queue
[2023-11-14T21:59:28.817+0000] {logging_mixin.py:154} INFO - [2023-11-14T21:59:28.817+0000] {dagbag.py:536} INFO - Filling up the DagBag from /home/airflow/.local/lib/python3.8/site-packages/airflow/example_dags/example_latest_only.py
[2023-11-14T21:59:28.826+0000] {processor.py:839} INFO - DAG(s) dict_keys(['latest_only']) retrieved from /home/airflow/.local/lib/python3.8/site-packages/airflow/example_dags/example_latest_only.py
[2023-11-14T21:59:28.852+0000] {logging_mixin.py:154} INFO - [2023-11-14T21:59:28.852+0000] {dag.py:2941} INFO - Sync 1 DAGs
[2023-11-14T21:59:28.882+0000] {logging_mixin.py:154} INFO - [2023-11-14T21:59:28.882+0000] {dag.py:3722} INFO - Setting next_dagrun for latest_only to 2023-11-14T17:59:28.882123+00:00, run_after=2023-11-14T21:59:28.882123+00:00
[2023-11-14T21:59:28.913+0000] {processor.py:179} INFO - Processing /home/airflow/.local/lib/python3.8/site-packages/airflow/example_dags/example_latest_only.py took 0.107 seconds
