[2023-11-14T21:33:51.537+0000] {processor.py:157} INFO - Started process (PID=34) to work on /home/airflow/.local/lib/python3.8/site-packages/airflow/example_dags/example_branch_python_dop_operator_3.py
[2023-11-14T21:33:51.538+0000] {processor.py:829} INFO - Processing file /home/airflow/.local/lib/python3.8/site-packages/airflow/example_dags/example_branch_python_dop_operator_3.py for tasks to queue
[2023-11-14T21:33:51.541+0000] {logging_mixin.py:154} INFO - [2023-11-14T21:33:51.541+0000] {dagbag.py:536} INFO - Filling up the DagBag from /home/airflow/.local/lib/python3.8/site-packages/airflow/example_dags/example_branch_python_dop_operator_3.py
[2023-11-14T21:33:51.564+0000] {processor.py:839} INFO - DAG(s) dict_keys(['example_branch_dop_operator_v3']) retrieved from /home/airflow/.local/lib/python3.8/site-packages/airflow/example_dags/example_branch_python_dop_operator_3.py
[2023-11-14T21:33:51.851+0000] {logging_mixin.py:154} INFO - [2023-11-14T21:33:51.851+0000] {manager.py:499} INFO - Created Permission View: %s
[2023-11-14T21:33:51.869+0000] {logging_mixin.py:154} INFO - [2023-11-14T21:33:51.869+0000] {manager.py:499} INFO - Created Permission View: %s
[2023-11-14T21:33:51.881+0000] {logging_mixin.py:154} INFO - [2023-11-14T21:33:51.881+0000] {manager.py:499} INFO - Created Permission View: %s
[2023-11-14T21:33:51.882+0000] {logging_mixin.py:154} INFO - [2023-11-14T21:33:51.882+0000] {dag.py:2941} INFO - Sync 1 DAGs
[2023-11-14T21:33:51.909+0000] {logging_mixin.py:154} INFO - [2023-11-14T21:33:51.908+0000] {dag.py:2963} INFO - Creating ORM DAG for example_branch_dop_operator_v3
[2023-11-14T21:33:51.950+0000] {logging_mixin.py:154} INFO - [2023-11-14T21:33:51.949+0000] {dag.py:3722} INFO - Setting next_dagrun for example_branch_dop_operator_v3 to 2023-11-14T21:32:00+00:00, run_after=2023-11-14T21:33:00+00:00
[2023-11-14T21:33:51.982+0000] {processor.py:179} INFO - Processing /home/airflow/.local/lib/python3.8/site-packages/airflow/example_dags/example_branch_python_dop_operator_3.py took 0.450 seconds
[2023-11-14T21:34:22.279+0000] {processor.py:157} INFO - Started process (PID=88) to work on /home/airflow/.local/lib/python3.8/site-packages/airflow/example_dags/example_branch_python_dop_operator_3.py
[2023-11-14T21:34:22.286+0000] {processor.py:829} INFO - Processing file /home/airflow/.local/lib/python3.8/site-packages/airflow/example_dags/example_branch_python_dop_operator_3.py for tasks to queue
[2023-11-14T21:34:22.291+0000] {logging_mixin.py:154} INFO - [2023-11-14T21:34:22.290+0000] {dagbag.py:536} INFO - Filling up the DagBag from /home/airflow/.local/lib/python3.8/site-packages/airflow/example_dags/example_branch_python_dop_operator_3.py
[2023-11-14T21:34:22.316+0000] {processor.py:839} INFO - DAG(s) dict_keys(['example_branch_dop_operator_v3']) retrieved from /home/airflow/.local/lib/python3.8/site-packages/airflow/example_dags/example_branch_python_dop_operator_3.py
[2023-11-14T21:34:22.355+0000] {logging_mixin.py:154} INFO - [2023-11-14T21:34:22.355+0000] {dag.py:2941} INFO - Sync 1 DAGs
[2023-11-14T21:34:22.424+0000] {logging_mixin.py:154} INFO - [2023-11-14T21:34:22.424+0000] {dag.py:3722} INFO - Setting next_dagrun for example_branch_dop_operator_v3 to 2023-11-14T21:33:00+00:00, run_after=2023-11-14T21:34:00+00:00
[2023-11-14T21:34:22.467+0000] {processor.py:179} INFO - Processing /home/airflow/.local/lib/python3.8/site-packages/airflow/example_dags/example_branch_python_dop_operator_3.py took 0.200 seconds
[2023-11-14T21:34:52.695+0000] {processor.py:157} INFO - Started process (PID=142) to work on /home/airflow/.local/lib/python3.8/site-packages/airflow/example_dags/example_branch_python_dop_operator_3.py
[2023-11-14T21:34:52.708+0000] {processor.py:829} INFO - Processing file /home/airflow/.local/lib/python3.8/site-packages/airflow/example_dags/example_branch_python_dop_operator_3.py for tasks to queue
[2023-11-14T21:34:52.713+0000] {logging_mixin.py:154} INFO - [2023-11-14T21:34:52.713+0000] {dagbag.py:536} INFO - Filling up the DagBag from /home/airflow/.local/lib/python3.8/site-packages/airflow/example_dags/example_branch_python_dop_operator_3.py
[2023-11-14T21:34:52.731+0000] {processor.py:839} INFO - DAG(s) dict_keys(['example_branch_dop_operator_v3']) retrieved from /home/airflow/.local/lib/python3.8/site-packages/airflow/example_dags/example_branch_python_dop_operator_3.py
[2023-11-14T21:34:52.757+0000] {logging_mixin.py:154} INFO - [2023-11-14T21:34:52.756+0000] {dag.py:2941} INFO - Sync 1 DAGs
[2023-11-14T21:34:52.788+0000] {logging_mixin.py:154} INFO - [2023-11-14T21:34:52.788+0000] {dag.py:3722} INFO - Setting next_dagrun for example_branch_dop_operator_v3 to 2023-11-14T21:33:00+00:00, run_after=2023-11-14T21:34:00+00:00
[2023-11-14T21:34:52.829+0000] {processor.py:179} INFO - Processing /home/airflow/.local/lib/python3.8/site-packages/airflow/example_dags/example_branch_python_dop_operator_3.py took 0.143 seconds
[2023-11-14T21:35:23.354+0000] {processor.py:157} INFO - Started process (PID=196) to work on /home/airflow/.local/lib/python3.8/site-packages/airflow/example_dags/example_branch_python_dop_operator_3.py
[2023-11-14T21:35:23.355+0000] {processor.py:829} INFO - Processing file /home/airflow/.local/lib/python3.8/site-packages/airflow/example_dags/example_branch_python_dop_operator_3.py for tasks to queue
[2023-11-14T21:35:23.358+0000] {logging_mixin.py:154} INFO - [2023-11-14T21:35:23.358+0000] {dagbag.py:536} INFO - Filling up the DagBag from /home/airflow/.local/lib/python3.8/site-packages/airflow/example_dags/example_branch_python_dop_operator_3.py
[2023-11-14T21:35:23.372+0000] {processor.py:839} INFO - DAG(s) dict_keys(['example_branch_dop_operator_v3']) retrieved from /home/airflow/.local/lib/python3.8/site-packages/airflow/example_dags/example_branch_python_dop_operator_3.py
[2023-11-14T21:35:23.412+0000] {logging_mixin.py:154} INFO - [2023-11-14T21:35:23.412+0000] {dag.py:2941} INFO - Sync 1 DAGs
[2023-11-14T21:35:23.468+0000] {logging_mixin.py:154} INFO - [2023-11-14T21:35:23.467+0000] {dag.py:3722} INFO - Setting next_dagrun for example_branch_dop_operator_v3 to 2023-11-14T21:34:00+00:00, run_after=2023-11-14T21:35:00+00:00
[2023-11-14T21:35:23.503+0000] {processor.py:179} INFO - Processing /home/airflow/.local/lib/python3.8/site-packages/airflow/example_dags/example_branch_python_dop_operator_3.py took 0.156 seconds
[2023-11-14T21:35:53.972+0000] {processor.py:157} INFO - Started process (PID=250) to work on /home/airflow/.local/lib/python3.8/site-packages/airflow/example_dags/example_branch_python_dop_operator_3.py
[2023-11-14T21:35:53.985+0000] {processor.py:829} INFO - Processing file /home/airflow/.local/lib/python3.8/site-packages/airflow/example_dags/example_branch_python_dop_operator_3.py for tasks to queue
[2023-11-14T21:35:53.991+0000] {logging_mixin.py:154} INFO - [2023-11-14T21:35:53.991+0000] {dagbag.py:536} INFO - Filling up the DagBag from /home/airflow/.local/lib/python3.8/site-packages/airflow/example_dags/example_branch_python_dop_operator_3.py
[2023-11-14T21:35:54.009+0000] {processor.py:839} INFO - DAG(s) dict_keys(['example_branch_dop_operator_v3']) retrieved from /home/airflow/.local/lib/python3.8/site-packages/airflow/example_dags/example_branch_python_dop_operator_3.py
[2023-11-14T21:35:54.036+0000] {logging_mixin.py:154} INFO - [2023-11-14T21:35:54.035+0000] {dag.py:2941} INFO - Sync 1 DAGs
[2023-11-14T21:35:54.068+0000] {logging_mixin.py:154} INFO - [2023-11-14T21:35:54.068+0000] {dag.py:3722} INFO - Setting next_dagrun for example_branch_dop_operator_v3 to 2023-11-14T21:34:00+00:00, run_after=2023-11-14T21:35:00+00:00
[2023-11-14T21:35:54.114+0000] {processor.py:179} INFO - Processing /home/airflow/.local/lib/python3.8/site-packages/airflow/example_dags/example_branch_python_dop_operator_3.py took 0.152 seconds
[2023-11-14T21:36:24.496+0000] {processor.py:157} INFO - Started process (PID=305) to work on /home/airflow/.local/lib/python3.8/site-packages/airflow/example_dags/example_branch_python_dop_operator_3.py
[2023-11-14T21:36:24.498+0000] {processor.py:829} INFO - Processing file /home/airflow/.local/lib/python3.8/site-packages/airflow/example_dags/example_branch_python_dop_operator_3.py for tasks to queue
[2023-11-14T21:36:24.503+0000] {logging_mixin.py:154} INFO - [2023-11-14T21:36:24.503+0000] {dagbag.py:536} INFO - Filling up the DagBag from /home/airflow/.local/lib/python3.8/site-packages/airflow/example_dags/example_branch_python_dop_operator_3.py
[2023-11-14T21:36:24.519+0000] {processor.py:839} INFO - DAG(s) dict_keys(['example_branch_dop_operator_v3']) retrieved from /home/airflow/.local/lib/python3.8/site-packages/airflow/example_dags/example_branch_python_dop_operator_3.py
[2023-11-14T21:36:24.546+0000] {logging_mixin.py:154} INFO - [2023-11-14T21:36:24.546+0000] {dag.py:2941} INFO - Sync 1 DAGs
[2023-11-14T21:36:24.579+0000] {logging_mixin.py:154} INFO - [2023-11-14T21:36:24.579+0000] {dag.py:3722} INFO - Setting next_dagrun for example_branch_dop_operator_v3 to 2023-11-14T21:35:00+00:00, run_after=2023-11-14T21:36:00+00:00
[2023-11-14T21:36:24.603+0000] {processor.py:179} INFO - Processing /home/airflow/.local/lib/python3.8/site-packages/airflow/example_dags/example_branch_python_dop_operator_3.py took 0.114 seconds
[2023-11-14T21:36:55.045+0000] {processor.py:157} INFO - Started process (PID=359) to work on /home/airflow/.local/lib/python3.8/site-packages/airflow/example_dags/example_branch_python_dop_operator_3.py
[2023-11-14T21:36:55.057+0000] {processor.py:829} INFO - Processing file /home/airflow/.local/lib/python3.8/site-packages/airflow/example_dags/example_branch_python_dop_operator_3.py for tasks to queue
[2023-11-14T21:36:55.061+0000] {logging_mixin.py:154} INFO - [2023-11-14T21:36:55.060+0000] {dagbag.py:536} INFO - Filling up the DagBag from /home/airflow/.local/lib/python3.8/site-packages/airflow/example_dags/example_branch_python_dop_operator_3.py
[2023-11-14T21:36:55.077+0000] {processor.py:839} INFO - DAG(s) dict_keys(['example_branch_dop_operator_v3']) retrieved from /home/airflow/.local/lib/python3.8/site-packages/airflow/example_dags/example_branch_python_dop_operator_3.py
[2023-11-14T21:36:55.112+0000] {logging_mixin.py:154} INFO - [2023-11-14T21:36:55.112+0000] {dag.py:2941} INFO - Sync 1 DAGs
[2023-11-14T21:36:55.156+0000] {logging_mixin.py:154} INFO - [2023-11-14T21:36:55.155+0000] {dag.py:3722} INFO - Setting next_dagrun for example_branch_dop_operator_v3 to 2023-11-14T21:35:00+00:00, run_after=2023-11-14T21:36:00+00:00
[2023-11-14T21:36:55.190+0000] {processor.py:179} INFO - Processing /home/airflow/.local/lib/python3.8/site-packages/airflow/example_dags/example_branch_python_dop_operator_3.py took 0.149 seconds
[2023-11-14T21:37:25.630+0000] {processor.py:157} INFO - Started process (PID=413) to work on /home/airflow/.local/lib/python3.8/site-packages/airflow/example_dags/example_branch_python_dop_operator_3.py
[2023-11-14T21:37:25.632+0000] {processor.py:829} INFO - Processing file /home/airflow/.local/lib/python3.8/site-packages/airflow/example_dags/example_branch_python_dop_operator_3.py for tasks to queue
[2023-11-14T21:37:25.636+0000] {logging_mixin.py:154} INFO - [2023-11-14T21:37:25.636+0000] {dagbag.py:536} INFO - Filling up the DagBag from /home/airflow/.local/lib/python3.8/site-packages/airflow/example_dags/example_branch_python_dop_operator_3.py
[2023-11-14T21:37:25.655+0000] {processor.py:839} INFO - DAG(s) dict_keys(['example_branch_dop_operator_v3']) retrieved from /home/airflow/.local/lib/python3.8/site-packages/airflow/example_dags/example_branch_python_dop_operator_3.py
[2023-11-14T21:37:25.685+0000] {logging_mixin.py:154} INFO - [2023-11-14T21:37:25.685+0000] {dag.py:2941} INFO - Sync 1 DAGs
[2023-11-14T21:37:25.723+0000] {logging_mixin.py:154} INFO - [2023-11-14T21:37:25.723+0000] {dag.py:3722} INFO - Setting next_dagrun for example_branch_dop_operator_v3 to 2023-11-14T21:36:00+00:00, run_after=2023-11-14T21:37:00+00:00
[2023-11-14T21:37:25.764+0000] {processor.py:179} INFO - Processing /home/airflow/.local/lib/python3.8/site-packages/airflow/example_dags/example_branch_python_dop_operator_3.py took 0.142 seconds
[2023-11-14T21:37:55.853+0000] {processor.py:157} INFO - Started process (PID=467) to work on /home/airflow/.local/lib/python3.8/site-packages/airflow/example_dags/example_branch_python_dop_operator_3.py
[2023-11-14T21:37:55.855+0000] {processor.py:829} INFO - Processing file /home/airflow/.local/lib/python3.8/site-packages/airflow/example_dags/example_branch_python_dop_operator_3.py for tasks to queue
[2023-11-14T21:37:55.861+0000] {logging_mixin.py:154} INFO - [2023-11-14T21:37:55.860+0000] {dagbag.py:536} INFO - Filling up the DagBag from /home/airflow/.local/lib/python3.8/site-packages/airflow/example_dags/example_branch_python_dop_operator_3.py
[2023-11-14T21:37:55.886+0000] {processor.py:839} INFO - DAG(s) dict_keys(['example_branch_dop_operator_v3']) retrieved from /home/airflow/.local/lib/python3.8/site-packages/airflow/example_dags/example_branch_python_dop_operator_3.py
[2023-11-14T21:37:55.923+0000] {logging_mixin.py:154} INFO - [2023-11-14T21:37:55.923+0000] {dag.py:2941} INFO - Sync 1 DAGs
[2023-11-14T21:37:55.960+0000] {logging_mixin.py:154} INFO - [2023-11-14T21:37:55.960+0000] {dag.py:3722} INFO - Setting next_dagrun for example_branch_dop_operator_v3 to 2023-11-14T21:36:00+00:00, run_after=2023-11-14T21:37:00+00:00
[2023-11-14T21:37:55.982+0000] {processor.py:179} INFO - Processing /home/airflow/.local/lib/python3.8/site-packages/airflow/example_dags/example_branch_python_dop_operator_3.py took 0.136 seconds
[2023-11-14T21:38:26.483+0000] {processor.py:157} INFO - Started process (PID=532) to work on /home/airflow/.local/lib/python3.8/site-packages/airflow/example_dags/example_branch_python_dop_operator_3.py
[2023-11-14T21:38:26.495+0000] {processor.py:829} INFO - Processing file /home/airflow/.local/lib/python3.8/site-packages/airflow/example_dags/example_branch_python_dop_operator_3.py for tasks to queue
[2023-11-14T21:38:26.497+0000] {logging_mixin.py:154} INFO - [2023-11-14T21:38:26.497+0000] {dagbag.py:536} INFO - Filling up the DagBag from /home/airflow/.local/lib/python3.8/site-packages/airflow/example_dags/example_branch_python_dop_operator_3.py
[2023-11-14T21:38:26.508+0000] {processor.py:839} INFO - DAG(s) dict_keys(['example_branch_dop_operator_v3']) retrieved from /home/airflow/.local/lib/python3.8/site-packages/airflow/example_dags/example_branch_python_dop_operator_3.py
[2023-11-14T21:38:26.537+0000] {logging_mixin.py:154} INFO - [2023-11-14T21:38:26.536+0000] {dag.py:2941} INFO - Sync 1 DAGs
[2023-11-14T21:38:26.573+0000] {logging_mixin.py:154} INFO - [2023-11-14T21:38:26.572+0000] {dag.py:3722} INFO - Setting next_dagrun for example_branch_dop_operator_v3 to 2023-11-14T21:37:00+00:00, run_after=2023-11-14T21:38:00+00:00
[2023-11-14T21:38:26.611+0000] {processor.py:179} INFO - Processing /home/airflow/.local/lib/python3.8/site-packages/airflow/example_dags/example_branch_python_dop_operator_3.py took 0.132 seconds
[2023-11-14T21:38:56.825+0000] {processor.py:157} INFO - Started process (PID=586) to work on /home/airflow/.local/lib/python3.8/site-packages/airflow/example_dags/example_branch_python_dop_operator_3.py
[2023-11-14T21:38:56.826+0000] {processor.py:829} INFO - Processing file /home/airflow/.local/lib/python3.8/site-packages/airflow/example_dags/example_branch_python_dop_operator_3.py for tasks to queue
[2023-11-14T21:38:56.830+0000] {logging_mixin.py:154} INFO - [2023-11-14T21:38:56.830+0000] {dagbag.py:536} INFO - Filling up the DagBag from /home/airflow/.local/lib/python3.8/site-packages/airflow/example_dags/example_branch_python_dop_operator_3.py
[2023-11-14T21:38:56.840+0000] {processor.py:839} INFO - DAG(s) dict_keys(['example_branch_dop_operator_v3']) retrieved from /home/airflow/.local/lib/python3.8/site-packages/airflow/example_dags/example_branch_python_dop_operator_3.py
[2023-11-14T21:38:56.917+0000] {logging_mixin.py:154} INFO - [2023-11-14T21:38:56.916+0000] {dag.py:2941} INFO - Sync 1 DAGs
[2023-11-14T21:38:56.956+0000] {logging_mixin.py:154} INFO - [2023-11-14T21:38:56.956+0000] {dag.py:3722} INFO - Setting next_dagrun for example_branch_dop_operator_v3 to 2023-11-14T21:37:00+00:00, run_after=2023-11-14T21:38:00+00:00
[2023-11-14T21:38:56.995+0000] {processor.py:179} INFO - Processing /home/airflow/.local/lib/python3.8/site-packages/airflow/example_dags/example_branch_python_dop_operator_3.py took 0.175 seconds
[2023-11-14T21:39:27.196+0000] {processor.py:157} INFO - Started process (PID=640) to work on /home/airflow/.local/lib/python3.8/site-packages/airflow/example_dags/example_branch_python_dop_operator_3.py
[2023-11-14T21:39:27.209+0000] {processor.py:829} INFO - Processing file /home/airflow/.local/lib/python3.8/site-packages/airflow/example_dags/example_branch_python_dop_operator_3.py for tasks to queue
[2023-11-14T21:39:27.215+0000] {logging_mixin.py:154} INFO - [2023-11-14T21:39:27.214+0000] {dagbag.py:536} INFO - Filling up the DagBag from /home/airflow/.local/lib/python3.8/site-packages/airflow/example_dags/example_branch_python_dop_operator_3.py
[2023-11-14T21:39:27.235+0000] {processor.py:839} INFO - DAG(s) dict_keys(['example_branch_dop_operator_v3']) retrieved from /home/airflow/.local/lib/python3.8/site-packages/airflow/example_dags/example_branch_python_dop_operator_3.py
[2023-11-14T21:39:27.262+0000] {logging_mixin.py:154} INFO - [2023-11-14T21:39:27.262+0000] {dag.py:2941} INFO - Sync 1 DAGs
[2023-11-14T21:39:27.297+0000] {logging_mixin.py:154} INFO - [2023-11-14T21:39:27.297+0000] {dag.py:3722} INFO - Setting next_dagrun for example_branch_dop_operator_v3 to 2023-11-14T21:38:00+00:00, run_after=2023-11-14T21:39:00+00:00
[2023-11-14T21:39:27.324+0000] {processor.py:179} INFO - Processing /home/airflow/.local/lib/python3.8/site-packages/airflow/example_dags/example_branch_python_dop_operator_3.py took 0.137 seconds
[2023-11-14T21:39:57.797+0000] {processor.py:157} INFO - Started process (PID=695) to work on /home/airflow/.local/lib/python3.8/site-packages/airflow/example_dags/example_branch_python_dop_operator_3.py
[2023-11-14T21:39:57.798+0000] {processor.py:829} INFO - Processing file /home/airflow/.local/lib/python3.8/site-packages/airflow/example_dags/example_branch_python_dop_operator_3.py for tasks to queue
[2023-11-14T21:39:57.802+0000] {logging_mixin.py:154} INFO - [2023-11-14T21:39:57.801+0000] {dagbag.py:536} INFO - Filling up the DagBag from /home/airflow/.local/lib/python3.8/site-packages/airflow/example_dags/example_branch_python_dop_operator_3.py
[2023-11-14T21:39:57.817+0000] {processor.py:839} INFO - DAG(s) dict_keys(['example_branch_dop_operator_v3']) retrieved from /home/airflow/.local/lib/python3.8/site-packages/airflow/example_dags/example_branch_python_dop_operator_3.py
[2023-11-14T21:39:57.844+0000] {logging_mixin.py:154} INFO - [2023-11-14T21:39:57.844+0000] {dag.py:2941} INFO - Sync 1 DAGs
[2023-11-14T21:39:57.877+0000] {logging_mixin.py:154} INFO - [2023-11-14T21:39:57.876+0000] {dag.py:3722} INFO - Setting next_dagrun for example_branch_dop_operator_v3 to 2023-11-14T21:38:00+00:00, run_after=2023-11-14T21:39:00+00:00
[2023-11-14T21:39:57.923+0000] {processor.py:179} INFO - Processing /home/airflow/.local/lib/python3.8/site-packages/airflow/example_dags/example_branch_python_dop_operator_3.py took 0.131 seconds
[2023-11-14T21:40:28.060+0000] {processor.py:157} INFO - Started process (PID=750) to work on /home/airflow/.local/lib/python3.8/site-packages/airflow/example_dags/example_branch_python_dop_operator_3.py
[2023-11-14T21:40:28.073+0000] {processor.py:829} INFO - Processing file /home/airflow/.local/lib/python3.8/site-packages/airflow/example_dags/example_branch_python_dop_operator_3.py for tasks to queue
[2023-11-14T21:40:28.079+0000] {logging_mixin.py:154} INFO - [2023-11-14T21:40:28.078+0000] {dagbag.py:536} INFO - Filling up the DagBag from /home/airflow/.local/lib/python3.8/site-packages/airflow/example_dags/example_branch_python_dop_operator_3.py
[2023-11-14T21:40:28.096+0000] {processor.py:839} INFO - DAG(s) dict_keys(['example_branch_dop_operator_v3']) retrieved from /home/airflow/.local/lib/python3.8/site-packages/airflow/example_dags/example_branch_python_dop_operator_3.py
[2023-11-14T21:40:28.122+0000] {logging_mixin.py:154} INFO - [2023-11-14T21:40:28.122+0000] {dag.py:2941} INFO - Sync 1 DAGs
[2023-11-14T21:40:28.153+0000] {logging_mixin.py:154} INFO - [2023-11-14T21:40:28.153+0000] {dag.py:3722} INFO - Setting next_dagrun for example_branch_dop_operator_v3 to 2023-11-14T21:39:00+00:00, run_after=2023-11-14T21:40:00+00:00
[2023-11-14T21:40:28.201+0000] {processor.py:179} INFO - Processing /home/airflow/.local/lib/python3.8/site-packages/airflow/example_dags/example_branch_python_dop_operator_3.py took 0.149 seconds
[2023-11-14T21:40:58.622+0000] {processor.py:157} INFO - Started process (PID=805) to work on /home/airflow/.local/lib/python3.8/site-packages/airflow/example_dags/example_branch_python_dop_operator_3.py
[2023-11-14T21:40:58.624+0000] {processor.py:829} INFO - Processing file /home/airflow/.local/lib/python3.8/site-packages/airflow/example_dags/example_branch_python_dop_operator_3.py for tasks to queue
[2023-11-14T21:40:58.626+0000] {logging_mixin.py:154} INFO - [2023-11-14T21:40:58.626+0000] {dagbag.py:536} INFO - Filling up the DagBag from /home/airflow/.local/lib/python3.8/site-packages/airflow/example_dags/example_branch_python_dop_operator_3.py
[2023-11-14T21:40:58.638+0000] {processor.py:839} INFO - DAG(s) dict_keys(['example_branch_dop_operator_v3']) retrieved from /home/airflow/.local/lib/python3.8/site-packages/airflow/example_dags/example_branch_python_dop_operator_3.py
[2023-11-14T21:40:58.665+0000] {logging_mixin.py:154} INFO - [2023-11-14T21:40:58.665+0000] {dag.py:2941} INFO - Sync 1 DAGs
[2023-11-14T21:40:58.704+0000] {logging_mixin.py:154} INFO - [2023-11-14T21:40:58.704+0000] {dag.py:3722} INFO - Setting next_dagrun for example_branch_dop_operator_v3 to 2023-11-14T21:39:00+00:00, run_after=2023-11-14T21:40:00+00:00
[2023-11-14T21:40:58.739+0000] {processor.py:179} INFO - Processing /home/airflow/.local/lib/python3.8/site-packages/airflow/example_dags/example_branch_python_dop_operator_3.py took 0.124 seconds
[2023-11-14T21:41:29.561+0000] {processor.py:157} INFO - Started process (PID=859) to work on /home/airflow/.local/lib/python3.8/site-packages/airflow/example_dags/example_branch_python_dop_operator_3.py
[2023-11-14T21:41:29.565+0000] {processor.py:829} INFO - Processing file /home/airflow/.local/lib/python3.8/site-packages/airflow/example_dags/example_branch_python_dop_operator_3.py for tasks to queue
[2023-11-14T21:41:29.568+0000] {logging_mixin.py:154} INFO - [2023-11-14T21:41:29.567+0000] {dagbag.py:536} INFO - Filling up the DagBag from /home/airflow/.local/lib/python3.8/site-packages/airflow/example_dags/example_branch_python_dop_operator_3.py
[2023-11-14T21:41:29.579+0000] {processor.py:839} INFO - DAG(s) dict_keys(['example_branch_dop_operator_v3']) retrieved from /home/airflow/.local/lib/python3.8/site-packages/airflow/example_dags/example_branch_python_dop_operator_3.py
[2023-11-14T21:41:29.609+0000] {logging_mixin.py:154} INFO - [2023-11-14T21:41:29.609+0000] {dag.py:2941} INFO - Sync 1 DAGs
[2023-11-14T21:41:29.647+0000] {logging_mixin.py:154} INFO - [2023-11-14T21:41:29.647+0000] {dag.py:3722} INFO - Setting next_dagrun for example_branch_dop_operator_v3 to 2023-11-14T21:40:00+00:00, run_after=2023-11-14T21:41:00+00:00
[2023-11-14T21:41:29.688+0000] {processor.py:179} INFO - Processing /home/airflow/.local/lib/python3.8/site-packages/airflow/example_dags/example_branch_python_dop_operator_3.py took 0.133 seconds
[2023-11-14T21:42:00.347+0000] {processor.py:157} INFO - Started process (PID=913) to work on /home/airflow/.local/lib/python3.8/site-packages/airflow/example_dags/example_branch_python_dop_operator_3.py
[2023-11-14T21:42:00.358+0000] {processor.py:829} INFO - Processing file /home/airflow/.local/lib/python3.8/site-packages/airflow/example_dags/example_branch_python_dop_operator_3.py for tasks to queue
[2023-11-14T21:42:00.361+0000] {logging_mixin.py:154} INFO - [2023-11-14T21:42:00.361+0000] {dagbag.py:536} INFO - Filling up the DagBag from /home/airflow/.local/lib/python3.8/site-packages/airflow/example_dags/example_branch_python_dop_operator_3.py
[2023-11-14T21:42:00.373+0000] {processor.py:839} INFO - DAG(s) dict_keys(['example_branch_dop_operator_v3']) retrieved from /home/airflow/.local/lib/python3.8/site-packages/airflow/example_dags/example_branch_python_dop_operator_3.py
[2023-11-14T21:42:00.409+0000] {logging_mixin.py:154} INFO - [2023-11-14T21:42:00.409+0000] {dag.py:2941} INFO - Sync 1 DAGs
[2023-11-14T21:42:00.462+0000] {logging_mixin.py:154} INFO - [2023-11-14T21:42:00.462+0000] {dag.py:3722} INFO - Setting next_dagrun for example_branch_dop_operator_v3 to 2023-11-14T21:41:00+00:00, run_after=2023-11-14T21:42:00+00:00
[2023-11-14T21:42:00.492+0000] {processor.py:179} INFO - Processing /home/airflow/.local/lib/python3.8/site-packages/airflow/example_dags/example_branch_python_dop_operator_3.py took 0.150 seconds
[2023-11-14T21:42:30.590+0000] {processor.py:157} INFO - Started process (PID=967) to work on /home/airflow/.local/lib/python3.8/site-packages/airflow/example_dags/example_branch_python_dop_operator_3.py
[2023-11-14T21:42:30.591+0000] {processor.py:829} INFO - Processing file /home/airflow/.local/lib/python3.8/site-packages/airflow/example_dags/example_branch_python_dop_operator_3.py for tasks to queue
[2023-11-14T21:42:30.594+0000] {logging_mixin.py:154} INFO - [2023-11-14T21:42:30.594+0000] {dagbag.py:536} INFO - Filling up the DagBag from /home/airflow/.local/lib/python3.8/site-packages/airflow/example_dags/example_branch_python_dop_operator_3.py
[2023-11-14T21:42:30.606+0000] {processor.py:839} INFO - DAG(s) dict_keys(['example_branch_dop_operator_v3']) retrieved from /home/airflow/.local/lib/python3.8/site-packages/airflow/example_dags/example_branch_python_dop_operator_3.py
[2023-11-14T21:42:30.638+0000] {logging_mixin.py:154} INFO - [2023-11-14T21:42:30.637+0000] {dag.py:2941} INFO - Sync 1 DAGs
[2023-11-14T21:42:30.677+0000] {logging_mixin.py:154} INFO - [2023-11-14T21:42:30.676+0000] {dag.py:3722} INFO - Setting next_dagrun for example_branch_dop_operator_v3 to 2023-11-14T21:41:00+00:00, run_after=2023-11-14T21:42:00+00:00
[2023-11-14T21:42:30.718+0000] {processor.py:179} INFO - Processing /home/airflow/.local/lib/python3.8/site-packages/airflow/example_dags/example_branch_python_dop_operator_3.py took 0.133 seconds
[2023-11-14T21:43:00.780+0000] {processor.py:157} INFO - Started process (PID=1022) to work on /home/airflow/.local/lib/python3.8/site-packages/airflow/example_dags/example_branch_python_dop_operator_3.py
[2023-11-14T21:43:00.781+0000] {processor.py:829} INFO - Processing file /home/airflow/.local/lib/python3.8/site-packages/airflow/example_dags/example_branch_python_dop_operator_3.py for tasks to queue
[2023-11-14T21:43:00.785+0000] {logging_mixin.py:154} INFO - [2023-11-14T21:43:00.784+0000] {dagbag.py:536} INFO - Filling up the DagBag from /home/airflow/.local/lib/python3.8/site-packages/airflow/example_dags/example_branch_python_dop_operator_3.py
[2023-11-14T21:43:00.803+0000] {processor.py:839} INFO - DAG(s) dict_keys(['example_branch_dop_operator_v3']) retrieved from /home/airflow/.local/lib/python3.8/site-packages/airflow/example_dags/example_branch_python_dop_operator_3.py
[2023-11-14T21:43:00.841+0000] {logging_mixin.py:154} INFO - [2023-11-14T21:43:00.841+0000] {dag.py:2941} INFO - Sync 1 DAGs
[2023-11-14T21:43:00.892+0000] {logging_mixin.py:154} INFO - [2023-11-14T21:43:00.892+0000] {dag.py:3722} INFO - Setting next_dagrun for example_branch_dop_operator_v3 to 2023-11-14T21:42:00+00:00, run_after=2023-11-14T21:43:00+00:00
[2023-11-14T21:43:00.934+0000] {processor.py:179} INFO - Processing /home/airflow/.local/lib/python3.8/site-packages/airflow/example_dags/example_branch_python_dop_operator_3.py took 0.161 seconds
[2023-11-14T21:43:31.741+0000] {processor.py:157} INFO - Started process (PID=1076) to work on /home/airflow/.local/lib/python3.8/site-packages/airflow/example_dags/example_branch_python_dop_operator_3.py
[2023-11-14T21:43:31.743+0000] {processor.py:829} INFO - Processing file /home/airflow/.local/lib/python3.8/site-packages/airflow/example_dags/example_branch_python_dop_operator_3.py for tasks to queue
[2023-11-14T21:43:31.746+0000] {logging_mixin.py:154} INFO - [2023-11-14T21:43:31.746+0000] {dagbag.py:536} INFO - Filling up the DagBag from /home/airflow/.local/lib/python3.8/site-packages/airflow/example_dags/example_branch_python_dop_operator_3.py
[2023-11-14T21:43:31.760+0000] {processor.py:839} INFO - DAG(s) dict_keys(['example_branch_dop_operator_v3']) retrieved from /home/airflow/.local/lib/python3.8/site-packages/airflow/example_dags/example_branch_python_dop_operator_3.py
[2023-11-14T21:43:31.789+0000] {logging_mixin.py:154} INFO - [2023-11-14T21:43:31.789+0000] {dag.py:2941} INFO - Sync 1 DAGs
[2023-11-14T21:43:31.822+0000] {logging_mixin.py:154} INFO - [2023-11-14T21:43:31.822+0000] {dag.py:3722} INFO - Setting next_dagrun for example_branch_dop_operator_v3 to 2023-11-14T21:42:00+00:00, run_after=2023-11-14T21:43:00+00:00
[2023-11-14T21:43:31.848+0000] {processor.py:179} INFO - Processing /home/airflow/.local/lib/python3.8/site-packages/airflow/example_dags/example_branch_python_dop_operator_3.py took 0.115 seconds
[2023-11-14T21:44:02.109+0000] {processor.py:157} INFO - Started process (PID=1130) to work on /home/airflow/.local/lib/python3.8/site-packages/airflow/example_dags/example_branch_python_dop_operator_3.py
[2023-11-14T21:44:02.125+0000] {processor.py:829} INFO - Processing file /home/airflow/.local/lib/python3.8/site-packages/airflow/example_dags/example_branch_python_dop_operator_3.py for tasks to queue
[2023-11-14T21:44:02.140+0000] {logging_mixin.py:154} INFO - [2023-11-14T21:44:02.138+0000] {dagbag.py:536} INFO - Filling up the DagBag from /home/airflow/.local/lib/python3.8/site-packages/airflow/example_dags/example_branch_python_dop_operator_3.py
[2023-11-14T21:44:02.208+0000] {processor.py:839} INFO - DAG(s) dict_keys(['example_branch_dop_operator_v3']) retrieved from /home/airflow/.local/lib/python3.8/site-packages/airflow/example_dags/example_branch_python_dop_operator_3.py
[2023-11-14T21:44:02.246+0000] {logging_mixin.py:154} INFO - [2023-11-14T21:44:02.245+0000] {dag.py:2941} INFO - Sync 1 DAGs
[2023-11-14T21:44:02.281+0000] {logging_mixin.py:154} INFO - [2023-11-14T21:44:02.281+0000] {dag.py:3722} INFO - Setting next_dagrun for example_branch_dop_operator_v3 to 2023-11-14T21:43:00+00:00, run_after=2023-11-14T21:44:00+00:00
[2023-11-14T21:44:02.304+0000] {processor.py:179} INFO - Processing /home/airflow/.local/lib/python3.8/site-packages/airflow/example_dags/example_branch_python_dop_operator_3.py took 0.215 seconds
[2023-11-14T21:44:32.529+0000] {processor.py:157} INFO - Started process (PID=1184) to work on /home/airflow/.local/lib/python3.8/site-packages/airflow/example_dags/example_branch_python_dop_operator_3.py
[2023-11-14T21:44:32.531+0000] {processor.py:829} INFO - Processing file /home/airflow/.local/lib/python3.8/site-packages/airflow/example_dags/example_branch_python_dop_operator_3.py for tasks to queue
[2023-11-14T21:44:32.534+0000] {logging_mixin.py:154} INFO - [2023-11-14T21:44:32.534+0000] {dagbag.py:536} INFO - Filling up the DagBag from /home/airflow/.local/lib/python3.8/site-packages/airflow/example_dags/example_branch_python_dop_operator_3.py
[2023-11-14T21:44:32.546+0000] {processor.py:839} INFO - DAG(s) dict_keys(['example_branch_dop_operator_v3']) retrieved from /home/airflow/.local/lib/python3.8/site-packages/airflow/example_dags/example_branch_python_dop_operator_3.py
[2023-11-14T21:44:32.576+0000] {logging_mixin.py:154} INFO - [2023-11-14T21:44:32.576+0000] {dag.py:2941} INFO - Sync 1 DAGs
[2023-11-14T21:44:32.607+0000] {logging_mixin.py:154} INFO - [2023-11-14T21:44:32.607+0000] {dag.py:3722} INFO - Setting next_dagrun for example_branch_dop_operator_v3 to 2023-11-14T21:43:00+00:00, run_after=2023-11-14T21:44:00+00:00
[2023-11-14T21:44:32.630+0000] {processor.py:179} INFO - Processing /home/airflow/.local/lib/python3.8/site-packages/airflow/example_dags/example_branch_python_dop_operator_3.py took 0.105 seconds
[2023-11-14T21:45:03.171+0000] {processor.py:157} INFO - Started process (PID=1238) to work on /home/airflow/.local/lib/python3.8/site-packages/airflow/example_dags/example_branch_python_dop_operator_3.py
[2023-11-14T21:45:03.173+0000] {processor.py:829} INFO - Processing file /home/airflow/.local/lib/python3.8/site-packages/airflow/example_dags/example_branch_python_dop_operator_3.py for tasks to queue
[2023-11-14T21:45:03.176+0000] {logging_mixin.py:154} INFO - [2023-11-14T21:45:03.176+0000] {dagbag.py:536} INFO - Filling up the DagBag from /home/airflow/.local/lib/python3.8/site-packages/airflow/example_dags/example_branch_python_dop_operator_3.py
[2023-11-14T21:45:03.186+0000] {processor.py:839} INFO - DAG(s) dict_keys(['example_branch_dop_operator_v3']) retrieved from /home/airflow/.local/lib/python3.8/site-packages/airflow/example_dags/example_branch_python_dop_operator_3.py
[2023-11-14T21:45:03.213+0000] {logging_mixin.py:154} INFO - [2023-11-14T21:45:03.212+0000] {dag.py:2941} INFO - Sync 1 DAGs
[2023-11-14T21:45:03.244+0000] {logging_mixin.py:154} INFO - [2023-11-14T21:45:03.244+0000] {dag.py:3722} INFO - Setting next_dagrun for example_branch_dop_operator_v3 to 2023-11-14T21:44:00+00:00, run_after=2023-11-14T21:45:00+00:00
[2023-11-14T21:45:03.280+0000] {processor.py:179} INFO - Processing /home/airflow/.local/lib/python3.8/site-packages/airflow/example_dags/example_branch_python_dop_operator_3.py took 0.113 seconds
[2023-11-14T21:45:33.689+0000] {processor.py:157} INFO - Started process (PID=1292) to work on /home/airflow/.local/lib/python3.8/site-packages/airflow/example_dags/example_branch_python_dop_operator_3.py
[2023-11-14T21:45:33.691+0000] {processor.py:829} INFO - Processing file /home/airflow/.local/lib/python3.8/site-packages/airflow/example_dags/example_branch_python_dop_operator_3.py for tasks to queue
[2023-11-14T21:45:33.695+0000] {logging_mixin.py:154} INFO - [2023-11-14T21:45:33.695+0000] {dagbag.py:536} INFO - Filling up the DagBag from /home/airflow/.local/lib/python3.8/site-packages/airflow/example_dags/example_branch_python_dop_operator_3.py
[2023-11-14T21:45:33.707+0000] {processor.py:839} INFO - DAG(s) dict_keys(['example_branch_dop_operator_v3']) retrieved from /home/airflow/.local/lib/python3.8/site-packages/airflow/example_dags/example_branch_python_dop_operator_3.py
[2023-11-14T21:45:33.735+0000] {logging_mixin.py:154} INFO - [2023-11-14T21:45:33.734+0000] {dag.py:2941} INFO - Sync 1 DAGs
[2023-11-14T21:45:33.768+0000] {logging_mixin.py:154} INFO - [2023-11-14T21:45:33.768+0000] {dag.py:3722} INFO - Setting next_dagrun for example_branch_dop_operator_v3 to 2023-11-14T21:44:00+00:00, run_after=2023-11-14T21:45:00+00:00
[2023-11-14T21:45:33.792+0000] {processor.py:179} INFO - Processing /home/airflow/.local/lib/python3.8/site-packages/airflow/example_dags/example_branch_python_dop_operator_3.py took 0.111 seconds
[2023-11-14T21:46:04.072+0000] {processor.py:157} INFO - Started process (PID=1346) to work on /home/airflow/.local/lib/python3.8/site-packages/airflow/example_dags/example_branch_python_dop_operator_3.py
[2023-11-14T21:46:04.085+0000] {processor.py:829} INFO - Processing file /home/airflow/.local/lib/python3.8/site-packages/airflow/example_dags/example_branch_python_dop_operator_3.py for tasks to queue
[2023-11-14T21:46:04.091+0000] {logging_mixin.py:154} INFO - [2023-11-14T21:46:04.090+0000] {dagbag.py:536} INFO - Filling up the DagBag from /home/airflow/.local/lib/python3.8/site-packages/airflow/example_dags/example_branch_python_dop_operator_3.py
[2023-11-14T21:46:04.113+0000] {processor.py:839} INFO - DAG(s) dict_keys(['example_branch_dop_operator_v3']) retrieved from /home/airflow/.local/lib/python3.8/site-packages/airflow/example_dags/example_branch_python_dop_operator_3.py
[2023-11-14T21:46:04.142+0000] {logging_mixin.py:154} INFO - [2023-11-14T21:46:04.141+0000] {dag.py:2941} INFO - Sync 1 DAGs
[2023-11-14T21:46:04.355+0000] {logging_mixin.py:154} INFO - [2023-11-14T21:46:04.354+0000] {dag.py:3722} INFO - Setting next_dagrun for example_branch_dop_operator_v3 to 2023-11-14T21:45:00+00:00, run_after=2023-11-14T21:46:00+00:00
[2023-11-14T21:46:04.380+0000] {processor.py:179} INFO - Processing /home/airflow/.local/lib/python3.8/site-packages/airflow/example_dags/example_branch_python_dop_operator_3.py took 0.317 seconds
[2023-11-14T21:46:34.869+0000] {processor.py:157} INFO - Started process (PID=1400) to work on /home/airflow/.local/lib/python3.8/site-packages/airflow/example_dags/example_branch_python_dop_operator_3.py
[2023-11-14T21:46:34.869+0000] {processor.py:829} INFO - Processing file /home/airflow/.local/lib/python3.8/site-packages/airflow/example_dags/example_branch_python_dop_operator_3.py for tasks to queue
[2023-11-14T21:46:34.872+0000] {logging_mixin.py:154} INFO - [2023-11-14T21:46:34.872+0000] {dagbag.py:536} INFO - Filling up the DagBag from /home/airflow/.local/lib/python3.8/site-packages/airflow/example_dags/example_branch_python_dop_operator_3.py
[2023-11-14T21:46:34.883+0000] {processor.py:839} INFO - DAG(s) dict_keys(['example_branch_dop_operator_v3']) retrieved from /home/airflow/.local/lib/python3.8/site-packages/airflow/example_dags/example_branch_python_dop_operator_3.py
[2023-11-14T21:46:34.912+0000] {logging_mixin.py:154} INFO - [2023-11-14T21:46:34.912+0000] {dag.py:2941} INFO - Sync 1 DAGs
[2023-11-14T21:46:34.950+0000] {logging_mixin.py:154} INFO - [2023-11-14T21:46:34.950+0000] {dag.py:3722} INFO - Setting next_dagrun for example_branch_dop_operator_v3 to 2023-11-14T21:45:00+00:00, run_after=2023-11-14T21:46:00+00:00
[2023-11-14T21:46:34.988+0000] {processor.py:179} INFO - Processing /home/airflow/.local/lib/python3.8/site-packages/airflow/example_dags/example_branch_python_dop_operator_3.py took 0.124 seconds
[2023-11-14T21:47:05.810+0000] {processor.py:157} INFO - Started process (PID=1454) to work on /home/airflow/.local/lib/python3.8/site-packages/airflow/example_dags/example_branch_python_dop_operator_3.py
[2023-11-14T21:47:05.822+0000] {processor.py:829} INFO - Processing file /home/airflow/.local/lib/python3.8/site-packages/airflow/example_dags/example_branch_python_dop_operator_3.py for tasks to queue
[2023-11-14T21:47:05.827+0000] {logging_mixin.py:154} INFO - [2023-11-14T21:47:05.826+0000] {dagbag.py:536} INFO - Filling up the DagBag from /home/airflow/.local/lib/python3.8/site-packages/airflow/example_dags/example_branch_python_dop_operator_3.py
[2023-11-14T21:47:05.840+0000] {processor.py:839} INFO - DAG(s) dict_keys(['example_branch_dop_operator_v3']) retrieved from /home/airflow/.local/lib/python3.8/site-packages/airflow/example_dags/example_branch_python_dop_operator_3.py
[2023-11-14T21:47:05.866+0000] {logging_mixin.py:154} INFO - [2023-11-14T21:47:05.866+0000] {dag.py:2941} INFO - Sync 1 DAGs
[2023-11-14T21:47:05.905+0000] {logging_mixin.py:154} INFO - [2023-11-14T21:47:05.905+0000] {dag.py:3722} INFO - Setting next_dagrun for example_branch_dop_operator_v3 to 2023-11-14T21:46:00+00:00, run_after=2023-11-14T21:47:00+00:00
[2023-11-14T21:47:05.943+0000] {processor.py:179} INFO - Processing /home/airflow/.local/lib/python3.8/site-packages/airflow/example_dags/example_branch_python_dop_operator_3.py took 0.141 seconds
[2023-11-14T21:47:36.365+0000] {processor.py:157} INFO - Started process (PID=1508) to work on /home/airflow/.local/lib/python3.8/site-packages/airflow/example_dags/example_branch_python_dop_operator_3.py
[2023-11-14T21:47:36.367+0000] {processor.py:829} INFO - Processing file /home/airflow/.local/lib/python3.8/site-packages/airflow/example_dags/example_branch_python_dop_operator_3.py for tasks to queue
[2023-11-14T21:47:36.373+0000] {logging_mixin.py:154} INFO - [2023-11-14T21:47:36.372+0000] {dagbag.py:536} INFO - Filling up the DagBag from /home/airflow/.local/lib/python3.8/site-packages/airflow/example_dags/example_branch_python_dop_operator_3.py
[2023-11-14T21:47:36.390+0000] {processor.py:839} INFO - DAG(s) dict_keys(['example_branch_dop_operator_v3']) retrieved from /home/airflow/.local/lib/python3.8/site-packages/airflow/example_dags/example_branch_python_dop_operator_3.py
[2023-11-14T21:47:36.429+0000] {logging_mixin.py:154} INFO - [2023-11-14T21:47:36.429+0000] {dag.py:2941} INFO - Sync 1 DAGs
[2023-11-14T21:47:36.721+0000] {logging_mixin.py:154} INFO - [2023-11-14T21:47:36.721+0000] {dag.py:3722} INFO - Setting next_dagrun for example_branch_dop_operator_v3 to 2023-11-14T21:46:00+00:00, run_after=2023-11-14T21:47:00+00:00
[2023-11-14T21:47:36.757+0000] {processor.py:179} INFO - Processing /home/airflow/.local/lib/python3.8/site-packages/airflow/example_dags/example_branch_python_dop_operator_3.py took 0.401 seconds
[2023-11-14T21:48:07.554+0000] {processor.py:157} INFO - Started process (PID=1562) to work on /home/airflow/.local/lib/python3.8/site-packages/airflow/example_dags/example_branch_python_dop_operator_3.py
[2023-11-14T21:48:07.556+0000] {processor.py:829} INFO - Processing file /home/airflow/.local/lib/python3.8/site-packages/airflow/example_dags/example_branch_python_dop_operator_3.py for tasks to queue
[2023-11-14T21:48:07.559+0000] {logging_mixin.py:154} INFO - [2023-11-14T21:48:07.559+0000] {dagbag.py:536} INFO - Filling up the DagBag from /home/airflow/.local/lib/python3.8/site-packages/airflow/example_dags/example_branch_python_dop_operator_3.py
[2023-11-14T21:48:07.572+0000] {processor.py:839} INFO - DAG(s) dict_keys(['example_branch_dop_operator_v3']) retrieved from /home/airflow/.local/lib/python3.8/site-packages/airflow/example_dags/example_branch_python_dop_operator_3.py
[2023-11-14T21:48:07.599+0000] {logging_mixin.py:154} INFO - [2023-11-14T21:48:07.599+0000] {dag.py:2941} INFO - Sync 1 DAGs
[2023-11-14T21:48:07.638+0000] {logging_mixin.py:154} INFO - [2023-11-14T21:48:07.638+0000] {dag.py:3722} INFO - Setting next_dagrun for example_branch_dop_operator_v3 to 2023-11-14T21:47:00+00:00, run_after=2023-11-14T21:48:00+00:00
[2023-11-14T21:48:07.665+0000] {processor.py:179} INFO - Processing /home/airflow/.local/lib/python3.8/site-packages/airflow/example_dags/example_branch_python_dop_operator_3.py took 0.118 seconds
[2023-11-14T21:48:38.488+0000] {processor.py:157} INFO - Started process (PID=1624) to work on /home/airflow/.local/lib/python3.8/site-packages/airflow/example_dags/example_branch_python_dop_operator_3.py
[2023-11-14T21:48:38.490+0000] {processor.py:829} INFO - Processing file /home/airflow/.local/lib/python3.8/site-packages/airflow/example_dags/example_branch_python_dop_operator_3.py for tasks to queue
[2023-11-14T21:48:38.498+0000] {logging_mixin.py:154} INFO - [2023-11-14T21:48:38.497+0000] {dagbag.py:536} INFO - Filling up the DagBag from /home/airflow/.local/lib/python3.8/site-packages/airflow/example_dags/example_branch_python_dop_operator_3.py
[2023-11-14T21:48:38.524+0000] {processor.py:839} INFO - DAG(s) dict_keys(['example_branch_dop_operator_v3']) retrieved from /home/airflow/.local/lib/python3.8/site-packages/airflow/example_dags/example_branch_python_dop_operator_3.py
[2023-11-14T21:48:38.747+0000] {logging_mixin.py:154} INFO - [2023-11-14T21:48:38.747+0000] {dag.py:2941} INFO - Sync 1 DAGs
[2023-11-14T21:48:38.779+0000] {logging_mixin.py:154} INFO - [2023-11-14T21:48:38.778+0000] {dag.py:3722} INFO - Setting next_dagrun for example_branch_dop_operator_v3 to 2023-11-14T21:47:00+00:00, run_after=2023-11-14T21:48:00+00:00
[2023-11-14T21:48:38.806+0000] {processor.py:179} INFO - Processing /home/airflow/.local/lib/python3.8/site-packages/airflow/example_dags/example_branch_python_dop_operator_3.py took 0.329 seconds
[2023-11-14T21:49:09.257+0000] {processor.py:157} INFO - Started process (PID=1678) to work on /home/airflow/.local/lib/python3.8/site-packages/airflow/example_dags/example_branch_python_dop_operator_3.py
[2023-11-14T21:49:09.260+0000] {processor.py:829} INFO - Processing file /home/airflow/.local/lib/python3.8/site-packages/airflow/example_dags/example_branch_python_dop_operator_3.py for tasks to queue
[2023-11-14T21:49:09.267+0000] {logging_mixin.py:154} INFO - [2023-11-14T21:49:09.266+0000] {dagbag.py:536} INFO - Filling up the DagBag from /home/airflow/.local/lib/python3.8/site-packages/airflow/example_dags/example_branch_python_dop_operator_3.py
[2023-11-14T21:49:09.294+0000] {processor.py:839} INFO - DAG(s) dict_keys(['example_branch_dop_operator_v3']) retrieved from /home/airflow/.local/lib/python3.8/site-packages/airflow/example_dags/example_branch_python_dop_operator_3.py
[2023-11-14T21:49:09.338+0000] {logging_mixin.py:154} INFO - [2023-11-14T21:49:09.338+0000] {dag.py:2941} INFO - Sync 1 DAGs
[2023-11-14T21:49:09.534+0000] {logging_mixin.py:154} INFO - [2023-11-14T21:49:09.534+0000] {dag.py:3722} INFO - Setting next_dagrun for example_branch_dop_operator_v3 to 2023-11-14T21:48:00+00:00, run_after=2023-11-14T21:49:00+00:00
[2023-11-14T21:49:09.585+0000] {processor.py:179} INFO - Processing /home/airflow/.local/lib/python3.8/site-packages/airflow/example_dags/example_branch_python_dop_operator_3.py took 0.343 seconds
[2023-11-14T21:49:40.159+0000] {processor.py:157} INFO - Started process (PID=1732) to work on /home/airflow/.local/lib/python3.8/site-packages/airflow/example_dags/example_branch_python_dop_operator_3.py
[2023-11-14T21:49:40.171+0000] {processor.py:829} INFO - Processing file /home/airflow/.local/lib/python3.8/site-packages/airflow/example_dags/example_branch_python_dop_operator_3.py for tasks to queue
[2023-11-14T21:49:40.175+0000] {logging_mixin.py:154} INFO - [2023-11-14T21:49:40.175+0000] {dagbag.py:536} INFO - Filling up the DagBag from /home/airflow/.local/lib/python3.8/site-packages/airflow/example_dags/example_branch_python_dop_operator_3.py
[2023-11-14T21:49:40.191+0000] {processor.py:839} INFO - DAG(s) dict_keys(['example_branch_dop_operator_v3']) retrieved from /home/airflow/.local/lib/python3.8/site-packages/airflow/example_dags/example_branch_python_dop_operator_3.py
[2023-11-14T21:49:40.224+0000] {logging_mixin.py:154} INFO - [2023-11-14T21:49:40.223+0000] {dag.py:2941} INFO - Sync 1 DAGs
[2023-11-14T21:49:40.265+0000] {logging_mixin.py:154} INFO - [2023-11-14T21:49:40.265+0000] {dag.py:3722} INFO - Setting next_dagrun for example_branch_dop_operator_v3 to 2023-11-14T21:48:00+00:00, run_after=2023-11-14T21:49:00+00:00
[2023-11-14T21:49:40.322+0000] {processor.py:179} INFO - Processing /home/airflow/.local/lib/python3.8/site-packages/airflow/example_dags/example_branch_python_dop_operator_3.py took 0.170 seconds
[2023-11-14T21:50:11.013+0000] {processor.py:157} INFO - Started process (PID=1786) to work on /home/airflow/.local/lib/python3.8/site-packages/airflow/example_dags/example_branch_python_dop_operator_3.py
[2023-11-14T21:50:11.026+0000] {processor.py:829} INFO - Processing file /home/airflow/.local/lib/python3.8/site-packages/airflow/example_dags/example_branch_python_dop_operator_3.py for tasks to queue
[2023-11-14T21:50:11.033+0000] {logging_mixin.py:154} INFO - [2023-11-14T21:50:11.032+0000] {dagbag.py:536} INFO - Filling up the DagBag from /home/airflow/.local/lib/python3.8/site-packages/airflow/example_dags/example_branch_python_dop_operator_3.py
[2023-11-14T21:50:11.051+0000] {processor.py:839} INFO - DAG(s) dict_keys(['example_branch_dop_operator_v3']) retrieved from /home/airflow/.local/lib/python3.8/site-packages/airflow/example_dags/example_branch_python_dop_operator_3.py
[2023-11-14T21:50:11.082+0000] {logging_mixin.py:154} INFO - [2023-11-14T21:50:11.082+0000] {dag.py:2941} INFO - Sync 1 DAGs
[2023-11-14T21:50:11.115+0000] {logging_mixin.py:154} INFO - [2023-11-14T21:50:11.115+0000] {dag.py:3722} INFO - Setting next_dagrun for example_branch_dop_operator_v3 to 2023-11-14T21:49:00+00:00, run_after=2023-11-14T21:50:00+00:00
[2023-11-14T21:50:11.138+0000] {processor.py:179} INFO - Processing /home/airflow/.local/lib/python3.8/site-packages/airflow/example_dags/example_branch_python_dop_operator_3.py took 0.133 seconds
[2023-11-14T21:50:41.183+0000] {processor.py:157} INFO - Started process (PID=1840) to work on /home/airflow/.local/lib/python3.8/site-packages/airflow/example_dags/example_branch_python_dop_operator_3.py
[2023-11-14T21:50:41.184+0000] {processor.py:829} INFO - Processing file /home/airflow/.local/lib/python3.8/site-packages/airflow/example_dags/example_branch_python_dop_operator_3.py for tasks to queue
[2023-11-14T21:50:41.188+0000] {logging_mixin.py:154} INFO - [2023-11-14T21:50:41.188+0000] {dagbag.py:536} INFO - Filling up the DagBag from /home/airflow/.local/lib/python3.8/site-packages/airflow/example_dags/example_branch_python_dop_operator_3.py
[2023-11-14T21:50:41.199+0000] {processor.py:839} INFO - DAG(s) dict_keys(['example_branch_dop_operator_v3']) retrieved from /home/airflow/.local/lib/python3.8/site-packages/airflow/example_dags/example_branch_python_dop_operator_3.py
[2023-11-14T21:50:41.233+0000] {logging_mixin.py:154} INFO - [2023-11-14T21:50:41.233+0000] {dag.py:2941} INFO - Sync 1 DAGs
[2023-11-14T21:50:41.282+0000] {logging_mixin.py:154} INFO - [2023-11-14T21:50:41.282+0000] {dag.py:3722} INFO - Setting next_dagrun for example_branch_dop_operator_v3 to 2023-11-14T21:49:00+00:00, run_after=2023-11-14T21:50:00+00:00
[2023-11-14T21:50:41.318+0000] {processor.py:179} INFO - Processing /home/airflow/.local/lib/python3.8/site-packages/airflow/example_dags/example_branch_python_dop_operator_3.py took 0.139 seconds
[2023-11-14T21:51:11.638+0000] {processor.py:157} INFO - Started process (PID=1894) to work on /home/airflow/.local/lib/python3.8/site-packages/airflow/example_dags/example_branch_python_dop_operator_3.py
[2023-11-14T21:51:11.651+0000] {processor.py:829} INFO - Processing file /home/airflow/.local/lib/python3.8/site-packages/airflow/example_dags/example_branch_python_dop_operator_3.py for tasks to queue
[2023-11-14T21:51:11.657+0000] {logging_mixin.py:154} INFO - [2023-11-14T21:51:11.656+0000] {dagbag.py:536} INFO - Filling up the DagBag from /home/airflow/.local/lib/python3.8/site-packages/airflow/example_dags/example_branch_python_dop_operator_3.py
[2023-11-14T21:51:11.672+0000] {processor.py:839} INFO - DAG(s) dict_keys(['example_branch_dop_operator_v3']) retrieved from /home/airflow/.local/lib/python3.8/site-packages/airflow/example_dags/example_branch_python_dop_operator_3.py
[2023-11-14T21:51:11.701+0000] {logging_mixin.py:154} INFO - [2023-11-14T21:51:11.700+0000] {dag.py:2941} INFO - Sync 1 DAGs
[2023-11-14T21:51:11.738+0000] {logging_mixin.py:154} INFO - [2023-11-14T21:51:11.738+0000] {dag.py:3722} INFO - Setting next_dagrun for example_branch_dop_operator_v3 to 2023-11-14T21:50:00+00:00, run_after=2023-11-14T21:51:00+00:00
[2023-11-14T21:51:11.770+0000] {processor.py:179} INFO - Processing /home/airflow/.local/lib/python3.8/site-packages/airflow/example_dags/example_branch_python_dop_operator_3.py took 0.137 seconds
[2023-11-14T21:51:42.330+0000] {processor.py:157} INFO - Started process (PID=1948) to work on /home/airflow/.local/lib/python3.8/site-packages/airflow/example_dags/example_branch_python_dop_operator_3.py
[2023-11-14T21:51:42.344+0000] {processor.py:829} INFO - Processing file /home/airflow/.local/lib/python3.8/site-packages/airflow/example_dags/example_branch_python_dop_operator_3.py for tasks to queue
[2023-11-14T21:51:42.354+0000] {logging_mixin.py:154} INFO - [2023-11-14T21:51:42.354+0000] {dagbag.py:536} INFO - Filling up the DagBag from /home/airflow/.local/lib/python3.8/site-packages/airflow/example_dags/example_branch_python_dop_operator_3.py
[2023-11-14T21:51:42.384+0000] {processor.py:839} INFO - DAG(s) dict_keys(['example_branch_dop_operator_v3']) retrieved from /home/airflow/.local/lib/python3.8/site-packages/airflow/example_dags/example_branch_python_dop_operator_3.py
[2023-11-14T21:51:42.449+0000] {logging_mixin.py:154} INFO - [2023-11-14T21:51:42.449+0000] {dag.py:2941} INFO - Sync 1 DAGs
[2023-11-14T21:51:42.518+0000] {logging_mixin.py:154} INFO - [2023-11-14T21:51:42.518+0000] {dag.py:3722} INFO - Setting next_dagrun for example_branch_dop_operator_v3 to 2023-11-14T21:50:00+00:00, run_after=2023-11-14T21:51:00+00:00
[2023-11-14T21:51:42.555+0000] {processor.py:179} INFO - Processing /home/airflow/.local/lib/python3.8/site-packages/airflow/example_dags/example_branch_python_dop_operator_3.py took 0.239 seconds
[2023-11-14T21:52:12.830+0000] {processor.py:157} INFO - Started process (PID=2003) to work on /home/airflow/.local/lib/python3.8/site-packages/airflow/example_dags/example_branch_python_dop_operator_3.py
[2023-11-14T21:52:12.832+0000] {processor.py:829} INFO - Processing file /home/airflow/.local/lib/python3.8/site-packages/airflow/example_dags/example_branch_python_dop_operator_3.py for tasks to queue
[2023-11-14T21:52:12.837+0000] {logging_mixin.py:154} INFO - [2023-11-14T21:52:12.837+0000] {dagbag.py:536} INFO - Filling up the DagBag from /home/airflow/.local/lib/python3.8/site-packages/airflow/example_dags/example_branch_python_dop_operator_3.py
[2023-11-14T21:52:12.853+0000] {processor.py:839} INFO - DAG(s) dict_keys(['example_branch_dop_operator_v3']) retrieved from /home/airflow/.local/lib/python3.8/site-packages/airflow/example_dags/example_branch_python_dop_operator_3.py
[2023-11-14T21:52:12.886+0000] {logging_mixin.py:154} INFO - [2023-11-14T21:52:12.886+0000] {dag.py:2941} INFO - Sync 1 DAGs
[2023-11-14T21:52:12.937+0000] {logging_mixin.py:154} INFO - [2023-11-14T21:52:12.937+0000] {dag.py:3722} INFO - Setting next_dagrun for example_branch_dop_operator_v3 to 2023-11-14T21:51:00+00:00, run_after=2023-11-14T21:52:00+00:00
[2023-11-14T21:52:12.972+0000] {processor.py:179} INFO - Processing /home/airflow/.local/lib/python3.8/site-packages/airflow/example_dags/example_branch_python_dop_operator_3.py took 0.148 seconds
[2023-11-14T21:52:43.467+0000] {processor.py:157} INFO - Started process (PID=2057) to work on /home/airflow/.local/lib/python3.8/site-packages/airflow/example_dags/example_branch_python_dop_operator_3.py
[2023-11-14T21:52:43.479+0000] {processor.py:829} INFO - Processing file /home/airflow/.local/lib/python3.8/site-packages/airflow/example_dags/example_branch_python_dop_operator_3.py for tasks to queue
[2023-11-14T21:52:43.485+0000] {logging_mixin.py:154} INFO - [2023-11-14T21:52:43.484+0000] {dagbag.py:536} INFO - Filling up the DagBag from /home/airflow/.local/lib/python3.8/site-packages/airflow/example_dags/example_branch_python_dop_operator_3.py
[2023-11-14T21:52:43.499+0000] {processor.py:839} INFO - DAG(s) dict_keys(['example_branch_dop_operator_v3']) retrieved from /home/airflow/.local/lib/python3.8/site-packages/airflow/example_dags/example_branch_python_dop_operator_3.py
[2023-11-14T21:52:43.529+0000] {logging_mixin.py:154} INFO - [2023-11-14T21:52:43.528+0000] {dag.py:2941} INFO - Sync 1 DAGs
[2023-11-14T21:52:43.562+0000] {logging_mixin.py:154} INFO - [2023-11-14T21:52:43.562+0000] {dag.py:3722} INFO - Setting next_dagrun for example_branch_dop_operator_v3 to 2023-11-14T21:51:00+00:00, run_after=2023-11-14T21:52:00+00:00
[2023-11-14T21:52:43.598+0000] {processor.py:179} INFO - Processing /home/airflow/.local/lib/python3.8/site-packages/airflow/example_dags/example_branch_python_dop_operator_3.py took 0.138 seconds
[2023-11-14T21:53:14.097+0000] {processor.py:157} INFO - Started process (PID=2111) to work on /home/airflow/.local/lib/python3.8/site-packages/airflow/example_dags/example_branch_python_dop_operator_3.py
[2023-11-14T21:53:14.109+0000] {processor.py:829} INFO - Processing file /home/airflow/.local/lib/python3.8/site-packages/airflow/example_dags/example_branch_python_dop_operator_3.py for tasks to queue
[2023-11-14T21:53:14.117+0000] {logging_mixin.py:154} INFO - [2023-11-14T21:53:14.117+0000] {dagbag.py:536} INFO - Filling up the DagBag from /home/airflow/.local/lib/python3.8/site-packages/airflow/example_dags/example_branch_python_dop_operator_3.py
[2023-11-14T21:53:14.135+0000] {processor.py:839} INFO - DAG(s) dict_keys(['example_branch_dop_operator_v3']) retrieved from /home/airflow/.local/lib/python3.8/site-packages/airflow/example_dags/example_branch_python_dop_operator_3.py
[2023-11-14T21:53:14.162+0000] {logging_mixin.py:154} INFO - [2023-11-14T21:53:14.162+0000] {dag.py:2941} INFO - Sync 1 DAGs
[2023-11-14T21:53:14.196+0000] {logging_mixin.py:154} INFO - [2023-11-14T21:53:14.195+0000] {dag.py:3722} INFO - Setting next_dagrun for example_branch_dop_operator_v3 to 2023-11-14T21:52:00+00:00, run_after=2023-11-14T21:53:00+00:00
[2023-11-14T21:53:14.246+0000] {processor.py:179} INFO - Processing /home/airflow/.local/lib/python3.8/site-packages/airflow/example_dags/example_branch_python_dop_operator_3.py took 0.158 seconds
[2023-11-14T21:53:44.841+0000] {processor.py:157} INFO - Started process (PID=2165) to work on /home/airflow/.local/lib/python3.8/site-packages/airflow/example_dags/example_branch_python_dop_operator_3.py
[2023-11-14T21:53:44.843+0000] {processor.py:829} INFO - Processing file /home/airflow/.local/lib/python3.8/site-packages/airflow/example_dags/example_branch_python_dop_operator_3.py for tasks to queue
[2023-11-14T21:53:44.850+0000] {logging_mixin.py:154} INFO - [2023-11-14T21:53:44.850+0000] {dagbag.py:536} INFO - Filling up the DagBag from /home/airflow/.local/lib/python3.8/site-packages/airflow/example_dags/example_branch_python_dop_operator_3.py
[2023-11-14T21:53:44.872+0000] {processor.py:839} INFO - DAG(s) dict_keys(['example_branch_dop_operator_v3']) retrieved from /home/airflow/.local/lib/python3.8/site-packages/airflow/example_dags/example_branch_python_dop_operator_3.py
[2023-11-14T21:53:44.909+0000] {logging_mixin.py:154} INFO - [2023-11-14T21:53:44.909+0000] {dag.py:2941} INFO - Sync 1 DAGs
[2023-11-14T21:53:44.960+0000] {logging_mixin.py:154} INFO - [2023-11-14T21:53:44.959+0000] {dag.py:3722} INFO - Setting next_dagrun for example_branch_dop_operator_v3 to 2023-11-14T21:52:00+00:00, run_after=2023-11-14T21:53:00+00:00
[2023-11-14T21:53:44.996+0000] {processor.py:179} INFO - Processing /home/airflow/.local/lib/python3.8/site-packages/airflow/example_dags/example_branch_python_dop_operator_3.py took 0.168 seconds
[2023-11-14T21:54:15.612+0000] {processor.py:157} INFO - Started process (PID=2219) to work on /home/airflow/.local/lib/python3.8/site-packages/airflow/example_dags/example_branch_python_dop_operator_3.py
[2023-11-14T21:54:15.614+0000] {processor.py:829} INFO - Processing file /home/airflow/.local/lib/python3.8/site-packages/airflow/example_dags/example_branch_python_dop_operator_3.py for tasks to queue
[2023-11-14T21:54:15.618+0000] {logging_mixin.py:154} INFO - [2023-11-14T21:54:15.618+0000] {dagbag.py:536} INFO - Filling up the DagBag from /home/airflow/.local/lib/python3.8/site-packages/airflow/example_dags/example_branch_python_dop_operator_3.py
[2023-11-14T21:54:15.629+0000] {processor.py:839} INFO - DAG(s) dict_keys(['example_branch_dop_operator_v3']) retrieved from /home/airflow/.local/lib/python3.8/site-packages/airflow/example_dags/example_branch_python_dop_operator_3.py
[2023-11-14T21:54:15.658+0000] {logging_mixin.py:154} INFO - [2023-11-14T21:54:15.657+0000] {dag.py:2941} INFO - Sync 1 DAGs
[2023-11-14T21:54:15.695+0000] {logging_mixin.py:154} INFO - [2023-11-14T21:54:15.695+0000] {dag.py:3722} INFO - Setting next_dagrun for example_branch_dop_operator_v3 to 2023-11-14T21:53:00+00:00, run_after=2023-11-14T21:54:00+00:00
[2023-11-14T21:54:15.723+0000] {processor.py:179} INFO - Processing /home/airflow/.local/lib/python3.8/site-packages/airflow/example_dags/example_branch_python_dop_operator_3.py took 0.119 seconds
[2023-11-14T21:54:46.266+0000] {processor.py:157} INFO - Started process (PID=2273) to work on /home/airflow/.local/lib/python3.8/site-packages/airflow/example_dags/example_branch_python_dop_operator_3.py
[2023-11-14T21:54:46.267+0000] {processor.py:829} INFO - Processing file /home/airflow/.local/lib/python3.8/site-packages/airflow/example_dags/example_branch_python_dop_operator_3.py for tasks to queue
[2023-11-14T21:54:46.271+0000] {logging_mixin.py:154} INFO - [2023-11-14T21:54:46.270+0000] {dagbag.py:536} INFO - Filling up the DagBag from /home/airflow/.local/lib/python3.8/site-packages/airflow/example_dags/example_branch_python_dop_operator_3.py
[2023-11-14T21:54:46.281+0000] {processor.py:839} INFO - DAG(s) dict_keys(['example_branch_dop_operator_v3']) retrieved from /home/airflow/.local/lib/python3.8/site-packages/airflow/example_dags/example_branch_python_dop_operator_3.py
[2023-11-14T21:54:46.308+0000] {logging_mixin.py:154} INFO - [2023-11-14T21:54:46.308+0000] {dag.py:2941} INFO - Sync 1 DAGs
[2023-11-14T21:54:46.345+0000] {logging_mixin.py:154} INFO - [2023-11-14T21:54:46.345+0000] {dag.py:3722} INFO - Setting next_dagrun for example_branch_dop_operator_v3 to 2023-11-14T21:53:00+00:00, run_after=2023-11-14T21:54:00+00:00
[2023-11-14T21:54:46.382+0000] {processor.py:179} INFO - Processing /home/airflow/.local/lib/python3.8/site-packages/airflow/example_dags/example_branch_python_dop_operator_3.py took 0.121 seconds
[2023-11-14T21:55:16.540+0000] {processor.py:157} INFO - Started process (PID=2328) to work on /home/airflow/.local/lib/python3.8/site-packages/airflow/example_dags/example_branch_python_dop_operator_3.py
[2023-11-14T21:55:16.543+0000] {processor.py:829} INFO - Processing file /home/airflow/.local/lib/python3.8/site-packages/airflow/example_dags/example_branch_python_dop_operator_3.py for tasks to queue
[2023-11-14T21:55:16.553+0000] {logging_mixin.py:154} INFO - [2023-11-14T21:55:16.552+0000] {dagbag.py:536} INFO - Filling up the DagBag from /home/airflow/.local/lib/python3.8/site-packages/airflow/example_dags/example_branch_python_dop_operator_3.py
[2023-11-14T21:55:16.576+0000] {processor.py:839} INFO - DAG(s) dict_keys(['example_branch_dop_operator_v3']) retrieved from /home/airflow/.local/lib/python3.8/site-packages/airflow/example_dags/example_branch_python_dop_operator_3.py
[2023-11-14T21:55:16.614+0000] {logging_mixin.py:154} INFO - [2023-11-14T21:55:16.613+0000] {dag.py:2941} INFO - Sync 1 DAGs
[2023-11-14T21:55:16.656+0000] {logging_mixin.py:154} INFO - [2023-11-14T21:55:16.655+0000] {dag.py:3722} INFO - Setting next_dagrun for example_branch_dop_operator_v3 to 2023-11-14T21:54:00+00:00, run_after=2023-11-14T21:55:00+00:00
[2023-11-14T21:55:16.684+0000] {processor.py:179} INFO - Processing /home/airflow/.local/lib/python3.8/site-packages/airflow/example_dags/example_branch_python_dop_operator_3.py took 0.170 seconds
[2023-11-14T21:55:47.037+0000] {processor.py:157} INFO - Started process (PID=2382) to work on /home/airflow/.local/lib/python3.8/site-packages/airflow/example_dags/example_branch_python_dop_operator_3.py
[2023-11-14T21:55:47.040+0000] {processor.py:829} INFO - Processing file /home/airflow/.local/lib/python3.8/site-packages/airflow/example_dags/example_branch_python_dop_operator_3.py for tasks to queue
[2023-11-14T21:55:47.046+0000] {logging_mixin.py:154} INFO - [2023-11-14T21:55:47.046+0000] {dagbag.py:536} INFO - Filling up the DagBag from /home/airflow/.local/lib/python3.8/site-packages/airflow/example_dags/example_branch_python_dop_operator_3.py
[2023-11-14T21:55:47.065+0000] {processor.py:839} INFO - DAG(s) dict_keys(['example_branch_dop_operator_v3']) retrieved from /home/airflow/.local/lib/python3.8/site-packages/airflow/example_dags/example_branch_python_dop_operator_3.py
[2023-11-14T21:55:47.111+0000] {logging_mixin.py:154} INFO - [2023-11-14T21:55:47.111+0000] {dag.py:2941} INFO - Sync 1 DAGs
[2023-11-14T21:55:47.163+0000] {logging_mixin.py:154} INFO - [2023-11-14T21:55:47.163+0000] {dag.py:3722} INFO - Setting next_dagrun for example_branch_dop_operator_v3 to 2023-11-14T21:54:00+00:00, run_after=2023-11-14T21:55:00+00:00
[2023-11-14T21:55:47.196+0000] {processor.py:179} INFO - Processing /home/airflow/.local/lib/python3.8/site-packages/airflow/example_dags/example_branch_python_dop_operator_3.py took 0.166 seconds
[2023-11-14T21:56:17.800+0000] {processor.py:157} INFO - Started process (PID=2436) to work on /home/airflow/.local/lib/python3.8/site-packages/airflow/example_dags/example_branch_python_dop_operator_3.py
[2023-11-14T21:56:17.803+0000] {processor.py:829} INFO - Processing file /home/airflow/.local/lib/python3.8/site-packages/airflow/example_dags/example_branch_python_dop_operator_3.py for tasks to queue
[2023-11-14T21:56:17.811+0000] {logging_mixin.py:154} INFO - [2023-11-14T21:56:17.811+0000] {dagbag.py:536} INFO - Filling up the DagBag from /home/airflow/.local/lib/python3.8/site-packages/airflow/example_dags/example_branch_python_dop_operator_3.py
[2023-11-14T21:56:17.834+0000] {processor.py:839} INFO - DAG(s) dict_keys(['example_branch_dop_operator_v3']) retrieved from /home/airflow/.local/lib/python3.8/site-packages/airflow/example_dags/example_branch_python_dop_operator_3.py
[2023-11-14T21:56:17.886+0000] {logging_mixin.py:154} INFO - [2023-11-14T21:56:17.886+0000] {dag.py:2941} INFO - Sync 1 DAGs
[2023-11-14T21:56:17.954+0000] {logging_mixin.py:154} INFO - [2023-11-14T21:56:17.953+0000] {dag.py:3722} INFO - Setting next_dagrun for example_branch_dop_operator_v3 to 2023-11-14T21:55:00+00:00, run_after=2023-11-14T21:56:00+00:00
[2023-11-14T21:56:18.015+0000] {processor.py:179} INFO - Processing /home/airflow/.local/lib/python3.8/site-packages/airflow/example_dags/example_branch_python_dop_operator_3.py took 0.229 seconds
[2023-11-14T21:56:48.468+0000] {processor.py:157} INFO - Started process (PID=2491) to work on /home/airflow/.local/lib/python3.8/site-packages/airflow/example_dags/example_branch_python_dop_operator_3.py
[2023-11-14T21:56:48.480+0000] {processor.py:829} INFO - Processing file /home/airflow/.local/lib/python3.8/site-packages/airflow/example_dags/example_branch_python_dop_operator_3.py for tasks to queue
[2023-11-14T21:56:48.484+0000] {logging_mixin.py:154} INFO - [2023-11-14T21:56:48.483+0000] {dagbag.py:536} INFO - Filling up the DagBag from /home/airflow/.local/lib/python3.8/site-packages/airflow/example_dags/example_branch_python_dop_operator_3.py
[2023-11-14T21:56:48.495+0000] {processor.py:839} INFO - DAG(s) dict_keys(['example_branch_dop_operator_v3']) retrieved from /home/airflow/.local/lib/python3.8/site-packages/airflow/example_dags/example_branch_python_dop_operator_3.py
[2023-11-14T21:56:48.522+0000] {logging_mixin.py:154} INFO - [2023-11-14T21:56:48.522+0000] {dag.py:2941} INFO - Sync 1 DAGs
[2023-11-14T21:56:48.565+0000] {logging_mixin.py:154} INFO - [2023-11-14T21:56:48.565+0000] {dag.py:3722} INFO - Setting next_dagrun for example_branch_dop_operator_v3 to 2023-11-14T21:55:00+00:00, run_after=2023-11-14T21:56:00+00:00
[2023-11-14T21:56:48.615+0000] {processor.py:179} INFO - Processing /home/airflow/.local/lib/python3.8/site-packages/airflow/example_dags/example_branch_python_dop_operator_3.py took 0.152 seconds
[2023-11-14T21:57:19.198+0000] {processor.py:157} INFO - Started process (PID=2545) to work on /home/airflow/.local/lib/python3.8/site-packages/airflow/example_dags/example_branch_python_dop_operator_3.py
[2023-11-14T21:57:19.199+0000] {processor.py:829} INFO - Processing file /home/airflow/.local/lib/python3.8/site-packages/airflow/example_dags/example_branch_python_dop_operator_3.py for tasks to queue
[2023-11-14T21:57:19.205+0000] {logging_mixin.py:154} INFO - [2023-11-14T21:57:19.204+0000] {dagbag.py:536} INFO - Filling up the DagBag from /home/airflow/.local/lib/python3.8/site-packages/airflow/example_dags/example_branch_python_dop_operator_3.py
[2023-11-14T21:57:19.216+0000] {processor.py:839} INFO - DAG(s) dict_keys(['example_branch_dop_operator_v3']) retrieved from /home/airflow/.local/lib/python3.8/site-packages/airflow/example_dags/example_branch_python_dop_operator_3.py
[2023-11-14T21:57:19.244+0000] {logging_mixin.py:154} INFO - [2023-11-14T21:57:19.243+0000] {dag.py:2941} INFO - Sync 1 DAGs
[2023-11-14T21:57:19.276+0000] {logging_mixin.py:154} INFO - [2023-11-14T21:57:19.276+0000] {dag.py:3722} INFO - Setting next_dagrun for example_branch_dop_operator_v3 to 2023-11-14T21:56:00+00:00, run_after=2023-11-14T21:57:00+00:00
[2023-11-14T21:57:19.316+0000] {processor.py:179} INFO - Processing /home/airflow/.local/lib/python3.8/site-packages/airflow/example_dags/example_branch_python_dop_operator_3.py took 0.126 seconds
[2023-11-14T21:57:49.502+0000] {processor.py:157} INFO - Started process (PID=2600) to work on /home/airflow/.local/lib/python3.8/site-packages/airflow/example_dags/example_branch_python_dop_operator_3.py
[2023-11-14T21:57:49.514+0000] {processor.py:829} INFO - Processing file /home/airflow/.local/lib/python3.8/site-packages/airflow/example_dags/example_branch_python_dop_operator_3.py for tasks to queue
[2023-11-14T21:57:49.519+0000] {logging_mixin.py:154} INFO - [2023-11-14T21:57:49.518+0000] {dagbag.py:536} INFO - Filling up the DagBag from /home/airflow/.local/lib/python3.8/site-packages/airflow/example_dags/example_branch_python_dop_operator_3.py
[2023-11-14T21:57:49.530+0000] {processor.py:839} INFO - DAG(s) dict_keys(['example_branch_dop_operator_v3']) retrieved from /home/airflow/.local/lib/python3.8/site-packages/airflow/example_dags/example_branch_python_dop_operator_3.py
[2023-11-14T21:57:49.556+0000] {logging_mixin.py:154} INFO - [2023-11-14T21:57:49.556+0000] {dag.py:2941} INFO - Sync 1 DAGs
[2023-11-14T21:57:49.587+0000] {logging_mixin.py:154} INFO - [2023-11-14T21:57:49.587+0000] {dag.py:3722} INFO - Setting next_dagrun for example_branch_dop_operator_v3 to 2023-11-14T21:56:00+00:00, run_after=2023-11-14T21:57:00+00:00
[2023-11-14T21:57:49.624+0000] {processor.py:179} INFO - Processing /home/airflow/.local/lib/python3.8/site-packages/airflow/example_dags/example_branch_python_dop_operator_3.py took 0.130 seconds
[2023-11-14T21:58:19.670+0000] {processor.py:157} INFO - Started process (PID=2654) to work on /home/airflow/.local/lib/python3.8/site-packages/airflow/example_dags/example_branch_python_dop_operator_3.py
[2023-11-14T21:58:19.672+0000] {processor.py:829} INFO - Processing file /home/airflow/.local/lib/python3.8/site-packages/airflow/example_dags/example_branch_python_dop_operator_3.py for tasks to queue
[2023-11-14T21:58:19.681+0000] {logging_mixin.py:154} INFO - [2023-11-14T21:58:19.680+0000] {dagbag.py:536} INFO - Filling up the DagBag from /home/airflow/.local/lib/python3.8/site-packages/airflow/example_dags/example_branch_python_dop_operator_3.py
[2023-11-14T21:58:19.696+0000] {processor.py:839} INFO - DAG(s) dict_keys(['example_branch_dop_operator_v3']) retrieved from /home/airflow/.local/lib/python3.8/site-packages/airflow/example_dags/example_branch_python_dop_operator_3.py
[2023-11-14T21:58:19.733+0000] {logging_mixin.py:154} INFO - [2023-11-14T21:58:19.733+0000] {dag.py:2941} INFO - Sync 1 DAGs
[2023-11-14T21:58:19.770+0000] {logging_mixin.py:154} INFO - [2023-11-14T21:58:19.770+0000] {dag.py:3722} INFO - Setting next_dagrun for example_branch_dop_operator_v3 to 2023-11-14T21:57:00+00:00, run_after=2023-11-14T21:58:00+00:00
[2023-11-14T21:58:19.796+0000] {processor.py:179} INFO - Processing /home/airflow/.local/lib/python3.8/site-packages/airflow/example_dags/example_branch_python_dop_operator_3.py took 0.138 seconds
[2023-11-14T21:58:49.908+0000] {processor.py:157} INFO - Started process (PID=2708) to work on /home/airflow/.local/lib/python3.8/site-packages/airflow/example_dags/example_branch_python_dop_operator_3.py
[2023-11-14T21:58:49.920+0000] {processor.py:829} INFO - Processing file /home/airflow/.local/lib/python3.8/site-packages/airflow/example_dags/example_branch_python_dop_operator_3.py for tasks to queue
[2023-11-14T21:58:49.924+0000] {logging_mixin.py:154} INFO - [2023-11-14T21:58:49.924+0000] {dagbag.py:536} INFO - Filling up the DagBag from /home/airflow/.local/lib/python3.8/site-packages/airflow/example_dags/example_branch_python_dop_operator_3.py
[2023-11-14T21:58:49.938+0000] {processor.py:839} INFO - DAG(s) dict_keys(['example_branch_dop_operator_v3']) retrieved from /home/airflow/.local/lib/python3.8/site-packages/airflow/example_dags/example_branch_python_dop_operator_3.py
[2023-11-14T21:58:49.969+0000] {logging_mixin.py:154} INFO - [2023-11-14T21:58:49.969+0000] {dag.py:2941} INFO - Sync 1 DAGs
[2023-11-14T21:58:50.019+0000] {logging_mixin.py:154} INFO - [2023-11-14T21:58:50.019+0000] {dag.py:3722} INFO - Setting next_dagrun for example_branch_dop_operator_v3 to 2023-11-14T21:57:00+00:00, run_after=2023-11-14T21:58:00+00:00
[2023-11-14T21:58:50.046+0000] {processor.py:179} INFO - Processing /home/airflow/.local/lib/python3.8/site-packages/airflow/example_dags/example_branch_python_dop_operator_3.py took 0.144 seconds
[2023-11-14T21:59:20.144+0000] {processor.py:157} INFO - Started process (PID=2762) to work on /home/airflow/.local/lib/python3.8/site-packages/airflow/example_dags/example_branch_python_dop_operator_3.py
[2023-11-14T21:59:20.155+0000] {processor.py:829} INFO - Processing file /home/airflow/.local/lib/python3.8/site-packages/airflow/example_dags/example_branch_python_dop_operator_3.py for tasks to queue
[2023-11-14T21:59:20.160+0000] {logging_mixin.py:154} INFO - [2023-11-14T21:59:20.159+0000] {dagbag.py:536} INFO - Filling up the DagBag from /home/airflow/.local/lib/python3.8/site-packages/airflow/example_dags/example_branch_python_dop_operator_3.py
[2023-11-14T21:59:20.173+0000] {processor.py:839} INFO - DAG(s) dict_keys(['example_branch_dop_operator_v3']) retrieved from /home/airflow/.local/lib/python3.8/site-packages/airflow/example_dags/example_branch_python_dop_operator_3.py
[2023-11-14T21:59:20.200+0000] {logging_mixin.py:154} INFO - [2023-11-14T21:59:20.200+0000] {dag.py:2941} INFO - Sync 1 DAGs
[2023-11-14T21:59:20.234+0000] {logging_mixin.py:154} INFO - [2023-11-14T21:59:20.233+0000] {dag.py:3722} INFO - Setting next_dagrun for example_branch_dop_operator_v3 to 2023-11-14T21:58:00+00:00, run_after=2023-11-14T21:59:00+00:00
[2023-11-14T21:59:20.266+0000] {processor.py:179} INFO - Processing /home/airflow/.local/lib/python3.8/site-packages/airflow/example_dags/example_branch_python_dop_operator_3.py took 0.126 seconds
