[2023-11-14T21:33:52.007+0000] {processor.py:157} INFO - Started process (PID=36) to work on /home/airflow/.local/lib/python3.8/site-packages/airflow/example_dags/example_dynamic_task_mapping_with_no_taskflow_operators.py
[2023-11-14T21:33:52.008+0000] {processor.py:829} INFO - Processing file /home/airflow/.local/lib/python3.8/site-packages/airflow/example_dags/example_dynamic_task_mapping_with_no_taskflow_operators.py for tasks to queue
[2023-11-14T21:33:52.011+0000] {logging_mixin.py:154} INFO - [2023-11-14T21:33:52.011+0000] {dagbag.py:536} INFO - Filling up the DagBag from /home/airflow/.local/lib/python3.8/site-packages/airflow/example_dags/example_dynamic_task_mapping_with_no_taskflow_operators.py
[2023-11-14T21:33:52.024+0000] {processor.py:839} INFO - DAG(s) dict_keys(['example_dynamic_task_mapping_with_no_taskflow_operators']) retrieved from /home/airflow/.local/lib/python3.8/site-packages/airflow/example_dags/example_dynamic_task_mapping_with_no_taskflow_operators.py
[2023-11-14T21:33:52.221+0000] {logging_mixin.py:154} INFO - [2023-11-14T21:33:52.221+0000] {manager.py:499} INFO - Created Permission View: %s
[2023-11-14T21:33:52.236+0000] {logging_mixin.py:154} INFO - [2023-11-14T21:33:52.236+0000] {manager.py:499} INFO - Created Permission View: %s
[2023-11-14T21:33:52.245+0000] {logging_mixin.py:154} INFO - [2023-11-14T21:33:52.245+0000] {manager.py:499} INFO - Created Permission View: %s
[2023-11-14T21:33:52.246+0000] {logging_mixin.py:154} INFO - [2023-11-14T21:33:52.246+0000] {dag.py:2941} INFO - Sync 1 DAGs
[2023-11-14T21:33:52.264+0000] {logging_mixin.py:154} INFO - [2023-11-14T21:33:52.264+0000] {dag.py:2963} INFO - Creating ORM DAG for example_dynamic_task_mapping_with_no_taskflow_operators
[2023-11-14T21:33:52.277+0000] {logging_mixin.py:154} INFO - [2023-11-14T21:33:52.277+0000] {dag.py:3722} INFO - Setting next_dagrun for example_dynamic_task_mapping_with_no_taskflow_operators to 2023-11-13T21:33:52.277228+00:00, run_after=2023-11-14T21:33:52.277228+00:00
[2023-11-14T21:33:52.298+0000] {processor.py:179} INFO - Processing /home/airflow/.local/lib/python3.8/site-packages/airflow/example_dags/example_dynamic_task_mapping_with_no_taskflow_operators.py took 0.295 seconds
[2023-11-14T21:34:22.502+0000] {processor.py:157} INFO - Started process (PID=90) to work on /home/airflow/.local/lib/python3.8/site-packages/airflow/example_dags/example_dynamic_task_mapping_with_no_taskflow_operators.py
[2023-11-14T21:34:22.505+0000] {processor.py:829} INFO - Processing file /home/airflow/.local/lib/python3.8/site-packages/airflow/example_dags/example_dynamic_task_mapping_with_no_taskflow_operators.py for tasks to queue
[2023-11-14T21:34:22.509+0000] {logging_mixin.py:154} INFO - [2023-11-14T21:34:22.509+0000] {dagbag.py:536} INFO - Filling up the DagBag from /home/airflow/.local/lib/python3.8/site-packages/airflow/example_dags/example_dynamic_task_mapping_with_no_taskflow_operators.py
[2023-11-14T21:34:22.524+0000] {processor.py:839} INFO - DAG(s) dict_keys(['example_dynamic_task_mapping_with_no_taskflow_operators']) retrieved from /home/airflow/.local/lib/python3.8/site-packages/airflow/example_dags/example_dynamic_task_mapping_with_no_taskflow_operators.py
[2023-11-14T21:34:22.565+0000] {logging_mixin.py:154} INFO - [2023-11-14T21:34:22.564+0000] {dag.py:2941} INFO - Sync 1 DAGs
[2023-11-14T21:34:22.611+0000] {logging_mixin.py:154} INFO - [2023-11-14T21:34:22.610+0000] {dag.py:3722} INFO - Setting next_dagrun for example_dynamic_task_mapping_with_no_taskflow_operators to 2023-11-13T21:34:22.609336+00:00, run_after=2023-11-14T21:34:22.609336+00:00
[2023-11-14T21:34:22.667+0000] {processor.py:179} INFO - Processing /home/airflow/.local/lib/python3.8/site-packages/airflow/example_dags/example_dynamic_task_mapping_with_no_taskflow_operators.py took 0.172 seconds
[2023-11-14T21:34:52.851+0000] {processor.py:157} INFO - Started process (PID=144) to work on /home/airflow/.local/lib/python3.8/site-packages/airflow/example_dags/example_dynamic_task_mapping_with_no_taskflow_operators.py
[2023-11-14T21:34:52.852+0000] {processor.py:829} INFO - Processing file /home/airflow/.local/lib/python3.8/site-packages/airflow/example_dags/example_dynamic_task_mapping_with_no_taskflow_operators.py for tasks to queue
[2023-11-14T21:34:52.854+0000] {logging_mixin.py:154} INFO - [2023-11-14T21:34:52.854+0000] {dagbag.py:536} INFO - Filling up the DagBag from /home/airflow/.local/lib/python3.8/site-packages/airflow/example_dags/example_dynamic_task_mapping_with_no_taskflow_operators.py
[2023-11-14T21:34:52.862+0000] {processor.py:839} INFO - DAG(s) dict_keys(['example_dynamic_task_mapping_with_no_taskflow_operators']) retrieved from /home/airflow/.local/lib/python3.8/site-packages/airflow/example_dags/example_dynamic_task_mapping_with_no_taskflow_operators.py
[2023-11-14T21:34:52.887+0000] {logging_mixin.py:154} INFO - [2023-11-14T21:34:52.887+0000] {dag.py:2941} INFO - Sync 1 DAGs
[2023-11-14T21:34:52.914+0000] {logging_mixin.py:154} INFO - [2023-11-14T21:34:52.914+0000] {dag.py:3722} INFO - Setting next_dagrun for example_dynamic_task_mapping_with_no_taskflow_operators to 2023-11-13T21:34:52.914375+00:00, run_after=2023-11-14T21:34:52.914375+00:00
[2023-11-14T21:34:52.938+0000] {processor.py:179} INFO - Processing /home/airflow/.local/lib/python3.8/site-packages/airflow/example_dags/example_dynamic_task_mapping_with_no_taskflow_operators.py took 0.091 seconds
[2023-11-14T21:35:23.528+0000] {processor.py:157} INFO - Started process (PID=198) to work on /home/airflow/.local/lib/python3.8/site-packages/airflow/example_dags/example_dynamic_task_mapping_with_no_taskflow_operators.py
[2023-11-14T21:35:23.530+0000] {processor.py:829} INFO - Processing file /home/airflow/.local/lib/python3.8/site-packages/airflow/example_dags/example_dynamic_task_mapping_with_no_taskflow_operators.py for tasks to queue
[2023-11-14T21:35:23.535+0000] {logging_mixin.py:154} INFO - [2023-11-14T21:35:23.535+0000] {dagbag.py:536} INFO - Filling up the DagBag from /home/airflow/.local/lib/python3.8/site-packages/airflow/example_dags/example_dynamic_task_mapping_with_no_taskflow_operators.py
[2023-11-14T21:35:23.546+0000] {processor.py:839} INFO - DAG(s) dict_keys(['example_dynamic_task_mapping_with_no_taskflow_operators']) retrieved from /home/airflow/.local/lib/python3.8/site-packages/airflow/example_dags/example_dynamic_task_mapping_with_no_taskflow_operators.py
[2023-11-14T21:35:23.576+0000] {logging_mixin.py:154} INFO - [2023-11-14T21:35:23.575+0000] {dag.py:2941} INFO - Sync 1 DAGs
[2023-11-14T21:35:23.607+0000] {logging_mixin.py:154} INFO - [2023-11-14T21:35:23.607+0000] {dag.py:3722} INFO - Setting next_dagrun for example_dynamic_task_mapping_with_no_taskflow_operators to 2023-11-13T21:35:23.607123+00:00, run_after=2023-11-14T21:35:23.607123+00:00
[2023-11-14T21:35:23.637+0000] {processor.py:179} INFO - Processing /home/airflow/.local/lib/python3.8/site-packages/airflow/example_dags/example_dynamic_task_mapping_with_no_taskflow_operators.py took 0.114 seconds
[2023-11-14T21:35:54.141+0000] {processor.py:157} INFO - Started process (PID=252) to work on /home/airflow/.local/lib/python3.8/site-packages/airflow/example_dags/example_dynamic_task_mapping_with_no_taskflow_operators.py
[2023-11-14T21:35:54.143+0000] {processor.py:829} INFO - Processing file /home/airflow/.local/lib/python3.8/site-packages/airflow/example_dags/example_dynamic_task_mapping_with_no_taskflow_operators.py for tasks to queue
[2023-11-14T21:35:54.148+0000] {logging_mixin.py:154} INFO - [2023-11-14T21:35:54.147+0000] {dagbag.py:536} INFO - Filling up the DagBag from /home/airflow/.local/lib/python3.8/site-packages/airflow/example_dags/example_dynamic_task_mapping_with_no_taskflow_operators.py
[2023-11-14T21:35:54.159+0000] {processor.py:839} INFO - DAG(s) dict_keys(['example_dynamic_task_mapping_with_no_taskflow_operators']) retrieved from /home/airflow/.local/lib/python3.8/site-packages/airflow/example_dags/example_dynamic_task_mapping_with_no_taskflow_operators.py
[2023-11-14T21:35:54.199+0000] {logging_mixin.py:154} INFO - [2023-11-14T21:35:54.199+0000] {dag.py:2941} INFO - Sync 1 DAGs
[2023-11-14T21:35:54.242+0000] {logging_mixin.py:154} INFO - [2023-11-14T21:35:54.242+0000] {dag.py:3722} INFO - Setting next_dagrun for example_dynamic_task_mapping_with_no_taskflow_operators to 2023-11-13T21:35:54.242132+00:00, run_after=2023-11-14T21:35:54.242132+00:00
[2023-11-14T21:35:54.270+0000] {processor.py:179} INFO - Processing /home/airflow/.local/lib/python3.8/site-packages/airflow/example_dags/example_dynamic_task_mapping_with_no_taskflow_operators.py took 0.134 seconds
[2023-11-14T21:36:24.623+0000] {processor.py:157} INFO - Started process (PID=307) to work on /home/airflow/.local/lib/python3.8/site-packages/airflow/example_dags/example_dynamic_task_mapping_with_no_taskflow_operators.py
[2023-11-14T21:36:24.625+0000] {processor.py:829} INFO - Processing file /home/airflow/.local/lib/python3.8/site-packages/airflow/example_dags/example_dynamic_task_mapping_with_no_taskflow_operators.py for tasks to queue
[2023-11-14T21:36:24.628+0000] {logging_mixin.py:154} INFO - [2023-11-14T21:36:24.627+0000] {dagbag.py:536} INFO - Filling up the DagBag from /home/airflow/.local/lib/python3.8/site-packages/airflow/example_dags/example_dynamic_task_mapping_with_no_taskflow_operators.py
[2023-11-14T21:36:24.635+0000] {processor.py:839} INFO - DAG(s) dict_keys(['example_dynamic_task_mapping_with_no_taskflow_operators']) retrieved from /home/airflow/.local/lib/python3.8/site-packages/airflow/example_dags/example_dynamic_task_mapping_with_no_taskflow_operators.py
[2023-11-14T21:36:24.660+0000] {logging_mixin.py:154} INFO - [2023-11-14T21:36:24.659+0000] {dag.py:2941} INFO - Sync 1 DAGs
[2023-11-14T21:36:24.686+0000] {logging_mixin.py:154} INFO - [2023-11-14T21:36:24.686+0000] {dag.py:3722} INFO - Setting next_dagrun for example_dynamic_task_mapping_with_no_taskflow_operators to 2023-11-13T21:36:24.686370+00:00, run_after=2023-11-14T21:36:24.686370+00:00
[2023-11-14T21:36:24.710+0000] {processor.py:179} INFO - Processing /home/airflow/.local/lib/python3.8/site-packages/airflow/example_dags/example_dynamic_task_mapping_with_no_taskflow_operators.py took 0.091 seconds
[2023-11-14T21:36:55.215+0000] {processor.py:157} INFO - Started process (PID=361) to work on /home/airflow/.local/lib/python3.8/site-packages/airflow/example_dags/example_dynamic_task_mapping_with_no_taskflow_operators.py
[2023-11-14T21:36:55.216+0000] {processor.py:829} INFO - Processing file /home/airflow/.local/lib/python3.8/site-packages/airflow/example_dags/example_dynamic_task_mapping_with_no_taskflow_operators.py for tasks to queue
[2023-11-14T21:36:55.220+0000] {logging_mixin.py:154} INFO - [2023-11-14T21:36:55.219+0000] {dagbag.py:536} INFO - Filling up the DagBag from /home/airflow/.local/lib/python3.8/site-packages/airflow/example_dags/example_dynamic_task_mapping_with_no_taskflow_operators.py
[2023-11-14T21:36:55.228+0000] {processor.py:839} INFO - DAG(s) dict_keys(['example_dynamic_task_mapping_with_no_taskflow_operators']) retrieved from /home/airflow/.local/lib/python3.8/site-packages/airflow/example_dags/example_dynamic_task_mapping_with_no_taskflow_operators.py
[2023-11-14T21:36:55.258+0000] {logging_mixin.py:154} INFO - [2023-11-14T21:36:55.258+0000] {dag.py:2941} INFO - Sync 1 DAGs
[2023-11-14T21:36:55.291+0000] {logging_mixin.py:154} INFO - [2023-11-14T21:36:55.291+0000] {dag.py:3722} INFO - Setting next_dagrun for example_dynamic_task_mapping_with_no_taskflow_operators to 2023-11-13T21:36:55.291265+00:00, run_after=2023-11-14T21:36:55.291265+00:00
[2023-11-14T21:36:55.315+0000] {processor.py:179} INFO - Processing /home/airflow/.local/lib/python3.8/site-packages/airflow/example_dags/example_dynamic_task_mapping_with_no_taskflow_operators.py took 0.106 seconds
[2023-11-14T21:37:25.791+0000] {processor.py:157} INFO - Started process (PID=415) to work on /home/airflow/.local/lib/python3.8/site-packages/airflow/example_dags/example_dynamic_task_mapping_with_no_taskflow_operators.py
[2023-11-14T21:37:25.793+0000] {processor.py:829} INFO - Processing file /home/airflow/.local/lib/python3.8/site-packages/airflow/example_dags/example_dynamic_task_mapping_with_no_taskflow_operators.py for tasks to queue
[2023-11-14T21:37:25.797+0000] {logging_mixin.py:154} INFO - [2023-11-14T21:37:25.797+0000] {dagbag.py:536} INFO - Filling up the DagBag from /home/airflow/.local/lib/python3.8/site-packages/airflow/example_dags/example_dynamic_task_mapping_with_no_taskflow_operators.py
[2023-11-14T21:37:25.805+0000] {processor.py:839} INFO - DAG(s) dict_keys(['example_dynamic_task_mapping_with_no_taskflow_operators']) retrieved from /home/airflow/.local/lib/python3.8/site-packages/airflow/example_dags/example_dynamic_task_mapping_with_no_taskflow_operators.py
[2023-11-14T21:37:25.829+0000] {logging_mixin.py:154} INFO - [2023-11-14T21:37:25.829+0000] {dag.py:2941} INFO - Sync 1 DAGs
[2023-11-14T21:37:25.857+0000] {logging_mixin.py:154} INFO - [2023-11-14T21:37:25.857+0000] {dag.py:3722} INFO - Setting next_dagrun for example_dynamic_task_mapping_with_no_taskflow_operators to 2023-11-13T21:37:25.856724+00:00, run_after=2023-11-14T21:37:25.856724+00:00
[2023-11-14T21:37:25.883+0000] {processor.py:179} INFO - Processing /home/airflow/.local/lib/python3.8/site-packages/airflow/example_dags/example_dynamic_task_mapping_with_no_taskflow_operators.py took 0.098 seconds
[2023-11-14T21:37:56.002+0000] {processor.py:157} INFO - Started process (PID=469) to work on /home/airflow/.local/lib/python3.8/site-packages/airflow/example_dags/example_dynamic_task_mapping_with_no_taskflow_operators.py
[2023-11-14T21:37:56.003+0000] {processor.py:829} INFO - Processing file /home/airflow/.local/lib/python3.8/site-packages/airflow/example_dags/example_dynamic_task_mapping_with_no_taskflow_operators.py for tasks to queue
[2023-11-14T21:37:56.006+0000] {logging_mixin.py:154} INFO - [2023-11-14T21:37:56.006+0000] {dagbag.py:536} INFO - Filling up the DagBag from /home/airflow/.local/lib/python3.8/site-packages/airflow/example_dags/example_dynamic_task_mapping_with_no_taskflow_operators.py
[2023-11-14T21:37:56.012+0000] {processor.py:839} INFO - DAG(s) dict_keys(['example_dynamic_task_mapping_with_no_taskflow_operators']) retrieved from /home/airflow/.local/lib/python3.8/site-packages/airflow/example_dags/example_dynamic_task_mapping_with_no_taskflow_operators.py
[2023-11-14T21:37:56.037+0000] {logging_mixin.py:154} INFO - [2023-11-14T21:37:56.037+0000] {dag.py:2941} INFO - Sync 1 DAGs
[2023-11-14T21:37:56.064+0000] {logging_mixin.py:154} INFO - [2023-11-14T21:37:56.064+0000] {dag.py:3722} INFO - Setting next_dagrun for example_dynamic_task_mapping_with_no_taskflow_operators to 2023-11-13T21:37:56.063679+00:00, run_after=2023-11-14T21:37:56.063679+00:00
[2023-11-14T21:37:56.088+0000] {processor.py:179} INFO - Processing /home/airflow/.local/lib/python3.8/site-packages/airflow/example_dags/example_dynamic_task_mapping_with_no_taskflow_operators.py took 0.090 seconds
[2023-11-14T21:38:26.633+0000] {processor.py:157} INFO - Started process (PID=534) to work on /home/airflow/.local/lib/python3.8/site-packages/airflow/example_dags/example_dynamic_task_mapping_with_no_taskflow_operators.py
[2023-11-14T21:38:26.634+0000] {processor.py:829} INFO - Processing file /home/airflow/.local/lib/python3.8/site-packages/airflow/example_dags/example_dynamic_task_mapping_with_no_taskflow_operators.py for tasks to queue
[2023-11-14T21:38:26.637+0000] {logging_mixin.py:154} INFO - [2023-11-14T21:38:26.636+0000] {dagbag.py:536} INFO - Filling up the DagBag from /home/airflow/.local/lib/python3.8/site-packages/airflow/example_dags/example_dynamic_task_mapping_with_no_taskflow_operators.py
[2023-11-14T21:38:26.645+0000] {processor.py:839} INFO - DAG(s) dict_keys(['example_dynamic_task_mapping_with_no_taskflow_operators']) retrieved from /home/airflow/.local/lib/python3.8/site-packages/airflow/example_dags/example_dynamic_task_mapping_with_no_taskflow_operators.py
[2023-11-14T21:38:26.671+0000] {logging_mixin.py:154} INFO - [2023-11-14T21:38:26.671+0000] {dag.py:2941} INFO - Sync 1 DAGs
[2023-11-14T21:38:26.708+0000] {logging_mixin.py:154} INFO - [2023-11-14T21:38:26.708+0000] {dag.py:3722} INFO - Setting next_dagrun for example_dynamic_task_mapping_with_no_taskflow_operators to 2023-11-13T21:38:26.708324+00:00, run_after=2023-11-14T21:38:26.708324+00:00
[2023-11-14T21:38:26.735+0000] {processor.py:179} INFO - Processing /home/airflow/.local/lib/python3.8/site-packages/airflow/example_dags/example_dynamic_task_mapping_with_no_taskflow_operators.py took 0.106 seconds
[2023-11-14T21:38:57.019+0000] {processor.py:157} INFO - Started process (PID=588) to work on /home/airflow/.local/lib/python3.8/site-packages/airflow/example_dags/example_dynamic_task_mapping_with_no_taskflow_operators.py
[2023-11-14T21:38:57.020+0000] {processor.py:829} INFO - Processing file /home/airflow/.local/lib/python3.8/site-packages/airflow/example_dags/example_dynamic_task_mapping_with_no_taskflow_operators.py for tasks to queue
[2023-11-14T21:38:57.023+0000] {logging_mixin.py:154} INFO - [2023-11-14T21:38:57.023+0000] {dagbag.py:536} INFO - Filling up the DagBag from /home/airflow/.local/lib/python3.8/site-packages/airflow/example_dags/example_dynamic_task_mapping_with_no_taskflow_operators.py
[2023-11-14T21:38:57.030+0000] {processor.py:839} INFO - DAG(s) dict_keys(['example_dynamic_task_mapping_with_no_taskflow_operators']) retrieved from /home/airflow/.local/lib/python3.8/site-packages/airflow/example_dags/example_dynamic_task_mapping_with_no_taskflow_operators.py
[2023-11-14T21:38:57.055+0000] {logging_mixin.py:154} INFO - [2023-11-14T21:38:57.055+0000] {dag.py:2941} INFO - Sync 1 DAGs
[2023-11-14T21:38:57.084+0000] {logging_mixin.py:154} INFO - [2023-11-14T21:38:57.084+0000] {dag.py:3722} INFO - Setting next_dagrun for example_dynamic_task_mapping_with_no_taskflow_operators to 2023-11-13T21:38:57.083542+00:00, run_after=2023-11-14T21:38:57.083542+00:00
[2023-11-14T21:38:57.109+0000] {processor.py:179} INFO - Processing /home/airflow/.local/lib/python3.8/site-packages/airflow/example_dags/example_dynamic_task_mapping_with_no_taskflow_operators.py took 0.094 seconds
[2023-11-14T21:39:27.342+0000] {processor.py:157} INFO - Started process (PID=642) to work on /home/airflow/.local/lib/python3.8/site-packages/airflow/example_dags/example_dynamic_task_mapping_with_no_taskflow_operators.py
[2023-11-14T21:39:27.344+0000] {processor.py:829} INFO - Processing file /home/airflow/.local/lib/python3.8/site-packages/airflow/example_dags/example_dynamic_task_mapping_with_no_taskflow_operators.py for tasks to queue
[2023-11-14T21:39:27.346+0000] {logging_mixin.py:154} INFO - [2023-11-14T21:39:27.346+0000] {dagbag.py:536} INFO - Filling up the DagBag from /home/airflow/.local/lib/python3.8/site-packages/airflow/example_dags/example_dynamic_task_mapping_with_no_taskflow_operators.py
[2023-11-14T21:39:27.355+0000] {processor.py:839} INFO - DAG(s) dict_keys(['example_dynamic_task_mapping_with_no_taskflow_operators']) retrieved from /home/airflow/.local/lib/python3.8/site-packages/airflow/example_dags/example_dynamic_task_mapping_with_no_taskflow_operators.py
[2023-11-14T21:39:27.378+0000] {logging_mixin.py:154} INFO - [2023-11-14T21:39:27.378+0000] {dag.py:2941} INFO - Sync 1 DAGs
[2023-11-14T21:39:27.406+0000] {logging_mixin.py:154} INFO - [2023-11-14T21:39:27.406+0000] {dag.py:3722} INFO - Setting next_dagrun for example_dynamic_task_mapping_with_no_taskflow_operators to 2023-11-13T21:39:27.406488+00:00, run_after=2023-11-14T21:39:27.406488+00:00
[2023-11-14T21:39:27.430+0000] {processor.py:179} INFO - Processing /home/airflow/.local/lib/python3.8/site-packages/airflow/example_dags/example_dynamic_task_mapping_with_no_taskflow_operators.py took 0.092 seconds
[2023-11-14T21:39:57.951+0000] {processor.py:157} INFO - Started process (PID=697) to work on /home/airflow/.local/lib/python3.8/site-packages/airflow/example_dags/example_dynamic_task_mapping_with_no_taskflow_operators.py
[2023-11-14T21:39:57.952+0000] {processor.py:829} INFO - Processing file /home/airflow/.local/lib/python3.8/site-packages/airflow/example_dags/example_dynamic_task_mapping_with_no_taskflow_operators.py for tasks to queue
[2023-11-14T21:39:57.955+0000] {logging_mixin.py:154} INFO - [2023-11-14T21:39:57.955+0000] {dagbag.py:536} INFO - Filling up the DagBag from /home/airflow/.local/lib/python3.8/site-packages/airflow/example_dags/example_dynamic_task_mapping_with_no_taskflow_operators.py
[2023-11-14T21:39:57.963+0000] {processor.py:839} INFO - DAG(s) dict_keys(['example_dynamic_task_mapping_with_no_taskflow_operators']) retrieved from /home/airflow/.local/lib/python3.8/site-packages/airflow/example_dags/example_dynamic_task_mapping_with_no_taskflow_operators.py
[2023-11-14T21:39:57.988+0000] {logging_mixin.py:154} INFO - [2023-11-14T21:39:57.988+0000] {dag.py:2941} INFO - Sync 1 DAGs
[2023-11-14T21:39:58.015+0000] {logging_mixin.py:154} INFO - [2023-11-14T21:39:58.015+0000] {dag.py:3722} INFO - Setting next_dagrun for example_dynamic_task_mapping_with_no_taskflow_operators to 2023-11-13T21:39:58.014834+00:00, run_after=2023-11-14T21:39:58.014834+00:00
[2023-11-14T21:39:58.036+0000] {processor.py:179} INFO - Processing /home/airflow/.local/lib/python3.8/site-packages/airflow/example_dags/example_dynamic_task_mapping_with_no_taskflow_operators.py took 0.090 seconds
[2023-11-14T21:40:28.230+0000] {processor.py:157} INFO - Started process (PID=752) to work on /home/airflow/.local/lib/python3.8/site-packages/airflow/example_dags/example_dynamic_task_mapping_with_no_taskflow_operators.py
[2023-11-14T21:40:28.231+0000] {processor.py:829} INFO - Processing file /home/airflow/.local/lib/python3.8/site-packages/airflow/example_dags/example_dynamic_task_mapping_with_no_taskflow_operators.py for tasks to queue
[2023-11-14T21:40:28.235+0000] {logging_mixin.py:154} INFO - [2023-11-14T21:40:28.234+0000] {dagbag.py:536} INFO - Filling up the DagBag from /home/airflow/.local/lib/python3.8/site-packages/airflow/example_dags/example_dynamic_task_mapping_with_no_taskflow_operators.py
[2023-11-14T21:40:28.243+0000] {processor.py:839} INFO - DAG(s) dict_keys(['example_dynamic_task_mapping_with_no_taskflow_operators']) retrieved from /home/airflow/.local/lib/python3.8/site-packages/airflow/example_dags/example_dynamic_task_mapping_with_no_taskflow_operators.py
[2023-11-14T21:40:28.277+0000] {logging_mixin.py:154} INFO - [2023-11-14T21:40:28.276+0000] {dag.py:2941} INFO - Sync 1 DAGs
[2023-11-14T21:40:28.332+0000] {logging_mixin.py:154} INFO - [2023-11-14T21:40:28.332+0000] {dag.py:3722} INFO - Setting next_dagrun for example_dynamic_task_mapping_with_no_taskflow_operators to 2023-11-13T21:40:28.331324+00:00, run_after=2023-11-14T21:40:28.331324+00:00
[2023-11-14T21:40:28.390+0000] {processor.py:179} INFO - Processing /home/airflow/.local/lib/python3.8/site-packages/airflow/example_dags/example_dynamic_task_mapping_with_no_taskflow_operators.py took 0.166 seconds
[2023-11-14T21:40:58.761+0000] {processor.py:157} INFO - Started process (PID=807) to work on /home/airflow/.local/lib/python3.8/site-packages/airflow/example_dags/example_dynamic_task_mapping_with_no_taskflow_operators.py
[2023-11-14T21:40:58.762+0000] {processor.py:829} INFO - Processing file /home/airflow/.local/lib/python3.8/site-packages/airflow/example_dags/example_dynamic_task_mapping_with_no_taskflow_operators.py for tasks to queue
[2023-11-14T21:40:58.764+0000] {logging_mixin.py:154} INFO - [2023-11-14T21:40:58.764+0000] {dagbag.py:536} INFO - Filling up the DagBag from /home/airflow/.local/lib/python3.8/site-packages/airflow/example_dags/example_dynamic_task_mapping_with_no_taskflow_operators.py
[2023-11-14T21:40:58.772+0000] {processor.py:839} INFO - DAG(s) dict_keys(['example_dynamic_task_mapping_with_no_taskflow_operators']) retrieved from /home/airflow/.local/lib/python3.8/site-packages/airflow/example_dags/example_dynamic_task_mapping_with_no_taskflow_operators.py
[2023-11-14T21:40:58.801+0000] {logging_mixin.py:154} INFO - [2023-11-14T21:40:58.800+0000] {dag.py:2941} INFO - Sync 1 DAGs
[2023-11-14T21:40:58.829+0000] {logging_mixin.py:154} INFO - [2023-11-14T21:40:58.829+0000] {dag.py:3722} INFO - Setting next_dagrun for example_dynamic_task_mapping_with_no_taskflow_operators to 2023-11-13T21:40:58.829344+00:00, run_after=2023-11-14T21:40:58.829344+00:00
[2023-11-14T21:40:58.854+0000] {processor.py:179} INFO - Processing /home/airflow/.local/lib/python3.8/site-packages/airflow/example_dags/example_dynamic_task_mapping_with_no_taskflow_operators.py took 0.098 seconds
[2023-11-14T21:41:29.713+0000] {processor.py:157} INFO - Started process (PID=861) to work on /home/airflow/.local/lib/python3.8/site-packages/airflow/example_dags/example_dynamic_task_mapping_with_no_taskflow_operators.py
[2023-11-14T21:41:29.715+0000] {processor.py:829} INFO - Processing file /home/airflow/.local/lib/python3.8/site-packages/airflow/example_dags/example_dynamic_task_mapping_with_no_taskflow_operators.py for tasks to queue
[2023-11-14T21:41:29.718+0000] {logging_mixin.py:154} INFO - [2023-11-14T21:41:29.717+0000] {dagbag.py:536} INFO - Filling up the DagBag from /home/airflow/.local/lib/python3.8/site-packages/airflow/example_dags/example_dynamic_task_mapping_with_no_taskflow_operators.py
[2023-11-14T21:41:29.728+0000] {processor.py:839} INFO - DAG(s) dict_keys(['example_dynamic_task_mapping_with_no_taskflow_operators']) retrieved from /home/airflow/.local/lib/python3.8/site-packages/airflow/example_dags/example_dynamic_task_mapping_with_no_taskflow_operators.py
[2023-11-14T21:41:29.757+0000] {logging_mixin.py:154} INFO - [2023-11-14T21:41:29.757+0000] {dag.py:2941} INFO - Sync 1 DAGs
[2023-11-14T21:41:29.793+0000] {logging_mixin.py:154} INFO - [2023-11-14T21:41:29.792+0000] {dag.py:3722} INFO - Setting next_dagrun for example_dynamic_task_mapping_with_no_taskflow_operators to 2023-11-13T21:41:29.792548+00:00, run_after=2023-11-14T21:41:29.792548+00:00
[2023-11-14T21:41:29.818+0000] {processor.py:179} INFO - Processing /home/airflow/.local/lib/python3.8/site-packages/airflow/example_dags/example_dynamic_task_mapping_with_no_taskflow_operators.py took 0.109 seconds
[2023-11-14T21:42:00.508+0000] {processor.py:157} INFO - Started process (PID=915) to work on /home/airflow/.local/lib/python3.8/site-packages/airflow/example_dags/example_dynamic_task_mapping_with_no_taskflow_operators.py
[2023-11-14T21:42:00.510+0000] {processor.py:829} INFO - Processing file /home/airflow/.local/lib/python3.8/site-packages/airflow/example_dags/example_dynamic_task_mapping_with_no_taskflow_operators.py for tasks to queue
[2023-11-14T21:42:00.512+0000] {logging_mixin.py:154} INFO - [2023-11-14T21:42:00.512+0000] {dagbag.py:536} INFO - Filling up the DagBag from /home/airflow/.local/lib/python3.8/site-packages/airflow/example_dags/example_dynamic_task_mapping_with_no_taskflow_operators.py
[2023-11-14T21:42:00.520+0000] {processor.py:839} INFO - DAG(s) dict_keys(['example_dynamic_task_mapping_with_no_taskflow_operators']) retrieved from /home/airflow/.local/lib/python3.8/site-packages/airflow/example_dags/example_dynamic_task_mapping_with_no_taskflow_operators.py
[2023-11-14T21:42:00.546+0000] {logging_mixin.py:154} INFO - [2023-11-14T21:42:00.546+0000] {dag.py:2941} INFO - Sync 1 DAGs
[2023-11-14T21:42:00.578+0000] {logging_mixin.py:154} INFO - [2023-11-14T21:42:00.578+0000] {dag.py:3722} INFO - Setting next_dagrun for example_dynamic_task_mapping_with_no_taskflow_operators to 2023-11-13T21:42:00.577740+00:00, run_after=2023-11-14T21:42:00.577740+00:00
[2023-11-14T21:42:00.615+0000] {processor.py:179} INFO - Processing /home/airflow/.local/lib/python3.8/site-packages/airflow/example_dags/example_dynamic_task_mapping_with_no_taskflow_operators.py took 0.112 seconds
[2023-11-14T21:42:30.742+0000] {processor.py:157} INFO - Started process (PID=969) to work on /home/airflow/.local/lib/python3.8/site-packages/airflow/example_dags/example_dynamic_task_mapping_with_no_taskflow_operators.py
[2023-11-14T21:42:30.743+0000] {processor.py:829} INFO - Processing file /home/airflow/.local/lib/python3.8/site-packages/airflow/example_dags/example_dynamic_task_mapping_with_no_taskflow_operators.py for tasks to queue
[2023-11-14T21:42:30.746+0000] {logging_mixin.py:154} INFO - [2023-11-14T21:42:30.746+0000] {dagbag.py:536} INFO - Filling up the DagBag from /home/airflow/.local/lib/python3.8/site-packages/airflow/example_dags/example_dynamic_task_mapping_with_no_taskflow_operators.py
[2023-11-14T21:42:30.754+0000] {processor.py:839} INFO - DAG(s) dict_keys(['example_dynamic_task_mapping_with_no_taskflow_operators']) retrieved from /home/airflow/.local/lib/python3.8/site-packages/airflow/example_dags/example_dynamic_task_mapping_with_no_taskflow_operators.py
[2023-11-14T21:42:30.781+0000] {logging_mixin.py:154} INFO - [2023-11-14T21:42:30.781+0000] {dag.py:2941} INFO - Sync 1 DAGs
[2023-11-14T21:42:30.812+0000] {logging_mixin.py:154} INFO - [2023-11-14T21:42:30.812+0000] {dag.py:3722} INFO - Setting next_dagrun for example_dynamic_task_mapping_with_no_taskflow_operators to 2023-11-13T21:42:30.811658+00:00, run_after=2023-11-14T21:42:30.811658+00:00
[2023-11-14T21:42:30.839+0000] {processor.py:179} INFO - Processing /home/airflow/.local/lib/python3.8/site-packages/airflow/example_dags/example_dynamic_task_mapping_with_no_taskflow_operators.py took 0.101 seconds
[2023-11-14T21:43:00.957+0000] {processor.py:157} INFO - Started process (PID=1024) to work on /home/airflow/.local/lib/python3.8/site-packages/airflow/example_dags/example_dynamic_task_mapping_with_no_taskflow_operators.py
[2023-11-14T21:43:00.958+0000] {processor.py:829} INFO - Processing file /home/airflow/.local/lib/python3.8/site-packages/airflow/example_dags/example_dynamic_task_mapping_with_no_taskflow_operators.py for tasks to queue
[2023-11-14T21:43:00.961+0000] {logging_mixin.py:154} INFO - [2023-11-14T21:43:00.960+0000] {dagbag.py:536} INFO - Filling up the DagBag from /home/airflow/.local/lib/python3.8/site-packages/airflow/example_dags/example_dynamic_task_mapping_with_no_taskflow_operators.py
[2023-11-14T21:43:00.968+0000] {processor.py:839} INFO - DAG(s) dict_keys(['example_dynamic_task_mapping_with_no_taskflow_operators']) retrieved from /home/airflow/.local/lib/python3.8/site-packages/airflow/example_dags/example_dynamic_task_mapping_with_no_taskflow_operators.py
[2023-11-14T21:43:00.994+0000] {logging_mixin.py:154} INFO - [2023-11-14T21:43:00.994+0000] {dag.py:2941} INFO - Sync 1 DAGs
[2023-11-14T21:43:01.025+0000] {logging_mixin.py:154} INFO - [2023-11-14T21:43:01.025+0000] {dag.py:3722} INFO - Setting next_dagrun for example_dynamic_task_mapping_with_no_taskflow_operators to 2023-11-13T21:43:01.024974+00:00, run_after=2023-11-14T21:43:01.024974+00:00
[2023-11-14T21:43:01.069+0000] {processor.py:179} INFO - Processing /home/airflow/.local/lib/python3.8/site-packages/airflow/example_dags/example_dynamic_task_mapping_with_no_taskflow_operators.py took 0.116 seconds
[2023-11-14T21:43:31.867+0000] {processor.py:157} INFO - Started process (PID=1078) to work on /home/airflow/.local/lib/python3.8/site-packages/airflow/example_dags/example_dynamic_task_mapping_with_no_taskflow_operators.py
[2023-11-14T21:43:31.868+0000] {processor.py:829} INFO - Processing file /home/airflow/.local/lib/python3.8/site-packages/airflow/example_dags/example_dynamic_task_mapping_with_no_taskflow_operators.py for tasks to queue
[2023-11-14T21:43:31.870+0000] {logging_mixin.py:154} INFO - [2023-11-14T21:43:31.870+0000] {dagbag.py:536} INFO - Filling up the DagBag from /home/airflow/.local/lib/python3.8/site-packages/airflow/example_dags/example_dynamic_task_mapping_with_no_taskflow_operators.py
[2023-11-14T21:43:31.878+0000] {processor.py:839} INFO - DAG(s) dict_keys(['example_dynamic_task_mapping_with_no_taskflow_operators']) retrieved from /home/airflow/.local/lib/python3.8/site-packages/airflow/example_dags/example_dynamic_task_mapping_with_no_taskflow_operators.py
[2023-11-14T21:43:31.901+0000] {logging_mixin.py:154} INFO - [2023-11-14T21:43:31.901+0000] {dag.py:2941} INFO - Sync 1 DAGs
[2023-11-14T21:43:31.929+0000] {logging_mixin.py:154} INFO - [2023-11-14T21:43:31.929+0000] {dag.py:3722} INFO - Setting next_dagrun for example_dynamic_task_mapping_with_no_taskflow_operators to 2023-11-13T21:43:31.929104+00:00, run_after=2023-11-14T21:43:31.929104+00:00
[2023-11-14T21:43:31.976+0000] {processor.py:179} INFO - Processing /home/airflow/.local/lib/python3.8/site-packages/airflow/example_dags/example_dynamic_task_mapping_with_no_taskflow_operators.py took 0.112 seconds
[2023-11-14T21:44:02.326+0000] {processor.py:157} INFO - Started process (PID=1132) to work on /home/airflow/.local/lib/python3.8/site-packages/airflow/example_dags/example_dynamic_task_mapping_with_no_taskflow_operators.py
[2023-11-14T21:44:02.327+0000] {processor.py:829} INFO - Processing file /home/airflow/.local/lib/python3.8/site-packages/airflow/example_dags/example_dynamic_task_mapping_with_no_taskflow_operators.py for tasks to queue
[2023-11-14T21:44:02.329+0000] {logging_mixin.py:154} INFO - [2023-11-14T21:44:02.329+0000] {dagbag.py:536} INFO - Filling up the DagBag from /home/airflow/.local/lib/python3.8/site-packages/airflow/example_dags/example_dynamic_task_mapping_with_no_taskflow_operators.py
[2023-11-14T21:44:02.337+0000] {processor.py:839} INFO - DAG(s) dict_keys(['example_dynamic_task_mapping_with_no_taskflow_operators']) retrieved from /home/airflow/.local/lib/python3.8/site-packages/airflow/example_dags/example_dynamic_task_mapping_with_no_taskflow_operators.py
[2023-11-14T21:44:02.362+0000] {logging_mixin.py:154} INFO - [2023-11-14T21:44:02.361+0000] {dag.py:2941} INFO - Sync 1 DAGs
[2023-11-14T21:44:02.392+0000] {logging_mixin.py:154} INFO - [2023-11-14T21:44:02.391+0000] {dag.py:3722} INFO - Setting next_dagrun for example_dynamic_task_mapping_with_no_taskflow_operators to 2023-11-13T21:44:02.391359+00:00, run_after=2023-11-14T21:44:02.391359+00:00
[2023-11-14T21:44:02.421+0000] {processor.py:179} INFO - Processing /home/airflow/.local/lib/python3.8/site-packages/airflow/example_dags/example_dynamic_task_mapping_with_no_taskflow_operators.py took 0.100 seconds
[2023-11-14T21:44:32.650+0000] {processor.py:157} INFO - Started process (PID=1186) to work on /home/airflow/.local/lib/python3.8/site-packages/airflow/example_dags/example_dynamic_task_mapping_with_no_taskflow_operators.py
[2023-11-14T21:44:32.652+0000] {processor.py:829} INFO - Processing file /home/airflow/.local/lib/python3.8/site-packages/airflow/example_dags/example_dynamic_task_mapping_with_no_taskflow_operators.py for tasks to queue
[2023-11-14T21:44:32.654+0000] {logging_mixin.py:154} INFO - [2023-11-14T21:44:32.654+0000] {dagbag.py:536} INFO - Filling up the DagBag from /home/airflow/.local/lib/python3.8/site-packages/airflow/example_dags/example_dynamic_task_mapping_with_no_taskflow_operators.py
[2023-11-14T21:44:32.661+0000] {processor.py:839} INFO - DAG(s) dict_keys(['example_dynamic_task_mapping_with_no_taskflow_operators']) retrieved from /home/airflow/.local/lib/python3.8/site-packages/airflow/example_dags/example_dynamic_task_mapping_with_no_taskflow_operators.py
[2023-11-14T21:44:32.685+0000] {logging_mixin.py:154} INFO - [2023-11-14T21:44:32.684+0000] {dag.py:2941} INFO - Sync 1 DAGs
[2023-11-14T21:44:32.710+0000] {logging_mixin.py:154} INFO - [2023-11-14T21:44:32.710+0000] {dag.py:3722} INFO - Setting next_dagrun for example_dynamic_task_mapping_with_no_taskflow_operators to 2023-11-13T21:44:32.709928+00:00, run_after=2023-11-14T21:44:32.709928+00:00
[2023-11-14T21:44:32.733+0000] {processor.py:179} INFO - Processing /home/airflow/.local/lib/python3.8/site-packages/airflow/example_dags/example_dynamic_task_mapping_with_no_taskflow_operators.py took 0.087 seconds
[2023-11-14T21:45:03.304+0000] {processor.py:157} INFO - Started process (PID=1240) to work on /home/airflow/.local/lib/python3.8/site-packages/airflow/example_dags/example_dynamic_task_mapping_with_no_taskflow_operators.py
[2023-11-14T21:45:03.305+0000] {processor.py:829} INFO - Processing file /home/airflow/.local/lib/python3.8/site-packages/airflow/example_dags/example_dynamic_task_mapping_with_no_taskflow_operators.py for tasks to queue
[2023-11-14T21:45:03.307+0000] {logging_mixin.py:154} INFO - [2023-11-14T21:45:03.307+0000] {dagbag.py:536} INFO - Filling up the DagBag from /home/airflow/.local/lib/python3.8/site-packages/airflow/example_dags/example_dynamic_task_mapping_with_no_taskflow_operators.py
[2023-11-14T21:45:03.315+0000] {processor.py:839} INFO - DAG(s) dict_keys(['example_dynamic_task_mapping_with_no_taskflow_operators']) retrieved from /home/airflow/.local/lib/python3.8/site-packages/airflow/example_dags/example_dynamic_task_mapping_with_no_taskflow_operators.py
[2023-11-14T21:45:03.344+0000] {logging_mixin.py:154} INFO - [2023-11-14T21:45:03.344+0000] {dag.py:2941} INFO - Sync 1 DAGs
[2023-11-14T21:45:03.374+0000] {logging_mixin.py:154} INFO - [2023-11-14T21:45:03.373+0000] {dag.py:3722} INFO - Setting next_dagrun for example_dynamic_task_mapping_with_no_taskflow_operators to 2023-11-13T21:45:03.373389+00:00, run_after=2023-11-14T21:45:03.373389+00:00
[2023-11-14T21:45:03.548+0000] {processor.py:179} INFO - Processing /home/airflow/.local/lib/python3.8/site-packages/airflow/example_dags/example_dynamic_task_mapping_with_no_taskflow_operators.py took 0.249 seconds
[2023-11-14T21:45:33.813+0000] {processor.py:157} INFO - Started process (PID=1294) to work on /home/airflow/.local/lib/python3.8/site-packages/airflow/example_dags/example_dynamic_task_mapping_with_no_taskflow_operators.py
[2023-11-14T21:45:33.814+0000] {processor.py:829} INFO - Processing file /home/airflow/.local/lib/python3.8/site-packages/airflow/example_dags/example_dynamic_task_mapping_with_no_taskflow_operators.py for tasks to queue
[2023-11-14T21:45:33.816+0000] {logging_mixin.py:154} INFO - [2023-11-14T21:45:33.816+0000] {dagbag.py:536} INFO - Filling up the DagBag from /home/airflow/.local/lib/python3.8/site-packages/airflow/example_dags/example_dynamic_task_mapping_with_no_taskflow_operators.py
[2023-11-14T21:45:33.823+0000] {processor.py:839} INFO - DAG(s) dict_keys(['example_dynamic_task_mapping_with_no_taskflow_operators']) retrieved from /home/airflow/.local/lib/python3.8/site-packages/airflow/example_dags/example_dynamic_task_mapping_with_no_taskflow_operators.py
[2023-11-14T21:45:33.849+0000] {logging_mixin.py:154} INFO - [2023-11-14T21:45:33.848+0000] {dag.py:2941} INFO - Sync 1 DAGs
[2023-11-14T21:45:33.877+0000] {logging_mixin.py:154} INFO - [2023-11-14T21:45:33.877+0000] {dag.py:3722} INFO - Setting next_dagrun for example_dynamic_task_mapping_with_no_taskflow_operators to 2023-11-13T21:45:33.877333+00:00, run_after=2023-11-14T21:45:33.877333+00:00
[2023-11-14T21:45:33.929+0000] {processor.py:179} INFO - Processing /home/airflow/.local/lib/python3.8/site-packages/airflow/example_dags/example_dynamic_task_mapping_with_no_taskflow_operators.py took 0.120 seconds
[2023-11-14T21:46:04.402+0000] {processor.py:157} INFO - Started process (PID=1348) to work on /home/airflow/.local/lib/python3.8/site-packages/airflow/example_dags/example_dynamic_task_mapping_with_no_taskflow_operators.py
[2023-11-14T21:46:04.403+0000] {processor.py:829} INFO - Processing file /home/airflow/.local/lib/python3.8/site-packages/airflow/example_dags/example_dynamic_task_mapping_with_no_taskflow_operators.py for tasks to queue
[2023-11-14T21:46:04.406+0000] {logging_mixin.py:154} INFO - [2023-11-14T21:46:04.405+0000] {dagbag.py:536} INFO - Filling up the DagBag from /home/airflow/.local/lib/python3.8/site-packages/airflow/example_dags/example_dynamic_task_mapping_with_no_taskflow_operators.py
[2023-11-14T21:46:04.412+0000] {processor.py:839} INFO - DAG(s) dict_keys(['example_dynamic_task_mapping_with_no_taskflow_operators']) retrieved from /home/airflow/.local/lib/python3.8/site-packages/airflow/example_dags/example_dynamic_task_mapping_with_no_taskflow_operators.py
[2023-11-14T21:46:04.437+0000] {logging_mixin.py:154} INFO - [2023-11-14T21:46:04.437+0000] {dag.py:2941} INFO - Sync 1 DAGs
[2023-11-14T21:46:04.622+0000] {logging_mixin.py:154} INFO - [2023-11-14T21:46:04.621+0000] {dag.py:3722} INFO - Setting next_dagrun for example_dynamic_task_mapping_with_no_taskflow_operators to 2023-11-13T21:46:04.621206+00:00, run_after=2023-11-14T21:46:04.621206+00:00
[2023-11-14T21:46:04.675+0000] {processor.py:179} INFO - Processing /home/airflow/.local/lib/python3.8/site-packages/airflow/example_dags/example_dynamic_task_mapping_with_no_taskflow_operators.py took 0.277 seconds
[2023-11-14T21:46:35.009+0000] {processor.py:157} INFO - Started process (PID=1402) to work on /home/airflow/.local/lib/python3.8/site-packages/airflow/example_dags/example_dynamic_task_mapping_with_no_taskflow_operators.py
[2023-11-14T21:46:35.010+0000] {processor.py:829} INFO - Processing file /home/airflow/.local/lib/python3.8/site-packages/airflow/example_dags/example_dynamic_task_mapping_with_no_taskflow_operators.py for tasks to queue
[2023-11-14T21:46:35.013+0000] {logging_mixin.py:154} INFO - [2023-11-14T21:46:35.012+0000] {dagbag.py:536} INFO - Filling up the DagBag from /home/airflow/.local/lib/python3.8/site-packages/airflow/example_dags/example_dynamic_task_mapping_with_no_taskflow_operators.py
[2023-11-14T21:46:35.020+0000] {processor.py:839} INFO - DAG(s) dict_keys(['example_dynamic_task_mapping_with_no_taskflow_operators']) retrieved from /home/airflow/.local/lib/python3.8/site-packages/airflow/example_dags/example_dynamic_task_mapping_with_no_taskflow_operators.py
[2023-11-14T21:46:35.045+0000] {logging_mixin.py:154} INFO - [2023-11-14T21:46:35.045+0000] {dag.py:2941} INFO - Sync 1 DAGs
[2023-11-14T21:46:35.075+0000] {logging_mixin.py:154} INFO - [2023-11-14T21:46:35.074+0000] {dag.py:3722} INFO - Setting next_dagrun for example_dynamic_task_mapping_with_no_taskflow_operators to 2023-11-13T21:46:35.074318+00:00, run_after=2023-11-14T21:46:35.074318+00:00
[2023-11-14T21:46:35.235+0000] {processor.py:179} INFO - Processing /home/airflow/.local/lib/python3.8/site-packages/airflow/example_dags/example_dynamic_task_mapping_with_no_taskflow_operators.py took 0.230 seconds
[2023-11-14T21:47:05.964+0000] {processor.py:157} INFO - Started process (PID=1456) to work on /home/airflow/.local/lib/python3.8/site-packages/airflow/example_dags/example_dynamic_task_mapping_with_no_taskflow_operators.py
[2023-11-14T21:47:05.965+0000] {processor.py:829} INFO - Processing file /home/airflow/.local/lib/python3.8/site-packages/airflow/example_dags/example_dynamic_task_mapping_with_no_taskflow_operators.py for tasks to queue
[2023-11-14T21:47:05.968+0000] {logging_mixin.py:154} INFO - [2023-11-14T21:47:05.968+0000] {dagbag.py:536} INFO - Filling up the DagBag from /home/airflow/.local/lib/python3.8/site-packages/airflow/example_dags/example_dynamic_task_mapping_with_no_taskflow_operators.py
[2023-11-14T21:47:05.976+0000] {processor.py:839} INFO - DAG(s) dict_keys(['example_dynamic_task_mapping_with_no_taskflow_operators']) retrieved from /home/airflow/.local/lib/python3.8/site-packages/airflow/example_dags/example_dynamic_task_mapping_with_no_taskflow_operators.py
[2023-11-14T21:47:06.004+0000] {logging_mixin.py:154} INFO - [2023-11-14T21:47:06.003+0000] {dag.py:2941} INFO - Sync 1 DAGs
[2023-11-14T21:47:06.036+0000] {logging_mixin.py:154} INFO - [2023-11-14T21:47:06.036+0000] {dag.py:3722} INFO - Setting next_dagrun for example_dynamic_task_mapping_with_no_taskflow_operators to 2023-11-13T21:47:06.036029+00:00, run_after=2023-11-14T21:47:06.036029+00:00
[2023-11-14T21:47:06.062+0000] {processor.py:179} INFO - Processing /home/airflow/.local/lib/python3.8/site-packages/airflow/example_dags/example_dynamic_task_mapping_with_no_taskflow_operators.py took 0.103 seconds
[2023-11-14T21:47:36.786+0000] {processor.py:157} INFO - Started process (PID=1510) to work on /home/airflow/.local/lib/python3.8/site-packages/airflow/example_dags/example_dynamic_task_mapping_with_no_taskflow_operators.py
[2023-11-14T21:47:36.788+0000] {processor.py:829} INFO - Processing file /home/airflow/.local/lib/python3.8/site-packages/airflow/example_dags/example_dynamic_task_mapping_with_no_taskflow_operators.py for tasks to queue
[2023-11-14T21:47:36.793+0000] {logging_mixin.py:154} INFO - [2023-11-14T21:47:36.793+0000] {dagbag.py:536} INFO - Filling up the DagBag from /home/airflow/.local/lib/python3.8/site-packages/airflow/example_dags/example_dynamic_task_mapping_with_no_taskflow_operators.py
[2023-11-14T21:47:36.804+0000] {processor.py:839} INFO - DAG(s) dict_keys(['example_dynamic_task_mapping_with_no_taskflow_operators']) retrieved from /home/airflow/.local/lib/python3.8/site-packages/airflow/example_dags/example_dynamic_task_mapping_with_no_taskflow_operators.py
[2023-11-14T21:47:36.832+0000] {logging_mixin.py:154} INFO - [2023-11-14T21:47:36.831+0000] {dag.py:2941} INFO - Sync 1 DAGs
[2023-11-14T21:47:37.040+0000] {logging_mixin.py:154} INFO - [2023-11-14T21:47:37.040+0000] {dag.py:3722} INFO - Setting next_dagrun for example_dynamic_task_mapping_with_no_taskflow_operators to 2023-11-13T21:47:37.039746+00:00, run_after=2023-11-14T21:47:37.039746+00:00
[2023-11-14T21:47:37.123+0000] {processor.py:179} INFO - Processing /home/airflow/.local/lib/python3.8/site-packages/airflow/example_dags/example_dynamic_task_mapping_with_no_taskflow_operators.py took 0.342 seconds
[2023-11-14T21:48:07.689+0000] {processor.py:157} INFO - Started process (PID=1564) to work on /home/airflow/.local/lib/python3.8/site-packages/airflow/example_dags/example_dynamic_task_mapping_with_no_taskflow_operators.py
[2023-11-14T21:48:07.691+0000] {processor.py:829} INFO - Processing file /home/airflow/.local/lib/python3.8/site-packages/airflow/example_dags/example_dynamic_task_mapping_with_no_taskflow_operators.py for tasks to queue
[2023-11-14T21:48:07.694+0000] {logging_mixin.py:154} INFO - [2023-11-14T21:48:07.694+0000] {dagbag.py:536} INFO - Filling up the DagBag from /home/airflow/.local/lib/python3.8/site-packages/airflow/example_dags/example_dynamic_task_mapping_with_no_taskflow_operators.py
[2023-11-14T21:48:07.703+0000] {processor.py:839} INFO - DAG(s) dict_keys(['example_dynamic_task_mapping_with_no_taskflow_operators']) retrieved from /home/airflow/.local/lib/python3.8/site-packages/airflow/example_dags/example_dynamic_task_mapping_with_no_taskflow_operators.py
[2023-11-14T21:48:07.734+0000] {logging_mixin.py:154} INFO - [2023-11-14T21:48:07.733+0000] {dag.py:2941} INFO - Sync 1 DAGs
[2023-11-14T21:48:07.767+0000] {logging_mixin.py:154} INFO - [2023-11-14T21:48:07.767+0000] {dag.py:3722} INFO - Setting next_dagrun for example_dynamic_task_mapping_with_no_taskflow_operators to 2023-11-13T21:48:07.767056+00:00, run_after=2023-11-14T21:48:07.767056+00:00
[2023-11-14T21:48:07.966+0000] {processor.py:179} INFO - Processing /home/airflow/.local/lib/python3.8/site-packages/airflow/example_dags/example_dynamic_task_mapping_with_no_taskflow_operators.py took 0.282 seconds
[2023-11-14T21:48:38.832+0000] {processor.py:157} INFO - Started process (PID=1626) to work on /home/airflow/.local/lib/python3.8/site-packages/airflow/example_dags/example_dynamic_task_mapping_with_no_taskflow_operators.py
[2023-11-14T21:48:38.834+0000] {processor.py:829} INFO - Processing file /home/airflow/.local/lib/python3.8/site-packages/airflow/example_dags/example_dynamic_task_mapping_with_no_taskflow_operators.py for tasks to queue
[2023-11-14T21:48:38.836+0000] {logging_mixin.py:154} INFO - [2023-11-14T21:48:38.836+0000] {dagbag.py:536} INFO - Filling up the DagBag from /home/airflow/.local/lib/python3.8/site-packages/airflow/example_dags/example_dynamic_task_mapping_with_no_taskflow_operators.py
[2023-11-14T21:48:38.981+0000] {processor.py:839} INFO - DAG(s) dict_keys(['example_dynamic_task_mapping_with_no_taskflow_operators']) retrieved from /home/airflow/.local/lib/python3.8/site-packages/airflow/example_dags/example_dynamic_task_mapping_with_no_taskflow_operators.py
[2023-11-14T21:48:39.007+0000] {logging_mixin.py:154} INFO - [2023-11-14T21:48:39.006+0000] {dag.py:2941} INFO - Sync 1 DAGs
[2023-11-14T21:48:39.034+0000] {logging_mixin.py:154} INFO - [2023-11-14T21:48:39.034+0000] {dag.py:3722} INFO - Setting next_dagrun for example_dynamic_task_mapping_with_no_taskflow_operators to 2023-11-13T21:48:39.033845+00:00, run_after=2023-11-14T21:48:39.033845+00:00
[2023-11-14T21:48:39.054+0000] {processor.py:179} INFO - Processing /home/airflow/.local/lib/python3.8/site-packages/airflow/example_dags/example_dynamic_task_mapping_with_no_taskflow_operators.py took 0.226 seconds
[2023-11-14T21:49:09.612+0000] {processor.py:157} INFO - Started process (PID=1680) to work on /home/airflow/.local/lib/python3.8/site-packages/airflow/example_dags/example_dynamic_task_mapping_with_no_taskflow_operators.py
[2023-11-14T21:49:09.614+0000] {processor.py:829} INFO - Processing file /home/airflow/.local/lib/python3.8/site-packages/airflow/example_dags/example_dynamic_task_mapping_with_no_taskflow_operators.py for tasks to queue
[2023-11-14T21:49:09.616+0000] {logging_mixin.py:154} INFO - [2023-11-14T21:49:09.616+0000] {dagbag.py:536} INFO - Filling up the DagBag from /home/airflow/.local/lib/python3.8/site-packages/airflow/example_dags/example_dynamic_task_mapping_with_no_taskflow_operators.py
[2023-11-14T21:49:09.623+0000] {processor.py:839} INFO - DAG(s) dict_keys(['example_dynamic_task_mapping_with_no_taskflow_operators']) retrieved from /home/airflow/.local/lib/python3.8/site-packages/airflow/example_dags/example_dynamic_task_mapping_with_no_taskflow_operators.py
[2023-11-14T21:49:09.649+0000] {logging_mixin.py:154} INFO - [2023-11-14T21:49:09.649+0000] {dag.py:2941} INFO - Sync 1 DAGs
[2023-11-14T21:49:09.824+0000] {logging_mixin.py:154} INFO - [2023-11-14T21:49:09.824+0000] {dag.py:3722} INFO - Setting next_dagrun for example_dynamic_task_mapping_with_no_taskflow_operators to 2023-11-13T21:49:09.823614+00:00, run_after=2023-11-14T21:49:09.823614+00:00
[2023-11-14T21:49:09.873+0000] {processor.py:179} INFO - Processing /home/airflow/.local/lib/python3.8/site-packages/airflow/example_dags/example_dynamic_task_mapping_with_no_taskflow_operators.py took 0.265 seconds
[2023-11-14T21:49:40.366+0000] {processor.py:157} INFO - Started process (PID=1734) to work on /home/airflow/.local/lib/python3.8/site-packages/airflow/example_dags/example_dynamic_task_mapping_with_no_taskflow_operators.py
[2023-11-14T21:49:40.369+0000] {processor.py:829} INFO - Processing file /home/airflow/.local/lib/python3.8/site-packages/airflow/example_dags/example_dynamic_task_mapping_with_no_taskflow_operators.py for tasks to queue
[2023-11-14T21:49:40.374+0000] {logging_mixin.py:154} INFO - [2023-11-14T21:49:40.374+0000] {dagbag.py:536} INFO - Filling up the DagBag from /home/airflow/.local/lib/python3.8/site-packages/airflow/example_dags/example_dynamic_task_mapping_with_no_taskflow_operators.py
[2023-11-14T21:49:40.384+0000] {processor.py:839} INFO - DAG(s) dict_keys(['example_dynamic_task_mapping_with_no_taskflow_operators']) retrieved from /home/airflow/.local/lib/python3.8/site-packages/airflow/example_dags/example_dynamic_task_mapping_with_no_taskflow_operators.py
[2023-11-14T21:49:40.409+0000] {logging_mixin.py:154} INFO - [2023-11-14T21:49:40.409+0000] {dag.py:2941} INFO - Sync 1 DAGs
[2023-11-14T21:49:40.438+0000] {logging_mixin.py:154} INFO - [2023-11-14T21:49:40.437+0000] {dag.py:3722} INFO - Setting next_dagrun for example_dynamic_task_mapping_with_no_taskflow_operators to 2023-11-13T21:49:40.437396+00:00, run_after=2023-11-14T21:49:40.437396+00:00
[2023-11-14T21:49:40.464+0000] {processor.py:179} INFO - Processing /home/airflow/.local/lib/python3.8/site-packages/airflow/example_dags/example_dynamic_task_mapping_with_no_taskflow_operators.py took 0.108 seconds
[2023-11-14T21:50:11.161+0000] {processor.py:157} INFO - Started process (PID=1788) to work on /home/airflow/.local/lib/python3.8/site-packages/airflow/example_dags/example_dynamic_task_mapping_with_no_taskflow_operators.py
[2023-11-14T21:50:11.162+0000] {processor.py:829} INFO - Processing file /home/airflow/.local/lib/python3.8/site-packages/airflow/example_dags/example_dynamic_task_mapping_with_no_taskflow_operators.py for tasks to queue
[2023-11-14T21:50:11.165+0000] {logging_mixin.py:154} INFO - [2023-11-14T21:50:11.165+0000] {dagbag.py:536} INFO - Filling up the DagBag from /home/airflow/.local/lib/python3.8/site-packages/airflow/example_dags/example_dynamic_task_mapping_with_no_taskflow_operators.py
[2023-11-14T21:50:11.173+0000] {processor.py:839} INFO - DAG(s) dict_keys(['example_dynamic_task_mapping_with_no_taskflow_operators']) retrieved from /home/airflow/.local/lib/python3.8/site-packages/airflow/example_dags/example_dynamic_task_mapping_with_no_taskflow_operators.py
[2023-11-14T21:50:11.200+0000] {logging_mixin.py:154} INFO - [2023-11-14T21:50:11.199+0000] {dag.py:2941} INFO - Sync 1 DAGs
[2023-11-14T21:50:11.232+0000] {logging_mixin.py:154} INFO - [2023-11-14T21:50:11.231+0000] {dag.py:3722} INFO - Setting next_dagrun for example_dynamic_task_mapping_with_no_taskflow_operators to 2023-11-13T21:50:11.231486+00:00, run_after=2023-11-14T21:50:11.231486+00:00
[2023-11-14T21:50:11.270+0000] {processor.py:179} INFO - Processing /home/airflow/.local/lib/python3.8/site-packages/airflow/example_dags/example_dynamic_task_mapping_with_no_taskflow_operators.py took 0.114 seconds
[2023-11-14T21:50:41.348+0000] {processor.py:157} INFO - Started process (PID=1842) to work on /home/airflow/.local/lib/python3.8/site-packages/airflow/example_dags/example_dynamic_task_mapping_with_no_taskflow_operators.py
[2023-11-14T21:50:41.350+0000] {processor.py:829} INFO - Processing file /home/airflow/.local/lib/python3.8/site-packages/airflow/example_dags/example_dynamic_task_mapping_with_no_taskflow_operators.py for tasks to queue
[2023-11-14T21:50:41.354+0000] {logging_mixin.py:154} INFO - [2023-11-14T21:50:41.353+0000] {dagbag.py:536} INFO - Filling up the DagBag from /home/airflow/.local/lib/python3.8/site-packages/airflow/example_dags/example_dynamic_task_mapping_with_no_taskflow_operators.py
[2023-11-14T21:50:41.362+0000] {processor.py:839} INFO - DAG(s) dict_keys(['example_dynamic_task_mapping_with_no_taskflow_operators']) retrieved from /home/airflow/.local/lib/python3.8/site-packages/airflow/example_dags/example_dynamic_task_mapping_with_no_taskflow_operators.py
[2023-11-14T21:50:41.393+0000] {logging_mixin.py:154} INFO - [2023-11-14T21:50:41.393+0000] {dag.py:2941} INFO - Sync 1 DAGs
[2023-11-14T21:50:41.428+0000] {logging_mixin.py:154} INFO - [2023-11-14T21:50:41.428+0000] {dag.py:3722} INFO - Setting next_dagrun for example_dynamic_task_mapping_with_no_taskflow_operators to 2023-11-13T21:50:41.427651+00:00, run_after=2023-11-14T21:50:41.427651+00:00
[2023-11-14T21:50:41.459+0000] {processor.py:179} INFO - Processing /home/airflow/.local/lib/python3.8/site-packages/airflow/example_dags/example_dynamic_task_mapping_with_no_taskflow_operators.py took 0.117 seconds
[2023-11-14T21:51:11.791+0000] {processor.py:157} INFO - Started process (PID=1896) to work on /home/airflow/.local/lib/python3.8/site-packages/airflow/example_dags/example_dynamic_task_mapping_with_no_taskflow_operators.py
[2023-11-14T21:51:11.793+0000] {processor.py:829} INFO - Processing file /home/airflow/.local/lib/python3.8/site-packages/airflow/example_dags/example_dynamic_task_mapping_with_no_taskflow_operators.py for tasks to queue
[2023-11-14T21:51:11.796+0000] {logging_mixin.py:154} INFO - [2023-11-14T21:51:11.796+0000] {dagbag.py:536} INFO - Filling up the DagBag from /home/airflow/.local/lib/python3.8/site-packages/airflow/example_dags/example_dynamic_task_mapping_with_no_taskflow_operators.py
[2023-11-14T21:51:11.804+0000] {processor.py:839} INFO - DAG(s) dict_keys(['example_dynamic_task_mapping_with_no_taskflow_operators']) retrieved from /home/airflow/.local/lib/python3.8/site-packages/airflow/example_dags/example_dynamic_task_mapping_with_no_taskflow_operators.py
[2023-11-14T21:51:11.828+0000] {logging_mixin.py:154} INFO - [2023-11-14T21:51:11.828+0000] {dag.py:2941} INFO - Sync 1 DAGs
[2023-11-14T21:51:11.857+0000] {logging_mixin.py:154} INFO - [2023-11-14T21:51:11.856+0000] {dag.py:3722} INFO - Setting next_dagrun for example_dynamic_task_mapping_with_no_taskflow_operators to 2023-11-13T21:51:11.856565+00:00, run_after=2023-11-14T21:51:11.856565+00:00
[2023-11-14T21:51:11.894+0000] {processor.py:179} INFO - Processing /home/airflow/.local/lib/python3.8/site-packages/airflow/example_dags/example_dynamic_task_mapping_with_no_taskflow_operators.py took 0.107 seconds
[2023-11-14T21:51:42.580+0000] {processor.py:157} INFO - Started process (PID=1950) to work on /home/airflow/.local/lib/python3.8/site-packages/airflow/example_dags/example_dynamic_task_mapping_with_no_taskflow_operators.py
[2023-11-14T21:51:42.582+0000] {processor.py:829} INFO - Processing file /home/airflow/.local/lib/python3.8/site-packages/airflow/example_dags/example_dynamic_task_mapping_with_no_taskflow_operators.py for tasks to queue
[2023-11-14T21:51:42.586+0000] {logging_mixin.py:154} INFO - [2023-11-14T21:51:42.585+0000] {dagbag.py:536} INFO - Filling up the DagBag from /home/airflow/.local/lib/python3.8/site-packages/airflow/example_dags/example_dynamic_task_mapping_with_no_taskflow_operators.py
[2023-11-14T21:51:42.595+0000] {processor.py:839} INFO - DAG(s) dict_keys(['example_dynamic_task_mapping_with_no_taskflow_operators']) retrieved from /home/airflow/.local/lib/python3.8/site-packages/airflow/example_dags/example_dynamic_task_mapping_with_no_taskflow_operators.py
[2023-11-14T21:51:42.622+0000] {logging_mixin.py:154} INFO - [2023-11-14T21:51:42.622+0000] {dag.py:2941} INFO - Sync 1 DAGs
[2023-11-14T21:51:42.654+0000] {logging_mixin.py:154} INFO - [2023-11-14T21:51:42.654+0000] {dag.py:3722} INFO - Setting next_dagrun for example_dynamic_task_mapping_with_no_taskflow_operators to 2023-11-13T21:51:42.653557+00:00, run_after=2023-11-14T21:51:42.653557+00:00
[2023-11-14T21:51:42.702+0000] {processor.py:179} INFO - Processing /home/airflow/.local/lib/python3.8/site-packages/airflow/example_dags/example_dynamic_task_mapping_with_no_taskflow_operators.py took 0.128 seconds
[2023-11-14T21:52:13.000+0000] {processor.py:157} INFO - Started process (PID=2005) to work on /home/airflow/.local/lib/python3.8/site-packages/airflow/example_dags/example_dynamic_task_mapping_with_no_taskflow_operators.py
[2023-11-14T21:52:13.001+0000] {processor.py:829} INFO - Processing file /home/airflow/.local/lib/python3.8/site-packages/airflow/example_dags/example_dynamic_task_mapping_with_no_taskflow_operators.py for tasks to queue
[2023-11-14T21:52:13.006+0000] {logging_mixin.py:154} INFO - [2023-11-14T21:52:13.006+0000] {dagbag.py:536} INFO - Filling up the DagBag from /home/airflow/.local/lib/python3.8/site-packages/airflow/example_dags/example_dynamic_task_mapping_with_no_taskflow_operators.py
[2023-11-14T21:52:13.018+0000] {processor.py:839} INFO - DAG(s) dict_keys(['example_dynamic_task_mapping_with_no_taskflow_operators']) retrieved from /home/airflow/.local/lib/python3.8/site-packages/airflow/example_dags/example_dynamic_task_mapping_with_no_taskflow_operators.py
[2023-11-14T21:52:13.059+0000] {logging_mixin.py:154} INFO - [2023-11-14T21:52:13.058+0000] {dag.py:2941} INFO - Sync 1 DAGs
[2023-11-14T21:52:13.108+0000] {logging_mixin.py:154} INFO - [2023-11-14T21:52:13.108+0000] {dag.py:3722} INFO - Setting next_dagrun for example_dynamic_task_mapping_with_no_taskflow_operators to 2023-11-13T21:52:13.108075+00:00, run_after=2023-11-14T21:52:13.108075+00:00
[2023-11-14T21:52:13.152+0000] {processor.py:179} INFO - Processing /home/airflow/.local/lib/python3.8/site-packages/airflow/example_dags/example_dynamic_task_mapping_with_no_taskflow_operators.py took 0.159 seconds
[2023-11-14T21:52:43.620+0000] {processor.py:157} INFO - Started process (PID=2059) to work on /home/airflow/.local/lib/python3.8/site-packages/airflow/example_dags/example_dynamic_task_mapping_with_no_taskflow_operators.py
[2023-11-14T21:52:43.622+0000] {processor.py:829} INFO - Processing file /home/airflow/.local/lib/python3.8/site-packages/airflow/example_dags/example_dynamic_task_mapping_with_no_taskflow_operators.py for tasks to queue
[2023-11-14T21:52:43.625+0000] {logging_mixin.py:154} INFO - [2023-11-14T21:52:43.625+0000] {dagbag.py:536} INFO - Filling up the DagBag from /home/airflow/.local/lib/python3.8/site-packages/airflow/example_dags/example_dynamic_task_mapping_with_no_taskflow_operators.py
[2023-11-14T21:52:43.633+0000] {processor.py:839} INFO - DAG(s) dict_keys(['example_dynamic_task_mapping_with_no_taskflow_operators']) retrieved from /home/airflow/.local/lib/python3.8/site-packages/airflow/example_dags/example_dynamic_task_mapping_with_no_taskflow_operators.py
[2023-11-14T21:52:43.659+0000] {logging_mixin.py:154} INFO - [2023-11-14T21:52:43.659+0000] {dag.py:2941} INFO - Sync 1 DAGs
[2023-11-14T21:52:43.688+0000] {logging_mixin.py:154} INFO - [2023-11-14T21:52:43.687+0000] {dag.py:3722} INFO - Setting next_dagrun for example_dynamic_task_mapping_with_no_taskflow_operators to 2023-11-13T21:52:43.687604+00:00, run_after=2023-11-14T21:52:43.687604+00:00
[2023-11-14T21:52:43.713+0000] {processor.py:179} INFO - Processing /home/airflow/.local/lib/python3.8/site-packages/airflow/example_dags/example_dynamic_task_mapping_with_no_taskflow_operators.py took 0.097 seconds
[2023-11-14T21:53:14.273+0000] {processor.py:157} INFO - Started process (PID=2113) to work on /home/airflow/.local/lib/python3.8/site-packages/airflow/example_dags/example_dynamic_task_mapping_with_no_taskflow_operators.py
[2023-11-14T21:53:14.274+0000] {processor.py:829} INFO - Processing file /home/airflow/.local/lib/python3.8/site-packages/airflow/example_dags/example_dynamic_task_mapping_with_no_taskflow_operators.py for tasks to queue
[2023-11-14T21:53:14.277+0000] {logging_mixin.py:154} INFO - [2023-11-14T21:53:14.277+0000] {dagbag.py:536} INFO - Filling up the DagBag from /home/airflow/.local/lib/python3.8/site-packages/airflow/example_dags/example_dynamic_task_mapping_with_no_taskflow_operators.py
[2023-11-14T21:53:14.284+0000] {processor.py:839} INFO - DAG(s) dict_keys(['example_dynamic_task_mapping_with_no_taskflow_operators']) retrieved from /home/airflow/.local/lib/python3.8/site-packages/airflow/example_dags/example_dynamic_task_mapping_with_no_taskflow_operators.py
[2023-11-14T21:53:14.309+0000] {logging_mixin.py:154} INFO - [2023-11-14T21:53:14.309+0000] {dag.py:2941} INFO - Sync 1 DAGs
[2023-11-14T21:53:14.340+0000] {logging_mixin.py:154} INFO - [2023-11-14T21:53:14.340+0000] {dag.py:3722} INFO - Setting next_dagrun for example_dynamic_task_mapping_with_no_taskflow_operators to 2023-11-13T21:53:14.339967+00:00, run_after=2023-11-14T21:53:14.339967+00:00
[2023-11-14T21:53:14.364+0000] {processor.py:179} INFO - Processing /home/airflow/.local/lib/python3.8/site-packages/airflow/example_dags/example_dynamic_task_mapping_with_no_taskflow_operators.py took 0.095 seconds
[2023-11-14T21:53:45.027+0000] {processor.py:157} INFO - Started process (PID=2167) to work on /home/airflow/.local/lib/python3.8/site-packages/airflow/example_dags/example_dynamic_task_mapping_with_no_taskflow_operators.py
[2023-11-14T21:53:45.028+0000] {processor.py:829} INFO - Processing file /home/airflow/.local/lib/python3.8/site-packages/airflow/example_dags/example_dynamic_task_mapping_with_no_taskflow_operators.py for tasks to queue
[2023-11-14T21:53:45.034+0000] {logging_mixin.py:154} INFO - [2023-11-14T21:53:45.033+0000] {dagbag.py:536} INFO - Filling up the DagBag from /home/airflow/.local/lib/python3.8/site-packages/airflow/example_dags/example_dynamic_task_mapping_with_no_taskflow_operators.py
[2023-11-14T21:53:45.043+0000] {processor.py:839} INFO - DAG(s) dict_keys(['example_dynamic_task_mapping_with_no_taskflow_operators']) retrieved from /home/airflow/.local/lib/python3.8/site-packages/airflow/example_dags/example_dynamic_task_mapping_with_no_taskflow_operators.py
[2023-11-14T21:53:45.070+0000] {logging_mixin.py:154} INFO - [2023-11-14T21:53:45.070+0000] {dag.py:2941} INFO - Sync 1 DAGs
[2023-11-14T21:53:45.099+0000] {logging_mixin.py:154} INFO - [2023-11-14T21:53:45.099+0000] {dag.py:3722} INFO - Setting next_dagrun for example_dynamic_task_mapping_with_no_taskflow_operators to 2023-11-13T21:53:45.098655+00:00, run_after=2023-11-14T21:53:45.098655+00:00
[2023-11-14T21:53:45.123+0000] {processor.py:179} INFO - Processing /home/airflow/.local/lib/python3.8/site-packages/airflow/example_dags/example_dynamic_task_mapping_with_no_taskflow_operators.py took 0.102 seconds
[2023-11-14T21:54:15.750+0000] {processor.py:157} INFO - Started process (PID=2221) to work on /home/airflow/.local/lib/python3.8/site-packages/airflow/example_dags/example_dynamic_task_mapping_with_no_taskflow_operators.py
[2023-11-14T21:54:15.751+0000] {processor.py:829} INFO - Processing file /home/airflow/.local/lib/python3.8/site-packages/airflow/example_dags/example_dynamic_task_mapping_with_no_taskflow_operators.py for tasks to queue
[2023-11-14T21:54:15.755+0000] {logging_mixin.py:154} INFO - [2023-11-14T21:54:15.755+0000] {dagbag.py:536} INFO - Filling up the DagBag from /home/airflow/.local/lib/python3.8/site-packages/airflow/example_dags/example_dynamic_task_mapping_with_no_taskflow_operators.py
[2023-11-14T21:54:15.763+0000] {processor.py:839} INFO - DAG(s) dict_keys(['example_dynamic_task_mapping_with_no_taskflow_operators']) retrieved from /home/airflow/.local/lib/python3.8/site-packages/airflow/example_dags/example_dynamic_task_mapping_with_no_taskflow_operators.py
[2023-11-14T21:54:15.796+0000] {logging_mixin.py:154} INFO - [2023-11-14T21:54:15.796+0000] {dag.py:2941} INFO - Sync 1 DAGs
[2023-11-14T21:54:15.841+0000] {logging_mixin.py:154} INFO - [2023-11-14T21:54:15.840+0000] {dag.py:3722} INFO - Setting next_dagrun for example_dynamic_task_mapping_with_no_taskflow_operators to 2023-11-13T21:54:15.840448+00:00, run_after=2023-11-14T21:54:15.840448+00:00
[2023-11-14T21:54:15.878+0000] {processor.py:179} INFO - Processing /home/airflow/.local/lib/python3.8/site-packages/airflow/example_dags/example_dynamic_task_mapping_with_no_taskflow_operators.py took 0.132 seconds
[2023-11-14T21:54:46.402+0000] {processor.py:157} INFO - Started process (PID=2275) to work on /home/airflow/.local/lib/python3.8/site-packages/airflow/example_dags/example_dynamic_task_mapping_with_no_taskflow_operators.py
[2023-11-14T21:54:46.404+0000] {processor.py:829} INFO - Processing file /home/airflow/.local/lib/python3.8/site-packages/airflow/example_dags/example_dynamic_task_mapping_with_no_taskflow_operators.py for tasks to queue
[2023-11-14T21:54:46.408+0000] {logging_mixin.py:154} INFO - [2023-11-14T21:54:46.407+0000] {dagbag.py:536} INFO - Filling up the DagBag from /home/airflow/.local/lib/python3.8/site-packages/airflow/example_dags/example_dynamic_task_mapping_with_no_taskflow_operators.py
[2023-11-14T21:54:46.415+0000] {processor.py:839} INFO - DAG(s) dict_keys(['example_dynamic_task_mapping_with_no_taskflow_operators']) retrieved from /home/airflow/.local/lib/python3.8/site-packages/airflow/example_dags/example_dynamic_task_mapping_with_no_taskflow_operators.py
[2023-11-14T21:54:46.439+0000] {logging_mixin.py:154} INFO - [2023-11-14T21:54:46.438+0000] {dag.py:2941} INFO - Sync 1 DAGs
[2023-11-14T21:54:46.466+0000] {logging_mixin.py:154} INFO - [2023-11-14T21:54:46.465+0000] {dag.py:3722} INFO - Setting next_dagrun for example_dynamic_task_mapping_with_no_taskflow_operators to 2023-11-13T21:54:46.465624+00:00, run_after=2023-11-14T21:54:46.465624+00:00
[2023-11-14T21:54:46.488+0000] {processor.py:179} INFO - Processing /home/airflow/.local/lib/python3.8/site-packages/airflow/example_dags/example_dynamic_task_mapping_with_no_taskflow_operators.py took 0.090 seconds
[2023-11-14T21:55:16.711+0000] {processor.py:157} INFO - Started process (PID=2330) to work on /home/airflow/.local/lib/python3.8/site-packages/airflow/example_dags/example_dynamic_task_mapping_with_no_taskflow_operators.py
[2023-11-14T21:55:16.712+0000] {processor.py:829} INFO - Processing file /home/airflow/.local/lib/python3.8/site-packages/airflow/example_dags/example_dynamic_task_mapping_with_no_taskflow_operators.py for tasks to queue
[2023-11-14T21:55:16.716+0000] {logging_mixin.py:154} INFO - [2023-11-14T21:55:16.716+0000] {dagbag.py:536} INFO - Filling up the DagBag from /home/airflow/.local/lib/python3.8/site-packages/airflow/example_dags/example_dynamic_task_mapping_with_no_taskflow_operators.py
[2023-11-14T21:55:16.725+0000] {processor.py:839} INFO - DAG(s) dict_keys(['example_dynamic_task_mapping_with_no_taskflow_operators']) retrieved from /home/airflow/.local/lib/python3.8/site-packages/airflow/example_dags/example_dynamic_task_mapping_with_no_taskflow_operators.py
[2023-11-14T21:55:16.753+0000] {logging_mixin.py:154} INFO - [2023-11-14T21:55:16.753+0000] {dag.py:2941} INFO - Sync 1 DAGs
[2023-11-14T21:55:16.789+0000] {logging_mixin.py:154} INFO - [2023-11-14T21:55:16.789+0000] {dag.py:3722} INFO - Setting next_dagrun for example_dynamic_task_mapping_with_no_taskflow_operators to 2023-11-13T21:55:16.789167+00:00, run_after=2023-11-14T21:55:16.789167+00:00
[2023-11-14T21:55:16.829+0000] {processor.py:179} INFO - Processing /home/airflow/.local/lib/python3.8/site-packages/airflow/example_dags/example_dynamic_task_mapping_with_no_taskflow_operators.py took 0.122 seconds
[2023-11-14T21:55:47.217+0000] {processor.py:157} INFO - Started process (PID=2384) to work on /home/airflow/.local/lib/python3.8/site-packages/airflow/example_dags/example_dynamic_task_mapping_with_no_taskflow_operators.py
[2023-11-14T21:55:47.219+0000] {processor.py:829} INFO - Processing file /home/airflow/.local/lib/python3.8/site-packages/airflow/example_dags/example_dynamic_task_mapping_with_no_taskflow_operators.py for tasks to queue
[2023-11-14T21:55:47.222+0000] {logging_mixin.py:154} INFO - [2023-11-14T21:55:47.222+0000] {dagbag.py:536} INFO - Filling up the DagBag from /home/airflow/.local/lib/python3.8/site-packages/airflow/example_dags/example_dynamic_task_mapping_with_no_taskflow_operators.py
[2023-11-14T21:55:47.230+0000] {processor.py:839} INFO - DAG(s) dict_keys(['example_dynamic_task_mapping_with_no_taskflow_operators']) retrieved from /home/airflow/.local/lib/python3.8/site-packages/airflow/example_dags/example_dynamic_task_mapping_with_no_taskflow_operators.py
[2023-11-14T21:55:47.255+0000] {logging_mixin.py:154} INFO - [2023-11-14T21:55:47.255+0000] {dag.py:2941} INFO - Sync 1 DAGs
[2023-11-14T21:55:47.285+0000] {logging_mixin.py:154} INFO - [2023-11-14T21:55:47.284+0000] {dag.py:3722} INFO - Setting next_dagrun for example_dynamic_task_mapping_with_no_taskflow_operators to 2023-11-13T21:55:47.284474+00:00, run_after=2023-11-14T21:55:47.284474+00:00
[2023-11-14T21:55:47.317+0000] {processor.py:179} INFO - Processing /home/airflow/.local/lib/python3.8/site-packages/airflow/example_dags/example_dynamic_task_mapping_with_no_taskflow_operators.py took 0.104 seconds
[2023-11-14T21:56:18.058+0000] {processor.py:157} INFO - Started process (PID=2438) to work on /home/airflow/.local/lib/python3.8/site-packages/airflow/example_dags/example_dynamic_task_mapping_with_no_taskflow_operators.py
[2023-11-14T21:56:18.061+0000] {processor.py:829} INFO - Processing file /home/airflow/.local/lib/python3.8/site-packages/airflow/example_dags/example_dynamic_task_mapping_with_no_taskflow_operators.py for tasks to queue
[2023-11-14T21:56:18.069+0000] {logging_mixin.py:154} INFO - [2023-11-14T21:56:18.068+0000] {dagbag.py:536} INFO - Filling up the DagBag from /home/airflow/.local/lib/python3.8/site-packages/airflow/example_dags/example_dynamic_task_mapping_with_no_taskflow_operators.py
[2023-11-14T21:56:18.081+0000] {processor.py:839} INFO - DAG(s) dict_keys(['example_dynamic_task_mapping_with_no_taskflow_operators']) retrieved from /home/airflow/.local/lib/python3.8/site-packages/airflow/example_dags/example_dynamic_task_mapping_with_no_taskflow_operators.py
[2023-11-14T21:56:18.111+0000] {logging_mixin.py:154} INFO - [2023-11-14T21:56:18.111+0000] {dag.py:2941} INFO - Sync 1 DAGs
[2023-11-14T21:56:18.141+0000] {logging_mixin.py:154} INFO - [2023-11-14T21:56:18.141+0000] {dag.py:3722} INFO - Setting next_dagrun for example_dynamic_task_mapping_with_no_taskflow_operators to 2023-11-13T21:56:18.141123+00:00, run_after=2023-11-14T21:56:18.141123+00:00
[2023-11-14T21:56:18.166+0000] {processor.py:179} INFO - Processing /home/airflow/.local/lib/python3.8/site-packages/airflow/example_dags/example_dynamic_task_mapping_with_no_taskflow_operators.py took 0.118 seconds
[2023-11-14T21:56:48.645+0000] {processor.py:157} INFO - Started process (PID=2493) to work on /home/airflow/.local/lib/python3.8/site-packages/airflow/example_dags/example_dynamic_task_mapping_with_no_taskflow_operators.py
[2023-11-14T21:56:48.646+0000] {processor.py:829} INFO - Processing file /home/airflow/.local/lib/python3.8/site-packages/airflow/example_dags/example_dynamic_task_mapping_with_no_taskflow_operators.py for tasks to queue
[2023-11-14T21:56:48.650+0000] {logging_mixin.py:154} INFO - [2023-11-14T21:56:48.649+0000] {dagbag.py:536} INFO - Filling up the DagBag from /home/airflow/.local/lib/python3.8/site-packages/airflow/example_dags/example_dynamic_task_mapping_with_no_taskflow_operators.py
[2023-11-14T21:56:48.660+0000] {processor.py:839} INFO - DAG(s) dict_keys(['example_dynamic_task_mapping_with_no_taskflow_operators']) retrieved from /home/airflow/.local/lib/python3.8/site-packages/airflow/example_dags/example_dynamic_task_mapping_with_no_taskflow_operators.py
[2023-11-14T21:56:48.688+0000] {logging_mixin.py:154} INFO - [2023-11-14T21:56:48.687+0000] {dag.py:2941} INFO - Sync 1 DAGs
[2023-11-14T21:56:48.716+0000] {logging_mixin.py:154} INFO - [2023-11-14T21:56:48.716+0000] {dag.py:3722} INFO - Setting next_dagrun for example_dynamic_task_mapping_with_no_taskflow_operators to 2023-11-13T21:56:48.715787+00:00, run_after=2023-11-14T21:56:48.715787+00:00
[2023-11-14T21:56:48.736+0000] {processor.py:179} INFO - Processing /home/airflow/.local/lib/python3.8/site-packages/airflow/example_dags/example_dynamic_task_mapping_with_no_taskflow_operators.py took 0.095 seconds
[2023-11-14T21:57:19.337+0000] {processor.py:157} INFO - Started process (PID=2547) to work on /home/airflow/.local/lib/python3.8/site-packages/airflow/example_dags/example_dynamic_task_mapping_with_no_taskflow_operators.py
[2023-11-14T21:57:19.338+0000] {processor.py:829} INFO - Processing file /home/airflow/.local/lib/python3.8/site-packages/airflow/example_dags/example_dynamic_task_mapping_with_no_taskflow_operators.py for tasks to queue
[2023-11-14T21:57:19.341+0000] {logging_mixin.py:154} INFO - [2023-11-14T21:57:19.341+0000] {dagbag.py:536} INFO - Filling up the DagBag from /home/airflow/.local/lib/python3.8/site-packages/airflow/example_dags/example_dynamic_task_mapping_with_no_taskflow_operators.py
[2023-11-14T21:57:19.349+0000] {processor.py:839} INFO - DAG(s) dict_keys(['example_dynamic_task_mapping_with_no_taskflow_operators']) retrieved from /home/airflow/.local/lib/python3.8/site-packages/airflow/example_dags/example_dynamic_task_mapping_with_no_taskflow_operators.py
[2023-11-14T21:57:19.373+0000] {logging_mixin.py:154} INFO - [2023-11-14T21:57:19.373+0000] {dag.py:2941} INFO - Sync 1 DAGs
[2023-11-14T21:57:19.402+0000] {logging_mixin.py:154} INFO - [2023-11-14T21:57:19.402+0000] {dag.py:3722} INFO - Setting next_dagrun for example_dynamic_task_mapping_with_no_taskflow_operators to 2023-11-13T21:57:19.401698+00:00, run_after=2023-11-14T21:57:19.401698+00:00
[2023-11-14T21:57:19.433+0000] {processor.py:179} INFO - Processing /home/airflow/.local/lib/python3.8/site-packages/airflow/example_dags/example_dynamic_task_mapping_with_no_taskflow_operators.py took 0.099 seconds
[2023-11-14T21:57:49.647+0000] {processor.py:157} INFO - Started process (PID=2602) to work on /home/airflow/.local/lib/python3.8/site-packages/airflow/example_dags/example_dynamic_task_mapping_with_no_taskflow_operators.py
[2023-11-14T21:57:49.648+0000] {processor.py:829} INFO - Processing file /home/airflow/.local/lib/python3.8/site-packages/airflow/example_dags/example_dynamic_task_mapping_with_no_taskflow_operators.py for tasks to queue
[2023-11-14T21:57:49.653+0000] {logging_mixin.py:154} INFO - [2023-11-14T21:57:49.653+0000] {dagbag.py:536} INFO - Filling up the DagBag from /home/airflow/.local/lib/python3.8/site-packages/airflow/example_dags/example_dynamic_task_mapping_with_no_taskflow_operators.py
[2023-11-14T21:57:49.660+0000] {processor.py:839} INFO - DAG(s) dict_keys(['example_dynamic_task_mapping_with_no_taskflow_operators']) retrieved from /home/airflow/.local/lib/python3.8/site-packages/airflow/example_dags/example_dynamic_task_mapping_with_no_taskflow_operators.py
[2023-11-14T21:57:49.687+0000] {logging_mixin.py:154} INFO - [2023-11-14T21:57:49.687+0000] {dag.py:2941} INFO - Sync 1 DAGs
[2023-11-14T21:57:49.714+0000] {logging_mixin.py:154} INFO - [2023-11-14T21:57:49.713+0000] {dag.py:3722} INFO - Setting next_dagrun for example_dynamic_task_mapping_with_no_taskflow_operators to 2023-11-13T21:57:49.713459+00:00, run_after=2023-11-14T21:57:49.713459+00:00
[2023-11-14T21:57:49.741+0000] {processor.py:179} INFO - Processing /home/airflow/.local/lib/python3.8/site-packages/airflow/example_dags/example_dynamic_task_mapping_with_no_taskflow_operators.py took 0.099 seconds
[2023-11-14T21:58:19.820+0000] {processor.py:157} INFO - Started process (PID=2656) to work on /home/airflow/.local/lib/python3.8/site-packages/airflow/example_dags/example_dynamic_task_mapping_with_no_taskflow_operators.py
[2023-11-14T21:58:19.821+0000] {processor.py:829} INFO - Processing file /home/airflow/.local/lib/python3.8/site-packages/airflow/example_dags/example_dynamic_task_mapping_with_no_taskflow_operators.py for tasks to queue
[2023-11-14T21:58:19.824+0000] {logging_mixin.py:154} INFO - [2023-11-14T21:58:19.824+0000] {dagbag.py:536} INFO - Filling up the DagBag from /home/airflow/.local/lib/python3.8/site-packages/airflow/example_dags/example_dynamic_task_mapping_with_no_taskflow_operators.py
[2023-11-14T21:58:19.831+0000] {processor.py:839} INFO - DAG(s) dict_keys(['example_dynamic_task_mapping_with_no_taskflow_operators']) retrieved from /home/airflow/.local/lib/python3.8/site-packages/airflow/example_dags/example_dynamic_task_mapping_with_no_taskflow_operators.py
[2023-11-14T21:58:19.856+0000] {logging_mixin.py:154} INFO - [2023-11-14T21:58:19.855+0000] {dag.py:2941} INFO - Sync 1 DAGs
[2023-11-14T21:58:19.883+0000] {logging_mixin.py:154} INFO - [2023-11-14T21:58:19.883+0000] {dag.py:3722} INFO - Setting next_dagrun for example_dynamic_task_mapping_with_no_taskflow_operators to 2023-11-13T21:58:19.882716+00:00, run_after=2023-11-14T21:58:19.882716+00:00
[2023-11-14T21:58:19.906+0000] {processor.py:179} INFO - Processing /home/airflow/.local/lib/python3.8/site-packages/airflow/example_dags/example_dynamic_task_mapping_with_no_taskflow_operators.py took 0.091 seconds
[2023-11-14T21:58:50.066+0000] {processor.py:157} INFO - Started process (PID=2710) to work on /home/airflow/.local/lib/python3.8/site-packages/airflow/example_dags/example_dynamic_task_mapping_with_no_taskflow_operators.py
[2023-11-14T21:58:50.067+0000] {processor.py:829} INFO - Processing file /home/airflow/.local/lib/python3.8/site-packages/airflow/example_dags/example_dynamic_task_mapping_with_no_taskflow_operators.py for tasks to queue
[2023-11-14T21:58:50.072+0000] {logging_mixin.py:154} INFO - [2023-11-14T21:58:50.071+0000] {dagbag.py:536} INFO - Filling up the DagBag from /home/airflow/.local/lib/python3.8/site-packages/airflow/example_dags/example_dynamic_task_mapping_with_no_taskflow_operators.py
[2023-11-14T21:58:50.079+0000] {processor.py:839} INFO - DAG(s) dict_keys(['example_dynamic_task_mapping_with_no_taskflow_operators']) retrieved from /home/airflow/.local/lib/python3.8/site-packages/airflow/example_dags/example_dynamic_task_mapping_with_no_taskflow_operators.py
[2023-11-14T21:58:50.110+0000] {logging_mixin.py:154} INFO - [2023-11-14T21:58:50.109+0000] {dag.py:2941} INFO - Sync 1 DAGs
[2023-11-14T21:58:50.144+0000] {logging_mixin.py:154} INFO - [2023-11-14T21:58:50.144+0000] {dag.py:3722} INFO - Setting next_dagrun for example_dynamic_task_mapping_with_no_taskflow_operators to 2023-11-13T21:58:50.144136+00:00, run_after=2023-11-14T21:58:50.144136+00:00
[2023-11-14T21:58:50.172+0000] {processor.py:179} INFO - Processing /home/airflow/.local/lib/python3.8/site-packages/airflow/example_dags/example_dynamic_task_mapping_with_no_taskflow_operators.py took 0.110 seconds
[2023-11-14T21:59:20.288+0000] {processor.py:157} INFO - Started process (PID=2764) to work on /home/airflow/.local/lib/python3.8/site-packages/airflow/example_dags/example_dynamic_task_mapping_with_no_taskflow_operators.py
[2023-11-14T21:59:20.289+0000] {processor.py:829} INFO - Processing file /home/airflow/.local/lib/python3.8/site-packages/airflow/example_dags/example_dynamic_task_mapping_with_no_taskflow_operators.py for tasks to queue
[2023-11-14T21:59:20.292+0000] {logging_mixin.py:154} INFO - [2023-11-14T21:59:20.292+0000] {dagbag.py:536} INFO - Filling up the DagBag from /home/airflow/.local/lib/python3.8/site-packages/airflow/example_dags/example_dynamic_task_mapping_with_no_taskflow_operators.py
[2023-11-14T21:59:20.300+0000] {processor.py:839} INFO - DAG(s) dict_keys(['example_dynamic_task_mapping_with_no_taskflow_operators']) retrieved from /home/airflow/.local/lib/python3.8/site-packages/airflow/example_dags/example_dynamic_task_mapping_with_no_taskflow_operators.py
[2023-11-14T21:59:20.326+0000] {logging_mixin.py:154} INFO - [2023-11-14T21:59:20.326+0000] {dag.py:2941} INFO - Sync 1 DAGs
[2023-11-14T21:59:20.353+0000] {logging_mixin.py:154} INFO - [2023-11-14T21:59:20.352+0000] {dag.py:3722} INFO - Setting next_dagrun for example_dynamic_task_mapping_with_no_taskflow_operators to 2023-11-13T21:59:20.352543+00:00, run_after=2023-11-14T21:59:20.352543+00:00
[2023-11-14T21:59:20.388+0000] {processor.py:179} INFO - Processing /home/airflow/.local/lib/python3.8/site-packages/airflow/example_dags/example_dynamic_task_mapping_with_no_taskflow_operators.py took 0.104 seconds
