[2023-11-14T21:33:56.388+0000] {processor.py:157} INFO - Started process (PID=55) to work on /home/airflow/.local/lib/python3.8/site-packages/airflow/example_dags/example_kubernetes_executor.py
[2023-11-14T21:33:56.389+0000] {processor.py:829} INFO - Processing file /home/airflow/.local/lib/python3.8/site-packages/airflow/example_dags/example_kubernetes_executor.py for tasks to queue
[2023-11-14T21:33:56.391+0000] {logging_mixin.py:154} INFO - [2023-11-14T21:33:56.391+0000] {dagbag.py:536} INFO - Filling up the DagBag from /home/airflow/.local/lib/python3.8/site-packages/airflow/example_dags/example_kubernetes_executor.py
[2023-11-14T21:33:56.408+0000] {processor.py:839} INFO - DAG(s) dict_keys(['example_kubernetes_executor']) retrieved from /home/airflow/.local/lib/python3.8/site-packages/airflow/example_dags/example_kubernetes_executor.py
[2023-11-14T21:33:56.579+0000] {logging_mixin.py:154} INFO - [2023-11-14T21:33:56.578+0000] {manager.py:499} INFO - Created Permission View: %s
[2023-11-14T21:33:56.591+0000] {logging_mixin.py:154} INFO - [2023-11-14T21:33:56.591+0000] {manager.py:499} INFO - Created Permission View: %s
[2023-11-14T21:33:56.602+0000] {logging_mixin.py:154} INFO - [2023-11-14T21:33:56.601+0000] {manager.py:499} INFO - Created Permission View: %s
[2023-11-14T21:33:56.602+0000] {logging_mixin.py:154} INFO - [2023-11-14T21:33:56.602+0000] {dag.py:2941} INFO - Sync 1 DAGs
[2023-11-14T21:33:56.617+0000] {logging_mixin.py:154} INFO - [2023-11-14T21:33:56.616+0000] {dag.py:2963} INFO - Creating ORM DAG for example_kubernetes_executor
[2023-11-14T21:33:56.617+0000] {logging_mixin.py:154} INFO - [2023-11-14T21:33:56.617+0000] {dag.py:3722} INFO - Setting next_dagrun for example_kubernetes_executor to None, run_after=None
[2023-11-14T21:33:56.640+0000] {processor.py:179} INFO - Processing /home/airflow/.local/lib/python3.8/site-packages/airflow/example_dags/example_kubernetes_executor.py took 0.256 seconds
[2023-11-14T21:34:27.514+0000] {processor.py:157} INFO - Started process (PID=109) to work on /home/airflow/.local/lib/python3.8/site-packages/airflow/example_dags/example_kubernetes_executor.py
[2023-11-14T21:34:27.516+0000] {processor.py:829} INFO - Processing file /home/airflow/.local/lib/python3.8/site-packages/airflow/example_dags/example_kubernetes_executor.py for tasks to queue
[2023-11-14T21:34:27.518+0000] {logging_mixin.py:154} INFO - [2023-11-14T21:34:27.518+0000] {dagbag.py:536} INFO - Filling up the DagBag from /home/airflow/.local/lib/python3.8/site-packages/airflow/example_dags/example_kubernetes_executor.py
[2023-11-14T21:34:27.536+0000] {processor.py:839} INFO - DAG(s) dict_keys(['example_kubernetes_executor']) retrieved from /home/airflow/.local/lib/python3.8/site-packages/airflow/example_dags/example_kubernetes_executor.py
[2023-11-14T21:34:27.581+0000] {logging_mixin.py:154} INFO - [2023-11-14T21:34:27.581+0000] {dag.py:2941} INFO - Sync 1 DAGs
[2023-11-14T21:34:27.597+0000] {logging_mixin.py:154} INFO - [2023-11-14T21:34:27.597+0000] {dag.py:3722} INFO - Setting next_dagrun for example_kubernetes_executor to None, run_after=None
[2023-11-14T21:34:27.622+0000] {processor.py:179} INFO - Processing /home/airflow/.local/lib/python3.8/site-packages/airflow/example_dags/example_kubernetes_executor.py took 0.112 seconds
[2023-11-14T21:34:57.823+0000] {processor.py:157} INFO - Started process (PID=163) to work on /home/airflow/.local/lib/python3.8/site-packages/airflow/example_dags/example_kubernetes_executor.py
[2023-11-14T21:34:57.836+0000] {processor.py:829} INFO - Processing file /home/airflow/.local/lib/python3.8/site-packages/airflow/example_dags/example_kubernetes_executor.py for tasks to queue
[2023-11-14T21:34:57.840+0000] {logging_mixin.py:154} INFO - [2023-11-14T21:34:57.839+0000] {dagbag.py:536} INFO - Filling up the DagBag from /home/airflow/.local/lib/python3.8/site-packages/airflow/example_dags/example_kubernetes_executor.py
[2023-11-14T21:34:57.860+0000] {processor.py:839} INFO - DAG(s) dict_keys(['example_kubernetes_executor']) retrieved from /home/airflow/.local/lib/python3.8/site-packages/airflow/example_dags/example_kubernetes_executor.py
[2023-11-14T21:34:57.918+0000] {logging_mixin.py:154} INFO - [2023-11-14T21:34:57.917+0000] {dag.py:2941} INFO - Sync 1 DAGs
[2023-11-14T21:34:57.934+0000] {logging_mixin.py:154} INFO - [2023-11-14T21:34:57.933+0000] {dag.py:3722} INFO - Setting next_dagrun for example_kubernetes_executor to None, run_after=None
[2023-11-14T21:34:57.958+0000] {processor.py:179} INFO - Processing /home/airflow/.local/lib/python3.8/site-packages/airflow/example_dags/example_kubernetes_executor.py took 0.144 seconds
[2023-11-14T21:35:27.984+0000] {processor.py:157} INFO - Started process (PID=217) to work on /home/airflow/.local/lib/python3.8/site-packages/airflow/example_dags/example_kubernetes_executor.py
[2023-11-14T21:35:27.985+0000] {processor.py:829} INFO - Processing file /home/airflow/.local/lib/python3.8/site-packages/airflow/example_dags/example_kubernetes_executor.py for tasks to queue
[2023-11-14T21:35:27.988+0000] {logging_mixin.py:154} INFO - [2023-11-14T21:35:27.987+0000] {dagbag.py:536} INFO - Filling up the DagBag from /home/airflow/.local/lib/python3.8/site-packages/airflow/example_dags/example_kubernetes_executor.py
[2023-11-14T21:35:28.007+0000] {processor.py:839} INFO - DAG(s) dict_keys(['example_kubernetes_executor']) retrieved from /home/airflow/.local/lib/python3.8/site-packages/airflow/example_dags/example_kubernetes_executor.py
[2023-11-14T21:35:28.062+0000] {logging_mixin.py:154} INFO - [2023-11-14T21:35:28.061+0000] {dag.py:2941} INFO - Sync 1 DAGs
[2023-11-14T21:35:28.080+0000] {logging_mixin.py:154} INFO - [2023-11-14T21:35:28.079+0000] {dag.py:3722} INFO - Setting next_dagrun for example_kubernetes_executor to None, run_after=None
[2023-11-14T21:35:28.109+0000] {processor.py:179} INFO - Processing /home/airflow/.local/lib/python3.8/site-packages/airflow/example_dags/example_kubernetes_executor.py took 0.129 seconds
[2023-11-14T21:35:58.696+0000] {processor.py:157} INFO - Started process (PID=271) to work on /home/airflow/.local/lib/python3.8/site-packages/airflow/example_dags/example_kubernetes_executor.py
[2023-11-14T21:35:58.697+0000] {processor.py:829} INFO - Processing file /home/airflow/.local/lib/python3.8/site-packages/airflow/example_dags/example_kubernetes_executor.py for tasks to queue
[2023-11-14T21:35:58.702+0000] {logging_mixin.py:154} INFO - [2023-11-14T21:35:58.701+0000] {dagbag.py:536} INFO - Filling up the DagBag from /home/airflow/.local/lib/python3.8/site-packages/airflow/example_dags/example_kubernetes_executor.py
[2023-11-14T21:35:58.722+0000] {processor.py:839} INFO - DAG(s) dict_keys(['example_kubernetes_executor']) retrieved from /home/airflow/.local/lib/python3.8/site-packages/airflow/example_dags/example_kubernetes_executor.py
[2023-11-14T21:35:58.777+0000] {logging_mixin.py:154} INFO - [2023-11-14T21:35:58.777+0000] {dag.py:2941} INFO - Sync 1 DAGs
[2023-11-14T21:35:58.797+0000] {logging_mixin.py:154} INFO - [2023-11-14T21:35:58.797+0000] {dag.py:3722} INFO - Setting next_dagrun for example_kubernetes_executor to None, run_after=None
[2023-11-14T21:35:58.833+0000] {processor.py:179} INFO - Processing /home/airflow/.local/lib/python3.8/site-packages/airflow/example_dags/example_kubernetes_executor.py took 0.143 seconds
[2023-11-14T21:36:28.958+0000] {processor.py:157} INFO - Started process (PID=326) to work on /home/airflow/.local/lib/python3.8/site-packages/airflow/example_dags/example_kubernetes_executor.py
[2023-11-14T21:36:28.960+0000] {processor.py:829} INFO - Processing file /home/airflow/.local/lib/python3.8/site-packages/airflow/example_dags/example_kubernetes_executor.py for tasks to queue
[2023-11-14T21:36:28.962+0000] {logging_mixin.py:154} INFO - [2023-11-14T21:36:28.962+0000] {dagbag.py:536} INFO - Filling up the DagBag from /home/airflow/.local/lib/python3.8/site-packages/airflow/example_dags/example_kubernetes_executor.py
[2023-11-14T21:36:28.979+0000] {processor.py:839} INFO - DAG(s) dict_keys(['example_kubernetes_executor']) retrieved from /home/airflow/.local/lib/python3.8/site-packages/airflow/example_dags/example_kubernetes_executor.py
[2023-11-14T21:36:29.022+0000] {logging_mixin.py:154} INFO - [2023-11-14T21:36:29.022+0000] {dag.py:2941} INFO - Sync 1 DAGs
[2023-11-14T21:36:29.037+0000] {logging_mixin.py:154} INFO - [2023-11-14T21:36:29.037+0000] {dag.py:3722} INFO - Setting next_dagrun for example_kubernetes_executor to None, run_after=None
[2023-11-14T21:36:29.063+0000] {processor.py:179} INFO - Processing /home/airflow/.local/lib/python3.8/site-packages/airflow/example_dags/example_kubernetes_executor.py took 0.109 seconds
[2023-11-14T21:36:59.492+0000] {processor.py:157} INFO - Started process (PID=380) to work on /home/airflow/.local/lib/python3.8/site-packages/airflow/example_dags/example_kubernetes_executor.py
[2023-11-14T21:36:59.493+0000] {processor.py:829} INFO - Processing file /home/airflow/.local/lib/python3.8/site-packages/airflow/example_dags/example_kubernetes_executor.py for tasks to queue
[2023-11-14T21:36:59.496+0000] {logging_mixin.py:154} INFO - [2023-11-14T21:36:59.495+0000] {dagbag.py:536} INFO - Filling up the DagBag from /home/airflow/.local/lib/python3.8/site-packages/airflow/example_dags/example_kubernetes_executor.py
[2023-11-14T21:36:59.512+0000] {processor.py:839} INFO - DAG(s) dict_keys(['example_kubernetes_executor']) retrieved from /home/airflow/.local/lib/python3.8/site-packages/airflow/example_dags/example_kubernetes_executor.py
[2023-11-14T21:36:59.555+0000] {logging_mixin.py:154} INFO - [2023-11-14T21:36:59.554+0000] {dag.py:2941} INFO - Sync 1 DAGs
[2023-11-14T21:36:59.572+0000] {logging_mixin.py:154} INFO - [2023-11-14T21:36:59.572+0000] {dag.py:3722} INFO - Setting next_dagrun for example_kubernetes_executor to None, run_after=None
[2023-11-14T21:36:59.597+0000] {processor.py:179} INFO - Processing /home/airflow/.local/lib/python3.8/site-packages/airflow/example_dags/example_kubernetes_executor.py took 0.110 seconds
[2023-11-14T21:37:30.049+0000] {processor.py:157} INFO - Started process (PID=434) to work on /home/airflow/.local/lib/python3.8/site-packages/airflow/example_dags/example_kubernetes_executor.py
[2023-11-14T21:37:30.050+0000] {processor.py:829} INFO - Processing file /home/airflow/.local/lib/python3.8/site-packages/airflow/example_dags/example_kubernetes_executor.py for tasks to queue
[2023-11-14T21:37:30.052+0000] {logging_mixin.py:154} INFO - [2023-11-14T21:37:30.052+0000] {dagbag.py:536} INFO - Filling up the DagBag from /home/airflow/.local/lib/python3.8/site-packages/airflow/example_dags/example_kubernetes_executor.py
[2023-11-14T21:37:30.072+0000] {processor.py:839} INFO - DAG(s) dict_keys(['example_kubernetes_executor']) retrieved from /home/airflow/.local/lib/python3.8/site-packages/airflow/example_dags/example_kubernetes_executor.py
[2023-11-14T21:37:30.121+0000] {logging_mixin.py:154} INFO - [2023-11-14T21:37:30.121+0000] {dag.py:2941} INFO - Sync 1 DAGs
[2023-11-14T21:37:30.139+0000] {logging_mixin.py:154} INFO - [2023-11-14T21:37:30.139+0000] {dag.py:3722} INFO - Setting next_dagrun for example_kubernetes_executor to None, run_after=None
[2023-11-14T21:37:30.168+0000] {processor.py:179} INFO - Processing /home/airflow/.local/lib/python3.8/site-packages/airflow/example_dags/example_kubernetes_executor.py took 0.123 seconds
[2023-11-14T21:38:00.484+0000] {processor.py:157} INFO - Started process (PID=488) to work on /home/airflow/.local/lib/python3.8/site-packages/airflow/example_dags/example_kubernetes_executor.py
[2023-11-14T21:38:00.485+0000] {processor.py:829} INFO - Processing file /home/airflow/.local/lib/python3.8/site-packages/airflow/example_dags/example_kubernetes_executor.py for tasks to queue
[2023-11-14T21:38:00.488+0000] {logging_mixin.py:154} INFO - [2023-11-14T21:38:00.488+0000] {dagbag.py:536} INFO - Filling up the DagBag from /home/airflow/.local/lib/python3.8/site-packages/airflow/example_dags/example_kubernetes_executor.py
[2023-11-14T21:38:00.506+0000] {processor.py:839} INFO - DAG(s) dict_keys(['example_kubernetes_executor']) retrieved from /home/airflow/.local/lib/python3.8/site-packages/airflow/example_dags/example_kubernetes_executor.py
[2023-11-14T21:38:00.548+0000] {logging_mixin.py:154} INFO - [2023-11-14T21:38:00.547+0000] {dag.py:2941} INFO - Sync 1 DAGs
[2023-11-14T21:38:00.564+0000] {logging_mixin.py:154} INFO - [2023-11-14T21:38:00.563+0000] {dag.py:3722} INFO - Setting next_dagrun for example_kubernetes_executor to None, run_after=None
[2023-11-14T21:38:00.592+0000] {processor.py:179} INFO - Processing /home/airflow/.local/lib/python3.8/site-packages/airflow/example_dags/example_kubernetes_executor.py took 0.113 seconds
[2023-11-14T21:38:30.978+0000] {processor.py:157} INFO - Started process (PID=553) to work on /home/airflow/.local/lib/python3.8/site-packages/airflow/example_dags/example_kubernetes_executor.py
[2023-11-14T21:38:30.979+0000] {processor.py:829} INFO - Processing file /home/airflow/.local/lib/python3.8/site-packages/airflow/example_dags/example_kubernetes_executor.py for tasks to queue
[2023-11-14T21:38:30.981+0000] {logging_mixin.py:154} INFO - [2023-11-14T21:38:30.981+0000] {dagbag.py:536} INFO - Filling up the DagBag from /home/airflow/.local/lib/python3.8/site-packages/airflow/example_dags/example_kubernetes_executor.py
[2023-11-14T21:38:31.000+0000] {processor.py:839} INFO - DAG(s) dict_keys(['example_kubernetes_executor']) retrieved from /home/airflow/.local/lib/python3.8/site-packages/airflow/example_dags/example_kubernetes_executor.py
[2023-11-14T21:38:31.046+0000] {logging_mixin.py:154} INFO - [2023-11-14T21:38:31.045+0000] {dag.py:2941} INFO - Sync 1 DAGs
[2023-11-14T21:38:31.061+0000] {logging_mixin.py:154} INFO - [2023-11-14T21:38:31.060+0000] {dag.py:3722} INFO - Setting next_dagrun for example_kubernetes_executor to None, run_after=None
[2023-11-14T21:38:31.084+0000] {processor.py:179} INFO - Processing /home/airflow/.local/lib/python3.8/site-packages/airflow/example_dags/example_kubernetes_executor.py took 0.113 seconds
[2023-11-14T21:39:01.190+0000] {processor.py:157} INFO - Started process (PID=607) to work on /home/airflow/.local/lib/python3.8/site-packages/airflow/example_dags/example_kubernetes_executor.py
[2023-11-14T21:39:01.191+0000] {processor.py:829} INFO - Processing file /home/airflow/.local/lib/python3.8/site-packages/airflow/example_dags/example_kubernetes_executor.py for tasks to queue
[2023-11-14T21:39:01.194+0000] {logging_mixin.py:154} INFO - [2023-11-14T21:39:01.193+0000] {dagbag.py:536} INFO - Filling up the DagBag from /home/airflow/.local/lib/python3.8/site-packages/airflow/example_dags/example_kubernetes_executor.py
[2023-11-14T21:39:01.211+0000] {processor.py:839} INFO - DAG(s) dict_keys(['example_kubernetes_executor']) retrieved from /home/airflow/.local/lib/python3.8/site-packages/airflow/example_dags/example_kubernetes_executor.py
[2023-11-14T21:39:01.266+0000] {logging_mixin.py:154} INFO - [2023-11-14T21:39:01.266+0000] {dag.py:2941} INFO - Sync 1 DAGs
[2023-11-14T21:39:01.284+0000] {logging_mixin.py:154} INFO - [2023-11-14T21:39:01.284+0000] {dag.py:3722} INFO - Setting next_dagrun for example_kubernetes_executor to None, run_after=None
[2023-11-14T21:39:01.309+0000] {processor.py:179} INFO - Processing /home/airflow/.local/lib/python3.8/site-packages/airflow/example_dags/example_kubernetes_executor.py took 0.123 seconds
[2023-11-14T21:39:31.885+0000] {processor.py:157} INFO - Started process (PID=661) to work on /home/airflow/.local/lib/python3.8/site-packages/airflow/example_dags/example_kubernetes_executor.py
[2023-11-14T21:39:31.887+0000] {processor.py:829} INFO - Processing file /home/airflow/.local/lib/python3.8/site-packages/airflow/example_dags/example_kubernetes_executor.py for tasks to queue
[2023-11-14T21:39:31.889+0000] {logging_mixin.py:154} INFO - [2023-11-14T21:39:31.889+0000] {dagbag.py:536} INFO - Filling up the DagBag from /home/airflow/.local/lib/python3.8/site-packages/airflow/example_dags/example_kubernetes_executor.py
[2023-11-14T21:39:31.912+0000] {processor.py:839} INFO - DAG(s) dict_keys(['example_kubernetes_executor']) retrieved from /home/airflow/.local/lib/python3.8/site-packages/airflow/example_dags/example_kubernetes_executor.py
[2023-11-14T21:39:31.958+0000] {logging_mixin.py:154} INFO - [2023-11-14T21:39:31.958+0000] {dag.py:2941} INFO - Sync 1 DAGs
[2023-11-14T21:39:31.974+0000] {logging_mixin.py:154} INFO - [2023-11-14T21:39:31.973+0000] {dag.py:3722} INFO - Setting next_dagrun for example_kubernetes_executor to None, run_after=None
[2023-11-14T21:39:32.012+0000] {processor.py:179} INFO - Processing /home/airflow/.local/lib/python3.8/site-packages/airflow/example_dags/example_kubernetes_executor.py took 0.131 seconds
[2023-11-14T21:40:02.442+0000] {processor.py:157} INFO - Started process (PID=716) to work on /home/airflow/.local/lib/python3.8/site-packages/airflow/example_dags/example_kubernetes_executor.py
[2023-11-14T21:40:02.443+0000] {processor.py:829} INFO - Processing file /home/airflow/.local/lib/python3.8/site-packages/airflow/example_dags/example_kubernetes_executor.py for tasks to queue
[2023-11-14T21:40:02.447+0000] {logging_mixin.py:154} INFO - [2023-11-14T21:40:02.446+0000] {dagbag.py:536} INFO - Filling up the DagBag from /home/airflow/.local/lib/python3.8/site-packages/airflow/example_dags/example_kubernetes_executor.py
[2023-11-14T21:40:02.471+0000] {processor.py:839} INFO - DAG(s) dict_keys(['example_kubernetes_executor']) retrieved from /home/airflow/.local/lib/python3.8/site-packages/airflow/example_dags/example_kubernetes_executor.py
[2023-11-14T21:40:02.525+0000] {logging_mixin.py:154} INFO - [2023-11-14T21:40:02.525+0000] {dag.py:2941} INFO - Sync 1 DAGs
[2023-11-14T21:40:02.542+0000] {logging_mixin.py:154} INFO - [2023-11-14T21:40:02.542+0000] {dag.py:3722} INFO - Setting next_dagrun for example_kubernetes_executor to None, run_after=None
[2023-11-14T21:40:02.573+0000] {processor.py:179} INFO - Processing /home/airflow/.local/lib/python3.8/site-packages/airflow/example_dags/example_kubernetes_executor.py took 0.139 seconds
[2023-11-14T21:40:32.749+0000] {processor.py:157} INFO - Started process (PID=771) to work on /home/airflow/.local/lib/python3.8/site-packages/airflow/example_dags/example_kubernetes_executor.py
[2023-11-14T21:40:32.750+0000] {processor.py:829} INFO - Processing file /home/airflow/.local/lib/python3.8/site-packages/airflow/example_dags/example_kubernetes_executor.py for tasks to queue
[2023-11-14T21:40:32.753+0000] {logging_mixin.py:154} INFO - [2023-11-14T21:40:32.753+0000] {dagbag.py:536} INFO - Filling up the DagBag from /home/airflow/.local/lib/python3.8/site-packages/airflow/example_dags/example_kubernetes_executor.py
[2023-11-14T21:40:32.770+0000] {processor.py:839} INFO - DAG(s) dict_keys(['example_kubernetes_executor']) retrieved from /home/airflow/.local/lib/python3.8/site-packages/airflow/example_dags/example_kubernetes_executor.py
[2023-11-14T21:40:32.816+0000] {logging_mixin.py:154} INFO - [2023-11-14T21:40:32.816+0000] {dag.py:2941} INFO - Sync 1 DAGs
[2023-11-14T21:40:32.834+0000] {logging_mixin.py:154} INFO - [2023-11-14T21:40:32.833+0000] {dag.py:3722} INFO - Setting next_dagrun for example_kubernetes_executor to None, run_after=None
[2023-11-14T21:40:32.860+0000] {processor.py:179} INFO - Processing /home/airflow/.local/lib/python3.8/site-packages/airflow/example_dags/example_kubernetes_executor.py took 0.115 seconds
[2023-11-14T21:41:03.183+0000] {processor.py:157} INFO - Started process (PID=826) to work on /home/airflow/.local/lib/python3.8/site-packages/airflow/example_dags/example_kubernetes_executor.py
[2023-11-14T21:41:03.184+0000] {processor.py:829} INFO - Processing file /home/airflow/.local/lib/python3.8/site-packages/airflow/example_dags/example_kubernetes_executor.py for tasks to queue
[2023-11-14T21:41:03.186+0000] {logging_mixin.py:154} INFO - [2023-11-14T21:41:03.186+0000] {dagbag.py:536} INFO - Filling up the DagBag from /home/airflow/.local/lib/python3.8/site-packages/airflow/example_dags/example_kubernetes_executor.py
[2023-11-14T21:41:03.203+0000] {processor.py:839} INFO - DAG(s) dict_keys(['example_kubernetes_executor']) retrieved from /home/airflow/.local/lib/python3.8/site-packages/airflow/example_dags/example_kubernetes_executor.py
[2023-11-14T21:41:03.246+0000] {logging_mixin.py:154} INFO - [2023-11-14T21:41:03.246+0000] {dag.py:2941} INFO - Sync 1 DAGs
[2023-11-14T21:41:03.261+0000] {logging_mixin.py:154} INFO - [2023-11-14T21:41:03.261+0000] {dag.py:3722} INFO - Setting next_dagrun for example_kubernetes_executor to None, run_after=None
[2023-11-14T21:41:03.285+0000] {processor.py:179} INFO - Processing /home/airflow/.local/lib/python3.8/site-packages/airflow/example_dags/example_kubernetes_executor.py took 0.106 seconds
[2023-11-14T21:41:33.573+0000] {processor.py:157} INFO - Started process (PID=880) to work on /home/airflow/.local/lib/python3.8/site-packages/airflow/example_dags/example_kubernetes_executor.py
[2023-11-14T21:41:33.574+0000] {processor.py:829} INFO - Processing file /home/airflow/.local/lib/python3.8/site-packages/airflow/example_dags/example_kubernetes_executor.py for tasks to queue
[2023-11-14T21:41:33.577+0000] {logging_mixin.py:154} INFO - [2023-11-14T21:41:33.577+0000] {dagbag.py:536} INFO - Filling up the DagBag from /home/airflow/.local/lib/python3.8/site-packages/airflow/example_dags/example_kubernetes_executor.py
[2023-11-14T21:41:33.601+0000] {processor.py:839} INFO - DAG(s) dict_keys(['example_kubernetes_executor']) retrieved from /home/airflow/.local/lib/python3.8/site-packages/airflow/example_dags/example_kubernetes_executor.py
[2023-11-14T21:41:33.665+0000] {logging_mixin.py:154} INFO - [2023-11-14T21:41:33.665+0000] {dag.py:2941} INFO - Sync 1 DAGs
[2023-11-14T21:41:33.685+0000] {logging_mixin.py:154} INFO - [2023-11-14T21:41:33.684+0000] {dag.py:3722} INFO - Setting next_dagrun for example_kubernetes_executor to None, run_after=None
[2023-11-14T21:41:33.725+0000] {processor.py:179} INFO - Processing /home/airflow/.local/lib/python3.8/site-packages/airflow/example_dags/example_kubernetes_executor.py took 0.157 seconds
[2023-11-14T21:42:03.948+0000] {processor.py:157} INFO - Started process (PID=934) to work on /home/airflow/.local/lib/python3.8/site-packages/airflow/example_dags/example_kubernetes_executor.py
[2023-11-14T21:42:03.949+0000] {processor.py:829} INFO - Processing file /home/airflow/.local/lib/python3.8/site-packages/airflow/example_dags/example_kubernetes_executor.py for tasks to queue
[2023-11-14T21:42:03.951+0000] {logging_mixin.py:154} INFO - [2023-11-14T21:42:03.951+0000] {dagbag.py:536} INFO - Filling up the DagBag from /home/airflow/.local/lib/python3.8/site-packages/airflow/example_dags/example_kubernetes_executor.py
[2023-11-14T21:42:03.968+0000] {processor.py:839} INFO - DAG(s) dict_keys(['example_kubernetes_executor']) retrieved from /home/airflow/.local/lib/python3.8/site-packages/airflow/example_dags/example_kubernetes_executor.py
[2023-11-14T21:42:04.012+0000] {logging_mixin.py:154} INFO - [2023-11-14T21:42:04.012+0000] {dag.py:2941} INFO - Sync 1 DAGs
[2023-11-14T21:42:04.029+0000] {logging_mixin.py:154} INFO - [2023-11-14T21:42:04.029+0000] {dag.py:3722} INFO - Setting next_dagrun for example_kubernetes_executor to None, run_after=None
[2023-11-14T21:42:04.054+0000] {processor.py:179} INFO - Processing /home/airflow/.local/lib/python3.8/site-packages/airflow/example_dags/example_kubernetes_executor.py took 0.111 seconds
[2023-11-14T21:42:34.152+0000] {processor.py:157} INFO - Started process (PID=988) to work on /home/airflow/.local/lib/python3.8/site-packages/airflow/example_dags/example_kubernetes_executor.py
[2023-11-14T21:42:34.153+0000] {processor.py:829} INFO - Processing file /home/airflow/.local/lib/python3.8/site-packages/airflow/example_dags/example_kubernetes_executor.py for tasks to queue
[2023-11-14T21:42:34.156+0000] {logging_mixin.py:154} INFO - [2023-11-14T21:42:34.155+0000] {dagbag.py:536} INFO - Filling up the DagBag from /home/airflow/.local/lib/python3.8/site-packages/airflow/example_dags/example_kubernetes_executor.py
[2023-11-14T21:42:34.173+0000] {processor.py:839} INFO - DAG(s) dict_keys(['example_kubernetes_executor']) retrieved from /home/airflow/.local/lib/python3.8/site-packages/airflow/example_dags/example_kubernetes_executor.py
[2023-11-14T21:42:34.221+0000] {logging_mixin.py:154} INFO - [2023-11-14T21:42:34.220+0000] {dag.py:2941} INFO - Sync 1 DAGs
[2023-11-14T21:42:34.236+0000] {logging_mixin.py:154} INFO - [2023-11-14T21:42:34.235+0000] {dag.py:3722} INFO - Setting next_dagrun for example_kubernetes_executor to None, run_after=None
[2023-11-14T21:42:34.259+0000] {processor.py:179} INFO - Processing /home/airflow/.local/lib/python3.8/site-packages/airflow/example_dags/example_kubernetes_executor.py took 0.112 seconds
[2023-11-14T21:43:04.472+0000] {processor.py:157} INFO - Started process (PID=1043) to work on /home/airflow/.local/lib/python3.8/site-packages/airflow/example_dags/example_kubernetes_executor.py
[2023-11-14T21:43:04.474+0000] {processor.py:829} INFO - Processing file /home/airflow/.local/lib/python3.8/site-packages/airflow/example_dags/example_kubernetes_executor.py for tasks to queue
[2023-11-14T21:43:04.477+0000] {logging_mixin.py:154} INFO - [2023-11-14T21:43:04.477+0000] {dagbag.py:536} INFO - Filling up the DagBag from /home/airflow/.local/lib/python3.8/site-packages/airflow/example_dags/example_kubernetes_executor.py
[2023-11-14T21:43:04.501+0000] {processor.py:839} INFO - DAG(s) dict_keys(['example_kubernetes_executor']) retrieved from /home/airflow/.local/lib/python3.8/site-packages/airflow/example_dags/example_kubernetes_executor.py
[2023-11-14T21:43:04.553+0000] {logging_mixin.py:154} INFO - [2023-11-14T21:43:04.553+0000] {dag.py:2941} INFO - Sync 1 DAGs
[2023-11-14T21:43:04.570+0000] {logging_mixin.py:154} INFO - [2023-11-14T21:43:04.569+0000] {dag.py:3722} INFO - Setting next_dagrun for example_kubernetes_executor to None, run_after=None
[2023-11-14T21:43:04.598+0000] {processor.py:179} INFO - Processing /home/airflow/.local/lib/python3.8/site-packages/airflow/example_dags/example_kubernetes_executor.py took 0.132 seconds
[2023-11-14T21:43:35.246+0000] {processor.py:157} INFO - Started process (PID=1097) to work on /home/airflow/.local/lib/python3.8/site-packages/airflow/example_dags/example_kubernetes_executor.py
[2023-11-14T21:43:35.247+0000] {processor.py:829} INFO - Processing file /home/airflow/.local/lib/python3.8/site-packages/airflow/example_dags/example_kubernetes_executor.py for tasks to queue
[2023-11-14T21:43:35.250+0000] {logging_mixin.py:154} INFO - [2023-11-14T21:43:35.250+0000] {dagbag.py:536} INFO - Filling up the DagBag from /home/airflow/.local/lib/python3.8/site-packages/airflow/example_dags/example_kubernetes_executor.py
[2023-11-14T21:43:35.270+0000] {processor.py:839} INFO - DAG(s) dict_keys(['example_kubernetes_executor']) retrieved from /home/airflow/.local/lib/python3.8/site-packages/airflow/example_dags/example_kubernetes_executor.py
[2023-11-14T21:43:35.316+0000] {logging_mixin.py:154} INFO - [2023-11-14T21:43:35.316+0000] {dag.py:2941} INFO - Sync 1 DAGs
[2023-11-14T21:43:35.331+0000] {logging_mixin.py:154} INFO - [2023-11-14T21:43:35.331+0000] {dag.py:3722} INFO - Setting next_dagrun for example_kubernetes_executor to None, run_after=None
[2023-11-14T21:43:35.355+0000] {processor.py:179} INFO - Processing /home/airflow/.local/lib/python3.8/site-packages/airflow/example_dags/example_kubernetes_executor.py took 0.114 seconds
[2023-11-14T21:44:05.568+0000] {processor.py:157} INFO - Started process (PID=1151) to work on /home/airflow/.local/lib/python3.8/site-packages/airflow/example_dags/example_kubernetes_executor.py
[2023-11-14T21:44:05.569+0000] {processor.py:829} INFO - Processing file /home/airflow/.local/lib/python3.8/site-packages/airflow/example_dags/example_kubernetes_executor.py for tasks to queue
[2023-11-14T21:44:05.572+0000] {logging_mixin.py:154} INFO - [2023-11-14T21:44:05.571+0000] {dagbag.py:536} INFO - Filling up the DagBag from /home/airflow/.local/lib/python3.8/site-packages/airflow/example_dags/example_kubernetes_executor.py
[2023-11-14T21:44:05.591+0000] {processor.py:839} INFO - DAG(s) dict_keys(['example_kubernetes_executor']) retrieved from /home/airflow/.local/lib/python3.8/site-packages/airflow/example_dags/example_kubernetes_executor.py
[2023-11-14T21:44:05.650+0000] {logging_mixin.py:154} INFO - [2023-11-14T21:44:05.649+0000] {dag.py:2941} INFO - Sync 1 DAGs
[2023-11-14T21:44:05.676+0000] {logging_mixin.py:154} INFO - [2023-11-14T21:44:05.675+0000] {dag.py:3722} INFO - Setting next_dagrun for example_kubernetes_executor to None, run_after=None
[2023-11-14T21:44:05.882+0000] {processor.py:179} INFO - Processing /home/airflow/.local/lib/python3.8/site-packages/airflow/example_dags/example_kubernetes_executor.py took 0.319 seconds
[2023-11-14T21:44:36.024+0000] {processor.py:157} INFO - Started process (PID=1205) to work on /home/airflow/.local/lib/python3.8/site-packages/airflow/example_dags/example_kubernetes_executor.py
[2023-11-14T21:44:36.025+0000] {processor.py:829} INFO - Processing file /home/airflow/.local/lib/python3.8/site-packages/airflow/example_dags/example_kubernetes_executor.py for tasks to queue
[2023-11-14T21:44:36.027+0000] {logging_mixin.py:154} INFO - [2023-11-14T21:44:36.027+0000] {dagbag.py:536} INFO - Filling up the DagBag from /home/airflow/.local/lib/python3.8/site-packages/airflow/example_dags/example_kubernetes_executor.py
[2023-11-14T21:44:36.045+0000] {processor.py:839} INFO - DAG(s) dict_keys(['example_kubernetes_executor']) retrieved from /home/airflow/.local/lib/python3.8/site-packages/airflow/example_dags/example_kubernetes_executor.py
[2023-11-14T21:44:36.088+0000] {logging_mixin.py:154} INFO - [2023-11-14T21:44:36.088+0000] {dag.py:2941} INFO - Sync 1 DAGs
[2023-11-14T21:44:36.104+0000] {logging_mixin.py:154} INFO - [2023-11-14T21:44:36.103+0000] {dag.py:3722} INFO - Setting next_dagrun for example_kubernetes_executor to None, run_after=None
[2023-11-14T21:44:36.130+0000] {processor.py:179} INFO - Processing /home/airflow/.local/lib/python3.8/site-packages/airflow/example_dags/example_kubernetes_executor.py took 0.110 seconds
[2023-11-14T21:45:08.026+0000] {processor.py:157} INFO - Started process (PID=1266) to work on /home/airflow/.local/lib/python3.8/site-packages/airflow/example_dags/example_kubernetes_executor.py
[2023-11-14T21:45:08.027+0000] {processor.py:829} INFO - Processing file /home/airflow/.local/lib/python3.8/site-packages/airflow/example_dags/example_kubernetes_executor.py for tasks to queue
[2023-11-14T21:45:08.030+0000] {logging_mixin.py:154} INFO - [2023-11-14T21:45:08.029+0000] {dagbag.py:536} INFO - Filling up the DagBag from /home/airflow/.local/lib/python3.8/site-packages/airflow/example_dags/example_kubernetes_executor.py
[2023-11-14T21:45:08.045+0000] {processor.py:839} INFO - DAG(s) dict_keys(['example_kubernetes_executor']) retrieved from /home/airflow/.local/lib/python3.8/site-packages/airflow/example_dags/example_kubernetes_executor.py
[2023-11-14T21:45:08.257+0000] {logging_mixin.py:154} INFO - [2023-11-14T21:45:08.257+0000] {dag.py:2941} INFO - Sync 1 DAGs
[2023-11-14T21:45:08.277+0000] {logging_mixin.py:154} INFO - [2023-11-14T21:45:08.277+0000] {dag.py:3722} INFO - Setting next_dagrun for example_kubernetes_executor to None, run_after=None
[2023-11-14T21:45:08.300+0000] {processor.py:179} INFO - Processing /home/airflow/.local/lib/python3.8/site-packages/airflow/example_dags/example_kubernetes_executor.py took 0.278 seconds
[2023-11-14T21:45:39.186+0000] {processor.py:157} INFO - Started process (PID=1320) to work on /home/airflow/.local/lib/python3.8/site-packages/airflow/example_dags/example_kubernetes_executor.py
[2023-11-14T21:45:39.188+0000] {processor.py:829} INFO - Processing file /home/airflow/.local/lib/python3.8/site-packages/airflow/example_dags/example_kubernetes_executor.py for tasks to queue
[2023-11-14T21:45:39.194+0000] {logging_mixin.py:154} INFO - [2023-11-14T21:45:39.193+0000] {dagbag.py:536} INFO - Filling up the DagBag from /home/airflow/.local/lib/python3.8/site-packages/airflow/example_dags/example_kubernetes_executor.py
[2023-11-14T21:45:39.217+0000] {processor.py:839} INFO - DAG(s) dict_keys(['example_kubernetes_executor']) retrieved from /home/airflow/.local/lib/python3.8/site-packages/airflow/example_dags/example_kubernetes_executor.py
[2023-11-14T21:45:39.259+0000] {logging_mixin.py:154} INFO - [2023-11-14T21:45:39.259+0000] {dag.py:2941} INFO - Sync 1 DAGs
[2023-11-14T21:45:39.274+0000] {logging_mixin.py:154} INFO - [2023-11-14T21:45:39.274+0000] {dag.py:3722} INFO - Setting next_dagrun for example_kubernetes_executor to None, run_after=None
[2023-11-14T21:45:39.310+0000] {processor.py:179} INFO - Processing /home/airflow/.local/lib/python3.8/site-packages/airflow/example_dags/example_kubernetes_executor.py took 0.134 seconds
[2023-11-14T21:46:09.461+0000] {processor.py:157} INFO - Started process (PID=1374) to work on /home/airflow/.local/lib/python3.8/site-packages/airflow/example_dags/example_kubernetes_executor.py
[2023-11-14T21:46:09.461+0000] {processor.py:829} INFO - Processing file /home/airflow/.local/lib/python3.8/site-packages/airflow/example_dags/example_kubernetes_executor.py for tasks to queue
[2023-11-14T21:46:09.464+0000] {logging_mixin.py:154} INFO - [2023-11-14T21:46:09.463+0000] {dagbag.py:536} INFO - Filling up the DagBag from /home/airflow/.local/lib/python3.8/site-packages/airflow/example_dags/example_kubernetes_executor.py
[2023-11-14T21:46:09.481+0000] {processor.py:839} INFO - DAG(s) dict_keys(['example_kubernetes_executor']) retrieved from /home/airflow/.local/lib/python3.8/site-packages/airflow/example_dags/example_kubernetes_executor.py
[2023-11-14T21:46:09.525+0000] {logging_mixin.py:154} INFO - [2023-11-14T21:46:09.525+0000] {dag.py:2941} INFO - Sync 1 DAGs
[2023-11-14T21:46:09.541+0000] {logging_mixin.py:154} INFO - [2023-11-14T21:46:09.541+0000] {dag.py:3722} INFO - Setting next_dagrun for example_kubernetes_executor to None, run_after=None
[2023-11-14T21:46:09.567+0000] {processor.py:179} INFO - Processing /home/airflow/.local/lib/python3.8/site-packages/airflow/example_dags/example_kubernetes_executor.py took 0.110 seconds
[2023-11-14T21:46:39.966+0000] {processor.py:157} INFO - Started process (PID=1428) to work on /home/airflow/.local/lib/python3.8/site-packages/airflow/example_dags/example_kubernetes_executor.py
[2023-11-14T21:46:39.968+0000] {processor.py:829} INFO - Processing file /home/airflow/.local/lib/python3.8/site-packages/airflow/example_dags/example_kubernetes_executor.py for tasks to queue
[2023-11-14T21:46:39.971+0000] {logging_mixin.py:154} INFO - [2023-11-14T21:46:39.971+0000] {dagbag.py:536} INFO - Filling up the DagBag from /home/airflow/.local/lib/python3.8/site-packages/airflow/example_dags/example_kubernetes_executor.py
[2023-11-14T21:46:39.997+0000] {processor.py:839} INFO - DAG(s) dict_keys(['example_kubernetes_executor']) retrieved from /home/airflow/.local/lib/python3.8/site-packages/airflow/example_dags/example_kubernetes_executor.py
[2023-11-14T21:46:40.275+0000] {logging_mixin.py:154} INFO - [2023-11-14T21:46:40.275+0000] {dag.py:2941} INFO - Sync 1 DAGs
[2023-11-14T21:46:40.293+0000] {logging_mixin.py:154} INFO - [2023-11-14T21:46:40.292+0000] {dag.py:3722} INFO - Setting next_dagrun for example_kubernetes_executor to None, run_after=None
[2023-11-14T21:46:40.320+0000] {processor.py:179} INFO - Processing /home/airflow/.local/lib/python3.8/site-packages/airflow/example_dags/example_kubernetes_executor.py took 0.362 seconds
[2023-11-14T21:47:10.399+0000] {processor.py:157} INFO - Started process (PID=1482) to work on /home/airflow/.local/lib/python3.8/site-packages/airflow/example_dags/example_kubernetes_executor.py
[2023-11-14T21:47:10.400+0000] {processor.py:829} INFO - Processing file /home/airflow/.local/lib/python3.8/site-packages/airflow/example_dags/example_kubernetes_executor.py for tasks to queue
[2023-11-14T21:47:10.403+0000] {logging_mixin.py:154} INFO - [2023-11-14T21:47:10.402+0000] {dagbag.py:536} INFO - Filling up the DagBag from /home/airflow/.local/lib/python3.8/site-packages/airflow/example_dags/example_kubernetes_executor.py
[2023-11-14T21:47:10.420+0000] {processor.py:839} INFO - DAG(s) dict_keys(['example_kubernetes_executor']) retrieved from /home/airflow/.local/lib/python3.8/site-packages/airflow/example_dags/example_kubernetes_executor.py
[2023-11-14T21:47:10.463+0000] {logging_mixin.py:154} INFO - [2023-11-14T21:47:10.463+0000] {dag.py:2941} INFO - Sync 1 DAGs
[2023-11-14T21:47:10.478+0000] {logging_mixin.py:154} INFO - [2023-11-14T21:47:10.477+0000] {dag.py:3722} INFO - Setting next_dagrun for example_kubernetes_executor to None, run_after=None
[2023-11-14T21:47:10.502+0000] {processor.py:179} INFO - Processing /home/airflow/.local/lib/python3.8/site-packages/airflow/example_dags/example_kubernetes_executor.py took 0.107 seconds
[2023-11-14T21:47:41.911+0000] {processor.py:157} INFO - Started process (PID=1536) to work on /home/airflow/.local/lib/python3.8/site-packages/airflow/example_dags/example_kubernetes_executor.py
[2023-11-14T21:47:41.912+0000] {processor.py:829} INFO - Processing file /home/airflow/.local/lib/python3.8/site-packages/airflow/example_dags/example_kubernetes_executor.py for tasks to queue
[2023-11-14T21:47:41.916+0000] {logging_mixin.py:154} INFO - [2023-11-14T21:47:41.916+0000] {dagbag.py:536} INFO - Filling up the DagBag from /home/airflow/.local/lib/python3.8/site-packages/airflow/example_dags/example_kubernetes_executor.py
[2023-11-14T21:47:41.940+0000] {processor.py:839} INFO - DAG(s) dict_keys(['example_kubernetes_executor']) retrieved from /home/airflow/.local/lib/python3.8/site-packages/airflow/example_dags/example_kubernetes_executor.py
[2023-11-14T21:47:41.994+0000] {logging_mixin.py:154} INFO - [2023-11-14T21:47:41.994+0000] {dag.py:2941} INFO - Sync 1 DAGs
[2023-11-14T21:47:42.012+0000] {logging_mixin.py:154} INFO - [2023-11-14T21:47:42.011+0000] {dag.py:3722} INFO - Setting next_dagrun for example_kubernetes_executor to None, run_after=None
[2023-11-14T21:47:42.040+0000] {processor.py:179} INFO - Processing /home/airflow/.local/lib/python3.8/site-packages/airflow/example_dags/example_kubernetes_executor.py took 0.135 seconds
[2023-11-14T21:48:12.415+0000] {processor.py:157} INFO - Started process (PID=1591) to work on /home/airflow/.local/lib/python3.8/site-packages/airflow/example_dags/example_kubernetes_executor.py
[2023-11-14T21:48:12.416+0000] {processor.py:829} INFO - Processing file /home/airflow/.local/lib/python3.8/site-packages/airflow/example_dags/example_kubernetes_executor.py for tasks to queue
[2023-11-14T21:48:12.418+0000] {logging_mixin.py:154} INFO - [2023-11-14T21:48:12.418+0000] {dagbag.py:536} INFO - Filling up the DagBag from /home/airflow/.local/lib/python3.8/site-packages/airflow/example_dags/example_kubernetes_executor.py
[2023-11-14T21:48:12.436+0000] {processor.py:839} INFO - DAG(s) dict_keys(['example_kubernetes_executor']) retrieved from /home/airflow/.local/lib/python3.8/site-packages/airflow/example_dags/example_kubernetes_executor.py
[2023-11-14T21:48:12.642+0000] {logging_mixin.py:154} INFO - [2023-11-14T21:48:12.642+0000] {dag.py:2941} INFO - Sync 1 DAGs
[2023-11-14T21:48:12.667+0000] {logging_mixin.py:154} INFO - [2023-11-14T21:48:12.666+0000] {dag.py:3722} INFO - Setting next_dagrun for example_kubernetes_executor to None, run_after=None
[2023-11-14T21:48:12.695+0000] {processor.py:179} INFO - Processing /home/airflow/.local/lib/python3.8/site-packages/airflow/example_dags/example_kubernetes_executor.py took 0.285 seconds
[2023-11-14T21:48:42.864+0000] {processor.py:157} INFO - Started process (PID=1645) to work on /home/airflow/.local/lib/python3.8/site-packages/airflow/example_dags/example_kubernetes_executor.py
[2023-11-14T21:48:42.865+0000] {processor.py:829} INFO - Processing file /home/airflow/.local/lib/python3.8/site-packages/airflow/example_dags/example_kubernetes_executor.py for tasks to queue
[2023-11-14T21:48:42.868+0000] {logging_mixin.py:154} INFO - [2023-11-14T21:48:42.868+0000] {dagbag.py:536} INFO - Filling up the DagBag from /home/airflow/.local/lib/python3.8/site-packages/airflow/example_dags/example_kubernetes_executor.py
[2023-11-14T21:48:42.886+0000] {processor.py:839} INFO - DAG(s) dict_keys(['example_kubernetes_executor']) retrieved from /home/airflow/.local/lib/python3.8/site-packages/airflow/example_dags/example_kubernetes_executor.py
[2023-11-14T21:48:42.930+0000] {logging_mixin.py:154} INFO - [2023-11-14T21:48:42.930+0000] {dag.py:2941} INFO - Sync 1 DAGs
[2023-11-14T21:48:42.945+0000] {logging_mixin.py:154} INFO - [2023-11-14T21:48:42.945+0000] {dag.py:3722} INFO - Setting next_dagrun for example_kubernetes_executor to None, run_after=None
[2023-11-14T21:48:42.977+0000] {processor.py:179} INFO - Processing /home/airflow/.local/lib/python3.8/site-packages/airflow/example_dags/example_kubernetes_executor.py took 0.117 seconds
[2023-11-14T21:49:13.943+0000] {processor.py:157} INFO - Started process (PID=1699) to work on /home/airflow/.local/lib/python3.8/site-packages/airflow/example_dags/example_kubernetes_executor.py
[2023-11-14T21:49:13.944+0000] {processor.py:829} INFO - Processing file /home/airflow/.local/lib/python3.8/site-packages/airflow/example_dags/example_kubernetes_executor.py for tasks to queue
[2023-11-14T21:49:13.947+0000] {logging_mixin.py:154} INFO - [2023-11-14T21:49:13.947+0000] {dagbag.py:536} INFO - Filling up the DagBag from /home/airflow/.local/lib/python3.8/site-packages/airflow/example_dags/example_kubernetes_executor.py
[2023-11-14T21:49:13.966+0000] {processor.py:839} INFO - DAG(s) dict_keys(['example_kubernetes_executor']) retrieved from /home/airflow/.local/lib/python3.8/site-packages/airflow/example_dags/example_kubernetes_executor.py
[2023-11-14T21:49:14.176+0000] {logging_mixin.py:154} INFO - [2023-11-14T21:49:14.175+0000] {dag.py:2941} INFO - Sync 1 DAGs
[2023-11-14T21:49:14.192+0000] {logging_mixin.py:154} INFO - [2023-11-14T21:49:14.192+0000] {dag.py:3722} INFO - Setting next_dagrun for example_kubernetes_executor to None, run_after=None
[2023-11-14T21:49:14.215+0000] {processor.py:179} INFO - Processing /home/airflow/.local/lib/python3.8/site-packages/airflow/example_dags/example_kubernetes_executor.py took 0.278 seconds
[2023-11-14T21:49:44.671+0000] {processor.py:157} INFO - Started process (PID=1753) to work on /home/airflow/.local/lib/python3.8/site-packages/airflow/example_dags/example_kubernetes_executor.py
[2023-11-14T21:49:44.672+0000] {processor.py:829} INFO - Processing file /home/airflow/.local/lib/python3.8/site-packages/airflow/example_dags/example_kubernetes_executor.py for tasks to queue
[2023-11-14T21:49:44.675+0000] {logging_mixin.py:154} INFO - [2023-11-14T21:49:44.675+0000] {dagbag.py:536} INFO - Filling up the DagBag from /home/airflow/.local/lib/python3.8/site-packages/airflow/example_dags/example_kubernetes_executor.py
[2023-11-14T21:49:44.693+0000] {processor.py:839} INFO - DAG(s) dict_keys(['example_kubernetes_executor']) retrieved from /home/airflow/.local/lib/python3.8/site-packages/airflow/example_dags/example_kubernetes_executor.py
[2023-11-14T21:49:44.740+0000] {logging_mixin.py:154} INFO - [2023-11-14T21:49:44.740+0000] {dag.py:2941} INFO - Sync 1 DAGs
[2023-11-14T21:49:44.755+0000] {logging_mixin.py:154} INFO - [2023-11-14T21:49:44.755+0000] {dag.py:3722} INFO - Setting next_dagrun for example_kubernetes_executor to None, run_after=None
[2023-11-14T21:49:44.778+0000] {processor.py:179} INFO - Processing /home/airflow/.local/lib/python3.8/site-packages/airflow/example_dags/example_kubernetes_executor.py took 0.112 seconds
[2023-11-14T21:50:15.438+0000] {processor.py:157} INFO - Started process (PID=1807) to work on /home/airflow/.local/lib/python3.8/site-packages/airflow/example_dags/example_kubernetes_executor.py
[2023-11-14T21:50:15.440+0000] {processor.py:829} INFO - Processing file /home/airflow/.local/lib/python3.8/site-packages/airflow/example_dags/example_kubernetes_executor.py for tasks to queue
[2023-11-14T21:50:15.442+0000] {logging_mixin.py:154} INFO - [2023-11-14T21:50:15.442+0000] {dagbag.py:536} INFO - Filling up the DagBag from /home/airflow/.local/lib/python3.8/site-packages/airflow/example_dags/example_kubernetes_executor.py
[2023-11-14T21:50:15.459+0000] {processor.py:839} INFO - DAG(s) dict_keys(['example_kubernetes_executor']) retrieved from /home/airflow/.local/lib/python3.8/site-packages/airflow/example_dags/example_kubernetes_executor.py
[2023-11-14T21:50:15.503+0000] {logging_mixin.py:154} INFO - [2023-11-14T21:50:15.503+0000] {dag.py:2941} INFO - Sync 1 DAGs
[2023-11-14T21:50:15.518+0000] {logging_mixin.py:154} INFO - [2023-11-14T21:50:15.517+0000] {dag.py:3722} INFO - Setting next_dagrun for example_kubernetes_executor to None, run_after=None
[2023-11-14T21:50:15.543+0000] {processor.py:179} INFO - Processing /home/airflow/.local/lib/python3.8/site-packages/airflow/example_dags/example_kubernetes_executor.py took 0.109 seconds
[2023-11-14T21:50:45.817+0000] {processor.py:157} INFO - Started process (PID=1861) to work on /home/airflow/.local/lib/python3.8/site-packages/airflow/example_dags/example_kubernetes_executor.py
[2023-11-14T21:50:45.818+0000] {processor.py:829} INFO - Processing file /home/airflow/.local/lib/python3.8/site-packages/airflow/example_dags/example_kubernetes_executor.py for tasks to queue
[2023-11-14T21:50:45.822+0000] {logging_mixin.py:154} INFO - [2023-11-14T21:50:45.821+0000] {dagbag.py:536} INFO - Filling up the DagBag from /home/airflow/.local/lib/python3.8/site-packages/airflow/example_dags/example_kubernetes_executor.py
[2023-11-14T21:50:45.843+0000] {processor.py:839} INFO - DAG(s) dict_keys(['example_kubernetes_executor']) retrieved from /home/airflow/.local/lib/python3.8/site-packages/airflow/example_dags/example_kubernetes_executor.py
[2023-11-14T21:50:45.895+0000] {logging_mixin.py:154} INFO - [2023-11-14T21:50:45.894+0000] {dag.py:2941} INFO - Sync 1 DAGs
[2023-11-14T21:50:45.912+0000] {logging_mixin.py:154} INFO - [2023-11-14T21:50:45.911+0000] {dag.py:3722} INFO - Setting next_dagrun for example_kubernetes_executor to None, run_after=None
[2023-11-14T21:50:45.938+0000] {processor.py:179} INFO - Processing /home/airflow/.local/lib/python3.8/site-packages/airflow/example_dags/example_kubernetes_executor.py took 0.126 seconds
[2023-11-14T21:51:16.282+0000] {processor.py:157} INFO - Started process (PID=1915) to work on /home/airflow/.local/lib/python3.8/site-packages/airflow/example_dags/example_kubernetes_executor.py
[2023-11-14T21:51:16.283+0000] {processor.py:829} INFO - Processing file /home/airflow/.local/lib/python3.8/site-packages/airflow/example_dags/example_kubernetes_executor.py for tasks to queue
[2023-11-14T21:51:16.286+0000] {logging_mixin.py:154} INFO - [2023-11-14T21:51:16.286+0000] {dagbag.py:536} INFO - Filling up the DagBag from /home/airflow/.local/lib/python3.8/site-packages/airflow/example_dags/example_kubernetes_executor.py
[2023-11-14T21:51:16.304+0000] {processor.py:839} INFO - DAG(s) dict_keys(['example_kubernetes_executor']) retrieved from /home/airflow/.local/lib/python3.8/site-packages/airflow/example_dags/example_kubernetes_executor.py
[2023-11-14T21:51:16.364+0000] {logging_mixin.py:154} INFO - [2023-11-14T21:51:16.364+0000] {dag.py:2941} INFO - Sync 1 DAGs
[2023-11-14T21:51:16.381+0000] {logging_mixin.py:154} INFO - [2023-11-14T21:51:16.381+0000] {dag.py:3722} INFO - Setting next_dagrun for example_kubernetes_executor to None, run_after=None
[2023-11-14T21:51:16.412+0000] {processor.py:179} INFO - Processing /home/airflow/.local/lib/python3.8/site-packages/airflow/example_dags/example_kubernetes_executor.py took 0.135 seconds
[2023-11-14T21:51:46.894+0000] {processor.py:157} INFO - Started process (PID=1969) to work on /home/airflow/.local/lib/python3.8/site-packages/airflow/example_dags/example_kubernetes_executor.py
[2023-11-14T21:51:46.896+0000] {processor.py:829} INFO - Processing file /home/airflow/.local/lib/python3.8/site-packages/airflow/example_dags/example_kubernetes_executor.py for tasks to queue
[2023-11-14T21:51:46.899+0000] {logging_mixin.py:154} INFO - [2023-11-14T21:51:46.898+0000] {dagbag.py:536} INFO - Filling up the DagBag from /home/airflow/.local/lib/python3.8/site-packages/airflow/example_dags/example_kubernetes_executor.py
[2023-11-14T21:51:46.915+0000] {processor.py:839} INFO - DAG(s) dict_keys(['example_kubernetes_executor']) retrieved from /home/airflow/.local/lib/python3.8/site-packages/airflow/example_dags/example_kubernetes_executor.py
[2023-11-14T21:51:46.958+0000] {logging_mixin.py:154} INFO - [2023-11-14T21:51:46.958+0000] {dag.py:2941} INFO - Sync 1 DAGs
[2023-11-14T21:51:46.973+0000] {logging_mixin.py:154} INFO - [2023-11-14T21:51:46.972+0000] {dag.py:3722} INFO - Setting next_dagrun for example_kubernetes_executor to None, run_after=None
[2023-11-14T21:51:46.999+0000] {processor.py:179} INFO - Processing /home/airflow/.local/lib/python3.8/site-packages/airflow/example_dags/example_kubernetes_executor.py took 0.109 seconds
[2023-11-14T21:52:17.591+0000] {processor.py:157} INFO - Started process (PID=2024) to work on /home/airflow/.local/lib/python3.8/site-packages/airflow/example_dags/example_kubernetes_executor.py
[2023-11-14T21:52:17.594+0000] {processor.py:829} INFO - Processing file /home/airflow/.local/lib/python3.8/site-packages/airflow/example_dags/example_kubernetes_executor.py for tasks to queue
[2023-11-14T21:52:17.600+0000] {logging_mixin.py:154} INFO - [2023-11-14T21:52:17.599+0000] {dagbag.py:536} INFO - Filling up the DagBag from /home/airflow/.local/lib/python3.8/site-packages/airflow/example_dags/example_kubernetes_executor.py
[2023-11-14T21:52:17.621+0000] {processor.py:839} INFO - DAG(s) dict_keys(['example_kubernetes_executor']) retrieved from /home/airflow/.local/lib/python3.8/site-packages/airflow/example_dags/example_kubernetes_executor.py
[2023-11-14T21:52:17.664+0000] {logging_mixin.py:154} INFO - [2023-11-14T21:52:17.664+0000] {dag.py:2941} INFO - Sync 1 DAGs
[2023-11-14T21:52:17.679+0000] {logging_mixin.py:154} INFO - [2023-11-14T21:52:17.679+0000] {dag.py:3722} INFO - Setting next_dagrun for example_kubernetes_executor to None, run_after=None
[2023-11-14T21:52:17.702+0000] {processor.py:179} INFO - Processing /home/airflow/.local/lib/python3.8/site-packages/airflow/example_dags/example_kubernetes_executor.py took 0.120 seconds
[2023-11-14T21:52:47.895+0000] {processor.py:157} INFO - Started process (PID=2078) to work on /home/airflow/.local/lib/python3.8/site-packages/airflow/example_dags/example_kubernetes_executor.py
[2023-11-14T21:52:47.896+0000] {processor.py:829} INFO - Processing file /home/airflow/.local/lib/python3.8/site-packages/airflow/example_dags/example_kubernetes_executor.py for tasks to queue
[2023-11-14T21:52:47.899+0000] {logging_mixin.py:154} INFO - [2023-11-14T21:52:47.899+0000] {dagbag.py:536} INFO - Filling up the DagBag from /home/airflow/.local/lib/python3.8/site-packages/airflow/example_dags/example_kubernetes_executor.py
[2023-11-14T21:52:47.919+0000] {processor.py:839} INFO - DAG(s) dict_keys(['example_kubernetes_executor']) retrieved from /home/airflow/.local/lib/python3.8/site-packages/airflow/example_dags/example_kubernetes_executor.py
[2023-11-14T21:52:47.965+0000] {logging_mixin.py:154} INFO - [2023-11-14T21:52:47.965+0000] {dag.py:2941} INFO - Sync 1 DAGs
[2023-11-14T21:52:47.982+0000] {logging_mixin.py:154} INFO - [2023-11-14T21:52:47.981+0000] {dag.py:3722} INFO - Setting next_dagrun for example_kubernetes_executor to None, run_after=None
[2023-11-14T21:52:48.007+0000] {processor.py:179} INFO - Processing /home/airflow/.local/lib/python3.8/site-packages/airflow/example_dags/example_kubernetes_executor.py took 0.117 seconds
[2023-11-14T21:53:18.656+0000] {processor.py:157} INFO - Started process (PID=2132) to work on /home/airflow/.local/lib/python3.8/site-packages/airflow/example_dags/example_kubernetes_executor.py
[2023-11-14T21:53:18.658+0000] {processor.py:829} INFO - Processing file /home/airflow/.local/lib/python3.8/site-packages/airflow/example_dags/example_kubernetes_executor.py for tasks to queue
[2023-11-14T21:53:18.662+0000] {logging_mixin.py:154} INFO - [2023-11-14T21:53:18.661+0000] {dagbag.py:536} INFO - Filling up the DagBag from /home/airflow/.local/lib/python3.8/site-packages/airflow/example_dags/example_kubernetes_executor.py
[2023-11-14T21:53:18.687+0000] {processor.py:839} INFO - DAG(s) dict_keys(['example_kubernetes_executor']) retrieved from /home/airflow/.local/lib/python3.8/site-packages/airflow/example_dags/example_kubernetes_executor.py
[2023-11-14T21:53:18.743+0000] {logging_mixin.py:154} INFO - [2023-11-14T21:53:18.743+0000] {dag.py:2941} INFO - Sync 1 DAGs
[2023-11-14T21:53:18.764+0000] {logging_mixin.py:154} INFO - [2023-11-14T21:53:18.764+0000] {dag.py:3722} INFO - Setting next_dagrun for example_kubernetes_executor to None, run_after=None
[2023-11-14T21:53:18.809+0000] {processor.py:179} INFO - Processing /home/airflow/.local/lib/python3.8/site-packages/airflow/example_dags/example_kubernetes_executor.py took 0.157 seconds
[2023-11-14T21:53:49.477+0000] {processor.py:157} INFO - Started process (PID=2186) to work on /home/airflow/.local/lib/python3.8/site-packages/airflow/example_dags/example_kubernetes_executor.py
[2023-11-14T21:53:49.478+0000] {processor.py:829} INFO - Processing file /home/airflow/.local/lib/python3.8/site-packages/airflow/example_dags/example_kubernetes_executor.py for tasks to queue
[2023-11-14T21:53:49.481+0000] {logging_mixin.py:154} INFO - [2023-11-14T21:53:49.481+0000] {dagbag.py:536} INFO - Filling up the DagBag from /home/airflow/.local/lib/python3.8/site-packages/airflow/example_dags/example_kubernetes_executor.py
[2023-11-14T21:53:49.504+0000] {processor.py:839} INFO - DAG(s) dict_keys(['example_kubernetes_executor']) retrieved from /home/airflow/.local/lib/python3.8/site-packages/airflow/example_dags/example_kubernetes_executor.py
[2023-11-14T21:53:49.550+0000] {logging_mixin.py:154} INFO - [2023-11-14T21:53:49.549+0000] {dag.py:2941} INFO - Sync 1 DAGs
[2023-11-14T21:53:49.567+0000] {logging_mixin.py:154} INFO - [2023-11-14T21:53:49.567+0000] {dag.py:3722} INFO - Setting next_dagrun for example_kubernetes_executor to None, run_after=None
[2023-11-14T21:53:49.595+0000] {processor.py:179} INFO - Processing /home/airflow/.local/lib/python3.8/site-packages/airflow/example_dags/example_kubernetes_executor.py took 0.123 seconds
[2023-11-14T21:54:20.118+0000] {processor.py:157} INFO - Started process (PID=2240) to work on /home/airflow/.local/lib/python3.8/site-packages/airflow/example_dags/example_kubernetes_executor.py
[2023-11-14T21:54:20.119+0000] {processor.py:829} INFO - Processing file /home/airflow/.local/lib/python3.8/site-packages/airflow/example_dags/example_kubernetes_executor.py for tasks to queue
[2023-11-14T21:54:20.122+0000] {logging_mixin.py:154} INFO - [2023-11-14T21:54:20.122+0000] {dagbag.py:536} INFO - Filling up the DagBag from /home/airflow/.local/lib/python3.8/site-packages/airflow/example_dags/example_kubernetes_executor.py
[2023-11-14T21:54:20.143+0000] {processor.py:839} INFO - DAG(s) dict_keys(['example_kubernetes_executor']) retrieved from /home/airflow/.local/lib/python3.8/site-packages/airflow/example_dags/example_kubernetes_executor.py
[2023-11-14T21:54:20.200+0000] {logging_mixin.py:154} INFO - [2023-11-14T21:54:20.200+0000] {dag.py:2941} INFO - Sync 1 DAGs
[2023-11-14T21:54:20.218+0000] {logging_mixin.py:154} INFO - [2023-11-14T21:54:20.217+0000] {dag.py:3722} INFO - Setting next_dagrun for example_kubernetes_executor to None, run_after=None
[2023-11-14T21:54:20.246+0000] {processor.py:179} INFO - Processing /home/airflow/.local/lib/python3.8/site-packages/airflow/example_dags/example_kubernetes_executor.py took 0.133 seconds
[2023-11-14T21:54:51.086+0000] {processor.py:157} INFO - Started process (PID=2294) to work on /home/airflow/.local/lib/python3.8/site-packages/airflow/example_dags/example_kubernetes_executor.py
[2023-11-14T21:54:51.088+0000] {processor.py:829} INFO - Processing file /home/airflow/.local/lib/python3.8/site-packages/airflow/example_dags/example_kubernetes_executor.py for tasks to queue
[2023-11-14T21:54:51.092+0000] {logging_mixin.py:154} INFO - [2023-11-14T21:54:51.091+0000] {dagbag.py:536} INFO - Filling up the DagBag from /home/airflow/.local/lib/python3.8/site-packages/airflow/example_dags/example_kubernetes_executor.py
[2023-11-14T21:54:51.122+0000] {processor.py:839} INFO - DAG(s) dict_keys(['example_kubernetes_executor']) retrieved from /home/airflow/.local/lib/python3.8/site-packages/airflow/example_dags/example_kubernetes_executor.py
[2023-11-14T21:54:51.175+0000] {logging_mixin.py:154} INFO - [2023-11-14T21:54:51.174+0000] {dag.py:2941} INFO - Sync 1 DAGs
[2023-11-14T21:54:51.192+0000] {logging_mixin.py:154} INFO - [2023-11-14T21:54:51.192+0000] {dag.py:3722} INFO - Setting next_dagrun for example_kubernetes_executor to None, run_after=None
[2023-11-14T21:54:51.217+0000] {processor.py:179} INFO - Processing /home/airflow/.local/lib/python3.8/site-packages/airflow/example_dags/example_kubernetes_executor.py took 0.138 seconds
[2023-11-14T21:55:21.263+0000] {processor.py:157} INFO - Started process (PID=2349) to work on /home/airflow/.local/lib/python3.8/site-packages/airflow/example_dags/example_kubernetes_executor.py
[2023-11-14T21:55:21.265+0000] {processor.py:829} INFO - Processing file /home/airflow/.local/lib/python3.8/site-packages/airflow/example_dags/example_kubernetes_executor.py for tasks to queue
[2023-11-14T21:55:21.268+0000] {logging_mixin.py:154} INFO - [2023-11-14T21:55:21.268+0000] {dagbag.py:536} INFO - Filling up the DagBag from /home/airflow/.local/lib/python3.8/site-packages/airflow/example_dags/example_kubernetes_executor.py
[2023-11-14T21:55:21.289+0000] {processor.py:839} INFO - DAG(s) dict_keys(['example_kubernetes_executor']) retrieved from /home/airflow/.local/lib/python3.8/site-packages/airflow/example_dags/example_kubernetes_executor.py
[2023-11-14T21:55:21.334+0000] {logging_mixin.py:154} INFO - [2023-11-14T21:55:21.334+0000] {dag.py:2941} INFO - Sync 1 DAGs
[2023-11-14T21:55:21.349+0000] {logging_mixin.py:154} INFO - [2023-11-14T21:55:21.349+0000] {dag.py:3722} INFO - Setting next_dagrun for example_kubernetes_executor to None, run_after=None
[2023-11-14T21:55:21.386+0000] {processor.py:179} INFO - Processing /home/airflow/.local/lib/python3.8/site-packages/airflow/example_dags/example_kubernetes_executor.py took 0.128 seconds
[2023-11-14T21:55:51.762+0000] {processor.py:157} INFO - Started process (PID=2403) to work on /home/airflow/.local/lib/python3.8/site-packages/airflow/example_dags/example_kubernetes_executor.py
[2023-11-14T21:55:51.764+0000] {processor.py:829} INFO - Processing file /home/airflow/.local/lib/python3.8/site-packages/airflow/example_dags/example_kubernetes_executor.py for tasks to queue
[2023-11-14T21:55:51.766+0000] {logging_mixin.py:154} INFO - [2023-11-14T21:55:51.766+0000] {dagbag.py:536} INFO - Filling up the DagBag from /home/airflow/.local/lib/python3.8/site-packages/airflow/example_dags/example_kubernetes_executor.py
[2023-11-14T21:55:51.785+0000] {processor.py:839} INFO - DAG(s) dict_keys(['example_kubernetes_executor']) retrieved from /home/airflow/.local/lib/python3.8/site-packages/airflow/example_dags/example_kubernetes_executor.py
[2023-11-14T21:55:51.839+0000] {logging_mixin.py:154} INFO - [2023-11-14T21:55:51.839+0000] {dag.py:2941} INFO - Sync 1 DAGs
[2023-11-14T21:55:51.857+0000] {logging_mixin.py:154} INFO - [2023-11-14T21:55:51.857+0000] {dag.py:3722} INFO - Setting next_dagrun for example_kubernetes_executor to None, run_after=None
[2023-11-14T21:55:51.886+0000] {processor.py:179} INFO - Processing /home/airflow/.local/lib/python3.8/site-packages/airflow/example_dags/example_kubernetes_executor.py took 0.128 seconds
[2023-11-14T21:56:22.319+0000] {processor.py:157} INFO - Started process (PID=2457) to work on /home/airflow/.local/lib/python3.8/site-packages/airflow/example_dags/example_kubernetes_executor.py
[2023-11-14T21:56:22.320+0000] {processor.py:829} INFO - Processing file /home/airflow/.local/lib/python3.8/site-packages/airflow/example_dags/example_kubernetes_executor.py for tasks to queue
[2023-11-14T21:56:22.323+0000] {logging_mixin.py:154} INFO - [2023-11-14T21:56:22.322+0000] {dagbag.py:536} INFO - Filling up the DagBag from /home/airflow/.local/lib/python3.8/site-packages/airflow/example_dags/example_kubernetes_executor.py
[2023-11-14T21:56:22.341+0000] {processor.py:839} INFO - DAG(s) dict_keys(['example_kubernetes_executor']) retrieved from /home/airflow/.local/lib/python3.8/site-packages/airflow/example_dags/example_kubernetes_executor.py
[2023-11-14T21:56:22.386+0000] {logging_mixin.py:154} INFO - [2023-11-14T21:56:22.386+0000] {dag.py:2941} INFO - Sync 1 DAGs
[2023-11-14T21:56:22.404+0000] {logging_mixin.py:154} INFO - [2023-11-14T21:56:22.404+0000] {dag.py:3722} INFO - Setting next_dagrun for example_kubernetes_executor to None, run_after=None
[2023-11-14T21:56:22.427+0000] {processor.py:179} INFO - Processing /home/airflow/.local/lib/python3.8/site-packages/airflow/example_dags/example_kubernetes_executor.py took 0.112 seconds
[2023-11-14T21:56:53.084+0000] {processor.py:157} INFO - Started process (PID=2512) to work on /home/airflow/.local/lib/python3.8/site-packages/airflow/example_dags/example_kubernetes_executor.py
[2023-11-14T21:56:53.085+0000] {processor.py:829} INFO - Processing file /home/airflow/.local/lib/python3.8/site-packages/airflow/example_dags/example_kubernetes_executor.py for tasks to queue
[2023-11-14T21:56:53.088+0000] {logging_mixin.py:154} INFO - [2023-11-14T21:56:53.088+0000] {dagbag.py:536} INFO - Filling up the DagBag from /home/airflow/.local/lib/python3.8/site-packages/airflow/example_dags/example_kubernetes_executor.py
[2023-11-14T21:56:53.106+0000] {processor.py:839} INFO - DAG(s) dict_keys(['example_kubernetes_executor']) retrieved from /home/airflow/.local/lib/python3.8/site-packages/airflow/example_dags/example_kubernetes_executor.py
[2023-11-14T21:56:53.153+0000] {logging_mixin.py:154} INFO - [2023-11-14T21:56:53.152+0000] {dag.py:2941} INFO - Sync 1 DAGs
[2023-11-14T21:56:53.169+0000] {logging_mixin.py:154} INFO - [2023-11-14T21:56:53.169+0000] {dag.py:3722} INFO - Setting next_dagrun for example_kubernetes_executor to None, run_after=None
[2023-11-14T21:56:53.195+0000] {processor.py:179} INFO - Processing /home/airflow/.local/lib/python3.8/site-packages/airflow/example_dags/example_kubernetes_executor.py took 0.117 seconds
[2023-11-14T21:57:23.941+0000] {processor.py:157} INFO - Started process (PID=2566) to work on /home/airflow/.local/lib/python3.8/site-packages/airflow/example_dags/example_kubernetes_executor.py
[2023-11-14T21:57:23.942+0000] {processor.py:829} INFO - Processing file /home/airflow/.local/lib/python3.8/site-packages/airflow/example_dags/example_kubernetes_executor.py for tasks to queue
[2023-11-14T21:57:23.945+0000] {logging_mixin.py:154} INFO - [2023-11-14T21:57:23.944+0000] {dagbag.py:536} INFO - Filling up the DagBag from /home/airflow/.local/lib/python3.8/site-packages/airflow/example_dags/example_kubernetes_executor.py
[2023-11-14T21:57:23.961+0000] {processor.py:839} INFO - DAG(s) dict_keys(['example_kubernetes_executor']) retrieved from /home/airflow/.local/lib/python3.8/site-packages/airflow/example_dags/example_kubernetes_executor.py
[2023-11-14T21:57:24.008+0000] {logging_mixin.py:154} INFO - [2023-11-14T21:57:24.007+0000] {dag.py:2941} INFO - Sync 1 DAGs
[2023-11-14T21:57:24.021+0000] {logging_mixin.py:154} INFO - [2023-11-14T21:57:24.021+0000] {dag.py:3722} INFO - Setting next_dagrun for example_kubernetes_executor to None, run_after=None
[2023-11-14T21:57:24.072+0000] {processor.py:179} INFO - Processing /home/airflow/.local/lib/python3.8/site-packages/airflow/example_dags/example_kubernetes_executor.py took 0.136 seconds
[2023-11-14T21:57:54.291+0000] {processor.py:157} INFO - Started process (PID=2621) to work on /home/airflow/.local/lib/python3.8/site-packages/airflow/example_dags/example_kubernetes_executor.py
[2023-11-14T21:57:54.293+0000] {processor.py:829} INFO - Processing file /home/airflow/.local/lib/python3.8/site-packages/airflow/example_dags/example_kubernetes_executor.py for tasks to queue
[2023-11-14T21:57:54.297+0000] {logging_mixin.py:154} INFO - [2023-11-14T21:57:54.296+0000] {dagbag.py:536} INFO - Filling up the DagBag from /home/airflow/.local/lib/python3.8/site-packages/airflow/example_dags/example_kubernetes_executor.py
[2023-11-14T21:57:54.318+0000] {processor.py:839} INFO - DAG(s) dict_keys(['example_kubernetes_executor']) retrieved from /home/airflow/.local/lib/python3.8/site-packages/airflow/example_dags/example_kubernetes_executor.py
[2023-11-14T21:57:54.371+0000] {logging_mixin.py:154} INFO - [2023-11-14T21:57:54.371+0000] {dag.py:2941} INFO - Sync 1 DAGs
[2023-11-14T21:57:54.392+0000] {logging_mixin.py:154} INFO - [2023-11-14T21:57:54.391+0000] {dag.py:3722} INFO - Setting next_dagrun for example_kubernetes_executor to None, run_after=None
[2023-11-14T21:57:54.430+0000] {processor.py:179} INFO - Processing /home/airflow/.local/lib/python3.8/site-packages/airflow/example_dags/example_kubernetes_executor.py took 0.144 seconds
[2023-11-14T21:58:25.458+0000] {processor.py:157} INFO - Started process (PID=2675) to work on /home/airflow/.local/lib/python3.8/site-packages/airflow/example_dags/example_kubernetes_executor.py
[2023-11-14T21:58:25.459+0000] {processor.py:829} INFO - Processing file /home/airflow/.local/lib/python3.8/site-packages/airflow/example_dags/example_kubernetes_executor.py for tasks to queue
[2023-11-14T21:58:25.462+0000] {logging_mixin.py:154} INFO - [2023-11-14T21:58:25.462+0000] {dagbag.py:536} INFO - Filling up the DagBag from /home/airflow/.local/lib/python3.8/site-packages/airflow/example_dags/example_kubernetes_executor.py
[2023-11-14T21:58:25.478+0000] {processor.py:839} INFO - DAG(s) dict_keys(['example_kubernetes_executor']) retrieved from /home/airflow/.local/lib/python3.8/site-packages/airflow/example_dags/example_kubernetes_executor.py
[2023-11-14T21:58:25.521+0000] {logging_mixin.py:154} INFO - [2023-11-14T21:58:25.521+0000] {dag.py:2941} INFO - Sync 1 DAGs
[2023-11-14T21:58:25.539+0000] {logging_mixin.py:154} INFO - [2023-11-14T21:58:25.538+0000] {dag.py:3722} INFO - Setting next_dagrun for example_kubernetes_executor to None, run_after=None
[2023-11-14T21:58:25.564+0000] {processor.py:179} INFO - Processing /home/airflow/.local/lib/python3.8/site-packages/airflow/example_dags/example_kubernetes_executor.py took 0.110 seconds
[2023-11-14T21:58:56.019+0000] {processor.py:157} INFO - Started process (PID=2729) to work on /home/airflow/.local/lib/python3.8/site-packages/airflow/example_dags/example_kubernetes_executor.py
[2023-11-14T21:58:56.031+0000] {processor.py:829} INFO - Processing file /home/airflow/.local/lib/python3.8/site-packages/airflow/example_dags/example_kubernetes_executor.py for tasks to queue
[2023-11-14T21:58:56.037+0000] {logging_mixin.py:154} INFO - [2023-11-14T21:58:56.036+0000] {dagbag.py:536} INFO - Filling up the DagBag from /home/airflow/.local/lib/python3.8/site-packages/airflow/example_dags/example_kubernetes_executor.py
[2023-11-14T21:58:56.066+0000] {processor.py:839} INFO - DAG(s) dict_keys(['example_kubernetes_executor']) retrieved from /home/airflow/.local/lib/python3.8/site-packages/airflow/example_dags/example_kubernetes_executor.py
[2023-11-14T21:58:56.110+0000] {logging_mixin.py:154} INFO - [2023-11-14T21:58:56.110+0000] {dag.py:2941} INFO - Sync 1 DAGs
[2023-11-14T21:58:56.129+0000] {logging_mixin.py:154} INFO - [2023-11-14T21:58:56.129+0000] {dag.py:3722} INFO - Setting next_dagrun for example_kubernetes_executor to None, run_after=None
[2023-11-14T21:58:56.153+0000] {processor.py:179} INFO - Processing /home/airflow/.local/lib/python3.8/site-packages/airflow/example_dags/example_kubernetes_executor.py took 0.142 seconds
[2023-11-14T21:59:26.547+0000] {processor.py:157} INFO - Started process (PID=2783) to work on /home/airflow/.local/lib/python3.8/site-packages/airflow/example_dags/example_kubernetes_executor.py
[2023-11-14T21:59:26.560+0000] {processor.py:829} INFO - Processing file /home/airflow/.local/lib/python3.8/site-packages/airflow/example_dags/example_kubernetes_executor.py for tasks to queue
[2023-11-14T21:59:26.566+0000] {logging_mixin.py:154} INFO - [2023-11-14T21:59:26.565+0000] {dagbag.py:536} INFO - Filling up the DagBag from /home/airflow/.local/lib/python3.8/site-packages/airflow/example_dags/example_kubernetes_executor.py
[2023-11-14T21:59:26.585+0000] {processor.py:839} INFO - DAG(s) dict_keys(['example_kubernetes_executor']) retrieved from /home/airflow/.local/lib/python3.8/site-packages/airflow/example_dags/example_kubernetes_executor.py
[2023-11-14T21:59:26.630+0000] {logging_mixin.py:154} INFO - [2023-11-14T21:59:26.630+0000] {dag.py:2941} INFO - Sync 1 DAGs
[2023-11-14T21:59:26.645+0000] {logging_mixin.py:154} INFO - [2023-11-14T21:59:26.645+0000] {dag.py:3722} INFO - Setting next_dagrun for example_kubernetes_executor to None, run_after=None
[2023-11-14T21:59:26.668+0000] {processor.py:179} INFO - Processing /home/airflow/.local/lib/python3.8/site-packages/airflow/example_dags/example_kubernetes_executor.py took 0.130 seconds
