[2023-11-14T21:33:56.027+0000] {processor.py:157} INFO - Started process (PID=52) to work on /home/airflow/.local/lib/python3.8/site-packages/airflow/example_dags/example_external_task_marker_dag.py
[2023-11-14T21:33:56.028+0000] {processor.py:829} INFO - Processing file /home/airflow/.local/lib/python3.8/site-packages/airflow/example_dags/example_external_task_marker_dag.py for tasks to queue
[2023-11-14T21:33:56.031+0000] {logging_mixin.py:154} INFO - [2023-11-14T21:33:56.030+0000] {dagbag.py:536} INFO - Filling up the DagBag from /home/airflow/.local/lib/python3.8/site-packages/airflow/example_dags/example_external_task_marker_dag.py
[2023-11-14T21:33:56.039+0000] {processor.py:839} INFO - DAG(s) dict_keys(['example_external_task_marker_child', 'example_external_task_marker_parent']) retrieved from /home/airflow/.local/lib/python3.8/site-packages/airflow/example_dags/example_external_task_marker_dag.py
[2023-11-14T21:33:56.183+0000] {logging_mixin.py:154} INFO - [2023-11-14T21:33:56.183+0000] {manager.py:499} INFO - Created Permission View: %s
[2023-11-14T21:33:56.199+0000] {logging_mixin.py:154} INFO - [2023-11-14T21:33:56.199+0000] {manager.py:499} INFO - Created Permission View: %s
[2023-11-14T21:33:56.212+0000] {logging_mixin.py:154} INFO - [2023-11-14T21:33:56.212+0000] {manager.py:499} INFO - Created Permission View: %s
[2023-11-14T21:33:56.230+0000] {logging_mixin.py:154} INFO - [2023-11-14T21:33:56.229+0000] {manager.py:499} INFO - Created Permission View: %s
[2023-11-14T21:33:56.239+0000] {logging_mixin.py:154} INFO - [2023-11-14T21:33:56.239+0000] {manager.py:499} INFO - Created Permission View: %s
[2023-11-14T21:33:56.249+0000] {logging_mixin.py:154} INFO - [2023-11-14T21:33:56.249+0000] {manager.py:499} INFO - Created Permission View: %s
[2023-11-14T21:33:56.249+0000] {logging_mixin.py:154} INFO - [2023-11-14T21:33:56.249+0000] {dag.py:2941} INFO - Sync 2 DAGs
[2023-11-14T21:33:56.266+0000] {logging_mixin.py:154} INFO - [2023-11-14T21:33:56.266+0000] {dag.py:2963} INFO - Creating ORM DAG for example_external_task_marker_child
[2023-11-14T21:33:56.266+0000] {logging_mixin.py:154} INFO - [2023-11-14T21:33:56.266+0000] {dag.py:2963} INFO - Creating ORM DAG for example_external_task_marker_parent
[2023-11-14T21:33:56.267+0000] {logging_mixin.py:154} INFO - [2023-11-14T21:33:56.267+0000] {dag.py:3722} INFO - Setting next_dagrun for example_external_task_marker_child to None, run_after=None
[2023-11-14T21:33:56.268+0000] {logging_mixin.py:154} INFO - [2023-11-14T21:33:56.267+0000] {dag.py:3722} INFO - Setting next_dagrun for example_external_task_marker_parent to None, run_after=None
[2023-11-14T21:33:56.293+0000] {processor.py:179} INFO - Processing /home/airflow/.local/lib/python3.8/site-packages/airflow/example_dags/example_external_task_marker_dag.py took 0.270 seconds
[2023-11-14T21:34:27.248+0000] {processor.py:157} INFO - Started process (PID=106) to work on /home/airflow/.local/lib/python3.8/site-packages/airflow/example_dags/example_external_task_marker_dag.py
[2023-11-14T21:34:27.260+0000] {processor.py:829} INFO - Processing file /home/airflow/.local/lib/python3.8/site-packages/airflow/example_dags/example_external_task_marker_dag.py for tasks to queue
[2023-11-14T21:34:27.266+0000] {logging_mixin.py:154} INFO - [2023-11-14T21:34:27.265+0000] {dagbag.py:536} INFO - Filling up the DagBag from /home/airflow/.local/lib/python3.8/site-packages/airflow/example_dags/example_external_task_marker_dag.py
[2023-11-14T21:34:27.281+0000] {processor.py:839} INFO - DAG(s) dict_keys(['example_external_task_marker_child', 'example_external_task_marker_parent']) retrieved from /home/airflow/.local/lib/python3.8/site-packages/airflow/example_dags/example_external_task_marker_dag.py
[2023-11-14T21:34:27.311+0000] {logging_mixin.py:154} INFO - [2023-11-14T21:34:27.311+0000] {dag.py:2941} INFO - Sync 2 DAGs
[2023-11-14T21:34:27.326+0000] {logging_mixin.py:154} INFO - [2023-11-14T21:34:27.326+0000] {dag.py:3722} INFO - Setting next_dagrun for example_external_task_marker_child to None, run_after=None
[2023-11-14T21:34:27.330+0000] {logging_mixin.py:154} INFO - [2023-11-14T21:34:27.330+0000] {dag.py:3722} INFO - Setting next_dagrun for example_external_task_marker_parent to None, run_after=None
[2023-11-14T21:34:27.351+0000] {processor.py:179} INFO - Processing /home/airflow/.local/lib/python3.8/site-packages/airflow/example_dags/example_external_task_marker_dag.py took 0.112 seconds
[2023-11-14T21:34:57.518+0000] {processor.py:157} INFO - Started process (PID=160) to work on /home/airflow/.local/lib/python3.8/site-packages/airflow/example_dags/example_external_task_marker_dag.py
[2023-11-14T21:34:57.530+0000] {processor.py:829} INFO - Processing file /home/airflow/.local/lib/python3.8/site-packages/airflow/example_dags/example_external_task_marker_dag.py for tasks to queue
[2023-11-14T21:34:57.533+0000] {logging_mixin.py:154} INFO - [2023-11-14T21:34:57.533+0000] {dagbag.py:536} INFO - Filling up the DagBag from /home/airflow/.local/lib/python3.8/site-packages/airflow/example_dags/example_external_task_marker_dag.py
[2023-11-14T21:34:57.542+0000] {processor.py:839} INFO - DAG(s) dict_keys(['example_external_task_marker_parent', 'example_external_task_marker_child']) retrieved from /home/airflow/.local/lib/python3.8/site-packages/airflow/example_dags/example_external_task_marker_dag.py
[2023-11-14T21:34:57.576+0000] {logging_mixin.py:154} INFO - [2023-11-14T21:34:57.575+0000] {dag.py:2941} INFO - Sync 2 DAGs
[2023-11-14T21:34:57.590+0000] {logging_mixin.py:154} INFO - [2023-11-14T21:34:57.590+0000] {dag.py:3722} INFO - Setting next_dagrun for example_external_task_marker_child to None, run_after=None
[2023-11-14T21:34:57.595+0000] {logging_mixin.py:154} INFO - [2023-11-14T21:34:57.595+0000] {dag.py:3722} INFO - Setting next_dagrun for example_external_task_marker_parent to None, run_after=None
[2023-11-14T21:34:57.617+0000] {processor.py:179} INFO - Processing /home/airflow/.local/lib/python3.8/site-packages/airflow/example_dags/example_external_task_marker_dag.py took 0.108 seconds
[2023-11-14T21:35:27.750+0000] {processor.py:157} INFO - Started process (PID=214) to work on /home/airflow/.local/lib/python3.8/site-packages/airflow/example_dags/example_external_task_marker_dag.py
[2023-11-14T21:35:27.751+0000] {processor.py:829} INFO - Processing file /home/airflow/.local/lib/python3.8/site-packages/airflow/example_dags/example_external_task_marker_dag.py for tasks to queue
[2023-11-14T21:35:27.754+0000] {logging_mixin.py:154} INFO - [2023-11-14T21:35:27.754+0000] {dagbag.py:536} INFO - Filling up the DagBag from /home/airflow/.local/lib/python3.8/site-packages/airflow/example_dags/example_external_task_marker_dag.py
[2023-11-14T21:35:27.762+0000] {processor.py:839} INFO - DAG(s) dict_keys(['example_external_task_marker_parent', 'example_external_task_marker_child']) retrieved from /home/airflow/.local/lib/python3.8/site-packages/airflow/example_dags/example_external_task_marker_dag.py
[2023-11-14T21:35:27.793+0000] {logging_mixin.py:154} INFO - [2023-11-14T21:35:27.793+0000] {dag.py:2941} INFO - Sync 2 DAGs
[2023-11-14T21:35:27.808+0000] {logging_mixin.py:154} INFO - [2023-11-14T21:35:27.808+0000] {dag.py:3722} INFO - Setting next_dagrun for example_external_task_marker_child to None, run_after=None
[2023-11-14T21:35:27.813+0000] {logging_mixin.py:154} INFO - [2023-11-14T21:35:27.812+0000] {dag.py:3722} INFO - Setting next_dagrun for example_external_task_marker_parent to None, run_after=None
[2023-11-14T21:35:27.835+0000] {processor.py:179} INFO - Processing /home/airflow/.local/lib/python3.8/site-packages/airflow/example_dags/example_external_task_marker_dag.py took 0.089 seconds
[2023-11-14T21:35:58.533+0000] {processor.py:157} INFO - Started process (PID=268) to work on /home/airflow/.local/lib/python3.8/site-packages/airflow/example_dags/example_external_task_marker_dag.py
[2023-11-14T21:35:58.535+0000] {processor.py:829} INFO - Processing file /home/airflow/.local/lib/python3.8/site-packages/airflow/example_dags/example_external_task_marker_dag.py for tasks to queue
[2023-11-14T21:35:58.537+0000] {logging_mixin.py:154} INFO - [2023-11-14T21:35:58.537+0000] {dagbag.py:536} INFO - Filling up the DagBag from /home/airflow/.local/lib/python3.8/site-packages/airflow/example_dags/example_external_task_marker_dag.py
[2023-11-14T21:35:58.547+0000] {processor.py:839} INFO - DAG(s) dict_keys(['example_external_task_marker_parent', 'example_external_task_marker_child']) retrieved from /home/airflow/.local/lib/python3.8/site-packages/airflow/example_dags/example_external_task_marker_dag.py
[2023-11-14T21:35:58.590+0000] {logging_mixin.py:154} INFO - [2023-11-14T21:35:58.590+0000] {dag.py:2941} INFO - Sync 2 DAGs
[2023-11-14T21:35:58.609+0000] {logging_mixin.py:154} INFO - [2023-11-14T21:35:58.608+0000] {dag.py:3722} INFO - Setting next_dagrun for example_external_task_marker_child to None, run_after=None
[2023-11-14T21:35:58.616+0000] {logging_mixin.py:154} INFO - [2023-11-14T21:35:58.616+0000] {dag.py:3722} INFO - Setting next_dagrun for example_external_task_marker_parent to None, run_after=None
[2023-11-14T21:35:58.644+0000] {processor.py:179} INFO - Processing /home/airflow/.local/lib/python3.8/site-packages/airflow/example_dags/example_external_task_marker_dag.py took 0.116 seconds
[2023-11-14T21:36:28.835+0000] {processor.py:157} INFO - Started process (PID=323) to work on /home/airflow/.local/lib/python3.8/site-packages/airflow/example_dags/example_external_task_marker_dag.py
[2023-11-14T21:36:28.837+0000] {processor.py:829} INFO - Processing file /home/airflow/.local/lib/python3.8/site-packages/airflow/example_dags/example_external_task_marker_dag.py for tasks to queue
[2023-11-14T21:36:28.840+0000] {logging_mixin.py:154} INFO - [2023-11-14T21:36:28.840+0000] {dagbag.py:536} INFO - Filling up the DagBag from /home/airflow/.local/lib/python3.8/site-packages/airflow/example_dags/example_external_task_marker_dag.py
[2023-11-14T21:36:28.848+0000] {processor.py:839} INFO - DAG(s) dict_keys(['example_external_task_marker_parent', 'example_external_task_marker_child']) retrieved from /home/airflow/.local/lib/python3.8/site-packages/airflow/example_dags/example_external_task_marker_dag.py
[2023-11-14T21:36:28.878+0000] {logging_mixin.py:154} INFO - [2023-11-14T21:36:28.878+0000] {dag.py:2941} INFO - Sync 2 DAGs
[2023-11-14T21:36:28.893+0000] {logging_mixin.py:154} INFO - [2023-11-14T21:36:28.893+0000] {dag.py:3722} INFO - Setting next_dagrun for example_external_task_marker_child to None, run_after=None
[2023-11-14T21:36:28.898+0000] {logging_mixin.py:154} INFO - [2023-11-14T21:36:28.897+0000] {dag.py:3722} INFO - Setting next_dagrun for example_external_task_marker_parent to None, run_after=None
[2023-11-14T21:36:28.921+0000] {processor.py:179} INFO - Processing /home/airflow/.local/lib/python3.8/site-packages/airflow/example_dags/example_external_task_marker_dag.py took 0.093 seconds
[2023-11-14T21:36:59.351+0000] {processor.py:157} INFO - Started process (PID=377) to work on /home/airflow/.local/lib/python3.8/site-packages/airflow/example_dags/example_external_task_marker_dag.py
[2023-11-14T21:36:59.352+0000] {processor.py:829} INFO - Processing file /home/airflow/.local/lib/python3.8/site-packages/airflow/example_dags/example_external_task_marker_dag.py for tasks to queue
[2023-11-14T21:36:59.356+0000] {logging_mixin.py:154} INFO - [2023-11-14T21:36:59.356+0000] {dagbag.py:536} INFO - Filling up the DagBag from /home/airflow/.local/lib/python3.8/site-packages/airflow/example_dags/example_external_task_marker_dag.py
[2023-11-14T21:36:59.367+0000] {processor.py:839} INFO - DAG(s) dict_keys(['example_external_task_marker_child', 'example_external_task_marker_parent']) retrieved from /home/airflow/.local/lib/python3.8/site-packages/airflow/example_dags/example_external_task_marker_dag.py
[2023-11-14T21:36:59.406+0000] {logging_mixin.py:154} INFO - [2023-11-14T21:36:59.406+0000] {dag.py:2941} INFO - Sync 2 DAGs
[2023-11-14T21:36:59.426+0000] {logging_mixin.py:154} INFO - [2023-11-14T21:36:59.426+0000] {dag.py:3722} INFO - Setting next_dagrun for example_external_task_marker_child to None, run_after=None
[2023-11-14T21:36:59.431+0000] {logging_mixin.py:154} INFO - [2023-11-14T21:36:59.431+0000] {dag.py:3722} INFO - Setting next_dagrun for example_external_task_marker_parent to None, run_after=None
[2023-11-14T21:36:59.458+0000] {processor.py:179} INFO - Processing /home/airflow/.local/lib/python3.8/site-packages/airflow/example_dags/example_external_task_marker_dag.py took 0.115 seconds
[2023-11-14T21:37:29.915+0000] {processor.py:157} INFO - Started process (PID=431) to work on /home/airflow/.local/lib/python3.8/site-packages/airflow/example_dags/example_external_task_marker_dag.py
[2023-11-14T21:37:29.916+0000] {processor.py:829} INFO - Processing file /home/airflow/.local/lib/python3.8/site-packages/airflow/example_dags/example_external_task_marker_dag.py for tasks to queue
[2023-11-14T21:37:29.919+0000] {logging_mixin.py:154} INFO - [2023-11-14T21:37:29.918+0000] {dagbag.py:536} INFO - Filling up the DagBag from /home/airflow/.local/lib/python3.8/site-packages/airflow/example_dags/example_external_task_marker_dag.py
[2023-11-14T21:37:29.925+0000] {processor.py:839} INFO - DAG(s) dict_keys(['example_external_task_marker_child', 'example_external_task_marker_parent']) retrieved from /home/airflow/.local/lib/python3.8/site-packages/airflow/example_dags/example_external_task_marker_dag.py
[2023-11-14T21:37:29.956+0000] {logging_mixin.py:154} INFO - [2023-11-14T21:37:29.956+0000] {dag.py:2941} INFO - Sync 2 DAGs
[2023-11-14T21:37:29.972+0000] {logging_mixin.py:154} INFO - [2023-11-14T21:37:29.972+0000] {dag.py:3722} INFO - Setting next_dagrun for example_external_task_marker_child to None, run_after=None
[2023-11-14T21:37:29.978+0000] {logging_mixin.py:154} INFO - [2023-11-14T21:37:29.978+0000] {dag.py:3722} INFO - Setting next_dagrun for example_external_task_marker_parent to None, run_after=None
[2023-11-14T21:37:30.009+0000] {processor.py:179} INFO - Processing /home/airflow/.local/lib/python3.8/site-packages/airflow/example_dags/example_external_task_marker_dag.py took 0.098 seconds
[2023-11-14T21:38:00.356+0000] {processor.py:157} INFO - Started process (PID=485) to work on /home/airflow/.local/lib/python3.8/site-packages/airflow/example_dags/example_external_task_marker_dag.py
[2023-11-14T21:38:00.357+0000] {processor.py:829} INFO - Processing file /home/airflow/.local/lib/python3.8/site-packages/airflow/example_dags/example_external_task_marker_dag.py for tasks to queue
[2023-11-14T21:38:00.359+0000] {logging_mixin.py:154} INFO - [2023-11-14T21:38:00.359+0000] {dagbag.py:536} INFO - Filling up the DagBag from /home/airflow/.local/lib/python3.8/site-packages/airflow/example_dags/example_external_task_marker_dag.py
[2023-11-14T21:38:00.366+0000] {processor.py:839} INFO - DAG(s) dict_keys(['example_external_task_marker_child', 'example_external_task_marker_parent']) retrieved from /home/airflow/.local/lib/python3.8/site-packages/airflow/example_dags/example_external_task_marker_dag.py
[2023-11-14T21:38:00.397+0000] {logging_mixin.py:154} INFO - [2023-11-14T21:38:00.397+0000] {dag.py:2941} INFO - Sync 2 DAGs
[2023-11-14T21:38:00.415+0000] {logging_mixin.py:154} INFO - [2023-11-14T21:38:00.415+0000] {dag.py:3722} INFO - Setting next_dagrun for example_external_task_marker_child to None, run_after=None
[2023-11-14T21:38:00.420+0000] {logging_mixin.py:154} INFO - [2023-11-14T21:38:00.419+0000] {dag.py:3722} INFO - Setting next_dagrun for example_external_task_marker_parent to None, run_after=None
[2023-11-14T21:38:00.443+0000] {processor.py:179} INFO - Processing /home/airflow/.local/lib/python3.8/site-packages/airflow/example_dags/example_external_task_marker_dag.py took 0.092 seconds
[2023-11-14T21:38:30.841+0000] {processor.py:157} INFO - Started process (PID=550) to work on /home/airflow/.local/lib/python3.8/site-packages/airflow/example_dags/example_external_task_marker_dag.py
[2023-11-14T21:38:30.844+0000] {processor.py:829} INFO - Processing file /home/airflow/.local/lib/python3.8/site-packages/airflow/example_dags/example_external_task_marker_dag.py for tasks to queue
[2023-11-14T21:38:30.848+0000] {logging_mixin.py:154} INFO - [2023-11-14T21:38:30.847+0000] {dagbag.py:536} INFO - Filling up the DagBag from /home/airflow/.local/lib/python3.8/site-packages/airflow/example_dags/example_external_task_marker_dag.py
[2023-11-14T21:38:30.857+0000] {processor.py:839} INFO - DAG(s) dict_keys(['example_external_task_marker_parent', 'example_external_task_marker_child']) retrieved from /home/airflow/.local/lib/python3.8/site-packages/airflow/example_dags/example_external_task_marker_dag.py
[2023-11-14T21:38:30.892+0000] {logging_mixin.py:154} INFO - [2023-11-14T21:38:30.892+0000] {dag.py:2941} INFO - Sync 2 DAGs
[2023-11-14T21:38:30.909+0000] {logging_mixin.py:154} INFO - [2023-11-14T21:38:30.909+0000] {dag.py:3722} INFO - Setting next_dagrun for example_external_task_marker_child to None, run_after=None
[2023-11-14T21:38:30.914+0000] {logging_mixin.py:154} INFO - [2023-11-14T21:38:30.914+0000] {dag.py:3722} INFO - Setting next_dagrun for example_external_task_marker_parent to None, run_after=None
[2023-11-14T21:38:30.937+0000] {processor.py:179} INFO - Processing /home/airflow/.local/lib/python3.8/site-packages/airflow/example_dags/example_external_task_marker_dag.py took 0.105 seconds
[2023-11-14T21:39:01.060+0000] {processor.py:157} INFO - Started process (PID=604) to work on /home/airflow/.local/lib/python3.8/site-packages/airflow/example_dags/example_external_task_marker_dag.py
[2023-11-14T21:39:01.061+0000] {processor.py:829} INFO - Processing file /home/airflow/.local/lib/python3.8/site-packages/airflow/example_dags/example_external_task_marker_dag.py for tasks to queue
[2023-11-14T21:39:01.063+0000] {logging_mixin.py:154} INFO - [2023-11-14T21:39:01.063+0000] {dagbag.py:536} INFO - Filling up the DagBag from /home/airflow/.local/lib/python3.8/site-packages/airflow/example_dags/example_external_task_marker_dag.py
[2023-11-14T21:39:01.070+0000] {processor.py:839} INFO - DAG(s) dict_keys(['example_external_task_marker_child', 'example_external_task_marker_parent']) retrieved from /home/airflow/.local/lib/python3.8/site-packages/airflow/example_dags/example_external_task_marker_dag.py
[2023-11-14T21:39:01.102+0000] {logging_mixin.py:154} INFO - [2023-11-14T21:39:01.102+0000] {dag.py:2941} INFO - Sync 2 DAGs
[2023-11-14T21:39:01.119+0000] {logging_mixin.py:154} INFO - [2023-11-14T21:39:01.118+0000] {dag.py:3722} INFO - Setting next_dagrun for example_external_task_marker_child to None, run_after=None
[2023-11-14T21:39:01.123+0000] {logging_mixin.py:154} INFO - [2023-11-14T21:39:01.123+0000] {dag.py:3722} INFO - Setting next_dagrun for example_external_task_marker_parent to None, run_after=None
[2023-11-14T21:39:01.150+0000] {processor.py:179} INFO - Processing /home/airflow/.local/lib/python3.8/site-packages/airflow/example_dags/example_external_task_marker_dag.py took 0.094 seconds
[2023-11-14T21:39:31.615+0000] {processor.py:157} INFO - Started process (PID=658) to work on /home/airflow/.local/lib/python3.8/site-packages/airflow/example_dags/example_external_task_marker_dag.py
[2023-11-14T21:39:31.627+0000] {processor.py:829} INFO - Processing file /home/airflow/.local/lib/python3.8/site-packages/airflow/example_dags/example_external_task_marker_dag.py for tasks to queue
[2023-11-14T21:39:31.629+0000] {logging_mixin.py:154} INFO - [2023-11-14T21:39:31.629+0000] {dagbag.py:536} INFO - Filling up the DagBag from /home/airflow/.local/lib/python3.8/site-packages/airflow/example_dags/example_external_task_marker_dag.py
[2023-11-14T21:39:31.637+0000] {processor.py:839} INFO - DAG(s) dict_keys(['example_external_task_marker_child', 'example_external_task_marker_parent']) retrieved from /home/airflow/.local/lib/python3.8/site-packages/airflow/example_dags/example_external_task_marker_dag.py
[2023-11-14T21:39:31.668+0000] {logging_mixin.py:154} INFO - [2023-11-14T21:39:31.668+0000] {dag.py:2941} INFO - Sync 2 DAGs
[2023-11-14T21:39:31.684+0000] {logging_mixin.py:154} INFO - [2023-11-14T21:39:31.684+0000] {dag.py:3722} INFO - Setting next_dagrun for example_external_task_marker_child to None, run_after=None
[2023-11-14T21:39:31.689+0000] {logging_mixin.py:154} INFO - [2023-11-14T21:39:31.688+0000] {dag.py:3722} INFO - Setting next_dagrun for example_external_task_marker_parent to None, run_after=None
[2023-11-14T21:39:31.723+0000] {processor.py:179} INFO - Processing /home/airflow/.local/lib/python3.8/site-packages/airflow/example_dags/example_external_task_marker_dag.py took 0.113 seconds
[2023-11-14T21:40:02.106+0000] {processor.py:157} INFO - Started process (PID=713) to work on /home/airflow/.local/lib/python3.8/site-packages/airflow/example_dags/example_external_task_marker_dag.py
[2023-11-14T21:40:02.107+0000] {processor.py:829} INFO - Processing file /home/airflow/.local/lib/python3.8/site-packages/airflow/example_dags/example_external_task_marker_dag.py for tasks to queue
[2023-11-14T21:40:02.111+0000] {logging_mixin.py:154} INFO - [2023-11-14T21:40:02.110+0000] {dagbag.py:536} INFO - Filling up the DagBag from /home/airflow/.local/lib/python3.8/site-packages/airflow/example_dags/example_external_task_marker_dag.py
[2023-11-14T21:40:02.119+0000] {processor.py:839} INFO - DAG(s) dict_keys(['example_external_task_marker_child', 'example_external_task_marker_parent']) retrieved from /home/airflow/.local/lib/python3.8/site-packages/airflow/example_dags/example_external_task_marker_dag.py
[2023-11-14T21:40:02.154+0000] {logging_mixin.py:154} INFO - [2023-11-14T21:40:02.154+0000] {dag.py:2941} INFO - Sync 2 DAGs
[2023-11-14T21:40:02.173+0000] {logging_mixin.py:154} INFO - [2023-11-14T21:40:02.172+0000] {dag.py:3722} INFO - Setting next_dagrun for example_external_task_marker_child to None, run_after=None
[2023-11-14T21:40:02.177+0000] {logging_mixin.py:154} INFO - [2023-11-14T21:40:02.177+0000] {dag.py:3722} INFO - Setting next_dagrun for example_external_task_marker_parent to None, run_after=None
[2023-11-14T21:40:02.211+0000] {processor.py:179} INFO - Processing /home/airflow/.local/lib/python3.8/site-packages/airflow/example_dags/example_external_task_marker_dag.py took 0.113 seconds
[2023-11-14T21:40:32.616+0000] {processor.py:157} INFO - Started process (PID=768) to work on /home/airflow/.local/lib/python3.8/site-packages/airflow/example_dags/example_external_task_marker_dag.py
[2023-11-14T21:40:32.620+0000] {processor.py:829} INFO - Processing file /home/airflow/.local/lib/python3.8/site-packages/airflow/example_dags/example_external_task_marker_dag.py for tasks to queue
[2023-11-14T21:40:32.623+0000] {logging_mixin.py:154} INFO - [2023-11-14T21:40:32.623+0000] {dagbag.py:536} INFO - Filling up the DagBag from /home/airflow/.local/lib/python3.8/site-packages/airflow/example_dags/example_external_task_marker_dag.py
[2023-11-14T21:40:32.632+0000] {processor.py:839} INFO - DAG(s) dict_keys(['example_external_task_marker_child', 'example_external_task_marker_parent']) retrieved from /home/airflow/.local/lib/python3.8/site-packages/airflow/example_dags/example_external_task_marker_dag.py
[2023-11-14T21:40:32.666+0000] {logging_mixin.py:154} INFO - [2023-11-14T21:40:32.666+0000] {dag.py:2941} INFO - Sync 2 DAGs
[2023-11-14T21:40:32.683+0000] {logging_mixin.py:154} INFO - [2023-11-14T21:40:32.682+0000] {dag.py:3722} INFO - Setting next_dagrun for example_external_task_marker_child to None, run_after=None
[2023-11-14T21:40:32.687+0000] {logging_mixin.py:154} INFO - [2023-11-14T21:40:32.687+0000] {dag.py:3722} INFO - Setting next_dagrun for example_external_task_marker_parent to None, run_after=None
[2023-11-14T21:40:32.711+0000] {processor.py:179} INFO - Processing /home/airflow/.local/lib/python3.8/site-packages/airflow/example_dags/example_external_task_marker_dag.py took 0.100 seconds
[2023-11-14T21:41:03.066+0000] {processor.py:157} INFO - Started process (PID=823) to work on /home/airflow/.local/lib/python3.8/site-packages/airflow/example_dags/example_external_task_marker_dag.py
[2023-11-14T21:41:03.067+0000] {processor.py:829} INFO - Processing file /home/airflow/.local/lib/python3.8/site-packages/airflow/example_dags/example_external_task_marker_dag.py for tasks to queue
[2023-11-14T21:41:03.070+0000] {logging_mixin.py:154} INFO - [2023-11-14T21:41:03.069+0000] {dagbag.py:536} INFO - Filling up the DagBag from /home/airflow/.local/lib/python3.8/site-packages/airflow/example_dags/example_external_task_marker_dag.py
[2023-11-14T21:41:03.077+0000] {processor.py:839} INFO - DAG(s) dict_keys(['example_external_task_marker_parent', 'example_external_task_marker_child']) retrieved from /home/airflow/.local/lib/python3.8/site-packages/airflow/example_dags/example_external_task_marker_dag.py
[2023-11-14T21:41:03.107+0000] {logging_mixin.py:154} INFO - [2023-11-14T21:41:03.107+0000] {dag.py:2941} INFO - Sync 2 DAGs
[2023-11-14T21:41:03.122+0000] {logging_mixin.py:154} INFO - [2023-11-14T21:41:03.122+0000] {dag.py:3722} INFO - Setting next_dagrun for example_external_task_marker_child to None, run_after=None
[2023-11-14T21:41:03.126+0000] {logging_mixin.py:154} INFO - [2023-11-14T21:41:03.126+0000] {dag.py:3722} INFO - Setting next_dagrun for example_external_task_marker_parent to None, run_after=None
[2023-11-14T21:41:03.148+0000] {processor.py:179} INFO - Processing /home/airflow/.local/lib/python3.8/site-packages/airflow/example_dags/example_external_task_marker_dag.py took 0.086 seconds
[2023-11-14T21:41:33.321+0000] {processor.py:157} INFO - Started process (PID=877) to work on /home/airflow/.local/lib/python3.8/site-packages/airflow/example_dags/example_external_task_marker_dag.py
[2023-11-14T21:41:33.322+0000] {processor.py:829} INFO - Processing file /home/airflow/.local/lib/python3.8/site-packages/airflow/example_dags/example_external_task_marker_dag.py for tasks to queue
[2023-11-14T21:41:33.326+0000] {logging_mixin.py:154} INFO - [2023-11-14T21:41:33.325+0000] {dagbag.py:536} INFO - Filling up the DagBag from /home/airflow/.local/lib/python3.8/site-packages/airflow/example_dags/example_external_task_marker_dag.py
[2023-11-14T21:41:33.336+0000] {processor.py:839} INFO - DAG(s) dict_keys(['example_external_task_marker_parent', 'example_external_task_marker_child']) retrieved from /home/airflow/.local/lib/python3.8/site-packages/airflow/example_dags/example_external_task_marker_dag.py
[2023-11-14T21:41:33.388+0000] {logging_mixin.py:154} INFO - [2023-11-14T21:41:33.387+0000] {dag.py:2941} INFO - Sync 2 DAGs
[2023-11-14T21:41:33.410+0000] {logging_mixin.py:154} INFO - [2023-11-14T21:41:33.410+0000] {dag.py:3722} INFO - Setting next_dagrun for example_external_task_marker_child to None, run_after=None
[2023-11-14T21:41:33.416+0000] {logging_mixin.py:154} INFO - [2023-11-14T21:41:33.416+0000] {dag.py:3722} INFO - Setting next_dagrun for example_external_task_marker_parent to None, run_after=None
[2023-11-14T21:41:33.442+0000] {processor.py:179} INFO - Processing /home/airflow/.local/lib/python3.8/site-packages/airflow/example_dags/example_external_task_marker_dag.py took 0.126 seconds
[2023-11-14T21:42:03.798+0000] {processor.py:157} INFO - Started process (PID=931) to work on /home/airflow/.local/lib/python3.8/site-packages/airflow/example_dags/example_external_task_marker_dag.py
[2023-11-14T21:42:03.799+0000] {processor.py:829} INFO - Processing file /home/airflow/.local/lib/python3.8/site-packages/airflow/example_dags/example_external_task_marker_dag.py for tasks to queue
[2023-11-14T21:42:03.802+0000] {logging_mixin.py:154} INFO - [2023-11-14T21:42:03.802+0000] {dagbag.py:536} INFO - Filling up the DagBag from /home/airflow/.local/lib/python3.8/site-packages/airflow/example_dags/example_external_task_marker_dag.py
[2023-11-14T21:42:03.810+0000] {processor.py:839} INFO - DAG(s) dict_keys(['example_external_task_marker_child', 'example_external_task_marker_parent']) retrieved from /home/airflow/.local/lib/python3.8/site-packages/airflow/example_dags/example_external_task_marker_dag.py
[2023-11-14T21:42:03.840+0000] {logging_mixin.py:154} INFO - [2023-11-14T21:42:03.840+0000] {dag.py:2941} INFO - Sync 2 DAGs
[2023-11-14T21:42:03.857+0000] {logging_mixin.py:154} INFO - [2023-11-14T21:42:03.857+0000] {dag.py:3722} INFO - Setting next_dagrun for example_external_task_marker_child to None, run_after=None
[2023-11-14T21:42:03.861+0000] {logging_mixin.py:154} INFO - [2023-11-14T21:42:03.861+0000] {dag.py:3722} INFO - Setting next_dagrun for example_external_task_marker_parent to None, run_after=None
[2023-11-14T21:42:03.883+0000] {processor.py:179} INFO - Processing /home/airflow/.local/lib/python3.8/site-packages/airflow/example_dags/example_external_task_marker_dag.py took 0.089 seconds
[2023-11-14T21:42:33.977+0000] {processor.py:157} INFO - Started process (PID=985) to work on /home/airflow/.local/lib/python3.8/site-packages/airflow/example_dags/example_external_task_marker_dag.py
[2023-11-14T21:42:33.979+0000] {processor.py:829} INFO - Processing file /home/airflow/.local/lib/python3.8/site-packages/airflow/example_dags/example_external_task_marker_dag.py for tasks to queue
[2023-11-14T21:42:33.982+0000] {logging_mixin.py:154} INFO - [2023-11-14T21:42:33.982+0000] {dagbag.py:536} INFO - Filling up the DagBag from /home/airflow/.local/lib/python3.8/site-packages/airflow/example_dags/example_external_task_marker_dag.py
[2023-11-14T21:42:33.994+0000] {processor.py:839} INFO - DAG(s) dict_keys(['example_external_task_marker_child', 'example_external_task_marker_parent']) retrieved from /home/airflow/.local/lib/python3.8/site-packages/airflow/example_dags/example_external_task_marker_dag.py
[2023-11-14T21:42:34.041+0000] {logging_mixin.py:154} INFO - [2023-11-14T21:42:34.041+0000] {dag.py:2941} INFO - Sync 2 DAGs
[2023-11-14T21:42:34.060+0000] {logging_mixin.py:154} INFO - [2023-11-14T21:42:34.060+0000] {dag.py:3722} INFO - Setting next_dagrun for example_external_task_marker_child to None, run_after=None
[2023-11-14T21:42:34.065+0000] {logging_mixin.py:154} INFO - [2023-11-14T21:42:34.065+0000] {dag.py:3722} INFO - Setting next_dagrun for example_external_task_marker_parent to None, run_after=None
[2023-11-14T21:42:34.087+0000] {processor.py:179} INFO - Processing /home/airflow/.local/lib/python3.8/site-packages/airflow/example_dags/example_external_task_marker_dag.py took 0.114 seconds
[2023-11-14T21:43:04.210+0000] {processor.py:157} INFO - Started process (PID=1040) to work on /home/airflow/.local/lib/python3.8/site-packages/airflow/example_dags/example_external_task_marker_dag.py
[2023-11-14T21:43:04.210+0000] {processor.py:829} INFO - Processing file /home/airflow/.local/lib/python3.8/site-packages/airflow/example_dags/example_external_task_marker_dag.py for tasks to queue
[2023-11-14T21:43:04.213+0000] {logging_mixin.py:154} INFO - [2023-11-14T21:43:04.212+0000] {dagbag.py:536} INFO - Filling up the DagBag from /home/airflow/.local/lib/python3.8/site-packages/airflow/example_dags/example_external_task_marker_dag.py
[2023-11-14T21:43:04.219+0000] {processor.py:839} INFO - DAG(s) dict_keys(['example_external_task_marker_parent', 'example_external_task_marker_child']) retrieved from /home/airflow/.local/lib/python3.8/site-packages/airflow/example_dags/example_external_task_marker_dag.py
[2023-11-14T21:43:04.248+0000] {logging_mixin.py:154} INFO - [2023-11-14T21:43:04.248+0000] {dag.py:2941} INFO - Sync 2 DAGs
[2023-11-14T21:43:04.264+0000] {logging_mixin.py:154} INFO - [2023-11-14T21:43:04.264+0000] {dag.py:3722} INFO - Setting next_dagrun for example_external_task_marker_child to None, run_after=None
[2023-11-14T21:43:04.268+0000] {logging_mixin.py:154} INFO - [2023-11-14T21:43:04.268+0000] {dag.py:3722} INFO - Setting next_dagrun for example_external_task_marker_parent to None, run_after=None
[2023-11-14T21:43:04.289+0000] {processor.py:179} INFO - Processing /home/airflow/.local/lib/python3.8/site-packages/airflow/example_dags/example_external_task_marker_dag.py took 0.084 seconds
[2023-11-14T21:43:34.829+0000] {processor.py:157} INFO - Started process (PID=1094) to work on /home/airflow/.local/lib/python3.8/site-packages/airflow/example_dags/example_external_task_marker_dag.py
[2023-11-14T21:43:34.830+0000] {processor.py:829} INFO - Processing file /home/airflow/.local/lib/python3.8/site-packages/airflow/example_dags/example_external_task_marker_dag.py for tasks to queue
[2023-11-14T21:43:34.833+0000] {logging_mixin.py:154} INFO - [2023-11-14T21:43:34.833+0000] {dagbag.py:536} INFO - Filling up the DagBag from /home/airflow/.local/lib/python3.8/site-packages/airflow/example_dags/example_external_task_marker_dag.py
[2023-11-14T21:43:34.844+0000] {processor.py:839} INFO - DAG(s) dict_keys(['example_external_task_marker_parent', 'example_external_task_marker_child']) retrieved from /home/airflow/.local/lib/python3.8/site-packages/airflow/example_dags/example_external_task_marker_dag.py
[2023-11-14T21:43:34.882+0000] {logging_mixin.py:154} INFO - [2023-11-14T21:43:34.882+0000] {dag.py:2941} INFO - Sync 2 DAGs
[2023-11-14T21:43:34.901+0000] {logging_mixin.py:154} INFO - [2023-11-14T21:43:34.901+0000] {dag.py:3722} INFO - Setting next_dagrun for example_external_task_marker_child to None, run_after=None
[2023-11-14T21:43:34.906+0000] {logging_mixin.py:154} INFO - [2023-11-14T21:43:34.906+0000] {dag.py:3722} INFO - Setting next_dagrun for example_external_task_marker_parent to None, run_after=None
[2023-11-14T21:43:34.942+0000] {processor.py:179} INFO - Processing /home/airflow/.local/lib/python3.8/site-packages/airflow/example_dags/example_external_task_marker_dag.py took 0.118 seconds
[2023-11-14T21:44:05.061+0000] {processor.py:157} INFO - Started process (PID=1148) to work on /home/airflow/.local/lib/python3.8/site-packages/airflow/example_dags/example_external_task_marker_dag.py
[2023-11-14T21:44:05.062+0000] {processor.py:829} INFO - Processing file /home/airflow/.local/lib/python3.8/site-packages/airflow/example_dags/example_external_task_marker_dag.py for tasks to queue
[2023-11-14T21:44:05.066+0000] {logging_mixin.py:154} INFO - [2023-11-14T21:44:05.066+0000] {dagbag.py:536} INFO - Filling up the DagBag from /home/airflow/.local/lib/python3.8/site-packages/airflow/example_dags/example_external_task_marker_dag.py
[2023-11-14T21:44:05.075+0000] {processor.py:839} INFO - DAG(s) dict_keys(['example_external_task_marker_child', 'example_external_task_marker_parent']) retrieved from /home/airflow/.local/lib/python3.8/site-packages/airflow/example_dags/example_external_task_marker_dag.py
[2023-11-14T21:44:05.111+0000] {logging_mixin.py:154} INFO - [2023-11-14T21:44:05.111+0000] {dag.py:2941} INFO - Sync 2 DAGs
[2023-11-14T21:44:05.131+0000] {logging_mixin.py:154} INFO - [2023-11-14T21:44:05.131+0000] {dag.py:3722} INFO - Setting next_dagrun for example_external_task_marker_child to None, run_after=None
[2023-11-14T21:44:05.138+0000] {logging_mixin.py:154} INFO - [2023-11-14T21:44:05.137+0000] {dag.py:3722} INFO - Setting next_dagrun for example_external_task_marker_parent to None, run_after=None
[2023-11-14T21:44:05.159+0000] {processor.py:179} INFO - Processing /home/airflow/.local/lib/python3.8/site-packages/airflow/example_dags/example_external_task_marker_dag.py took 0.104 seconds
[2023-11-14T21:44:35.858+0000] {processor.py:157} INFO - Started process (PID=1202) to work on /home/airflow/.local/lib/python3.8/site-packages/airflow/example_dags/example_external_task_marker_dag.py
[2023-11-14T21:44:35.859+0000] {processor.py:829} INFO - Processing file /home/airflow/.local/lib/python3.8/site-packages/airflow/example_dags/example_external_task_marker_dag.py for tasks to queue
[2023-11-14T21:44:35.862+0000] {logging_mixin.py:154} INFO - [2023-11-14T21:44:35.862+0000] {dagbag.py:536} INFO - Filling up the DagBag from /home/airflow/.local/lib/python3.8/site-packages/airflow/example_dags/example_external_task_marker_dag.py
[2023-11-14T21:44:35.871+0000] {processor.py:839} INFO - DAG(s) dict_keys(['example_external_task_marker_parent', 'example_external_task_marker_child']) retrieved from /home/airflow/.local/lib/python3.8/site-packages/airflow/example_dags/example_external_task_marker_dag.py
[2023-11-14T21:44:35.903+0000] {logging_mixin.py:154} INFO - [2023-11-14T21:44:35.903+0000] {dag.py:2941} INFO - Sync 2 DAGs
[2023-11-14T21:44:35.924+0000] {logging_mixin.py:154} INFO - [2023-11-14T21:44:35.924+0000] {dag.py:3722} INFO - Setting next_dagrun for example_external_task_marker_child to None, run_after=None
[2023-11-14T21:44:35.930+0000] {logging_mixin.py:154} INFO - [2023-11-14T21:44:35.929+0000] {dag.py:3722} INFO - Setting next_dagrun for example_external_task_marker_parent to None, run_after=None
[2023-11-14T21:44:35.956+0000] {processor.py:179} INFO - Processing /home/airflow/.local/lib/python3.8/site-packages/airflow/example_dags/example_external_task_marker_dag.py took 0.104 seconds
[2023-11-14T21:45:07.725+0000] {processor.py:157} INFO - Started process (PID=1263) to work on /home/airflow/.local/lib/python3.8/site-packages/airflow/example_dags/example_external_task_marker_dag.py
[2023-11-14T21:45:07.727+0000] {processor.py:829} INFO - Processing file /home/airflow/.local/lib/python3.8/site-packages/airflow/example_dags/example_external_task_marker_dag.py for tasks to queue
[2023-11-14T21:45:07.729+0000] {logging_mixin.py:154} INFO - [2023-11-14T21:45:07.729+0000] {dagbag.py:536} INFO - Filling up the DagBag from /home/airflow/.local/lib/python3.8/site-packages/airflow/example_dags/example_external_task_marker_dag.py
[2023-11-14T21:45:07.737+0000] {processor.py:839} INFO - DAG(s) dict_keys(['example_external_task_marker_parent', 'example_external_task_marker_child']) retrieved from /home/airflow/.local/lib/python3.8/site-packages/airflow/example_dags/example_external_task_marker_dag.py
[2023-11-14T21:45:07.766+0000] {logging_mixin.py:154} INFO - [2023-11-14T21:45:07.766+0000] {dag.py:2941} INFO - Sync 2 DAGs
[2023-11-14T21:45:07.781+0000] {logging_mixin.py:154} INFO - [2023-11-14T21:45:07.781+0000] {dag.py:3722} INFO - Setting next_dagrun for example_external_task_marker_child to None, run_after=None
[2023-11-14T21:45:07.786+0000] {logging_mixin.py:154} INFO - [2023-11-14T21:45:07.785+0000] {dag.py:3722} INFO - Setting next_dagrun for example_external_task_marker_parent to None, run_after=None
[2023-11-14T21:45:07.953+0000] {processor.py:179} INFO - Processing /home/airflow/.local/lib/python3.8/site-packages/airflow/example_dags/example_external_task_marker_dag.py took 0.232 seconds
[2023-11-14T21:45:38.022+0000] {processor.py:157} INFO - Started process (PID=1317) to work on /home/airflow/.local/lib/python3.8/site-packages/airflow/example_dags/example_external_task_marker_dag.py
[2023-11-14T21:45:38.023+0000] {processor.py:829} INFO - Processing file /home/airflow/.local/lib/python3.8/site-packages/airflow/example_dags/example_external_task_marker_dag.py for tasks to queue
[2023-11-14T21:45:38.026+0000] {logging_mixin.py:154} INFO - [2023-11-14T21:45:38.026+0000] {dagbag.py:536} INFO - Filling up the DagBag from /home/airflow/.local/lib/python3.8/site-packages/airflow/example_dags/example_external_task_marker_dag.py
[2023-11-14T21:45:38.033+0000] {processor.py:839} INFO - DAG(s) dict_keys(['example_external_task_marker_parent', 'example_external_task_marker_child']) retrieved from /home/airflow/.local/lib/python3.8/site-packages/airflow/example_dags/example_external_task_marker_dag.py
[2023-11-14T21:45:38.063+0000] {logging_mixin.py:154} INFO - [2023-11-14T21:45:38.063+0000] {dag.py:2941} INFO - Sync 2 DAGs
[2023-11-14T21:45:38.080+0000] {logging_mixin.py:154} INFO - [2023-11-14T21:45:38.080+0000] {dag.py:3722} INFO - Setting next_dagrun for example_external_task_marker_child to None, run_after=None
[2023-11-14T21:45:38.084+0000] {logging_mixin.py:154} INFO - [2023-11-14T21:45:38.084+0000] {dag.py:3722} INFO - Setting next_dagrun for example_external_task_marker_parent to None, run_after=None
[2023-11-14T21:45:38.109+0000] {processor.py:179} INFO - Processing /home/airflow/.local/lib/python3.8/site-packages/airflow/example_dags/example_external_task_marker_dag.py took 0.090 seconds
[2023-11-14T21:46:08.337+0000] {processor.py:157} INFO - Started process (PID=1371) to work on /home/airflow/.local/lib/python3.8/site-packages/airflow/example_dags/example_external_task_marker_dag.py
[2023-11-14T21:46:08.339+0000] {processor.py:829} INFO - Processing file /home/airflow/.local/lib/python3.8/site-packages/airflow/example_dags/example_external_task_marker_dag.py for tasks to queue
[2023-11-14T21:46:08.341+0000] {logging_mixin.py:154} INFO - [2023-11-14T21:46:08.341+0000] {dagbag.py:536} INFO - Filling up the DagBag from /home/airflow/.local/lib/python3.8/site-packages/airflow/example_dags/example_external_task_marker_dag.py
[2023-11-14T21:46:08.348+0000] {processor.py:839} INFO - DAG(s) dict_keys(['example_external_task_marker_child', 'example_external_task_marker_parent']) retrieved from /home/airflow/.local/lib/python3.8/site-packages/airflow/example_dags/example_external_task_marker_dag.py
[2023-11-14T21:46:08.377+0000] {logging_mixin.py:154} INFO - [2023-11-14T21:46:08.377+0000] {dag.py:2941} INFO - Sync 2 DAGs
[2023-11-14T21:46:08.392+0000] {logging_mixin.py:154} INFO - [2023-11-14T21:46:08.392+0000] {dag.py:3722} INFO - Setting next_dagrun for example_external_task_marker_child to None, run_after=None
[2023-11-14T21:46:08.397+0000] {logging_mixin.py:154} INFO - [2023-11-14T21:46:08.397+0000] {dag.py:3722} INFO - Setting next_dagrun for example_external_task_marker_parent to None, run_after=None
[2023-11-14T21:46:08.419+0000] {processor.py:179} INFO - Processing /home/airflow/.local/lib/python3.8/site-packages/airflow/example_dags/example_external_task_marker_dag.py took 0.086 seconds
[2023-11-14T21:46:39.488+0000] {processor.py:157} INFO - Started process (PID=1425) to work on /home/airflow/.local/lib/python3.8/site-packages/airflow/example_dags/example_external_task_marker_dag.py
[2023-11-14T21:46:39.490+0000] {processor.py:829} INFO - Processing file /home/airflow/.local/lib/python3.8/site-packages/airflow/example_dags/example_external_task_marker_dag.py for tasks to queue
[2023-11-14T21:46:39.493+0000] {logging_mixin.py:154} INFO - [2023-11-14T21:46:39.493+0000] {dagbag.py:536} INFO - Filling up the DagBag from /home/airflow/.local/lib/python3.8/site-packages/airflow/example_dags/example_external_task_marker_dag.py
[2023-11-14T21:46:39.502+0000] {processor.py:839} INFO - DAG(s) dict_keys(['example_external_task_marker_parent', 'example_external_task_marker_child']) retrieved from /home/airflow/.local/lib/python3.8/site-packages/airflow/example_dags/example_external_task_marker_dag.py
[2023-11-14T21:46:39.537+0000] {logging_mixin.py:154} INFO - [2023-11-14T21:46:39.536+0000] {dag.py:2941} INFO - Sync 2 DAGs
[2023-11-14T21:46:39.554+0000] {logging_mixin.py:154} INFO - [2023-11-14T21:46:39.554+0000] {dag.py:3722} INFO - Setting next_dagrun for example_external_task_marker_child to None, run_after=None
[2023-11-14T21:46:39.559+0000] {logging_mixin.py:154} INFO - [2023-11-14T21:46:39.559+0000] {dag.py:3722} INFO - Setting next_dagrun for example_external_task_marker_parent to None, run_after=None
[2023-11-14T21:46:39.749+0000] {processor.py:179} INFO - Processing /home/airflow/.local/lib/python3.8/site-packages/airflow/example_dags/example_external_task_marker_dag.py took 0.265 seconds
[2023-11-14T21:47:10.177+0000] {processor.py:157} INFO - Started process (PID=1479) to work on /home/airflow/.local/lib/python3.8/site-packages/airflow/example_dags/example_external_task_marker_dag.py
[2023-11-14T21:47:10.178+0000] {processor.py:829} INFO - Processing file /home/airflow/.local/lib/python3.8/site-packages/airflow/example_dags/example_external_task_marker_dag.py for tasks to queue
[2023-11-14T21:47:10.181+0000] {logging_mixin.py:154} INFO - [2023-11-14T21:47:10.180+0000] {dagbag.py:536} INFO - Filling up the DagBag from /home/airflow/.local/lib/python3.8/site-packages/airflow/example_dags/example_external_task_marker_dag.py
[2023-11-14T21:47:10.188+0000] {processor.py:839} INFO - DAG(s) dict_keys(['example_external_task_marker_parent', 'example_external_task_marker_child']) retrieved from /home/airflow/.local/lib/python3.8/site-packages/airflow/example_dags/example_external_task_marker_dag.py
[2023-11-14T21:47:10.217+0000] {logging_mixin.py:154} INFO - [2023-11-14T21:47:10.217+0000] {dag.py:2941} INFO - Sync 2 DAGs
[2023-11-14T21:47:10.233+0000] {logging_mixin.py:154} INFO - [2023-11-14T21:47:10.233+0000] {dag.py:3722} INFO - Setting next_dagrun for example_external_task_marker_child to None, run_after=None
[2023-11-14T21:47:10.237+0000] {logging_mixin.py:154} INFO - [2023-11-14T21:47:10.237+0000] {dag.py:3722} INFO - Setting next_dagrun for example_external_task_marker_parent to None, run_after=None
[2023-11-14T21:47:10.259+0000] {processor.py:179} INFO - Processing /home/airflow/.local/lib/python3.8/site-packages/airflow/example_dags/example_external_task_marker_dag.py took 0.086 seconds
[2023-11-14T21:47:41.192+0000] {processor.py:157} INFO - Started process (PID=1533) to work on /home/airflow/.local/lib/python3.8/site-packages/airflow/example_dags/example_external_task_marker_dag.py
[2023-11-14T21:47:41.195+0000] {processor.py:829} INFO - Processing file /home/airflow/.local/lib/python3.8/site-packages/airflow/example_dags/example_external_task_marker_dag.py for tasks to queue
[2023-11-14T21:47:41.200+0000] {logging_mixin.py:154} INFO - [2023-11-14T21:47:41.200+0000] {dagbag.py:536} INFO - Filling up the DagBag from /home/airflow/.local/lib/python3.8/site-packages/airflow/example_dags/example_external_task_marker_dag.py
[2023-11-14T21:47:41.221+0000] {processor.py:839} INFO - DAG(s) dict_keys(['example_external_task_marker_parent', 'example_external_task_marker_child']) retrieved from /home/airflow/.local/lib/python3.8/site-packages/airflow/example_dags/example_external_task_marker_dag.py
[2023-11-14T21:47:41.540+0000] {logging_mixin.py:154} INFO - [2023-11-14T21:47:41.540+0000] {dag.py:2941} INFO - Sync 2 DAGs
[2023-11-14T21:47:41.560+0000] {logging_mixin.py:154} INFO - [2023-11-14T21:47:41.559+0000] {dag.py:3722} INFO - Setting next_dagrun for example_external_task_marker_child to None, run_after=None
[2023-11-14T21:47:41.565+0000] {logging_mixin.py:154} INFO - [2023-11-14T21:47:41.565+0000] {dag.py:3722} INFO - Setting next_dagrun for example_external_task_marker_parent to None, run_after=None
[2023-11-14T21:47:41.590+0000] {processor.py:179} INFO - Processing /home/airflow/.local/lib/python3.8/site-packages/airflow/example_dags/example_external_task_marker_dag.py took 0.410 seconds
[2023-11-14T21:48:11.804+0000] {processor.py:157} INFO - Started process (PID=1588) to work on /home/airflow/.local/lib/python3.8/site-packages/airflow/example_dags/example_external_task_marker_dag.py
[2023-11-14T21:48:11.805+0000] {processor.py:829} INFO - Processing file /home/airflow/.local/lib/python3.8/site-packages/airflow/example_dags/example_external_task_marker_dag.py for tasks to queue
[2023-11-14T21:48:11.807+0000] {logging_mixin.py:154} INFO - [2023-11-14T21:48:11.807+0000] {dagbag.py:536} INFO - Filling up the DagBag from /home/airflow/.local/lib/python3.8/site-packages/airflow/example_dags/example_external_task_marker_dag.py
[2023-11-14T21:48:11.815+0000] {processor.py:839} INFO - DAG(s) dict_keys(['example_external_task_marker_parent', 'example_external_task_marker_child']) retrieved from /home/airflow/.local/lib/python3.8/site-packages/airflow/example_dags/example_external_task_marker_dag.py
[2023-11-14T21:48:11.846+0000] {logging_mixin.py:154} INFO - [2023-11-14T21:48:11.846+0000] {dag.py:2941} INFO - Sync 2 DAGs
[2023-11-14T21:48:11.862+0000] {logging_mixin.py:154} INFO - [2023-11-14T21:48:11.862+0000] {dag.py:3722} INFO - Setting next_dagrun for example_external_task_marker_child to None, run_after=None
[2023-11-14T21:48:11.866+0000] {logging_mixin.py:154} INFO - [2023-11-14T21:48:11.866+0000] {dag.py:3722} INFO - Setting next_dagrun for example_external_task_marker_parent to None, run_after=None
[2023-11-14T21:48:12.079+0000] {processor.py:179} INFO - Processing /home/airflow/.local/lib/python3.8/site-packages/airflow/example_dags/example_external_task_marker_dag.py took 0.279 seconds
[2023-11-14T21:48:42.664+0000] {processor.py:157} INFO - Started process (PID=1642) to work on /home/airflow/.local/lib/python3.8/site-packages/airflow/example_dags/example_external_task_marker_dag.py
[2023-11-14T21:48:42.665+0000] {processor.py:829} INFO - Processing file /home/airflow/.local/lib/python3.8/site-packages/airflow/example_dags/example_external_task_marker_dag.py for tasks to queue
[2023-11-14T21:48:42.668+0000] {logging_mixin.py:154} INFO - [2023-11-14T21:48:42.667+0000] {dagbag.py:536} INFO - Filling up the DagBag from /home/airflow/.local/lib/python3.8/site-packages/airflow/example_dags/example_external_task_marker_dag.py
[2023-11-14T21:48:42.676+0000] {processor.py:839} INFO - DAG(s) dict_keys(['example_external_task_marker_child', 'example_external_task_marker_parent']) retrieved from /home/airflow/.local/lib/python3.8/site-packages/airflow/example_dags/example_external_task_marker_dag.py
[2023-11-14T21:48:42.709+0000] {logging_mixin.py:154} INFO - [2023-11-14T21:48:42.708+0000] {dag.py:2941} INFO - Sync 2 DAGs
[2023-11-14T21:48:42.726+0000] {logging_mixin.py:154} INFO - [2023-11-14T21:48:42.726+0000] {dag.py:3722} INFO - Setting next_dagrun for example_external_task_marker_child to None, run_after=None
[2023-11-14T21:48:42.730+0000] {logging_mixin.py:154} INFO - [2023-11-14T21:48:42.730+0000] {dag.py:3722} INFO - Setting next_dagrun for example_external_task_marker_parent to None, run_after=None
[2023-11-14T21:48:42.752+0000] {processor.py:179} INFO - Processing /home/airflow/.local/lib/python3.8/site-packages/airflow/example_dags/example_external_task_marker_dag.py took 0.093 seconds
[2023-11-14T21:49:13.352+0000] {processor.py:157} INFO - Started process (PID=1696) to work on /home/airflow/.local/lib/python3.8/site-packages/airflow/example_dags/example_external_task_marker_dag.py
[2023-11-14T21:49:13.353+0000] {processor.py:829} INFO - Processing file /home/airflow/.local/lib/python3.8/site-packages/airflow/example_dags/example_external_task_marker_dag.py for tasks to queue
[2023-11-14T21:49:13.355+0000] {logging_mixin.py:154} INFO - [2023-11-14T21:49:13.355+0000] {dagbag.py:536} INFO - Filling up the DagBag from /home/airflow/.local/lib/python3.8/site-packages/airflow/example_dags/example_external_task_marker_dag.py
[2023-11-14T21:49:13.362+0000] {processor.py:839} INFO - DAG(s) dict_keys(['example_external_task_marker_child', 'example_external_task_marker_parent']) retrieved from /home/airflow/.local/lib/python3.8/site-packages/airflow/example_dags/example_external_task_marker_dag.py
[2023-11-14T21:49:13.393+0000] {logging_mixin.py:154} INFO - [2023-11-14T21:49:13.393+0000] {dag.py:2941} INFO - Sync 2 DAGs
[2023-11-14T21:49:13.597+0000] {logging_mixin.py:154} INFO - [2023-11-14T21:49:13.596+0000] {dag.py:3722} INFO - Setting next_dagrun for example_external_task_marker_child to None, run_after=None
[2023-11-14T21:49:13.602+0000] {logging_mixin.py:154} INFO - [2023-11-14T21:49:13.602+0000] {dag.py:3722} INFO - Setting next_dagrun for example_external_task_marker_parent to None, run_after=None
[2023-11-14T21:49:13.625+0000] {processor.py:179} INFO - Processing /home/airflow/.local/lib/python3.8/site-packages/airflow/example_dags/example_external_task_marker_dag.py took 0.278 seconds
[2023-11-14T21:49:44.457+0000] {processor.py:157} INFO - Started process (PID=1750) to work on /home/airflow/.local/lib/python3.8/site-packages/airflow/example_dags/example_external_task_marker_dag.py
[2023-11-14T21:49:44.459+0000] {processor.py:829} INFO - Processing file /home/airflow/.local/lib/python3.8/site-packages/airflow/example_dags/example_external_task_marker_dag.py for tasks to queue
[2023-11-14T21:49:44.462+0000] {logging_mixin.py:154} INFO - [2023-11-14T21:49:44.462+0000] {dagbag.py:536} INFO - Filling up the DagBag from /home/airflow/.local/lib/python3.8/site-packages/airflow/example_dags/example_external_task_marker_dag.py
[2023-11-14T21:49:44.474+0000] {processor.py:839} INFO - DAG(s) dict_keys(['example_external_task_marker_parent', 'example_external_task_marker_child']) retrieved from /home/airflow/.local/lib/python3.8/site-packages/airflow/example_dags/example_external_task_marker_dag.py
[2023-11-14T21:49:44.506+0000] {logging_mixin.py:154} INFO - [2023-11-14T21:49:44.506+0000] {dag.py:2941} INFO - Sync 2 DAGs
[2023-11-14T21:49:44.522+0000] {logging_mixin.py:154} INFO - [2023-11-14T21:49:44.522+0000] {dag.py:3722} INFO - Setting next_dagrun for example_external_task_marker_child to None, run_after=None
[2023-11-14T21:49:44.526+0000] {logging_mixin.py:154} INFO - [2023-11-14T21:49:44.526+0000] {dag.py:3722} INFO - Setting next_dagrun for example_external_task_marker_parent to None, run_after=None
[2023-11-14T21:49:44.549+0000] {processor.py:179} INFO - Processing /home/airflow/.local/lib/python3.8/site-packages/airflow/example_dags/example_external_task_marker_dag.py took 0.100 seconds
[2023-11-14T21:50:15.205+0000] {processor.py:157} INFO - Started process (PID=1804) to work on /home/airflow/.local/lib/python3.8/site-packages/airflow/example_dags/example_external_task_marker_dag.py
[2023-11-14T21:50:15.208+0000] {processor.py:829} INFO - Processing file /home/airflow/.local/lib/python3.8/site-packages/airflow/example_dags/example_external_task_marker_dag.py for tasks to queue
[2023-11-14T21:50:15.214+0000] {logging_mixin.py:154} INFO - [2023-11-14T21:50:15.213+0000] {dagbag.py:536} INFO - Filling up the DagBag from /home/airflow/.local/lib/python3.8/site-packages/airflow/example_dags/example_external_task_marker_dag.py
[2023-11-14T21:50:15.228+0000] {processor.py:839} INFO - DAG(s) dict_keys(['example_external_task_marker_parent', 'example_external_task_marker_child']) retrieved from /home/airflow/.local/lib/python3.8/site-packages/airflow/example_dags/example_external_task_marker_dag.py
[2023-11-14T21:50:15.262+0000] {logging_mixin.py:154} INFO - [2023-11-14T21:50:15.262+0000] {dag.py:2941} INFO - Sync 2 DAGs
[2023-11-14T21:50:15.279+0000] {logging_mixin.py:154} INFO - [2023-11-14T21:50:15.279+0000] {dag.py:3722} INFO - Setting next_dagrun for example_external_task_marker_child to None, run_after=None
[2023-11-14T21:50:15.284+0000] {logging_mixin.py:154} INFO - [2023-11-14T21:50:15.283+0000] {dag.py:3722} INFO - Setting next_dagrun for example_external_task_marker_parent to None, run_after=None
[2023-11-14T21:50:15.308+0000] {processor.py:179} INFO - Processing /home/airflow/.local/lib/python3.8/site-packages/airflow/example_dags/example_external_task_marker_dag.py took 0.112 seconds
[2023-11-14T21:50:45.550+0000] {processor.py:157} INFO - Started process (PID=1858) to work on /home/airflow/.local/lib/python3.8/site-packages/airflow/example_dags/example_external_task_marker_dag.py
[2023-11-14T21:50:45.552+0000] {processor.py:829} INFO - Processing file /home/airflow/.local/lib/python3.8/site-packages/airflow/example_dags/example_external_task_marker_dag.py for tasks to queue
[2023-11-14T21:50:45.556+0000] {logging_mixin.py:154} INFO - [2023-11-14T21:50:45.555+0000] {dagbag.py:536} INFO - Filling up the DagBag from /home/airflow/.local/lib/python3.8/site-packages/airflow/example_dags/example_external_task_marker_dag.py
[2023-11-14T21:50:45.564+0000] {processor.py:839} INFO - DAG(s) dict_keys(['example_external_task_marker_parent', 'example_external_task_marker_child']) retrieved from /home/airflow/.local/lib/python3.8/site-packages/airflow/example_dags/example_external_task_marker_dag.py
[2023-11-14T21:50:45.602+0000] {logging_mixin.py:154} INFO - [2023-11-14T21:50:45.602+0000] {dag.py:2941} INFO - Sync 2 DAGs
[2023-11-14T21:50:45.620+0000] {logging_mixin.py:154} INFO - [2023-11-14T21:50:45.620+0000] {dag.py:3722} INFO - Setting next_dagrun for example_external_task_marker_child to None, run_after=None
[2023-11-14T21:50:45.626+0000] {logging_mixin.py:154} INFO - [2023-11-14T21:50:45.625+0000] {dag.py:3722} INFO - Setting next_dagrun for example_external_task_marker_parent to None, run_after=None
[2023-11-14T21:50:45.655+0000] {processor.py:179} INFO - Processing /home/airflow/.local/lib/python3.8/site-packages/airflow/example_dags/example_external_task_marker_dag.py took 0.109 seconds
[2023-11-14T21:51:16.063+0000] {processor.py:157} INFO - Started process (PID=1912) to work on /home/airflow/.local/lib/python3.8/site-packages/airflow/example_dags/example_external_task_marker_dag.py
[2023-11-14T21:51:16.066+0000] {processor.py:829} INFO - Processing file /home/airflow/.local/lib/python3.8/site-packages/airflow/example_dags/example_external_task_marker_dag.py for tasks to queue
[2023-11-14T21:51:16.069+0000] {logging_mixin.py:154} INFO - [2023-11-14T21:51:16.069+0000] {dagbag.py:536} INFO - Filling up the DagBag from /home/airflow/.local/lib/python3.8/site-packages/airflow/example_dags/example_external_task_marker_dag.py
[2023-11-14T21:51:16.076+0000] {processor.py:839} INFO - DAG(s) dict_keys(['example_external_task_marker_child', 'example_external_task_marker_parent']) retrieved from /home/airflow/.local/lib/python3.8/site-packages/airflow/example_dags/example_external_task_marker_dag.py
[2023-11-14T21:51:16.106+0000] {logging_mixin.py:154} INFO - [2023-11-14T21:51:16.106+0000] {dag.py:2941} INFO - Sync 2 DAGs
[2023-11-14T21:51:16.122+0000] {logging_mixin.py:154} INFO - [2023-11-14T21:51:16.121+0000] {dag.py:3722} INFO - Setting next_dagrun for example_external_task_marker_child to None, run_after=None
[2023-11-14T21:51:16.127+0000] {logging_mixin.py:154} INFO - [2023-11-14T21:51:16.127+0000] {dag.py:3722} INFO - Setting next_dagrun for example_external_task_marker_parent to None, run_after=None
[2023-11-14T21:51:16.150+0000] {processor.py:179} INFO - Processing /home/airflow/.local/lib/python3.8/site-packages/airflow/example_dags/example_external_task_marker_dag.py took 0.092 seconds
[2023-11-14T21:51:46.691+0000] {processor.py:157} INFO - Started process (PID=1966) to work on /home/airflow/.local/lib/python3.8/site-packages/airflow/example_dags/example_external_task_marker_dag.py
[2023-11-14T21:51:46.693+0000] {processor.py:829} INFO - Processing file /home/airflow/.local/lib/python3.8/site-packages/airflow/example_dags/example_external_task_marker_dag.py for tasks to queue
[2023-11-14T21:51:46.698+0000] {logging_mixin.py:154} INFO - [2023-11-14T21:51:46.697+0000] {dagbag.py:536} INFO - Filling up the DagBag from /home/airflow/.local/lib/python3.8/site-packages/airflow/example_dags/example_external_task_marker_dag.py
[2023-11-14T21:51:46.707+0000] {processor.py:839} INFO - DAG(s) dict_keys(['example_external_task_marker_child', 'example_external_task_marker_parent']) retrieved from /home/airflow/.local/lib/python3.8/site-packages/airflow/example_dags/example_external_task_marker_dag.py
[2023-11-14T21:51:46.734+0000] {logging_mixin.py:154} INFO - [2023-11-14T21:51:46.734+0000] {dag.py:2941} INFO - Sync 2 DAGs
[2023-11-14T21:51:46.749+0000] {logging_mixin.py:154} INFO - [2023-11-14T21:51:46.749+0000] {dag.py:3722} INFO - Setting next_dagrun for example_external_task_marker_child to None, run_after=None
[2023-11-14T21:51:46.754+0000] {logging_mixin.py:154} INFO - [2023-11-14T21:51:46.754+0000] {dag.py:3722} INFO - Setting next_dagrun for example_external_task_marker_parent to None, run_after=None
[2023-11-14T21:51:46.776+0000] {processor.py:179} INFO - Processing /home/airflow/.local/lib/python3.8/site-packages/airflow/example_dags/example_external_task_marker_dag.py took 0.090 seconds
[2023-11-14T21:52:17.327+0000] {processor.py:157} INFO - Started process (PID=2021) to work on /home/airflow/.local/lib/python3.8/site-packages/airflow/example_dags/example_external_task_marker_dag.py
[2023-11-14T21:52:17.329+0000] {processor.py:829} INFO - Processing file /home/airflow/.local/lib/python3.8/site-packages/airflow/example_dags/example_external_task_marker_dag.py for tasks to queue
[2023-11-14T21:52:17.333+0000] {logging_mixin.py:154} INFO - [2023-11-14T21:52:17.333+0000] {dagbag.py:536} INFO - Filling up the DagBag from /home/airflow/.local/lib/python3.8/site-packages/airflow/example_dags/example_external_task_marker_dag.py
[2023-11-14T21:52:17.342+0000] {processor.py:839} INFO - DAG(s) dict_keys(['example_external_task_marker_child', 'example_external_task_marker_parent']) retrieved from /home/airflow/.local/lib/python3.8/site-packages/airflow/example_dags/example_external_task_marker_dag.py
[2023-11-14T21:52:17.374+0000] {logging_mixin.py:154} INFO - [2023-11-14T21:52:17.373+0000] {dag.py:2941} INFO - Sync 2 DAGs
[2023-11-14T21:52:17.389+0000] {logging_mixin.py:154} INFO - [2023-11-14T21:52:17.388+0000] {dag.py:3722} INFO - Setting next_dagrun for example_external_task_marker_child to None, run_after=None
[2023-11-14T21:52:17.393+0000] {logging_mixin.py:154} INFO - [2023-11-14T21:52:17.393+0000] {dag.py:3722} INFO - Setting next_dagrun for example_external_task_marker_parent to None, run_after=None
[2023-11-14T21:52:17.415+0000] {processor.py:179} INFO - Processing /home/airflow/.local/lib/python3.8/site-packages/airflow/example_dags/example_external_task_marker_dag.py took 0.096 seconds
[2023-11-14T21:52:47.631+0000] {processor.py:157} INFO - Started process (PID=2075) to work on /home/airflow/.local/lib/python3.8/site-packages/airflow/example_dags/example_external_task_marker_dag.py
[2023-11-14T21:52:47.633+0000] {processor.py:829} INFO - Processing file /home/airflow/.local/lib/python3.8/site-packages/airflow/example_dags/example_external_task_marker_dag.py for tasks to queue
[2023-11-14T21:52:47.638+0000] {logging_mixin.py:154} INFO - [2023-11-14T21:52:47.637+0000] {dagbag.py:536} INFO - Filling up the DagBag from /home/airflow/.local/lib/python3.8/site-packages/airflow/example_dags/example_external_task_marker_dag.py
[2023-11-14T21:52:47.649+0000] {processor.py:839} INFO - DAG(s) dict_keys(['example_external_task_marker_child', 'example_external_task_marker_parent']) retrieved from /home/airflow/.local/lib/python3.8/site-packages/airflow/example_dags/example_external_task_marker_dag.py
[2023-11-14T21:52:47.697+0000] {logging_mixin.py:154} INFO - [2023-11-14T21:52:47.697+0000] {dag.py:2941} INFO - Sync 2 DAGs
[2023-11-14T21:52:47.715+0000] {logging_mixin.py:154} INFO - [2023-11-14T21:52:47.714+0000] {dag.py:3722} INFO - Setting next_dagrun for example_external_task_marker_child to None, run_after=None
[2023-11-14T21:52:47.720+0000] {logging_mixin.py:154} INFO - [2023-11-14T21:52:47.720+0000] {dag.py:3722} INFO - Setting next_dagrun for example_external_task_marker_parent to None, run_after=None
[2023-11-14T21:52:47.747+0000] {processor.py:179} INFO - Processing /home/airflow/.local/lib/python3.8/site-packages/airflow/example_dags/example_external_task_marker_dag.py took 0.123 seconds
[2023-11-14T21:53:18.394+0000] {processor.py:157} INFO - Started process (PID=2129) to work on /home/airflow/.local/lib/python3.8/site-packages/airflow/example_dags/example_external_task_marker_dag.py
[2023-11-14T21:53:18.397+0000] {processor.py:829} INFO - Processing file /home/airflow/.local/lib/python3.8/site-packages/airflow/example_dags/example_external_task_marker_dag.py for tasks to queue
[2023-11-14T21:53:18.400+0000] {logging_mixin.py:154} INFO - [2023-11-14T21:53:18.400+0000] {dagbag.py:536} INFO - Filling up the DagBag from /home/airflow/.local/lib/python3.8/site-packages/airflow/example_dags/example_external_task_marker_dag.py
[2023-11-14T21:53:18.408+0000] {processor.py:839} INFO - DAG(s) dict_keys(['example_external_task_marker_parent', 'example_external_task_marker_child']) retrieved from /home/airflow/.local/lib/python3.8/site-packages/airflow/example_dags/example_external_task_marker_dag.py
[2023-11-14T21:53:18.443+0000] {logging_mixin.py:154} INFO - [2023-11-14T21:53:18.443+0000] {dag.py:2941} INFO - Sync 2 DAGs
[2023-11-14T21:53:18.462+0000] {logging_mixin.py:154} INFO - [2023-11-14T21:53:18.462+0000] {dag.py:3722} INFO - Setting next_dagrun for example_external_task_marker_child to None, run_after=None
[2023-11-14T21:53:18.467+0000] {logging_mixin.py:154} INFO - [2023-11-14T21:53:18.466+0000] {dag.py:3722} INFO - Setting next_dagrun for example_external_task_marker_parent to None, run_after=None
[2023-11-14T21:53:18.494+0000] {processor.py:179} INFO - Processing /home/airflow/.local/lib/python3.8/site-packages/airflow/example_dags/example_external_task_marker_dag.py took 0.105 seconds
[2023-11-14T21:53:49.230+0000] {processor.py:157} INFO - Started process (PID=2183) to work on /home/airflow/.local/lib/python3.8/site-packages/airflow/example_dags/example_external_task_marker_dag.py
[2023-11-14T21:53:49.231+0000] {processor.py:829} INFO - Processing file /home/airflow/.local/lib/python3.8/site-packages/airflow/example_dags/example_external_task_marker_dag.py for tasks to queue
[2023-11-14T21:53:49.235+0000] {logging_mixin.py:154} INFO - [2023-11-14T21:53:49.235+0000] {dagbag.py:536} INFO - Filling up the DagBag from /home/airflow/.local/lib/python3.8/site-packages/airflow/example_dags/example_external_task_marker_dag.py
[2023-11-14T21:53:49.245+0000] {processor.py:839} INFO - DAG(s) dict_keys(['example_external_task_marker_parent', 'example_external_task_marker_child']) retrieved from /home/airflow/.local/lib/python3.8/site-packages/airflow/example_dags/example_external_task_marker_dag.py
[2023-11-14T21:53:49.281+0000] {logging_mixin.py:154} INFO - [2023-11-14T21:53:49.281+0000] {dag.py:2941} INFO - Sync 2 DAGs
[2023-11-14T21:53:49.299+0000] {logging_mixin.py:154} INFO - [2023-11-14T21:53:49.299+0000] {dag.py:3722} INFO - Setting next_dagrun for example_external_task_marker_child to None, run_after=None
[2023-11-14T21:53:49.305+0000] {logging_mixin.py:154} INFO - [2023-11-14T21:53:49.305+0000] {dag.py:3722} INFO - Setting next_dagrun for example_external_task_marker_parent to None, run_after=None
[2023-11-14T21:53:49.330+0000] {processor.py:179} INFO - Processing /home/airflow/.local/lib/python3.8/site-packages/airflow/example_dags/example_external_task_marker_dag.py took 0.104 seconds
[2023-11-14T21:54:19.854+0000] {processor.py:157} INFO - Started process (PID=2237) to work on /home/airflow/.local/lib/python3.8/site-packages/airflow/example_dags/example_external_task_marker_dag.py
[2023-11-14T21:54:19.859+0000] {processor.py:829} INFO - Processing file /home/airflow/.local/lib/python3.8/site-packages/airflow/example_dags/example_external_task_marker_dag.py for tasks to queue
[2023-11-14T21:54:19.865+0000] {logging_mixin.py:154} INFO - [2023-11-14T21:54:19.864+0000] {dagbag.py:536} INFO - Filling up the DagBag from /home/airflow/.local/lib/python3.8/site-packages/airflow/example_dags/example_external_task_marker_dag.py
[2023-11-14T21:54:19.876+0000] {processor.py:839} INFO - DAG(s) dict_keys(['example_external_task_marker_child', 'example_external_task_marker_parent']) retrieved from /home/airflow/.local/lib/python3.8/site-packages/airflow/example_dags/example_external_task_marker_dag.py
[2023-11-14T21:54:19.911+0000] {logging_mixin.py:154} INFO - [2023-11-14T21:54:19.911+0000] {dag.py:2941} INFO - Sync 2 DAGs
[2023-11-14T21:54:19.928+0000] {logging_mixin.py:154} INFO - [2023-11-14T21:54:19.928+0000] {dag.py:3722} INFO - Setting next_dagrun for example_external_task_marker_child to None, run_after=None
[2023-11-14T21:54:19.933+0000] {logging_mixin.py:154} INFO - [2023-11-14T21:54:19.932+0000] {dag.py:3722} INFO - Setting next_dagrun for example_external_task_marker_parent to None, run_after=None
[2023-11-14T21:54:19.956+0000] {processor.py:179} INFO - Processing /home/airflow/.local/lib/python3.8/site-packages/airflow/example_dags/example_external_task_marker_dag.py took 0.108 seconds
[2023-11-14T21:54:50.800+0000] {processor.py:157} INFO - Started process (PID=2291) to work on /home/airflow/.local/lib/python3.8/site-packages/airflow/example_dags/example_external_task_marker_dag.py
[2023-11-14T21:54:50.802+0000] {processor.py:829} INFO - Processing file /home/airflow/.local/lib/python3.8/site-packages/airflow/example_dags/example_external_task_marker_dag.py for tasks to queue
[2023-11-14T21:54:50.804+0000] {logging_mixin.py:154} INFO - [2023-11-14T21:54:50.804+0000] {dagbag.py:536} INFO - Filling up the DagBag from /home/airflow/.local/lib/python3.8/site-packages/airflow/example_dags/example_external_task_marker_dag.py
[2023-11-14T21:54:50.812+0000] {processor.py:839} INFO - DAG(s) dict_keys(['example_external_task_marker_parent', 'example_external_task_marker_child']) retrieved from /home/airflow/.local/lib/python3.8/site-packages/airflow/example_dags/example_external_task_marker_dag.py
[2023-11-14T21:54:50.846+0000] {logging_mixin.py:154} INFO - [2023-11-14T21:54:50.845+0000] {dag.py:2941} INFO - Sync 2 DAGs
[2023-11-14T21:54:50.876+0000] {logging_mixin.py:154} INFO - [2023-11-14T21:54:50.875+0000] {dag.py:3722} INFO - Setting next_dagrun for example_external_task_marker_child to None, run_after=None
[2023-11-14T21:54:50.883+0000] {logging_mixin.py:154} INFO - [2023-11-14T21:54:50.883+0000] {dag.py:3722} INFO - Setting next_dagrun for example_external_task_marker_parent to None, run_after=None
[2023-11-14T21:54:50.911+0000] {processor.py:179} INFO - Processing /home/airflow/.local/lib/python3.8/site-packages/airflow/example_dags/example_external_task_marker_dag.py took 0.116 seconds
[2023-11-14T21:55:21.040+0000] {processor.py:157} INFO - Started process (PID=2346) to work on /home/airflow/.local/lib/python3.8/site-packages/airflow/example_dags/example_external_task_marker_dag.py
[2023-11-14T21:55:21.041+0000] {processor.py:829} INFO - Processing file /home/airflow/.local/lib/python3.8/site-packages/airflow/example_dags/example_external_task_marker_dag.py for tasks to queue
[2023-11-14T21:55:21.044+0000] {logging_mixin.py:154} INFO - [2023-11-14T21:55:21.044+0000] {dagbag.py:536} INFO - Filling up the DagBag from /home/airflow/.local/lib/python3.8/site-packages/airflow/example_dags/example_external_task_marker_dag.py
[2023-11-14T21:55:21.053+0000] {processor.py:839} INFO - DAG(s) dict_keys(['example_external_task_marker_child', 'example_external_task_marker_parent']) retrieved from /home/airflow/.local/lib/python3.8/site-packages/airflow/example_dags/example_external_task_marker_dag.py
[2023-11-14T21:55:21.087+0000] {logging_mixin.py:154} INFO - [2023-11-14T21:55:21.086+0000] {dag.py:2941} INFO - Sync 2 DAGs
[2023-11-14T21:55:21.106+0000] {logging_mixin.py:154} INFO - [2023-11-14T21:55:21.106+0000] {dag.py:3722} INFO - Setting next_dagrun for example_external_task_marker_child to None, run_after=None
[2023-11-14T21:55:21.112+0000] {logging_mixin.py:154} INFO - [2023-11-14T21:55:21.111+0000] {dag.py:3722} INFO - Setting next_dagrun for example_external_task_marker_parent to None, run_after=None
[2023-11-14T21:55:21.136+0000] {processor.py:179} INFO - Processing /home/airflow/.local/lib/python3.8/site-packages/airflow/example_dags/example_external_task_marker_dag.py took 0.101 seconds
[2023-11-14T21:55:51.525+0000] {processor.py:157} INFO - Started process (PID=2400) to work on /home/airflow/.local/lib/python3.8/site-packages/airflow/example_dags/example_external_task_marker_dag.py
[2023-11-14T21:55:51.530+0000] {processor.py:829} INFO - Processing file /home/airflow/.local/lib/python3.8/site-packages/airflow/example_dags/example_external_task_marker_dag.py for tasks to queue
[2023-11-14T21:55:51.532+0000] {logging_mixin.py:154} INFO - [2023-11-14T21:55:51.532+0000] {dagbag.py:536} INFO - Filling up the DagBag from /home/airflow/.local/lib/python3.8/site-packages/airflow/example_dags/example_external_task_marker_dag.py
[2023-11-14T21:55:51.543+0000] {processor.py:839} INFO - DAG(s) dict_keys(['example_external_task_marker_child', 'example_external_task_marker_parent']) retrieved from /home/airflow/.local/lib/python3.8/site-packages/airflow/example_dags/example_external_task_marker_dag.py
[2023-11-14T21:55:51.575+0000] {logging_mixin.py:154} INFO - [2023-11-14T21:55:51.574+0000] {dag.py:2941} INFO - Sync 2 DAGs
[2023-11-14T21:55:51.592+0000] {logging_mixin.py:154} INFO - [2023-11-14T21:55:51.592+0000] {dag.py:3722} INFO - Setting next_dagrun for example_external_task_marker_child to None, run_after=None
[2023-11-14T21:55:51.597+0000] {logging_mixin.py:154} INFO - [2023-11-14T21:55:51.596+0000] {dag.py:3722} INFO - Setting next_dagrun for example_external_task_marker_parent to None, run_after=None
[2023-11-14T21:55:51.627+0000] {processor.py:179} INFO - Processing /home/airflow/.local/lib/python3.8/site-packages/airflow/example_dags/example_external_task_marker_dag.py took 0.106 seconds
[2023-11-14T21:56:22.056+0000] {processor.py:157} INFO - Started process (PID=2454) to work on /home/airflow/.local/lib/python3.8/site-packages/airflow/example_dags/example_external_task_marker_dag.py
[2023-11-14T21:56:22.059+0000] {processor.py:829} INFO - Processing file /home/airflow/.local/lib/python3.8/site-packages/airflow/example_dags/example_external_task_marker_dag.py for tasks to queue
[2023-11-14T21:56:22.062+0000] {logging_mixin.py:154} INFO - [2023-11-14T21:56:22.062+0000] {dagbag.py:536} INFO - Filling up the DagBag from /home/airflow/.local/lib/python3.8/site-packages/airflow/example_dags/example_external_task_marker_dag.py
[2023-11-14T21:56:22.070+0000] {processor.py:839} INFO - DAG(s) dict_keys(['example_external_task_marker_parent', 'example_external_task_marker_child']) retrieved from /home/airflow/.local/lib/python3.8/site-packages/airflow/example_dags/example_external_task_marker_dag.py
[2023-11-14T21:56:22.117+0000] {logging_mixin.py:154} INFO - [2023-11-14T21:56:22.117+0000] {dag.py:2941} INFO - Sync 2 DAGs
[2023-11-14T21:56:22.136+0000] {logging_mixin.py:154} INFO - [2023-11-14T21:56:22.136+0000] {dag.py:3722} INFO - Setting next_dagrun for example_external_task_marker_child to None, run_after=None
[2023-11-14T21:56:22.141+0000] {logging_mixin.py:154} INFO - [2023-11-14T21:56:22.141+0000] {dag.py:3722} INFO - Setting next_dagrun for example_external_task_marker_parent to None, run_after=None
[2023-11-14T21:56:22.173+0000] {processor.py:179} INFO - Processing /home/airflow/.local/lib/python3.8/site-packages/airflow/example_dags/example_external_task_marker_dag.py took 0.122 seconds
[2023-11-14T21:56:52.847+0000] {processor.py:157} INFO - Started process (PID=2509) to work on /home/airflow/.local/lib/python3.8/site-packages/airflow/example_dags/example_external_task_marker_dag.py
[2023-11-14T21:56:52.848+0000] {processor.py:829} INFO - Processing file /home/airflow/.local/lib/python3.8/site-packages/airflow/example_dags/example_external_task_marker_dag.py for tasks to queue
[2023-11-14T21:56:52.853+0000] {logging_mixin.py:154} INFO - [2023-11-14T21:56:52.853+0000] {dagbag.py:536} INFO - Filling up the DagBag from /home/airflow/.local/lib/python3.8/site-packages/airflow/example_dags/example_external_task_marker_dag.py
[2023-11-14T21:56:52.864+0000] {processor.py:839} INFO - DAG(s) dict_keys(['example_external_task_marker_child', 'example_external_task_marker_parent']) retrieved from /home/airflow/.local/lib/python3.8/site-packages/airflow/example_dags/example_external_task_marker_dag.py
[2023-11-14T21:56:52.895+0000] {logging_mixin.py:154} INFO - [2023-11-14T21:56:52.895+0000] {dag.py:2941} INFO - Sync 2 DAGs
[2023-11-14T21:56:52.915+0000] {logging_mixin.py:154} INFO - [2023-11-14T21:56:52.915+0000] {dag.py:3722} INFO - Setting next_dagrun for example_external_task_marker_child to None, run_after=None
[2023-11-14T21:56:52.920+0000] {logging_mixin.py:154} INFO - [2023-11-14T21:56:52.920+0000] {dag.py:3722} INFO - Setting next_dagrun for example_external_task_marker_parent to None, run_after=None
[2023-11-14T21:56:52.943+0000] {processor.py:179} INFO - Processing /home/airflow/.local/lib/python3.8/site-packages/airflow/example_dags/example_external_task_marker_dag.py took 0.105 seconds
[2023-11-14T21:57:23.711+0000] {processor.py:157} INFO - Started process (PID=2563) to work on /home/airflow/.local/lib/python3.8/site-packages/airflow/example_dags/example_external_task_marker_dag.py
[2023-11-14T21:57:23.715+0000] {processor.py:829} INFO - Processing file /home/airflow/.local/lib/python3.8/site-packages/airflow/example_dags/example_external_task_marker_dag.py for tasks to queue
[2023-11-14T21:57:23.718+0000] {logging_mixin.py:154} INFO - [2023-11-14T21:57:23.718+0000] {dagbag.py:536} INFO - Filling up the DagBag from /home/airflow/.local/lib/python3.8/site-packages/airflow/example_dags/example_external_task_marker_dag.py
[2023-11-14T21:57:23.725+0000] {processor.py:839} INFO - DAG(s) dict_keys(['example_external_task_marker_parent', 'example_external_task_marker_child']) retrieved from /home/airflow/.local/lib/python3.8/site-packages/airflow/example_dags/example_external_task_marker_dag.py
[2023-11-14T21:57:23.762+0000] {logging_mixin.py:154} INFO - [2023-11-14T21:57:23.761+0000] {dag.py:2941} INFO - Sync 2 DAGs
[2023-11-14T21:57:23.778+0000] {logging_mixin.py:154} INFO - [2023-11-14T21:57:23.778+0000] {dag.py:3722} INFO - Setting next_dagrun for example_external_task_marker_child to None, run_after=None
[2023-11-14T21:57:23.782+0000] {logging_mixin.py:154} INFO - [2023-11-14T21:57:23.782+0000] {dag.py:3722} INFO - Setting next_dagrun for example_external_task_marker_parent to None, run_after=None
[2023-11-14T21:57:23.808+0000] {processor.py:179} INFO - Processing /home/airflow/.local/lib/python3.8/site-packages/airflow/example_dags/example_external_task_marker_dag.py took 0.102 seconds
[2023-11-14T21:57:54.006+0000] {processor.py:157} INFO - Started process (PID=2618) to work on /home/airflow/.local/lib/python3.8/site-packages/airflow/example_dags/example_external_task_marker_dag.py
[2023-11-14T21:57:54.007+0000] {processor.py:829} INFO - Processing file /home/airflow/.local/lib/python3.8/site-packages/airflow/example_dags/example_external_task_marker_dag.py for tasks to queue
[2023-11-14T21:57:54.010+0000] {logging_mixin.py:154} INFO - [2023-11-14T21:57:54.010+0000] {dagbag.py:536} INFO - Filling up the DagBag from /home/airflow/.local/lib/python3.8/site-packages/airflow/example_dags/example_external_task_marker_dag.py
[2023-11-14T21:57:54.020+0000] {processor.py:839} INFO - DAG(s) dict_keys(['example_external_task_marker_parent', 'example_external_task_marker_child']) retrieved from /home/airflow/.local/lib/python3.8/site-packages/airflow/example_dags/example_external_task_marker_dag.py
[2023-11-14T21:57:54.060+0000] {logging_mixin.py:154} INFO - [2023-11-14T21:57:54.058+0000] {dag.py:2941} INFO - Sync 2 DAGs
[2023-11-14T21:57:54.080+0000] {logging_mixin.py:154} INFO - [2023-11-14T21:57:54.080+0000] {dag.py:3722} INFO - Setting next_dagrun for example_external_task_marker_child to None, run_after=None
[2023-11-14T21:57:54.085+0000] {logging_mixin.py:154} INFO - [2023-11-14T21:57:54.085+0000] {dag.py:3722} INFO - Setting next_dagrun for example_external_task_marker_parent to None, run_after=None
[2023-11-14T21:57:54.120+0000] {processor.py:179} INFO - Processing /home/airflow/.local/lib/python3.8/site-packages/airflow/example_dags/example_external_task_marker_dag.py took 0.117 seconds
[2023-11-14T21:58:24.206+0000] {processor.py:157} INFO - Started process (PID=2672) to work on /home/airflow/.local/lib/python3.8/site-packages/airflow/example_dags/example_external_task_marker_dag.py
[2023-11-14T21:58:24.208+0000] {processor.py:829} INFO - Processing file /home/airflow/.local/lib/python3.8/site-packages/airflow/example_dags/example_external_task_marker_dag.py for tasks to queue
[2023-11-14T21:58:24.211+0000] {logging_mixin.py:154} INFO - [2023-11-14T21:58:24.210+0000] {dagbag.py:536} INFO - Filling up the DagBag from /home/airflow/.local/lib/python3.8/site-packages/airflow/example_dags/example_external_task_marker_dag.py
[2023-11-14T21:58:24.218+0000] {processor.py:839} INFO - DAG(s) dict_keys(['example_external_task_marker_child', 'example_external_task_marker_parent']) retrieved from /home/airflow/.local/lib/python3.8/site-packages/airflow/example_dags/example_external_task_marker_dag.py
[2023-11-14T21:58:24.249+0000] {logging_mixin.py:154} INFO - [2023-11-14T21:58:24.249+0000] {dag.py:2941} INFO - Sync 2 DAGs
[2023-11-14T21:58:24.266+0000] {logging_mixin.py:154} INFO - [2023-11-14T21:58:24.265+0000] {dag.py:3722} INFO - Setting next_dagrun for example_external_task_marker_child to None, run_after=None
[2023-11-14T21:58:24.270+0000] {logging_mixin.py:154} INFO - [2023-11-14T21:58:24.269+0000] {dag.py:3722} INFO - Setting next_dagrun for example_external_task_marker_parent to None, run_after=None
[2023-11-14T21:58:24.293+0000] {processor.py:179} INFO - Processing /home/airflow/.local/lib/python3.8/site-packages/airflow/example_dags/example_external_task_marker_dag.py took 0.092 seconds
[2023-11-14T21:58:54.780+0000] {processor.py:157} INFO - Started process (PID=2726) to work on /home/airflow/.local/lib/python3.8/site-packages/airflow/example_dags/example_external_task_marker_dag.py
[2023-11-14T21:58:54.782+0000] {processor.py:829} INFO - Processing file /home/airflow/.local/lib/python3.8/site-packages/airflow/example_dags/example_external_task_marker_dag.py for tasks to queue
[2023-11-14T21:58:54.787+0000] {logging_mixin.py:154} INFO - [2023-11-14T21:58:54.786+0000] {dagbag.py:536} INFO - Filling up the DagBag from /home/airflow/.local/lib/python3.8/site-packages/airflow/example_dags/example_external_task_marker_dag.py
[2023-11-14T21:58:54.800+0000] {processor.py:839} INFO - DAG(s) dict_keys(['example_external_task_marker_parent', 'example_external_task_marker_child']) retrieved from /home/airflow/.local/lib/python3.8/site-packages/airflow/example_dags/example_external_task_marker_dag.py
[2023-11-14T21:58:54.865+0000] {logging_mixin.py:154} INFO - [2023-11-14T21:58:54.865+0000] {dag.py:2941} INFO - Sync 2 DAGs
[2023-11-14T21:58:54.894+0000] {logging_mixin.py:154} INFO - [2023-11-14T21:58:54.894+0000] {dag.py:3722} INFO - Setting next_dagrun for example_external_task_marker_child to None, run_after=None
[2023-11-14T21:58:54.900+0000] {logging_mixin.py:154} INFO - [2023-11-14T21:58:54.900+0000] {dag.py:3722} INFO - Setting next_dagrun for example_external_task_marker_parent to None, run_after=None
[2023-11-14T21:58:54.936+0000] {processor.py:179} INFO - Processing /home/airflow/.local/lib/python3.8/site-packages/airflow/example_dags/example_external_task_marker_dag.py took 0.165 seconds
[2023-11-14T21:59:25.397+0000] {processor.py:157} INFO - Started process (PID=2780) to work on /home/airflow/.local/lib/python3.8/site-packages/airflow/example_dags/example_external_task_marker_dag.py
[2023-11-14T21:59:25.399+0000] {processor.py:829} INFO - Processing file /home/airflow/.local/lib/python3.8/site-packages/airflow/example_dags/example_external_task_marker_dag.py for tasks to queue
[2023-11-14T21:59:25.401+0000] {logging_mixin.py:154} INFO - [2023-11-14T21:59:25.401+0000] {dagbag.py:536} INFO - Filling up the DagBag from /home/airflow/.local/lib/python3.8/site-packages/airflow/example_dags/example_external_task_marker_dag.py
[2023-11-14T21:59:25.410+0000] {processor.py:839} INFO - DAG(s) dict_keys(['example_external_task_marker_parent', 'example_external_task_marker_child']) retrieved from /home/airflow/.local/lib/python3.8/site-packages/airflow/example_dags/example_external_task_marker_dag.py
[2023-11-14T21:59:25.447+0000] {logging_mixin.py:154} INFO - [2023-11-14T21:59:25.447+0000] {dag.py:2941} INFO - Sync 2 DAGs
[2023-11-14T21:59:25.462+0000] {logging_mixin.py:154} INFO - [2023-11-14T21:59:25.462+0000] {dag.py:3722} INFO - Setting next_dagrun for example_external_task_marker_child to None, run_after=None
[2023-11-14T21:59:25.466+0000] {logging_mixin.py:154} INFO - [2023-11-14T21:59:25.466+0000] {dag.py:3722} INFO - Setting next_dagrun for example_external_task_marker_parent to None, run_after=None
[2023-11-14T21:59:25.489+0000] {processor.py:179} INFO - Processing /home/airflow/.local/lib/python3.8/site-packages/airflow/example_dags/example_external_task_marker_dag.py took 0.096 seconds
