[2023-11-14T21:33:53.138+0000] {processor.py:157} INFO - Started process (PID=42) to work on /home/airflow/.local/lib/python3.8/site-packages/airflow/example_dags/example_setup_teardown_taskflow.py
[2023-11-14T21:33:53.140+0000] {processor.py:829} INFO - Processing file /home/airflow/.local/lib/python3.8/site-packages/airflow/example_dags/example_setup_teardown_taskflow.py for tasks to queue
[2023-11-14T21:33:53.142+0000] {logging_mixin.py:154} INFO - [2023-11-14T21:33:53.142+0000] {dagbag.py:536} INFO - Filling up the DagBag from /home/airflow/.local/lib/python3.8/site-packages/airflow/example_dags/example_setup_teardown_taskflow.py
[2023-11-14T21:33:53.155+0000] {processor.py:839} INFO - DAG(s) dict_keys(['example_setup_teardown_taskflow']) retrieved from /home/airflow/.local/lib/python3.8/site-packages/airflow/example_dags/example_setup_teardown_taskflow.py
[2023-11-14T21:33:53.339+0000] {logging_mixin.py:154} INFO - [2023-11-14T21:33:53.339+0000] {manager.py:499} INFO - Created Permission View: %s
[2023-11-14T21:33:53.372+0000] {logging_mixin.py:154} INFO - [2023-11-14T21:33:53.371+0000] {manager.py:499} INFO - Created Permission View: %s
[2023-11-14T21:33:53.397+0000] {logging_mixin.py:154} INFO - [2023-11-14T21:33:53.397+0000] {manager.py:499} INFO - Created Permission View: %s
[2023-11-14T21:33:53.398+0000] {logging_mixin.py:154} INFO - [2023-11-14T21:33:53.398+0000] {dag.py:2941} INFO - Sync 1 DAGs
[2023-11-14T21:33:53.443+0000] {logging_mixin.py:154} INFO - [2023-11-14T21:33:53.442+0000] {dag.py:2963} INFO - Creating ORM DAG for example_setup_teardown_taskflow
[2023-11-14T21:33:53.476+0000] {logging_mixin.py:154} INFO - [2023-11-14T21:33:53.475+0000] {dag.py:3722} INFO - Setting next_dagrun for example_setup_teardown_taskflow to 2023-11-13T21:33:53.474340+00:00, run_after=2023-11-14T21:33:53.474340+00:00
[2023-11-14T21:33:53.531+0000] {processor.py:179} INFO - Processing /home/airflow/.local/lib/python3.8/site-packages/airflow/example_dags/example_setup_teardown_taskflow.py took 0.397 seconds
[2023-11-14T21:34:24.270+0000] {processor.py:157} INFO - Started process (PID=96) to work on /home/airflow/.local/lib/python3.8/site-packages/airflow/example_dags/example_setup_teardown_taskflow.py
[2023-11-14T21:34:24.275+0000] {processor.py:829} INFO - Processing file /home/airflow/.local/lib/python3.8/site-packages/airflow/example_dags/example_setup_teardown_taskflow.py for tasks to queue
[2023-11-14T21:34:24.285+0000] {logging_mixin.py:154} INFO - [2023-11-14T21:34:24.282+0000] {dagbag.py:536} INFO - Filling up the DagBag from /home/airflow/.local/lib/python3.8/site-packages/airflow/example_dags/example_setup_teardown_taskflow.py
[2023-11-14T21:34:24.320+0000] {processor.py:839} INFO - DAG(s) dict_keys(['example_setup_teardown_taskflow']) retrieved from /home/airflow/.local/lib/python3.8/site-packages/airflow/example_dags/example_setup_teardown_taskflow.py
[2023-11-14T21:34:24.374+0000] {logging_mixin.py:154} INFO - [2023-11-14T21:34:24.373+0000] {dag.py:2941} INFO - Sync 1 DAGs
[2023-11-14T21:34:24.421+0000] {logging_mixin.py:154} INFO - [2023-11-14T21:34:24.420+0000] {dag.py:3722} INFO - Setting next_dagrun for example_setup_teardown_taskflow to 2023-11-13T21:34:24.420354+00:00, run_after=2023-11-14T21:34:24.420354+00:00
[2023-11-14T21:34:24.476+0000] {processor.py:179} INFO - Processing /home/airflow/.local/lib/python3.8/site-packages/airflow/example_dags/example_setup_teardown_taskflow.py took 0.221 seconds
[2023-11-14T21:34:54.596+0000] {processor.py:157} INFO - Started process (PID=150) to work on /home/airflow/.local/lib/python3.8/site-packages/airflow/example_dags/example_setup_teardown_taskflow.py
[2023-11-14T21:34:54.599+0000] {processor.py:829} INFO - Processing file /home/airflow/.local/lib/python3.8/site-packages/airflow/example_dags/example_setup_teardown_taskflow.py for tasks to queue
[2023-11-14T21:34:54.605+0000] {logging_mixin.py:154} INFO - [2023-11-14T21:34:54.604+0000] {dagbag.py:536} INFO - Filling up the DagBag from /home/airflow/.local/lib/python3.8/site-packages/airflow/example_dags/example_setup_teardown_taskflow.py
[2023-11-14T21:34:54.623+0000] {processor.py:839} INFO - DAG(s) dict_keys(['example_setup_teardown_taskflow']) retrieved from /home/airflow/.local/lib/python3.8/site-packages/airflow/example_dags/example_setup_teardown_taskflow.py
[2023-11-14T21:34:54.649+0000] {logging_mixin.py:154} INFO - [2023-11-14T21:34:54.649+0000] {dag.py:2941} INFO - Sync 1 DAGs
[2023-11-14T21:34:54.675+0000] {logging_mixin.py:154} INFO - [2023-11-14T21:34:54.675+0000] {dag.py:3722} INFO - Setting next_dagrun for example_setup_teardown_taskflow to 2023-11-13T21:34:54.674890+00:00, run_after=2023-11-14T21:34:54.674890+00:00
[2023-11-14T21:34:54.698+0000] {processor.py:179} INFO - Processing /home/airflow/.local/lib/python3.8/site-packages/airflow/example_dags/example_setup_teardown_taskflow.py took 0.110 seconds
[2023-11-14T21:35:24.911+0000] {processor.py:157} INFO - Started process (PID=204) to work on /home/airflow/.local/lib/python3.8/site-packages/airflow/example_dags/example_setup_teardown_taskflow.py
[2023-11-14T21:35:24.912+0000] {processor.py:829} INFO - Processing file /home/airflow/.local/lib/python3.8/site-packages/airflow/example_dags/example_setup_teardown_taskflow.py for tasks to queue
[2023-11-14T21:35:24.915+0000] {logging_mixin.py:154} INFO - [2023-11-14T21:35:24.914+0000] {dagbag.py:536} INFO - Filling up the DagBag from /home/airflow/.local/lib/python3.8/site-packages/airflow/example_dags/example_setup_teardown_taskflow.py
[2023-11-14T21:35:24.929+0000] {processor.py:839} INFO - DAG(s) dict_keys(['example_setup_teardown_taskflow']) retrieved from /home/airflow/.local/lib/python3.8/site-packages/airflow/example_dags/example_setup_teardown_taskflow.py
[2023-11-14T21:35:24.961+0000] {logging_mixin.py:154} INFO - [2023-11-14T21:35:24.960+0000] {dag.py:2941} INFO - Sync 1 DAGs
[2023-11-14T21:35:24.994+0000] {logging_mixin.py:154} INFO - [2023-11-14T21:35:24.994+0000] {dag.py:3722} INFO - Setting next_dagrun for example_setup_teardown_taskflow to 2023-11-13T21:35:24.994423+00:00, run_after=2023-11-14T21:35:24.994423+00:00
[2023-11-14T21:35:25.033+0000] {processor.py:179} INFO - Processing /home/airflow/.local/lib/python3.8/site-packages/airflow/example_dags/example_setup_teardown_taskflow.py took 0.127 seconds
[2023-11-14T21:35:55.538+0000] {processor.py:157} INFO - Started process (PID=258) to work on /home/airflow/.local/lib/python3.8/site-packages/airflow/example_dags/example_setup_teardown_taskflow.py
[2023-11-14T21:35:55.540+0000] {processor.py:829} INFO - Processing file /home/airflow/.local/lib/python3.8/site-packages/airflow/example_dags/example_setup_teardown_taskflow.py for tasks to queue
[2023-11-14T21:35:55.544+0000] {logging_mixin.py:154} INFO - [2023-11-14T21:35:55.544+0000] {dagbag.py:536} INFO - Filling up the DagBag from /home/airflow/.local/lib/python3.8/site-packages/airflow/example_dags/example_setup_teardown_taskflow.py
[2023-11-14T21:35:55.560+0000] {processor.py:839} INFO - DAG(s) dict_keys(['example_setup_teardown_taskflow']) retrieved from /home/airflow/.local/lib/python3.8/site-packages/airflow/example_dags/example_setup_teardown_taskflow.py
[2023-11-14T21:35:55.588+0000] {logging_mixin.py:154} INFO - [2023-11-14T21:35:55.588+0000] {dag.py:2941} INFO - Sync 1 DAGs
[2023-11-14T21:35:55.617+0000] {logging_mixin.py:154} INFO - [2023-11-14T21:35:55.617+0000] {dag.py:3722} INFO - Setting next_dagrun for example_setup_teardown_taskflow to 2023-11-13T21:35:55.616768+00:00, run_after=2023-11-14T21:35:55.616768+00:00
[2023-11-14T21:35:55.668+0000] {processor.py:179} INFO - Processing /home/airflow/.local/lib/python3.8/site-packages/airflow/example_dags/example_setup_teardown_taskflow.py took 0.138 seconds
[2023-11-14T21:36:25.988+0000] {processor.py:157} INFO - Started process (PID=313) to work on /home/airflow/.local/lib/python3.8/site-packages/airflow/example_dags/example_setup_teardown_taskflow.py
[2023-11-14T21:36:25.990+0000] {processor.py:829} INFO - Processing file /home/airflow/.local/lib/python3.8/site-packages/airflow/example_dags/example_setup_teardown_taskflow.py for tasks to queue
[2023-11-14T21:36:25.993+0000] {logging_mixin.py:154} INFO - [2023-11-14T21:36:25.993+0000] {dagbag.py:536} INFO - Filling up the DagBag from /home/airflow/.local/lib/python3.8/site-packages/airflow/example_dags/example_setup_teardown_taskflow.py
[2023-11-14T21:36:26.005+0000] {processor.py:839} INFO - DAG(s) dict_keys(['example_setup_teardown_taskflow']) retrieved from /home/airflow/.local/lib/python3.8/site-packages/airflow/example_dags/example_setup_teardown_taskflow.py
[2023-11-14T21:36:26.033+0000] {logging_mixin.py:154} INFO - [2023-11-14T21:36:26.033+0000] {dag.py:2941} INFO - Sync 1 DAGs
[2023-11-14T21:36:26.058+0000] {logging_mixin.py:154} INFO - [2023-11-14T21:36:26.058+0000] {dag.py:3722} INFO - Setting next_dagrun for example_setup_teardown_taskflow to 2023-11-13T21:36:26.057925+00:00, run_after=2023-11-14T21:36:26.057925+00:00
[2023-11-14T21:36:26.099+0000] {processor.py:179} INFO - Processing /home/airflow/.local/lib/python3.8/site-packages/airflow/example_dags/example_setup_teardown_taskflow.py took 0.118 seconds
[2023-11-14T21:36:56.599+0000] {processor.py:157} INFO - Started process (PID=367) to work on /home/airflow/.local/lib/python3.8/site-packages/airflow/example_dags/example_setup_teardown_taskflow.py
[2023-11-14T21:36:56.602+0000] {processor.py:829} INFO - Processing file /home/airflow/.local/lib/python3.8/site-packages/airflow/example_dags/example_setup_teardown_taskflow.py for tasks to queue
[2023-11-14T21:36:56.606+0000] {logging_mixin.py:154} INFO - [2023-11-14T21:36:56.605+0000] {dagbag.py:536} INFO - Filling up the DagBag from /home/airflow/.local/lib/python3.8/site-packages/airflow/example_dags/example_setup_teardown_taskflow.py
[2023-11-14T21:36:56.619+0000] {processor.py:839} INFO - DAG(s) dict_keys(['example_setup_teardown_taskflow']) retrieved from /home/airflow/.local/lib/python3.8/site-packages/airflow/example_dags/example_setup_teardown_taskflow.py
[2023-11-14T21:36:56.645+0000] {logging_mixin.py:154} INFO - [2023-11-14T21:36:56.644+0000] {dag.py:2941} INFO - Sync 1 DAGs
[2023-11-14T21:36:56.670+0000] {logging_mixin.py:154} INFO - [2023-11-14T21:36:56.669+0000] {dag.py:3722} INFO - Setting next_dagrun for example_setup_teardown_taskflow to 2023-11-13T21:36:56.669603+00:00, run_after=2023-11-14T21:36:56.669603+00:00
[2023-11-14T21:36:56.705+0000] {processor.py:179} INFO - Processing /home/airflow/.local/lib/python3.8/site-packages/airflow/example_dags/example_setup_teardown_taskflow.py took 0.122 seconds
[2023-11-14T21:37:27.144+0000] {processor.py:157} INFO - Started process (PID=421) to work on /home/airflow/.local/lib/python3.8/site-packages/airflow/example_dags/example_setup_teardown_taskflow.py
[2023-11-14T21:37:27.148+0000] {processor.py:829} INFO - Processing file /home/airflow/.local/lib/python3.8/site-packages/airflow/example_dags/example_setup_teardown_taskflow.py for tasks to queue
[2023-11-14T21:37:27.151+0000] {logging_mixin.py:154} INFO - [2023-11-14T21:37:27.151+0000] {dagbag.py:536} INFO - Filling up the DagBag from /home/airflow/.local/lib/python3.8/site-packages/airflow/example_dags/example_setup_teardown_taskflow.py
[2023-11-14T21:37:27.163+0000] {processor.py:839} INFO - DAG(s) dict_keys(['example_setup_teardown_taskflow']) retrieved from /home/airflow/.local/lib/python3.8/site-packages/airflow/example_dags/example_setup_teardown_taskflow.py
[2023-11-14T21:37:27.190+0000] {logging_mixin.py:154} INFO - [2023-11-14T21:37:27.190+0000] {dag.py:2941} INFO - Sync 1 DAGs
[2023-11-14T21:37:27.215+0000] {logging_mixin.py:154} INFO - [2023-11-14T21:37:27.215+0000] {dag.py:3722} INFO - Setting next_dagrun for example_setup_teardown_taskflow to 2023-11-13T21:37:27.214742+00:00, run_after=2023-11-14T21:37:27.214742+00:00
[2023-11-14T21:37:27.250+0000] {processor.py:179} INFO - Processing /home/airflow/.local/lib/python3.8/site-packages/airflow/example_dags/example_setup_teardown_taskflow.py took 0.111 seconds
[2023-11-14T21:37:57.445+0000] {processor.py:157} INFO - Started process (PID=475) to work on /home/airflow/.local/lib/python3.8/site-packages/airflow/example_dags/example_setup_teardown_taskflow.py
[2023-11-14T21:37:57.447+0000] {processor.py:829} INFO - Processing file /home/airflow/.local/lib/python3.8/site-packages/airflow/example_dags/example_setup_teardown_taskflow.py for tasks to queue
[2023-11-14T21:37:57.451+0000] {logging_mixin.py:154} INFO - [2023-11-14T21:37:57.450+0000] {dagbag.py:536} INFO - Filling up the DagBag from /home/airflow/.local/lib/python3.8/site-packages/airflow/example_dags/example_setup_teardown_taskflow.py
[2023-11-14T21:37:57.465+0000] {processor.py:839} INFO - DAG(s) dict_keys(['example_setup_teardown_taskflow']) retrieved from /home/airflow/.local/lib/python3.8/site-packages/airflow/example_dags/example_setup_teardown_taskflow.py
[2023-11-14T21:37:57.496+0000] {logging_mixin.py:154} INFO - [2023-11-14T21:37:57.496+0000] {dag.py:2941} INFO - Sync 1 DAGs
[2023-11-14T21:37:57.527+0000] {logging_mixin.py:154} INFO - [2023-11-14T21:37:57.527+0000] {dag.py:3722} INFO - Setting next_dagrun for example_setup_teardown_taskflow to 2023-11-13T21:37:57.526875+00:00, run_after=2023-11-14T21:37:57.526875+00:00
[2023-11-14T21:37:57.572+0000] {processor.py:179} INFO - Processing /home/airflow/.local/lib/python3.8/site-packages/airflow/example_dags/example_setup_teardown_taskflow.py took 0.134 seconds
[2023-11-14T21:38:28.020+0000] {processor.py:157} INFO - Started process (PID=540) to work on /home/airflow/.local/lib/python3.8/site-packages/airflow/example_dags/example_setup_teardown_taskflow.py
[2023-11-14T21:38:28.026+0000] {processor.py:829} INFO - Processing file /home/airflow/.local/lib/python3.8/site-packages/airflow/example_dags/example_setup_teardown_taskflow.py for tasks to queue
[2023-11-14T21:38:28.029+0000] {logging_mixin.py:154} INFO - [2023-11-14T21:38:28.028+0000] {dagbag.py:536} INFO - Filling up the DagBag from /home/airflow/.local/lib/python3.8/site-packages/airflow/example_dags/example_setup_teardown_taskflow.py
[2023-11-14T21:38:28.039+0000] {processor.py:839} INFO - DAG(s) dict_keys(['example_setup_teardown_taskflow']) retrieved from /home/airflow/.local/lib/python3.8/site-packages/airflow/example_dags/example_setup_teardown_taskflow.py
[2023-11-14T21:38:28.073+0000] {logging_mixin.py:154} INFO - [2023-11-14T21:38:28.073+0000] {dag.py:2941} INFO - Sync 1 DAGs
[2023-11-14T21:38:28.098+0000] {logging_mixin.py:154} INFO - [2023-11-14T21:38:28.098+0000] {dag.py:3722} INFO - Setting next_dagrun for example_setup_teardown_taskflow to 2023-11-13T21:38:28.098458+00:00, run_after=2023-11-14T21:38:28.098458+00:00
[2023-11-14T21:38:28.129+0000] {processor.py:179} INFO - Processing /home/airflow/.local/lib/python3.8/site-packages/airflow/example_dags/example_setup_teardown_taskflow.py took 0.112 seconds
[2023-11-14T21:38:58.296+0000] {processor.py:157} INFO - Started process (PID=594) to work on /home/airflow/.local/lib/python3.8/site-packages/airflow/example_dags/example_setup_teardown_taskflow.py
[2023-11-14T21:38:58.297+0000] {processor.py:829} INFO - Processing file /home/airflow/.local/lib/python3.8/site-packages/airflow/example_dags/example_setup_teardown_taskflow.py for tasks to queue
[2023-11-14T21:38:58.301+0000] {logging_mixin.py:154} INFO - [2023-11-14T21:38:58.300+0000] {dagbag.py:536} INFO - Filling up the DagBag from /home/airflow/.local/lib/python3.8/site-packages/airflow/example_dags/example_setup_teardown_taskflow.py
[2023-11-14T21:38:58.315+0000] {processor.py:839} INFO - DAG(s) dict_keys(['example_setup_teardown_taskflow']) retrieved from /home/airflow/.local/lib/python3.8/site-packages/airflow/example_dags/example_setup_teardown_taskflow.py
[2023-11-14T21:38:58.351+0000] {logging_mixin.py:154} INFO - [2023-11-14T21:38:58.351+0000] {dag.py:2941} INFO - Sync 1 DAGs
[2023-11-14T21:38:58.390+0000] {logging_mixin.py:154} INFO - [2023-11-14T21:38:58.390+0000] {dag.py:3722} INFO - Setting next_dagrun for example_setup_teardown_taskflow to 2023-11-13T21:38:58.389975+00:00, run_after=2023-11-14T21:38:58.389975+00:00
[2023-11-14T21:38:58.423+0000] {processor.py:179} INFO - Processing /home/airflow/.local/lib/python3.8/site-packages/airflow/example_dags/example_setup_teardown_taskflow.py took 0.134 seconds
[2023-11-14T21:39:28.790+0000] {processor.py:157} INFO - Started process (PID=648) to work on /home/airflow/.local/lib/python3.8/site-packages/airflow/example_dags/example_setup_teardown_taskflow.py
[2023-11-14T21:39:28.792+0000] {processor.py:829} INFO - Processing file /home/airflow/.local/lib/python3.8/site-packages/airflow/example_dags/example_setup_teardown_taskflow.py for tasks to queue
[2023-11-14T21:39:28.797+0000] {logging_mixin.py:154} INFO - [2023-11-14T21:39:28.796+0000] {dagbag.py:536} INFO - Filling up the DagBag from /home/airflow/.local/lib/python3.8/site-packages/airflow/example_dags/example_setup_teardown_taskflow.py
[2023-11-14T21:39:28.815+0000] {processor.py:839} INFO - DAG(s) dict_keys(['example_setup_teardown_taskflow']) retrieved from /home/airflow/.local/lib/python3.8/site-packages/airflow/example_dags/example_setup_teardown_taskflow.py
[2023-11-14T21:39:28.849+0000] {logging_mixin.py:154} INFO - [2023-11-14T21:39:28.849+0000] {dag.py:2941} INFO - Sync 1 DAGs
[2023-11-14T21:39:28.879+0000] {logging_mixin.py:154} INFO - [2023-11-14T21:39:28.879+0000] {dag.py:3722} INFO - Setting next_dagrun for example_setup_teardown_taskflow to 2023-11-13T21:39:28.878756+00:00, run_after=2023-11-14T21:39:28.878756+00:00
[2023-11-14T21:39:28.901+0000] {processor.py:179} INFO - Processing /home/airflow/.local/lib/python3.8/site-packages/airflow/example_dags/example_setup_teardown_taskflow.py took 0.125 seconds
[2023-11-14T21:39:59.225+0000] {processor.py:157} INFO - Started process (PID=703) to work on /home/airflow/.local/lib/python3.8/site-packages/airflow/example_dags/example_setup_teardown_taskflow.py
[2023-11-14T21:39:59.226+0000] {processor.py:829} INFO - Processing file /home/airflow/.local/lib/python3.8/site-packages/airflow/example_dags/example_setup_teardown_taskflow.py for tasks to queue
[2023-11-14T21:39:59.230+0000] {logging_mixin.py:154} INFO - [2023-11-14T21:39:59.230+0000] {dagbag.py:536} INFO - Filling up the DagBag from /home/airflow/.local/lib/python3.8/site-packages/airflow/example_dags/example_setup_teardown_taskflow.py
[2023-11-14T21:39:59.242+0000] {processor.py:839} INFO - DAG(s) dict_keys(['example_setup_teardown_taskflow']) retrieved from /home/airflow/.local/lib/python3.8/site-packages/airflow/example_dags/example_setup_teardown_taskflow.py
[2023-11-14T21:39:59.270+0000] {logging_mixin.py:154} INFO - [2023-11-14T21:39:59.269+0000] {dag.py:2941} INFO - Sync 1 DAGs
[2023-11-14T21:39:59.297+0000] {logging_mixin.py:154} INFO - [2023-11-14T21:39:59.297+0000] {dag.py:3722} INFO - Setting next_dagrun for example_setup_teardown_taskflow to 2023-11-13T21:39:59.297324+00:00, run_after=2023-11-14T21:39:59.297324+00:00
[2023-11-14T21:39:59.334+0000] {processor.py:179} INFO - Processing /home/airflow/.local/lib/python3.8/site-packages/airflow/example_dags/example_setup_teardown_taskflow.py took 0.118 seconds
[2023-11-14T21:40:29.648+0000] {processor.py:157} INFO - Started process (PID=758) to work on /home/airflow/.local/lib/python3.8/site-packages/airflow/example_dags/example_setup_teardown_taskflow.py
[2023-11-14T21:40:29.649+0000] {processor.py:829} INFO - Processing file /home/airflow/.local/lib/python3.8/site-packages/airflow/example_dags/example_setup_teardown_taskflow.py for tasks to queue
[2023-11-14T21:40:29.652+0000] {logging_mixin.py:154} INFO - [2023-11-14T21:40:29.652+0000] {dagbag.py:536} INFO - Filling up the DagBag from /home/airflow/.local/lib/python3.8/site-packages/airflow/example_dags/example_setup_teardown_taskflow.py
[2023-11-14T21:40:29.666+0000] {processor.py:839} INFO - DAG(s) dict_keys(['example_setup_teardown_taskflow']) retrieved from /home/airflow/.local/lib/python3.8/site-packages/airflow/example_dags/example_setup_teardown_taskflow.py
[2023-11-14T21:40:29.692+0000] {logging_mixin.py:154} INFO - [2023-11-14T21:40:29.692+0000] {dag.py:2941} INFO - Sync 1 DAGs
[2023-11-14T21:40:29.720+0000] {logging_mixin.py:154} INFO - [2023-11-14T21:40:29.720+0000] {dag.py:3722} INFO - Setting next_dagrun for example_setup_teardown_taskflow to 2023-11-13T21:40:29.719797+00:00, run_after=2023-11-14T21:40:29.719797+00:00
[2023-11-14T21:40:29.765+0000] {processor.py:179} INFO - Processing /home/airflow/.local/lib/python3.8/site-packages/airflow/example_dags/example_setup_teardown_taskflow.py took 0.121 seconds
[2023-11-14T21:41:00.068+0000] {processor.py:157} INFO - Started process (PID=813) to work on /home/airflow/.local/lib/python3.8/site-packages/airflow/example_dags/example_setup_teardown_taskflow.py
[2023-11-14T21:41:00.070+0000] {processor.py:829} INFO - Processing file /home/airflow/.local/lib/python3.8/site-packages/airflow/example_dags/example_setup_teardown_taskflow.py for tasks to queue
[2023-11-14T21:41:00.073+0000] {logging_mixin.py:154} INFO - [2023-11-14T21:41:00.072+0000] {dagbag.py:536} INFO - Filling up the DagBag from /home/airflow/.local/lib/python3.8/site-packages/airflow/example_dags/example_setup_teardown_taskflow.py
[2023-11-14T21:41:00.088+0000] {processor.py:839} INFO - DAG(s) dict_keys(['example_setup_teardown_taskflow']) retrieved from /home/airflow/.local/lib/python3.8/site-packages/airflow/example_dags/example_setup_teardown_taskflow.py
[2023-11-14T21:41:00.119+0000] {logging_mixin.py:154} INFO - [2023-11-14T21:41:00.119+0000] {dag.py:2941} INFO - Sync 1 DAGs
[2023-11-14T21:41:00.156+0000] {logging_mixin.py:154} INFO - [2023-11-14T21:41:00.155+0000] {dag.py:3722} INFO - Setting next_dagrun for example_setup_teardown_taskflow to 2023-11-13T21:41:00.155337+00:00, run_after=2023-11-14T21:41:00.155337+00:00
[2023-11-14T21:41:00.196+0000] {processor.py:179} INFO - Processing /home/airflow/.local/lib/python3.8/site-packages/airflow/example_dags/example_setup_teardown_taskflow.py took 0.133 seconds
[2023-11-14T21:41:31.188+0000] {processor.py:157} INFO - Started process (PID=867) to work on /home/airflow/.local/lib/python3.8/site-packages/airflow/example_dags/example_setup_teardown_taskflow.py
[2023-11-14T21:41:31.192+0000] {processor.py:829} INFO - Processing file /home/airflow/.local/lib/python3.8/site-packages/airflow/example_dags/example_setup_teardown_taskflow.py for tasks to queue
[2023-11-14T21:41:31.202+0000] {logging_mixin.py:154} INFO - [2023-11-14T21:41:31.201+0000] {dagbag.py:536} INFO - Filling up the DagBag from /home/airflow/.local/lib/python3.8/site-packages/airflow/example_dags/example_setup_teardown_taskflow.py
[2023-11-14T21:41:31.227+0000] {processor.py:839} INFO - DAG(s) dict_keys(['example_setup_teardown_taskflow']) retrieved from /home/airflow/.local/lib/python3.8/site-packages/airflow/example_dags/example_setup_teardown_taskflow.py
[2023-11-14T21:41:31.257+0000] {logging_mixin.py:154} INFO - [2023-11-14T21:41:31.257+0000] {dag.py:2941} INFO - Sync 1 DAGs
[2023-11-14T21:41:31.284+0000] {logging_mixin.py:154} INFO - [2023-11-14T21:41:31.284+0000] {dag.py:3722} INFO - Setting next_dagrun for example_setup_teardown_taskflow to 2023-11-13T21:41:31.283598+00:00, run_after=2023-11-14T21:41:31.283598+00:00
[2023-11-14T21:41:31.308+0000] {processor.py:179} INFO - Processing /home/airflow/.local/lib/python3.8/site-packages/airflow/example_dags/example_setup_teardown_taskflow.py took 0.139 seconds
[2023-11-14T21:42:01.909+0000] {processor.py:157} INFO - Started process (PID=921) to work on /home/airflow/.local/lib/python3.8/site-packages/airflow/example_dags/example_setup_teardown_taskflow.py
[2023-11-14T21:42:01.914+0000] {processor.py:829} INFO - Processing file /home/airflow/.local/lib/python3.8/site-packages/airflow/example_dags/example_setup_teardown_taskflow.py for tasks to queue
[2023-11-14T21:42:01.917+0000] {logging_mixin.py:154} INFO - [2023-11-14T21:42:01.916+0000] {dagbag.py:536} INFO - Filling up the DagBag from /home/airflow/.local/lib/python3.8/site-packages/airflow/example_dags/example_setup_teardown_taskflow.py
[2023-11-14T21:42:01.929+0000] {processor.py:839} INFO - DAG(s) dict_keys(['example_setup_teardown_taskflow']) retrieved from /home/airflow/.local/lib/python3.8/site-packages/airflow/example_dags/example_setup_teardown_taskflow.py
[2023-11-14T21:42:01.958+0000] {logging_mixin.py:154} INFO - [2023-11-14T21:42:01.958+0000] {dag.py:2941} INFO - Sync 1 DAGs
[2023-11-14T21:42:01.984+0000] {logging_mixin.py:154} INFO - [2023-11-14T21:42:01.984+0000] {dag.py:3722} INFO - Setting next_dagrun for example_setup_teardown_taskflow to 2023-11-13T21:42:01.984336+00:00, run_after=2023-11-14T21:42:01.984336+00:00
[2023-11-14T21:42:02.033+0000] {processor.py:179} INFO - Processing /home/airflow/.local/lib/python3.8/site-packages/airflow/example_dags/example_setup_teardown_taskflow.py took 0.128 seconds
[2023-11-14T21:42:32.100+0000] {processor.py:157} INFO - Started process (PID=975) to work on /home/airflow/.local/lib/python3.8/site-packages/airflow/example_dags/example_setup_teardown_taskflow.py
[2023-11-14T21:42:32.101+0000] {processor.py:829} INFO - Processing file /home/airflow/.local/lib/python3.8/site-packages/airflow/example_dags/example_setup_teardown_taskflow.py for tasks to queue
[2023-11-14T21:42:32.104+0000] {logging_mixin.py:154} INFO - [2023-11-14T21:42:32.104+0000] {dagbag.py:536} INFO - Filling up the DagBag from /home/airflow/.local/lib/python3.8/site-packages/airflow/example_dags/example_setup_teardown_taskflow.py
[2023-11-14T21:42:32.119+0000] {processor.py:839} INFO - DAG(s) dict_keys(['example_setup_teardown_taskflow']) retrieved from /home/airflow/.local/lib/python3.8/site-packages/airflow/example_dags/example_setup_teardown_taskflow.py
[2023-11-14T21:42:32.149+0000] {logging_mixin.py:154} INFO - [2023-11-14T21:42:32.148+0000] {dag.py:2941} INFO - Sync 1 DAGs
[2023-11-14T21:42:32.180+0000] {logging_mixin.py:154} INFO - [2023-11-14T21:42:32.180+0000] {dag.py:3722} INFO - Setting next_dagrun for example_setup_teardown_taskflow to 2023-11-13T21:42:32.180166+00:00, run_after=2023-11-14T21:42:32.180166+00:00
[2023-11-14T21:42:32.204+0000] {processor.py:179} INFO - Processing /home/airflow/.local/lib/python3.8/site-packages/airflow/example_dags/example_setup_teardown_taskflow.py took 0.113 seconds
[2023-11-14T21:43:02.352+0000] {processor.py:157} INFO - Started process (PID=1030) to work on /home/airflow/.local/lib/python3.8/site-packages/airflow/example_dags/example_setup_teardown_taskflow.py
[2023-11-14T21:43:02.354+0000] {processor.py:829} INFO - Processing file /home/airflow/.local/lib/python3.8/site-packages/airflow/example_dags/example_setup_teardown_taskflow.py for tasks to queue
[2023-11-14T21:43:02.359+0000] {logging_mixin.py:154} INFO - [2023-11-14T21:43:02.358+0000] {dagbag.py:536} INFO - Filling up the DagBag from /home/airflow/.local/lib/python3.8/site-packages/airflow/example_dags/example_setup_teardown_taskflow.py
[2023-11-14T21:43:02.378+0000] {processor.py:839} INFO - DAG(s) dict_keys(['example_setup_teardown_taskflow']) retrieved from /home/airflow/.local/lib/python3.8/site-packages/airflow/example_dags/example_setup_teardown_taskflow.py
[2023-11-14T21:43:02.418+0000] {logging_mixin.py:154} INFO - [2023-11-14T21:43:02.418+0000] {dag.py:2941} INFO - Sync 1 DAGs
[2023-11-14T21:43:02.459+0000] {logging_mixin.py:154} INFO - [2023-11-14T21:43:02.459+0000] {dag.py:3722} INFO - Setting next_dagrun for example_setup_teardown_taskflow to 2023-11-13T21:43:02.458638+00:00, run_after=2023-11-14T21:43:02.458638+00:00
[2023-11-14T21:43:02.498+0000] {processor.py:179} INFO - Processing /home/airflow/.local/lib/python3.8/site-packages/airflow/example_dags/example_setup_teardown_taskflow.py took 0.152 seconds
[2023-11-14T21:43:33.332+0000] {processor.py:157} INFO - Started process (PID=1084) to work on /home/airflow/.local/lib/python3.8/site-packages/airflow/example_dags/example_setup_teardown_taskflow.py
[2023-11-14T21:43:33.334+0000] {processor.py:829} INFO - Processing file /home/airflow/.local/lib/python3.8/site-packages/airflow/example_dags/example_setup_teardown_taskflow.py for tasks to queue
[2023-11-14T21:43:33.338+0000] {logging_mixin.py:154} INFO - [2023-11-14T21:43:33.338+0000] {dagbag.py:536} INFO - Filling up the DagBag from /home/airflow/.local/lib/python3.8/site-packages/airflow/example_dags/example_setup_teardown_taskflow.py
[2023-11-14T21:43:33.358+0000] {processor.py:839} INFO - DAG(s) dict_keys(['example_setup_teardown_taskflow']) retrieved from /home/airflow/.local/lib/python3.8/site-packages/airflow/example_dags/example_setup_teardown_taskflow.py
[2023-11-14T21:43:33.395+0000] {logging_mixin.py:154} INFO - [2023-11-14T21:43:33.395+0000] {dag.py:2941} INFO - Sync 1 DAGs
[2023-11-14T21:43:33.426+0000] {logging_mixin.py:154} INFO - [2023-11-14T21:43:33.426+0000] {dag.py:3722} INFO - Setting next_dagrun for example_setup_teardown_taskflow to 2023-11-13T21:43:33.426164+00:00, run_after=2023-11-14T21:43:33.426164+00:00
[2023-11-14T21:43:33.456+0000] {processor.py:179} INFO - Processing /home/airflow/.local/lib/python3.8/site-packages/airflow/example_dags/example_setup_teardown_taskflow.py took 0.132 seconds
[2023-11-14T21:44:03.883+0000] {processor.py:157} INFO - Started process (PID=1138) to work on /home/airflow/.local/lib/python3.8/site-packages/airflow/example_dags/example_setup_teardown_taskflow.py
[2023-11-14T21:44:03.887+0000] {processor.py:829} INFO - Processing file /home/airflow/.local/lib/python3.8/site-packages/airflow/example_dags/example_setup_teardown_taskflow.py for tasks to queue
[2023-11-14T21:44:03.895+0000] {logging_mixin.py:154} INFO - [2023-11-14T21:44:03.894+0000] {dagbag.py:536} INFO - Filling up the DagBag from /home/airflow/.local/lib/python3.8/site-packages/airflow/example_dags/example_setup_teardown_taskflow.py
[2023-11-14T21:44:03.924+0000] {processor.py:839} INFO - DAG(s) dict_keys(['example_setup_teardown_taskflow']) retrieved from /home/airflow/.local/lib/python3.8/site-packages/airflow/example_dags/example_setup_teardown_taskflow.py
[2023-11-14T21:44:03.964+0000] {logging_mixin.py:154} INFO - [2023-11-14T21:44:03.964+0000] {dag.py:2941} INFO - Sync 1 DAGs
[2023-11-14T21:44:03.997+0000] {logging_mixin.py:154} INFO - [2023-11-14T21:44:03.996+0000] {dag.py:3722} INFO - Setting next_dagrun for example_setup_teardown_taskflow to 2023-11-13T21:44:03.996340+00:00, run_after=2023-11-14T21:44:03.996340+00:00
[2023-11-14T21:44:04.040+0000] {processor.py:179} INFO - Processing /home/airflow/.local/lib/python3.8/site-packages/airflow/example_dags/example_setup_teardown_taskflow.py took 0.176 seconds
[2023-11-14T21:44:35.004+0000] {processor.py:157} INFO - Started process (PID=1192) to work on /home/airflow/.local/lib/python3.8/site-packages/airflow/example_dags/example_setup_teardown_taskflow.py
[2023-11-14T21:44:35.006+0000] {processor.py:829} INFO - Processing file /home/airflow/.local/lib/python3.8/site-packages/airflow/example_dags/example_setup_teardown_taskflow.py for tasks to queue
[2023-11-14T21:44:35.010+0000] {logging_mixin.py:154} INFO - [2023-11-14T21:44:35.009+0000] {dagbag.py:536} INFO - Filling up the DagBag from /home/airflow/.local/lib/python3.8/site-packages/airflow/example_dags/example_setup_teardown_taskflow.py
[2023-11-14T21:44:35.022+0000] {processor.py:839} INFO - DAG(s) dict_keys(['example_setup_teardown_taskflow']) retrieved from /home/airflow/.local/lib/python3.8/site-packages/airflow/example_dags/example_setup_teardown_taskflow.py
[2023-11-14T21:44:35.050+0000] {logging_mixin.py:154} INFO - [2023-11-14T21:44:35.049+0000] {dag.py:2941} INFO - Sync 1 DAGs
[2023-11-14T21:44:35.074+0000] {logging_mixin.py:154} INFO - [2023-11-14T21:44:35.074+0000] {dag.py:3722} INFO - Setting next_dagrun for example_setup_teardown_taskflow to 2023-11-13T21:44:35.074278+00:00, run_after=2023-11-14T21:44:35.074278+00:00
[2023-11-14T21:44:35.118+0000] {processor.py:179} INFO - Processing /home/airflow/.local/lib/python3.8/site-packages/airflow/example_dags/example_setup_teardown_taskflow.py took 0.121 seconds
[2023-11-14T21:45:05.811+0000] {processor.py:157} INFO - Started process (PID=1246) to work on /home/airflow/.local/lib/python3.8/site-packages/airflow/example_dags/example_setup_teardown_taskflow.py
[2023-11-14T21:45:05.816+0000] {processor.py:829} INFO - Processing file /home/airflow/.local/lib/python3.8/site-packages/airflow/example_dags/example_setup_teardown_taskflow.py for tasks to queue
[2023-11-14T21:45:05.818+0000] {logging_mixin.py:154} INFO - [2023-11-14T21:45:05.818+0000] {dagbag.py:536} INFO - Filling up the DagBag from /home/airflow/.local/lib/python3.8/site-packages/airflow/example_dags/example_setup_teardown_taskflow.py
[2023-11-14T21:45:05.833+0000] {processor.py:839} INFO - DAG(s) dict_keys(['example_setup_teardown_taskflow']) retrieved from /home/airflow/.local/lib/python3.8/site-packages/airflow/example_dags/example_setup_teardown_taskflow.py
[2023-11-14T21:45:05.866+0000] {logging_mixin.py:154} INFO - [2023-11-14T21:45:05.866+0000] {dag.py:2941} INFO - Sync 1 DAGs
[2023-11-14T21:45:05.905+0000] {logging_mixin.py:154} INFO - [2023-11-14T21:45:05.905+0000] {dag.py:3722} INFO - Setting next_dagrun for example_setup_teardown_taskflow to 2023-11-13T21:45:05.904806+00:00, run_after=2023-11-14T21:45:05.904806+00:00
[2023-11-14T21:45:06.159+0000] {processor.py:179} INFO - Processing /home/airflow/.local/lib/python3.8/site-packages/airflow/example_dags/example_setup_teardown_taskflow.py took 0.353 seconds
[2023-11-14T21:45:36.234+0000] {processor.py:157} INFO - Started process (PID=1300) to work on /home/airflow/.local/lib/python3.8/site-packages/airflow/example_dags/example_setup_teardown_taskflow.py
[2023-11-14T21:45:36.235+0000] {processor.py:829} INFO - Processing file /home/airflow/.local/lib/python3.8/site-packages/airflow/example_dags/example_setup_teardown_taskflow.py for tasks to queue
[2023-11-14T21:45:36.238+0000] {logging_mixin.py:154} INFO - [2023-11-14T21:45:36.237+0000] {dagbag.py:536} INFO - Filling up the DagBag from /home/airflow/.local/lib/python3.8/site-packages/airflow/example_dags/example_setup_teardown_taskflow.py
[2023-11-14T21:45:36.251+0000] {processor.py:839} INFO - DAG(s) dict_keys(['example_setup_teardown_taskflow']) retrieved from /home/airflow/.local/lib/python3.8/site-packages/airflow/example_dags/example_setup_teardown_taskflow.py
[2023-11-14T21:45:36.283+0000] {logging_mixin.py:154} INFO - [2023-11-14T21:45:36.282+0000] {dag.py:2941} INFO - Sync 1 DAGs
[2023-11-14T21:45:36.312+0000] {logging_mixin.py:154} INFO - [2023-11-14T21:45:36.311+0000] {dag.py:3722} INFO - Setting next_dagrun for example_setup_teardown_taskflow to 2023-11-13T21:45:36.311448+00:00, run_after=2023-11-14T21:45:36.311448+00:00
[2023-11-14T21:45:36.340+0000] {processor.py:179} INFO - Processing /home/airflow/.local/lib/python3.8/site-packages/airflow/example_dags/example_setup_teardown_taskflow.py took 0.110 seconds
[2023-11-14T21:46:07.325+0000] {processor.py:157} INFO - Started process (PID=1361) to work on /home/airflow/.local/lib/python3.8/site-packages/airflow/example_dags/example_setup_teardown_taskflow.py
[2023-11-14T21:46:07.327+0000] {processor.py:829} INFO - Processing file /home/airflow/.local/lib/python3.8/site-packages/airflow/example_dags/example_setup_teardown_taskflow.py for tasks to queue
[2023-11-14T21:46:07.332+0000] {logging_mixin.py:154} INFO - [2023-11-14T21:46:07.331+0000] {dagbag.py:536} INFO - Filling up the DagBag from /home/airflow/.local/lib/python3.8/site-packages/airflow/example_dags/example_setup_teardown_taskflow.py
[2023-11-14T21:46:07.350+0000] {processor.py:839} INFO - DAG(s) dict_keys(['example_setup_teardown_taskflow']) retrieved from /home/airflow/.local/lib/python3.8/site-packages/airflow/example_dags/example_setup_teardown_taskflow.py
[2023-11-14T21:46:07.387+0000] {logging_mixin.py:154} INFO - [2023-11-14T21:46:07.386+0000] {dag.py:2941} INFO - Sync 1 DAGs
[2023-11-14T21:46:07.413+0000] {logging_mixin.py:154} INFO - [2023-11-14T21:46:07.413+0000] {dag.py:3722} INFO - Setting next_dagrun for example_setup_teardown_taskflow to 2023-11-13T21:46:07.412989+00:00, run_after=2023-11-14T21:46:07.412989+00:00
[2023-11-14T21:46:07.450+0000] {processor.py:179} INFO - Processing /home/airflow/.local/lib/python3.8/site-packages/airflow/example_dags/example_setup_teardown_taskflow.py took 0.130 seconds
[2023-11-14T21:46:37.556+0000] {processor.py:157} INFO - Started process (PID=1414) to work on /home/airflow/.local/lib/python3.8/site-packages/airflow/example_dags/example_setup_teardown_taskflow.py
[2023-11-14T21:46:37.558+0000] {processor.py:829} INFO - Processing file /home/airflow/.local/lib/python3.8/site-packages/airflow/example_dags/example_setup_teardown_taskflow.py for tasks to queue
[2023-11-14T21:46:37.565+0000] {logging_mixin.py:154} INFO - [2023-11-14T21:46:37.564+0000] {dagbag.py:536} INFO - Filling up the DagBag from /home/airflow/.local/lib/python3.8/site-packages/airflow/example_dags/example_setup_teardown_taskflow.py
[2023-11-14T21:46:37.586+0000] {processor.py:839} INFO - DAG(s) dict_keys(['example_setup_teardown_taskflow']) retrieved from /home/airflow/.local/lib/python3.8/site-packages/airflow/example_dags/example_setup_teardown_taskflow.py
[2023-11-14T21:46:37.625+0000] {logging_mixin.py:154} INFO - [2023-11-14T21:46:37.625+0000] {dag.py:2941} INFO - Sync 1 DAGs
[2023-11-14T21:46:37.658+0000] {logging_mixin.py:154} INFO - [2023-11-14T21:46:37.658+0000] {dag.py:3722} INFO - Setting next_dagrun for example_setup_teardown_taskflow to 2023-11-13T21:46:37.657861+00:00, run_after=2023-11-14T21:46:37.657861+00:00
[2023-11-14T21:46:37.873+0000] {processor.py:179} INFO - Processing /home/airflow/.local/lib/python3.8/site-packages/airflow/example_dags/example_setup_teardown_taskflow.py took 0.330 seconds
[2023-11-14T21:47:08.322+0000] {processor.py:157} INFO - Started process (PID=1469) to work on /home/airflow/.local/lib/python3.8/site-packages/airflow/example_dags/example_setup_teardown_taskflow.py
[2023-11-14T21:47:08.326+0000] {processor.py:829} INFO - Processing file /home/airflow/.local/lib/python3.8/site-packages/airflow/example_dags/example_setup_teardown_taskflow.py for tasks to queue
[2023-11-14T21:47:08.329+0000] {logging_mixin.py:154} INFO - [2023-11-14T21:47:08.328+0000] {dagbag.py:536} INFO - Filling up the DagBag from /home/airflow/.local/lib/python3.8/site-packages/airflow/example_dags/example_setup_teardown_taskflow.py
[2023-11-14T21:47:08.342+0000] {processor.py:839} INFO - DAG(s) dict_keys(['example_setup_teardown_taskflow']) retrieved from /home/airflow/.local/lib/python3.8/site-packages/airflow/example_dags/example_setup_teardown_taskflow.py
[2023-11-14T21:47:08.371+0000] {logging_mixin.py:154} INFO - [2023-11-14T21:47:08.371+0000] {dag.py:2941} INFO - Sync 1 DAGs
[2023-11-14T21:47:08.398+0000] {logging_mixin.py:154} INFO - [2023-11-14T21:47:08.398+0000] {dag.py:3722} INFO - Setting next_dagrun for example_setup_teardown_taskflow to 2023-11-13T21:47:08.397770+00:00, run_after=2023-11-14T21:47:08.397770+00:00
[2023-11-14T21:47:08.422+0000] {processor.py:179} INFO - Processing /home/airflow/.local/lib/python3.8/site-packages/airflow/example_dags/example_setup_teardown_taskflow.py took 0.105 seconds
[2023-11-14T21:47:39.134+0000] {processor.py:157} INFO - Started process (PID=1523) to work on /home/airflow/.local/lib/python3.8/site-packages/airflow/example_dags/example_setup_teardown_taskflow.py
[2023-11-14T21:47:39.138+0000] {processor.py:829} INFO - Processing file /home/airflow/.local/lib/python3.8/site-packages/airflow/example_dags/example_setup_teardown_taskflow.py for tasks to queue
[2023-11-14T21:47:39.140+0000] {logging_mixin.py:154} INFO - [2023-11-14T21:47:39.140+0000] {dagbag.py:536} INFO - Filling up the DagBag from /home/airflow/.local/lib/python3.8/site-packages/airflow/example_dags/example_setup_teardown_taskflow.py
[2023-11-14T21:47:39.154+0000] {processor.py:839} INFO - DAG(s) dict_keys(['example_setup_teardown_taskflow']) retrieved from /home/airflow/.local/lib/python3.8/site-packages/airflow/example_dags/example_setup_teardown_taskflow.py
[2023-11-14T21:47:39.187+0000] {logging_mixin.py:154} INFO - [2023-11-14T21:47:39.187+0000] {dag.py:2941} INFO - Sync 1 DAGs
[2023-11-14T21:47:39.384+0000] {logging_mixin.py:154} INFO - [2023-11-14T21:47:39.384+0000] {dag.py:3722} INFO - Setting next_dagrun for example_setup_teardown_taskflow to 2023-11-13T21:47:39.384159+00:00, run_after=2023-11-14T21:47:39.384159+00:00
[2023-11-14T21:47:39.418+0000] {processor.py:179} INFO - Processing /home/airflow/.local/lib/python3.8/site-packages/airflow/example_dags/example_setup_teardown_taskflow.py took 0.289 seconds
[2023-11-14T21:48:09.626+0000] {processor.py:157} INFO - Started process (PID=1578) to work on /home/airflow/.local/lib/python3.8/site-packages/airflow/example_dags/example_setup_teardown_taskflow.py
[2023-11-14T21:48:09.628+0000] {processor.py:829} INFO - Processing file /home/airflow/.local/lib/python3.8/site-packages/airflow/example_dags/example_setup_teardown_taskflow.py for tasks to queue
[2023-11-14T21:48:09.632+0000] {logging_mixin.py:154} INFO - [2023-11-14T21:48:09.631+0000] {dagbag.py:536} INFO - Filling up the DagBag from /home/airflow/.local/lib/python3.8/site-packages/airflow/example_dags/example_setup_teardown_taskflow.py
[2023-11-14T21:48:09.648+0000] {processor.py:839} INFO - DAG(s) dict_keys(['example_setup_teardown_taskflow']) retrieved from /home/airflow/.local/lib/python3.8/site-packages/airflow/example_dags/example_setup_teardown_taskflow.py
[2023-11-14T21:48:09.675+0000] {logging_mixin.py:154} INFO - [2023-11-14T21:48:09.675+0000] {dag.py:2941} INFO - Sync 1 DAGs
[2023-11-14T21:48:09.702+0000] {logging_mixin.py:154} INFO - [2023-11-14T21:48:09.702+0000] {dag.py:3722} INFO - Setting next_dagrun for example_setup_teardown_taskflow to 2023-11-13T21:48:09.702138+00:00, run_after=2023-11-14T21:48:09.702138+00:00
[2023-11-14T21:48:09.885+0000] {processor.py:179} INFO - Processing /home/airflow/.local/lib/python3.8/site-packages/airflow/example_dags/example_setup_teardown_taskflow.py took 0.267 seconds
[2023-11-14T21:48:40.725+0000] {processor.py:157} INFO - Started process (PID=1632) to work on /home/airflow/.local/lib/python3.8/site-packages/airflow/example_dags/example_setup_teardown_taskflow.py
[2023-11-14T21:48:40.727+0000] {processor.py:829} INFO - Processing file /home/airflow/.local/lib/python3.8/site-packages/airflow/example_dags/example_setup_teardown_taskflow.py for tasks to queue
[2023-11-14T21:48:40.730+0000] {logging_mixin.py:154} INFO - [2023-11-14T21:48:40.730+0000] {dagbag.py:536} INFO - Filling up the DagBag from /home/airflow/.local/lib/python3.8/site-packages/airflow/example_dags/example_setup_teardown_taskflow.py
[2023-11-14T21:48:40.748+0000] {processor.py:839} INFO - DAG(s) dict_keys(['example_setup_teardown_taskflow']) retrieved from /home/airflow/.local/lib/python3.8/site-packages/airflow/example_dags/example_setup_teardown_taskflow.py
[2023-11-14T21:48:40.778+0000] {logging_mixin.py:154} INFO - [2023-11-14T21:48:40.778+0000] {dag.py:2941} INFO - Sync 1 DAGs
[2023-11-14T21:48:40.812+0000] {logging_mixin.py:154} INFO - [2023-11-14T21:48:40.812+0000] {dag.py:3722} INFO - Setting next_dagrun for example_setup_teardown_taskflow to 2023-11-13T21:48:40.811783+00:00, run_after=2023-11-14T21:48:40.811783+00:00
[2023-11-14T21:48:40.842+0000] {processor.py:179} INFO - Processing /home/airflow/.local/lib/python3.8/site-packages/airflow/example_dags/example_setup_teardown_taskflow.py took 0.124 seconds
[2023-11-14T21:49:11.470+0000] {processor.py:157} INFO - Started process (PID=1686) to work on /home/airflow/.local/lib/python3.8/site-packages/airflow/example_dags/example_setup_teardown_taskflow.py
[2023-11-14T21:49:11.475+0000] {processor.py:829} INFO - Processing file /home/airflow/.local/lib/python3.8/site-packages/airflow/example_dags/example_setup_teardown_taskflow.py for tasks to queue
[2023-11-14T21:49:11.477+0000] {logging_mixin.py:154} INFO - [2023-11-14T21:49:11.477+0000] {dagbag.py:536} INFO - Filling up the DagBag from /home/airflow/.local/lib/python3.8/site-packages/airflow/example_dags/example_setup_teardown_taskflow.py
[2023-11-14T21:49:11.489+0000] {processor.py:839} INFO - DAG(s) dict_keys(['example_setup_teardown_taskflow']) retrieved from /home/airflow/.local/lib/python3.8/site-packages/airflow/example_dags/example_setup_teardown_taskflow.py
[2023-11-14T21:49:11.520+0000] {logging_mixin.py:154} INFO - [2023-11-14T21:49:11.520+0000] {dag.py:2941} INFO - Sync 1 DAGs
[2023-11-14T21:49:11.700+0000] {logging_mixin.py:154} INFO - [2023-11-14T21:49:11.700+0000] {dag.py:3722} INFO - Setting next_dagrun for example_setup_teardown_taskflow to 2023-11-13T21:49:11.699855+00:00, run_after=2023-11-14T21:49:11.699855+00:00
[2023-11-14T21:49:11.737+0000] {processor.py:179} INFO - Processing /home/airflow/.local/lib/python3.8/site-packages/airflow/example_dags/example_setup_teardown_taskflow.py took 0.273 seconds
[2023-11-14T21:49:41.785+0000] {processor.py:157} INFO - Started process (PID=1740) to work on /home/airflow/.local/lib/python3.8/site-packages/airflow/example_dags/example_setup_teardown_taskflow.py
[2023-11-14T21:49:41.786+0000] {processor.py:829} INFO - Processing file /home/airflow/.local/lib/python3.8/site-packages/airflow/example_dags/example_setup_teardown_taskflow.py for tasks to queue
[2023-11-14T21:49:41.789+0000] {logging_mixin.py:154} INFO - [2023-11-14T21:49:41.788+0000] {dagbag.py:536} INFO - Filling up the DagBag from /home/airflow/.local/lib/python3.8/site-packages/airflow/example_dags/example_setup_teardown_taskflow.py
[2023-11-14T21:49:41.801+0000] {processor.py:839} INFO - DAG(s) dict_keys(['example_setup_teardown_taskflow']) retrieved from /home/airflow/.local/lib/python3.8/site-packages/airflow/example_dags/example_setup_teardown_taskflow.py
[2023-11-14T21:49:41.828+0000] {logging_mixin.py:154} INFO - [2023-11-14T21:49:41.828+0000] {dag.py:2941} INFO - Sync 1 DAGs
[2023-11-14T21:49:41.854+0000] {logging_mixin.py:154} INFO - [2023-11-14T21:49:41.854+0000] {dag.py:3722} INFO - Setting next_dagrun for example_setup_teardown_taskflow to 2023-11-13T21:49:41.854088+00:00, run_after=2023-11-14T21:49:41.854088+00:00
[2023-11-14T21:49:41.898+0000] {processor.py:179} INFO - Processing /home/airflow/.local/lib/python3.8/site-packages/airflow/example_dags/example_setup_teardown_taskflow.py took 0.117 seconds
[2023-11-14T21:50:12.575+0000] {processor.py:157} INFO - Started process (PID=1794) to work on /home/airflow/.local/lib/python3.8/site-packages/airflow/example_dags/example_setup_teardown_taskflow.py
[2023-11-14T21:50:12.579+0000] {processor.py:829} INFO - Processing file /home/airflow/.local/lib/python3.8/site-packages/airflow/example_dags/example_setup_teardown_taskflow.py for tasks to queue
[2023-11-14T21:50:12.581+0000] {logging_mixin.py:154} INFO - [2023-11-14T21:50:12.581+0000] {dagbag.py:536} INFO - Filling up the DagBag from /home/airflow/.local/lib/python3.8/site-packages/airflow/example_dags/example_setup_teardown_taskflow.py
[2023-11-14T21:50:12.594+0000] {processor.py:839} INFO - DAG(s) dict_keys(['example_setup_teardown_taskflow']) retrieved from /home/airflow/.local/lib/python3.8/site-packages/airflow/example_dags/example_setup_teardown_taskflow.py
[2023-11-14T21:50:12.622+0000] {logging_mixin.py:154} INFO - [2023-11-14T21:50:12.621+0000] {dag.py:2941} INFO - Sync 1 DAGs
[2023-11-14T21:50:12.648+0000] {logging_mixin.py:154} INFO - [2023-11-14T21:50:12.648+0000] {dag.py:3722} INFO - Setting next_dagrun for example_setup_teardown_taskflow to 2023-11-13T21:50:12.647814+00:00, run_after=2023-11-14T21:50:12.647814+00:00
[2023-11-14T21:50:12.686+0000] {processor.py:179} INFO - Processing /home/airflow/.local/lib/python3.8/site-packages/airflow/example_dags/example_setup_teardown_taskflow.py took 0.115 seconds
[2023-11-14T21:50:42.776+0000] {processor.py:157} INFO - Started process (PID=1848) to work on /home/airflow/.local/lib/python3.8/site-packages/airflow/example_dags/example_setup_teardown_taskflow.py
[2023-11-14T21:50:42.777+0000] {processor.py:829} INFO - Processing file /home/airflow/.local/lib/python3.8/site-packages/airflow/example_dags/example_setup_teardown_taskflow.py for tasks to queue
[2023-11-14T21:50:42.780+0000] {logging_mixin.py:154} INFO - [2023-11-14T21:50:42.779+0000] {dagbag.py:536} INFO - Filling up the DagBag from /home/airflow/.local/lib/python3.8/site-packages/airflow/example_dags/example_setup_teardown_taskflow.py
[2023-11-14T21:50:42.797+0000] {processor.py:839} INFO - DAG(s) dict_keys(['example_setup_teardown_taskflow']) retrieved from /home/airflow/.local/lib/python3.8/site-packages/airflow/example_dags/example_setup_teardown_taskflow.py
[2023-11-14T21:50:42.832+0000] {logging_mixin.py:154} INFO - [2023-11-14T21:50:42.831+0000] {dag.py:2941} INFO - Sync 1 DAGs
[2023-11-14T21:50:42.868+0000] {logging_mixin.py:154} INFO - [2023-11-14T21:50:42.868+0000] {dag.py:3722} INFO - Setting next_dagrun for example_setup_teardown_taskflow to 2023-11-13T21:50:42.867996+00:00, run_after=2023-11-14T21:50:42.867996+00:00
[2023-11-14T21:50:42.907+0000] {processor.py:179} INFO - Processing /home/airflow/.local/lib/python3.8/site-packages/airflow/example_dags/example_setup_teardown_taskflow.py took 0.138 seconds
[2023-11-14T21:51:13.173+0000] {processor.py:157} INFO - Started process (PID=1902) to work on /home/airflow/.local/lib/python3.8/site-packages/airflow/example_dags/example_setup_teardown_taskflow.py
[2023-11-14T21:51:13.175+0000] {processor.py:829} INFO - Processing file /home/airflow/.local/lib/python3.8/site-packages/airflow/example_dags/example_setup_teardown_taskflow.py for tasks to queue
[2023-11-14T21:51:13.179+0000] {logging_mixin.py:154} INFO - [2023-11-14T21:51:13.178+0000] {dagbag.py:536} INFO - Filling up the DagBag from /home/airflow/.local/lib/python3.8/site-packages/airflow/example_dags/example_setup_teardown_taskflow.py
[2023-11-14T21:51:13.194+0000] {processor.py:839} INFO - DAG(s) dict_keys(['example_setup_teardown_taskflow']) retrieved from /home/airflow/.local/lib/python3.8/site-packages/airflow/example_dags/example_setup_teardown_taskflow.py
[2023-11-14T21:51:13.222+0000] {logging_mixin.py:154} INFO - [2023-11-14T21:51:13.222+0000] {dag.py:2941} INFO - Sync 1 DAGs
[2023-11-14T21:51:13.253+0000] {logging_mixin.py:154} INFO - [2023-11-14T21:51:13.253+0000] {dag.py:3722} INFO - Setting next_dagrun for example_setup_teardown_taskflow to 2023-11-13T21:51:13.252759+00:00, run_after=2023-11-14T21:51:13.252759+00:00
[2023-11-14T21:51:13.280+0000] {processor.py:179} INFO - Processing /home/airflow/.local/lib/python3.8/site-packages/airflow/example_dags/example_setup_teardown_taskflow.py took 0.114 seconds
[2023-11-14T21:51:43.978+0000] {processor.py:157} INFO - Started process (PID=1956) to work on /home/airflow/.local/lib/python3.8/site-packages/airflow/example_dags/example_setup_teardown_taskflow.py
[2023-11-14T21:51:43.981+0000] {processor.py:829} INFO - Processing file /home/airflow/.local/lib/python3.8/site-packages/airflow/example_dags/example_setup_teardown_taskflow.py for tasks to queue
[2023-11-14T21:51:43.985+0000] {logging_mixin.py:154} INFO - [2023-11-14T21:51:43.985+0000] {dagbag.py:536} INFO - Filling up the DagBag from /home/airflow/.local/lib/python3.8/site-packages/airflow/example_dags/example_setup_teardown_taskflow.py
[2023-11-14T21:51:43.999+0000] {processor.py:839} INFO - DAG(s) dict_keys(['example_setup_teardown_taskflow']) retrieved from /home/airflow/.local/lib/python3.8/site-packages/airflow/example_dags/example_setup_teardown_taskflow.py
[2023-11-14T21:51:44.033+0000] {logging_mixin.py:154} INFO - [2023-11-14T21:51:44.033+0000] {dag.py:2941} INFO - Sync 1 DAGs
[2023-11-14T21:51:44.065+0000] {logging_mixin.py:154} INFO - [2023-11-14T21:51:44.065+0000] {dag.py:3722} INFO - Setting next_dagrun for example_setup_teardown_taskflow to 2023-11-13T21:51:44.064589+00:00, run_after=2023-11-14T21:51:44.064589+00:00
[2023-11-14T21:51:44.105+0000] {processor.py:179} INFO - Processing /home/airflow/.local/lib/python3.8/site-packages/airflow/example_dags/example_setup_teardown_taskflow.py took 0.132 seconds
[2023-11-14T21:52:14.536+0000] {processor.py:157} INFO - Started process (PID=2011) to work on /home/airflow/.local/lib/python3.8/site-packages/airflow/example_dags/example_setup_teardown_taskflow.py
[2023-11-14T21:52:14.538+0000] {processor.py:829} INFO - Processing file /home/airflow/.local/lib/python3.8/site-packages/airflow/example_dags/example_setup_teardown_taskflow.py for tasks to queue
[2023-11-14T21:52:14.544+0000] {logging_mixin.py:154} INFO - [2023-11-14T21:52:14.543+0000] {dagbag.py:536} INFO - Filling up the DagBag from /home/airflow/.local/lib/python3.8/site-packages/airflow/example_dags/example_setup_teardown_taskflow.py
[2023-11-14T21:52:14.559+0000] {processor.py:839} INFO - DAG(s) dict_keys(['example_setup_teardown_taskflow']) retrieved from /home/airflow/.local/lib/python3.8/site-packages/airflow/example_dags/example_setup_teardown_taskflow.py
[2023-11-14T21:52:14.588+0000] {logging_mixin.py:154} INFO - [2023-11-14T21:52:14.587+0000] {dag.py:2941} INFO - Sync 1 DAGs
[2023-11-14T21:52:14.616+0000] {logging_mixin.py:154} INFO - [2023-11-14T21:52:14.616+0000] {dag.py:3722} INFO - Setting next_dagrun for example_setup_teardown_taskflow to 2023-11-13T21:52:14.615912+00:00, run_after=2023-11-14T21:52:14.615912+00:00
[2023-11-14T21:52:14.662+0000] {processor.py:179} INFO - Processing /home/airflow/.local/lib/python3.8/site-packages/airflow/example_dags/example_setup_teardown_taskflow.py took 0.135 seconds
[2023-11-14T21:52:44.897+0000] {processor.py:157} INFO - Started process (PID=2065) to work on /home/airflow/.local/lib/python3.8/site-packages/airflow/example_dags/example_setup_teardown_taskflow.py
[2023-11-14T21:52:44.902+0000] {processor.py:829} INFO - Processing file /home/airflow/.local/lib/python3.8/site-packages/airflow/example_dags/example_setup_teardown_taskflow.py for tasks to queue
[2023-11-14T21:52:44.904+0000] {logging_mixin.py:154} INFO - [2023-11-14T21:52:44.904+0000] {dagbag.py:536} INFO - Filling up the DagBag from /home/airflow/.local/lib/python3.8/site-packages/airflow/example_dags/example_setup_teardown_taskflow.py
[2023-11-14T21:52:44.915+0000] {processor.py:839} INFO - DAG(s) dict_keys(['example_setup_teardown_taskflow']) retrieved from /home/airflow/.local/lib/python3.8/site-packages/airflow/example_dags/example_setup_teardown_taskflow.py
[2023-11-14T21:52:44.943+0000] {logging_mixin.py:154} INFO - [2023-11-14T21:52:44.943+0000] {dag.py:2941} INFO - Sync 1 DAGs
[2023-11-14T21:52:44.972+0000] {logging_mixin.py:154} INFO - [2023-11-14T21:52:44.972+0000] {dag.py:3722} INFO - Setting next_dagrun for example_setup_teardown_taskflow to 2023-11-13T21:52:44.972024+00:00, run_after=2023-11-14T21:52:44.972024+00:00
[2023-11-14T21:52:45.008+0000] {processor.py:179} INFO - Processing /home/airflow/.local/lib/python3.8/site-packages/airflow/example_dags/example_setup_teardown_taskflow.py took 0.115 seconds
[2023-11-14T21:53:15.570+0000] {processor.py:157} INFO - Started process (PID=2119) to work on /home/airflow/.local/lib/python3.8/site-packages/airflow/example_dags/example_setup_teardown_taskflow.py
[2023-11-14T21:53:15.572+0000] {processor.py:829} INFO - Processing file /home/airflow/.local/lib/python3.8/site-packages/airflow/example_dags/example_setup_teardown_taskflow.py for tasks to queue
[2023-11-14T21:53:15.577+0000] {logging_mixin.py:154} INFO - [2023-11-14T21:53:15.576+0000] {dagbag.py:536} INFO - Filling up the DagBag from /home/airflow/.local/lib/python3.8/site-packages/airflow/example_dags/example_setup_teardown_taskflow.py
[2023-11-14T21:53:15.597+0000] {processor.py:839} INFO - DAG(s) dict_keys(['example_setup_teardown_taskflow']) retrieved from /home/airflow/.local/lib/python3.8/site-packages/airflow/example_dags/example_setup_teardown_taskflow.py
[2023-11-14T21:53:15.624+0000] {logging_mixin.py:154} INFO - [2023-11-14T21:53:15.624+0000] {dag.py:2941} INFO - Sync 1 DAGs
[2023-11-14T21:53:15.657+0000] {logging_mixin.py:154} INFO - [2023-11-14T21:53:15.657+0000] {dag.py:3722} INFO - Setting next_dagrun for example_setup_teardown_taskflow to 2023-11-13T21:53:15.656888+00:00, run_after=2023-11-14T21:53:15.656888+00:00
[2023-11-14T21:53:15.693+0000] {processor.py:179} INFO - Processing /home/airflow/.local/lib/python3.8/site-packages/airflow/example_dags/example_setup_teardown_taskflow.py took 0.132 seconds
[2023-11-14T21:53:46.435+0000] {processor.py:157} INFO - Started process (PID=2173) to work on /home/airflow/.local/lib/python3.8/site-packages/airflow/example_dags/example_setup_teardown_taskflow.py
[2023-11-14T21:53:46.436+0000] {processor.py:829} INFO - Processing file /home/airflow/.local/lib/python3.8/site-packages/airflow/example_dags/example_setup_teardown_taskflow.py for tasks to queue
[2023-11-14T21:53:46.439+0000] {logging_mixin.py:154} INFO - [2023-11-14T21:53:46.439+0000] {dagbag.py:536} INFO - Filling up the DagBag from /home/airflow/.local/lib/python3.8/site-packages/airflow/example_dags/example_setup_teardown_taskflow.py
[2023-11-14T21:53:46.451+0000] {processor.py:839} INFO - DAG(s) dict_keys(['example_setup_teardown_taskflow']) retrieved from /home/airflow/.local/lib/python3.8/site-packages/airflow/example_dags/example_setup_teardown_taskflow.py
[2023-11-14T21:53:46.477+0000] {logging_mixin.py:154} INFO - [2023-11-14T21:53:46.477+0000] {dag.py:2941} INFO - Sync 1 DAGs
[2023-11-14T21:53:46.504+0000] {logging_mixin.py:154} INFO - [2023-11-14T21:53:46.504+0000] {dag.py:3722} INFO - Setting next_dagrun for example_setup_teardown_taskflow to 2023-11-13T21:53:46.503964+00:00, run_after=2023-11-14T21:53:46.503964+00:00
[2023-11-14T21:53:46.557+0000] {processor.py:179} INFO - Processing /home/airflow/.local/lib/python3.8/site-packages/airflow/example_dags/example_setup_teardown_taskflow.py took 0.129 seconds
[2023-11-14T21:54:17.195+0000] {processor.py:157} INFO - Started process (PID=2227) to work on /home/airflow/.local/lib/python3.8/site-packages/airflow/example_dags/example_setup_teardown_taskflow.py
[2023-11-14T21:54:17.197+0000] {processor.py:829} INFO - Processing file /home/airflow/.local/lib/python3.8/site-packages/airflow/example_dags/example_setup_teardown_taskflow.py for tasks to queue
[2023-11-14T21:54:17.201+0000] {logging_mixin.py:154} INFO - [2023-11-14T21:54:17.200+0000] {dagbag.py:536} INFO - Filling up the DagBag from /home/airflow/.local/lib/python3.8/site-packages/airflow/example_dags/example_setup_teardown_taskflow.py
[2023-11-14T21:54:17.218+0000] {processor.py:839} INFO - DAG(s) dict_keys(['example_setup_teardown_taskflow']) retrieved from /home/airflow/.local/lib/python3.8/site-packages/airflow/example_dags/example_setup_teardown_taskflow.py
[2023-11-14T21:54:17.244+0000] {logging_mixin.py:154} INFO - [2023-11-14T21:54:17.244+0000] {dag.py:2941} INFO - Sync 1 DAGs
[2023-11-14T21:54:17.271+0000] {logging_mixin.py:154} INFO - [2023-11-14T21:54:17.270+0000] {dag.py:3722} INFO - Setting next_dagrun for example_setup_teardown_taskflow to 2023-11-13T21:54:17.270476+00:00, run_after=2023-11-14T21:54:17.270476+00:00
[2023-11-14T21:54:17.317+0000] {processor.py:179} INFO - Processing /home/airflow/.local/lib/python3.8/site-packages/airflow/example_dags/example_setup_teardown_taskflow.py took 0.130 seconds
[2023-11-14T21:54:47.802+0000] {processor.py:157} INFO - Started process (PID=2281) to work on /home/airflow/.local/lib/python3.8/site-packages/airflow/example_dags/example_setup_teardown_taskflow.py
[2023-11-14T21:54:47.803+0000] {processor.py:829} INFO - Processing file /home/airflow/.local/lib/python3.8/site-packages/airflow/example_dags/example_setup_teardown_taskflow.py for tasks to queue
[2023-11-14T21:54:47.806+0000] {logging_mixin.py:154} INFO - [2023-11-14T21:54:47.806+0000] {dagbag.py:536} INFO - Filling up the DagBag from /home/airflow/.local/lib/python3.8/site-packages/airflow/example_dags/example_setup_teardown_taskflow.py
[2023-11-14T21:54:47.822+0000] {processor.py:839} INFO - DAG(s) dict_keys(['example_setup_teardown_taskflow']) retrieved from /home/airflow/.local/lib/python3.8/site-packages/airflow/example_dags/example_setup_teardown_taskflow.py
[2023-11-14T21:54:47.853+0000] {logging_mixin.py:154} INFO - [2023-11-14T21:54:47.852+0000] {dag.py:2941} INFO - Sync 1 DAGs
[2023-11-14T21:54:47.887+0000] {logging_mixin.py:154} INFO - [2023-11-14T21:54:47.886+0000] {dag.py:3722} INFO - Setting next_dagrun for example_setup_teardown_taskflow to 2023-11-13T21:54:47.886513+00:00, run_after=2023-11-14T21:54:47.886513+00:00
[2023-11-14T21:54:47.924+0000] {processor.py:179} INFO - Processing /home/airflow/.local/lib/python3.8/site-packages/airflow/example_dags/example_setup_teardown_taskflow.py took 0.129 seconds
[2023-11-14T21:55:18.222+0000] {processor.py:157} INFO - Started process (PID=2336) to work on /home/airflow/.local/lib/python3.8/site-packages/airflow/example_dags/example_setup_teardown_taskflow.py
[2023-11-14T21:55:18.226+0000] {processor.py:829} INFO - Processing file /home/airflow/.local/lib/python3.8/site-packages/airflow/example_dags/example_setup_teardown_taskflow.py for tasks to queue
[2023-11-14T21:55:18.229+0000] {logging_mixin.py:154} INFO - [2023-11-14T21:55:18.228+0000] {dagbag.py:536} INFO - Filling up the DagBag from /home/airflow/.local/lib/python3.8/site-packages/airflow/example_dags/example_setup_teardown_taskflow.py
[2023-11-14T21:55:18.242+0000] {processor.py:839} INFO - DAG(s) dict_keys(['example_setup_teardown_taskflow']) retrieved from /home/airflow/.local/lib/python3.8/site-packages/airflow/example_dags/example_setup_teardown_taskflow.py
[2023-11-14T21:55:18.271+0000] {logging_mixin.py:154} INFO - [2023-11-14T21:55:18.271+0000] {dag.py:2941} INFO - Sync 1 DAGs
[2023-11-14T21:55:18.300+0000] {logging_mixin.py:154} INFO - [2023-11-14T21:55:18.299+0000] {dag.py:3722} INFO - Setting next_dagrun for example_setup_teardown_taskflow to 2023-11-13T21:55:18.299531+00:00, run_after=2023-11-14T21:55:18.299531+00:00
[2023-11-14T21:55:18.337+0000] {processor.py:179} INFO - Processing /home/airflow/.local/lib/python3.8/site-packages/airflow/example_dags/example_setup_teardown_taskflow.py took 0.120 seconds
[2023-11-14T21:55:48.622+0000] {processor.py:157} INFO - Started process (PID=2390) to work on /home/airflow/.local/lib/python3.8/site-packages/airflow/example_dags/example_setup_teardown_taskflow.py
[2023-11-14T21:55:48.624+0000] {processor.py:829} INFO - Processing file /home/airflow/.local/lib/python3.8/site-packages/airflow/example_dags/example_setup_teardown_taskflow.py for tasks to queue
[2023-11-14T21:55:48.627+0000] {logging_mixin.py:154} INFO - [2023-11-14T21:55:48.626+0000] {dagbag.py:536} INFO - Filling up the DagBag from /home/airflow/.local/lib/python3.8/site-packages/airflow/example_dags/example_setup_teardown_taskflow.py
[2023-11-14T21:55:48.639+0000] {processor.py:839} INFO - DAG(s) dict_keys(['example_setup_teardown_taskflow']) retrieved from /home/airflow/.local/lib/python3.8/site-packages/airflow/example_dags/example_setup_teardown_taskflow.py
[2023-11-14T21:55:48.664+0000] {logging_mixin.py:154} INFO - [2023-11-14T21:55:48.664+0000] {dag.py:2941} INFO - Sync 1 DAGs
[2023-11-14T21:55:48.690+0000] {logging_mixin.py:154} INFO - [2023-11-14T21:55:48.690+0000] {dag.py:3722} INFO - Setting next_dagrun for example_setup_teardown_taskflow to 2023-11-13T21:55:48.689819+00:00, run_after=2023-11-14T21:55:48.689819+00:00
[2023-11-14T21:55:48.733+0000] {processor.py:179} INFO - Processing /home/airflow/.local/lib/python3.8/site-packages/airflow/example_dags/example_setup_teardown_taskflow.py took 0.117 seconds
[2023-11-14T21:56:19.472+0000] {processor.py:157} INFO - Started process (PID=2444) to work on /home/airflow/.local/lib/python3.8/site-packages/airflow/example_dags/example_setup_teardown_taskflow.py
[2023-11-14T21:56:19.474+0000] {processor.py:829} INFO - Processing file /home/airflow/.local/lib/python3.8/site-packages/airflow/example_dags/example_setup_teardown_taskflow.py for tasks to queue
[2023-11-14T21:56:19.478+0000] {logging_mixin.py:154} INFO - [2023-11-14T21:56:19.477+0000] {dagbag.py:536} INFO - Filling up the DagBag from /home/airflow/.local/lib/python3.8/site-packages/airflow/example_dags/example_setup_teardown_taskflow.py
[2023-11-14T21:56:19.490+0000] {processor.py:839} INFO - DAG(s) dict_keys(['example_setup_teardown_taskflow']) retrieved from /home/airflow/.local/lib/python3.8/site-packages/airflow/example_dags/example_setup_teardown_taskflow.py
[2023-11-14T21:56:19.515+0000] {logging_mixin.py:154} INFO - [2023-11-14T21:56:19.515+0000] {dag.py:2941} INFO - Sync 1 DAGs
[2023-11-14T21:56:19.542+0000] {logging_mixin.py:154} INFO - [2023-11-14T21:56:19.541+0000] {dag.py:3722} INFO - Setting next_dagrun for example_setup_teardown_taskflow to 2023-11-13T21:56:19.541557+00:00, run_after=2023-11-14T21:56:19.541557+00:00
[2023-11-14T21:56:19.566+0000] {processor.py:179} INFO - Processing /home/airflow/.local/lib/python3.8/site-packages/airflow/example_dags/example_setup_teardown_taskflow.py took 0.101 seconds
[2023-11-14T21:56:50.012+0000] {processor.py:157} INFO - Started process (PID=2499) to work on /home/airflow/.local/lib/python3.8/site-packages/airflow/example_dags/example_setup_teardown_taskflow.py
[2023-11-14T21:56:50.013+0000] {processor.py:829} INFO - Processing file /home/airflow/.local/lib/python3.8/site-packages/airflow/example_dags/example_setup_teardown_taskflow.py for tasks to queue
[2023-11-14T21:56:50.016+0000] {logging_mixin.py:154} INFO - [2023-11-14T21:56:50.016+0000] {dagbag.py:536} INFO - Filling up the DagBag from /home/airflow/.local/lib/python3.8/site-packages/airflow/example_dags/example_setup_teardown_taskflow.py
[2023-11-14T21:56:50.029+0000] {processor.py:839} INFO - DAG(s) dict_keys(['example_setup_teardown_taskflow']) retrieved from /home/airflow/.local/lib/python3.8/site-packages/airflow/example_dags/example_setup_teardown_taskflow.py
[2023-11-14T21:56:50.055+0000] {logging_mixin.py:154} INFO - [2023-11-14T21:56:50.055+0000] {dag.py:2941} INFO - Sync 1 DAGs
[2023-11-14T21:56:50.081+0000] {logging_mixin.py:154} INFO - [2023-11-14T21:56:50.081+0000] {dag.py:3722} INFO - Setting next_dagrun for example_setup_teardown_taskflow to 2023-11-13T21:56:50.081227+00:00, run_after=2023-11-14T21:56:50.081227+00:00
[2023-11-14T21:56:50.104+0000] {processor.py:179} INFO - Processing /home/airflow/.local/lib/python3.8/site-packages/airflow/example_dags/example_setup_teardown_taskflow.py took 0.097 seconds
[2023-11-14T21:57:20.778+0000] {processor.py:157} INFO - Started process (PID=2553) to work on /home/airflow/.local/lib/python3.8/site-packages/airflow/example_dags/example_setup_teardown_taskflow.py
[2023-11-14T21:57:20.780+0000] {processor.py:829} INFO - Processing file /home/airflow/.local/lib/python3.8/site-packages/airflow/example_dags/example_setup_teardown_taskflow.py for tasks to queue
[2023-11-14T21:57:20.785+0000] {logging_mixin.py:154} INFO - [2023-11-14T21:57:20.784+0000] {dagbag.py:536} INFO - Filling up the DagBag from /home/airflow/.local/lib/python3.8/site-packages/airflow/example_dags/example_setup_teardown_taskflow.py
[2023-11-14T21:57:20.810+0000] {processor.py:839} INFO - DAG(s) dict_keys(['example_setup_teardown_taskflow']) retrieved from /home/airflow/.local/lib/python3.8/site-packages/airflow/example_dags/example_setup_teardown_taskflow.py
[2023-11-14T21:57:20.837+0000] {logging_mixin.py:154} INFO - [2023-11-14T21:57:20.837+0000] {dag.py:2941} INFO - Sync 1 DAGs
[2023-11-14T21:57:20.864+0000] {logging_mixin.py:154} INFO - [2023-11-14T21:57:20.864+0000] {dag.py:3722} INFO - Setting next_dagrun for example_setup_teardown_taskflow to 2023-11-13T21:57:20.863595+00:00, run_after=2023-11-14T21:57:20.863595+00:00
[2023-11-14T21:57:20.889+0000] {processor.py:179} INFO - Processing /home/airflow/.local/lib/python3.8/site-packages/airflow/example_dags/example_setup_teardown_taskflow.py took 0.118 seconds
[2023-11-14T21:57:51.001+0000] {processor.py:157} INFO - Started process (PID=2608) to work on /home/airflow/.local/lib/python3.8/site-packages/airflow/example_dags/example_setup_teardown_taskflow.py
[2023-11-14T21:57:51.002+0000] {processor.py:829} INFO - Processing file /home/airflow/.local/lib/python3.8/site-packages/airflow/example_dags/example_setup_teardown_taskflow.py for tasks to queue
[2023-11-14T21:57:51.005+0000] {logging_mixin.py:154} INFO - [2023-11-14T21:57:51.005+0000] {dagbag.py:536} INFO - Filling up the DagBag from /home/airflow/.local/lib/python3.8/site-packages/airflow/example_dags/example_setup_teardown_taskflow.py
[2023-11-14T21:57:51.018+0000] {processor.py:839} INFO - DAG(s) dict_keys(['example_setup_teardown_taskflow']) retrieved from /home/airflow/.local/lib/python3.8/site-packages/airflow/example_dags/example_setup_teardown_taskflow.py
[2023-11-14T21:57:51.052+0000] {logging_mixin.py:154} INFO - [2023-11-14T21:57:51.052+0000] {dag.py:2941} INFO - Sync 1 DAGs
[2023-11-14T21:57:51.080+0000] {logging_mixin.py:154} INFO - [2023-11-14T21:57:51.080+0000] {dag.py:3722} INFO - Setting next_dagrun for example_setup_teardown_taskflow to 2023-11-13T21:57:51.079809+00:00, run_after=2023-11-14T21:57:51.079809+00:00
[2023-11-14T21:57:51.103+0000] {processor.py:179} INFO - Processing /home/airflow/.local/lib/python3.8/site-packages/airflow/example_dags/example_setup_teardown_taskflow.py took 0.107 seconds
[2023-11-14T21:58:21.245+0000] {processor.py:157} INFO - Started process (PID=2662) to work on /home/airflow/.local/lib/python3.8/site-packages/airflow/example_dags/example_setup_teardown_taskflow.py
[2023-11-14T21:58:21.247+0000] {processor.py:829} INFO - Processing file /home/airflow/.local/lib/python3.8/site-packages/airflow/example_dags/example_setup_teardown_taskflow.py for tasks to queue
[2023-11-14T21:58:21.254+0000] {logging_mixin.py:154} INFO - [2023-11-14T21:58:21.253+0000] {dagbag.py:536} INFO - Filling up the DagBag from /home/airflow/.local/lib/python3.8/site-packages/airflow/example_dags/example_setup_teardown_taskflow.py
[2023-11-14T21:58:21.277+0000] {processor.py:839} INFO - DAG(s) dict_keys(['example_setup_teardown_taskflow']) retrieved from /home/airflow/.local/lib/python3.8/site-packages/airflow/example_dags/example_setup_teardown_taskflow.py
[2023-11-14T21:58:21.304+0000] {logging_mixin.py:154} INFO - [2023-11-14T21:58:21.304+0000] {dag.py:2941} INFO - Sync 1 DAGs
[2023-11-14T21:58:21.331+0000] {logging_mixin.py:154} INFO - [2023-11-14T21:58:21.330+0000] {dag.py:3722} INFO - Setting next_dagrun for example_setup_teardown_taskflow to 2023-11-13T21:58:21.330481+00:00, run_after=2023-11-14T21:58:21.330481+00:00
[2023-11-14T21:58:21.374+0000] {processor.py:179} INFO - Processing /home/airflow/.local/lib/python3.8/site-packages/airflow/example_dags/example_setup_teardown_taskflow.py took 0.139 seconds
[2023-11-14T21:58:51.689+0000] {processor.py:157} INFO - Started process (PID=2716) to work on /home/airflow/.local/lib/python3.8/site-packages/airflow/example_dags/example_setup_teardown_taskflow.py
[2023-11-14T21:58:51.691+0000] {processor.py:829} INFO - Processing file /home/airflow/.local/lib/python3.8/site-packages/airflow/example_dags/example_setup_teardown_taskflow.py for tasks to queue
[2023-11-14T21:58:51.695+0000] {logging_mixin.py:154} INFO - [2023-11-14T21:58:51.695+0000] {dagbag.py:536} INFO - Filling up the DagBag from /home/airflow/.local/lib/python3.8/site-packages/airflow/example_dags/example_setup_teardown_taskflow.py
[2023-11-14T21:58:51.714+0000] {processor.py:839} INFO - DAG(s) dict_keys(['example_setup_teardown_taskflow']) retrieved from /home/airflow/.local/lib/python3.8/site-packages/airflow/example_dags/example_setup_teardown_taskflow.py
[2023-11-14T21:58:51.764+0000] {logging_mixin.py:154} INFO - [2023-11-14T21:58:51.764+0000] {dag.py:2941} INFO - Sync 1 DAGs
[2023-11-14T21:58:51.811+0000] {logging_mixin.py:154} INFO - [2023-11-14T21:58:51.811+0000] {dag.py:3722} INFO - Setting next_dagrun for example_setup_teardown_taskflow to 2023-11-13T21:58:51.810838+00:00, run_after=2023-11-14T21:58:51.810838+00:00
[2023-11-14T21:58:51.844+0000] {processor.py:179} INFO - Processing /home/airflow/.local/lib/python3.8/site-packages/airflow/example_dags/example_setup_teardown_taskflow.py took 0.162 seconds
[2023-11-14T21:59:22.622+0000] {processor.py:157} INFO - Started process (PID=2770) to work on /home/airflow/.local/lib/python3.8/site-packages/airflow/example_dags/example_setup_teardown_taskflow.py
[2023-11-14T21:59:22.625+0000] {processor.py:829} INFO - Processing file /home/airflow/.local/lib/python3.8/site-packages/airflow/example_dags/example_setup_teardown_taskflow.py for tasks to queue
[2023-11-14T21:59:22.629+0000] {logging_mixin.py:154} INFO - [2023-11-14T21:59:22.629+0000] {dagbag.py:536} INFO - Filling up the DagBag from /home/airflow/.local/lib/python3.8/site-packages/airflow/example_dags/example_setup_teardown_taskflow.py
[2023-11-14T21:59:22.647+0000] {processor.py:839} INFO - DAG(s) dict_keys(['example_setup_teardown_taskflow']) retrieved from /home/airflow/.local/lib/python3.8/site-packages/airflow/example_dags/example_setup_teardown_taskflow.py
[2023-11-14T21:59:22.674+0000] {logging_mixin.py:154} INFO - [2023-11-14T21:59:22.674+0000] {dag.py:2941} INFO - Sync 1 DAGs
[2023-11-14T21:59:22.701+0000] {logging_mixin.py:154} INFO - [2023-11-14T21:59:22.701+0000] {dag.py:3722} INFO - Setting next_dagrun for example_setup_teardown_taskflow to 2023-11-13T21:59:22.700815+00:00, run_after=2023-11-14T21:59:22.700815+00:00
[2023-11-14T21:59:22.727+0000] {processor.py:179} INFO - Processing /home/airflow/.local/lib/python3.8/site-packages/airflow/example_dags/example_setup_teardown_taskflow.py took 0.112 seconds
