[2023-11-14T21:33:54.264+0000] {processor.py:157} INFO - Started process (PID=46) to work on /home/airflow/.local/lib/python3.8/site-packages/airflow/example_dags/example_sensors.py
[2023-11-14T21:33:54.265+0000] {processor.py:829} INFO - Processing file /home/airflow/.local/lib/python3.8/site-packages/airflow/example_dags/example_sensors.py for tasks to queue
[2023-11-14T21:33:54.272+0000] {logging_mixin.py:154} INFO - [2023-11-14T21:33:54.271+0000] {dagbag.py:536} INFO - Filling up the DagBag from /home/airflow/.local/lib/python3.8/site-packages/airflow/example_dags/example_sensors.py
[2023-11-14T21:33:54.300+0000] {processor.py:839} INFO - DAG(s) dict_keys(['example_sensors']) retrieved from /home/airflow/.local/lib/python3.8/site-packages/airflow/example_dags/example_sensors.py
[2023-11-14T21:33:54.681+0000] {logging_mixin.py:154} INFO - [2023-11-14T21:33:54.681+0000] {manager.py:499} INFO - Created Permission View: %s
[2023-11-14T21:33:54.734+0000] {logging_mixin.py:154} INFO - [2023-11-14T21:33:54.734+0000] {manager.py:499} INFO - Created Permission View: %s
[2023-11-14T21:33:54.762+0000] {logging_mixin.py:154} INFO - [2023-11-14T21:33:54.762+0000] {manager.py:499} INFO - Created Permission View: %s
[2023-11-14T21:33:54.764+0000] {logging_mixin.py:154} INFO - [2023-11-14T21:33:54.763+0000] {dag.py:2941} INFO - Sync 1 DAGs
[2023-11-14T21:33:54.813+0000] {logging_mixin.py:154} INFO - [2023-11-14T21:33:54.813+0000] {dag.py:2963} INFO - Creating ORM DAG for example_sensors
[2023-11-14T21:33:54.815+0000] {logging_mixin.py:154} INFO - [2023-11-14T21:33:54.814+0000] {dag.py:3722} INFO - Setting next_dagrun for example_sensors to None, run_after=None
[2023-11-14T21:33:54.885+0000] {processor.py:179} INFO - Processing /home/airflow/.local/lib/python3.8/site-packages/airflow/example_dags/example_sensors.py took 0.630 seconds
[2023-11-14T21:34:25.733+0000] {processor.py:157} INFO - Started process (PID=100) to work on /home/airflow/.local/lib/python3.8/site-packages/airflow/example_dags/example_sensors.py
[2023-11-14T21:34:25.736+0000] {processor.py:829} INFO - Processing file /home/airflow/.local/lib/python3.8/site-packages/airflow/example_dags/example_sensors.py for tasks to queue
[2023-11-14T21:34:25.740+0000] {logging_mixin.py:154} INFO - [2023-11-14T21:34:25.740+0000] {dagbag.py:536} INFO - Filling up the DagBag from /home/airflow/.local/lib/python3.8/site-packages/airflow/example_dags/example_sensors.py
[2023-11-14T21:34:25.756+0000] {processor.py:839} INFO - DAG(s) dict_keys(['example_sensors']) retrieved from /home/airflow/.local/lib/python3.8/site-packages/airflow/example_dags/example_sensors.py
[2023-11-14T21:34:25.787+0000] {logging_mixin.py:154} INFO - [2023-11-14T21:34:25.786+0000] {dag.py:2941} INFO - Sync 1 DAGs
[2023-11-14T21:34:25.801+0000] {logging_mixin.py:154} INFO - [2023-11-14T21:34:25.801+0000] {dag.py:3722} INFO - Setting next_dagrun for example_sensors to None, run_after=None
[2023-11-14T21:34:25.834+0000] {processor.py:179} INFO - Processing /home/airflow/.local/lib/python3.8/site-packages/airflow/example_dags/example_sensors.py took 0.108 seconds
[2023-11-14T21:34:55.912+0000] {processor.py:157} INFO - Started process (PID=153) to work on /home/airflow/.local/lib/python3.8/site-packages/airflow/example_dags/example_sensors.py
[2023-11-14T21:34:55.915+0000] {processor.py:829} INFO - Processing file /home/airflow/.local/lib/python3.8/site-packages/airflow/example_dags/example_sensors.py for tasks to queue
[2023-11-14T21:34:55.921+0000] {logging_mixin.py:154} INFO - [2023-11-14T21:34:55.920+0000] {dagbag.py:536} INFO - Filling up the DagBag from /home/airflow/.local/lib/python3.8/site-packages/airflow/example_dags/example_sensors.py
[2023-11-14T21:34:55.943+0000] {processor.py:839} INFO - DAG(s) dict_keys(['example_sensors']) retrieved from /home/airflow/.local/lib/python3.8/site-packages/airflow/example_dags/example_sensors.py
[2023-11-14T21:34:55.980+0000] {logging_mixin.py:154} INFO - [2023-11-14T21:34:55.980+0000] {dag.py:2941} INFO - Sync 1 DAGs
[2023-11-14T21:34:55.995+0000] {logging_mixin.py:154} INFO - [2023-11-14T21:34:55.995+0000] {dag.py:3722} INFO - Setting next_dagrun for example_sensors to None, run_after=None
[2023-11-14T21:34:56.024+0000] {processor.py:179} INFO - Processing /home/airflow/.local/lib/python3.8/site-packages/airflow/example_dags/example_sensors.py took 0.128 seconds
[2023-11-14T21:35:26.260+0000] {processor.py:157} INFO - Started process (PID=207) to work on /home/airflow/.local/lib/python3.8/site-packages/airflow/example_dags/example_sensors.py
[2023-11-14T21:35:26.263+0000] {processor.py:829} INFO - Processing file /home/airflow/.local/lib/python3.8/site-packages/airflow/example_dags/example_sensors.py for tasks to queue
[2023-11-14T21:35:26.268+0000] {logging_mixin.py:154} INFO - [2023-11-14T21:35:26.268+0000] {dagbag.py:536} INFO - Filling up the DagBag from /home/airflow/.local/lib/python3.8/site-packages/airflow/example_dags/example_sensors.py
[2023-11-14T21:35:26.292+0000] {processor.py:839} INFO - DAG(s) dict_keys(['example_sensors']) retrieved from /home/airflow/.local/lib/python3.8/site-packages/airflow/example_dags/example_sensors.py
[2023-11-14T21:35:26.332+0000] {logging_mixin.py:154} INFO - [2023-11-14T21:35:26.332+0000] {dag.py:2941} INFO - Sync 1 DAGs
[2023-11-14T21:35:26.350+0000] {logging_mixin.py:154} INFO - [2023-11-14T21:35:26.350+0000] {dag.py:3722} INFO - Setting next_dagrun for example_sensors to None, run_after=None
[2023-11-14T21:35:26.392+0000] {processor.py:179} INFO - Processing /home/airflow/.local/lib/python3.8/site-packages/airflow/example_dags/example_sensors.py took 0.140 seconds
[2023-11-14T21:35:56.972+0000] {processor.py:157} INFO - Started process (PID=262) to work on /home/airflow/.local/lib/python3.8/site-packages/airflow/example_dags/example_sensors.py
[2023-11-14T21:35:56.976+0000] {processor.py:829} INFO - Processing file /home/airflow/.local/lib/python3.8/site-packages/airflow/example_dags/example_sensors.py for tasks to queue
[2023-11-14T21:35:56.983+0000] {logging_mixin.py:154} INFO - [2023-11-14T21:35:56.982+0000] {dagbag.py:536} INFO - Filling up the DagBag from /home/airflow/.local/lib/python3.8/site-packages/airflow/example_dags/example_sensors.py
[2023-11-14T21:35:57.022+0000] {processor.py:839} INFO - DAG(s) dict_keys(['example_sensors']) retrieved from /home/airflow/.local/lib/python3.8/site-packages/airflow/example_dags/example_sensors.py
[2023-11-14T21:35:57.087+0000] {logging_mixin.py:154} INFO - [2023-11-14T21:35:57.087+0000] {dag.py:2941} INFO - Sync 1 DAGs
[2023-11-14T21:35:57.121+0000] {logging_mixin.py:154} INFO - [2023-11-14T21:35:57.120+0000] {dag.py:3722} INFO - Setting next_dagrun for example_sensors to None, run_after=None
[2023-11-14T21:35:57.170+0000] {processor.py:179} INFO - Processing /home/airflow/.local/lib/python3.8/site-packages/airflow/example_dags/example_sensors.py took 0.212 seconds
[2023-11-14T21:36:27.323+0000] {processor.py:157} INFO - Started process (PID=317) to work on /home/airflow/.local/lib/python3.8/site-packages/airflow/example_dags/example_sensors.py
[2023-11-14T21:36:27.324+0000] {processor.py:829} INFO - Processing file /home/airflow/.local/lib/python3.8/site-packages/airflow/example_dags/example_sensors.py for tasks to queue
[2023-11-14T21:36:27.329+0000] {logging_mixin.py:154} INFO - [2023-11-14T21:36:27.328+0000] {dagbag.py:536} INFO - Filling up the DagBag from /home/airflow/.local/lib/python3.8/site-packages/airflow/example_dags/example_sensors.py
[2023-11-14T21:36:27.342+0000] {processor.py:839} INFO - DAG(s) dict_keys(['example_sensors']) retrieved from /home/airflow/.local/lib/python3.8/site-packages/airflow/example_dags/example_sensors.py
[2023-11-14T21:36:27.387+0000] {logging_mixin.py:154} INFO - [2023-11-14T21:36:27.387+0000] {dag.py:2941} INFO - Sync 1 DAGs
[2023-11-14T21:36:27.406+0000] {logging_mixin.py:154} INFO - [2023-11-14T21:36:27.406+0000] {dag.py:3722} INFO - Setting next_dagrun for example_sensors to None, run_after=None
[2023-11-14T21:36:27.447+0000] {processor.py:179} INFO - Processing /home/airflow/.local/lib/python3.8/site-packages/airflow/example_dags/example_sensors.py took 0.129 seconds
[2023-11-14T21:36:57.891+0000] {processor.py:157} INFO - Started process (PID=371) to work on /home/airflow/.local/lib/python3.8/site-packages/airflow/example_dags/example_sensors.py
[2023-11-14T21:36:57.893+0000] {processor.py:829} INFO - Processing file /home/airflow/.local/lib/python3.8/site-packages/airflow/example_dags/example_sensors.py for tasks to queue
[2023-11-14T21:36:57.898+0000] {logging_mixin.py:154} INFO - [2023-11-14T21:36:57.897+0000] {dagbag.py:536} INFO - Filling up the DagBag from /home/airflow/.local/lib/python3.8/site-packages/airflow/example_dags/example_sensors.py
[2023-11-14T21:36:57.913+0000] {processor.py:839} INFO - DAG(s) dict_keys(['example_sensors']) retrieved from /home/airflow/.local/lib/python3.8/site-packages/airflow/example_dags/example_sensors.py
[2023-11-14T21:36:57.945+0000] {logging_mixin.py:154} INFO - [2023-11-14T21:36:57.945+0000] {dag.py:2941} INFO - Sync 1 DAGs
[2023-11-14T21:36:57.960+0000] {logging_mixin.py:154} INFO - [2023-11-14T21:36:57.960+0000] {dag.py:3722} INFO - Setting next_dagrun for example_sensors to None, run_after=None
[2023-11-14T21:36:57.986+0000] {processor.py:179} INFO - Processing /home/airflow/.local/lib/python3.8/site-packages/airflow/example_dags/example_sensors.py took 0.101 seconds
[2023-11-14T21:37:28.452+0000] {processor.py:157} INFO - Started process (PID=425) to work on /home/airflow/.local/lib/python3.8/site-packages/airflow/example_dags/example_sensors.py
[2023-11-14T21:37:28.454+0000] {processor.py:829} INFO - Processing file /home/airflow/.local/lib/python3.8/site-packages/airflow/example_dags/example_sensors.py for tasks to queue
[2023-11-14T21:37:28.459+0000] {logging_mixin.py:154} INFO - [2023-11-14T21:37:28.458+0000] {dagbag.py:536} INFO - Filling up the DagBag from /home/airflow/.local/lib/python3.8/site-packages/airflow/example_dags/example_sensors.py
[2023-11-14T21:37:28.478+0000] {processor.py:839} INFO - DAG(s) dict_keys(['example_sensors']) retrieved from /home/airflow/.local/lib/python3.8/site-packages/airflow/example_dags/example_sensors.py
[2023-11-14T21:37:28.513+0000] {logging_mixin.py:154} INFO - [2023-11-14T21:37:28.512+0000] {dag.py:2941} INFO - Sync 1 DAGs
[2023-11-14T21:37:28.530+0000] {logging_mixin.py:154} INFO - [2023-11-14T21:37:28.530+0000] {dag.py:3722} INFO - Setting next_dagrun for example_sensors to None, run_after=None
[2023-11-14T21:37:28.563+0000] {processor.py:179} INFO - Processing /home/airflow/.local/lib/python3.8/site-packages/airflow/example_dags/example_sensors.py took 0.119 seconds
[2023-11-14T21:37:58.820+0000] {processor.py:157} INFO - Started process (PID=479) to work on /home/airflow/.local/lib/python3.8/site-packages/airflow/example_dags/example_sensors.py
[2023-11-14T21:37:58.823+0000] {processor.py:829} INFO - Processing file /home/airflow/.local/lib/python3.8/site-packages/airflow/example_dags/example_sensors.py for tasks to queue
[2023-11-14T21:37:58.827+0000] {logging_mixin.py:154} INFO - [2023-11-14T21:37:58.826+0000] {dagbag.py:536} INFO - Filling up the DagBag from /home/airflow/.local/lib/python3.8/site-packages/airflow/example_dags/example_sensors.py
[2023-11-14T21:37:58.840+0000] {processor.py:839} INFO - DAG(s) dict_keys(['example_sensors']) retrieved from /home/airflow/.local/lib/python3.8/site-packages/airflow/example_dags/example_sensors.py
[2023-11-14T21:37:58.877+0000] {logging_mixin.py:154} INFO - [2023-11-14T21:37:58.877+0000] {dag.py:2941} INFO - Sync 1 DAGs
[2023-11-14T21:37:58.897+0000] {logging_mixin.py:154} INFO - [2023-11-14T21:37:58.897+0000] {dag.py:3722} INFO - Setting next_dagrun for example_sensors to None, run_after=None
[2023-11-14T21:37:58.927+0000] {processor.py:179} INFO - Processing /home/airflow/.local/lib/python3.8/site-packages/airflow/example_dags/example_sensors.py took 0.113 seconds
[2023-11-14T21:38:29.319+0000] {processor.py:157} INFO - Started process (PID=544) to work on /home/airflow/.local/lib/python3.8/site-packages/airflow/example_dags/example_sensors.py
[2023-11-14T21:38:29.320+0000] {processor.py:829} INFO - Processing file /home/airflow/.local/lib/python3.8/site-packages/airflow/example_dags/example_sensors.py for tasks to queue
[2023-11-14T21:38:29.323+0000] {logging_mixin.py:154} INFO - [2023-11-14T21:38:29.323+0000] {dagbag.py:536} INFO - Filling up the DagBag from /home/airflow/.local/lib/python3.8/site-packages/airflow/example_dags/example_sensors.py
[2023-11-14T21:38:29.337+0000] {processor.py:839} INFO - DAG(s) dict_keys(['example_sensors']) retrieved from /home/airflow/.local/lib/python3.8/site-packages/airflow/example_dags/example_sensors.py
[2023-11-14T21:38:29.375+0000] {logging_mixin.py:154} INFO - [2023-11-14T21:38:29.374+0000] {dag.py:2941} INFO - Sync 1 DAGs
[2023-11-14T21:38:29.395+0000] {logging_mixin.py:154} INFO - [2023-11-14T21:38:29.395+0000] {dag.py:3722} INFO - Setting next_dagrun for example_sensors to None, run_after=None
[2023-11-14T21:38:29.436+0000] {processor.py:179} INFO - Processing /home/airflow/.local/lib/python3.8/site-packages/airflow/example_dags/example_sensors.py took 0.123 seconds
[2023-11-14T21:38:59.589+0000] {processor.py:157} INFO - Started process (PID=598) to work on /home/airflow/.local/lib/python3.8/site-packages/airflow/example_dags/example_sensors.py
[2023-11-14T21:38:59.590+0000] {processor.py:829} INFO - Processing file /home/airflow/.local/lib/python3.8/site-packages/airflow/example_dags/example_sensors.py for tasks to queue
[2023-11-14T21:38:59.593+0000] {logging_mixin.py:154} INFO - [2023-11-14T21:38:59.593+0000] {dagbag.py:536} INFO - Filling up the DagBag from /home/airflow/.local/lib/python3.8/site-packages/airflow/example_dags/example_sensors.py
[2023-11-14T21:38:59.605+0000] {processor.py:839} INFO - DAG(s) dict_keys(['example_sensors']) retrieved from /home/airflow/.local/lib/python3.8/site-packages/airflow/example_dags/example_sensors.py
[2023-11-14T21:38:59.636+0000] {logging_mixin.py:154} INFO - [2023-11-14T21:38:59.635+0000] {dag.py:2941} INFO - Sync 1 DAGs
[2023-11-14T21:38:59.653+0000] {logging_mixin.py:154} INFO - [2023-11-14T21:38:59.653+0000] {dag.py:3722} INFO - Setting next_dagrun for example_sensors to None, run_after=None
[2023-11-14T21:38:59.687+0000] {processor.py:179} INFO - Processing /home/airflow/.local/lib/python3.8/site-packages/airflow/example_dags/example_sensors.py took 0.101 seconds
[2023-11-14T21:39:30.081+0000] {processor.py:157} INFO - Started process (PID=652) to work on /home/airflow/.local/lib/python3.8/site-packages/airflow/example_dags/example_sensors.py
[2023-11-14T21:39:30.083+0000] {processor.py:829} INFO - Processing file /home/airflow/.local/lib/python3.8/site-packages/airflow/example_dags/example_sensors.py for tasks to queue
[2023-11-14T21:39:30.085+0000] {logging_mixin.py:154} INFO - [2023-11-14T21:39:30.085+0000] {dagbag.py:536} INFO - Filling up the DagBag from /home/airflow/.local/lib/python3.8/site-packages/airflow/example_dags/example_sensors.py
[2023-11-14T21:39:30.096+0000] {processor.py:839} INFO - DAG(s) dict_keys(['example_sensors']) retrieved from /home/airflow/.local/lib/python3.8/site-packages/airflow/example_dags/example_sensors.py
[2023-11-14T21:39:30.127+0000] {logging_mixin.py:154} INFO - [2023-11-14T21:39:30.127+0000] {dag.py:2941} INFO - Sync 1 DAGs
[2023-11-14T21:39:30.147+0000] {logging_mixin.py:154} INFO - [2023-11-14T21:39:30.147+0000] {dag.py:3722} INFO - Setting next_dagrun for example_sensors to None, run_after=None
[2023-11-14T21:39:30.186+0000] {processor.py:179} INFO - Processing /home/airflow/.local/lib/python3.8/site-packages/airflow/example_dags/example_sensors.py took 0.109 seconds
[2023-11-14T21:40:00.561+0000] {processor.py:157} INFO - Started process (PID=707) to work on /home/airflow/.local/lib/python3.8/site-packages/airflow/example_dags/example_sensors.py
[2023-11-14T21:40:00.561+0000] {processor.py:829} INFO - Processing file /home/airflow/.local/lib/python3.8/site-packages/airflow/example_dags/example_sensors.py for tasks to queue
[2023-11-14T21:40:00.564+0000] {logging_mixin.py:154} INFO - [2023-11-14T21:40:00.563+0000] {dagbag.py:536} INFO - Filling up the DagBag from /home/airflow/.local/lib/python3.8/site-packages/airflow/example_dags/example_sensors.py
[2023-11-14T21:40:00.574+0000] {processor.py:839} INFO - DAG(s) dict_keys(['example_sensors']) retrieved from /home/airflow/.local/lib/python3.8/site-packages/airflow/example_dags/example_sensors.py
[2023-11-14T21:40:00.604+0000] {logging_mixin.py:154} INFO - [2023-11-14T21:40:00.604+0000] {dag.py:2941} INFO - Sync 1 DAGs
[2023-11-14T21:40:00.619+0000] {logging_mixin.py:154} INFO - [2023-11-14T21:40:00.619+0000] {dag.py:3722} INFO - Setting next_dagrun for example_sensors to None, run_after=None
[2023-11-14T21:40:00.644+0000] {processor.py:179} INFO - Processing /home/airflow/.local/lib/python3.8/site-packages/airflow/example_dags/example_sensors.py took 0.088 seconds
[2023-11-14T21:40:31.128+0000] {processor.py:157} INFO - Started process (PID=762) to work on /home/airflow/.local/lib/python3.8/site-packages/airflow/example_dags/example_sensors.py
[2023-11-14T21:40:31.130+0000] {processor.py:829} INFO - Processing file /home/airflow/.local/lib/python3.8/site-packages/airflow/example_dags/example_sensors.py for tasks to queue
[2023-11-14T21:40:31.134+0000] {logging_mixin.py:154} INFO - [2023-11-14T21:40:31.133+0000] {dagbag.py:536} INFO - Filling up the DagBag from /home/airflow/.local/lib/python3.8/site-packages/airflow/example_dags/example_sensors.py
[2023-11-14T21:40:31.146+0000] {processor.py:839} INFO - DAG(s) dict_keys(['example_sensors']) retrieved from /home/airflow/.local/lib/python3.8/site-packages/airflow/example_dags/example_sensors.py
[2023-11-14T21:40:31.178+0000] {logging_mixin.py:154} INFO - [2023-11-14T21:40:31.178+0000] {dag.py:2941} INFO - Sync 1 DAGs
[2023-11-14T21:40:31.193+0000] {logging_mixin.py:154} INFO - [2023-11-14T21:40:31.193+0000] {dag.py:3722} INFO - Setting next_dagrun for example_sensors to None, run_after=None
[2023-11-14T21:40:31.216+0000] {processor.py:179} INFO - Processing /home/airflow/.local/lib/python3.8/site-packages/airflow/example_dags/example_sensors.py took 0.094 seconds
[2023-11-14T21:41:01.497+0000] {processor.py:157} INFO - Started process (PID=817) to work on /home/airflow/.local/lib/python3.8/site-packages/airflow/example_dags/example_sensors.py
[2023-11-14T21:41:01.498+0000] {processor.py:829} INFO - Processing file /home/airflow/.local/lib/python3.8/site-packages/airflow/example_dags/example_sensors.py for tasks to queue
[2023-11-14T21:41:01.503+0000] {logging_mixin.py:154} INFO - [2023-11-14T21:41:01.502+0000] {dagbag.py:536} INFO - Filling up the DagBag from /home/airflow/.local/lib/python3.8/site-packages/airflow/example_dags/example_sensors.py
[2023-11-14T21:41:01.518+0000] {processor.py:839} INFO - DAG(s) dict_keys(['example_sensors']) retrieved from /home/airflow/.local/lib/python3.8/site-packages/airflow/example_dags/example_sensors.py
[2023-11-14T21:41:01.550+0000] {logging_mixin.py:154} INFO - [2023-11-14T21:41:01.550+0000] {dag.py:2941} INFO - Sync 1 DAGs
[2023-11-14T21:41:01.565+0000] {logging_mixin.py:154} INFO - [2023-11-14T21:41:01.565+0000] {dag.py:3722} INFO - Setting next_dagrun for example_sensors to None, run_after=None
[2023-11-14T21:41:01.606+0000] {processor.py:179} INFO - Processing /home/airflow/.local/lib/python3.8/site-packages/airflow/example_dags/example_sensors.py took 0.115 seconds
[2023-11-14T21:41:32.589+0000] {processor.py:157} INFO - Started process (PID=871) to work on /home/airflow/.local/lib/python3.8/site-packages/airflow/example_dags/example_sensors.py
[2023-11-14T21:41:32.596+0000] {processor.py:829} INFO - Processing file /home/airflow/.local/lib/python3.8/site-packages/airflow/example_dags/example_sensors.py for tasks to queue
[2023-11-14T21:41:32.607+0000] {logging_mixin.py:154} INFO - [2023-11-14T21:41:32.605+0000] {dagbag.py:536} INFO - Filling up the DagBag from /home/airflow/.local/lib/python3.8/site-packages/airflow/example_dags/example_sensors.py
[2023-11-14T21:41:32.650+0000] {processor.py:839} INFO - DAG(s) dict_keys(['example_sensors']) retrieved from /home/airflow/.local/lib/python3.8/site-packages/airflow/example_dags/example_sensors.py
[2023-11-14T21:41:32.713+0000] {logging_mixin.py:154} INFO - [2023-11-14T21:41:32.713+0000] {dag.py:2941} INFO - Sync 1 DAGs
[2023-11-14T21:41:32.736+0000] {logging_mixin.py:154} INFO - [2023-11-14T21:41:32.735+0000] {dag.py:3722} INFO - Setting next_dagrun for example_sensors to None, run_after=None
[2023-11-14T21:41:32.784+0000] {processor.py:179} INFO - Processing /home/airflow/.local/lib/python3.8/site-packages/airflow/example_dags/example_sensors.py took 0.215 seconds
[2023-11-14T21:42:03.249+0000] {processor.py:157} INFO - Started process (PID=925) to work on /home/airflow/.local/lib/python3.8/site-packages/airflow/example_dags/example_sensors.py
[2023-11-14T21:42:03.250+0000] {processor.py:829} INFO - Processing file /home/airflow/.local/lib/python3.8/site-packages/airflow/example_dags/example_sensors.py for tasks to queue
[2023-11-14T21:42:03.253+0000] {logging_mixin.py:154} INFO - [2023-11-14T21:42:03.253+0000] {dagbag.py:536} INFO - Filling up the DagBag from /home/airflow/.local/lib/python3.8/site-packages/airflow/example_dags/example_sensors.py
[2023-11-14T21:42:03.266+0000] {processor.py:839} INFO - DAG(s) dict_keys(['example_sensors']) retrieved from /home/airflow/.local/lib/python3.8/site-packages/airflow/example_dags/example_sensors.py
[2023-11-14T21:42:03.298+0000] {logging_mixin.py:154} INFO - [2023-11-14T21:42:03.298+0000] {dag.py:2941} INFO - Sync 1 DAGs
[2023-11-14T21:42:03.314+0000] {logging_mixin.py:154} INFO - [2023-11-14T21:42:03.314+0000] {dag.py:3722} INFO - Setting next_dagrun for example_sensors to None, run_after=None
[2023-11-14T21:42:03.347+0000] {processor.py:179} INFO - Processing /home/airflow/.local/lib/python3.8/site-packages/airflow/example_dags/example_sensors.py took 0.103 seconds
[2023-11-14T21:42:33.419+0000] {processor.py:157} INFO - Started process (PID=978) to work on /home/airflow/.local/lib/python3.8/site-packages/airflow/example_dags/example_sensors.py
[2023-11-14T21:42:33.431+0000] {processor.py:829} INFO - Processing file /home/airflow/.local/lib/python3.8/site-packages/airflow/example_dags/example_sensors.py for tasks to queue
[2023-11-14T21:42:33.435+0000] {logging_mixin.py:154} INFO - [2023-11-14T21:42:33.434+0000] {dagbag.py:536} INFO - Filling up the DagBag from /home/airflow/.local/lib/python3.8/site-packages/airflow/example_dags/example_sensors.py
[2023-11-14T21:42:33.450+0000] {processor.py:839} INFO - DAG(s) dict_keys(['example_sensors']) retrieved from /home/airflow/.local/lib/python3.8/site-packages/airflow/example_dags/example_sensors.py
[2023-11-14T21:42:33.497+0000] {logging_mixin.py:154} INFO - [2023-11-14T21:42:33.496+0000] {dag.py:2941} INFO - Sync 1 DAGs
[2023-11-14T21:42:33.525+0000] {logging_mixin.py:154} INFO - [2023-11-14T21:42:33.525+0000] {dag.py:3722} INFO - Setting next_dagrun for example_sensors to None, run_after=None
[2023-11-14T21:42:33.560+0000] {processor.py:179} INFO - Processing /home/airflow/.local/lib/python3.8/site-packages/airflow/example_dags/example_sensors.py took 0.147 seconds
[2023-11-14T21:43:03.739+0000] {processor.py:157} INFO - Started process (PID=1033) to work on /home/airflow/.local/lib/python3.8/site-packages/airflow/example_dags/example_sensors.py
[2023-11-14T21:43:03.741+0000] {processor.py:829} INFO - Processing file /home/airflow/.local/lib/python3.8/site-packages/airflow/example_dags/example_sensors.py for tasks to queue
[2023-11-14T21:43:03.745+0000] {logging_mixin.py:154} INFO - [2023-11-14T21:43:03.744+0000] {dagbag.py:536} INFO - Filling up the DagBag from /home/airflow/.local/lib/python3.8/site-packages/airflow/example_dags/example_sensors.py
[2023-11-14T21:43:03.759+0000] {processor.py:839} INFO - DAG(s) dict_keys(['example_sensors']) retrieved from /home/airflow/.local/lib/python3.8/site-packages/airflow/example_dags/example_sensors.py
[2023-11-14T21:43:03.800+0000] {logging_mixin.py:154} INFO - [2023-11-14T21:43:03.799+0000] {dag.py:2941} INFO - Sync 1 DAGs
[2023-11-14T21:43:03.817+0000] {logging_mixin.py:154} INFO - [2023-11-14T21:43:03.817+0000] {dag.py:3722} INFO - Setting next_dagrun for example_sensors to None, run_after=None
[2023-11-14T21:43:03.852+0000] {processor.py:179} INFO - Processing /home/airflow/.local/lib/python3.8/site-packages/airflow/example_dags/example_sensors.py took 0.128 seconds
[2023-11-14T21:43:34.077+0000] {processor.py:157} INFO - Started process (PID=1088) to work on /home/airflow/.local/lib/python3.8/site-packages/airflow/example_dags/example_sensors.py
[2023-11-14T21:43:34.079+0000] {processor.py:829} INFO - Processing file /home/airflow/.local/lib/python3.8/site-packages/airflow/example_dags/example_sensors.py for tasks to queue
[2023-11-14T21:43:34.084+0000] {logging_mixin.py:154} INFO - [2023-11-14T21:43:34.083+0000] {dagbag.py:536} INFO - Filling up the DagBag from /home/airflow/.local/lib/python3.8/site-packages/airflow/example_dags/example_sensors.py
[2023-11-14T21:43:34.098+0000] {processor.py:839} INFO - DAG(s) dict_keys(['example_sensors']) retrieved from /home/airflow/.local/lib/python3.8/site-packages/airflow/example_dags/example_sensors.py
[2023-11-14T21:43:34.130+0000] {logging_mixin.py:154} INFO - [2023-11-14T21:43:34.130+0000] {dag.py:2941} INFO - Sync 1 DAGs
[2023-11-14T21:43:34.146+0000] {logging_mixin.py:154} INFO - [2023-11-14T21:43:34.145+0000] {dag.py:3722} INFO - Setting next_dagrun for example_sensors to None, run_after=None
[2023-11-14T21:43:34.179+0000] {processor.py:179} INFO - Processing /home/airflow/.local/lib/python3.8/site-packages/airflow/example_dags/example_sensors.py took 0.111 seconds
[2023-11-14T21:44:04.247+0000] {processor.py:157} INFO - Started process (PID=1141) to work on /home/airflow/.local/lib/python3.8/site-packages/airflow/example_dags/example_sensors.py
[2023-11-14T21:44:04.248+0000] {processor.py:829} INFO - Processing file /home/airflow/.local/lib/python3.8/site-packages/airflow/example_dags/example_sensors.py for tasks to queue
[2023-11-14T21:44:04.252+0000] {logging_mixin.py:154} INFO - [2023-11-14T21:44:04.251+0000] {dagbag.py:536} INFO - Filling up the DagBag from /home/airflow/.local/lib/python3.8/site-packages/airflow/example_dags/example_sensors.py
[2023-11-14T21:44:04.270+0000] {processor.py:839} INFO - DAG(s) dict_keys(['example_sensors']) retrieved from /home/airflow/.local/lib/python3.8/site-packages/airflow/example_dags/example_sensors.py
[2023-11-14T21:44:04.323+0000] {logging_mixin.py:154} INFO - [2023-11-14T21:44:04.322+0000] {dag.py:2941} INFO - Sync 1 DAGs
[2023-11-14T21:44:04.349+0000] {logging_mixin.py:154} INFO - [2023-11-14T21:44:04.348+0000] {dag.py:3722} INFO - Setting next_dagrun for example_sensors to None, run_after=None
[2023-11-14T21:44:04.380+0000] {processor.py:179} INFO - Processing /home/airflow/.local/lib/python3.8/site-packages/airflow/example_dags/example_sensors.py took 0.140 seconds
[2023-11-14T21:44:35.372+0000] {processor.py:157} INFO - Started process (PID=1196) to work on /home/airflow/.local/lib/python3.8/site-packages/airflow/example_dags/example_sensors.py
[2023-11-14T21:44:35.374+0000] {processor.py:829} INFO - Processing file /home/airflow/.local/lib/python3.8/site-packages/airflow/example_dags/example_sensors.py for tasks to queue
[2023-11-14T21:44:35.376+0000] {logging_mixin.py:154} INFO - [2023-11-14T21:44:35.376+0000] {dagbag.py:536} INFO - Filling up the DagBag from /home/airflow/.local/lib/python3.8/site-packages/airflow/example_dags/example_sensors.py
[2023-11-14T21:44:35.386+0000] {processor.py:839} INFO - DAG(s) dict_keys(['example_sensors']) retrieved from /home/airflow/.local/lib/python3.8/site-packages/airflow/example_dags/example_sensors.py
[2023-11-14T21:44:35.417+0000] {logging_mixin.py:154} INFO - [2023-11-14T21:44:35.416+0000] {dag.py:2941} INFO - Sync 1 DAGs
[2023-11-14T21:44:35.431+0000] {logging_mixin.py:154} INFO - [2023-11-14T21:44:35.431+0000] {dag.py:3722} INFO - Setting next_dagrun for example_sensors to None, run_after=None
[2023-11-14T21:44:35.455+0000] {processor.py:179} INFO - Processing /home/airflow/.local/lib/python3.8/site-packages/airflow/example_dags/example_sensors.py took 0.087 seconds
[2023-11-14T21:45:06.917+0000] {processor.py:157} INFO - Started process (PID=1252) to work on /home/airflow/.local/lib/python3.8/site-packages/airflow/example_dags/example_sensors.py
[2023-11-14T21:45:06.919+0000] {processor.py:829} INFO - Processing file /home/airflow/.local/lib/python3.8/site-packages/airflow/example_dags/example_sensors.py for tasks to queue
[2023-11-14T21:45:06.923+0000] {logging_mixin.py:154} INFO - [2023-11-14T21:45:06.922+0000] {dagbag.py:536} INFO - Filling up the DagBag from /home/airflow/.local/lib/python3.8/site-packages/airflow/example_dags/example_sensors.py
[2023-11-14T21:45:06.938+0000] {processor.py:839} INFO - DAG(s) dict_keys(['example_sensors']) retrieved from /home/airflow/.local/lib/python3.8/site-packages/airflow/example_dags/example_sensors.py
[2023-11-14T21:45:06.979+0000] {logging_mixin.py:154} INFO - [2023-11-14T21:45:06.979+0000] {dag.py:2941} INFO - Sync 1 DAGs
[2023-11-14T21:45:06.996+0000] {logging_mixin.py:154} INFO - [2023-11-14T21:45:06.996+0000] {dag.py:3722} INFO - Setting next_dagrun for example_sensors to None, run_after=None
[2023-11-14T21:45:07.167+0000] {processor.py:179} INFO - Processing /home/airflow/.local/lib/python3.8/site-packages/airflow/example_dags/example_sensors.py took 0.256 seconds
[2023-11-14T21:45:37.626+0000] {processor.py:157} INFO - Started process (PID=1311) to work on /home/airflow/.local/lib/python3.8/site-packages/airflow/example_dags/example_sensors.py
[2023-11-14T21:45:37.627+0000] {processor.py:829} INFO - Processing file /home/airflow/.local/lib/python3.8/site-packages/airflow/example_dags/example_sensors.py for tasks to queue
[2023-11-14T21:45:37.629+0000] {logging_mixin.py:154} INFO - [2023-11-14T21:45:37.629+0000] {dagbag.py:536} INFO - Filling up the DagBag from /home/airflow/.local/lib/python3.8/site-packages/airflow/example_dags/example_sensors.py
[2023-11-14T21:45:37.640+0000] {processor.py:839} INFO - DAG(s) dict_keys(['example_sensors']) retrieved from /home/airflow/.local/lib/python3.8/site-packages/airflow/example_dags/example_sensors.py
[2023-11-14T21:45:37.671+0000] {logging_mixin.py:154} INFO - [2023-11-14T21:45:37.671+0000] {dag.py:2941} INFO - Sync 1 DAGs
[2023-11-14T21:45:37.689+0000] {logging_mixin.py:154} INFO - [2023-11-14T21:45:37.689+0000] {dag.py:3722} INFO - Setting next_dagrun for example_sensors to None, run_after=None
[2023-11-14T21:45:37.713+0000] {processor.py:179} INFO - Processing /home/airflow/.local/lib/python3.8/site-packages/airflow/example_dags/example_sensors.py took 0.092 seconds
[2023-11-14T21:46:07.879+0000] {processor.py:157} INFO - Started process (PID=1365) to work on /home/airflow/.local/lib/python3.8/site-packages/airflow/example_dags/example_sensors.py
[2023-11-14T21:46:07.881+0000] {processor.py:829} INFO - Processing file /home/airflow/.local/lib/python3.8/site-packages/airflow/example_dags/example_sensors.py for tasks to queue
[2023-11-14T21:46:07.883+0000] {logging_mixin.py:154} INFO - [2023-11-14T21:46:07.883+0000] {dagbag.py:536} INFO - Filling up the DagBag from /home/airflow/.local/lib/python3.8/site-packages/airflow/example_dags/example_sensors.py
[2023-11-14T21:46:07.895+0000] {processor.py:839} INFO - DAG(s) dict_keys(['example_sensors']) retrieved from /home/airflow/.local/lib/python3.8/site-packages/airflow/example_dags/example_sensors.py
[2023-11-14T21:46:07.927+0000] {logging_mixin.py:154} INFO - [2023-11-14T21:46:07.927+0000] {dag.py:2941} INFO - Sync 1 DAGs
[2023-11-14T21:46:07.942+0000] {logging_mixin.py:154} INFO - [2023-11-14T21:46:07.942+0000] {dag.py:3722} INFO - Setting next_dagrun for example_sensors to None, run_after=None
[2023-11-14T21:46:07.970+0000] {processor.py:179} INFO - Processing /home/airflow/.local/lib/python3.8/site-packages/airflow/example_dags/example_sensors.py took 0.095 seconds
[2023-11-14T21:46:38.559+0000] {processor.py:157} INFO - Started process (PID=1419) to work on /home/airflow/.local/lib/python3.8/site-packages/airflow/example_dags/example_sensors.py
[2023-11-14T21:46:38.560+0000] {processor.py:829} INFO - Processing file /home/airflow/.local/lib/python3.8/site-packages/airflow/example_dags/example_sensors.py for tasks to queue
[2023-11-14T21:46:38.563+0000] {logging_mixin.py:154} INFO - [2023-11-14T21:46:38.563+0000] {dagbag.py:536} INFO - Filling up the DagBag from /home/airflow/.local/lib/python3.8/site-packages/airflow/example_dags/example_sensors.py
[2023-11-14T21:46:38.575+0000] {processor.py:839} INFO - DAG(s) dict_keys(['example_sensors']) retrieved from /home/airflow/.local/lib/python3.8/site-packages/airflow/example_dags/example_sensors.py
[2023-11-14T21:46:38.606+0000] {logging_mixin.py:154} INFO - [2023-11-14T21:46:38.606+0000] {dag.py:2941} INFO - Sync 1 DAGs
[2023-11-14T21:46:38.622+0000] {logging_mixin.py:154} INFO - [2023-11-14T21:46:38.621+0000] {dag.py:3722} INFO - Setting next_dagrun for example_sensors to None, run_after=None
[2023-11-14T21:46:38.794+0000] {processor.py:179} INFO - Processing /home/airflow/.local/lib/python3.8/site-packages/airflow/example_dags/example_sensors.py took 0.239 seconds
[2023-11-14T21:47:09.623+0000] {processor.py:157} INFO - Started process (PID=1473) to work on /home/airflow/.local/lib/python3.8/site-packages/airflow/example_dags/example_sensors.py
[2023-11-14T21:47:09.625+0000] {processor.py:829} INFO - Processing file /home/airflow/.local/lib/python3.8/site-packages/airflow/example_dags/example_sensors.py for tasks to queue
[2023-11-14T21:47:09.629+0000] {logging_mixin.py:154} INFO - [2023-11-14T21:47:09.628+0000] {dagbag.py:536} INFO - Filling up the DagBag from /home/airflow/.local/lib/python3.8/site-packages/airflow/example_dags/example_sensors.py
[2023-11-14T21:47:09.641+0000] {processor.py:839} INFO - DAG(s) dict_keys(['example_sensors']) retrieved from /home/airflow/.local/lib/python3.8/site-packages/airflow/example_dags/example_sensors.py
[2023-11-14T21:47:09.672+0000] {logging_mixin.py:154} INFO - [2023-11-14T21:47:09.672+0000] {dag.py:2941} INFO - Sync 1 DAGs
[2023-11-14T21:47:09.689+0000] {logging_mixin.py:154} INFO - [2023-11-14T21:47:09.689+0000] {dag.py:3722} INFO - Setting next_dagrun for example_sensors to None, run_after=None
[2023-11-14T21:47:09.721+0000] {processor.py:179} INFO - Processing /home/airflow/.local/lib/python3.8/site-packages/airflow/example_dags/example_sensors.py took 0.105 seconds
[2023-11-14T21:47:40.057+0000] {processor.py:157} INFO - Started process (PID=1527) to work on /home/airflow/.local/lib/python3.8/site-packages/airflow/example_dags/example_sensors.py
[2023-11-14T21:47:40.057+0000] {processor.py:829} INFO - Processing file /home/airflow/.local/lib/python3.8/site-packages/airflow/example_dags/example_sensors.py for tasks to queue
[2023-11-14T21:47:40.060+0000] {logging_mixin.py:154} INFO - [2023-11-14T21:47:40.060+0000] {dagbag.py:536} INFO - Filling up the DagBag from /home/airflow/.local/lib/python3.8/site-packages/airflow/example_dags/example_sensors.py
[2023-11-14T21:47:40.074+0000] {processor.py:839} INFO - DAG(s) dict_keys(['example_sensors']) retrieved from /home/airflow/.local/lib/python3.8/site-packages/airflow/example_dags/example_sensors.py
[2023-11-14T21:47:40.266+0000] {logging_mixin.py:154} INFO - [2023-11-14T21:47:40.266+0000] {dag.py:2941} INFO - Sync 1 DAGs
[2023-11-14T21:47:40.282+0000] {logging_mixin.py:154} INFO - [2023-11-14T21:47:40.281+0000] {dag.py:3722} INFO - Setting next_dagrun for example_sensors to None, run_after=None
[2023-11-14T21:47:40.309+0000] {processor.py:179} INFO - Processing /home/airflow/.local/lib/python3.8/site-packages/airflow/example_dags/example_sensors.py took 0.257 seconds
[2023-11-14T21:48:10.534+0000] {processor.py:157} INFO - Started process (PID=1582) to work on /home/airflow/.local/lib/python3.8/site-packages/airflow/example_dags/example_sensors.py
[2023-11-14T21:48:10.536+0000] {processor.py:829} INFO - Processing file /home/airflow/.local/lib/python3.8/site-packages/airflow/example_dags/example_sensors.py for tasks to queue
[2023-11-14T21:48:10.539+0000] {logging_mixin.py:154} INFO - [2023-11-14T21:48:10.539+0000] {dagbag.py:536} INFO - Filling up the DagBag from /home/airflow/.local/lib/python3.8/site-packages/airflow/example_dags/example_sensors.py
[2023-11-14T21:48:10.551+0000] {processor.py:839} INFO - DAG(s) dict_keys(['example_sensors']) retrieved from /home/airflow/.local/lib/python3.8/site-packages/airflow/example_dags/example_sensors.py
[2023-11-14T21:48:10.586+0000] {logging_mixin.py:154} INFO - [2023-11-14T21:48:10.586+0000] {dag.py:2941} INFO - Sync 1 DAGs
[2023-11-14T21:48:10.602+0000] {logging_mixin.py:154} INFO - [2023-11-14T21:48:10.601+0000] {dag.py:3722} INFO - Setting next_dagrun for example_sensors to None, run_after=None
[2023-11-14T21:48:10.774+0000] {processor.py:179} INFO - Processing /home/airflow/.local/lib/python3.8/site-packages/airflow/example_dags/example_sensors.py took 0.245 seconds
[2023-11-14T21:48:41.139+0000] {processor.py:157} INFO - Started process (PID=1636) to work on /home/airflow/.local/lib/python3.8/site-packages/airflow/example_dags/example_sensors.py
[2023-11-14T21:48:41.140+0000] {processor.py:829} INFO - Processing file /home/airflow/.local/lib/python3.8/site-packages/airflow/example_dags/example_sensors.py for tasks to queue
[2023-11-14T21:48:41.143+0000] {logging_mixin.py:154} INFO - [2023-11-14T21:48:41.142+0000] {dagbag.py:536} INFO - Filling up the DagBag from /home/airflow/.local/lib/python3.8/site-packages/airflow/example_dags/example_sensors.py
[2023-11-14T21:48:41.156+0000] {processor.py:839} INFO - DAG(s) dict_keys(['example_sensors']) retrieved from /home/airflow/.local/lib/python3.8/site-packages/airflow/example_dags/example_sensors.py
[2023-11-14T21:48:41.194+0000] {logging_mixin.py:154} INFO - [2023-11-14T21:48:41.194+0000] {dag.py:2941} INFO - Sync 1 DAGs
[2023-11-14T21:48:41.215+0000] {logging_mixin.py:154} INFO - [2023-11-14T21:48:41.215+0000] {dag.py:3722} INFO - Setting next_dagrun for example_sensors to None, run_after=None
[2023-11-14T21:48:41.258+0000] {processor.py:179} INFO - Processing /home/airflow/.local/lib/python3.8/site-packages/airflow/example_dags/example_sensors.py took 0.124 seconds
[2023-11-14T21:49:12.058+0000] {processor.py:157} INFO - Started process (PID=1690) to work on /home/airflow/.local/lib/python3.8/site-packages/airflow/example_dags/example_sensors.py
[2023-11-14T21:49:12.059+0000] {processor.py:829} INFO - Processing file /home/airflow/.local/lib/python3.8/site-packages/airflow/example_dags/example_sensors.py for tasks to queue
[2023-11-14T21:49:12.061+0000] {logging_mixin.py:154} INFO - [2023-11-14T21:49:12.061+0000] {dagbag.py:536} INFO - Filling up the DagBag from /home/airflow/.local/lib/python3.8/site-packages/airflow/example_dags/example_sensors.py
[2023-11-14T21:49:12.072+0000] {processor.py:839} INFO - DAG(s) dict_keys(['example_sensors']) retrieved from /home/airflow/.local/lib/python3.8/site-packages/airflow/example_dags/example_sensors.py
[2023-11-14T21:49:12.104+0000] {logging_mixin.py:154} INFO - [2023-11-14T21:49:12.104+0000] {dag.py:2941} INFO - Sync 1 DAGs
[2023-11-14T21:49:12.264+0000] {logging_mixin.py:154} INFO - [2023-11-14T21:49:12.263+0000] {dag.py:3722} INFO - Setting next_dagrun for example_sensors to None, run_after=None
[2023-11-14T21:49:12.308+0000] {processor.py:179} INFO - Processing /home/airflow/.local/lib/python3.8/site-packages/airflow/example_dags/example_sensors.py took 0.255 seconds
[2023-11-14T21:49:42.995+0000] {processor.py:157} INFO - Started process (PID=1744) to work on /home/airflow/.local/lib/python3.8/site-packages/airflow/example_dags/example_sensors.py
[2023-11-14T21:49:42.996+0000] {processor.py:829} INFO - Processing file /home/airflow/.local/lib/python3.8/site-packages/airflow/example_dags/example_sensors.py for tasks to queue
[2023-11-14T21:49:42.999+0000] {logging_mixin.py:154} INFO - [2023-11-14T21:49:42.999+0000] {dagbag.py:536} INFO - Filling up the DagBag from /home/airflow/.local/lib/python3.8/site-packages/airflow/example_dags/example_sensors.py
[2023-11-14T21:49:43.014+0000] {processor.py:839} INFO - DAG(s) dict_keys(['example_sensors']) retrieved from /home/airflow/.local/lib/python3.8/site-packages/airflow/example_dags/example_sensors.py
[2023-11-14T21:49:43.047+0000] {logging_mixin.py:154} INFO - [2023-11-14T21:49:43.046+0000] {dag.py:2941} INFO - Sync 1 DAGs
[2023-11-14T21:49:43.062+0000] {logging_mixin.py:154} INFO - [2023-11-14T21:49:43.062+0000] {dag.py:3722} INFO - Setting next_dagrun for example_sensors to None, run_after=None
[2023-11-14T21:49:43.099+0000] {processor.py:179} INFO - Processing /home/airflow/.local/lib/python3.8/site-packages/airflow/example_dags/example_sensors.py took 0.108 seconds
[2023-11-14T21:50:13.801+0000] {processor.py:157} INFO - Started process (PID=1798) to work on /home/airflow/.local/lib/python3.8/site-packages/airflow/example_dags/example_sensors.py
[2023-11-14T21:50:13.803+0000] {processor.py:829} INFO - Processing file /home/airflow/.local/lib/python3.8/site-packages/airflow/example_dags/example_sensors.py for tasks to queue
[2023-11-14T21:50:13.806+0000] {logging_mixin.py:154} INFO - [2023-11-14T21:50:13.806+0000] {dagbag.py:536} INFO - Filling up the DagBag from /home/airflow/.local/lib/python3.8/site-packages/airflow/example_dags/example_sensors.py
[2023-11-14T21:50:13.820+0000] {processor.py:839} INFO - DAG(s) dict_keys(['example_sensors']) retrieved from /home/airflow/.local/lib/python3.8/site-packages/airflow/example_dags/example_sensors.py
[2023-11-14T21:50:13.863+0000] {logging_mixin.py:154} INFO - [2023-11-14T21:50:13.862+0000] {dag.py:2941} INFO - Sync 1 DAGs
[2023-11-14T21:50:13.891+0000] {logging_mixin.py:154} INFO - [2023-11-14T21:50:13.891+0000] {dag.py:3722} INFO - Setting next_dagrun for example_sensors to None, run_after=None
[2023-11-14T21:50:13.927+0000] {processor.py:179} INFO - Processing /home/airflow/.local/lib/python3.8/site-packages/airflow/example_dags/example_sensors.py took 0.131 seconds
[2023-11-14T21:50:44.004+0000] {processor.py:157} INFO - Started process (PID=1851) to work on /home/airflow/.local/lib/python3.8/site-packages/airflow/example_dags/example_sensors.py
[2023-11-14T21:50:44.005+0000] {processor.py:829} INFO - Processing file /home/airflow/.local/lib/python3.8/site-packages/airflow/example_dags/example_sensors.py for tasks to queue
[2023-11-14T21:50:44.009+0000] {logging_mixin.py:154} INFO - [2023-11-14T21:50:44.009+0000] {dagbag.py:536} INFO - Filling up the DagBag from /home/airflow/.local/lib/python3.8/site-packages/airflow/example_dags/example_sensors.py
[2023-11-14T21:50:44.023+0000] {processor.py:839} INFO - DAG(s) dict_keys(['example_sensors']) retrieved from /home/airflow/.local/lib/python3.8/site-packages/airflow/example_dags/example_sensors.py
[2023-11-14T21:50:44.057+0000] {logging_mixin.py:154} INFO - [2023-11-14T21:50:44.057+0000] {dag.py:2941} INFO - Sync 1 DAGs
[2023-11-14T21:50:44.075+0000] {logging_mixin.py:154} INFO - [2023-11-14T21:50:44.075+0000] {dag.py:3722} INFO - Setting next_dagrun for example_sensors to None, run_after=None
[2023-11-14T21:50:44.116+0000] {processor.py:179} INFO - Processing /home/airflow/.local/lib/python3.8/site-packages/airflow/example_dags/example_sensors.py took 0.117 seconds
[2023-11-14T21:51:14.705+0000] {processor.py:157} INFO - Started process (PID=1906) to work on /home/airflow/.local/lib/python3.8/site-packages/airflow/example_dags/example_sensors.py
[2023-11-14T21:51:14.707+0000] {processor.py:829} INFO - Processing file /home/airflow/.local/lib/python3.8/site-packages/airflow/example_dags/example_sensors.py for tasks to queue
[2023-11-14T21:51:14.709+0000] {logging_mixin.py:154} INFO - [2023-11-14T21:51:14.709+0000] {dagbag.py:536} INFO - Filling up the DagBag from /home/airflow/.local/lib/python3.8/site-packages/airflow/example_dags/example_sensors.py
[2023-11-14T21:51:14.724+0000] {processor.py:839} INFO - DAG(s) dict_keys(['example_sensors']) retrieved from /home/airflow/.local/lib/python3.8/site-packages/airflow/example_dags/example_sensors.py
[2023-11-14T21:51:14.762+0000] {logging_mixin.py:154} INFO - [2023-11-14T21:51:14.762+0000] {dag.py:2941} INFO - Sync 1 DAGs
[2023-11-14T21:51:14.777+0000] {logging_mixin.py:154} INFO - [2023-11-14T21:51:14.777+0000] {dag.py:3722} INFO - Setting next_dagrun for example_sensors to None, run_after=None
[2023-11-14T21:51:14.802+0000] {processor.py:179} INFO - Processing /home/airflow/.local/lib/python3.8/site-packages/airflow/example_dags/example_sensors.py took 0.102 seconds
[2023-11-14T21:51:45.354+0000] {processor.py:157} INFO - Started process (PID=1960) to work on /home/airflow/.local/lib/python3.8/site-packages/airflow/example_dags/example_sensors.py
[2023-11-14T21:51:45.355+0000] {processor.py:829} INFO - Processing file /home/airflow/.local/lib/python3.8/site-packages/airflow/example_dags/example_sensors.py for tasks to queue
[2023-11-14T21:51:45.358+0000] {logging_mixin.py:154} INFO - [2023-11-14T21:51:45.358+0000] {dagbag.py:536} INFO - Filling up the DagBag from /home/airflow/.local/lib/python3.8/site-packages/airflow/example_dags/example_sensors.py
[2023-11-14T21:51:45.371+0000] {processor.py:839} INFO - DAG(s) dict_keys(['example_sensors']) retrieved from /home/airflow/.local/lib/python3.8/site-packages/airflow/example_dags/example_sensors.py
[2023-11-14T21:51:45.402+0000] {logging_mixin.py:154} INFO - [2023-11-14T21:51:45.402+0000] {dag.py:2941} INFO - Sync 1 DAGs
[2023-11-14T21:51:45.418+0000] {logging_mixin.py:154} INFO - [2023-11-14T21:51:45.417+0000] {dag.py:3722} INFO - Setting next_dagrun for example_sensors to None, run_after=None
[2023-11-14T21:51:45.441+0000] {processor.py:179} INFO - Processing /home/airflow/.local/lib/python3.8/site-packages/airflow/example_dags/example_sensors.py took 0.092 seconds
[2023-11-14T21:52:15.944+0000] {processor.py:157} INFO - Started process (PID=2015) to work on /home/airflow/.local/lib/python3.8/site-packages/airflow/example_dags/example_sensors.py
[2023-11-14T21:52:15.946+0000] {processor.py:829} INFO - Processing file /home/airflow/.local/lib/python3.8/site-packages/airflow/example_dags/example_sensors.py for tasks to queue
[2023-11-14T21:52:15.950+0000] {logging_mixin.py:154} INFO - [2023-11-14T21:52:15.949+0000] {dagbag.py:536} INFO - Filling up the DagBag from /home/airflow/.local/lib/python3.8/site-packages/airflow/example_dags/example_sensors.py
[2023-11-14T21:52:15.965+0000] {processor.py:839} INFO - DAG(s) dict_keys(['example_sensors']) retrieved from /home/airflow/.local/lib/python3.8/site-packages/airflow/example_dags/example_sensors.py
[2023-11-14T21:52:16.001+0000] {logging_mixin.py:154} INFO - [2023-11-14T21:52:16.001+0000] {dag.py:2941} INFO - Sync 1 DAGs
[2023-11-14T21:52:16.018+0000] {logging_mixin.py:154} INFO - [2023-11-14T21:52:16.018+0000] {dag.py:3722} INFO - Setting next_dagrun for example_sensors to None, run_after=None
[2023-11-14T21:52:16.041+0000] {processor.py:179} INFO - Processing /home/airflow/.local/lib/python3.8/site-packages/airflow/example_dags/example_sensors.py took 0.108 seconds
[2023-11-14T21:52:46.233+0000] {processor.py:157} INFO - Started process (PID=2069) to work on /home/airflow/.local/lib/python3.8/site-packages/airflow/example_dags/example_sensors.py
[2023-11-14T21:52:46.235+0000] {processor.py:829} INFO - Processing file /home/airflow/.local/lib/python3.8/site-packages/airflow/example_dags/example_sensors.py for tasks to queue
[2023-11-14T21:52:46.240+0000] {logging_mixin.py:154} INFO - [2023-11-14T21:52:46.240+0000] {dagbag.py:536} INFO - Filling up the DagBag from /home/airflow/.local/lib/python3.8/site-packages/airflow/example_dags/example_sensors.py
[2023-11-14T21:52:46.256+0000] {processor.py:839} INFO - DAG(s) dict_keys(['example_sensors']) retrieved from /home/airflow/.local/lib/python3.8/site-packages/airflow/example_dags/example_sensors.py
[2023-11-14T21:52:46.294+0000] {logging_mixin.py:154} INFO - [2023-11-14T21:52:46.294+0000] {dag.py:2941} INFO - Sync 1 DAGs
[2023-11-14T21:52:46.312+0000] {logging_mixin.py:154} INFO - [2023-11-14T21:52:46.312+0000] {dag.py:3722} INFO - Setting next_dagrun for example_sensors to None, run_after=None
[2023-11-14T21:52:46.341+0000] {processor.py:179} INFO - Processing /home/airflow/.local/lib/python3.8/site-packages/airflow/example_dags/example_sensors.py took 0.115 seconds
[2023-11-14T21:53:17.015+0000] {processor.py:157} INFO - Started process (PID=2123) to work on /home/airflow/.local/lib/python3.8/site-packages/airflow/example_dags/example_sensors.py
[2023-11-14T21:53:17.016+0000] {processor.py:829} INFO - Processing file /home/airflow/.local/lib/python3.8/site-packages/airflow/example_dags/example_sensors.py for tasks to queue
[2023-11-14T21:53:17.020+0000] {logging_mixin.py:154} INFO - [2023-11-14T21:53:17.020+0000] {dagbag.py:536} INFO - Filling up the DagBag from /home/airflow/.local/lib/python3.8/site-packages/airflow/example_dags/example_sensors.py
[2023-11-14T21:53:17.033+0000] {processor.py:839} INFO - DAG(s) dict_keys(['example_sensors']) retrieved from /home/airflow/.local/lib/python3.8/site-packages/airflow/example_dags/example_sensors.py
[2023-11-14T21:53:17.070+0000] {logging_mixin.py:154} INFO - [2023-11-14T21:53:17.070+0000] {dag.py:2941} INFO - Sync 1 DAGs
[2023-11-14T21:53:17.089+0000] {logging_mixin.py:154} INFO - [2023-11-14T21:53:17.088+0000] {dag.py:3722} INFO - Setting next_dagrun for example_sensors to None, run_after=None
[2023-11-14T21:53:17.117+0000] {processor.py:179} INFO - Processing /home/airflow/.local/lib/python3.8/site-packages/airflow/example_dags/example_sensors.py took 0.107 seconds
[2023-11-14T21:53:47.881+0000] {processor.py:157} INFO - Started process (PID=2177) to work on /home/airflow/.local/lib/python3.8/site-packages/airflow/example_dags/example_sensors.py
[2023-11-14T21:53:47.882+0000] {processor.py:829} INFO - Processing file /home/airflow/.local/lib/python3.8/site-packages/airflow/example_dags/example_sensors.py for tasks to queue
[2023-11-14T21:53:47.886+0000] {logging_mixin.py:154} INFO - [2023-11-14T21:53:47.886+0000] {dagbag.py:536} INFO - Filling up the DagBag from /home/airflow/.local/lib/python3.8/site-packages/airflow/example_dags/example_sensors.py
[2023-11-14T21:53:47.898+0000] {processor.py:839} INFO - DAG(s) dict_keys(['example_sensors']) retrieved from /home/airflow/.local/lib/python3.8/site-packages/airflow/example_dags/example_sensors.py
[2023-11-14T21:53:47.937+0000] {logging_mixin.py:154} INFO - [2023-11-14T21:53:47.937+0000] {dag.py:2941} INFO - Sync 1 DAGs
[2023-11-14T21:53:47.953+0000] {logging_mixin.py:154} INFO - [2023-11-14T21:53:47.952+0000] {dag.py:3722} INFO - Setting next_dagrun for example_sensors to None, run_after=None
[2023-11-14T21:53:47.976+0000] {processor.py:179} INFO - Processing /home/airflow/.local/lib/python3.8/site-packages/airflow/example_dags/example_sensors.py took 0.099 seconds
[2023-11-14T21:54:18.395+0000] {processor.py:157} INFO - Started process (PID=2231) to work on /home/airflow/.local/lib/python3.8/site-packages/airflow/example_dags/example_sensors.py
[2023-11-14T21:54:18.396+0000] {processor.py:829} INFO - Processing file /home/airflow/.local/lib/python3.8/site-packages/airflow/example_dags/example_sensors.py for tasks to queue
[2023-11-14T21:54:18.399+0000] {logging_mixin.py:154} INFO - [2023-11-14T21:54:18.399+0000] {dagbag.py:536} INFO - Filling up the DagBag from /home/airflow/.local/lib/python3.8/site-packages/airflow/example_dags/example_sensors.py
[2023-11-14T21:54:18.411+0000] {processor.py:839} INFO - DAG(s) dict_keys(['example_sensors']) retrieved from /home/airflow/.local/lib/python3.8/site-packages/airflow/example_dags/example_sensors.py
[2023-11-14T21:54:18.446+0000] {logging_mixin.py:154} INFO - [2023-11-14T21:54:18.446+0000] {dag.py:2941} INFO - Sync 1 DAGs
[2023-11-14T21:54:18.463+0000] {logging_mixin.py:154} INFO - [2023-11-14T21:54:18.462+0000] {dag.py:3722} INFO - Setting next_dagrun for example_sensors to None, run_after=None
[2023-11-14T21:54:18.496+0000] {processor.py:179} INFO - Processing /home/airflow/.local/lib/python3.8/site-packages/airflow/example_dags/example_sensors.py took 0.107 seconds
[2023-11-14T21:54:49.358+0000] {processor.py:157} INFO - Started process (PID=2285) to work on /home/airflow/.local/lib/python3.8/site-packages/airflow/example_dags/example_sensors.py
[2023-11-14T21:54:49.359+0000] {processor.py:829} INFO - Processing file /home/airflow/.local/lib/python3.8/site-packages/airflow/example_dags/example_sensors.py for tasks to queue
[2023-11-14T21:54:49.362+0000] {logging_mixin.py:154} INFO - [2023-11-14T21:54:49.362+0000] {dagbag.py:536} INFO - Filling up the DagBag from /home/airflow/.local/lib/python3.8/site-packages/airflow/example_dags/example_sensors.py
[2023-11-14T21:54:49.375+0000] {processor.py:839} INFO - DAG(s) dict_keys(['example_sensors']) retrieved from /home/airflow/.local/lib/python3.8/site-packages/airflow/example_dags/example_sensors.py
[2023-11-14T21:54:49.410+0000] {logging_mixin.py:154} INFO - [2023-11-14T21:54:49.409+0000] {dag.py:2941} INFO - Sync 1 DAGs
[2023-11-14T21:54:49.426+0000] {logging_mixin.py:154} INFO - [2023-11-14T21:54:49.426+0000] {dag.py:3722} INFO - Setting next_dagrun for example_sensors to None, run_after=None
[2023-11-14T21:54:49.467+0000] {processor.py:179} INFO - Processing /home/airflow/.local/lib/python3.8/site-packages/airflow/example_dags/example_sensors.py took 0.113 seconds
[2023-11-14T21:55:19.568+0000] {processor.py:157} INFO - Started process (PID=2340) to work on /home/airflow/.local/lib/python3.8/site-packages/airflow/example_dags/example_sensors.py
[2023-11-14T21:55:19.570+0000] {processor.py:829} INFO - Processing file /home/airflow/.local/lib/python3.8/site-packages/airflow/example_dags/example_sensors.py for tasks to queue
[2023-11-14T21:55:19.574+0000] {logging_mixin.py:154} INFO - [2023-11-14T21:55:19.573+0000] {dagbag.py:536} INFO - Filling up the DagBag from /home/airflow/.local/lib/python3.8/site-packages/airflow/example_dags/example_sensors.py
[2023-11-14T21:55:19.590+0000] {processor.py:839} INFO - DAG(s) dict_keys(['example_sensors']) retrieved from /home/airflow/.local/lib/python3.8/site-packages/airflow/example_dags/example_sensors.py
[2023-11-14T21:55:19.634+0000] {logging_mixin.py:154} INFO - [2023-11-14T21:55:19.634+0000] {dag.py:2941} INFO - Sync 1 DAGs
[2023-11-14T21:55:19.652+0000] {logging_mixin.py:154} INFO - [2023-11-14T21:55:19.652+0000] {dag.py:3722} INFO - Setting next_dagrun for example_sensors to None, run_after=None
[2023-11-14T21:55:19.689+0000] {processor.py:179} INFO - Processing /home/airflow/.local/lib/python3.8/site-packages/airflow/example_dags/example_sensors.py took 0.126 seconds
[2023-11-14T21:55:50.128+0000] {processor.py:157} INFO - Started process (PID=2394) to work on /home/airflow/.local/lib/python3.8/site-packages/airflow/example_dags/example_sensors.py
[2023-11-14T21:55:50.129+0000] {processor.py:829} INFO - Processing file /home/airflow/.local/lib/python3.8/site-packages/airflow/example_dags/example_sensors.py for tasks to queue
[2023-11-14T21:55:50.131+0000] {logging_mixin.py:154} INFO - [2023-11-14T21:55:50.131+0000] {dagbag.py:536} INFO - Filling up the DagBag from /home/airflow/.local/lib/python3.8/site-packages/airflow/example_dags/example_sensors.py
[2023-11-14T21:55:50.142+0000] {processor.py:839} INFO - DAG(s) dict_keys(['example_sensors']) retrieved from /home/airflow/.local/lib/python3.8/site-packages/airflow/example_dags/example_sensors.py
[2023-11-14T21:55:50.184+0000] {logging_mixin.py:154} INFO - [2023-11-14T21:55:50.184+0000] {dag.py:2941} INFO - Sync 1 DAGs
[2023-11-14T21:55:50.206+0000] {logging_mixin.py:154} INFO - [2023-11-14T21:55:50.206+0000] {dag.py:3722} INFO - Setting next_dagrun for example_sensors to None, run_after=None
[2023-11-14T21:55:50.231+0000] {processor.py:179} INFO - Processing /home/airflow/.local/lib/python3.8/site-packages/airflow/example_dags/example_sensors.py took 0.108 seconds
[2023-11-14T21:56:20.739+0000] {processor.py:157} INFO - Started process (PID=2448) to work on /home/airflow/.local/lib/python3.8/site-packages/airflow/example_dags/example_sensors.py
[2023-11-14T21:56:20.741+0000] {processor.py:829} INFO - Processing file /home/airflow/.local/lib/python3.8/site-packages/airflow/example_dags/example_sensors.py for tasks to queue
[2023-11-14T21:56:20.743+0000] {logging_mixin.py:154} INFO - [2023-11-14T21:56:20.743+0000] {dagbag.py:536} INFO - Filling up the DagBag from /home/airflow/.local/lib/python3.8/site-packages/airflow/example_dags/example_sensors.py
[2023-11-14T21:56:20.754+0000] {processor.py:839} INFO - DAG(s) dict_keys(['example_sensors']) retrieved from /home/airflow/.local/lib/python3.8/site-packages/airflow/example_dags/example_sensors.py
[2023-11-14T21:56:20.785+0000] {logging_mixin.py:154} INFO - [2023-11-14T21:56:20.785+0000] {dag.py:2941} INFO - Sync 1 DAGs
[2023-11-14T21:56:20.800+0000] {logging_mixin.py:154} INFO - [2023-11-14T21:56:20.800+0000] {dag.py:3722} INFO - Setting next_dagrun for example_sensors to None, run_after=None
[2023-11-14T21:56:20.824+0000] {processor.py:179} INFO - Processing /home/airflow/.local/lib/python3.8/site-packages/airflow/example_dags/example_sensors.py took 0.089 seconds
[2023-11-14T21:56:51.449+0000] {processor.py:157} INFO - Started process (PID=2503) to work on /home/airflow/.local/lib/python3.8/site-packages/airflow/example_dags/example_sensors.py
[2023-11-14T21:56:51.450+0000] {processor.py:829} INFO - Processing file /home/airflow/.local/lib/python3.8/site-packages/airflow/example_dags/example_sensors.py for tasks to queue
[2023-11-14T21:56:51.454+0000] {logging_mixin.py:154} INFO - [2023-11-14T21:56:51.454+0000] {dagbag.py:536} INFO - Filling up the DagBag from /home/airflow/.local/lib/python3.8/site-packages/airflow/example_dags/example_sensors.py
[2023-11-14T21:56:51.472+0000] {processor.py:839} INFO - DAG(s) dict_keys(['example_sensors']) retrieved from /home/airflow/.local/lib/python3.8/site-packages/airflow/example_dags/example_sensors.py
[2023-11-14T21:56:51.510+0000] {logging_mixin.py:154} INFO - [2023-11-14T21:56:51.510+0000] {dag.py:2941} INFO - Sync 1 DAGs
[2023-11-14T21:56:51.527+0000] {logging_mixin.py:154} INFO - [2023-11-14T21:56:51.527+0000] {dag.py:3722} INFO - Setting next_dagrun for example_sensors to None, run_after=None
[2023-11-14T21:56:51.550+0000] {processor.py:179} INFO - Processing /home/airflow/.local/lib/python3.8/site-packages/airflow/example_dags/example_sensors.py took 0.109 seconds
[2023-11-14T21:57:22.341+0000] {processor.py:157} INFO - Started process (PID=2557) to work on /home/airflow/.local/lib/python3.8/site-packages/airflow/example_dags/example_sensors.py
[2023-11-14T21:57:22.343+0000] {processor.py:829} INFO - Processing file /home/airflow/.local/lib/python3.8/site-packages/airflow/example_dags/example_sensors.py for tasks to queue
[2023-11-14T21:57:22.347+0000] {logging_mixin.py:154} INFO - [2023-11-14T21:57:22.347+0000] {dagbag.py:536} INFO - Filling up the DagBag from /home/airflow/.local/lib/python3.8/site-packages/airflow/example_dags/example_sensors.py
[2023-11-14T21:57:22.361+0000] {processor.py:839} INFO - DAG(s) dict_keys(['example_sensors']) retrieved from /home/airflow/.local/lib/python3.8/site-packages/airflow/example_dags/example_sensors.py
[2023-11-14T21:57:22.392+0000] {logging_mixin.py:154} INFO - [2023-11-14T21:57:22.391+0000] {dag.py:2941} INFO - Sync 1 DAGs
[2023-11-14T21:57:22.408+0000] {logging_mixin.py:154} INFO - [2023-11-14T21:57:22.408+0000] {dag.py:3722} INFO - Setting next_dagrun for example_sensors to None, run_after=None
[2023-11-14T21:57:22.430+0000] {processor.py:179} INFO - Processing /home/airflow/.local/lib/python3.8/site-packages/airflow/example_dags/example_sensors.py took 0.097 seconds
[2023-11-14T21:57:53.364+0000] {processor.py:157} INFO - Started process (PID=2612) to work on /home/airflow/.local/lib/python3.8/site-packages/airflow/example_dags/example_sensors.py
[2023-11-14T21:57:53.366+0000] {processor.py:829} INFO - Processing file /home/airflow/.local/lib/python3.8/site-packages/airflow/example_dags/example_sensors.py for tasks to queue
[2023-11-14T21:57:53.370+0000] {logging_mixin.py:154} INFO - [2023-11-14T21:57:53.369+0000] {dagbag.py:536} INFO - Filling up the DagBag from /home/airflow/.local/lib/python3.8/site-packages/airflow/example_dags/example_sensors.py
[2023-11-14T21:57:53.384+0000] {processor.py:839} INFO - DAG(s) dict_keys(['example_sensors']) retrieved from /home/airflow/.local/lib/python3.8/site-packages/airflow/example_dags/example_sensors.py
[2023-11-14T21:57:53.417+0000] {logging_mixin.py:154} INFO - [2023-11-14T21:57:53.416+0000] {dag.py:2941} INFO - Sync 1 DAGs
[2023-11-14T21:57:53.436+0000] {logging_mixin.py:154} INFO - [2023-11-14T21:57:53.435+0000] {dag.py:3722} INFO - Setting next_dagrun for example_sensors to None, run_after=None
[2023-11-14T21:57:53.470+0000] {processor.py:179} INFO - Processing /home/airflow/.local/lib/python3.8/site-packages/airflow/example_dags/example_sensors.py took 0.114 seconds
[2023-11-14T21:58:23.618+0000] {processor.py:157} INFO - Started process (PID=2666) to work on /home/airflow/.local/lib/python3.8/site-packages/airflow/example_dags/example_sensors.py
[2023-11-14T21:58:23.619+0000] {processor.py:829} INFO - Processing file /home/airflow/.local/lib/python3.8/site-packages/airflow/example_dags/example_sensors.py for tasks to queue
[2023-11-14T21:58:23.622+0000] {logging_mixin.py:154} INFO - [2023-11-14T21:58:23.622+0000] {dagbag.py:536} INFO - Filling up the DagBag from /home/airflow/.local/lib/python3.8/site-packages/airflow/example_dags/example_sensors.py
[2023-11-14T21:58:23.633+0000] {processor.py:839} INFO - DAG(s) dict_keys(['example_sensors']) retrieved from /home/airflow/.local/lib/python3.8/site-packages/airflow/example_dags/example_sensors.py
[2023-11-14T21:58:23.667+0000] {logging_mixin.py:154} INFO - [2023-11-14T21:58:23.666+0000] {dag.py:2941} INFO - Sync 1 DAGs
[2023-11-14T21:58:23.686+0000] {logging_mixin.py:154} INFO - [2023-11-14T21:58:23.686+0000] {dag.py:3722} INFO - Setting next_dagrun for example_sensors to None, run_after=None
[2023-11-14T21:58:23.722+0000] {processor.py:179} INFO - Processing /home/airflow/.local/lib/python3.8/site-packages/airflow/example_dags/example_sensors.py took 0.109 seconds
[2023-11-14T21:58:54.116+0000] {processor.py:157} INFO - Started process (PID=2720) to work on /home/airflow/.local/lib/python3.8/site-packages/airflow/example_dags/example_sensors.py
[2023-11-14T21:58:54.118+0000] {processor.py:829} INFO - Processing file /home/airflow/.local/lib/python3.8/site-packages/airflow/example_dags/example_sensors.py for tasks to queue
[2023-11-14T21:58:54.121+0000] {logging_mixin.py:154} INFO - [2023-11-14T21:58:54.121+0000] {dagbag.py:536} INFO - Filling up the DagBag from /home/airflow/.local/lib/python3.8/site-packages/airflow/example_dags/example_sensors.py
[2023-11-14T21:58:54.138+0000] {processor.py:839} INFO - DAG(s) dict_keys(['example_sensors']) retrieved from /home/airflow/.local/lib/python3.8/site-packages/airflow/example_dags/example_sensors.py
[2023-11-14T21:58:54.183+0000] {logging_mixin.py:154} INFO - [2023-11-14T21:58:54.182+0000] {dag.py:2941} INFO - Sync 1 DAGs
[2023-11-14T21:58:54.201+0000] {logging_mixin.py:154} INFO - [2023-11-14T21:58:54.201+0000] {dag.py:3722} INFO - Setting next_dagrun for example_sensors to None, run_after=None
[2023-11-14T21:58:54.240+0000] {processor.py:179} INFO - Processing /home/airflow/.local/lib/python3.8/site-packages/airflow/example_dags/example_sensors.py took 0.132 seconds
[2023-11-14T21:59:24.850+0000] {processor.py:157} INFO - Started process (PID=2774) to work on /home/airflow/.local/lib/python3.8/site-packages/airflow/example_dags/example_sensors.py
[2023-11-14T21:59:24.852+0000] {processor.py:829} INFO - Processing file /home/airflow/.local/lib/python3.8/site-packages/airflow/example_dags/example_sensors.py for tasks to queue
[2023-11-14T21:59:24.856+0000] {logging_mixin.py:154} INFO - [2023-11-14T21:59:24.856+0000] {dagbag.py:536} INFO - Filling up the DagBag from /home/airflow/.local/lib/python3.8/site-packages/airflow/example_dags/example_sensors.py
[2023-11-14T21:59:24.870+0000] {processor.py:839} INFO - DAG(s) dict_keys(['example_sensors']) retrieved from /home/airflow/.local/lib/python3.8/site-packages/airflow/example_dags/example_sensors.py
[2023-11-14T21:59:24.903+0000] {logging_mixin.py:154} INFO - [2023-11-14T21:59:24.903+0000] {dag.py:2941} INFO - Sync 1 DAGs
[2023-11-14T21:59:24.919+0000] {logging_mixin.py:154} INFO - [2023-11-14T21:59:24.919+0000] {dag.py:3722} INFO - Setting next_dagrun for example_sensors to None, run_after=None
[2023-11-14T21:59:24.943+0000] {processor.py:179} INFO - Processing /home/airflow/.local/lib/python3.8/site-packages/airflow/example_dags/example_sensors.py took 0.102 seconds
