[2023-11-14T21:33:58.149+0000] {processor.py:157} INFO - Started process (PID=67) to work on /home/airflow/.local/lib/python3.8/site-packages/airflow/example_dags/example_xcomargs.py
[2023-11-14T21:33:58.150+0000] {processor.py:829} INFO - Processing file /home/airflow/.local/lib/python3.8/site-packages/airflow/example_dags/example_xcomargs.py for tasks to queue
[2023-11-14T21:33:58.153+0000] {logging_mixin.py:154} INFO - [2023-11-14T21:33:58.153+0000] {dagbag.py:536} INFO - Filling up the DagBag from /home/airflow/.local/lib/python3.8/site-packages/airflow/example_dags/example_xcomargs.py
[2023-11-14T21:33:58.163+0000] {processor.py:839} INFO - DAG(s) dict_keys(['example_xcom_args', 'example_xcom_args_with_operators']) retrieved from /home/airflow/.local/lib/python3.8/site-packages/airflow/example_dags/example_xcomargs.py
[2023-11-14T21:33:58.308+0000] {logging_mixin.py:154} INFO - [2023-11-14T21:33:58.308+0000] {manager.py:499} INFO - Created Permission View: %s
[2023-11-14T21:33:58.322+0000] {logging_mixin.py:154} INFO - [2023-11-14T21:33:58.322+0000] {manager.py:499} INFO - Created Permission View: %s
[2023-11-14T21:33:58.333+0000] {logging_mixin.py:154} INFO - [2023-11-14T21:33:58.332+0000] {manager.py:499} INFO - Created Permission View: %s
[2023-11-14T21:33:58.352+0000] {logging_mixin.py:154} INFO - [2023-11-14T21:33:58.352+0000] {manager.py:499} INFO - Created Permission View: %s
[2023-11-14T21:33:58.362+0000] {logging_mixin.py:154} INFO - [2023-11-14T21:33:58.362+0000] {manager.py:499} INFO - Created Permission View: %s
[2023-11-14T21:33:58.372+0000] {logging_mixin.py:154} INFO - [2023-11-14T21:33:58.372+0000] {manager.py:499} INFO - Created Permission View: %s
[2023-11-14T21:33:58.372+0000] {logging_mixin.py:154} INFO - [2023-11-14T21:33:58.372+0000] {dag.py:2941} INFO - Sync 2 DAGs
[2023-11-14T21:33:58.387+0000] {logging_mixin.py:154} INFO - [2023-11-14T21:33:58.386+0000] {dag.py:2963} INFO - Creating ORM DAG for example_xcom_args
[2023-11-14T21:33:58.387+0000] {logging_mixin.py:154} INFO - [2023-11-14T21:33:58.387+0000] {dag.py:2963} INFO - Creating ORM DAG for example_xcom_args_with_operators
[2023-11-14T21:33:58.388+0000] {logging_mixin.py:154} INFO - [2023-11-14T21:33:58.388+0000] {dag.py:3722} INFO - Setting next_dagrun for example_xcom_args to None, run_after=None
[2023-11-14T21:33:58.389+0000] {logging_mixin.py:154} INFO - [2023-11-14T21:33:58.389+0000] {dag.py:3722} INFO - Setting next_dagrun for example_xcom_args_with_operators to None, run_after=None
[2023-11-14T21:33:58.412+0000] {processor.py:179} INFO - Processing /home/airflow/.local/lib/python3.8/site-packages/airflow/example_dags/example_xcomargs.py took 0.268 seconds
[2023-11-14T21:34:28.482+0000] {processor.py:157} INFO - Started process (PID=121) to work on /home/airflow/.local/lib/python3.8/site-packages/airflow/example_dags/example_xcomargs.py
[2023-11-14T21:34:28.482+0000] {processor.py:829} INFO - Processing file /home/airflow/.local/lib/python3.8/site-packages/airflow/example_dags/example_xcomargs.py for tasks to queue
[2023-11-14T21:34:28.485+0000] {logging_mixin.py:154} INFO - [2023-11-14T21:34:28.484+0000] {dagbag.py:536} INFO - Filling up the DagBag from /home/airflow/.local/lib/python3.8/site-packages/airflow/example_dags/example_xcomargs.py
[2023-11-14T21:34:28.494+0000] {processor.py:839} INFO - DAG(s) dict_keys(['example_xcom_args', 'example_xcom_args_with_operators']) retrieved from /home/airflow/.local/lib/python3.8/site-packages/airflow/example_dags/example_xcomargs.py
[2023-11-14T21:34:28.529+0000] {logging_mixin.py:154} INFO - [2023-11-14T21:34:28.529+0000] {dag.py:2941} INFO - Sync 2 DAGs
[2023-11-14T21:34:28.547+0000] {logging_mixin.py:154} INFO - [2023-11-14T21:34:28.546+0000] {dag.py:3722} INFO - Setting next_dagrun for example_xcom_args to None, run_after=None
[2023-11-14T21:34:28.552+0000] {logging_mixin.py:154} INFO - [2023-11-14T21:34:28.551+0000] {dag.py:3722} INFO - Setting next_dagrun for example_xcom_args_with_operators to None, run_after=None
[2023-11-14T21:34:28.586+0000] {processor.py:179} INFO - Processing /home/airflow/.local/lib/python3.8/site-packages/airflow/example_dags/example_xcomargs.py took 0.108 seconds
[2023-11-14T21:34:58.862+0000] {processor.py:157} INFO - Started process (PID=175) to work on /home/airflow/.local/lib/python3.8/site-packages/airflow/example_dags/example_xcomargs.py
[2023-11-14T21:34:58.864+0000] {processor.py:829} INFO - Processing file /home/airflow/.local/lib/python3.8/site-packages/airflow/example_dags/example_xcomargs.py for tasks to queue
[2023-11-14T21:34:58.869+0000] {logging_mixin.py:154} INFO - [2023-11-14T21:34:58.868+0000] {dagbag.py:536} INFO - Filling up the DagBag from /home/airflow/.local/lib/python3.8/site-packages/airflow/example_dags/example_xcomargs.py
[2023-11-14T21:34:58.879+0000] {processor.py:839} INFO - DAG(s) dict_keys(['example_xcom_args_with_operators', 'example_xcom_args']) retrieved from /home/airflow/.local/lib/python3.8/site-packages/airflow/example_dags/example_xcomargs.py
[2023-11-14T21:34:58.915+0000] {logging_mixin.py:154} INFO - [2023-11-14T21:34:58.914+0000] {dag.py:2941} INFO - Sync 2 DAGs
[2023-11-14T21:34:58.936+0000] {logging_mixin.py:154} INFO - [2023-11-14T21:34:58.935+0000] {dag.py:3722} INFO - Setting next_dagrun for example_xcom_args to None, run_after=None
[2023-11-14T21:34:58.940+0000] {logging_mixin.py:154} INFO - [2023-11-14T21:34:58.940+0000] {dag.py:3722} INFO - Setting next_dagrun for example_xcom_args_with_operators to None, run_after=None
[2023-11-14T21:34:58.960+0000] {processor.py:179} INFO - Processing /home/airflow/.local/lib/python3.8/site-packages/airflow/example_dags/example_xcomargs.py took 0.102 seconds
[2023-11-14T21:35:29.351+0000] {processor.py:157} INFO - Started process (PID=229) to work on /home/airflow/.local/lib/python3.8/site-packages/airflow/example_dags/example_xcomargs.py
[2023-11-14T21:35:29.352+0000] {processor.py:829} INFO - Processing file /home/airflow/.local/lib/python3.8/site-packages/airflow/example_dags/example_xcomargs.py for tasks to queue
[2023-11-14T21:35:29.355+0000] {logging_mixin.py:154} INFO - [2023-11-14T21:35:29.355+0000] {dagbag.py:536} INFO - Filling up the DagBag from /home/airflow/.local/lib/python3.8/site-packages/airflow/example_dags/example_xcomargs.py
[2023-11-14T21:35:29.365+0000] {processor.py:839} INFO - DAG(s) dict_keys(['example_xcom_args_with_operators', 'example_xcom_args']) retrieved from /home/airflow/.local/lib/python3.8/site-packages/airflow/example_dags/example_xcomargs.py
[2023-11-14T21:35:29.395+0000] {logging_mixin.py:154} INFO - [2023-11-14T21:35:29.394+0000] {dag.py:2941} INFO - Sync 2 DAGs
[2023-11-14T21:35:29.412+0000] {logging_mixin.py:154} INFO - [2023-11-14T21:35:29.411+0000] {dag.py:3722} INFO - Setting next_dagrun for example_xcom_args to None, run_after=None
[2023-11-14T21:35:29.417+0000] {logging_mixin.py:154} INFO - [2023-11-14T21:35:29.417+0000] {dag.py:3722} INFO - Setting next_dagrun for example_xcom_args_with_operators to None, run_after=None
[2023-11-14T21:35:29.446+0000] {processor.py:179} INFO - Processing /home/airflow/.local/lib/python3.8/site-packages/airflow/example_dags/example_xcomargs.py took 0.099 seconds
[2023-11-14T21:35:59.897+0000] {processor.py:157} INFO - Started process (PID=283) to work on /home/airflow/.local/lib/python3.8/site-packages/airflow/example_dags/example_xcomargs.py
[2023-11-14T21:35:59.899+0000] {processor.py:829} INFO - Processing file /home/airflow/.local/lib/python3.8/site-packages/airflow/example_dags/example_xcomargs.py for tasks to queue
[2023-11-14T21:35:59.902+0000] {logging_mixin.py:154} INFO - [2023-11-14T21:35:59.902+0000] {dagbag.py:536} INFO - Filling up the DagBag from /home/airflow/.local/lib/python3.8/site-packages/airflow/example_dags/example_xcomargs.py
[2023-11-14T21:35:59.915+0000] {processor.py:839} INFO - DAG(s) dict_keys(['example_xcom_args', 'example_xcom_args_with_operators']) retrieved from /home/airflow/.local/lib/python3.8/site-packages/airflow/example_dags/example_xcomargs.py
[2023-11-14T21:35:59.958+0000] {logging_mixin.py:154} INFO - [2023-11-14T21:35:59.957+0000] {dag.py:2941} INFO - Sync 2 DAGs
[2023-11-14T21:35:59.978+0000] {logging_mixin.py:154} INFO - [2023-11-14T21:35:59.978+0000] {dag.py:3722} INFO - Setting next_dagrun for example_xcom_args to None, run_after=None
[2023-11-14T21:35:59.985+0000] {logging_mixin.py:154} INFO - [2023-11-14T21:35:59.985+0000] {dag.py:3722} INFO - Setting next_dagrun for example_xcom_args_with_operators to None, run_after=None
[2023-11-14T21:36:00.029+0000] {processor.py:179} INFO - Processing /home/airflow/.local/lib/python3.8/site-packages/airflow/example_dags/example_xcomargs.py took 0.141 seconds
[2023-11-14T21:36:30.833+0000] {processor.py:157} INFO - Started process (PID=338) to work on /home/airflow/.local/lib/python3.8/site-packages/airflow/example_dags/example_xcomargs.py
[2023-11-14T21:36:30.834+0000] {processor.py:829} INFO - Processing file /home/airflow/.local/lib/python3.8/site-packages/airflow/example_dags/example_xcomargs.py for tasks to queue
[2023-11-14T21:36:30.837+0000] {logging_mixin.py:154} INFO - [2023-11-14T21:36:30.836+0000] {dagbag.py:536} INFO - Filling up the DagBag from /home/airflow/.local/lib/python3.8/site-packages/airflow/example_dags/example_xcomargs.py
[2023-11-14T21:36:30.846+0000] {processor.py:839} INFO - DAG(s) dict_keys(['example_xcom_args', 'example_xcom_args_with_operators']) retrieved from /home/airflow/.local/lib/python3.8/site-packages/airflow/example_dags/example_xcomargs.py
[2023-11-14T21:36:30.878+0000] {logging_mixin.py:154} INFO - [2023-11-14T21:36:30.878+0000] {dag.py:2941} INFO - Sync 2 DAGs
[2023-11-14T21:36:30.895+0000] {logging_mixin.py:154} INFO - [2023-11-14T21:36:30.895+0000] {dag.py:3722} INFO - Setting next_dagrun for example_xcom_args to None, run_after=None
[2023-11-14T21:36:30.902+0000] {logging_mixin.py:154} INFO - [2023-11-14T21:36:30.902+0000] {dag.py:3722} INFO - Setting next_dagrun for example_xcom_args_with_operators to None, run_after=None
[2023-11-14T21:36:30.922+0000] {processor.py:179} INFO - Processing /home/airflow/.local/lib/python3.8/site-packages/airflow/example_dags/example_xcomargs.py took 0.093 seconds
[2023-11-14T21:37:01.451+0000] {processor.py:157} INFO - Started process (PID=392) to work on /home/airflow/.local/lib/python3.8/site-packages/airflow/example_dags/example_xcomargs.py
[2023-11-14T21:37:01.452+0000] {processor.py:829} INFO - Processing file /home/airflow/.local/lib/python3.8/site-packages/airflow/example_dags/example_xcomargs.py for tasks to queue
[2023-11-14T21:37:01.455+0000] {logging_mixin.py:154} INFO - [2023-11-14T21:37:01.455+0000] {dagbag.py:536} INFO - Filling up the DagBag from /home/airflow/.local/lib/python3.8/site-packages/airflow/example_dags/example_xcomargs.py
[2023-11-14T21:37:01.468+0000] {processor.py:839} INFO - DAG(s) dict_keys(['example_xcom_args', 'example_xcom_args_with_operators']) retrieved from /home/airflow/.local/lib/python3.8/site-packages/airflow/example_dags/example_xcomargs.py
[2023-11-14T21:37:01.500+0000] {logging_mixin.py:154} INFO - [2023-11-14T21:37:01.500+0000] {dag.py:2941} INFO - Sync 2 DAGs
[2023-11-14T21:37:01.516+0000] {logging_mixin.py:154} INFO - [2023-11-14T21:37:01.516+0000] {dag.py:3722} INFO - Setting next_dagrun for example_xcom_args to None, run_after=None
[2023-11-14T21:37:01.521+0000] {logging_mixin.py:154} INFO - [2023-11-14T21:37:01.521+0000] {dag.py:3722} INFO - Setting next_dagrun for example_xcom_args_with_operators to None, run_after=None
[2023-11-14T21:37:01.543+0000] {processor.py:179} INFO - Processing /home/airflow/.local/lib/python3.8/site-packages/airflow/example_dags/example_xcomargs.py took 0.097 seconds
[2023-11-14T21:37:32.155+0000] {processor.py:157} INFO - Started process (PID=446) to work on /home/airflow/.local/lib/python3.8/site-packages/airflow/example_dags/example_xcomargs.py
[2023-11-14T21:37:32.156+0000] {processor.py:829} INFO - Processing file /home/airflow/.local/lib/python3.8/site-packages/airflow/example_dags/example_xcomargs.py for tasks to queue
[2023-11-14T21:37:32.159+0000] {logging_mixin.py:154} INFO - [2023-11-14T21:37:32.158+0000] {dagbag.py:536} INFO - Filling up the DagBag from /home/airflow/.local/lib/python3.8/site-packages/airflow/example_dags/example_xcomargs.py
[2023-11-14T21:37:32.169+0000] {processor.py:839} INFO - DAG(s) dict_keys(['example_xcom_args_with_operators', 'example_xcom_args']) retrieved from /home/airflow/.local/lib/python3.8/site-packages/airflow/example_dags/example_xcomargs.py
[2023-11-14T21:37:32.200+0000] {logging_mixin.py:154} INFO - [2023-11-14T21:37:32.200+0000] {dag.py:2941} INFO - Sync 2 DAGs
[2023-11-14T21:37:32.215+0000] {logging_mixin.py:154} INFO - [2023-11-14T21:37:32.215+0000] {dag.py:3722} INFO - Setting next_dagrun for example_xcom_args to None, run_after=None
[2023-11-14T21:37:32.219+0000] {logging_mixin.py:154} INFO - [2023-11-14T21:37:32.219+0000] {dag.py:3722} INFO - Setting next_dagrun for example_xcom_args_with_operators to None, run_after=None
[2023-11-14T21:37:32.241+0000] {processor.py:179} INFO - Processing /home/airflow/.local/lib/python3.8/site-packages/airflow/example_dags/example_xcomargs.py took 0.090 seconds
[2023-11-14T21:38:02.317+0000] {processor.py:157} INFO - Started process (PID=500) to work on /home/airflow/.local/lib/python3.8/site-packages/airflow/example_dags/example_xcomargs.py
[2023-11-14T21:38:02.319+0000] {processor.py:829} INFO - Processing file /home/airflow/.local/lib/python3.8/site-packages/airflow/example_dags/example_xcomargs.py for tasks to queue
[2023-11-14T21:38:02.321+0000] {logging_mixin.py:154} INFO - [2023-11-14T21:38:02.321+0000] {dagbag.py:536} INFO - Filling up the DagBag from /home/airflow/.local/lib/python3.8/site-packages/airflow/example_dags/example_xcomargs.py
[2023-11-14T21:38:02.331+0000] {processor.py:839} INFO - DAG(s) dict_keys(['example_xcom_args_with_operators', 'example_xcom_args']) retrieved from /home/airflow/.local/lib/python3.8/site-packages/airflow/example_dags/example_xcomargs.py
[2023-11-14T21:38:02.360+0000] {logging_mixin.py:154} INFO - [2023-11-14T21:38:02.360+0000] {dag.py:2941} INFO - Sync 2 DAGs
[2023-11-14T21:38:02.375+0000] {logging_mixin.py:154} INFO - [2023-11-14T21:38:02.375+0000] {dag.py:3722} INFO - Setting next_dagrun for example_xcom_args to None, run_after=None
[2023-11-14T21:38:02.380+0000] {logging_mixin.py:154} INFO - [2023-11-14T21:38:02.379+0000] {dag.py:3722} INFO - Setting next_dagrun for example_xcom_args_with_operators to None, run_after=None
[2023-11-14T21:38:02.405+0000] {processor.py:179} INFO - Processing /home/airflow/.local/lib/python3.8/site-packages/airflow/example_dags/example_xcomargs.py took 0.092 seconds
[2023-11-14T21:38:32.616+0000] {processor.py:157} INFO - Started process (PID=564) to work on /home/airflow/.local/lib/python3.8/site-packages/airflow/example_dags/example_xcomargs.py
[2023-11-14T21:38:32.617+0000] {processor.py:829} INFO - Processing file /home/airflow/.local/lib/python3.8/site-packages/airflow/example_dags/example_xcomargs.py for tasks to queue
[2023-11-14T21:38:32.620+0000] {logging_mixin.py:154} INFO - [2023-11-14T21:38:32.620+0000] {dagbag.py:536} INFO - Filling up the DagBag from /home/airflow/.local/lib/python3.8/site-packages/airflow/example_dags/example_xcomargs.py
[2023-11-14T21:38:32.630+0000] {processor.py:839} INFO - DAG(s) dict_keys(['example_xcom_args', 'example_xcom_args_with_operators']) retrieved from /home/airflow/.local/lib/python3.8/site-packages/airflow/example_dags/example_xcomargs.py
[2023-11-14T21:38:32.660+0000] {logging_mixin.py:154} INFO - [2023-11-14T21:38:32.660+0000] {dag.py:2941} INFO - Sync 2 DAGs
[2023-11-14T21:38:32.676+0000] {logging_mixin.py:154} INFO - [2023-11-14T21:38:32.675+0000] {dag.py:3722} INFO - Setting next_dagrun for example_xcom_args to None, run_after=None
[2023-11-14T21:38:32.680+0000] {logging_mixin.py:154} INFO - [2023-11-14T21:38:32.679+0000] {dag.py:3722} INFO - Setting next_dagrun for example_xcom_args_with_operators to None, run_after=None
[2023-11-14T21:38:32.702+0000] {processor.py:179} INFO - Processing /home/airflow/.local/lib/python3.8/site-packages/airflow/example_dags/example_xcomargs.py took 0.090 seconds
[2023-11-14T21:39:02.981+0000] {processor.py:157} INFO - Started process (PID=618) to work on /home/airflow/.local/lib/python3.8/site-packages/airflow/example_dags/example_xcomargs.py
[2023-11-14T21:39:02.982+0000] {processor.py:829} INFO - Processing file /home/airflow/.local/lib/python3.8/site-packages/airflow/example_dags/example_xcomargs.py for tasks to queue
[2023-11-14T21:39:02.985+0000] {logging_mixin.py:154} INFO - [2023-11-14T21:39:02.985+0000] {dagbag.py:536} INFO - Filling up the DagBag from /home/airflow/.local/lib/python3.8/site-packages/airflow/example_dags/example_xcomargs.py
[2023-11-14T21:39:02.999+0000] {processor.py:839} INFO - DAG(s) dict_keys(['example_xcom_args_with_operators', 'example_xcom_args']) retrieved from /home/airflow/.local/lib/python3.8/site-packages/airflow/example_dags/example_xcomargs.py
[2023-11-14T21:39:03.046+0000] {logging_mixin.py:154} INFO - [2023-11-14T21:39:03.045+0000] {dag.py:2941} INFO - Sync 2 DAGs
[2023-11-14T21:39:03.064+0000] {logging_mixin.py:154} INFO - [2023-11-14T21:39:03.063+0000] {dag.py:3722} INFO - Setting next_dagrun for example_xcom_args to None, run_after=None
[2023-11-14T21:39:03.068+0000] {logging_mixin.py:154} INFO - [2023-11-14T21:39:03.067+0000] {dag.py:3722} INFO - Setting next_dagrun for example_xcom_args_with_operators to None, run_after=None
[2023-11-14T21:39:03.109+0000] {processor.py:179} INFO - Processing /home/airflow/.local/lib/python3.8/site-packages/airflow/example_dags/example_xcomargs.py took 0.133 seconds
[2023-11-14T21:39:33.775+0000] {processor.py:157} INFO - Started process (PID=672) to work on /home/airflow/.local/lib/python3.8/site-packages/airflow/example_dags/example_xcomargs.py
[2023-11-14T21:39:33.776+0000] {processor.py:829} INFO - Processing file /home/airflow/.local/lib/python3.8/site-packages/airflow/example_dags/example_xcomargs.py for tasks to queue
[2023-11-14T21:39:33.780+0000] {logging_mixin.py:154} INFO - [2023-11-14T21:39:33.780+0000] {dagbag.py:536} INFO - Filling up the DagBag from /home/airflow/.local/lib/python3.8/site-packages/airflow/example_dags/example_xcomargs.py
[2023-11-14T21:39:33.794+0000] {processor.py:839} INFO - DAG(s) dict_keys(['example_xcom_args_with_operators', 'example_xcom_args']) retrieved from /home/airflow/.local/lib/python3.8/site-packages/airflow/example_dags/example_xcomargs.py
[2023-11-14T21:39:33.833+0000] {logging_mixin.py:154} INFO - [2023-11-14T21:39:33.832+0000] {dag.py:2941} INFO - Sync 2 DAGs
[2023-11-14T21:39:33.854+0000] {logging_mixin.py:154} INFO - [2023-11-14T21:39:33.854+0000] {dag.py:3722} INFO - Setting next_dagrun for example_xcom_args to None, run_after=None
[2023-11-14T21:39:33.859+0000] {logging_mixin.py:154} INFO - [2023-11-14T21:39:33.858+0000] {dag.py:3722} INFO - Setting next_dagrun for example_xcom_args_with_operators to None, run_after=None
[2023-11-14T21:39:33.886+0000] {processor.py:179} INFO - Processing /home/airflow/.local/lib/python3.8/site-packages/airflow/example_dags/example_xcomargs.py took 0.116 seconds
[2023-11-14T21:40:04.157+0000] {processor.py:157} INFO - Started process (PID=727) to work on /home/airflow/.local/lib/python3.8/site-packages/airflow/example_dags/example_xcomargs.py
[2023-11-14T21:40:04.158+0000] {processor.py:829} INFO - Processing file /home/airflow/.local/lib/python3.8/site-packages/airflow/example_dags/example_xcomargs.py for tasks to queue
[2023-11-14T21:40:04.161+0000] {logging_mixin.py:154} INFO - [2023-11-14T21:40:04.161+0000] {dagbag.py:536} INFO - Filling up the DagBag from /home/airflow/.local/lib/python3.8/site-packages/airflow/example_dags/example_xcomargs.py
[2023-11-14T21:40:04.171+0000] {processor.py:839} INFO - DAG(s) dict_keys(['example_xcom_args_with_operators', 'example_xcom_args']) retrieved from /home/airflow/.local/lib/python3.8/site-packages/airflow/example_dags/example_xcomargs.py
[2023-11-14T21:40:04.202+0000] {logging_mixin.py:154} INFO - [2023-11-14T21:40:04.202+0000] {dag.py:2941} INFO - Sync 2 DAGs
[2023-11-14T21:40:04.219+0000] {logging_mixin.py:154} INFO - [2023-11-14T21:40:04.218+0000] {dag.py:3722} INFO - Setting next_dagrun for example_xcom_args to None, run_after=None
[2023-11-14T21:40:04.223+0000] {logging_mixin.py:154} INFO - [2023-11-14T21:40:04.223+0000] {dag.py:3722} INFO - Setting next_dagrun for example_xcom_args_with_operators to None, run_after=None
[2023-11-14T21:40:04.250+0000] {processor.py:179} INFO - Processing /home/airflow/.local/lib/python3.8/site-packages/airflow/example_dags/example_xcomargs.py took 0.098 seconds
[2023-11-14T21:40:34.541+0000] {processor.py:157} INFO - Started process (PID=782) to work on /home/airflow/.local/lib/python3.8/site-packages/airflow/example_dags/example_xcomargs.py
[2023-11-14T21:40:34.543+0000] {processor.py:829} INFO - Processing file /home/airflow/.local/lib/python3.8/site-packages/airflow/example_dags/example_xcomargs.py for tasks to queue
[2023-11-14T21:40:34.546+0000] {logging_mixin.py:154} INFO - [2023-11-14T21:40:34.546+0000] {dagbag.py:536} INFO - Filling up the DagBag from /home/airflow/.local/lib/python3.8/site-packages/airflow/example_dags/example_xcomargs.py
[2023-11-14T21:40:34.560+0000] {processor.py:839} INFO - DAG(s) dict_keys(['example_xcom_args_with_operators', 'example_xcom_args']) retrieved from /home/airflow/.local/lib/python3.8/site-packages/airflow/example_dags/example_xcomargs.py
[2023-11-14T21:40:34.594+0000] {logging_mixin.py:154} INFO - [2023-11-14T21:40:34.594+0000] {dag.py:2941} INFO - Sync 2 DAGs
[2023-11-14T21:40:34.614+0000] {logging_mixin.py:154} INFO - [2023-11-14T21:40:34.613+0000] {dag.py:3722} INFO - Setting next_dagrun for example_xcom_args to None, run_after=None
[2023-11-14T21:40:34.618+0000] {logging_mixin.py:154} INFO - [2023-11-14T21:40:34.617+0000] {dag.py:3722} INFO - Setting next_dagrun for example_xcom_args_with_operators to None, run_after=None
[2023-11-14T21:40:34.663+0000] {processor.py:179} INFO - Processing /home/airflow/.local/lib/python3.8/site-packages/airflow/example_dags/example_xcomargs.py took 0.127 seconds
[2023-11-14T21:41:04.871+0000] {processor.py:157} INFO - Started process (PID=837) to work on /home/airflow/.local/lib/python3.8/site-packages/airflow/example_dags/example_xcomargs.py
[2023-11-14T21:41:04.873+0000] {processor.py:829} INFO - Processing file /home/airflow/.local/lib/python3.8/site-packages/airflow/example_dags/example_xcomargs.py for tasks to queue
[2023-11-14T21:41:04.875+0000] {logging_mixin.py:154} INFO - [2023-11-14T21:41:04.875+0000] {dagbag.py:536} INFO - Filling up the DagBag from /home/airflow/.local/lib/python3.8/site-packages/airflow/example_dags/example_xcomargs.py
[2023-11-14T21:41:04.885+0000] {processor.py:839} INFO - DAG(s) dict_keys(['example_xcom_args', 'example_xcom_args_with_operators']) retrieved from /home/airflow/.local/lib/python3.8/site-packages/airflow/example_dags/example_xcomargs.py
[2023-11-14T21:41:04.919+0000] {logging_mixin.py:154} INFO - [2023-11-14T21:41:04.918+0000] {dag.py:2941} INFO - Sync 2 DAGs
[2023-11-14T21:41:04.937+0000] {logging_mixin.py:154} INFO - [2023-11-14T21:41:04.937+0000] {dag.py:3722} INFO - Setting next_dagrun for example_xcom_args to None, run_after=None
[2023-11-14T21:41:04.941+0000] {logging_mixin.py:154} INFO - [2023-11-14T21:41:04.941+0000] {dag.py:3722} INFO - Setting next_dagrun for example_xcom_args_with_operators to None, run_after=None
[2023-11-14T21:41:04.987+0000] {processor.py:179} INFO - Processing /home/airflow/.local/lib/python3.8/site-packages/airflow/example_dags/example_xcomargs.py took 0.119 seconds
[2023-11-14T21:41:35.801+0000] {processor.py:157} INFO - Started process (PID=898) to work on /home/airflow/.local/lib/python3.8/site-packages/airflow/example_dags/example_xcomargs.py
[2023-11-14T21:41:35.802+0000] {processor.py:829} INFO - Processing file /home/airflow/.local/lib/python3.8/site-packages/airflow/example_dags/example_xcomargs.py for tasks to queue
[2023-11-14T21:41:35.805+0000] {logging_mixin.py:154} INFO - [2023-11-14T21:41:35.804+0000] {dagbag.py:536} INFO - Filling up the DagBag from /home/airflow/.local/lib/python3.8/site-packages/airflow/example_dags/example_xcomargs.py
[2023-11-14T21:41:35.817+0000] {processor.py:839} INFO - DAG(s) dict_keys(['example_xcom_args', 'example_xcom_args_with_operators']) retrieved from /home/airflow/.local/lib/python3.8/site-packages/airflow/example_dags/example_xcomargs.py
[2023-11-14T21:41:35.845+0000] {logging_mixin.py:154} INFO - [2023-11-14T21:41:35.845+0000] {dag.py:2941} INFO - Sync 2 DAGs
[2023-11-14T21:41:35.862+0000] {logging_mixin.py:154} INFO - [2023-11-14T21:41:35.862+0000] {dag.py:3722} INFO - Setting next_dagrun for example_xcom_args to None, run_after=None
[2023-11-14T21:41:35.867+0000] {logging_mixin.py:154} INFO - [2023-11-14T21:41:35.866+0000] {dag.py:3722} INFO - Setting next_dagrun for example_xcom_args_with_operators to None, run_after=None
[2023-11-14T21:41:35.913+0000] {processor.py:179} INFO - Processing /home/airflow/.local/lib/python3.8/site-packages/airflow/example_dags/example_xcomargs.py took 0.117 seconds
[2023-11-14T21:42:06.926+0000] {processor.py:157} INFO - Started process (PID=952) to work on /home/airflow/.local/lib/python3.8/site-packages/airflow/example_dags/example_xcomargs.py
[2023-11-14T21:42:06.928+0000] {processor.py:829} INFO - Processing file /home/airflow/.local/lib/python3.8/site-packages/airflow/example_dags/example_xcomargs.py for tasks to queue
[2023-11-14T21:42:06.932+0000] {logging_mixin.py:154} INFO - [2023-11-14T21:42:06.932+0000] {dagbag.py:536} INFO - Filling up the DagBag from /home/airflow/.local/lib/python3.8/site-packages/airflow/example_dags/example_xcomargs.py
[2023-11-14T21:42:06.949+0000] {processor.py:839} INFO - DAG(s) dict_keys(['example_xcom_args', 'example_xcom_args_with_operators']) retrieved from /home/airflow/.local/lib/python3.8/site-packages/airflow/example_dags/example_xcomargs.py
[2023-11-14T21:42:06.989+0000] {logging_mixin.py:154} INFO - [2023-11-14T21:42:06.989+0000] {dag.py:2941} INFO - Sync 2 DAGs
[2023-11-14T21:42:07.006+0000] {logging_mixin.py:154} INFO - [2023-11-14T21:42:07.006+0000] {dag.py:3722} INFO - Setting next_dagrun for example_xcom_args to None, run_after=None
[2023-11-14T21:42:07.010+0000] {logging_mixin.py:154} INFO - [2023-11-14T21:42:07.010+0000] {dag.py:3722} INFO - Setting next_dagrun for example_xcom_args_with_operators to None, run_after=None
[2023-11-14T21:42:07.055+0000] {processor.py:179} INFO - Processing /home/airflow/.local/lib/python3.8/site-packages/airflow/example_dags/example_xcomargs.py took 0.137 seconds
[2023-11-14T21:42:37.856+0000] {processor.py:157} INFO - Started process (PID=1007) to work on /home/airflow/.local/lib/python3.8/site-packages/airflow/example_dags/example_xcomargs.py
[2023-11-14T21:42:37.857+0000] {processor.py:829} INFO - Processing file /home/airflow/.local/lib/python3.8/site-packages/airflow/example_dags/example_xcomargs.py for tasks to queue
[2023-11-14T21:42:37.859+0000] {logging_mixin.py:154} INFO - [2023-11-14T21:42:37.859+0000] {dagbag.py:536} INFO - Filling up the DagBag from /home/airflow/.local/lib/python3.8/site-packages/airflow/example_dags/example_xcomargs.py
[2023-11-14T21:42:37.873+0000] {processor.py:839} INFO - DAG(s) dict_keys(['example_xcom_args_with_operators', 'example_xcom_args']) retrieved from /home/airflow/.local/lib/python3.8/site-packages/airflow/example_dags/example_xcomargs.py
[2023-11-14T21:42:37.911+0000] {logging_mixin.py:154} INFO - [2023-11-14T21:42:37.911+0000] {dag.py:2941} INFO - Sync 2 DAGs
[2023-11-14T21:42:37.931+0000] {logging_mixin.py:154} INFO - [2023-11-14T21:42:37.931+0000] {dag.py:3722} INFO - Setting next_dagrun for example_xcom_args to None, run_after=None
[2023-11-14T21:42:37.939+0000] {logging_mixin.py:154} INFO - [2023-11-14T21:42:37.939+0000] {dag.py:3722} INFO - Setting next_dagrun for example_xcom_args_with_operators to None, run_after=None
[2023-11-14T21:42:37.966+0000] {processor.py:179} INFO - Processing /home/airflow/.local/lib/python3.8/site-packages/airflow/example_dags/example_xcomargs.py took 0.118 seconds
[2023-11-14T21:43:08.236+0000] {processor.py:157} INFO - Started process (PID=1061) to work on /home/airflow/.local/lib/python3.8/site-packages/airflow/example_dags/example_xcomargs.py
[2023-11-14T21:43:08.237+0000] {processor.py:829} INFO - Processing file /home/airflow/.local/lib/python3.8/site-packages/airflow/example_dags/example_xcomargs.py for tasks to queue
[2023-11-14T21:43:08.240+0000] {logging_mixin.py:154} INFO - [2023-11-14T21:43:08.239+0000] {dagbag.py:536} INFO - Filling up the DagBag from /home/airflow/.local/lib/python3.8/site-packages/airflow/example_dags/example_xcomargs.py
[2023-11-14T21:43:08.250+0000] {processor.py:839} INFO - DAG(s) dict_keys(['example_xcom_args', 'example_xcom_args_with_operators']) retrieved from /home/airflow/.local/lib/python3.8/site-packages/airflow/example_dags/example_xcomargs.py
[2023-11-14T21:43:08.284+0000] {logging_mixin.py:154} INFO - [2023-11-14T21:43:08.284+0000] {dag.py:2941} INFO - Sync 2 DAGs
[2023-11-14T21:43:08.301+0000] {logging_mixin.py:154} INFO - [2023-11-14T21:43:08.301+0000] {dag.py:3722} INFO - Setting next_dagrun for example_xcom_args to None, run_after=None
[2023-11-14T21:43:08.307+0000] {logging_mixin.py:154} INFO - [2023-11-14T21:43:08.307+0000] {dag.py:3722} INFO - Setting next_dagrun for example_xcom_args_with_operators to None, run_after=None
[2023-11-14T21:43:08.329+0000] {processor.py:179} INFO - Processing /home/airflow/.local/lib/python3.8/site-packages/airflow/example_dags/example_xcomargs.py took 0.098 seconds
[2023-11-14T21:43:38.707+0000] {processor.py:157} INFO - Started process (PID=1115) to work on /home/airflow/.local/lib/python3.8/site-packages/airflow/example_dags/example_xcomargs.py
[2023-11-14T21:43:38.708+0000] {processor.py:829} INFO - Processing file /home/airflow/.local/lib/python3.8/site-packages/airflow/example_dags/example_xcomargs.py for tasks to queue
[2023-11-14T21:43:38.711+0000] {logging_mixin.py:154} INFO - [2023-11-14T21:43:38.711+0000] {dagbag.py:536} INFO - Filling up the DagBag from /home/airflow/.local/lib/python3.8/site-packages/airflow/example_dags/example_xcomargs.py
[2023-11-14T21:43:38.721+0000] {processor.py:839} INFO - DAG(s) dict_keys(['example_xcom_args', 'example_xcom_args_with_operators']) retrieved from /home/airflow/.local/lib/python3.8/site-packages/airflow/example_dags/example_xcomargs.py
[2023-11-14T21:43:38.751+0000] {logging_mixin.py:154} INFO - [2023-11-14T21:43:38.750+0000] {dag.py:2941} INFO - Sync 2 DAGs
[2023-11-14T21:43:38.768+0000] {logging_mixin.py:154} INFO - [2023-11-14T21:43:38.768+0000] {dag.py:3722} INFO - Setting next_dagrun for example_xcom_args to None, run_after=None
[2023-11-14T21:43:38.774+0000] {logging_mixin.py:154} INFO - [2023-11-14T21:43:38.773+0000] {dag.py:3722} INFO - Setting next_dagrun for example_xcom_args_with_operators to None, run_after=None
[2023-11-14T21:43:38.795+0000] {processor.py:179} INFO - Processing /home/airflow/.local/lib/python3.8/site-packages/airflow/example_dags/example_xcomargs.py took 0.092 seconds
[2023-11-14T21:44:09.250+0000] {processor.py:157} INFO - Started process (PID=1169) to work on /home/airflow/.local/lib/python3.8/site-packages/airflow/example_dags/example_xcomargs.py
[2023-11-14T21:44:09.252+0000] {processor.py:829} INFO - Processing file /home/airflow/.local/lib/python3.8/site-packages/airflow/example_dags/example_xcomargs.py for tasks to queue
[2023-11-14T21:44:09.255+0000] {logging_mixin.py:154} INFO - [2023-11-14T21:44:09.255+0000] {dagbag.py:536} INFO - Filling up the DagBag from /home/airflow/.local/lib/python3.8/site-packages/airflow/example_dags/example_xcomargs.py
[2023-11-14T21:44:09.267+0000] {processor.py:839} INFO - DAG(s) dict_keys(['example_xcom_args_with_operators', 'example_xcom_args']) retrieved from /home/airflow/.local/lib/python3.8/site-packages/airflow/example_dags/example_xcomargs.py
[2023-11-14T21:44:09.297+0000] {logging_mixin.py:154} INFO - [2023-11-14T21:44:09.297+0000] {dag.py:2941} INFO - Sync 2 DAGs
[2023-11-14T21:44:09.316+0000] {logging_mixin.py:154} INFO - [2023-11-14T21:44:09.315+0000] {dag.py:3722} INFO - Setting next_dagrun for example_xcom_args to None, run_after=None
[2023-11-14T21:44:09.320+0000] {logging_mixin.py:154} INFO - [2023-11-14T21:44:09.320+0000] {dag.py:3722} INFO - Setting next_dagrun for example_xcom_args_with_operators to None, run_after=None
[2023-11-14T21:44:09.532+0000] {processor.py:179} INFO - Processing /home/airflow/.local/lib/python3.8/site-packages/airflow/example_dags/example_xcomargs.py took 0.288 seconds
[2023-11-14T21:44:39.862+0000] {processor.py:157} INFO - Started process (PID=1223) to work on /home/airflow/.local/lib/python3.8/site-packages/airflow/example_dags/example_xcomargs.py
[2023-11-14T21:44:39.864+0000] {processor.py:829} INFO - Processing file /home/airflow/.local/lib/python3.8/site-packages/airflow/example_dags/example_xcomargs.py for tasks to queue
[2023-11-14T21:44:39.868+0000] {logging_mixin.py:154} INFO - [2023-11-14T21:44:39.867+0000] {dagbag.py:536} INFO - Filling up the DagBag from /home/airflow/.local/lib/python3.8/site-packages/airflow/example_dags/example_xcomargs.py
[2023-11-14T21:44:39.880+0000] {processor.py:839} INFO - DAG(s) dict_keys(['example_xcom_args_with_operators', 'example_xcom_args']) retrieved from /home/airflow/.local/lib/python3.8/site-packages/airflow/example_dags/example_xcomargs.py
[2023-11-14T21:44:39.910+0000] {logging_mixin.py:154} INFO - [2023-11-14T21:44:39.910+0000] {dag.py:2941} INFO - Sync 2 DAGs
[2023-11-14T21:44:39.926+0000] {logging_mixin.py:154} INFO - [2023-11-14T21:44:39.925+0000] {dag.py:3722} INFO - Setting next_dagrun for example_xcom_args to None, run_after=None
[2023-11-14T21:44:39.930+0000] {logging_mixin.py:154} INFO - [2023-11-14T21:44:39.930+0000] {dag.py:3722} INFO - Setting next_dagrun for example_xcom_args_with_operators to None, run_after=None
[2023-11-14T21:44:39.952+0000] {processor.py:179} INFO - Processing /home/airflow/.local/lib/python3.8/site-packages/airflow/example_dags/example_xcomargs.py took 0.095 seconds
[2023-11-14T21:45:10.402+0000] {processor.py:157} INFO - Started process (PID=1277) to work on /home/airflow/.local/lib/python3.8/site-packages/airflow/example_dags/example_xcomargs.py
[2023-11-14T21:45:10.403+0000] {processor.py:829} INFO - Processing file /home/airflow/.local/lib/python3.8/site-packages/airflow/example_dags/example_xcomargs.py for tasks to queue
[2023-11-14T21:45:10.406+0000] {logging_mixin.py:154} INFO - [2023-11-14T21:45:10.406+0000] {dagbag.py:536} INFO - Filling up the DagBag from /home/airflow/.local/lib/python3.8/site-packages/airflow/example_dags/example_xcomargs.py
[2023-11-14T21:45:10.418+0000] {processor.py:839} INFO - DAG(s) dict_keys(['example_xcom_args', 'example_xcom_args_with_operators']) retrieved from /home/airflow/.local/lib/python3.8/site-packages/airflow/example_dags/example_xcomargs.py
[2023-11-14T21:45:10.447+0000] {logging_mixin.py:154} INFO - [2023-11-14T21:45:10.447+0000] {dag.py:2941} INFO - Sync 2 DAGs
[2023-11-14T21:45:10.462+0000] {logging_mixin.py:154} INFO - [2023-11-14T21:45:10.461+0000] {dag.py:3722} INFO - Setting next_dagrun for example_xcom_args to None, run_after=None
[2023-11-14T21:45:10.466+0000] {logging_mixin.py:154} INFO - [2023-11-14T21:45:10.466+0000] {dag.py:3722} INFO - Setting next_dagrun for example_xcom_args_with_operators to None, run_after=None
[2023-11-14T21:45:10.490+0000] {processor.py:179} INFO - Processing /home/airflow/.local/lib/python3.8/site-packages/airflow/example_dags/example_xcomargs.py took 0.094 seconds
[2023-11-14T21:45:41.073+0000] {processor.py:157} INFO - Started process (PID=1331) to work on /home/airflow/.local/lib/python3.8/site-packages/airflow/example_dags/example_xcomargs.py
[2023-11-14T21:45:41.075+0000] {processor.py:829} INFO - Processing file /home/airflow/.local/lib/python3.8/site-packages/airflow/example_dags/example_xcomargs.py for tasks to queue
[2023-11-14T21:45:41.079+0000] {logging_mixin.py:154} INFO - [2023-11-14T21:45:41.078+0000] {dagbag.py:536} INFO - Filling up the DagBag from /home/airflow/.local/lib/python3.8/site-packages/airflow/example_dags/example_xcomargs.py
[2023-11-14T21:45:41.091+0000] {processor.py:839} INFO - DAG(s) dict_keys(['example_xcom_args', 'example_xcom_args_with_operators']) retrieved from /home/airflow/.local/lib/python3.8/site-packages/airflow/example_dags/example_xcomargs.py
[2023-11-14T21:45:41.125+0000] {logging_mixin.py:154} INFO - [2023-11-14T21:45:41.125+0000] {dag.py:2941} INFO - Sync 2 DAGs
[2023-11-14T21:45:41.143+0000] {logging_mixin.py:154} INFO - [2023-11-14T21:45:41.143+0000] {dag.py:3722} INFO - Setting next_dagrun for example_xcom_args to None, run_after=None
[2023-11-14T21:45:41.147+0000] {logging_mixin.py:154} INFO - [2023-11-14T21:45:41.147+0000] {dag.py:3722} INFO - Setting next_dagrun for example_xcom_args_with_operators to None, run_after=None
[2023-11-14T21:45:41.169+0000] {processor.py:179} INFO - Processing /home/airflow/.local/lib/python3.8/site-packages/airflow/example_dags/example_xcomargs.py took 0.101 seconds
[2023-11-14T21:46:11.285+0000] {processor.py:157} INFO - Started process (PID=1385) to work on /home/airflow/.local/lib/python3.8/site-packages/airflow/example_dags/example_xcomargs.py
[2023-11-14T21:46:11.286+0000] {processor.py:829} INFO - Processing file /home/airflow/.local/lib/python3.8/site-packages/airflow/example_dags/example_xcomargs.py for tasks to queue
[2023-11-14T21:46:11.288+0000] {logging_mixin.py:154} INFO - [2023-11-14T21:46:11.288+0000] {dagbag.py:536} INFO - Filling up the DagBag from /home/airflow/.local/lib/python3.8/site-packages/airflow/example_dags/example_xcomargs.py
[2023-11-14T21:46:11.298+0000] {processor.py:839} INFO - DAG(s) dict_keys(['example_xcom_args', 'example_xcom_args_with_operators']) retrieved from /home/airflow/.local/lib/python3.8/site-packages/airflow/example_dags/example_xcomargs.py
[2023-11-14T21:46:11.327+0000] {logging_mixin.py:154} INFO - [2023-11-14T21:46:11.327+0000] {dag.py:2941} INFO - Sync 2 DAGs
[2023-11-14T21:46:11.343+0000] {logging_mixin.py:154} INFO - [2023-11-14T21:46:11.343+0000] {dag.py:3722} INFO - Setting next_dagrun for example_xcom_args to None, run_after=None
[2023-11-14T21:46:11.348+0000] {logging_mixin.py:154} INFO - [2023-11-14T21:46:11.348+0000] {dag.py:3722} INFO - Setting next_dagrun for example_xcom_args_with_operators to None, run_after=None
[2023-11-14T21:46:11.394+0000] {processor.py:179} INFO - Processing /home/airflow/.local/lib/python3.8/site-packages/airflow/example_dags/example_xcomargs.py took 0.113 seconds
[2023-11-14T21:46:41.687+0000] {processor.py:157} INFO - Started process (PID=1439) to work on /home/airflow/.local/lib/python3.8/site-packages/airflow/example_dags/example_xcomargs.py
[2023-11-14T21:46:41.689+0000] {processor.py:829} INFO - Processing file /home/airflow/.local/lib/python3.8/site-packages/airflow/example_dags/example_xcomargs.py for tasks to queue
[2023-11-14T21:46:41.692+0000] {logging_mixin.py:154} INFO - [2023-11-14T21:46:41.691+0000] {dagbag.py:536} INFO - Filling up the DagBag from /home/airflow/.local/lib/python3.8/site-packages/airflow/example_dags/example_xcomargs.py
[2023-11-14T21:46:41.702+0000] {processor.py:839} INFO - DAG(s) dict_keys(['example_xcom_args_with_operators', 'example_xcom_args']) retrieved from /home/airflow/.local/lib/python3.8/site-packages/airflow/example_dags/example_xcomargs.py
[2023-11-14T21:46:41.734+0000] {logging_mixin.py:154} INFO - [2023-11-14T21:46:41.734+0000] {dag.py:2941} INFO - Sync 2 DAGs
[2023-11-14T21:46:41.930+0000] {logging_mixin.py:154} INFO - [2023-11-14T21:46:41.930+0000] {dag.py:3722} INFO - Setting next_dagrun for example_xcom_args to None, run_after=None
[2023-11-14T21:46:41.936+0000] {logging_mixin.py:154} INFO - [2023-11-14T21:46:41.936+0000] {dag.py:3722} INFO - Setting next_dagrun for example_xcom_args_with_operators to None, run_after=None
[2023-11-14T21:46:41.967+0000] {processor.py:179} INFO - Processing /home/airflow/.local/lib/python3.8/site-packages/airflow/example_dags/example_xcomargs.py took 0.285 seconds
[2023-11-14T21:47:12.499+0000] {processor.py:157} INFO - Started process (PID=1493) to work on /home/airflow/.local/lib/python3.8/site-packages/airflow/example_dags/example_xcomargs.py
[2023-11-14T21:47:12.502+0000] {processor.py:829} INFO - Processing file /home/airflow/.local/lib/python3.8/site-packages/airflow/example_dags/example_xcomargs.py for tasks to queue
[2023-11-14T21:47:12.509+0000] {logging_mixin.py:154} INFO - [2023-11-14T21:47:12.508+0000] {dagbag.py:536} INFO - Filling up the DagBag from /home/airflow/.local/lib/python3.8/site-packages/airflow/example_dags/example_xcomargs.py
[2023-11-14T21:47:12.533+0000] {processor.py:839} INFO - DAG(s) dict_keys(['example_xcom_args_with_operators', 'example_xcom_args']) retrieved from /home/airflow/.local/lib/python3.8/site-packages/airflow/example_dags/example_xcomargs.py
[2023-11-14T21:47:12.572+0000] {logging_mixin.py:154} INFO - [2023-11-14T21:47:12.572+0000] {dag.py:2941} INFO - Sync 2 DAGs
[2023-11-14T21:47:12.590+0000] {logging_mixin.py:154} INFO - [2023-11-14T21:47:12.590+0000] {dag.py:3722} INFO - Setting next_dagrun for example_xcom_args to None, run_after=None
[2023-11-14T21:47:12.595+0000] {logging_mixin.py:154} INFO - [2023-11-14T21:47:12.595+0000] {dag.py:3722} INFO - Setting next_dagrun for example_xcom_args_with_operators to None, run_after=None
[2023-11-14T21:47:12.621+0000] {processor.py:179} INFO - Processing /home/airflow/.local/lib/python3.8/site-packages/airflow/example_dags/example_xcomargs.py took 0.138 seconds
[2023-11-14T21:47:42.814+0000] {processor.py:157} INFO - Started process (PID=1547) to work on /home/airflow/.local/lib/python3.8/site-packages/airflow/example_dags/example_xcomargs.py
[2023-11-14T21:47:42.816+0000] {processor.py:829} INFO - Processing file /home/airflow/.local/lib/python3.8/site-packages/airflow/example_dags/example_xcomargs.py for tasks to queue
[2023-11-14T21:47:42.822+0000] {logging_mixin.py:154} INFO - [2023-11-14T21:47:42.821+0000] {dagbag.py:536} INFO - Filling up the DagBag from /home/airflow/.local/lib/python3.8/site-packages/airflow/example_dags/example_xcomargs.py
[2023-11-14T21:47:42.843+0000] {processor.py:839} INFO - DAG(s) dict_keys(['example_xcom_args', 'example_xcom_args_with_operators']) retrieved from /home/airflow/.local/lib/python3.8/site-packages/airflow/example_dags/example_xcomargs.py
[2023-11-14T21:47:42.880+0000] {logging_mixin.py:154} INFO - [2023-11-14T21:47:42.879+0000] {dag.py:2941} INFO - Sync 2 DAGs
[2023-11-14T21:47:42.898+0000] {logging_mixin.py:154} INFO - [2023-11-14T21:47:42.898+0000] {dag.py:3722} INFO - Setting next_dagrun for example_xcom_args to None, run_after=None
[2023-11-14T21:47:42.903+0000] {logging_mixin.py:154} INFO - [2023-11-14T21:47:42.903+0000] {dag.py:3722} INFO - Setting next_dagrun for example_xcom_args_with_operators to None, run_after=None
[2023-11-14T21:47:42.938+0000] {processor.py:179} INFO - Processing /home/airflow/.local/lib/python3.8/site-packages/airflow/example_dags/example_xcomargs.py took 0.129 seconds
[2023-11-14T21:48:14.999+0000] {processor.py:157} INFO - Started process (PID=1602) to work on /home/airflow/.local/lib/python3.8/site-packages/airflow/example_dags/example_xcomargs.py
[2023-11-14T21:48:15.000+0000] {processor.py:829} INFO - Processing file /home/airflow/.local/lib/python3.8/site-packages/airflow/example_dags/example_xcomargs.py for tasks to queue
[2023-11-14T21:48:15.003+0000] {logging_mixin.py:154} INFO - [2023-11-14T21:48:15.002+0000] {dagbag.py:536} INFO - Filling up the DagBag from /home/airflow/.local/lib/python3.8/site-packages/airflow/example_dags/example_xcomargs.py
[2023-11-14T21:48:15.013+0000] {processor.py:839} INFO - DAG(s) dict_keys(['example_xcom_args', 'example_xcom_args_with_operators']) retrieved from /home/airflow/.local/lib/python3.8/site-packages/airflow/example_dags/example_xcomargs.py
[2023-11-14T21:48:15.050+0000] {logging_mixin.py:154} INFO - [2023-11-14T21:48:15.049+0000] {dag.py:2941} INFO - Sync 2 DAGs
[2023-11-14T21:48:15.231+0000] {logging_mixin.py:154} INFO - [2023-11-14T21:48:15.231+0000] {dag.py:3722} INFO - Setting next_dagrun for example_xcom_args to None, run_after=None
[2023-11-14T21:48:15.236+0000] {logging_mixin.py:154} INFO - [2023-11-14T21:48:15.236+0000] {dag.py:3722} INFO - Setting next_dagrun for example_xcom_args_with_operators to None, run_after=None
[2023-11-14T21:48:15.263+0000] {processor.py:179} INFO - Processing /home/airflow/.local/lib/python3.8/site-packages/airflow/example_dags/example_xcomargs.py took 0.269 seconds
[2023-11-14T21:48:45.675+0000] {processor.py:157} INFO - Started process (PID=1656) to work on /home/airflow/.local/lib/python3.8/site-packages/airflow/example_dags/example_xcomargs.py
[2023-11-14T21:48:45.675+0000] {processor.py:829} INFO - Processing file /home/airflow/.local/lib/python3.8/site-packages/airflow/example_dags/example_xcomargs.py for tasks to queue
[2023-11-14T21:48:45.678+0000] {logging_mixin.py:154} INFO - [2023-11-14T21:48:45.678+0000] {dagbag.py:536} INFO - Filling up the DagBag from /home/airflow/.local/lib/python3.8/site-packages/airflow/example_dags/example_xcomargs.py
[2023-11-14T21:48:45.687+0000] {processor.py:839} INFO - DAG(s) dict_keys(['example_xcom_args', 'example_xcom_args_with_operators']) retrieved from /home/airflow/.local/lib/python3.8/site-packages/airflow/example_dags/example_xcomargs.py
[2023-11-14T21:48:45.717+0000] {logging_mixin.py:154} INFO - [2023-11-14T21:48:45.717+0000] {dag.py:2941} INFO - Sync 2 DAGs
[2023-11-14T21:48:45.732+0000] {logging_mixin.py:154} INFO - [2023-11-14T21:48:45.732+0000] {dag.py:3722} INFO - Setting next_dagrun for example_xcom_args to None, run_after=None
[2023-11-14T21:48:45.736+0000] {logging_mixin.py:154} INFO - [2023-11-14T21:48:45.736+0000] {dag.py:3722} INFO - Setting next_dagrun for example_xcom_args_with_operators to None, run_after=None
[2023-11-14T21:48:45.765+0000] {processor.py:179} INFO - Processing /home/airflow/.local/lib/python3.8/site-packages/airflow/example_dags/example_xcomargs.py took 0.094 seconds
[2023-11-14T21:49:16.504+0000] {processor.py:157} INFO - Started process (PID=1710) to work on /home/airflow/.local/lib/python3.8/site-packages/airflow/example_dags/example_xcomargs.py
[2023-11-14T21:49:16.506+0000] {processor.py:829} INFO - Processing file /home/airflow/.local/lib/python3.8/site-packages/airflow/example_dags/example_xcomargs.py for tasks to queue
[2023-11-14T21:49:16.510+0000] {logging_mixin.py:154} INFO - [2023-11-14T21:49:16.509+0000] {dagbag.py:536} INFO - Filling up the DagBag from /home/airflow/.local/lib/python3.8/site-packages/airflow/example_dags/example_xcomargs.py
[2023-11-14T21:49:16.522+0000] {processor.py:839} INFO - DAG(s) dict_keys(['example_xcom_args_with_operators', 'example_xcom_args']) retrieved from /home/airflow/.local/lib/python3.8/site-packages/airflow/example_dags/example_xcomargs.py
[2023-11-14T21:49:16.723+0000] {logging_mixin.py:154} INFO - [2023-11-14T21:49:16.723+0000] {dag.py:2941} INFO - Sync 2 DAGs
[2023-11-14T21:49:16.737+0000] {logging_mixin.py:154} INFO - [2023-11-14T21:49:16.737+0000] {dag.py:3722} INFO - Setting next_dagrun for example_xcom_args to None, run_after=None
[2023-11-14T21:49:16.742+0000] {logging_mixin.py:154} INFO - [2023-11-14T21:49:16.742+0000] {dag.py:3722} INFO - Setting next_dagrun for example_xcom_args_with_operators to None, run_after=None
[2023-11-14T21:49:16.763+0000] {processor.py:179} INFO - Processing /home/airflow/.local/lib/python3.8/site-packages/airflow/example_dags/example_xcomargs.py took 0.265 seconds
[2023-11-14T21:49:47.410+0000] {processor.py:157} INFO - Started process (PID=1764) to work on /home/airflow/.local/lib/python3.8/site-packages/airflow/example_dags/example_xcomargs.py
[2023-11-14T21:49:47.411+0000] {processor.py:829} INFO - Processing file /home/airflow/.local/lib/python3.8/site-packages/airflow/example_dags/example_xcomargs.py for tasks to queue
[2023-11-14T21:49:47.417+0000] {logging_mixin.py:154} INFO - [2023-11-14T21:49:47.417+0000] {dagbag.py:536} INFO - Filling up the DagBag from /home/airflow/.local/lib/python3.8/site-packages/airflow/example_dags/example_xcomargs.py
[2023-11-14T21:49:47.439+0000] {processor.py:839} INFO - DAG(s) dict_keys(['example_xcom_args', 'example_xcom_args_with_operators']) retrieved from /home/airflow/.local/lib/python3.8/site-packages/airflow/example_dags/example_xcomargs.py
[2023-11-14T21:49:47.493+0000] {logging_mixin.py:154} INFO - [2023-11-14T21:49:47.493+0000] {dag.py:2941} INFO - Sync 2 DAGs
[2023-11-14T21:49:47.526+0000] {logging_mixin.py:154} INFO - [2023-11-14T21:49:47.525+0000] {dag.py:3722} INFO - Setting next_dagrun for example_xcom_args to None, run_after=None
[2023-11-14T21:49:47.531+0000] {logging_mixin.py:154} INFO - [2023-11-14T21:49:47.531+0000] {dag.py:3722} INFO - Setting next_dagrun for example_xcom_args_with_operators to None, run_after=None
[2023-11-14T21:49:47.558+0000] {processor.py:179} INFO - Processing /home/airflow/.local/lib/python3.8/site-packages/airflow/example_dags/example_xcomargs.py took 0.158 seconds
[2023-11-14T21:50:18.085+0000] {processor.py:157} INFO - Started process (PID=1818) to work on /home/airflow/.local/lib/python3.8/site-packages/airflow/example_dags/example_xcomargs.py
[2023-11-14T21:50:18.087+0000] {processor.py:829} INFO - Processing file /home/airflow/.local/lib/python3.8/site-packages/airflow/example_dags/example_xcomargs.py for tasks to queue
[2023-11-14T21:50:18.090+0000] {logging_mixin.py:154} INFO - [2023-11-14T21:50:18.089+0000] {dagbag.py:536} INFO - Filling up the DagBag from /home/airflow/.local/lib/python3.8/site-packages/airflow/example_dags/example_xcomargs.py
[2023-11-14T21:50:18.101+0000] {processor.py:839} INFO - DAG(s) dict_keys(['example_xcom_args', 'example_xcom_args_with_operators']) retrieved from /home/airflow/.local/lib/python3.8/site-packages/airflow/example_dags/example_xcomargs.py
[2023-11-14T21:50:18.129+0000] {logging_mixin.py:154} INFO - [2023-11-14T21:50:18.129+0000] {dag.py:2941} INFO - Sync 2 DAGs
[2023-11-14T21:50:18.145+0000] {logging_mixin.py:154} INFO - [2023-11-14T21:50:18.145+0000] {dag.py:3722} INFO - Setting next_dagrun for example_xcom_args to None, run_after=None
[2023-11-14T21:50:18.149+0000] {logging_mixin.py:154} INFO - [2023-11-14T21:50:18.149+0000] {dag.py:3722} INFO - Setting next_dagrun for example_xcom_args_with_operators to None, run_after=None
[2023-11-14T21:50:18.171+0000] {processor.py:179} INFO - Processing /home/airflow/.local/lib/python3.8/site-packages/airflow/example_dags/example_xcomargs.py took 0.091 seconds
[2023-11-14T21:50:48.554+0000] {processor.py:157} INFO - Started process (PID=1872) to work on /home/airflow/.local/lib/python3.8/site-packages/airflow/example_dags/example_xcomargs.py
[2023-11-14T21:50:48.555+0000] {processor.py:829} INFO - Processing file /home/airflow/.local/lib/python3.8/site-packages/airflow/example_dags/example_xcomargs.py for tasks to queue
[2023-11-14T21:50:48.558+0000] {logging_mixin.py:154} INFO - [2023-11-14T21:50:48.558+0000] {dagbag.py:536} INFO - Filling up the DagBag from /home/airflow/.local/lib/python3.8/site-packages/airflow/example_dags/example_xcomargs.py
[2023-11-14T21:50:48.569+0000] {processor.py:839} INFO - DAG(s) dict_keys(['example_xcom_args', 'example_xcom_args_with_operators']) retrieved from /home/airflow/.local/lib/python3.8/site-packages/airflow/example_dags/example_xcomargs.py
[2023-11-14T21:50:48.599+0000] {logging_mixin.py:154} INFO - [2023-11-14T21:50:48.599+0000] {dag.py:2941} INFO - Sync 2 DAGs
[2023-11-14T21:50:48.615+0000] {logging_mixin.py:154} INFO - [2023-11-14T21:50:48.615+0000] {dag.py:3722} INFO - Setting next_dagrun for example_xcom_args to None, run_after=None
[2023-11-14T21:50:48.619+0000] {logging_mixin.py:154} INFO - [2023-11-14T21:50:48.619+0000] {dag.py:3722} INFO - Setting next_dagrun for example_xcom_args_with_operators to None, run_after=None
[2023-11-14T21:50:48.642+0000] {processor.py:179} INFO - Processing /home/airflow/.local/lib/python3.8/site-packages/airflow/example_dags/example_xcomargs.py took 0.092 seconds
[2023-11-14T21:51:19.016+0000] {processor.py:157} INFO - Started process (PID=1926) to work on /home/airflow/.local/lib/python3.8/site-packages/airflow/example_dags/example_xcomargs.py
[2023-11-14T21:51:19.018+0000] {processor.py:829} INFO - Processing file /home/airflow/.local/lib/python3.8/site-packages/airflow/example_dags/example_xcomargs.py for tasks to queue
[2023-11-14T21:51:19.021+0000] {logging_mixin.py:154} INFO - [2023-11-14T21:51:19.021+0000] {dagbag.py:536} INFO - Filling up the DagBag from /home/airflow/.local/lib/python3.8/site-packages/airflow/example_dags/example_xcomargs.py
[2023-11-14T21:51:19.032+0000] {processor.py:839} INFO - DAG(s) dict_keys(['example_xcom_args', 'example_xcom_args_with_operators']) retrieved from /home/airflow/.local/lib/python3.8/site-packages/airflow/example_dags/example_xcomargs.py
[2023-11-14T21:51:19.062+0000] {logging_mixin.py:154} INFO - [2023-11-14T21:51:19.062+0000] {dag.py:2941} INFO - Sync 2 DAGs
[2023-11-14T21:51:19.079+0000] {logging_mixin.py:154} INFO - [2023-11-14T21:51:19.078+0000] {dag.py:3722} INFO - Setting next_dagrun for example_xcom_args to None, run_after=None
[2023-11-14T21:51:19.083+0000] {logging_mixin.py:154} INFO - [2023-11-14T21:51:19.083+0000] {dag.py:3722} INFO - Setting next_dagrun for example_xcom_args_with_operators to None, run_after=None
[2023-11-14T21:51:19.106+0000] {processor.py:179} INFO - Processing /home/airflow/.local/lib/python3.8/site-packages/airflow/example_dags/example_xcomargs.py took 0.095 seconds
[2023-11-14T21:51:49.474+0000] {processor.py:157} INFO - Started process (PID=1980) to work on /home/airflow/.local/lib/python3.8/site-packages/airflow/example_dags/example_xcomargs.py
[2023-11-14T21:51:49.477+0000] {processor.py:829} INFO - Processing file /home/airflow/.local/lib/python3.8/site-packages/airflow/example_dags/example_xcomargs.py for tasks to queue
[2023-11-14T21:51:49.480+0000] {logging_mixin.py:154} INFO - [2023-11-14T21:51:49.480+0000] {dagbag.py:536} INFO - Filling up the DagBag from /home/airflow/.local/lib/python3.8/site-packages/airflow/example_dags/example_xcomargs.py
[2023-11-14T21:51:49.490+0000] {processor.py:839} INFO - DAG(s) dict_keys(['example_xcom_args', 'example_xcom_args_with_operators']) retrieved from /home/airflow/.local/lib/python3.8/site-packages/airflow/example_dags/example_xcomargs.py
[2023-11-14T21:51:49.520+0000] {logging_mixin.py:154} INFO - [2023-11-14T21:51:49.520+0000] {dag.py:2941} INFO - Sync 2 DAGs
[2023-11-14T21:51:49.536+0000] {logging_mixin.py:154} INFO - [2023-11-14T21:51:49.536+0000] {dag.py:3722} INFO - Setting next_dagrun for example_xcom_args to None, run_after=None
[2023-11-14T21:51:49.541+0000] {logging_mixin.py:154} INFO - [2023-11-14T21:51:49.541+0000] {dag.py:3722} INFO - Setting next_dagrun for example_xcom_args_with_operators to None, run_after=None
[2023-11-14T21:51:49.564+0000] {processor.py:179} INFO - Processing /home/airflow/.local/lib/python3.8/site-packages/airflow/example_dags/example_xcomargs.py took 0.095 seconds
[2023-11-14T21:52:20.254+0000] {processor.py:157} INFO - Started process (PID=2035) to work on /home/airflow/.local/lib/python3.8/site-packages/airflow/example_dags/example_xcomargs.py
[2023-11-14T21:52:20.257+0000] {processor.py:829} INFO - Processing file /home/airflow/.local/lib/python3.8/site-packages/airflow/example_dags/example_xcomargs.py for tasks to queue
[2023-11-14T21:52:20.261+0000] {logging_mixin.py:154} INFO - [2023-11-14T21:52:20.261+0000] {dagbag.py:536} INFO - Filling up the DagBag from /home/airflow/.local/lib/python3.8/site-packages/airflow/example_dags/example_xcomargs.py
[2023-11-14T21:52:20.274+0000] {processor.py:839} INFO - DAG(s) dict_keys(['example_xcom_args', 'example_xcom_args_with_operators']) retrieved from /home/airflow/.local/lib/python3.8/site-packages/airflow/example_dags/example_xcomargs.py
[2023-11-14T21:52:20.305+0000] {logging_mixin.py:154} INFO - [2023-11-14T21:52:20.304+0000] {dag.py:2941} INFO - Sync 2 DAGs
[2023-11-14T21:52:20.322+0000] {logging_mixin.py:154} INFO - [2023-11-14T21:52:20.321+0000] {dag.py:3722} INFO - Setting next_dagrun for example_xcom_args to None, run_after=None
[2023-11-14T21:52:20.327+0000] {logging_mixin.py:154} INFO - [2023-11-14T21:52:20.327+0000] {dag.py:3722} INFO - Setting next_dagrun for example_xcom_args_with_operators to None, run_after=None
[2023-11-14T21:52:20.352+0000] {processor.py:179} INFO - Processing /home/airflow/.local/lib/python3.8/site-packages/airflow/example_dags/example_xcomargs.py took 0.103 seconds
[2023-11-14T21:52:50.565+0000] {processor.py:157} INFO - Started process (PID=2089) to work on /home/airflow/.local/lib/python3.8/site-packages/airflow/example_dags/example_xcomargs.py
[2023-11-14T21:52:50.570+0000] {processor.py:829} INFO - Processing file /home/airflow/.local/lib/python3.8/site-packages/airflow/example_dags/example_xcomargs.py for tasks to queue
[2023-11-14T21:52:50.573+0000] {logging_mixin.py:154} INFO - [2023-11-14T21:52:50.573+0000] {dagbag.py:536} INFO - Filling up the DagBag from /home/airflow/.local/lib/python3.8/site-packages/airflow/example_dags/example_xcomargs.py
[2023-11-14T21:52:50.585+0000] {processor.py:839} INFO - DAG(s) dict_keys(['example_xcom_args', 'example_xcom_args_with_operators']) retrieved from /home/airflow/.local/lib/python3.8/site-packages/airflow/example_dags/example_xcomargs.py
[2023-11-14T21:52:50.616+0000] {logging_mixin.py:154} INFO - [2023-11-14T21:52:50.616+0000] {dag.py:2941} INFO - Sync 2 DAGs
[2023-11-14T21:52:50.631+0000] {logging_mixin.py:154} INFO - [2023-11-14T21:52:50.631+0000] {dag.py:3722} INFO - Setting next_dagrun for example_xcom_args to None, run_after=None
[2023-11-14T21:52:50.637+0000] {logging_mixin.py:154} INFO - [2023-11-14T21:52:50.636+0000] {dag.py:3722} INFO - Setting next_dagrun for example_xcom_args_with_operators to None, run_after=None
[2023-11-14T21:52:50.660+0000] {processor.py:179} INFO - Processing /home/airflow/.local/lib/python3.8/site-packages/airflow/example_dags/example_xcomargs.py took 0.100 seconds
[2023-11-14T21:53:21.376+0000] {processor.py:157} INFO - Started process (PID=2143) to work on /home/airflow/.local/lib/python3.8/site-packages/airflow/example_dags/example_xcomargs.py
[2023-11-14T21:53:21.380+0000] {processor.py:829} INFO - Processing file /home/airflow/.local/lib/python3.8/site-packages/airflow/example_dags/example_xcomargs.py for tasks to queue
[2023-11-14T21:53:21.384+0000] {logging_mixin.py:154} INFO - [2023-11-14T21:53:21.383+0000] {dagbag.py:536} INFO - Filling up the DagBag from /home/airflow/.local/lib/python3.8/site-packages/airflow/example_dags/example_xcomargs.py
[2023-11-14T21:53:21.395+0000] {processor.py:839} INFO - DAG(s) dict_keys(['example_xcom_args_with_operators', 'example_xcom_args']) retrieved from /home/airflow/.local/lib/python3.8/site-packages/airflow/example_dags/example_xcomargs.py
[2023-11-14T21:53:21.430+0000] {logging_mixin.py:154} INFO - [2023-11-14T21:53:21.430+0000] {dag.py:2941} INFO - Sync 2 DAGs
[2023-11-14T21:53:21.447+0000] {logging_mixin.py:154} INFO - [2023-11-14T21:53:21.446+0000] {dag.py:3722} INFO - Setting next_dagrun for example_xcom_args to None, run_after=None
[2023-11-14T21:53:21.451+0000] {logging_mixin.py:154} INFO - [2023-11-14T21:53:21.451+0000] {dag.py:3722} INFO - Setting next_dagrun for example_xcom_args_with_operators to None, run_after=None
[2023-11-14T21:53:21.478+0000] {processor.py:179} INFO - Processing /home/airflow/.local/lib/python3.8/site-packages/airflow/example_dags/example_xcomargs.py took 0.106 seconds
[2023-11-14T21:53:52.306+0000] {processor.py:157} INFO - Started process (PID=2197) to work on /home/airflow/.local/lib/python3.8/site-packages/airflow/example_dags/example_xcomargs.py
[2023-11-14T21:53:52.307+0000] {processor.py:829} INFO - Processing file /home/airflow/.local/lib/python3.8/site-packages/airflow/example_dags/example_xcomargs.py for tasks to queue
[2023-11-14T21:53:52.309+0000] {logging_mixin.py:154} INFO - [2023-11-14T21:53:52.309+0000] {dagbag.py:536} INFO - Filling up the DagBag from /home/airflow/.local/lib/python3.8/site-packages/airflow/example_dags/example_xcomargs.py
[2023-11-14T21:53:52.321+0000] {processor.py:839} INFO - DAG(s) dict_keys(['example_xcom_args', 'example_xcom_args_with_operators']) retrieved from /home/airflow/.local/lib/python3.8/site-packages/airflow/example_dags/example_xcomargs.py
[2023-11-14T21:53:52.358+0000] {logging_mixin.py:154} INFO - [2023-11-14T21:53:52.358+0000] {dag.py:2941} INFO - Sync 2 DAGs
[2023-11-14T21:53:52.376+0000] {logging_mixin.py:154} INFO - [2023-11-14T21:53:52.376+0000] {dag.py:3722} INFO - Setting next_dagrun for example_xcom_args to None, run_after=None
[2023-11-14T21:53:52.382+0000] {logging_mixin.py:154} INFO - [2023-11-14T21:53:52.382+0000] {dag.py:3722} INFO - Setting next_dagrun for example_xcom_args_with_operators to None, run_after=None
[2023-11-14T21:53:52.407+0000] {processor.py:179} INFO - Processing /home/airflow/.local/lib/python3.8/site-packages/airflow/example_dags/example_xcomargs.py took 0.105 seconds
[2023-11-14T21:54:22.910+0000] {processor.py:157} INFO - Started process (PID=2251) to work on /home/airflow/.local/lib/python3.8/site-packages/airflow/example_dags/example_xcomargs.py
[2023-11-14T21:54:22.912+0000] {processor.py:829} INFO - Processing file /home/airflow/.local/lib/python3.8/site-packages/airflow/example_dags/example_xcomargs.py for tasks to queue
[2023-11-14T21:54:22.916+0000] {logging_mixin.py:154} INFO - [2023-11-14T21:54:22.916+0000] {dagbag.py:536} INFO - Filling up the DagBag from /home/airflow/.local/lib/python3.8/site-packages/airflow/example_dags/example_xcomargs.py
[2023-11-14T21:54:22.937+0000] {processor.py:839} INFO - DAG(s) dict_keys(['example_xcom_args', 'example_xcom_args_with_operators']) retrieved from /home/airflow/.local/lib/python3.8/site-packages/airflow/example_dags/example_xcomargs.py
[2023-11-14T21:54:22.987+0000] {logging_mixin.py:154} INFO - [2023-11-14T21:54:22.986+0000] {dag.py:2941} INFO - Sync 2 DAGs
[2023-11-14T21:54:23.008+0000] {logging_mixin.py:154} INFO - [2023-11-14T21:54:23.007+0000] {dag.py:3722} INFO - Setting next_dagrun for example_xcom_args to None, run_after=None
[2023-11-14T21:54:23.012+0000] {logging_mixin.py:154} INFO - [2023-11-14T21:54:23.012+0000] {dag.py:3722} INFO - Setting next_dagrun for example_xcom_args_with_operators to None, run_after=None
[2023-11-14T21:54:23.036+0000] {processor.py:179} INFO - Processing /home/airflow/.local/lib/python3.8/site-packages/airflow/example_dags/example_xcomargs.py took 0.133 seconds
[2023-11-14T21:54:53.870+0000] {processor.py:157} INFO - Started process (PID=2305) to work on /home/airflow/.local/lib/python3.8/site-packages/airflow/example_dags/example_xcomargs.py
[2023-11-14T21:54:53.872+0000] {processor.py:829} INFO - Processing file /home/airflow/.local/lib/python3.8/site-packages/airflow/example_dags/example_xcomargs.py for tasks to queue
[2023-11-14T21:54:53.876+0000] {logging_mixin.py:154} INFO - [2023-11-14T21:54:53.876+0000] {dagbag.py:536} INFO - Filling up the DagBag from /home/airflow/.local/lib/python3.8/site-packages/airflow/example_dags/example_xcomargs.py
[2023-11-14T21:54:53.890+0000] {processor.py:839} INFO - DAG(s) dict_keys(['example_xcom_args_with_operators', 'example_xcom_args']) retrieved from /home/airflow/.local/lib/python3.8/site-packages/airflow/example_dags/example_xcomargs.py
[2023-11-14T21:54:53.920+0000] {logging_mixin.py:154} INFO - [2023-11-14T21:54:53.920+0000] {dag.py:2941} INFO - Sync 2 DAGs
[2023-11-14T21:54:53.936+0000] {logging_mixin.py:154} INFO - [2023-11-14T21:54:53.936+0000] {dag.py:3722} INFO - Setting next_dagrun for example_xcom_args to None, run_after=None
[2023-11-14T21:54:53.940+0000] {logging_mixin.py:154} INFO - [2023-11-14T21:54:53.940+0000] {dag.py:3722} INFO - Setting next_dagrun for example_xcom_args_with_operators to None, run_after=None
[2023-11-14T21:54:53.964+0000] {processor.py:179} INFO - Processing /home/airflow/.local/lib/python3.8/site-packages/airflow/example_dags/example_xcomargs.py took 0.100 seconds
[2023-11-14T21:55:24.166+0000] {processor.py:157} INFO - Started process (PID=2360) to work on /home/airflow/.local/lib/python3.8/site-packages/airflow/example_dags/example_xcomargs.py
[2023-11-14T21:55:24.168+0000] {processor.py:829} INFO - Processing file /home/airflow/.local/lib/python3.8/site-packages/airflow/example_dags/example_xcomargs.py for tasks to queue
[2023-11-14T21:55:24.170+0000] {logging_mixin.py:154} INFO - [2023-11-14T21:55:24.170+0000] {dagbag.py:536} INFO - Filling up the DagBag from /home/airflow/.local/lib/python3.8/site-packages/airflow/example_dags/example_xcomargs.py
[2023-11-14T21:55:24.181+0000] {processor.py:839} INFO - DAG(s) dict_keys(['example_xcom_args_with_operators', 'example_xcom_args']) retrieved from /home/airflow/.local/lib/python3.8/site-packages/airflow/example_dags/example_xcomargs.py
[2023-11-14T21:55:24.209+0000] {logging_mixin.py:154} INFO - [2023-11-14T21:55:24.209+0000] {dag.py:2941} INFO - Sync 2 DAGs
[2023-11-14T21:55:24.226+0000] {logging_mixin.py:154} INFO - [2023-11-14T21:55:24.226+0000] {dag.py:3722} INFO - Setting next_dagrun for example_xcom_args to None, run_after=None
[2023-11-14T21:55:24.231+0000] {logging_mixin.py:154} INFO - [2023-11-14T21:55:24.230+0000] {dag.py:3722} INFO - Setting next_dagrun for example_xcom_args_with_operators to None, run_after=None
[2023-11-14T21:55:24.252+0000] {processor.py:179} INFO - Processing /home/airflow/.local/lib/python3.8/site-packages/airflow/example_dags/example_xcomargs.py took 0.090 seconds
[2023-11-14T21:55:54.479+0000] {processor.py:157} INFO - Started process (PID=2414) to work on /home/airflow/.local/lib/python3.8/site-packages/airflow/example_dags/example_xcomargs.py
[2023-11-14T21:55:54.480+0000] {processor.py:829} INFO - Processing file /home/airflow/.local/lib/python3.8/site-packages/airflow/example_dags/example_xcomargs.py for tasks to queue
[2023-11-14T21:55:54.483+0000] {logging_mixin.py:154} INFO - [2023-11-14T21:55:54.482+0000] {dagbag.py:536} INFO - Filling up the DagBag from /home/airflow/.local/lib/python3.8/site-packages/airflow/example_dags/example_xcomargs.py
[2023-11-14T21:55:54.496+0000] {processor.py:839} INFO - DAG(s) dict_keys(['example_xcom_args_with_operators', 'example_xcom_args']) retrieved from /home/airflow/.local/lib/python3.8/site-packages/airflow/example_dags/example_xcomargs.py
[2023-11-14T21:55:54.527+0000] {logging_mixin.py:154} INFO - [2023-11-14T21:55:54.526+0000] {dag.py:2941} INFO - Sync 2 DAGs
[2023-11-14T21:55:54.543+0000] {logging_mixin.py:154} INFO - [2023-11-14T21:55:54.542+0000] {dag.py:3722} INFO - Setting next_dagrun for example_xcom_args to None, run_after=None
[2023-11-14T21:55:54.547+0000] {logging_mixin.py:154} INFO - [2023-11-14T21:55:54.547+0000] {dag.py:3722} INFO - Setting next_dagrun for example_xcom_args_with_operators to None, run_after=None
[2023-11-14T21:55:54.571+0000] {processor.py:179} INFO - Processing /home/airflow/.local/lib/python3.8/site-packages/airflow/example_dags/example_xcomargs.py took 0.097 seconds
[2023-11-14T21:56:25.043+0000] {processor.py:157} INFO - Started process (PID=2468) to work on /home/airflow/.local/lib/python3.8/site-packages/airflow/example_dags/example_xcomargs.py
[2023-11-14T21:56:25.045+0000] {processor.py:829} INFO - Processing file /home/airflow/.local/lib/python3.8/site-packages/airflow/example_dags/example_xcomargs.py for tasks to queue
[2023-11-14T21:56:25.049+0000] {logging_mixin.py:154} INFO - [2023-11-14T21:56:25.048+0000] {dagbag.py:536} INFO - Filling up the DagBag from /home/airflow/.local/lib/python3.8/site-packages/airflow/example_dags/example_xcomargs.py
[2023-11-14T21:56:25.070+0000] {processor.py:839} INFO - DAG(s) dict_keys(['example_xcom_args_with_operators', 'example_xcom_args']) retrieved from /home/airflow/.local/lib/python3.8/site-packages/airflow/example_dags/example_xcomargs.py
[2023-11-14T21:56:25.106+0000] {logging_mixin.py:154} INFO - [2023-11-14T21:56:25.106+0000] {dag.py:2941} INFO - Sync 2 DAGs
[2023-11-14T21:56:25.126+0000] {logging_mixin.py:154} INFO - [2023-11-14T21:56:25.126+0000] {dag.py:3722} INFO - Setting next_dagrun for example_xcom_args to None, run_after=None
[2023-11-14T21:56:25.132+0000] {logging_mixin.py:154} INFO - [2023-11-14T21:56:25.132+0000] {dag.py:3722} INFO - Setting next_dagrun for example_xcom_args_with_operators to None, run_after=None
[2023-11-14T21:56:25.158+0000] {processor.py:179} INFO - Processing /home/airflow/.local/lib/python3.8/site-packages/airflow/example_dags/example_xcomargs.py took 0.122 seconds
[2023-11-14T21:56:55.899+0000] {processor.py:157} INFO - Started process (PID=2523) to work on /home/airflow/.local/lib/python3.8/site-packages/airflow/example_dags/example_xcomargs.py
[2023-11-14T21:56:55.900+0000] {processor.py:829} INFO - Processing file /home/airflow/.local/lib/python3.8/site-packages/airflow/example_dags/example_xcomargs.py for tasks to queue
[2023-11-14T21:56:55.903+0000] {logging_mixin.py:154} INFO - [2023-11-14T21:56:55.902+0000] {dagbag.py:536} INFO - Filling up the DagBag from /home/airflow/.local/lib/python3.8/site-packages/airflow/example_dags/example_xcomargs.py
[2023-11-14T21:56:55.914+0000] {processor.py:839} INFO - DAG(s) dict_keys(['example_xcom_args_with_operators', 'example_xcom_args']) retrieved from /home/airflow/.local/lib/python3.8/site-packages/airflow/example_dags/example_xcomargs.py
[2023-11-14T21:56:55.945+0000] {logging_mixin.py:154} INFO - [2023-11-14T21:56:55.945+0000] {dag.py:2941} INFO - Sync 2 DAGs
[2023-11-14T21:56:55.961+0000] {logging_mixin.py:154} INFO - [2023-11-14T21:56:55.961+0000] {dag.py:3722} INFO - Setting next_dagrun for example_xcom_args to None, run_after=None
[2023-11-14T21:56:55.966+0000] {logging_mixin.py:154} INFO - [2023-11-14T21:56:55.966+0000] {dag.py:3722} INFO - Setting next_dagrun for example_xcom_args_with_operators to None, run_after=None
[2023-11-14T21:56:55.994+0000] {processor.py:179} INFO - Processing /home/airflow/.local/lib/python3.8/site-packages/airflow/example_dags/example_xcomargs.py took 0.099 seconds
[2023-11-14T21:57:26.737+0000] {processor.py:157} INFO - Started process (PID=2577) to work on /home/airflow/.local/lib/python3.8/site-packages/airflow/example_dags/example_xcomargs.py
[2023-11-14T21:57:26.741+0000] {processor.py:829} INFO - Processing file /home/airflow/.local/lib/python3.8/site-packages/airflow/example_dags/example_xcomargs.py for tasks to queue
[2023-11-14T21:57:26.750+0000] {logging_mixin.py:154} INFO - [2023-11-14T21:57:26.750+0000] {dagbag.py:536} INFO - Filling up the DagBag from /home/airflow/.local/lib/python3.8/site-packages/airflow/example_dags/example_xcomargs.py
[2023-11-14T21:57:26.770+0000] {processor.py:839} INFO - DAG(s) dict_keys(['example_xcom_args', 'example_xcom_args_with_operators']) retrieved from /home/airflow/.local/lib/python3.8/site-packages/airflow/example_dags/example_xcomargs.py
[2023-11-14T21:57:26.810+0000] {logging_mixin.py:154} INFO - [2023-11-14T21:57:26.809+0000] {dag.py:2941} INFO - Sync 2 DAGs
[2023-11-14T21:57:26.827+0000] {logging_mixin.py:154} INFO - [2023-11-14T21:57:26.827+0000] {dag.py:3722} INFO - Setting next_dagrun for example_xcom_args to None, run_after=None
[2023-11-14T21:57:26.832+0000] {logging_mixin.py:154} INFO - [2023-11-14T21:57:26.832+0000] {dag.py:3722} INFO - Setting next_dagrun for example_xcom_args_with_operators to None, run_after=None
[2023-11-14T21:57:26.859+0000] {processor.py:179} INFO - Processing /home/airflow/.local/lib/python3.8/site-packages/airflow/example_dags/example_xcomargs.py took 0.137 seconds
[2023-11-14T21:57:57.159+0000] {processor.py:157} INFO - Started process (PID=2632) to work on /home/airflow/.local/lib/python3.8/site-packages/airflow/example_dags/example_xcomargs.py
[2023-11-14T21:57:57.160+0000] {processor.py:829} INFO - Processing file /home/airflow/.local/lib/python3.8/site-packages/airflow/example_dags/example_xcomargs.py for tasks to queue
[2023-11-14T21:57:57.164+0000] {logging_mixin.py:154} INFO - [2023-11-14T21:57:57.164+0000] {dagbag.py:536} INFO - Filling up the DagBag from /home/airflow/.local/lib/python3.8/site-packages/airflow/example_dags/example_xcomargs.py
[2023-11-14T21:57:57.180+0000] {processor.py:839} INFO - DAG(s) dict_keys(['example_xcom_args_with_operators', 'example_xcom_args']) retrieved from /home/airflow/.local/lib/python3.8/site-packages/airflow/example_dags/example_xcomargs.py
[2023-11-14T21:57:57.215+0000] {logging_mixin.py:154} INFO - [2023-11-14T21:57:57.215+0000] {dag.py:2941} INFO - Sync 2 DAGs
[2023-11-14T21:57:57.235+0000] {logging_mixin.py:154} INFO - [2023-11-14T21:57:57.235+0000] {dag.py:3722} INFO - Setting next_dagrun for example_xcom_args to None, run_after=None
[2023-11-14T21:57:57.242+0000] {logging_mixin.py:154} INFO - [2023-11-14T21:57:57.241+0000] {dag.py:3722} INFO - Setting next_dagrun for example_xcom_args_with_operators to None, run_after=None
[2023-11-14T21:57:57.269+0000] {processor.py:179} INFO - Processing /home/airflow/.local/lib/python3.8/site-packages/airflow/example_dags/example_xcomargs.py took 0.115 seconds
[2023-11-14T21:58:27.348+0000] {processor.py:157} INFO - Started process (PID=2686) to work on /home/airflow/.local/lib/python3.8/site-packages/airflow/example_dags/example_xcomargs.py
[2023-11-14T21:58:27.350+0000] {processor.py:829} INFO - Processing file /home/airflow/.local/lib/python3.8/site-packages/airflow/example_dags/example_xcomargs.py for tasks to queue
[2023-11-14T21:58:27.355+0000] {logging_mixin.py:154} INFO - [2023-11-14T21:58:27.354+0000] {dagbag.py:536} INFO - Filling up the DagBag from /home/airflow/.local/lib/python3.8/site-packages/airflow/example_dags/example_xcomargs.py
[2023-11-14T21:58:27.372+0000] {processor.py:839} INFO - DAG(s) dict_keys(['example_xcom_args', 'example_xcom_args_with_operators']) retrieved from /home/airflow/.local/lib/python3.8/site-packages/airflow/example_dags/example_xcomargs.py
[2023-11-14T21:58:27.417+0000] {logging_mixin.py:154} INFO - [2023-11-14T21:58:27.416+0000] {dag.py:2941} INFO - Sync 2 DAGs
[2023-11-14T21:58:27.439+0000] {logging_mixin.py:154} INFO - [2023-11-14T21:58:27.439+0000] {dag.py:3722} INFO - Setting next_dagrun for example_xcom_args to None, run_after=None
[2023-11-14T21:58:27.446+0000] {logging_mixin.py:154} INFO - [2023-11-14T21:58:27.446+0000] {dag.py:3722} INFO - Setting next_dagrun for example_xcom_args_with_operators to None, run_after=None
[2023-11-14T21:58:27.475+0000] {processor.py:179} INFO - Processing /home/airflow/.local/lib/python3.8/site-packages/airflow/example_dags/example_xcomargs.py took 0.134 seconds
[2023-11-14T21:58:57.865+0000] {processor.py:157} INFO - Started process (PID=2740) to work on /home/airflow/.local/lib/python3.8/site-packages/airflow/example_dags/example_xcomargs.py
[2023-11-14T21:58:57.867+0000] {processor.py:829} INFO - Processing file /home/airflow/.local/lib/python3.8/site-packages/airflow/example_dags/example_xcomargs.py for tasks to queue
[2023-11-14T21:58:57.873+0000] {logging_mixin.py:154} INFO - [2023-11-14T21:58:57.873+0000] {dagbag.py:536} INFO - Filling up the DagBag from /home/airflow/.local/lib/python3.8/site-packages/airflow/example_dags/example_xcomargs.py
[2023-11-14T21:58:57.891+0000] {processor.py:839} INFO - DAG(s) dict_keys(['example_xcom_args_with_operators', 'example_xcom_args']) retrieved from /home/airflow/.local/lib/python3.8/site-packages/airflow/example_dags/example_xcomargs.py
[2023-11-14T21:58:57.921+0000] {logging_mixin.py:154} INFO - [2023-11-14T21:58:57.921+0000] {dag.py:2941} INFO - Sync 2 DAGs
[2023-11-14T21:58:57.937+0000] {logging_mixin.py:154} INFO - [2023-11-14T21:58:57.937+0000] {dag.py:3722} INFO - Setting next_dagrun for example_xcom_args to None, run_after=None
[2023-11-14T21:58:57.941+0000] {logging_mixin.py:154} INFO - [2023-11-14T21:58:57.941+0000] {dag.py:3722} INFO - Setting next_dagrun for example_xcom_args_with_operators to None, run_after=None
[2023-11-14T21:58:57.965+0000] {processor.py:179} INFO - Processing /home/airflow/.local/lib/python3.8/site-packages/airflow/example_dags/example_xcomargs.py took 0.110 seconds
[2023-11-14T21:59:28.526+0000] {processor.py:157} INFO - Started process (PID=2794) to work on /home/airflow/.local/lib/python3.8/site-packages/airflow/example_dags/example_xcomargs.py
[2023-11-14T21:59:28.528+0000] {processor.py:829} INFO - Processing file /home/airflow/.local/lib/python3.8/site-packages/airflow/example_dags/example_xcomargs.py for tasks to queue
[2023-11-14T21:59:28.531+0000] {logging_mixin.py:154} INFO - [2023-11-14T21:59:28.530+0000] {dagbag.py:536} INFO - Filling up the DagBag from /home/airflow/.local/lib/python3.8/site-packages/airflow/example_dags/example_xcomargs.py
[2023-11-14T21:59:28.545+0000] {processor.py:839} INFO - DAG(s) dict_keys(['example_xcom_args_with_operators', 'example_xcom_args']) retrieved from /home/airflow/.local/lib/python3.8/site-packages/airflow/example_dags/example_xcomargs.py
[2023-11-14T21:59:28.582+0000] {logging_mixin.py:154} INFO - [2023-11-14T21:59:28.582+0000] {dag.py:2941} INFO - Sync 2 DAGs
[2023-11-14T21:59:28.607+0000] {logging_mixin.py:154} INFO - [2023-11-14T21:59:28.606+0000] {dag.py:3722} INFO - Setting next_dagrun for example_xcom_args to None, run_after=None
[2023-11-14T21:59:28.611+0000] {logging_mixin.py:154} INFO - [2023-11-14T21:59:28.611+0000] {dag.py:3722} INFO - Setting next_dagrun for example_xcom_args_with_operators to None, run_after=None
[2023-11-14T21:59:28.639+0000] {processor.py:179} INFO - Processing /home/airflow/.local/lib/python3.8/site-packages/airflow/example_dags/example_xcomargs.py took 0.121 seconds
