[2023-11-14T21:33:55.064+0000] {processor.py:157} INFO - Started process (PID=48) to work on /home/airflow/.local/lib/python3.8/site-packages/airflow/example_dags/example_latest_only_with_trigger.py
[2023-11-14T21:33:55.066+0000] {processor.py:829} INFO - Processing file /home/airflow/.local/lib/python3.8/site-packages/airflow/example_dags/example_latest_only_with_trigger.py for tasks to queue
[2023-11-14T21:33:55.075+0000] {logging_mixin.py:154} INFO - [2023-11-14T21:33:55.075+0000] {dagbag.py:536} INFO - Filling up the DagBag from /home/airflow/.local/lib/python3.8/site-packages/airflow/example_dags/example_latest_only_with_trigger.py
[2023-11-14T21:33:55.092+0000] {processor.py:839} INFO - DAG(s) dict_keys(['latest_only_with_trigger']) retrieved from /home/airflow/.local/lib/python3.8/site-packages/airflow/example_dags/example_latest_only_with_trigger.py
[2023-11-14T21:33:55.313+0000] {logging_mixin.py:154} INFO - [2023-11-14T21:33:55.312+0000] {manager.py:499} INFO - Created Permission View: %s
[2023-11-14T21:33:55.330+0000] {logging_mixin.py:154} INFO - [2023-11-14T21:33:55.330+0000] {manager.py:499} INFO - Created Permission View: %s
[2023-11-14T21:33:55.342+0000] {logging_mixin.py:154} INFO - [2023-11-14T21:33:55.342+0000] {manager.py:499} INFO - Created Permission View: %s
[2023-11-14T21:33:55.343+0000] {logging_mixin.py:154} INFO - [2023-11-14T21:33:55.343+0000] {dag.py:2941} INFO - Sync 1 DAGs
[2023-11-14T21:33:55.362+0000] {logging_mixin.py:154} INFO - [2023-11-14T21:33:55.362+0000] {dag.py:2963} INFO - Creating ORM DAG for latest_only_with_trigger
[2023-11-14T21:33:55.377+0000] {logging_mixin.py:154} INFO - [2023-11-14T21:33:55.377+0000] {dag.py:3722} INFO - Setting next_dagrun for latest_only_with_trigger to 2023-11-14T17:33:55.376690+00:00, run_after=2023-11-14T21:33:55.376690+00:00
[2023-11-14T21:33:55.403+0000] {processor.py:179} INFO - Processing /home/airflow/.local/lib/python3.8/site-packages/airflow/example_dags/example_latest_only_with_trigger.py took 0.349 seconds
[2023-11-14T21:34:25.926+0000] {processor.py:157} INFO - Started process (PID=102) to work on /home/airflow/.local/lib/python3.8/site-packages/airflow/example_dags/example_latest_only_with_trigger.py
[2023-11-14T21:34:25.927+0000] {processor.py:829} INFO - Processing file /home/airflow/.local/lib/python3.8/site-packages/airflow/example_dags/example_latest_only_with_trigger.py for tasks to queue
[2023-11-14T21:34:25.930+0000] {logging_mixin.py:154} INFO - [2023-11-14T21:34:25.929+0000] {dagbag.py:536} INFO - Filling up the DagBag from /home/airflow/.local/lib/python3.8/site-packages/airflow/example_dags/example_latest_only_with_trigger.py
[2023-11-14T21:34:25.936+0000] {processor.py:839} INFO - DAG(s) dict_keys(['latest_only_with_trigger']) retrieved from /home/airflow/.local/lib/python3.8/site-packages/airflow/example_dags/example_latest_only_with_trigger.py
[2023-11-14T21:34:25.963+0000] {logging_mixin.py:154} INFO - [2023-11-14T21:34:25.963+0000] {dag.py:2941} INFO - Sync 1 DAGs
[2023-11-14T21:34:25.994+0000] {logging_mixin.py:154} INFO - [2023-11-14T21:34:25.993+0000] {dag.py:3722} INFO - Setting next_dagrun for latest_only_with_trigger to 2023-11-14T17:34:25.993441+00:00, run_after=2023-11-14T21:34:25.993441+00:00
[2023-11-14T21:34:26.020+0000] {processor.py:179} INFO - Processing /home/airflow/.local/lib/python3.8/site-packages/airflow/example_dags/example_latest_only_with_trigger.py took 0.100 seconds
[2023-11-14T21:34:56.228+0000] {processor.py:157} INFO - Started process (PID=156) to work on /home/airflow/.local/lib/python3.8/site-packages/airflow/example_dags/example_latest_only_with_trigger.py
[2023-11-14T21:34:56.230+0000] {processor.py:829} INFO - Processing file /home/airflow/.local/lib/python3.8/site-packages/airflow/example_dags/example_latest_only_with_trigger.py for tasks to queue
[2023-11-14T21:34:56.232+0000] {logging_mixin.py:154} INFO - [2023-11-14T21:34:56.232+0000] {dagbag.py:536} INFO - Filling up the DagBag from /home/airflow/.local/lib/python3.8/site-packages/airflow/example_dags/example_latest_only_with_trigger.py
[2023-11-14T21:34:56.241+0000] {processor.py:839} INFO - DAG(s) dict_keys(['latest_only_with_trigger']) retrieved from /home/airflow/.local/lib/python3.8/site-packages/airflow/example_dags/example_latest_only_with_trigger.py
[2023-11-14T21:34:56.275+0000] {logging_mixin.py:154} INFO - [2023-11-14T21:34:56.275+0000] {dag.py:2941} INFO - Sync 1 DAGs
[2023-11-14T21:34:56.306+0000] {logging_mixin.py:154} INFO - [2023-11-14T21:34:56.306+0000] {dag.py:3722} INFO - Setting next_dagrun for latest_only_with_trigger to 2023-11-14T17:34:56.305958+00:00, run_after=2023-11-14T21:34:56.305958+00:00
[2023-11-14T21:34:56.331+0000] {processor.py:179} INFO - Processing /home/airflow/.local/lib/python3.8/site-packages/airflow/example_dags/example_latest_only_with_trigger.py took 0.106 seconds
[2023-11-14T21:35:26.452+0000] {processor.py:157} INFO - Started process (PID=210) to work on /home/airflow/.local/lib/python3.8/site-packages/airflow/example_dags/example_latest_only_with_trigger.py
[2023-11-14T21:35:26.453+0000] {processor.py:829} INFO - Processing file /home/airflow/.local/lib/python3.8/site-packages/airflow/example_dags/example_latest_only_with_trigger.py for tasks to queue
[2023-11-14T21:35:26.455+0000] {logging_mixin.py:154} INFO - [2023-11-14T21:35:26.455+0000] {dagbag.py:536} INFO - Filling up the DagBag from /home/airflow/.local/lib/python3.8/site-packages/airflow/example_dags/example_latest_only_with_trigger.py
[2023-11-14T21:35:26.462+0000] {processor.py:839} INFO - DAG(s) dict_keys(['latest_only_with_trigger']) retrieved from /home/airflow/.local/lib/python3.8/site-packages/airflow/example_dags/example_latest_only_with_trigger.py
[2023-11-14T21:35:26.489+0000] {logging_mixin.py:154} INFO - [2023-11-14T21:35:26.489+0000] {dag.py:2941} INFO - Sync 1 DAGs
[2023-11-14T21:35:26.515+0000] {logging_mixin.py:154} INFO - [2023-11-14T21:35:26.515+0000] {dag.py:3722} INFO - Setting next_dagrun for latest_only_with_trigger to 2023-11-14T17:35:26.515478+00:00, run_after=2023-11-14T21:35:26.515478+00:00
[2023-11-14T21:35:26.541+0000] {processor.py:179} INFO - Processing /home/airflow/.local/lib/python3.8/site-packages/airflow/example_dags/example_latest_only_with_trigger.py took 0.093 seconds
[2023-11-14T21:35:57.272+0000] {processor.py:157} INFO - Started process (PID=264) to work on /home/airflow/.local/lib/python3.8/site-packages/airflow/example_dags/example_latest_only_with_trigger.py
[2023-11-14T21:35:57.273+0000] {processor.py:829} INFO - Processing file /home/airflow/.local/lib/python3.8/site-packages/airflow/example_dags/example_latest_only_with_trigger.py for tasks to queue
[2023-11-14T21:35:57.275+0000] {logging_mixin.py:154} INFO - [2023-11-14T21:35:57.275+0000] {dagbag.py:536} INFO - Filling up the DagBag from /home/airflow/.local/lib/python3.8/site-packages/airflow/example_dags/example_latest_only_with_trigger.py
[2023-11-14T21:35:57.282+0000] {processor.py:839} INFO - DAG(s) dict_keys(['latest_only_with_trigger']) retrieved from /home/airflow/.local/lib/python3.8/site-packages/airflow/example_dags/example_latest_only_with_trigger.py
[2023-11-14T21:35:57.310+0000] {logging_mixin.py:154} INFO - [2023-11-14T21:35:57.309+0000] {dag.py:2941} INFO - Sync 1 DAGs
[2023-11-14T21:35:57.340+0000] {logging_mixin.py:154} INFO - [2023-11-14T21:35:57.339+0000] {dag.py:3722} INFO - Setting next_dagrun for latest_only_with_trigger to 2023-11-14T17:35:57.339676+00:00, run_after=2023-11-14T21:35:57.339676+00:00
[2023-11-14T21:35:57.364+0000] {processor.py:179} INFO - Processing /home/airflow/.local/lib/python3.8/site-packages/airflow/example_dags/example_latest_only_with_trigger.py took 0.097 seconds
[2023-11-14T21:36:27.546+0000] {processor.py:157} INFO - Started process (PID=319) to work on /home/airflow/.local/lib/python3.8/site-packages/airflow/example_dags/example_latest_only_with_trigger.py
[2023-11-14T21:36:27.547+0000] {processor.py:829} INFO - Processing file /home/airflow/.local/lib/python3.8/site-packages/airflow/example_dags/example_latest_only_with_trigger.py for tasks to queue
[2023-11-14T21:36:27.550+0000] {logging_mixin.py:154} INFO - [2023-11-14T21:36:27.549+0000] {dagbag.py:536} INFO - Filling up the DagBag from /home/airflow/.local/lib/python3.8/site-packages/airflow/example_dags/example_latest_only_with_trigger.py
[2023-11-14T21:36:27.557+0000] {processor.py:839} INFO - DAG(s) dict_keys(['latest_only_with_trigger']) retrieved from /home/airflow/.local/lib/python3.8/site-packages/airflow/example_dags/example_latest_only_with_trigger.py
[2023-11-14T21:36:27.583+0000] {logging_mixin.py:154} INFO - [2023-11-14T21:36:27.583+0000] {dag.py:2941} INFO - Sync 1 DAGs
[2023-11-14T21:36:27.612+0000] {logging_mixin.py:154} INFO - [2023-11-14T21:36:27.611+0000] {dag.py:3722} INFO - Setting next_dagrun for latest_only_with_trigger to 2023-11-14T17:36:27.611553+00:00, run_after=2023-11-14T21:36:27.611553+00:00
[2023-11-14T21:36:27.635+0000] {processor.py:179} INFO - Processing /home/airflow/.local/lib/python3.8/site-packages/airflow/example_dags/example_latest_only_with_trigger.py took 0.094 seconds
[2023-11-14T21:36:58.085+0000] {processor.py:157} INFO - Started process (PID=373) to work on /home/airflow/.local/lib/python3.8/site-packages/airflow/example_dags/example_latest_only_with_trigger.py
[2023-11-14T21:36:58.086+0000] {processor.py:829} INFO - Processing file /home/airflow/.local/lib/python3.8/site-packages/airflow/example_dags/example_latest_only_with_trigger.py for tasks to queue
[2023-11-14T21:36:58.089+0000] {logging_mixin.py:154} INFO - [2023-11-14T21:36:58.089+0000] {dagbag.py:536} INFO - Filling up the DagBag from /home/airflow/.local/lib/python3.8/site-packages/airflow/example_dags/example_latest_only_with_trigger.py
[2023-11-14T21:36:58.095+0000] {processor.py:839} INFO - DAG(s) dict_keys(['latest_only_with_trigger']) retrieved from /home/airflow/.local/lib/python3.8/site-packages/airflow/example_dags/example_latest_only_with_trigger.py
[2023-11-14T21:36:58.122+0000] {logging_mixin.py:154} INFO - [2023-11-14T21:36:58.122+0000] {dag.py:2941} INFO - Sync 1 DAGs
[2023-11-14T21:36:58.148+0000] {logging_mixin.py:154} INFO - [2023-11-14T21:36:58.148+0000] {dag.py:3722} INFO - Setting next_dagrun for latest_only_with_trigger to 2023-11-14T17:36:58.148249+00:00, run_after=2023-11-14T21:36:58.148249+00:00
[2023-11-14T21:36:58.172+0000] {processor.py:179} INFO - Processing /home/airflow/.local/lib/python3.8/site-packages/airflow/example_dags/example_latest_only_with_trigger.py took 0.091 seconds
[2023-11-14T21:37:28.645+0000] {processor.py:157} INFO - Started process (PID=427) to work on /home/airflow/.local/lib/python3.8/site-packages/airflow/example_dags/example_latest_only_with_trigger.py
[2023-11-14T21:37:28.646+0000] {processor.py:829} INFO - Processing file /home/airflow/.local/lib/python3.8/site-packages/airflow/example_dags/example_latest_only_with_trigger.py for tasks to queue
[2023-11-14T21:37:28.649+0000] {logging_mixin.py:154} INFO - [2023-11-14T21:37:28.648+0000] {dagbag.py:536} INFO - Filling up the DagBag from /home/airflow/.local/lib/python3.8/site-packages/airflow/example_dags/example_latest_only_with_trigger.py
[2023-11-14T21:37:28.655+0000] {processor.py:839} INFO - DAG(s) dict_keys(['latest_only_with_trigger']) retrieved from /home/airflow/.local/lib/python3.8/site-packages/airflow/example_dags/example_latest_only_with_trigger.py
[2023-11-14T21:37:28.681+0000] {logging_mixin.py:154} INFO - [2023-11-14T21:37:28.681+0000] {dag.py:2941} INFO - Sync 1 DAGs
[2023-11-14T21:37:28.708+0000] {logging_mixin.py:154} INFO - [2023-11-14T21:37:28.708+0000] {dag.py:3722} INFO - Setting next_dagrun for latest_only_with_trigger to 2023-11-14T17:37:28.708183+00:00, run_after=2023-11-14T21:37:28.708183+00:00
[2023-11-14T21:37:28.731+0000] {processor.py:179} INFO - Processing /home/airflow/.local/lib/python3.8/site-packages/airflow/example_dags/example_latest_only_with_trigger.py took 0.090 seconds
[2023-11-14T21:37:59.047+0000] {processor.py:157} INFO - Started process (PID=481) to work on /home/airflow/.local/lib/python3.8/site-packages/airflow/example_dags/example_latest_only_with_trigger.py
[2023-11-14T21:37:59.049+0000] {processor.py:829} INFO - Processing file /home/airflow/.local/lib/python3.8/site-packages/airflow/example_dags/example_latest_only_with_trigger.py for tasks to queue
[2023-11-14T21:37:59.051+0000] {logging_mixin.py:154} INFO - [2023-11-14T21:37:59.051+0000] {dagbag.py:536} INFO - Filling up the DagBag from /home/airflow/.local/lib/python3.8/site-packages/airflow/example_dags/example_latest_only_with_trigger.py
[2023-11-14T21:37:59.060+0000] {processor.py:839} INFO - DAG(s) dict_keys(['latest_only_with_trigger']) retrieved from /home/airflow/.local/lib/python3.8/site-packages/airflow/example_dags/example_latest_only_with_trigger.py
[2023-11-14T21:37:59.091+0000] {logging_mixin.py:154} INFO - [2023-11-14T21:37:59.091+0000] {dag.py:2941} INFO - Sync 1 DAGs
[2023-11-14T21:37:59.126+0000] {logging_mixin.py:154} INFO - [2023-11-14T21:37:59.126+0000] {dag.py:3722} INFO - Setting next_dagrun for latest_only_with_trigger to 2023-11-14T17:37:59.125707+00:00, run_after=2023-11-14T21:37:59.125707+00:00
[2023-11-14T21:37:59.157+0000] {processor.py:179} INFO - Processing /home/airflow/.local/lib/python3.8/site-packages/airflow/example_dags/example_latest_only_with_trigger.py took 0.116 seconds
[2023-11-14T21:38:29.519+0000] {processor.py:157} INFO - Started process (PID=546) to work on /home/airflow/.local/lib/python3.8/site-packages/airflow/example_dags/example_latest_only_with_trigger.py
[2023-11-14T21:38:29.522+0000] {processor.py:829} INFO - Processing file /home/airflow/.local/lib/python3.8/site-packages/airflow/example_dags/example_latest_only_with_trigger.py for tasks to queue
[2023-11-14T21:38:29.526+0000] {logging_mixin.py:154} INFO - [2023-11-14T21:38:29.525+0000] {dagbag.py:536} INFO - Filling up the DagBag from /home/airflow/.local/lib/python3.8/site-packages/airflow/example_dags/example_latest_only_with_trigger.py
[2023-11-14T21:38:29.534+0000] {processor.py:839} INFO - DAG(s) dict_keys(['latest_only_with_trigger']) retrieved from /home/airflow/.local/lib/python3.8/site-packages/airflow/example_dags/example_latest_only_with_trigger.py
[2023-11-14T21:38:29.562+0000] {logging_mixin.py:154} INFO - [2023-11-14T21:38:29.562+0000] {dag.py:2941} INFO - Sync 1 DAGs
[2023-11-14T21:38:29.592+0000] {logging_mixin.py:154} INFO - [2023-11-14T21:38:29.591+0000] {dag.py:3722} INFO - Setting next_dagrun for latest_only_with_trigger to 2023-11-14T17:38:29.591586+00:00, run_after=2023-11-14T21:38:29.591586+00:00
[2023-11-14T21:38:29.616+0000] {processor.py:179} INFO - Processing /home/airflow/.local/lib/python3.8/site-packages/airflow/example_dags/example_latest_only_with_trigger.py took 0.102 seconds
[2023-11-14T21:38:59.768+0000] {processor.py:157} INFO - Started process (PID=600) to work on /home/airflow/.local/lib/python3.8/site-packages/airflow/example_dags/example_latest_only_with_trigger.py
[2023-11-14T21:38:59.769+0000] {processor.py:829} INFO - Processing file /home/airflow/.local/lib/python3.8/site-packages/airflow/example_dags/example_latest_only_with_trigger.py for tasks to queue
[2023-11-14T21:38:59.772+0000] {logging_mixin.py:154} INFO - [2023-11-14T21:38:59.771+0000] {dagbag.py:536} INFO - Filling up the DagBag from /home/airflow/.local/lib/python3.8/site-packages/airflow/example_dags/example_latest_only_with_trigger.py
[2023-11-14T21:38:59.779+0000] {processor.py:839} INFO - DAG(s) dict_keys(['latest_only_with_trigger']) retrieved from /home/airflow/.local/lib/python3.8/site-packages/airflow/example_dags/example_latest_only_with_trigger.py
[2023-11-14T21:38:59.806+0000] {logging_mixin.py:154} INFO - [2023-11-14T21:38:59.806+0000] {dag.py:2941} INFO - Sync 1 DAGs
[2023-11-14T21:38:59.835+0000] {logging_mixin.py:154} INFO - [2023-11-14T21:38:59.835+0000] {dag.py:3722} INFO - Setting next_dagrun for latest_only_with_trigger to 2023-11-14T17:38:59.835083+00:00, run_after=2023-11-14T21:38:59.835083+00:00
[2023-11-14T21:38:59.861+0000] {processor.py:179} INFO - Processing /home/airflow/.local/lib/python3.8/site-packages/airflow/example_dags/example_latest_only_with_trigger.py took 0.097 seconds
[2023-11-14T21:39:30.285+0000] {processor.py:157} INFO - Started process (PID=654) to work on /home/airflow/.local/lib/python3.8/site-packages/airflow/example_dags/example_latest_only_with_trigger.py
[2023-11-14T21:39:30.286+0000] {processor.py:829} INFO - Processing file /home/airflow/.local/lib/python3.8/site-packages/airflow/example_dags/example_latest_only_with_trigger.py for tasks to queue
[2023-11-14T21:39:30.290+0000] {logging_mixin.py:154} INFO - [2023-11-14T21:39:30.289+0000] {dagbag.py:536} INFO - Filling up the DagBag from /home/airflow/.local/lib/python3.8/site-packages/airflow/example_dags/example_latest_only_with_trigger.py
[2023-11-14T21:39:30.299+0000] {processor.py:839} INFO - DAG(s) dict_keys(['latest_only_with_trigger']) retrieved from /home/airflow/.local/lib/python3.8/site-packages/airflow/example_dags/example_latest_only_with_trigger.py
[2023-11-14T21:39:30.330+0000] {logging_mixin.py:154} INFO - [2023-11-14T21:39:30.330+0000] {dag.py:2941} INFO - Sync 1 DAGs
[2023-11-14T21:39:30.367+0000] {logging_mixin.py:154} INFO - [2023-11-14T21:39:30.367+0000] {dag.py:3722} INFO - Setting next_dagrun for latest_only_with_trigger to 2023-11-14T17:39:30.366824+00:00, run_after=2023-11-14T21:39:30.366824+00:00
[2023-11-14T21:39:30.398+0000] {processor.py:179} INFO - Processing /home/airflow/.local/lib/python3.8/site-packages/airflow/example_dags/example_latest_only_with_trigger.py took 0.119 seconds
[2023-11-14T21:40:00.736+0000] {processor.py:157} INFO - Started process (PID=709) to work on /home/airflow/.local/lib/python3.8/site-packages/airflow/example_dags/example_latest_only_with_trigger.py
[2023-11-14T21:40:00.738+0000] {processor.py:829} INFO - Processing file /home/airflow/.local/lib/python3.8/site-packages/airflow/example_dags/example_latest_only_with_trigger.py for tasks to queue
[2023-11-14T21:40:00.743+0000] {logging_mixin.py:154} INFO - [2023-11-14T21:40:00.742+0000] {dagbag.py:536} INFO - Filling up the DagBag from /home/airflow/.local/lib/python3.8/site-packages/airflow/example_dags/example_latest_only_with_trigger.py
[2023-11-14T21:40:00.754+0000] {processor.py:839} INFO - DAG(s) dict_keys(['latest_only_with_trigger']) retrieved from /home/airflow/.local/lib/python3.8/site-packages/airflow/example_dags/example_latest_only_with_trigger.py
[2023-11-14T21:40:00.785+0000] {logging_mixin.py:154} INFO - [2023-11-14T21:40:00.784+0000] {dag.py:2941} INFO - Sync 1 DAGs
[2023-11-14T21:40:00.816+0000] {logging_mixin.py:154} INFO - [2023-11-14T21:40:00.816+0000] {dag.py:3722} INFO - Setting next_dagrun for latest_only_with_trigger to 2023-11-14T17:40:00.815985+00:00, run_after=2023-11-14T21:40:00.815985+00:00
[2023-11-14T21:40:00.846+0000] {processor.py:179} INFO - Processing /home/airflow/.local/lib/python3.8/site-packages/airflow/example_dags/example_latest_only_with_trigger.py took 0.116 seconds
[2023-11-14T21:40:31.308+0000] {processor.py:157} INFO - Started process (PID=764) to work on /home/airflow/.local/lib/python3.8/site-packages/airflow/example_dags/example_latest_only_with_trigger.py
[2023-11-14T21:40:31.309+0000] {processor.py:829} INFO - Processing file /home/airflow/.local/lib/python3.8/site-packages/airflow/example_dags/example_latest_only_with_trigger.py for tasks to queue
[2023-11-14T21:40:31.312+0000] {logging_mixin.py:154} INFO - [2023-11-14T21:40:31.312+0000] {dagbag.py:536} INFO - Filling up the DagBag from /home/airflow/.local/lib/python3.8/site-packages/airflow/example_dags/example_latest_only_with_trigger.py
[2023-11-14T21:40:31.319+0000] {processor.py:839} INFO - DAG(s) dict_keys(['latest_only_with_trigger']) retrieved from /home/airflow/.local/lib/python3.8/site-packages/airflow/example_dags/example_latest_only_with_trigger.py
[2023-11-14T21:40:31.344+0000] {logging_mixin.py:154} INFO - [2023-11-14T21:40:31.343+0000] {dag.py:2941} INFO - Sync 1 DAGs
[2023-11-14T21:40:31.369+0000] {logging_mixin.py:154} INFO - [2023-11-14T21:40:31.369+0000] {dag.py:3722} INFO - Setting next_dagrun for latest_only_with_trigger to 2023-11-14T17:40:31.369153+00:00, run_after=2023-11-14T21:40:31.369153+00:00
[2023-11-14T21:40:31.395+0000] {processor.py:179} INFO - Processing /home/airflow/.local/lib/python3.8/site-packages/airflow/example_dags/example_latest_only_with_trigger.py took 0.092 seconds
[2023-11-14T21:41:01.705+0000] {processor.py:157} INFO - Started process (PID=819) to work on /home/airflow/.local/lib/python3.8/site-packages/airflow/example_dags/example_latest_only_with_trigger.py
[2023-11-14T21:41:01.707+0000] {processor.py:829} INFO - Processing file /home/airflow/.local/lib/python3.8/site-packages/airflow/example_dags/example_latest_only_with_trigger.py for tasks to queue
[2023-11-14T21:41:01.711+0000] {logging_mixin.py:154} INFO - [2023-11-14T21:41:01.710+0000] {dagbag.py:536} INFO - Filling up the DagBag from /home/airflow/.local/lib/python3.8/site-packages/airflow/example_dags/example_latest_only_with_trigger.py
[2023-11-14T21:41:01.722+0000] {processor.py:839} INFO - DAG(s) dict_keys(['latest_only_with_trigger']) retrieved from /home/airflow/.local/lib/python3.8/site-packages/airflow/example_dags/example_latest_only_with_trigger.py
[2023-11-14T21:41:01.765+0000] {logging_mixin.py:154} INFO - [2023-11-14T21:41:01.764+0000] {dag.py:2941} INFO - Sync 1 DAGs
[2023-11-14T21:41:01.798+0000] {logging_mixin.py:154} INFO - [2023-11-14T21:41:01.798+0000] {dag.py:3722} INFO - Setting next_dagrun for latest_only_with_trigger to 2023-11-14T17:41:01.798306+00:00, run_after=2023-11-14T21:41:01.798306+00:00
[2023-11-14T21:41:01.826+0000] {processor.py:179} INFO - Processing /home/airflow/.local/lib/python3.8/site-packages/airflow/example_dags/example_latest_only_with_trigger.py took 0.126 seconds
[2023-11-14T21:41:32.951+0000] {processor.py:157} INFO - Started process (PID=873) to work on /home/airflow/.local/lib/python3.8/site-packages/airflow/example_dags/example_latest_only_with_trigger.py
[2023-11-14T21:41:32.953+0000] {processor.py:829} INFO - Processing file /home/airflow/.local/lib/python3.8/site-packages/airflow/example_dags/example_latest_only_with_trigger.py for tasks to queue
[2023-11-14T21:41:32.957+0000] {logging_mixin.py:154} INFO - [2023-11-14T21:41:32.956+0000] {dagbag.py:536} INFO - Filling up the DagBag from /home/airflow/.local/lib/python3.8/site-packages/airflow/example_dags/example_latest_only_with_trigger.py
[2023-11-14T21:41:32.967+0000] {processor.py:839} INFO - DAG(s) dict_keys(['latest_only_with_trigger']) retrieved from /home/airflow/.local/lib/python3.8/site-packages/airflow/example_dags/example_latest_only_with_trigger.py
[2023-11-14T21:41:33.005+0000] {logging_mixin.py:154} INFO - [2023-11-14T21:41:33.005+0000] {dag.py:2941} INFO - Sync 1 DAGs
[2023-11-14T21:41:33.047+0000] {logging_mixin.py:154} INFO - [2023-11-14T21:41:33.047+0000] {dag.py:3722} INFO - Setting next_dagrun for latest_only_with_trigger to 2023-11-14T17:41:33.047250+00:00, run_after=2023-11-14T21:41:33.047250+00:00
[2023-11-14T21:41:33.079+0000] {processor.py:179} INFO - Processing /home/airflow/.local/lib/python3.8/site-packages/airflow/example_dags/example_latest_only_with_trigger.py took 0.132 seconds
[2023-11-14T21:42:03.429+0000] {processor.py:157} INFO - Started process (PID=927) to work on /home/airflow/.local/lib/python3.8/site-packages/airflow/example_dags/example_latest_only_with_trigger.py
[2023-11-14T21:42:03.430+0000] {processor.py:829} INFO - Processing file /home/airflow/.local/lib/python3.8/site-packages/airflow/example_dags/example_latest_only_with_trigger.py for tasks to queue
[2023-11-14T21:42:03.433+0000] {logging_mixin.py:154} INFO - [2023-11-14T21:42:03.433+0000] {dagbag.py:536} INFO - Filling up the DagBag from /home/airflow/.local/lib/python3.8/site-packages/airflow/example_dags/example_latest_only_with_trigger.py
[2023-11-14T21:42:03.440+0000] {processor.py:839} INFO - DAG(s) dict_keys(['latest_only_with_trigger']) retrieved from /home/airflow/.local/lib/python3.8/site-packages/airflow/example_dags/example_latest_only_with_trigger.py
[2023-11-14T21:42:03.469+0000] {logging_mixin.py:154} INFO - [2023-11-14T21:42:03.469+0000] {dag.py:2941} INFO - Sync 1 DAGs
[2023-11-14T21:42:03.498+0000] {logging_mixin.py:154} INFO - [2023-11-14T21:42:03.498+0000] {dag.py:3722} INFO - Setting next_dagrun for latest_only_with_trigger to 2023-11-14T17:42:03.498046+00:00, run_after=2023-11-14T21:42:03.498046+00:00
[2023-11-14T21:42:03.523+0000] {processor.py:179} INFO - Processing /home/airflow/.local/lib/python3.8/site-packages/airflow/example_dags/example_latest_only_with_trigger.py took 0.097 seconds
[2023-11-14T21:42:33.732+0000] {processor.py:157} INFO - Started process (PID=981) to work on /home/airflow/.local/lib/python3.8/site-packages/airflow/example_dags/example_latest_only_with_trigger.py
[2023-11-14T21:42:33.734+0000] {processor.py:829} INFO - Processing file /home/airflow/.local/lib/python3.8/site-packages/airflow/example_dags/example_latest_only_with_trigger.py for tasks to queue
[2023-11-14T21:42:33.736+0000] {logging_mixin.py:154} INFO - [2023-11-14T21:42:33.736+0000] {dagbag.py:536} INFO - Filling up the DagBag from /home/airflow/.local/lib/python3.8/site-packages/airflow/example_dags/example_latest_only_with_trigger.py
[2023-11-14T21:42:33.743+0000] {processor.py:839} INFO - DAG(s) dict_keys(['latest_only_with_trigger']) retrieved from /home/airflow/.local/lib/python3.8/site-packages/airflow/example_dags/example_latest_only_with_trigger.py
[2023-11-14T21:42:33.768+0000] {logging_mixin.py:154} INFO - [2023-11-14T21:42:33.768+0000] {dag.py:2941} INFO - Sync 1 DAGs
[2023-11-14T21:42:33.795+0000] {logging_mixin.py:154} INFO - [2023-11-14T21:42:33.794+0000] {dag.py:3722} INFO - Setting next_dagrun for latest_only_with_trigger to 2023-11-14T17:42:33.794635+00:00, run_after=2023-11-14T21:42:33.794635+00:00
[2023-11-14T21:42:33.820+0000] {processor.py:179} INFO - Processing /home/airflow/.local/lib/python3.8/site-packages/airflow/example_dags/example_latest_only_with_trigger.py took 0.092 seconds
[2023-11-14T21:43:04.004+0000] {processor.py:157} INFO - Started process (PID=1036) to work on /home/airflow/.local/lib/python3.8/site-packages/airflow/example_dags/example_latest_only_with_trigger.py
[2023-11-14T21:43:04.005+0000] {processor.py:829} INFO - Processing file /home/airflow/.local/lib/python3.8/site-packages/airflow/example_dags/example_latest_only_with_trigger.py for tasks to queue
[2023-11-14T21:43:04.008+0000] {logging_mixin.py:154} INFO - [2023-11-14T21:43:04.007+0000] {dagbag.py:536} INFO - Filling up the DagBag from /home/airflow/.local/lib/python3.8/site-packages/airflow/example_dags/example_latest_only_with_trigger.py
[2023-11-14T21:43:04.014+0000] {processor.py:839} INFO - DAG(s) dict_keys(['latest_only_with_trigger']) retrieved from /home/airflow/.local/lib/python3.8/site-packages/airflow/example_dags/example_latest_only_with_trigger.py
[2023-11-14T21:43:04.039+0000] {logging_mixin.py:154} INFO - [2023-11-14T21:43:04.039+0000] {dag.py:2941} INFO - Sync 1 DAGs
[2023-11-14T21:43:04.066+0000] {logging_mixin.py:154} INFO - [2023-11-14T21:43:04.065+0000] {dag.py:3722} INFO - Setting next_dagrun for latest_only_with_trigger to 2023-11-14T17:43:04.065363+00:00, run_after=2023-11-14T21:43:04.065363+00:00
[2023-11-14T21:43:04.090+0000] {processor.py:179} INFO - Processing /home/airflow/.local/lib/python3.8/site-packages/airflow/example_dags/example_latest_only_with_trigger.py took 0.090 seconds
[2023-11-14T21:43:34.262+0000] {processor.py:157} INFO - Started process (PID=1090) to work on /home/airflow/.local/lib/python3.8/site-packages/airflow/example_dags/example_latest_only_with_trigger.py
[2023-11-14T21:43:34.263+0000] {processor.py:829} INFO - Processing file /home/airflow/.local/lib/python3.8/site-packages/airflow/example_dags/example_latest_only_with_trigger.py for tasks to queue
[2023-11-14T21:43:34.266+0000] {logging_mixin.py:154} INFO - [2023-11-14T21:43:34.265+0000] {dagbag.py:536} INFO - Filling up the DagBag from /home/airflow/.local/lib/python3.8/site-packages/airflow/example_dags/example_latest_only_with_trigger.py
[2023-11-14T21:43:34.272+0000] {processor.py:839} INFO - DAG(s) dict_keys(['latest_only_with_trigger']) retrieved from /home/airflow/.local/lib/python3.8/site-packages/airflow/example_dags/example_latest_only_with_trigger.py
[2023-11-14T21:43:34.297+0000] {logging_mixin.py:154} INFO - [2023-11-14T21:43:34.297+0000] {dag.py:2941} INFO - Sync 1 DAGs
[2023-11-14T21:43:34.324+0000] {logging_mixin.py:154} INFO - [2023-11-14T21:43:34.324+0000] {dag.py:3722} INFO - Setting next_dagrun for latest_only_with_trigger to 2023-11-14T17:43:34.324060+00:00, run_after=2023-11-14T21:43:34.324060+00:00
[2023-11-14T21:43:34.543+0000] {processor.py:179} INFO - Processing /home/airflow/.local/lib/python3.8/site-packages/airflow/example_dags/example_latest_only_with_trigger.py took 0.285 seconds
[2023-11-14T21:44:04.649+0000] {processor.py:157} INFO - Started process (PID=1144) to work on /home/airflow/.local/lib/python3.8/site-packages/airflow/example_dags/example_latest_only_with_trigger.py
[2023-11-14T21:44:04.651+0000] {processor.py:829} INFO - Processing file /home/airflow/.local/lib/python3.8/site-packages/airflow/example_dags/example_latest_only_with_trigger.py for tasks to queue
[2023-11-14T21:44:04.654+0000] {logging_mixin.py:154} INFO - [2023-11-14T21:44:04.654+0000] {dagbag.py:536} INFO - Filling up the DagBag from /home/airflow/.local/lib/python3.8/site-packages/airflow/example_dags/example_latest_only_with_trigger.py
[2023-11-14T21:44:04.666+0000] {processor.py:839} INFO - DAG(s) dict_keys(['latest_only_with_trigger']) retrieved from /home/airflow/.local/lib/python3.8/site-packages/airflow/example_dags/example_latest_only_with_trigger.py
[2023-11-14T21:44:04.697+0000] {logging_mixin.py:154} INFO - [2023-11-14T21:44:04.696+0000] {dag.py:2941} INFO - Sync 1 DAGs
[2023-11-14T21:44:04.727+0000] {logging_mixin.py:154} INFO - [2023-11-14T21:44:04.727+0000] {dag.py:3722} INFO - Setting next_dagrun for latest_only_with_trigger to 2023-11-14T17:44:04.727067+00:00, run_after=2023-11-14T21:44:04.727067+00:00
[2023-11-14T21:44:04.752+0000] {processor.py:179} INFO - Processing /home/airflow/.local/lib/python3.8/site-packages/airflow/example_dags/example_latest_only_with_trigger.py took 0.110 seconds
[2023-11-14T21:44:35.478+0000] {processor.py:157} INFO - Started process (PID=1198) to work on /home/airflow/.local/lib/python3.8/site-packages/airflow/example_dags/example_latest_only_with_trigger.py
[2023-11-14T21:44:35.479+0000] {processor.py:829} INFO - Processing file /home/airflow/.local/lib/python3.8/site-packages/airflow/example_dags/example_latest_only_with_trigger.py for tasks to queue
[2023-11-14T21:44:35.481+0000] {logging_mixin.py:154} INFO - [2023-11-14T21:44:35.481+0000] {dagbag.py:536} INFO - Filling up the DagBag from /home/airflow/.local/lib/python3.8/site-packages/airflow/example_dags/example_latest_only_with_trigger.py
[2023-11-14T21:44:35.488+0000] {processor.py:839} INFO - DAG(s) dict_keys(['latest_only_with_trigger']) retrieved from /home/airflow/.local/lib/python3.8/site-packages/airflow/example_dags/example_latest_only_with_trigger.py
[2023-11-14T21:44:35.512+0000] {logging_mixin.py:154} INFO - [2023-11-14T21:44:35.512+0000] {dag.py:2941} INFO - Sync 1 DAGs
[2023-11-14T21:44:35.540+0000] {logging_mixin.py:154} INFO - [2023-11-14T21:44:35.539+0000] {dag.py:3722} INFO - Setting next_dagrun for latest_only_with_trigger to 2023-11-14T17:44:35.539553+00:00, run_after=2023-11-14T21:44:35.539553+00:00
[2023-11-14T21:44:35.562+0000] {processor.py:179} INFO - Processing /home/airflow/.local/lib/python3.8/site-packages/airflow/example_dags/example_latest_only_with_trigger.py took 0.088 seconds
[2023-11-14T21:45:07.195+0000] {processor.py:157} INFO - Started process (PID=1259) to work on /home/airflow/.local/lib/python3.8/site-packages/airflow/example_dags/example_latest_only_with_trigger.py
[2023-11-14T21:45:07.196+0000] {processor.py:829} INFO - Processing file /home/airflow/.local/lib/python3.8/site-packages/airflow/example_dags/example_latest_only_with_trigger.py for tasks to queue
[2023-11-14T21:45:07.199+0000] {logging_mixin.py:154} INFO - [2023-11-14T21:45:07.198+0000] {dagbag.py:536} INFO - Filling up the DagBag from /home/airflow/.local/lib/python3.8/site-packages/airflow/example_dags/example_latest_only_with_trigger.py
[2023-11-14T21:45:07.206+0000] {processor.py:839} INFO - DAG(s) dict_keys(['latest_only_with_trigger']) retrieved from /home/airflow/.local/lib/python3.8/site-packages/airflow/example_dags/example_latest_only_with_trigger.py
[2023-11-14T21:45:07.236+0000] {logging_mixin.py:154} INFO - [2023-11-14T21:45:07.236+0000] {dag.py:2941} INFO - Sync 1 DAGs
[2023-11-14T21:45:07.268+0000] {logging_mixin.py:154} INFO - [2023-11-14T21:45:07.267+0000] {dag.py:3722} INFO - Setting next_dagrun for latest_only_with_trigger to 2023-11-14T17:45:07.267573+00:00, run_after=2023-11-14T21:45:07.267573+00:00
[2023-11-14T21:45:07.424+0000] {processor.py:179} INFO - Processing /home/airflow/.local/lib/python3.8/site-packages/airflow/example_dags/example_latest_only_with_trigger.py took 0.234 seconds
[2023-11-14T21:45:37.740+0000] {processor.py:157} INFO - Started process (PID=1313) to work on /home/airflow/.local/lib/python3.8/site-packages/airflow/example_dags/example_latest_only_with_trigger.py
[2023-11-14T21:45:37.741+0000] {processor.py:829} INFO - Processing file /home/airflow/.local/lib/python3.8/site-packages/airflow/example_dags/example_latest_only_with_trigger.py for tasks to queue
[2023-11-14T21:45:37.743+0000] {logging_mixin.py:154} INFO - [2023-11-14T21:45:37.743+0000] {dagbag.py:536} INFO - Filling up the DagBag from /home/airflow/.local/lib/python3.8/site-packages/airflow/example_dags/example_latest_only_with_trigger.py
[2023-11-14T21:45:37.750+0000] {processor.py:839} INFO - DAG(s) dict_keys(['latest_only_with_trigger']) retrieved from /home/airflow/.local/lib/python3.8/site-packages/airflow/example_dags/example_latest_only_with_trigger.py
[2023-11-14T21:45:37.776+0000] {logging_mixin.py:154} INFO - [2023-11-14T21:45:37.775+0000] {dag.py:2941} INFO - Sync 1 DAGs
[2023-11-14T21:45:37.803+0000] {logging_mixin.py:154} INFO - [2023-11-14T21:45:37.803+0000] {dag.py:3722} INFO - Setting next_dagrun for latest_only_with_trigger to 2023-11-14T17:45:37.802943+00:00, run_after=2023-11-14T21:45:37.802943+00:00
[2023-11-14T21:45:37.830+0000] {processor.py:179} INFO - Processing /home/airflow/.local/lib/python3.8/site-packages/airflow/example_dags/example_latest_only_with_trigger.py took 0.094 seconds
[2023-11-14T21:46:07.992+0000] {processor.py:157} INFO - Started process (PID=1367) to work on /home/airflow/.local/lib/python3.8/site-packages/airflow/example_dags/example_latest_only_with_trigger.py
[2023-11-14T21:46:07.993+0000] {processor.py:829} INFO - Processing file /home/airflow/.local/lib/python3.8/site-packages/airflow/example_dags/example_latest_only_with_trigger.py for tasks to queue
[2023-11-14T21:46:07.996+0000] {logging_mixin.py:154} INFO - [2023-11-14T21:46:07.996+0000] {dagbag.py:536} INFO - Filling up the DagBag from /home/airflow/.local/lib/python3.8/site-packages/airflow/example_dags/example_latest_only_with_trigger.py
[2023-11-14T21:46:08.004+0000] {processor.py:839} INFO - DAG(s) dict_keys(['latest_only_with_trigger']) retrieved from /home/airflow/.local/lib/python3.8/site-packages/airflow/example_dags/example_latest_only_with_trigger.py
[2023-11-14T21:46:08.031+0000] {logging_mixin.py:154} INFO - [2023-11-14T21:46:08.031+0000] {dag.py:2941} INFO - Sync 1 DAGs
[2023-11-14T21:46:08.060+0000] {logging_mixin.py:154} INFO - [2023-11-14T21:46:08.060+0000] {dag.py:3722} INFO - Setting next_dagrun for latest_only_with_trigger to 2023-11-14T17:46:08.059986+00:00, run_after=2023-11-14T21:46:08.059986+00:00
[2023-11-14T21:46:08.085+0000] {processor.py:179} INFO - Processing /home/airflow/.local/lib/python3.8/site-packages/airflow/example_dags/example_latest_only_with_trigger.py took 0.097 seconds
[2023-11-14T21:46:38.884+0000] {processor.py:157} INFO - Started process (PID=1421) to work on /home/airflow/.local/lib/python3.8/site-packages/airflow/example_dags/example_latest_only_with_trigger.py
[2023-11-14T21:46:38.885+0000] {processor.py:829} INFO - Processing file /home/airflow/.local/lib/python3.8/site-packages/airflow/example_dags/example_latest_only_with_trigger.py for tasks to queue
[2023-11-14T21:46:38.888+0000] {logging_mixin.py:154} INFO - [2023-11-14T21:46:38.888+0000] {dagbag.py:536} INFO - Filling up the DagBag from /home/airflow/.local/lib/python3.8/site-packages/airflow/example_dags/example_latest_only_with_trigger.py
[2023-11-14T21:46:38.895+0000] {processor.py:839} INFO - DAG(s) dict_keys(['latest_only_with_trigger']) retrieved from /home/airflow/.local/lib/python3.8/site-packages/airflow/example_dags/example_latest_only_with_trigger.py
[2023-11-14T21:46:38.922+0000] {logging_mixin.py:154} INFO - [2023-11-14T21:46:38.922+0000] {dag.py:2941} INFO - Sync 1 DAGs
[2023-11-14T21:46:38.949+0000] {logging_mixin.py:154} INFO - [2023-11-14T21:46:38.949+0000] {dag.py:3722} INFO - Setting next_dagrun for latest_only_with_trigger to 2023-11-14T17:46:38.949171+00:00, run_after=2023-11-14T21:46:38.949171+00:00
[2023-11-14T21:46:39.135+0000] {processor.py:179} INFO - Processing /home/airflow/.local/lib/python3.8/site-packages/airflow/example_dags/example_latest_only_with_trigger.py took 0.255 seconds
[2023-11-14T21:47:09.811+0000] {processor.py:157} INFO - Started process (PID=1475) to work on /home/airflow/.local/lib/python3.8/site-packages/airflow/example_dags/example_latest_only_with_trigger.py
[2023-11-14T21:47:09.812+0000] {processor.py:829} INFO - Processing file /home/airflow/.local/lib/python3.8/site-packages/airflow/example_dags/example_latest_only_with_trigger.py for tasks to queue
[2023-11-14T21:47:09.815+0000] {logging_mixin.py:154} INFO - [2023-11-14T21:47:09.814+0000] {dagbag.py:536} INFO - Filling up the DagBag from /home/airflow/.local/lib/python3.8/site-packages/airflow/example_dags/example_latest_only_with_trigger.py
[2023-11-14T21:47:09.822+0000] {processor.py:839} INFO - DAG(s) dict_keys(['latest_only_with_trigger']) retrieved from /home/airflow/.local/lib/python3.8/site-packages/airflow/example_dags/example_latest_only_with_trigger.py
[2023-11-14T21:47:09.851+0000] {logging_mixin.py:154} INFO - [2023-11-14T21:47:09.851+0000] {dag.py:2941} INFO - Sync 1 DAGs
[2023-11-14T21:47:09.881+0000] {logging_mixin.py:154} INFO - [2023-11-14T21:47:09.880+0000] {dag.py:3722} INFO - Setting next_dagrun for latest_only_with_trigger to 2023-11-14T17:47:09.880678+00:00, run_after=2023-11-14T21:47:09.880678+00:00
[2023-11-14T21:47:09.906+0000] {processor.py:179} INFO - Processing /home/airflow/.local/lib/python3.8/site-packages/airflow/example_dags/example_latest_only_with_trigger.py took 0.099 seconds
[2023-11-14T21:47:40.431+0000] {processor.py:157} INFO - Started process (PID=1529) to work on /home/airflow/.local/lib/python3.8/site-packages/airflow/example_dags/example_latest_only_with_trigger.py
[2023-11-14T21:47:40.432+0000] {processor.py:829} INFO - Processing file /home/airflow/.local/lib/python3.8/site-packages/airflow/example_dags/example_latest_only_with_trigger.py for tasks to queue
[2023-11-14T21:47:40.435+0000] {logging_mixin.py:154} INFO - [2023-11-14T21:47:40.435+0000] {dagbag.py:536} INFO - Filling up the DagBag from /home/airflow/.local/lib/python3.8/site-packages/airflow/example_dags/example_latest_only_with_trigger.py
[2023-11-14T21:47:40.446+0000] {processor.py:839} INFO - DAG(s) dict_keys(['latest_only_with_trigger']) retrieved from /home/airflow/.local/lib/python3.8/site-packages/airflow/example_dags/example_latest_only_with_trigger.py
[2023-11-14T21:47:40.482+0000] {logging_mixin.py:154} INFO - [2023-11-14T21:47:40.481+0000] {dag.py:2941} INFO - Sync 1 DAGs
[2023-11-14T21:47:40.690+0000] {logging_mixin.py:154} INFO - [2023-11-14T21:47:40.690+0000] {dag.py:3722} INFO - Setting next_dagrun for latest_only_with_trigger to 2023-11-14T17:47:40.689910+00:00, run_after=2023-11-14T21:47:40.689910+00:00
[2023-11-14T21:47:40.714+0000] {processor.py:179} INFO - Processing /home/airflow/.local/lib/python3.8/site-packages/airflow/example_dags/example_latest_only_with_trigger.py took 0.288 seconds
[2023-11-14T21:48:10.900+0000] {processor.py:157} INFO - Started process (PID=1584) to work on /home/airflow/.local/lib/python3.8/site-packages/airflow/example_dags/example_latest_only_with_trigger.py
[2023-11-14T21:48:10.901+0000] {processor.py:829} INFO - Processing file /home/airflow/.local/lib/python3.8/site-packages/airflow/example_dags/example_latest_only_with_trigger.py for tasks to queue
[2023-11-14T21:48:10.905+0000] {logging_mixin.py:154} INFO - [2023-11-14T21:48:10.903+0000] {dagbag.py:536} INFO - Filling up the DagBag from /home/airflow/.local/lib/python3.8/site-packages/airflow/example_dags/example_latest_only_with_trigger.py
[2023-11-14T21:48:10.914+0000] {processor.py:839} INFO - DAG(s) dict_keys(['latest_only_with_trigger']) retrieved from /home/airflow/.local/lib/python3.8/site-packages/airflow/example_dags/example_latest_only_with_trigger.py
[2023-11-14T21:48:10.949+0000] {logging_mixin.py:154} INFO - [2023-11-14T21:48:10.949+0000] {dag.py:2941} INFO - Sync 1 DAGs
[2023-11-14T21:48:10.986+0000] {logging_mixin.py:154} INFO - [2023-11-14T21:48:10.985+0000] {dag.py:3722} INFO - Setting next_dagrun for latest_only_with_trigger to 2023-11-14T17:48:10.985479+00:00, run_after=2023-11-14T21:48:10.985479+00:00
[2023-11-14T21:48:11.268+0000] {processor.py:179} INFO - Processing /home/airflow/.local/lib/python3.8/site-packages/airflow/example_dags/example_latest_only_with_trigger.py took 0.373 seconds
[2023-11-14T21:48:41.369+0000] {processor.py:157} INFO - Started process (PID=1638) to work on /home/airflow/.local/lib/python3.8/site-packages/airflow/example_dags/example_latest_only_with_trigger.py
[2023-11-14T21:48:41.370+0000] {processor.py:829} INFO - Processing file /home/airflow/.local/lib/python3.8/site-packages/airflow/example_dags/example_latest_only_with_trigger.py for tasks to queue
[2023-11-14T21:48:41.373+0000] {logging_mixin.py:154} INFO - [2023-11-14T21:48:41.373+0000] {dagbag.py:536} INFO - Filling up the DagBag from /home/airflow/.local/lib/python3.8/site-packages/airflow/example_dags/example_latest_only_with_trigger.py
[2023-11-14T21:48:41.381+0000] {processor.py:839} INFO - DAG(s) dict_keys(['latest_only_with_trigger']) retrieved from /home/airflow/.local/lib/python3.8/site-packages/airflow/example_dags/example_latest_only_with_trigger.py
[2023-11-14T21:48:41.409+0000] {logging_mixin.py:154} INFO - [2023-11-14T21:48:41.409+0000] {dag.py:2941} INFO - Sync 1 DAGs
[2023-11-14T21:48:41.437+0000] {logging_mixin.py:154} INFO - [2023-11-14T21:48:41.436+0000] {dag.py:3722} INFO - Setting next_dagrun for latest_only_with_trigger to 2023-11-14T17:48:41.436591+00:00, run_after=2023-11-14T21:48:41.436591+00:00
[2023-11-14T21:48:41.459+0000] {processor.py:179} INFO - Processing /home/airflow/.local/lib/python3.8/site-packages/airflow/example_dags/example_latest_only_with_trigger.py took 0.095 seconds
[2023-11-14T21:49:12.395+0000] {processor.py:157} INFO - Started process (PID=1692) to work on /home/airflow/.local/lib/python3.8/site-packages/airflow/example_dags/example_latest_only_with_trigger.py
[2023-11-14T21:49:12.396+0000] {processor.py:829} INFO - Processing file /home/airflow/.local/lib/python3.8/site-packages/airflow/example_dags/example_latest_only_with_trigger.py for tasks to queue
[2023-11-14T21:49:12.398+0000] {logging_mixin.py:154} INFO - [2023-11-14T21:49:12.398+0000] {dagbag.py:536} INFO - Filling up the DagBag from /home/airflow/.local/lib/python3.8/site-packages/airflow/example_dags/example_latest_only_with_trigger.py
[2023-11-14T21:49:12.405+0000] {processor.py:839} INFO - DAG(s) dict_keys(['latest_only_with_trigger']) retrieved from /home/airflow/.local/lib/python3.8/site-packages/airflow/example_dags/example_latest_only_with_trigger.py
[2023-11-14T21:49:12.431+0000] {logging_mixin.py:154} INFO - [2023-11-14T21:49:12.431+0000] {dag.py:2941} INFO - Sync 1 DAGs
[2023-11-14T21:49:12.618+0000] {logging_mixin.py:154} INFO - [2023-11-14T21:49:12.618+0000] {dag.py:3722} INFO - Setting next_dagrun for latest_only_with_trigger to 2023-11-14T17:49:12.617824+00:00, run_after=2023-11-14T21:49:12.617824+00:00
[2023-11-14T21:49:12.645+0000] {processor.py:179} INFO - Processing /home/airflow/.local/lib/python3.8/site-packages/airflow/example_dags/example_latest_only_with_trigger.py took 0.255 seconds
[2023-11-14T21:49:43.159+0000] {processor.py:157} INFO - Started process (PID=1746) to work on /home/airflow/.local/lib/python3.8/site-packages/airflow/example_dags/example_latest_only_with_trigger.py
[2023-11-14T21:49:43.160+0000] {processor.py:829} INFO - Processing file /home/airflow/.local/lib/python3.8/site-packages/airflow/example_dags/example_latest_only_with_trigger.py for tasks to queue
[2023-11-14T21:49:43.163+0000] {logging_mixin.py:154} INFO - [2023-11-14T21:49:43.163+0000] {dagbag.py:536} INFO - Filling up the DagBag from /home/airflow/.local/lib/python3.8/site-packages/airflow/example_dags/example_latest_only_with_trigger.py
[2023-11-14T21:49:43.171+0000] {processor.py:839} INFO - DAG(s) dict_keys(['latest_only_with_trigger']) retrieved from /home/airflow/.local/lib/python3.8/site-packages/airflow/example_dags/example_latest_only_with_trigger.py
[2023-11-14T21:49:43.200+0000] {logging_mixin.py:154} INFO - [2023-11-14T21:49:43.199+0000] {dag.py:2941} INFO - Sync 1 DAGs
[2023-11-14T21:49:43.227+0000] {logging_mixin.py:154} INFO - [2023-11-14T21:49:43.227+0000] {dag.py:3722} INFO - Setting next_dagrun for latest_only_with_trigger to 2023-11-14T17:49:43.227325+00:00, run_after=2023-11-14T21:49:43.227325+00:00
[2023-11-14T21:49:43.253+0000] {processor.py:179} INFO - Processing /home/airflow/.local/lib/python3.8/site-packages/airflow/example_dags/example_latest_only_with_trigger.py took 0.098 seconds
[2023-11-14T21:50:14.015+0000] {processor.py:157} INFO - Started process (PID=1800) to work on /home/airflow/.local/lib/python3.8/site-packages/airflow/example_dags/example_latest_only_with_trigger.py
[2023-11-14T21:50:14.017+0000] {processor.py:829} INFO - Processing file /home/airflow/.local/lib/python3.8/site-packages/airflow/example_dags/example_latest_only_with_trigger.py for tasks to queue
[2023-11-14T21:50:14.020+0000] {logging_mixin.py:154} INFO - [2023-11-14T21:50:14.020+0000] {dagbag.py:536} INFO - Filling up the DagBag from /home/airflow/.local/lib/python3.8/site-packages/airflow/example_dags/example_latest_only_with_trigger.py
[2023-11-14T21:50:14.029+0000] {processor.py:839} INFO - DAG(s) dict_keys(['latest_only_with_trigger']) retrieved from /home/airflow/.local/lib/python3.8/site-packages/airflow/example_dags/example_latest_only_with_trigger.py
[2023-11-14T21:50:14.060+0000] {logging_mixin.py:154} INFO - [2023-11-14T21:50:14.060+0000] {dag.py:2941} INFO - Sync 1 DAGs
[2023-11-14T21:50:14.092+0000] {logging_mixin.py:154} INFO - [2023-11-14T21:50:14.092+0000] {dag.py:3722} INFO - Setting next_dagrun for latest_only_with_trigger to 2023-11-14T17:50:14.091757+00:00, run_after=2023-11-14T21:50:14.091757+00:00
[2023-11-14T21:50:14.122+0000] {processor.py:179} INFO - Processing /home/airflow/.local/lib/python3.8/site-packages/airflow/example_dags/example_latest_only_with_trigger.py took 0.111 seconds
[2023-11-14T21:50:44.263+0000] {processor.py:157} INFO - Started process (PID=1854) to work on /home/airflow/.local/lib/python3.8/site-packages/airflow/example_dags/example_latest_only_with_trigger.py
[2023-11-14T21:50:44.264+0000] {processor.py:829} INFO - Processing file /home/airflow/.local/lib/python3.8/site-packages/airflow/example_dags/example_latest_only_with_trigger.py for tasks to queue
[2023-11-14T21:50:44.267+0000] {logging_mixin.py:154} INFO - [2023-11-14T21:50:44.267+0000] {dagbag.py:536} INFO - Filling up the DagBag from /home/airflow/.local/lib/python3.8/site-packages/airflow/example_dags/example_latest_only_with_trigger.py
[2023-11-14T21:50:44.277+0000] {processor.py:839} INFO - DAG(s) dict_keys(['latest_only_with_trigger']) retrieved from /home/airflow/.local/lib/python3.8/site-packages/airflow/example_dags/example_latest_only_with_trigger.py
[2023-11-14T21:50:44.308+0000] {logging_mixin.py:154} INFO - [2023-11-14T21:50:44.307+0000] {dag.py:2941} INFO - Sync 1 DAGs
[2023-11-14T21:50:44.340+0000] {logging_mixin.py:154} INFO - [2023-11-14T21:50:44.340+0000] {dag.py:3722} INFO - Setting next_dagrun for latest_only_with_trigger to 2023-11-14T17:50:44.340331+00:00, run_after=2023-11-14T21:50:44.340331+00:00
[2023-11-14T21:50:44.370+0000] {processor.py:179} INFO - Processing /home/airflow/.local/lib/python3.8/site-packages/airflow/example_dags/example_latest_only_with_trigger.py took 0.113 seconds
[2023-11-14T21:51:14.825+0000] {processor.py:157} INFO - Started process (PID=1908) to work on /home/airflow/.local/lib/python3.8/site-packages/airflow/example_dags/example_latest_only_with_trigger.py
[2023-11-14T21:51:14.827+0000] {processor.py:829} INFO - Processing file /home/airflow/.local/lib/python3.8/site-packages/airflow/example_dags/example_latest_only_with_trigger.py for tasks to queue
[2023-11-14T21:51:14.829+0000] {logging_mixin.py:154} INFO - [2023-11-14T21:51:14.829+0000] {dagbag.py:536} INFO - Filling up the DagBag from /home/airflow/.local/lib/python3.8/site-packages/airflow/example_dags/example_latest_only_with_trigger.py
[2023-11-14T21:51:14.836+0000] {processor.py:839} INFO - DAG(s) dict_keys(['latest_only_with_trigger']) retrieved from /home/airflow/.local/lib/python3.8/site-packages/airflow/example_dags/example_latest_only_with_trigger.py
[2023-11-14T21:51:14.862+0000] {logging_mixin.py:154} INFO - [2023-11-14T21:51:14.861+0000] {dag.py:2941} INFO - Sync 1 DAGs
[2023-11-14T21:51:14.889+0000] {logging_mixin.py:154} INFO - [2023-11-14T21:51:14.889+0000] {dag.py:3722} INFO - Setting next_dagrun for latest_only_with_trigger to 2023-11-14T17:51:14.888830+00:00, run_after=2023-11-14T21:51:14.888830+00:00
[2023-11-14T21:51:14.913+0000] {processor.py:179} INFO - Processing /home/airflow/.local/lib/python3.8/site-packages/airflow/example_dags/example_latest_only_with_trigger.py took 0.092 seconds
[2023-11-14T21:51:45.463+0000] {processor.py:157} INFO - Started process (PID=1962) to work on /home/airflow/.local/lib/python3.8/site-packages/airflow/example_dags/example_latest_only_with_trigger.py
[2023-11-14T21:51:45.464+0000] {processor.py:829} INFO - Processing file /home/airflow/.local/lib/python3.8/site-packages/airflow/example_dags/example_latest_only_with_trigger.py for tasks to queue
[2023-11-14T21:51:45.467+0000] {logging_mixin.py:154} INFO - [2023-11-14T21:51:45.466+0000] {dagbag.py:536} INFO - Filling up the DagBag from /home/airflow/.local/lib/python3.8/site-packages/airflow/example_dags/example_latest_only_with_trigger.py
[2023-11-14T21:51:45.474+0000] {processor.py:839} INFO - DAG(s) dict_keys(['latest_only_with_trigger']) retrieved from /home/airflow/.local/lib/python3.8/site-packages/airflow/example_dags/example_latest_only_with_trigger.py
[2023-11-14T21:51:45.502+0000] {logging_mixin.py:154} INFO - [2023-11-14T21:51:45.502+0000] {dag.py:2941} INFO - Sync 1 DAGs
[2023-11-14T21:51:45.530+0000] {logging_mixin.py:154} INFO - [2023-11-14T21:51:45.530+0000] {dag.py:3722} INFO - Setting next_dagrun for latest_only_with_trigger to 2023-11-14T17:51:45.529990+00:00, run_after=2023-11-14T21:51:45.529990+00:00
[2023-11-14T21:51:45.554+0000] {processor.py:179} INFO - Processing /home/airflow/.local/lib/python3.8/site-packages/airflow/example_dags/example_latest_only_with_trigger.py took 0.096 seconds
[2023-11-14T21:52:16.065+0000] {processor.py:157} INFO - Started process (PID=2017) to work on /home/airflow/.local/lib/python3.8/site-packages/airflow/example_dags/example_latest_only_with_trigger.py
[2023-11-14T21:52:16.066+0000] {processor.py:829} INFO - Processing file /home/airflow/.local/lib/python3.8/site-packages/airflow/example_dags/example_latest_only_with_trigger.py for tasks to queue
[2023-11-14T21:52:16.069+0000] {logging_mixin.py:154} INFO - [2023-11-14T21:52:16.069+0000] {dagbag.py:536} INFO - Filling up the DagBag from /home/airflow/.local/lib/python3.8/site-packages/airflow/example_dags/example_latest_only_with_trigger.py
[2023-11-14T21:52:16.077+0000] {processor.py:839} INFO - DAG(s) dict_keys(['latest_only_with_trigger']) retrieved from /home/airflow/.local/lib/python3.8/site-packages/airflow/example_dags/example_latest_only_with_trigger.py
[2023-11-14T21:52:16.104+0000] {logging_mixin.py:154} INFO - [2023-11-14T21:52:16.104+0000] {dag.py:2941} INFO - Sync 1 DAGs
[2023-11-14T21:52:16.134+0000] {logging_mixin.py:154} INFO - [2023-11-14T21:52:16.134+0000] {dag.py:3722} INFO - Setting next_dagrun for latest_only_with_trigger to 2023-11-14T17:52:16.133595+00:00, run_after=2023-11-14T21:52:16.133595+00:00
[2023-11-14T21:52:16.161+0000] {processor.py:179} INFO - Processing /home/airflow/.local/lib/python3.8/site-packages/airflow/example_dags/example_latest_only_with_trigger.py took 0.100 seconds
[2023-11-14T21:52:46.440+0000] {processor.py:157} INFO - Started process (PID=2071) to work on /home/airflow/.local/lib/python3.8/site-packages/airflow/example_dags/example_latest_only_with_trigger.py
[2023-11-14T21:52:46.441+0000] {processor.py:829} INFO - Processing file /home/airflow/.local/lib/python3.8/site-packages/airflow/example_dags/example_latest_only_with_trigger.py for tasks to queue
[2023-11-14T21:52:46.445+0000] {logging_mixin.py:154} INFO - [2023-11-14T21:52:46.444+0000] {dagbag.py:536} INFO - Filling up the DagBag from /home/airflow/.local/lib/python3.8/site-packages/airflow/example_dags/example_latest_only_with_trigger.py
[2023-11-14T21:52:46.454+0000] {processor.py:839} INFO - DAG(s) dict_keys(['latest_only_with_trigger']) retrieved from /home/airflow/.local/lib/python3.8/site-packages/airflow/example_dags/example_latest_only_with_trigger.py
[2023-11-14T21:52:46.486+0000] {logging_mixin.py:154} INFO - [2023-11-14T21:52:46.486+0000] {dag.py:2941} INFO - Sync 1 DAGs
[2023-11-14T21:52:46.530+0000] {logging_mixin.py:154} INFO - [2023-11-14T21:52:46.530+0000] {dag.py:3722} INFO - Setting next_dagrun for latest_only_with_trigger to 2023-11-14T17:52:46.529431+00:00, run_after=2023-11-14T21:52:46.529431+00:00
[2023-11-14T21:52:46.564+0000] {processor.py:179} INFO - Processing /home/airflow/.local/lib/python3.8/site-packages/airflow/example_dags/example_latest_only_with_trigger.py took 0.128 seconds
[2023-11-14T21:53:17.144+0000] {processor.py:157} INFO - Started process (PID=2125) to work on /home/airflow/.local/lib/python3.8/site-packages/airflow/example_dags/example_latest_only_with_trigger.py
[2023-11-14T21:53:17.146+0000] {processor.py:829} INFO - Processing file /home/airflow/.local/lib/python3.8/site-packages/airflow/example_dags/example_latest_only_with_trigger.py for tasks to queue
[2023-11-14T21:53:17.149+0000] {logging_mixin.py:154} INFO - [2023-11-14T21:53:17.149+0000] {dagbag.py:536} INFO - Filling up the DagBag from /home/airflow/.local/lib/python3.8/site-packages/airflow/example_dags/example_latest_only_with_trigger.py
[2023-11-14T21:53:17.158+0000] {processor.py:839} INFO - DAG(s) dict_keys(['latest_only_with_trigger']) retrieved from /home/airflow/.local/lib/python3.8/site-packages/airflow/example_dags/example_latest_only_with_trigger.py
[2023-11-14T21:53:17.187+0000] {logging_mixin.py:154} INFO - [2023-11-14T21:53:17.187+0000] {dag.py:2941} INFO - Sync 1 DAGs
[2023-11-14T21:53:17.224+0000] {logging_mixin.py:154} INFO - [2023-11-14T21:53:17.223+0000] {dag.py:3722} INFO - Setting next_dagrun for latest_only_with_trigger to 2023-11-14T17:53:17.222855+00:00, run_after=2023-11-14T21:53:17.222855+00:00
[2023-11-14T21:53:17.249+0000] {processor.py:179} INFO - Processing /home/airflow/.local/lib/python3.8/site-packages/airflow/example_dags/example_latest_only_with_trigger.py took 0.111 seconds
[2023-11-14T21:53:48.000+0000] {processor.py:157} INFO - Started process (PID=2179) to work on /home/airflow/.local/lib/python3.8/site-packages/airflow/example_dags/example_latest_only_with_trigger.py
[2023-11-14T21:53:48.001+0000] {processor.py:829} INFO - Processing file /home/airflow/.local/lib/python3.8/site-packages/airflow/example_dags/example_latest_only_with_trigger.py for tasks to queue
[2023-11-14T21:53:48.004+0000] {logging_mixin.py:154} INFO - [2023-11-14T21:53:48.003+0000] {dagbag.py:536} INFO - Filling up the DagBag from /home/airflow/.local/lib/python3.8/site-packages/airflow/example_dags/example_latest_only_with_trigger.py
[2023-11-14T21:53:48.011+0000] {processor.py:839} INFO - DAG(s) dict_keys(['latest_only_with_trigger']) retrieved from /home/airflow/.local/lib/python3.8/site-packages/airflow/example_dags/example_latest_only_with_trigger.py
[2023-11-14T21:53:48.038+0000] {logging_mixin.py:154} INFO - [2023-11-14T21:53:48.038+0000] {dag.py:2941} INFO - Sync 1 DAGs
[2023-11-14T21:53:48.068+0000] {logging_mixin.py:154} INFO - [2023-11-14T21:53:48.067+0000] {dag.py:3722} INFO - Setting next_dagrun for latest_only_with_trigger to 2023-11-14T17:53:48.067573+00:00, run_after=2023-11-14T21:53:48.067573+00:00
[2023-11-14T21:53:48.092+0000] {processor.py:179} INFO - Processing /home/airflow/.local/lib/python3.8/site-packages/airflow/example_dags/example_latest_only_with_trigger.py took 0.097 seconds
[2023-11-14T21:54:18.565+0000] {processor.py:157} INFO - Started process (PID=2233) to work on /home/airflow/.local/lib/python3.8/site-packages/airflow/example_dags/example_latest_only_with_trigger.py
[2023-11-14T21:54:18.566+0000] {processor.py:829} INFO - Processing file /home/airflow/.local/lib/python3.8/site-packages/airflow/example_dags/example_latest_only_with_trigger.py for tasks to queue
[2023-11-14T21:54:18.569+0000] {logging_mixin.py:154} INFO - [2023-11-14T21:54:18.569+0000] {dagbag.py:536} INFO - Filling up the DagBag from /home/airflow/.local/lib/python3.8/site-packages/airflow/example_dags/example_latest_only_with_trigger.py
[2023-11-14T21:54:18.576+0000] {processor.py:839} INFO - DAG(s) dict_keys(['latest_only_with_trigger']) retrieved from /home/airflow/.local/lib/python3.8/site-packages/airflow/example_dags/example_latest_only_with_trigger.py
[2023-11-14T21:54:18.602+0000] {logging_mixin.py:154} INFO - [2023-11-14T21:54:18.602+0000] {dag.py:2941} INFO - Sync 1 DAGs
[2023-11-14T21:54:18.630+0000] {logging_mixin.py:154} INFO - [2023-11-14T21:54:18.630+0000] {dag.py:3722} INFO - Setting next_dagrun for latest_only_with_trigger to 2023-11-14T17:54:18.630362+00:00, run_after=2023-11-14T21:54:18.630362+00:00
[2023-11-14T21:54:18.654+0000] {processor.py:179} INFO - Processing /home/airflow/.local/lib/python3.8/site-packages/airflow/example_dags/example_latest_only_with_trigger.py took 0.094 seconds
[2023-11-14T21:54:49.497+0000] {processor.py:157} INFO - Started process (PID=2287) to work on /home/airflow/.local/lib/python3.8/site-packages/airflow/example_dags/example_latest_only_with_trigger.py
[2023-11-14T21:54:49.498+0000] {processor.py:829} INFO - Processing file /home/airflow/.local/lib/python3.8/site-packages/airflow/example_dags/example_latest_only_with_trigger.py for tasks to queue
[2023-11-14T21:54:49.502+0000] {logging_mixin.py:154} INFO - [2023-11-14T21:54:49.501+0000] {dagbag.py:536} INFO - Filling up the DagBag from /home/airflow/.local/lib/python3.8/site-packages/airflow/example_dags/example_latest_only_with_trigger.py
[2023-11-14T21:54:49.510+0000] {processor.py:839} INFO - DAG(s) dict_keys(['latest_only_with_trigger']) retrieved from /home/airflow/.local/lib/python3.8/site-packages/airflow/example_dags/example_latest_only_with_trigger.py
[2023-11-14T21:54:49.542+0000] {logging_mixin.py:154} INFO - [2023-11-14T21:54:49.542+0000] {dag.py:2941} INFO - Sync 1 DAGs
[2023-11-14T21:54:49.576+0000] {logging_mixin.py:154} INFO - [2023-11-14T21:54:49.576+0000] {dag.py:3722} INFO - Setting next_dagrun for latest_only_with_trigger to 2023-11-14T17:54:49.575959+00:00, run_after=2023-11-14T21:54:49.575959+00:00
[2023-11-14T21:54:49.604+0000] {processor.py:179} INFO - Processing /home/airflow/.local/lib/python3.8/site-packages/airflow/example_dags/example_latest_only_with_trigger.py took 0.112 seconds
[2023-11-14T21:55:19.716+0000] {processor.py:157} INFO - Started process (PID=2342) to work on /home/airflow/.local/lib/python3.8/site-packages/airflow/example_dags/example_latest_only_with_trigger.py
[2023-11-14T21:55:19.718+0000] {processor.py:829} INFO - Processing file /home/airflow/.local/lib/python3.8/site-packages/airflow/example_dags/example_latest_only_with_trigger.py for tasks to queue
[2023-11-14T21:55:19.721+0000] {logging_mixin.py:154} INFO - [2023-11-14T21:55:19.720+0000] {dagbag.py:536} INFO - Filling up the DagBag from /home/airflow/.local/lib/python3.8/site-packages/airflow/example_dags/example_latest_only_with_trigger.py
[2023-11-14T21:55:19.730+0000] {processor.py:839} INFO - DAG(s) dict_keys(['latest_only_with_trigger']) retrieved from /home/airflow/.local/lib/python3.8/site-packages/airflow/example_dags/example_latest_only_with_trigger.py
[2023-11-14T21:55:19.763+0000] {logging_mixin.py:154} INFO - [2023-11-14T21:55:19.763+0000] {dag.py:2941} INFO - Sync 1 DAGs
[2023-11-14T21:55:19.792+0000] {logging_mixin.py:154} INFO - [2023-11-14T21:55:19.792+0000] {dag.py:3722} INFO - Setting next_dagrun for latest_only_with_trigger to 2023-11-14T17:55:19.792467+00:00, run_after=2023-11-14T21:55:19.792467+00:00
[2023-11-14T21:55:19.816+0000] {processor.py:179} INFO - Processing /home/airflow/.local/lib/python3.8/site-packages/airflow/example_dags/example_latest_only_with_trigger.py took 0.104 seconds
[2023-11-14T21:55:50.260+0000] {processor.py:157} INFO - Started process (PID=2396) to work on /home/airflow/.local/lib/python3.8/site-packages/airflow/example_dags/example_latest_only_with_trigger.py
[2023-11-14T21:55:50.261+0000] {processor.py:829} INFO - Processing file /home/airflow/.local/lib/python3.8/site-packages/airflow/example_dags/example_latest_only_with_trigger.py for tasks to queue
[2023-11-14T21:55:50.264+0000] {logging_mixin.py:154} INFO - [2023-11-14T21:55:50.264+0000] {dagbag.py:536} INFO - Filling up the DagBag from /home/airflow/.local/lib/python3.8/site-packages/airflow/example_dags/example_latest_only_with_trigger.py
[2023-11-14T21:55:50.272+0000] {processor.py:839} INFO - DAG(s) dict_keys(['latest_only_with_trigger']) retrieved from /home/airflow/.local/lib/python3.8/site-packages/airflow/example_dags/example_latest_only_with_trigger.py
[2023-11-14T21:55:50.305+0000] {logging_mixin.py:154} INFO - [2023-11-14T21:55:50.304+0000] {dag.py:2941} INFO - Sync 1 DAGs
[2023-11-14T21:55:50.337+0000] {logging_mixin.py:154} INFO - [2023-11-14T21:55:50.337+0000] {dag.py:3722} INFO - Setting next_dagrun for latest_only_with_trigger to 2023-11-14T17:55:50.337069+00:00, run_after=2023-11-14T21:55:50.337069+00:00
[2023-11-14T21:55:50.366+0000] {processor.py:179} INFO - Processing /home/airflow/.local/lib/python3.8/site-packages/airflow/example_dags/example_latest_only_with_trigger.py took 0.113 seconds
[2023-11-14T21:56:20.909+0000] {processor.py:157} INFO - Started process (PID=2450) to work on /home/airflow/.local/lib/python3.8/site-packages/airflow/example_dags/example_latest_only_with_trigger.py
[2023-11-14T21:56:20.911+0000] {processor.py:829} INFO - Processing file /home/airflow/.local/lib/python3.8/site-packages/airflow/example_dags/example_latest_only_with_trigger.py for tasks to queue
[2023-11-14T21:56:20.913+0000] {logging_mixin.py:154} INFO - [2023-11-14T21:56:20.913+0000] {dagbag.py:536} INFO - Filling up the DagBag from /home/airflow/.local/lib/python3.8/site-packages/airflow/example_dags/example_latest_only_with_trigger.py
[2023-11-14T21:56:20.923+0000] {processor.py:839} INFO - DAG(s) dict_keys(['latest_only_with_trigger']) retrieved from /home/airflow/.local/lib/python3.8/site-packages/airflow/example_dags/example_latest_only_with_trigger.py
[2023-11-14T21:56:20.951+0000] {logging_mixin.py:154} INFO - [2023-11-14T21:56:20.951+0000] {dag.py:2941} INFO - Sync 1 DAGs
[2023-11-14T21:56:20.985+0000] {logging_mixin.py:154} INFO - [2023-11-14T21:56:20.985+0000] {dag.py:3722} INFO - Setting next_dagrun for latest_only_with_trigger to 2023-11-14T17:56:20.984951+00:00, run_after=2023-11-14T21:56:20.984951+00:00
[2023-11-14T21:56:21.011+0000] {processor.py:179} INFO - Processing /home/airflow/.local/lib/python3.8/site-packages/airflow/example_dags/example_latest_only_with_trigger.py took 0.107 seconds
[2023-11-14T21:56:51.573+0000] {processor.py:157} INFO - Started process (PID=2505) to work on /home/airflow/.local/lib/python3.8/site-packages/airflow/example_dags/example_latest_only_with_trigger.py
[2023-11-14T21:56:51.574+0000] {processor.py:829} INFO - Processing file /home/airflow/.local/lib/python3.8/site-packages/airflow/example_dags/example_latest_only_with_trigger.py for tasks to queue
[2023-11-14T21:56:51.577+0000] {logging_mixin.py:154} INFO - [2023-11-14T21:56:51.576+0000] {dagbag.py:536} INFO - Filling up the DagBag from /home/airflow/.local/lib/python3.8/site-packages/airflow/example_dags/example_latest_only_with_trigger.py
[2023-11-14T21:56:51.584+0000] {processor.py:839} INFO - DAG(s) dict_keys(['latest_only_with_trigger']) retrieved from /home/airflow/.local/lib/python3.8/site-packages/airflow/example_dags/example_latest_only_with_trigger.py
[2023-11-14T21:56:51.615+0000] {logging_mixin.py:154} INFO - [2023-11-14T21:56:51.615+0000] {dag.py:2941} INFO - Sync 1 DAGs
[2023-11-14T21:56:51.642+0000] {logging_mixin.py:154} INFO - [2023-11-14T21:56:51.642+0000] {dag.py:3722} INFO - Setting next_dagrun for latest_only_with_trigger to 2023-11-14T17:56:51.642174+00:00, run_after=2023-11-14T21:56:51.642174+00:00
[2023-11-14T21:56:51.665+0000] {processor.py:179} INFO - Processing /home/airflow/.local/lib/python3.8/site-packages/airflow/example_dags/example_latest_only_with_trigger.py took 0.096 seconds
[2023-11-14T21:57:22.452+0000] {processor.py:157} INFO - Started process (PID=2559) to work on /home/airflow/.local/lib/python3.8/site-packages/airflow/example_dags/example_latest_only_with_trigger.py
[2023-11-14T21:57:22.453+0000] {processor.py:829} INFO - Processing file /home/airflow/.local/lib/python3.8/site-packages/airflow/example_dags/example_latest_only_with_trigger.py for tasks to queue
[2023-11-14T21:57:22.457+0000] {logging_mixin.py:154} INFO - [2023-11-14T21:57:22.456+0000] {dagbag.py:536} INFO - Filling up the DagBag from /home/airflow/.local/lib/python3.8/site-packages/airflow/example_dags/example_latest_only_with_trigger.py
[2023-11-14T21:57:22.465+0000] {processor.py:839} INFO - DAG(s) dict_keys(['latest_only_with_trigger']) retrieved from /home/airflow/.local/lib/python3.8/site-packages/airflow/example_dags/example_latest_only_with_trigger.py
[2023-11-14T21:57:22.497+0000] {logging_mixin.py:154} INFO - [2023-11-14T21:57:22.497+0000] {dag.py:2941} INFO - Sync 1 DAGs
[2023-11-14T21:57:22.526+0000] {logging_mixin.py:154} INFO - [2023-11-14T21:57:22.525+0000] {dag.py:3722} INFO - Setting next_dagrun for latest_only_with_trigger to 2023-11-14T17:57:22.525548+00:00, run_after=2023-11-14T21:57:22.525548+00:00
[2023-11-14T21:57:22.548+0000] {processor.py:179} INFO - Processing /home/airflow/.local/lib/python3.8/site-packages/airflow/example_dags/example_latest_only_with_trigger.py took 0.100 seconds
[2023-11-14T21:57:53.575+0000] {processor.py:157} INFO - Started process (PID=2614) to work on /home/airflow/.local/lib/python3.8/site-packages/airflow/example_dags/example_latest_only_with_trigger.py
[2023-11-14T21:57:53.576+0000] {processor.py:829} INFO - Processing file /home/airflow/.local/lib/python3.8/site-packages/airflow/example_dags/example_latest_only_with_trigger.py for tasks to queue
[2023-11-14T21:57:53.580+0000] {logging_mixin.py:154} INFO - [2023-11-14T21:57:53.579+0000] {dagbag.py:536} INFO - Filling up the DagBag from /home/airflow/.local/lib/python3.8/site-packages/airflow/example_dags/example_latest_only_with_trigger.py
[2023-11-14T21:57:53.588+0000] {processor.py:839} INFO - DAG(s) dict_keys(['latest_only_with_trigger']) retrieved from /home/airflow/.local/lib/python3.8/site-packages/airflow/example_dags/example_latest_only_with_trigger.py
[2023-11-14T21:57:53.621+0000] {logging_mixin.py:154} INFO - [2023-11-14T21:57:53.621+0000] {dag.py:2941} INFO - Sync 1 DAGs
[2023-11-14T21:57:53.658+0000] {logging_mixin.py:154} INFO - [2023-11-14T21:57:53.658+0000] {dag.py:3722} INFO - Setting next_dagrun for latest_only_with_trigger to 2023-11-14T17:57:53.657670+00:00, run_after=2023-11-14T21:57:53.657670+00:00
[2023-11-14T21:57:53.694+0000] {processor.py:179} INFO - Processing /home/airflow/.local/lib/python3.8/site-packages/airflow/example_dags/example_latest_only_with_trigger.py took 0.124 seconds
[2023-11-14T21:58:23.812+0000] {processor.py:157} INFO - Started process (PID=2668) to work on /home/airflow/.local/lib/python3.8/site-packages/airflow/example_dags/example_latest_only_with_trigger.py
[2023-11-14T21:58:23.814+0000] {processor.py:829} INFO - Processing file /home/airflow/.local/lib/python3.8/site-packages/airflow/example_dags/example_latest_only_with_trigger.py for tasks to queue
[2023-11-14T21:58:23.816+0000] {logging_mixin.py:154} INFO - [2023-11-14T21:58:23.816+0000] {dagbag.py:536} INFO - Filling up the DagBag from /home/airflow/.local/lib/python3.8/site-packages/airflow/example_dags/example_latest_only_with_trigger.py
[2023-11-14T21:58:23.823+0000] {processor.py:839} INFO - DAG(s) dict_keys(['latest_only_with_trigger']) retrieved from /home/airflow/.local/lib/python3.8/site-packages/airflow/example_dags/example_latest_only_with_trigger.py
[2023-11-14T21:58:23.848+0000] {logging_mixin.py:154} INFO - [2023-11-14T21:58:23.848+0000] {dag.py:2941} INFO - Sync 1 DAGs
[2023-11-14T21:58:23.875+0000] {logging_mixin.py:154} INFO - [2023-11-14T21:58:23.875+0000] {dag.py:3722} INFO - Setting next_dagrun for latest_only_with_trigger to 2023-11-14T17:58:23.875055+00:00, run_after=2023-11-14T21:58:23.875055+00:00
[2023-11-14T21:58:23.899+0000] {processor.py:179} INFO - Processing /home/airflow/.local/lib/python3.8/site-packages/airflow/example_dags/example_latest_only_with_trigger.py took 0.090 seconds
[2023-11-14T21:58:54.344+0000] {processor.py:157} INFO - Started process (PID=2722) to work on /home/airflow/.local/lib/python3.8/site-packages/airflow/example_dags/example_latest_only_with_trigger.py
[2023-11-14T21:58:54.345+0000] {processor.py:829} INFO - Processing file /home/airflow/.local/lib/python3.8/site-packages/airflow/example_dags/example_latest_only_with_trigger.py for tasks to queue
[2023-11-14T21:58:54.351+0000] {logging_mixin.py:154} INFO - [2023-11-14T21:58:54.351+0000] {dagbag.py:536} INFO - Filling up the DagBag from /home/airflow/.local/lib/python3.8/site-packages/airflow/example_dags/example_latest_only_with_trigger.py
[2023-11-14T21:58:54.360+0000] {processor.py:839} INFO - DAG(s) dict_keys(['latest_only_with_trigger']) retrieved from /home/airflow/.local/lib/python3.8/site-packages/airflow/example_dags/example_latest_only_with_trigger.py
[2023-11-14T21:58:54.394+0000] {logging_mixin.py:154} INFO - [2023-11-14T21:58:54.393+0000] {dag.py:2941} INFO - Sync 1 DAGs
[2023-11-14T21:58:54.430+0000] {logging_mixin.py:154} INFO - [2023-11-14T21:58:54.430+0000] {dag.py:3722} INFO - Setting next_dagrun for latest_only_with_trigger to 2023-11-14T17:58:54.430149+00:00, run_after=2023-11-14T21:58:54.430149+00:00
[2023-11-14T21:58:54.462+0000] {processor.py:179} INFO - Processing /home/airflow/.local/lib/python3.8/site-packages/airflow/example_dags/example_latest_only_with_trigger.py took 0.123 seconds
[2023-11-14T21:59:25.031+0000] {processor.py:157} INFO - Started process (PID=2776) to work on /home/airflow/.local/lib/python3.8/site-packages/airflow/example_dags/example_latest_only_with_trigger.py
[2023-11-14T21:59:25.032+0000] {processor.py:829} INFO - Processing file /home/airflow/.local/lib/python3.8/site-packages/airflow/example_dags/example_latest_only_with_trigger.py for tasks to queue
[2023-11-14T21:59:25.035+0000] {logging_mixin.py:154} INFO - [2023-11-14T21:59:25.035+0000] {dagbag.py:536} INFO - Filling up the DagBag from /home/airflow/.local/lib/python3.8/site-packages/airflow/example_dags/example_latest_only_with_trigger.py
[2023-11-14T21:59:25.042+0000] {processor.py:839} INFO - DAG(s) dict_keys(['latest_only_with_trigger']) retrieved from /home/airflow/.local/lib/python3.8/site-packages/airflow/example_dags/example_latest_only_with_trigger.py
[2023-11-14T21:59:25.068+0000] {logging_mixin.py:154} INFO - [2023-11-14T21:59:25.068+0000] {dag.py:2941} INFO - Sync 1 DAGs
[2023-11-14T21:59:25.096+0000] {logging_mixin.py:154} INFO - [2023-11-14T21:59:25.096+0000] {dag.py:3722} INFO - Setting next_dagrun for latest_only_with_trigger to 2023-11-14T17:59:25.096406+00:00, run_after=2023-11-14T21:59:25.096406+00:00
[2023-11-14T21:59:25.122+0000] {processor.py:179} INFO - Processing /home/airflow/.local/lib/python3.8/site-packages/airflow/example_dags/example_latest_only_with_trigger.py took 0.096 seconds
