[2023-11-14T21:33:58.118+0000] {processor.py:157} INFO - Started process (PID=66) to work on /home/airflow/.local/lib/python3.8/site-packages/airflow/example_dags/example_sensor_decorator.py
[2023-11-14T21:33:58.119+0000] {processor.py:829} INFO - Processing file /home/airflow/.local/lib/python3.8/site-packages/airflow/example_dags/example_sensor_decorator.py for tasks to queue
[2023-11-14T21:33:58.123+0000] {logging_mixin.py:154} INFO - [2023-11-14T21:33:58.122+0000] {dagbag.py:536} INFO - Filling up the DagBag from /home/airflow/.local/lib/python3.8/site-packages/airflow/example_dags/example_sensor_decorator.py
[2023-11-14T21:33:58.133+0000] {processor.py:839} INFO - DAG(s) dict_keys(['example_sensor_decorator']) retrieved from /home/airflow/.local/lib/python3.8/site-packages/airflow/example_dags/example_sensor_decorator.py
[2023-11-14T21:33:58.277+0000] {logging_mixin.py:154} INFO - [2023-11-14T21:33:58.277+0000] {manager.py:499} INFO - Created Permission View: %s
[2023-11-14T21:33:58.291+0000] {logging_mixin.py:154} INFO - [2023-11-14T21:33:58.291+0000] {manager.py:499} INFO - Created Permission View: %s
[2023-11-14T21:33:58.301+0000] {logging_mixin.py:154} INFO - [2023-11-14T21:33:58.301+0000] {manager.py:499} INFO - Created Permission View: %s
[2023-11-14T21:33:58.301+0000] {logging_mixin.py:154} INFO - [2023-11-14T21:33:58.301+0000] {dag.py:2941} INFO - Sync 1 DAGs
[2023-11-14T21:33:58.316+0000] {logging_mixin.py:154} INFO - [2023-11-14T21:33:58.316+0000] {dag.py:2963} INFO - Creating ORM DAG for example_sensor_decorator
[2023-11-14T21:33:58.317+0000] {logging_mixin.py:154} INFO - [2023-11-14T21:33:58.316+0000] {dag.py:3722} INFO - Setting next_dagrun for example_sensor_decorator to None, run_after=None
[2023-11-14T21:33:58.340+0000] {processor.py:179} INFO - Processing /home/airflow/.local/lib/python3.8/site-packages/airflow/example_dags/example_sensor_decorator.py took 0.227 seconds
[2023-11-14T21:34:28.388+0000] {processor.py:157} INFO - Started process (PID=120) to work on /home/airflow/.local/lib/python3.8/site-packages/airflow/example_dags/example_sensor_decorator.py
[2023-11-14T21:34:28.389+0000] {processor.py:829} INFO - Processing file /home/airflow/.local/lib/python3.8/site-packages/airflow/example_dags/example_sensor_decorator.py for tasks to queue
[2023-11-14T21:34:28.392+0000] {logging_mixin.py:154} INFO - [2023-11-14T21:34:28.392+0000] {dagbag.py:536} INFO - Filling up the DagBag from /home/airflow/.local/lib/python3.8/site-packages/airflow/example_dags/example_sensor_decorator.py
[2023-11-14T21:34:28.400+0000] {processor.py:839} INFO - DAG(s) dict_keys(['example_sensor_decorator']) retrieved from /home/airflow/.local/lib/python3.8/site-packages/airflow/example_dags/example_sensor_decorator.py
[2023-11-14T21:34:28.422+0000] {logging_mixin.py:154} INFO - [2023-11-14T21:34:28.422+0000] {dag.py:2941} INFO - Sync 1 DAGs
[2023-11-14T21:34:28.440+0000] {logging_mixin.py:154} INFO - [2023-11-14T21:34:28.439+0000] {dag.py:3722} INFO - Setting next_dagrun for example_sensor_decorator to None, run_after=None
[2023-11-14T21:34:28.461+0000] {processor.py:179} INFO - Processing /home/airflow/.local/lib/python3.8/site-packages/airflow/example_dags/example_sensor_decorator.py took 0.077 seconds
[2023-11-14T21:34:58.827+0000] {processor.py:157} INFO - Started process (PID=174) to work on /home/airflow/.local/lib/python3.8/site-packages/airflow/example_dags/example_sensor_decorator.py
[2023-11-14T21:34:58.828+0000] {processor.py:829} INFO - Processing file /home/airflow/.local/lib/python3.8/site-packages/airflow/example_dags/example_sensor_decorator.py for tasks to queue
[2023-11-14T21:34:58.830+0000] {logging_mixin.py:154} INFO - [2023-11-14T21:34:58.830+0000] {dagbag.py:536} INFO - Filling up the DagBag from /home/airflow/.local/lib/python3.8/site-packages/airflow/example_dags/example_sensor_decorator.py
[2023-11-14T21:34:58.841+0000] {processor.py:839} INFO - DAG(s) dict_keys(['example_sensor_decorator']) retrieved from /home/airflow/.local/lib/python3.8/site-packages/airflow/example_dags/example_sensor_decorator.py
[2023-11-14T21:34:58.871+0000] {logging_mixin.py:154} INFO - [2023-11-14T21:34:58.871+0000] {dag.py:2941} INFO - Sync 1 DAGs
[2023-11-14T21:34:58.888+0000] {logging_mixin.py:154} INFO - [2023-11-14T21:34:58.888+0000] {dag.py:3722} INFO - Setting next_dagrun for example_sensor_decorator to None, run_after=None
[2023-11-14T21:34:58.918+0000] {processor.py:179} INFO - Processing /home/airflow/.local/lib/python3.8/site-packages/airflow/example_dags/example_sensor_decorator.py took 0.097 seconds
[2023-11-14T21:35:29.293+0000] {processor.py:157} INFO - Started process (PID=228) to work on /home/airflow/.local/lib/python3.8/site-packages/airflow/example_dags/example_sensor_decorator.py
[2023-11-14T21:35:29.295+0000] {processor.py:829} INFO - Processing file /home/airflow/.local/lib/python3.8/site-packages/airflow/example_dags/example_sensor_decorator.py for tasks to queue
[2023-11-14T21:35:29.299+0000] {logging_mixin.py:154} INFO - [2023-11-14T21:35:29.298+0000] {dagbag.py:536} INFO - Filling up the DagBag from /home/airflow/.local/lib/python3.8/site-packages/airflow/example_dags/example_sensor_decorator.py
[2023-11-14T21:35:29.309+0000] {processor.py:839} INFO - DAG(s) dict_keys(['example_sensor_decorator']) retrieved from /home/airflow/.local/lib/python3.8/site-packages/airflow/example_dags/example_sensor_decorator.py
[2023-11-14T21:35:29.339+0000] {logging_mixin.py:154} INFO - [2023-11-14T21:35:29.339+0000] {dag.py:2941} INFO - Sync 1 DAGs
[2023-11-14T21:35:29.356+0000] {logging_mixin.py:154} INFO - [2023-11-14T21:35:29.355+0000] {dag.py:3722} INFO - Setting next_dagrun for example_sensor_decorator to None, run_after=None
[2023-11-14T21:35:29.379+0000] {processor.py:179} INFO - Processing /home/airflow/.local/lib/python3.8/site-packages/airflow/example_dags/example_sensor_decorator.py took 0.091 seconds
[2023-11-14T21:35:59.764+0000] {processor.py:157} INFO - Started process (PID=282) to work on /home/airflow/.local/lib/python3.8/site-packages/airflow/example_dags/example_sensor_decorator.py
[2023-11-14T21:35:59.765+0000] {processor.py:829} INFO - Processing file /home/airflow/.local/lib/python3.8/site-packages/airflow/example_dags/example_sensor_decorator.py for tasks to queue
[2023-11-14T21:35:59.768+0000] {logging_mixin.py:154} INFO - [2023-11-14T21:35:59.768+0000] {dagbag.py:536} INFO - Filling up the DagBag from /home/airflow/.local/lib/python3.8/site-packages/airflow/example_dags/example_sensor_decorator.py
[2023-11-14T21:35:59.777+0000] {processor.py:839} INFO - DAG(s) dict_keys(['example_sensor_decorator']) retrieved from /home/airflow/.local/lib/python3.8/site-packages/airflow/example_dags/example_sensor_decorator.py
[2023-11-14T21:35:59.814+0000] {logging_mixin.py:154} INFO - [2023-11-14T21:35:59.813+0000] {dag.py:2941} INFO - Sync 1 DAGs
[2023-11-14T21:35:59.841+0000] {logging_mixin.py:154} INFO - [2023-11-14T21:35:59.841+0000] {dag.py:3722} INFO - Setting next_dagrun for example_sensor_decorator to None, run_after=None
[2023-11-14T21:35:59.881+0000] {processor.py:179} INFO - Processing /home/airflow/.local/lib/python3.8/site-packages/airflow/example_dags/example_sensor_decorator.py took 0.123 seconds
[2023-11-14T21:36:30.732+0000] {processor.py:157} INFO - Started process (PID=337) to work on /home/airflow/.local/lib/python3.8/site-packages/airflow/example_dags/example_sensor_decorator.py
[2023-11-14T21:36:30.733+0000] {processor.py:829} INFO - Processing file /home/airflow/.local/lib/python3.8/site-packages/airflow/example_dags/example_sensor_decorator.py for tasks to queue
[2023-11-14T21:36:30.736+0000] {logging_mixin.py:154} INFO - [2023-11-14T21:36:30.735+0000] {dagbag.py:536} INFO - Filling up the DagBag from /home/airflow/.local/lib/python3.8/site-packages/airflow/example_dags/example_sensor_decorator.py
[2023-11-14T21:36:30.743+0000] {processor.py:839} INFO - DAG(s) dict_keys(['example_sensor_decorator']) retrieved from /home/airflow/.local/lib/python3.8/site-packages/airflow/example_dags/example_sensor_decorator.py
[2023-11-14T21:36:30.769+0000] {logging_mixin.py:154} INFO - [2023-11-14T21:36:30.768+0000] {dag.py:2941} INFO - Sync 1 DAGs
[2023-11-14T21:36:30.786+0000] {logging_mixin.py:154} INFO - [2023-11-14T21:36:30.785+0000] {dag.py:3722} INFO - Setting next_dagrun for example_sensor_decorator to None, run_after=None
[2023-11-14T21:36:30.811+0000] {processor.py:179} INFO - Processing /home/airflow/.local/lib/python3.8/site-packages/airflow/example_dags/example_sensor_decorator.py took 0.084 seconds
[2023-11-14T21:37:01.351+0000] {processor.py:157} INFO - Started process (PID=391) to work on /home/airflow/.local/lib/python3.8/site-packages/airflow/example_dags/example_sensor_decorator.py
[2023-11-14T21:37:01.353+0000] {processor.py:829} INFO - Processing file /home/airflow/.local/lib/python3.8/site-packages/airflow/example_dags/example_sensor_decorator.py for tasks to queue
[2023-11-14T21:37:01.356+0000] {logging_mixin.py:154} INFO - [2023-11-14T21:37:01.355+0000] {dagbag.py:536} INFO - Filling up the DagBag from /home/airflow/.local/lib/python3.8/site-packages/airflow/example_dags/example_sensor_decorator.py
[2023-11-14T21:37:01.363+0000] {processor.py:839} INFO - DAG(s) dict_keys(['example_sensor_decorator']) retrieved from /home/airflow/.local/lib/python3.8/site-packages/airflow/example_dags/example_sensor_decorator.py
[2023-11-14T21:37:01.388+0000] {logging_mixin.py:154} INFO - [2023-11-14T21:37:01.388+0000] {dag.py:2941} INFO - Sync 1 DAGs
[2023-11-14T21:37:01.404+0000] {logging_mixin.py:154} INFO - [2023-11-14T21:37:01.404+0000] {dag.py:3722} INFO - Setting next_dagrun for example_sensor_decorator to None, run_after=None
[2023-11-14T21:37:01.428+0000] {processor.py:179} INFO - Processing /home/airflow/.local/lib/python3.8/site-packages/airflow/example_dags/example_sensor_decorator.py took 0.081 seconds
[2023-11-14T21:37:32.054+0000] {processor.py:157} INFO - Started process (PID=445) to work on /home/airflow/.local/lib/python3.8/site-packages/airflow/example_dags/example_sensor_decorator.py
[2023-11-14T21:37:32.056+0000] {processor.py:829} INFO - Processing file /home/airflow/.local/lib/python3.8/site-packages/airflow/example_dags/example_sensor_decorator.py for tasks to queue
[2023-11-14T21:37:32.059+0000] {logging_mixin.py:154} INFO - [2023-11-14T21:37:32.058+0000] {dagbag.py:536} INFO - Filling up the DagBag from /home/airflow/.local/lib/python3.8/site-packages/airflow/example_dags/example_sensor_decorator.py
[2023-11-14T21:37:32.068+0000] {processor.py:839} INFO - DAG(s) dict_keys(['example_sensor_decorator']) retrieved from /home/airflow/.local/lib/python3.8/site-packages/airflow/example_dags/example_sensor_decorator.py
[2023-11-14T21:37:32.094+0000] {logging_mixin.py:154} INFO - [2023-11-14T21:37:32.094+0000] {dag.py:2941} INFO - Sync 1 DAGs
[2023-11-14T21:37:32.109+0000] {logging_mixin.py:154} INFO - [2023-11-14T21:37:32.109+0000] {dag.py:3722} INFO - Setting next_dagrun for example_sensor_decorator to None, run_after=None
[2023-11-14T21:37:32.134+0000] {processor.py:179} INFO - Processing /home/airflow/.local/lib/python3.8/site-packages/airflow/example_dags/example_sensor_decorator.py took 0.085 seconds
[2023-11-14T21:38:02.213+0000] {processor.py:157} INFO - Started process (PID=499) to work on /home/airflow/.local/lib/python3.8/site-packages/airflow/example_dags/example_sensor_decorator.py
[2023-11-14T21:38:02.214+0000] {processor.py:829} INFO - Processing file /home/airflow/.local/lib/python3.8/site-packages/airflow/example_dags/example_sensor_decorator.py for tasks to queue
[2023-11-14T21:38:02.217+0000] {logging_mixin.py:154} INFO - [2023-11-14T21:38:02.216+0000] {dagbag.py:536} INFO - Filling up the DagBag from /home/airflow/.local/lib/python3.8/site-packages/airflow/example_dags/example_sensor_decorator.py
[2023-11-14T21:38:02.224+0000] {processor.py:839} INFO - DAG(s) dict_keys(['example_sensor_decorator']) retrieved from /home/airflow/.local/lib/python3.8/site-packages/airflow/example_dags/example_sensor_decorator.py
[2023-11-14T21:38:02.248+0000] {logging_mixin.py:154} INFO - [2023-11-14T21:38:02.248+0000] {dag.py:2941} INFO - Sync 1 DAGs
[2023-11-14T21:38:02.264+0000] {logging_mixin.py:154} INFO - [2023-11-14T21:38:02.264+0000] {dag.py:3722} INFO - Setting next_dagrun for example_sensor_decorator to None, run_after=None
[2023-11-14T21:38:02.294+0000] {processor.py:179} INFO - Processing /home/airflow/.local/lib/python3.8/site-packages/airflow/example_dags/example_sensor_decorator.py took 0.085 seconds
[2023-11-14T21:38:32.610+0000] {processor.py:157} INFO - Started process (PID=563) to work on /home/airflow/.local/lib/python3.8/site-packages/airflow/example_dags/example_sensor_decorator.py
[2023-11-14T21:38:32.611+0000] {processor.py:829} INFO - Processing file /home/airflow/.local/lib/python3.8/site-packages/airflow/example_dags/example_sensor_decorator.py for tasks to queue
[2023-11-14T21:38:32.614+0000] {logging_mixin.py:154} INFO - [2023-11-14T21:38:32.613+0000] {dagbag.py:536} INFO - Filling up the DagBag from /home/airflow/.local/lib/python3.8/site-packages/airflow/example_dags/example_sensor_decorator.py
[2023-11-14T21:38:32.621+0000] {processor.py:839} INFO - DAG(s) dict_keys(['example_sensor_decorator']) retrieved from /home/airflow/.local/lib/python3.8/site-packages/airflow/example_dags/example_sensor_decorator.py
[2023-11-14T21:38:32.646+0000] {logging_mixin.py:154} INFO - [2023-11-14T21:38:32.646+0000] {dag.py:2941} INFO - Sync 1 DAGs
[2023-11-14T21:38:32.661+0000] {logging_mixin.py:154} INFO - [2023-11-14T21:38:32.661+0000] {dag.py:3722} INFO - Setting next_dagrun for example_sensor_decorator to None, run_after=None
[2023-11-14T21:38:32.685+0000] {processor.py:179} INFO - Processing /home/airflow/.local/lib/python3.8/site-packages/airflow/example_dags/example_sensor_decorator.py took 0.078 seconds
[2023-11-14T21:39:02.878+0000] {processor.py:157} INFO - Started process (PID=617) to work on /home/airflow/.local/lib/python3.8/site-packages/airflow/example_dags/example_sensor_decorator.py
[2023-11-14T21:39:02.879+0000] {processor.py:829} INFO - Processing file /home/airflow/.local/lib/python3.8/site-packages/airflow/example_dags/example_sensor_decorator.py for tasks to queue
[2023-11-14T21:39:02.881+0000] {logging_mixin.py:154} INFO - [2023-11-14T21:39:02.881+0000] {dagbag.py:536} INFO - Filling up the DagBag from /home/airflow/.local/lib/python3.8/site-packages/airflow/example_dags/example_sensor_decorator.py
[2023-11-14T21:39:02.888+0000] {processor.py:839} INFO - DAG(s) dict_keys(['example_sensor_decorator']) retrieved from /home/airflow/.local/lib/python3.8/site-packages/airflow/example_dags/example_sensor_decorator.py
[2023-11-14T21:39:02.914+0000] {logging_mixin.py:154} INFO - [2023-11-14T21:39:02.914+0000] {dag.py:2941} INFO - Sync 1 DAGs
[2023-11-14T21:39:02.930+0000] {logging_mixin.py:154} INFO - [2023-11-14T21:39:02.930+0000] {dag.py:3722} INFO - Setting next_dagrun for example_sensor_decorator to None, run_after=None
[2023-11-14T21:39:02.955+0000] {processor.py:179} INFO - Processing /home/airflow/.local/lib/python3.8/site-packages/airflow/example_dags/example_sensor_decorator.py took 0.081 seconds
[2023-11-14T21:39:33.666+0000] {processor.py:157} INFO - Started process (PID=671) to work on /home/airflow/.local/lib/python3.8/site-packages/airflow/example_dags/example_sensor_decorator.py
[2023-11-14T21:39:33.667+0000] {processor.py:829} INFO - Processing file /home/airflow/.local/lib/python3.8/site-packages/airflow/example_dags/example_sensor_decorator.py for tasks to queue
[2023-11-14T21:39:33.670+0000] {logging_mixin.py:154} INFO - [2023-11-14T21:39:33.670+0000] {dagbag.py:536} INFO - Filling up the DagBag from /home/airflow/.local/lib/python3.8/site-packages/airflow/example_dags/example_sensor_decorator.py
[2023-11-14T21:39:33.678+0000] {processor.py:839} INFO - DAG(s) dict_keys(['example_sensor_decorator']) retrieved from /home/airflow/.local/lib/python3.8/site-packages/airflow/example_dags/example_sensor_decorator.py
[2023-11-14T21:39:33.707+0000] {logging_mixin.py:154} INFO - [2023-11-14T21:39:33.707+0000] {dag.py:2941} INFO - Sync 1 DAGs
[2023-11-14T21:39:33.726+0000] {logging_mixin.py:154} INFO - [2023-11-14T21:39:33.725+0000] {dag.py:3722} INFO - Setting next_dagrun for example_sensor_decorator to None, run_after=None
[2023-11-14T21:39:33.753+0000] {processor.py:179} INFO - Processing /home/airflow/.local/lib/python3.8/site-packages/airflow/example_dags/example_sensor_decorator.py took 0.093 seconds
[2023-11-14T21:40:04.151+0000] {processor.py:157} INFO - Started process (PID=726) to work on /home/airflow/.local/lib/python3.8/site-packages/airflow/example_dags/example_sensor_decorator.py
[2023-11-14T21:40:04.152+0000] {processor.py:829} INFO - Processing file /home/airflow/.local/lib/python3.8/site-packages/airflow/example_dags/example_sensor_decorator.py for tasks to queue
[2023-11-14T21:40:04.156+0000] {logging_mixin.py:154} INFO - [2023-11-14T21:40:04.155+0000] {dagbag.py:536} INFO - Filling up the DagBag from /home/airflow/.local/lib/python3.8/site-packages/airflow/example_dags/example_sensor_decorator.py
[2023-11-14T21:40:04.165+0000] {processor.py:839} INFO - DAG(s) dict_keys(['example_sensor_decorator']) retrieved from /home/airflow/.local/lib/python3.8/site-packages/airflow/example_dags/example_sensor_decorator.py
[2023-11-14T21:40:04.192+0000] {logging_mixin.py:154} INFO - [2023-11-14T21:40:04.192+0000] {dag.py:2941} INFO - Sync 1 DAGs
[2023-11-14T21:40:04.209+0000] {logging_mixin.py:154} INFO - [2023-11-14T21:40:04.208+0000] {dag.py:3722} INFO - Setting next_dagrun for example_sensor_decorator to None, run_after=None
[2023-11-14T21:40:04.235+0000] {processor.py:179} INFO - Processing /home/airflow/.local/lib/python3.8/site-packages/airflow/example_dags/example_sensor_decorator.py took 0.089 seconds
[2023-11-14T21:40:34.446+0000] {processor.py:157} INFO - Started process (PID=781) to work on /home/airflow/.local/lib/python3.8/site-packages/airflow/example_dags/example_sensor_decorator.py
[2023-11-14T21:40:34.447+0000] {processor.py:829} INFO - Processing file /home/airflow/.local/lib/python3.8/site-packages/airflow/example_dags/example_sensor_decorator.py for tasks to queue
[2023-11-14T21:40:34.449+0000] {logging_mixin.py:154} INFO - [2023-11-14T21:40:34.449+0000] {dagbag.py:536} INFO - Filling up the DagBag from /home/airflow/.local/lib/python3.8/site-packages/airflow/example_dags/example_sensor_decorator.py
[2023-11-14T21:40:34.456+0000] {processor.py:839} INFO - DAG(s) dict_keys(['example_sensor_decorator']) retrieved from /home/airflow/.local/lib/python3.8/site-packages/airflow/example_dags/example_sensor_decorator.py
[2023-11-14T21:40:34.480+0000] {logging_mixin.py:154} INFO - [2023-11-14T21:40:34.480+0000] {dag.py:2941} INFO - Sync 1 DAGs
[2023-11-14T21:40:34.496+0000] {logging_mixin.py:154} INFO - [2023-11-14T21:40:34.496+0000] {dag.py:3722} INFO - Setting next_dagrun for example_sensor_decorator to None, run_after=None
[2023-11-14T21:40:34.518+0000] {processor.py:179} INFO - Processing /home/airflow/.local/lib/python3.8/site-packages/airflow/example_dags/example_sensor_decorator.py took 0.076 seconds
[2023-11-14T21:41:04.775+0000] {processor.py:157} INFO - Started process (PID=836) to work on /home/airflow/.local/lib/python3.8/site-packages/airflow/example_dags/example_sensor_decorator.py
[2023-11-14T21:41:04.777+0000] {processor.py:829} INFO - Processing file /home/airflow/.local/lib/python3.8/site-packages/airflow/example_dags/example_sensor_decorator.py for tasks to queue
[2023-11-14T21:41:04.779+0000] {logging_mixin.py:154} INFO - [2023-11-14T21:41:04.779+0000] {dagbag.py:536} INFO - Filling up the DagBag from /home/airflow/.local/lib/python3.8/site-packages/airflow/example_dags/example_sensor_decorator.py
[2023-11-14T21:41:04.786+0000] {processor.py:839} INFO - DAG(s) dict_keys(['example_sensor_decorator']) retrieved from /home/airflow/.local/lib/python3.8/site-packages/airflow/example_dags/example_sensor_decorator.py
[2023-11-14T21:41:04.811+0000] {logging_mixin.py:154} INFO - [2023-11-14T21:41:04.811+0000] {dag.py:2941} INFO - Sync 1 DAGs
[2023-11-14T21:41:04.826+0000] {logging_mixin.py:154} INFO - [2023-11-14T21:41:04.826+0000] {dag.py:3722} INFO - Setting next_dagrun for example_sensor_decorator to None, run_after=None
[2023-11-14T21:41:04.850+0000] {processor.py:179} INFO - Processing /home/airflow/.local/lib/python3.8/site-packages/airflow/example_dags/example_sensor_decorator.py took 0.079 seconds
[2023-11-14T21:41:35.680+0000] {processor.py:157} INFO - Started process (PID=897) to work on /home/airflow/.local/lib/python3.8/site-packages/airflow/example_dags/example_sensor_decorator.py
[2023-11-14T21:41:35.681+0000] {processor.py:829} INFO - Processing file /home/airflow/.local/lib/python3.8/site-packages/airflow/example_dags/example_sensor_decorator.py for tasks to queue
[2023-11-14T21:41:35.684+0000] {logging_mixin.py:154} INFO - [2023-11-14T21:41:35.684+0000] {dagbag.py:536} INFO - Filling up the DagBag from /home/airflow/.local/lib/python3.8/site-packages/airflow/example_dags/example_sensor_decorator.py
[2023-11-14T21:41:35.694+0000] {processor.py:839} INFO - DAG(s) dict_keys(['example_sensor_decorator']) retrieved from /home/airflow/.local/lib/python3.8/site-packages/airflow/example_dags/example_sensor_decorator.py
[2023-11-14T21:41:35.719+0000] {logging_mixin.py:154} INFO - [2023-11-14T21:41:35.719+0000] {dag.py:2941} INFO - Sync 1 DAGs
[2023-11-14T21:41:35.737+0000] {logging_mixin.py:154} INFO - [2023-11-14T21:41:35.737+0000] {dag.py:3722} INFO - Setting next_dagrun for example_sensor_decorator to None, run_after=None
[2023-11-14T21:41:35.776+0000] {processor.py:179} INFO - Processing /home/airflow/.local/lib/python3.8/site-packages/airflow/example_dags/example_sensor_decorator.py took 0.100 seconds
[2023-11-14T21:42:06.811+0000] {processor.py:157} INFO - Started process (PID=951) to work on /home/airflow/.local/lib/python3.8/site-packages/airflow/example_dags/example_sensor_decorator.py
[2023-11-14T21:42:06.812+0000] {processor.py:829} INFO - Processing file /home/airflow/.local/lib/python3.8/site-packages/airflow/example_dags/example_sensor_decorator.py for tasks to queue
[2023-11-14T21:42:06.815+0000] {logging_mixin.py:154} INFO - [2023-11-14T21:42:06.814+0000] {dagbag.py:536} INFO - Filling up the DagBag from /home/airflow/.local/lib/python3.8/site-packages/airflow/example_dags/example_sensor_decorator.py
[2023-11-14T21:42:06.822+0000] {processor.py:839} INFO - DAG(s) dict_keys(['example_sensor_decorator']) retrieved from /home/airflow/.local/lib/python3.8/site-packages/airflow/example_dags/example_sensor_decorator.py
[2023-11-14T21:42:06.847+0000] {logging_mixin.py:154} INFO - [2023-11-14T21:42:06.847+0000] {dag.py:2941} INFO - Sync 1 DAGs
[2023-11-14T21:42:06.864+0000] {logging_mixin.py:154} INFO - [2023-11-14T21:42:06.864+0000] {dag.py:3722} INFO - Setting next_dagrun for example_sensor_decorator to None, run_after=None
[2023-11-14T21:42:06.897+0000] {processor.py:179} INFO - Processing /home/airflow/.local/lib/python3.8/site-packages/airflow/example_dags/example_sensor_decorator.py took 0.091 seconds
[2023-11-14T21:42:37.730+0000] {processor.py:157} INFO - Started process (PID=1006) to work on /home/airflow/.local/lib/python3.8/site-packages/airflow/example_dags/example_sensor_decorator.py
[2023-11-14T21:42:37.731+0000] {processor.py:829} INFO - Processing file /home/airflow/.local/lib/python3.8/site-packages/airflow/example_dags/example_sensor_decorator.py for tasks to queue
[2023-11-14T21:42:37.734+0000] {logging_mixin.py:154} INFO - [2023-11-14T21:42:37.733+0000] {dagbag.py:536} INFO - Filling up the DagBag from /home/airflow/.local/lib/python3.8/site-packages/airflow/example_dags/example_sensor_decorator.py
[2023-11-14T21:42:37.741+0000] {processor.py:839} INFO - DAG(s) dict_keys(['example_sensor_decorator']) retrieved from /home/airflow/.local/lib/python3.8/site-packages/airflow/example_dags/example_sensor_decorator.py
[2023-11-14T21:42:37.766+0000] {logging_mixin.py:154} INFO - [2023-11-14T21:42:37.766+0000] {dag.py:2941} INFO - Sync 1 DAGs
[2023-11-14T21:42:37.787+0000] {logging_mixin.py:154} INFO - [2023-11-14T21:42:37.787+0000] {dag.py:3722} INFO - Setting next_dagrun for example_sensor_decorator to None, run_after=None
[2023-11-14T21:42:37.828+0000] {processor.py:179} INFO - Processing /home/airflow/.local/lib/python3.8/site-packages/airflow/example_dags/example_sensor_decorator.py took 0.102 seconds
[2023-11-14T21:43:08.135+0000] {processor.py:157} INFO - Started process (PID=1060) to work on /home/airflow/.local/lib/python3.8/site-packages/airflow/example_dags/example_sensor_decorator.py
[2023-11-14T21:43:08.136+0000] {processor.py:829} INFO - Processing file /home/airflow/.local/lib/python3.8/site-packages/airflow/example_dags/example_sensor_decorator.py for tasks to queue
[2023-11-14T21:43:08.138+0000] {logging_mixin.py:154} INFO - [2023-11-14T21:43:08.138+0000] {dagbag.py:536} INFO - Filling up the DagBag from /home/airflow/.local/lib/python3.8/site-packages/airflow/example_dags/example_sensor_decorator.py
[2023-11-14T21:43:08.145+0000] {processor.py:839} INFO - DAG(s) dict_keys(['example_sensor_decorator']) retrieved from /home/airflow/.local/lib/python3.8/site-packages/airflow/example_dags/example_sensor_decorator.py
[2023-11-14T21:43:08.171+0000] {logging_mixin.py:154} INFO - [2023-11-14T21:43:08.171+0000] {dag.py:2941} INFO - Sync 1 DAGs
[2023-11-14T21:43:08.187+0000] {logging_mixin.py:154} INFO - [2023-11-14T21:43:08.187+0000] {dag.py:3722} INFO - Setting next_dagrun for example_sensor_decorator to None, run_after=None
[2023-11-14T21:43:08.214+0000] {processor.py:179} INFO - Processing /home/airflow/.local/lib/python3.8/site-packages/airflow/example_dags/example_sensor_decorator.py took 0.083 seconds
[2023-11-14T21:43:38.570+0000] {processor.py:157} INFO - Started process (PID=1114) to work on /home/airflow/.local/lib/python3.8/site-packages/airflow/example_dags/example_sensor_decorator.py
[2023-11-14T21:43:38.571+0000] {processor.py:829} INFO - Processing file /home/airflow/.local/lib/python3.8/site-packages/airflow/example_dags/example_sensor_decorator.py for tasks to queue
[2023-11-14T21:43:38.576+0000] {logging_mixin.py:154} INFO - [2023-11-14T21:43:38.576+0000] {dagbag.py:536} INFO - Filling up the DagBag from /home/airflow/.local/lib/python3.8/site-packages/airflow/example_dags/example_sensor_decorator.py
[2023-11-14T21:43:38.583+0000] {processor.py:839} INFO - DAG(s) dict_keys(['example_sensor_decorator']) retrieved from /home/airflow/.local/lib/python3.8/site-packages/airflow/example_dags/example_sensor_decorator.py
[2023-11-14T21:43:38.611+0000] {logging_mixin.py:154} INFO - [2023-11-14T21:43:38.611+0000] {dag.py:2941} INFO - Sync 1 DAGs
[2023-11-14T21:43:38.630+0000] {logging_mixin.py:154} INFO - [2023-11-14T21:43:38.630+0000] {dag.py:3722} INFO - Setting next_dagrun for example_sensor_decorator to None, run_after=None
[2023-11-14T21:43:38.681+0000] {processor.py:179} INFO - Processing /home/airflow/.local/lib/python3.8/site-packages/airflow/example_dags/example_sensor_decorator.py took 0.115 seconds
[2023-11-14T21:44:09.107+0000] {processor.py:157} INFO - Started process (PID=1168) to work on /home/airflow/.local/lib/python3.8/site-packages/airflow/example_dags/example_sensor_decorator.py
[2023-11-14T21:44:09.109+0000] {processor.py:829} INFO - Processing file /home/airflow/.local/lib/python3.8/site-packages/airflow/example_dags/example_sensor_decorator.py for tasks to queue
[2023-11-14T21:44:09.112+0000] {logging_mixin.py:154} INFO - [2023-11-14T21:44:09.112+0000] {dagbag.py:536} INFO - Filling up the DagBag from /home/airflow/.local/lib/python3.8/site-packages/airflow/example_dags/example_sensor_decorator.py
[2023-11-14T21:44:09.123+0000] {processor.py:839} INFO - DAG(s) dict_keys(['example_sensor_decorator']) retrieved from /home/airflow/.local/lib/python3.8/site-packages/airflow/example_dags/example_sensor_decorator.py
[2023-11-14T21:44:09.161+0000] {logging_mixin.py:154} INFO - [2023-11-14T21:44:09.161+0000] {dag.py:2941} INFO - Sync 1 DAGs
[2023-11-14T21:44:09.185+0000] {logging_mixin.py:154} INFO - [2023-11-14T21:44:09.184+0000] {dag.py:3722} INFO - Setting next_dagrun for example_sensor_decorator to None, run_after=None
[2023-11-14T21:44:09.225+0000] {processor.py:179} INFO - Processing /home/airflow/.local/lib/python3.8/site-packages/airflow/example_dags/example_sensor_decorator.py took 0.124 seconds
[2023-11-14T21:44:39.756+0000] {processor.py:157} INFO - Started process (PID=1222) to work on /home/airflow/.local/lib/python3.8/site-packages/airflow/example_dags/example_sensor_decorator.py
[2023-11-14T21:44:39.758+0000] {processor.py:829} INFO - Processing file /home/airflow/.local/lib/python3.8/site-packages/airflow/example_dags/example_sensor_decorator.py for tasks to queue
[2023-11-14T21:44:39.760+0000] {logging_mixin.py:154} INFO - [2023-11-14T21:44:39.760+0000] {dagbag.py:536} INFO - Filling up the DagBag from /home/airflow/.local/lib/python3.8/site-packages/airflow/example_dags/example_sensor_decorator.py
[2023-11-14T21:44:39.767+0000] {processor.py:839} INFO - DAG(s) dict_keys(['example_sensor_decorator']) retrieved from /home/airflow/.local/lib/python3.8/site-packages/airflow/example_dags/example_sensor_decorator.py
[2023-11-14T21:44:39.790+0000] {logging_mixin.py:154} INFO - [2023-11-14T21:44:39.790+0000] {dag.py:2941} INFO - Sync 1 DAGs
[2023-11-14T21:44:39.805+0000] {logging_mixin.py:154} INFO - [2023-11-14T21:44:39.804+0000] {dag.py:3722} INFO - Setting next_dagrun for example_sensor_decorator to None, run_after=None
[2023-11-14T21:44:39.838+0000] {processor.py:179} INFO - Processing /home/airflow/.local/lib/python3.8/site-packages/airflow/example_dags/example_sensor_decorator.py took 0.085 seconds
[2023-11-14T21:45:10.308+0000] {processor.py:157} INFO - Started process (PID=1276) to work on /home/airflow/.local/lib/python3.8/site-packages/airflow/example_dags/example_sensor_decorator.py
[2023-11-14T21:45:10.309+0000] {processor.py:829} INFO - Processing file /home/airflow/.local/lib/python3.8/site-packages/airflow/example_dags/example_sensor_decorator.py for tasks to queue
[2023-11-14T21:45:10.311+0000] {logging_mixin.py:154} INFO - [2023-11-14T21:45:10.311+0000] {dagbag.py:536} INFO - Filling up the DagBag from /home/airflow/.local/lib/python3.8/site-packages/airflow/example_dags/example_sensor_decorator.py
[2023-11-14T21:45:10.318+0000] {processor.py:839} INFO - DAG(s) dict_keys(['example_sensor_decorator']) retrieved from /home/airflow/.local/lib/python3.8/site-packages/airflow/example_dags/example_sensor_decorator.py
[2023-11-14T21:45:10.342+0000] {logging_mixin.py:154} INFO - [2023-11-14T21:45:10.341+0000] {dag.py:2941} INFO - Sync 1 DAGs
[2023-11-14T21:45:10.357+0000] {logging_mixin.py:154} INFO - [2023-11-14T21:45:10.357+0000] {dag.py:3722} INFO - Setting next_dagrun for example_sensor_decorator to None, run_after=None
[2023-11-14T21:45:10.379+0000] {processor.py:179} INFO - Processing /home/airflow/.local/lib/python3.8/site-packages/airflow/example_dags/example_sensor_decorator.py took 0.075 seconds
[2023-11-14T21:45:40.942+0000] {processor.py:157} INFO - Started process (PID=1330) to work on /home/airflow/.local/lib/python3.8/site-packages/airflow/example_dags/example_sensor_decorator.py
[2023-11-14T21:45:40.943+0000] {processor.py:829} INFO - Processing file /home/airflow/.local/lib/python3.8/site-packages/airflow/example_dags/example_sensor_decorator.py for tasks to queue
[2023-11-14T21:45:40.946+0000] {logging_mixin.py:154} INFO - [2023-11-14T21:45:40.945+0000] {dagbag.py:536} INFO - Filling up the DagBag from /home/airflow/.local/lib/python3.8/site-packages/airflow/example_dags/example_sensor_decorator.py
[2023-11-14T21:45:40.956+0000] {processor.py:839} INFO - DAG(s) dict_keys(['example_sensor_decorator']) retrieved from /home/airflow/.local/lib/python3.8/site-packages/airflow/example_dags/example_sensor_decorator.py
[2023-11-14T21:45:40.987+0000] {logging_mixin.py:154} INFO - [2023-11-14T21:45:40.986+0000] {dag.py:2941} INFO - Sync 1 DAGs
[2023-11-14T21:45:41.005+0000] {logging_mixin.py:154} INFO - [2023-11-14T21:45:41.005+0000] {dag.py:3722} INFO - Setting next_dagrun for example_sensor_decorator to None, run_after=None
[2023-11-14T21:45:41.047+0000] {processor.py:179} INFO - Processing /home/airflow/.local/lib/python3.8/site-packages/airflow/example_dags/example_sensor_decorator.py took 0.110 seconds
[2023-11-14T21:46:11.189+0000] {processor.py:157} INFO - Started process (PID=1384) to work on /home/airflow/.local/lib/python3.8/site-packages/airflow/example_dags/example_sensor_decorator.py
[2023-11-14T21:46:11.190+0000] {processor.py:829} INFO - Processing file /home/airflow/.local/lib/python3.8/site-packages/airflow/example_dags/example_sensor_decorator.py for tasks to queue
[2023-11-14T21:46:11.192+0000] {logging_mixin.py:154} INFO - [2023-11-14T21:46:11.192+0000] {dagbag.py:536} INFO - Filling up the DagBag from /home/airflow/.local/lib/python3.8/site-packages/airflow/example_dags/example_sensor_decorator.py
[2023-11-14T21:46:11.200+0000] {processor.py:839} INFO - DAG(s) dict_keys(['example_sensor_decorator']) retrieved from /home/airflow/.local/lib/python3.8/site-packages/airflow/example_dags/example_sensor_decorator.py
[2023-11-14T21:46:11.223+0000] {logging_mixin.py:154} INFO - [2023-11-14T21:46:11.223+0000] {dag.py:2941} INFO - Sync 1 DAGs
[2023-11-14T21:46:11.239+0000] {logging_mixin.py:154} INFO - [2023-11-14T21:46:11.239+0000] {dag.py:3722} INFO - Setting next_dagrun for example_sensor_decorator to None, run_after=None
[2023-11-14T21:46:11.265+0000] {processor.py:179} INFO - Processing /home/airflow/.local/lib/python3.8/site-packages/airflow/example_dags/example_sensor_decorator.py took 0.081 seconds
[2023-11-14T21:46:41.479+0000] {processor.py:157} INFO - Started process (PID=1438) to work on /home/airflow/.local/lib/python3.8/site-packages/airflow/example_dags/example_sensor_decorator.py
[2023-11-14T21:46:41.481+0000] {processor.py:829} INFO - Processing file /home/airflow/.local/lib/python3.8/site-packages/airflow/example_dags/example_sensor_decorator.py for tasks to queue
[2023-11-14T21:46:41.483+0000] {logging_mixin.py:154} INFO - [2023-11-14T21:46:41.483+0000] {dagbag.py:536} INFO - Filling up the DagBag from /home/airflow/.local/lib/python3.8/site-packages/airflow/example_dags/example_sensor_decorator.py
[2023-11-14T21:46:41.491+0000] {processor.py:839} INFO - DAG(s) dict_keys(['example_sensor_decorator']) retrieved from /home/airflow/.local/lib/python3.8/site-packages/airflow/example_dags/example_sensor_decorator.py
[2023-11-14T21:46:41.517+0000] {logging_mixin.py:154} INFO - [2023-11-14T21:46:41.517+0000] {dag.py:2941} INFO - Sync 1 DAGs
[2023-11-14T21:46:41.690+0000] {logging_mixin.py:154} INFO - [2023-11-14T21:46:41.690+0000] {dag.py:3722} INFO - Setting next_dagrun for example_sensor_decorator to None, run_after=None
[2023-11-14T21:46:41.714+0000] {processor.py:179} INFO - Processing /home/airflow/.local/lib/python3.8/site-packages/airflow/example_dags/example_sensor_decorator.py took 0.239 seconds
[2023-11-14T21:47:12.291+0000] {processor.py:157} INFO - Started process (PID=1492) to work on /home/airflow/.local/lib/python3.8/site-packages/airflow/example_dags/example_sensor_decorator.py
[2023-11-14T21:47:12.292+0000] {processor.py:829} INFO - Processing file /home/airflow/.local/lib/python3.8/site-packages/airflow/example_dags/example_sensor_decorator.py for tasks to queue
[2023-11-14T21:47:12.294+0000] {logging_mixin.py:154} INFO - [2023-11-14T21:47:12.294+0000] {dagbag.py:536} INFO - Filling up the DagBag from /home/airflow/.local/lib/python3.8/site-packages/airflow/example_dags/example_sensor_decorator.py
[2023-11-14T21:47:12.301+0000] {processor.py:839} INFO - DAG(s) dict_keys(['example_sensor_decorator']) retrieved from /home/airflow/.local/lib/python3.8/site-packages/airflow/example_dags/example_sensor_decorator.py
[2023-11-14T21:47:12.331+0000] {logging_mixin.py:154} INFO - [2023-11-14T21:47:12.331+0000] {dag.py:2941} INFO - Sync 1 DAGs
[2023-11-14T21:47:12.350+0000] {logging_mixin.py:154} INFO - [2023-11-14T21:47:12.350+0000] {dag.py:3722} INFO - Setting next_dagrun for example_sensor_decorator to None, run_after=None
[2023-11-14T21:47:12.430+0000] {processor.py:179} INFO - Processing /home/airflow/.local/lib/python3.8/site-packages/airflow/example_dags/example_sensor_decorator.py took 0.146 seconds
[2023-11-14T21:47:42.676+0000] {processor.py:157} INFO - Started process (PID=1545) to work on /home/airflow/.local/lib/python3.8/site-packages/airflow/example_dags/example_sensor_decorator.py
[2023-11-14T21:47:42.677+0000] {processor.py:829} INFO - Processing file /home/airflow/.local/lib/python3.8/site-packages/airflow/example_dags/example_sensor_decorator.py for tasks to queue
[2023-11-14T21:47:42.682+0000] {logging_mixin.py:154} INFO - [2023-11-14T21:47:42.681+0000] {dagbag.py:536} INFO - Filling up the DagBag from /home/airflow/.local/lib/python3.8/site-packages/airflow/example_dags/example_sensor_decorator.py
[2023-11-14T21:47:42.694+0000] {processor.py:839} INFO - DAG(s) dict_keys(['example_sensor_decorator']) retrieved from /home/airflow/.local/lib/python3.8/site-packages/airflow/example_dags/example_sensor_decorator.py
[2023-11-14T21:47:42.724+0000] {logging_mixin.py:154} INFO - [2023-11-14T21:47:42.724+0000] {dag.py:2941} INFO - Sync 1 DAGs
[2023-11-14T21:47:42.743+0000] {logging_mixin.py:154} INFO - [2023-11-14T21:47:42.743+0000] {dag.py:3722} INFO - Setting next_dagrun for example_sensor_decorator to None, run_after=None
[2023-11-14T21:47:42.783+0000] {processor.py:179} INFO - Processing /home/airflow/.local/lib/python3.8/site-packages/airflow/example_dags/example_sensor_decorator.py took 0.113 seconds
[2023-11-14T21:48:14.742+0000] {processor.py:157} INFO - Started process (PID=1601) to work on /home/airflow/.local/lib/python3.8/site-packages/airflow/example_dags/example_sensor_decorator.py
[2023-11-14T21:48:14.743+0000] {processor.py:829} INFO - Processing file /home/airflow/.local/lib/python3.8/site-packages/airflow/example_dags/example_sensor_decorator.py for tasks to queue
[2023-11-14T21:48:14.746+0000] {logging_mixin.py:154} INFO - [2023-11-14T21:48:14.745+0000] {dagbag.py:536} INFO - Filling up the DagBag from /home/airflow/.local/lib/python3.8/site-packages/airflow/example_dags/example_sensor_decorator.py
[2023-11-14T21:48:14.754+0000] {processor.py:839} INFO - DAG(s) dict_keys(['example_sensor_decorator']) retrieved from /home/airflow/.local/lib/python3.8/site-packages/airflow/example_dags/example_sensor_decorator.py
[2023-11-14T21:48:14.780+0000] {logging_mixin.py:154} INFO - [2023-11-14T21:48:14.780+0000] {dag.py:2941} INFO - Sync 1 DAGs
[2023-11-14T21:48:14.948+0000] {logging_mixin.py:154} INFO - [2023-11-14T21:48:14.948+0000] {dag.py:3722} INFO - Setting next_dagrun for example_sensor_decorator to None, run_after=None
[2023-11-14T21:48:14.974+0000] {processor.py:179} INFO - Processing /home/airflow/.local/lib/python3.8/site-packages/airflow/example_dags/example_sensor_decorator.py took 0.237 seconds
[2023-11-14T21:48:45.575+0000] {processor.py:157} INFO - Started process (PID=1655) to work on /home/airflow/.local/lib/python3.8/site-packages/airflow/example_dags/example_sensor_decorator.py
[2023-11-14T21:48:45.576+0000] {processor.py:829} INFO - Processing file /home/airflow/.local/lib/python3.8/site-packages/airflow/example_dags/example_sensor_decorator.py for tasks to queue
[2023-11-14T21:48:45.580+0000] {logging_mixin.py:154} INFO - [2023-11-14T21:48:45.579+0000] {dagbag.py:536} INFO - Filling up the DagBag from /home/airflow/.local/lib/python3.8/site-packages/airflow/example_dags/example_sensor_decorator.py
[2023-11-14T21:48:45.589+0000] {processor.py:839} INFO - DAG(s) dict_keys(['example_sensor_decorator']) retrieved from /home/airflow/.local/lib/python3.8/site-packages/airflow/example_dags/example_sensor_decorator.py
[2023-11-14T21:48:45.615+0000] {logging_mixin.py:154} INFO - [2023-11-14T21:48:45.615+0000] {dag.py:2941} INFO - Sync 1 DAGs
[2023-11-14T21:48:45.631+0000] {logging_mixin.py:154} INFO - [2023-11-14T21:48:45.630+0000] {dag.py:3722} INFO - Setting next_dagrun for example_sensor_decorator to None, run_after=None
[2023-11-14T21:48:45.654+0000] {processor.py:179} INFO - Processing /home/airflow/.local/lib/python3.8/site-packages/airflow/example_dags/example_sensor_decorator.py took 0.086 seconds
[2023-11-14T21:49:16.158+0000] {processor.py:157} INFO - Started process (PID=1709) to work on /home/airflow/.local/lib/python3.8/site-packages/airflow/example_dags/example_sensor_decorator.py
[2023-11-14T21:49:16.173+0000] {processor.py:829} INFO - Processing file /home/airflow/.local/lib/python3.8/site-packages/airflow/example_dags/example_sensor_decorator.py for tasks to queue
[2023-11-14T21:49:16.183+0000] {logging_mixin.py:154} INFO - [2023-11-14T21:49:16.182+0000] {dagbag.py:536} INFO - Filling up the DagBag from /home/airflow/.local/lib/python3.8/site-packages/airflow/example_dags/example_sensor_decorator.py
[2023-11-14T21:49:16.211+0000] {processor.py:839} INFO - DAG(s) dict_keys(['example_sensor_decorator']) retrieved from /home/airflow/.local/lib/python3.8/site-packages/airflow/example_dags/example_sensor_decorator.py
[2023-11-14T21:49:16.420+0000] {logging_mixin.py:154} INFO - [2023-11-14T21:49:16.419+0000] {dag.py:2941} INFO - Sync 1 DAGs
[2023-11-14T21:49:16.438+0000] {logging_mixin.py:154} INFO - [2023-11-14T21:49:16.437+0000] {dag.py:3722} INFO - Setting next_dagrun for example_sensor_decorator to None, run_after=None
[2023-11-14T21:49:16.476+0000] {processor.py:179} INFO - Processing /home/airflow/.local/lib/python3.8/site-packages/airflow/example_dags/example_sensor_decorator.py took 0.339 seconds
[2023-11-14T21:49:47.395+0000] {processor.py:157} INFO - Started process (PID=1763) to work on /home/airflow/.local/lib/python3.8/site-packages/airflow/example_dags/example_sensor_decorator.py
[2023-11-14T21:49:47.397+0000] {processor.py:829} INFO - Processing file /home/airflow/.local/lib/python3.8/site-packages/airflow/example_dags/example_sensor_decorator.py for tasks to queue
[2023-11-14T21:49:47.404+0000] {logging_mixin.py:154} INFO - [2023-11-14T21:49:47.403+0000] {dagbag.py:536} INFO - Filling up the DagBag from /home/airflow/.local/lib/python3.8/site-packages/airflow/example_dags/example_sensor_decorator.py
[2023-11-14T21:49:47.420+0000] {processor.py:839} INFO - DAG(s) dict_keys(['example_sensor_decorator']) retrieved from /home/airflow/.local/lib/python3.8/site-packages/airflow/example_dags/example_sensor_decorator.py
[2023-11-14T21:49:47.463+0000] {logging_mixin.py:154} INFO - [2023-11-14T21:49:47.462+0000] {dag.py:2941} INFO - Sync 1 DAGs
[2023-11-14T21:49:47.493+0000] {logging_mixin.py:154} INFO - [2023-11-14T21:49:47.493+0000] {dag.py:3722} INFO - Setting next_dagrun for example_sensor_decorator to None, run_after=None
[2023-11-14T21:49:47.544+0000] {processor.py:179} INFO - Processing /home/airflow/.local/lib/python3.8/site-packages/airflow/example_dags/example_sensor_decorator.py took 0.159 seconds
[2023-11-14T21:50:18.076+0000] {processor.py:157} INFO - Started process (PID=1817) to work on /home/airflow/.local/lib/python3.8/site-packages/airflow/example_dags/example_sensor_decorator.py
[2023-11-14T21:50:18.078+0000] {processor.py:829} INFO - Processing file /home/airflow/.local/lib/python3.8/site-packages/airflow/example_dags/example_sensor_decorator.py for tasks to queue
[2023-11-14T21:50:18.082+0000] {logging_mixin.py:154} INFO - [2023-11-14T21:50:18.082+0000] {dagbag.py:536} INFO - Filling up the DagBag from /home/airflow/.local/lib/python3.8/site-packages/airflow/example_dags/example_sensor_decorator.py
[2023-11-14T21:50:18.091+0000] {processor.py:839} INFO - DAG(s) dict_keys(['example_sensor_decorator']) retrieved from /home/airflow/.local/lib/python3.8/site-packages/airflow/example_dags/example_sensor_decorator.py
[2023-11-14T21:50:18.117+0000] {logging_mixin.py:154} INFO - [2023-11-14T21:50:18.116+0000] {dag.py:2941} INFO - Sync 1 DAGs
[2023-11-14T21:50:18.132+0000] {logging_mixin.py:154} INFO - [2023-11-14T21:50:18.132+0000] {dag.py:3722} INFO - Setting next_dagrun for example_sensor_decorator to None, run_after=None
[2023-11-14T21:50:18.155+0000] {processor.py:179} INFO - Processing /home/airflow/.local/lib/python3.8/site-packages/airflow/example_dags/example_sensor_decorator.py took 0.086 seconds
[2023-11-14T21:50:48.545+0000] {processor.py:157} INFO - Started process (PID=1871) to work on /home/airflow/.local/lib/python3.8/site-packages/airflow/example_dags/example_sensor_decorator.py
[2023-11-14T21:50:48.546+0000] {processor.py:829} INFO - Processing file /home/airflow/.local/lib/python3.8/site-packages/airflow/example_dags/example_sensor_decorator.py for tasks to queue
[2023-11-14T21:50:48.550+0000] {logging_mixin.py:154} INFO - [2023-11-14T21:50:48.550+0000] {dagbag.py:536} INFO - Filling up the DagBag from /home/airflow/.local/lib/python3.8/site-packages/airflow/example_dags/example_sensor_decorator.py
[2023-11-14T21:50:48.559+0000] {processor.py:839} INFO - DAG(s) dict_keys(['example_sensor_decorator']) retrieved from /home/airflow/.local/lib/python3.8/site-packages/airflow/example_dags/example_sensor_decorator.py
[2023-11-14T21:50:48.585+0000] {logging_mixin.py:154} INFO - [2023-11-14T21:50:48.585+0000] {dag.py:2941} INFO - Sync 1 DAGs
[2023-11-14T21:50:48.601+0000] {logging_mixin.py:154} INFO - [2023-11-14T21:50:48.601+0000] {dag.py:3722} INFO - Setting next_dagrun for example_sensor_decorator to None, run_after=None
[2023-11-14T21:50:48.625+0000] {processor.py:179} INFO - Processing /home/airflow/.local/lib/python3.8/site-packages/airflow/example_dags/example_sensor_decorator.py took 0.087 seconds
[2023-11-14T21:51:19.008+0000] {processor.py:157} INFO - Started process (PID=1925) to work on /home/airflow/.local/lib/python3.8/site-packages/airflow/example_dags/example_sensor_decorator.py
[2023-11-14T21:51:19.010+0000] {processor.py:829} INFO - Processing file /home/airflow/.local/lib/python3.8/site-packages/airflow/example_dags/example_sensor_decorator.py for tasks to queue
[2023-11-14T21:51:19.014+0000] {logging_mixin.py:154} INFO - [2023-11-14T21:51:19.014+0000] {dagbag.py:536} INFO - Filling up the DagBag from /home/airflow/.local/lib/python3.8/site-packages/airflow/example_dags/example_sensor_decorator.py
[2023-11-14T21:51:19.023+0000] {processor.py:839} INFO - DAG(s) dict_keys(['example_sensor_decorator']) retrieved from /home/airflow/.local/lib/python3.8/site-packages/airflow/example_dags/example_sensor_decorator.py
[2023-11-14T21:51:19.049+0000] {logging_mixin.py:154} INFO - [2023-11-14T21:51:19.049+0000] {dag.py:2941} INFO - Sync 1 DAGs
[2023-11-14T21:51:19.065+0000] {logging_mixin.py:154} INFO - [2023-11-14T21:51:19.065+0000] {dag.py:3722} INFO - Setting next_dagrun for example_sensor_decorator to None, run_after=None
[2023-11-14T21:51:19.089+0000] {processor.py:179} INFO - Processing /home/airflow/.local/lib/python3.8/site-packages/airflow/example_dags/example_sensor_decorator.py took 0.090 seconds
[2023-11-14T21:51:49.465+0000] {processor.py:157} INFO - Started process (PID=1979) to work on /home/airflow/.local/lib/python3.8/site-packages/airflow/example_dags/example_sensor_decorator.py
[2023-11-14T21:51:49.477+0000] {processor.py:829} INFO - Processing file /home/airflow/.local/lib/python3.8/site-packages/airflow/example_dags/example_sensor_decorator.py for tasks to queue
[2023-11-14T21:51:49.480+0000] {logging_mixin.py:154} INFO - [2023-11-14T21:51:49.480+0000] {dagbag.py:536} INFO - Filling up the DagBag from /home/airflow/.local/lib/python3.8/site-packages/airflow/example_dags/example_sensor_decorator.py
[2023-11-14T21:51:49.487+0000] {processor.py:839} INFO - DAG(s) dict_keys(['example_sensor_decorator']) retrieved from /home/airflow/.local/lib/python3.8/site-packages/airflow/example_dags/example_sensor_decorator.py
[2023-11-14T21:51:49.513+0000] {logging_mixin.py:154} INFO - [2023-11-14T21:51:49.513+0000] {dag.py:2941} INFO - Sync 1 DAGs
[2023-11-14T21:51:49.529+0000] {logging_mixin.py:154} INFO - [2023-11-14T21:51:49.529+0000] {dag.py:3722} INFO - Setting next_dagrun for example_sensor_decorator to None, run_after=None
[2023-11-14T21:51:49.556+0000] {processor.py:179} INFO - Processing /home/airflow/.local/lib/python3.8/site-packages/airflow/example_dags/example_sensor_decorator.py took 0.099 seconds
[2023-11-14T21:52:20.245+0000] {processor.py:157} INFO - Started process (PID=2034) to work on /home/airflow/.local/lib/python3.8/site-packages/airflow/example_dags/example_sensor_decorator.py
[2023-11-14T21:52:20.257+0000] {processor.py:829} INFO - Processing file /home/airflow/.local/lib/python3.8/site-packages/airflow/example_dags/example_sensor_decorator.py for tasks to queue
[2023-11-14T21:52:20.261+0000] {logging_mixin.py:154} INFO - [2023-11-14T21:52:20.261+0000] {dagbag.py:536} INFO - Filling up the DagBag from /home/airflow/.local/lib/python3.8/site-packages/airflow/example_dags/example_sensor_decorator.py
[2023-11-14T21:52:20.271+0000] {processor.py:839} INFO - DAG(s) dict_keys(['example_sensor_decorator']) retrieved from /home/airflow/.local/lib/python3.8/site-packages/airflow/example_dags/example_sensor_decorator.py
[2023-11-14T21:52:20.297+0000] {logging_mixin.py:154} INFO - [2023-11-14T21:52:20.297+0000] {dag.py:2941} INFO - Sync 1 DAGs
[2023-11-14T21:52:20.314+0000] {logging_mixin.py:154} INFO - [2023-11-14T21:52:20.314+0000] {dag.py:3722} INFO - Setting next_dagrun for example_sensor_decorator to None, run_after=None
[2023-11-14T21:52:20.350+0000] {processor.py:179} INFO - Processing /home/airflow/.local/lib/python3.8/site-packages/airflow/example_dags/example_sensor_decorator.py took 0.110 seconds
[2023-11-14T21:52:50.558+0000] {processor.py:157} INFO - Started process (PID=2088) to work on /home/airflow/.local/lib/python3.8/site-packages/airflow/example_dags/example_sensor_decorator.py
[2023-11-14T21:52:50.570+0000] {processor.py:829} INFO - Processing file /home/airflow/.local/lib/python3.8/site-packages/airflow/example_dags/example_sensor_decorator.py for tasks to queue
[2023-11-14T21:52:50.573+0000] {logging_mixin.py:154} INFO - [2023-11-14T21:52:50.573+0000] {dagbag.py:536} INFO - Filling up the DagBag from /home/airflow/.local/lib/python3.8/site-packages/airflow/example_dags/example_sensor_decorator.py
[2023-11-14T21:52:50.580+0000] {processor.py:839} INFO - DAG(s) dict_keys(['example_sensor_decorator']) retrieved from /home/airflow/.local/lib/python3.8/site-packages/airflow/example_dags/example_sensor_decorator.py
[2023-11-14T21:52:50.607+0000] {logging_mixin.py:154} INFO - [2023-11-14T21:52:50.607+0000] {dag.py:2941} INFO - Sync 1 DAGs
[2023-11-14T21:52:50.624+0000] {logging_mixin.py:154} INFO - [2023-11-14T21:52:50.623+0000] {dag.py:3722} INFO - Setting next_dagrun for example_sensor_decorator to None, run_after=None
[2023-11-14T21:52:50.649+0000] {processor.py:179} INFO - Processing /home/airflow/.local/lib/python3.8/site-packages/airflow/example_dags/example_sensor_decorator.py took 0.100 seconds
[2023-11-14T21:53:21.369+0000] {processor.py:157} INFO - Started process (PID=2142) to work on /home/airflow/.local/lib/python3.8/site-packages/airflow/example_dags/example_sensor_decorator.py
[2023-11-14T21:53:21.380+0000] {processor.py:829} INFO - Processing file /home/airflow/.local/lib/python3.8/site-packages/airflow/example_dags/example_sensor_decorator.py for tasks to queue
[2023-11-14T21:53:21.384+0000] {logging_mixin.py:154} INFO - [2023-11-14T21:53:21.383+0000] {dagbag.py:536} INFO - Filling up the DagBag from /home/airflow/.local/lib/python3.8/site-packages/airflow/example_dags/example_sensor_decorator.py
[2023-11-14T21:53:21.392+0000] {processor.py:839} INFO - DAG(s) dict_keys(['example_sensor_decorator']) retrieved from /home/airflow/.local/lib/python3.8/site-packages/airflow/example_dags/example_sensor_decorator.py
[2023-11-14T21:53:21.423+0000] {logging_mixin.py:154} INFO - [2023-11-14T21:53:21.423+0000] {dag.py:2941} INFO - Sync 1 DAGs
[2023-11-14T21:53:21.440+0000] {logging_mixin.py:154} INFO - [2023-11-14T21:53:21.439+0000] {dag.py:3722} INFO - Setting next_dagrun for example_sensor_decorator to None, run_after=None
[2023-11-14T21:53:21.476+0000] {processor.py:179} INFO - Processing /home/airflow/.local/lib/python3.8/site-packages/airflow/example_dags/example_sensor_decorator.py took 0.113 seconds
[2023-11-14T21:53:52.298+0000] {processor.py:157} INFO - Started process (PID=2196) to work on /home/airflow/.local/lib/python3.8/site-packages/airflow/example_dags/example_sensor_decorator.py
[2023-11-14T21:53:52.299+0000] {processor.py:829} INFO - Processing file /home/airflow/.local/lib/python3.8/site-packages/airflow/example_dags/example_sensor_decorator.py for tasks to queue
[2023-11-14T21:53:52.301+0000] {logging_mixin.py:154} INFO - [2023-11-14T21:53:52.301+0000] {dagbag.py:536} INFO - Filling up the DagBag from /home/airflow/.local/lib/python3.8/site-packages/airflow/example_dags/example_sensor_decorator.py
[2023-11-14T21:53:52.309+0000] {processor.py:839} INFO - DAG(s) dict_keys(['example_sensor_decorator']) retrieved from /home/airflow/.local/lib/python3.8/site-packages/airflow/example_dags/example_sensor_decorator.py
[2023-11-14T21:53:52.342+0000] {logging_mixin.py:154} INFO - [2023-11-14T21:53:52.342+0000] {dag.py:2941} INFO - Sync 1 DAGs
[2023-11-14T21:53:52.358+0000] {logging_mixin.py:154} INFO - [2023-11-14T21:53:52.358+0000] {dag.py:3722} INFO - Setting next_dagrun for example_sensor_decorator to None, run_after=None
[2023-11-14T21:53:52.383+0000] {processor.py:179} INFO - Processing /home/airflow/.local/lib/python3.8/site-packages/airflow/example_dags/example_sensor_decorator.py took 0.090 seconds
[2023-11-14T21:54:22.901+0000] {processor.py:157} INFO - Started process (PID=2250) to work on /home/airflow/.local/lib/python3.8/site-packages/airflow/example_dags/example_sensor_decorator.py
[2023-11-14T21:54:22.903+0000] {processor.py:829} INFO - Processing file /home/airflow/.local/lib/python3.8/site-packages/airflow/example_dags/example_sensor_decorator.py for tasks to queue
[2023-11-14T21:54:22.907+0000] {logging_mixin.py:154} INFO - [2023-11-14T21:54:22.906+0000] {dagbag.py:536} INFO - Filling up the DagBag from /home/airflow/.local/lib/python3.8/site-packages/airflow/example_dags/example_sensor_decorator.py
[2023-11-14T21:54:22.919+0000] {processor.py:839} INFO - DAG(s) dict_keys(['example_sensor_decorator']) retrieved from /home/airflow/.local/lib/python3.8/site-packages/airflow/example_dags/example_sensor_decorator.py
[2023-11-14T21:54:22.959+0000] {logging_mixin.py:154} INFO - [2023-11-14T21:54:22.959+0000] {dag.py:2941} INFO - Sync 1 DAGs
[2023-11-14T21:54:22.983+0000] {logging_mixin.py:154} INFO - [2023-11-14T21:54:22.983+0000] {dag.py:3722} INFO - Setting next_dagrun for example_sensor_decorator to None, run_after=None
[2023-11-14T21:54:23.021+0000] {processor.py:179} INFO - Processing /home/airflow/.local/lib/python3.8/site-packages/airflow/example_dags/example_sensor_decorator.py took 0.129 seconds
[2023-11-14T21:54:53.860+0000] {processor.py:157} INFO - Started process (PID=2304) to work on /home/airflow/.local/lib/python3.8/site-packages/airflow/example_dags/example_sensor_decorator.py
[2023-11-14T21:54:53.861+0000] {processor.py:829} INFO - Processing file /home/airflow/.local/lib/python3.8/site-packages/airflow/example_dags/example_sensor_decorator.py for tasks to queue
[2023-11-14T21:54:53.866+0000] {logging_mixin.py:154} INFO - [2023-11-14T21:54:53.865+0000] {dagbag.py:536} INFO - Filling up the DagBag from /home/airflow/.local/lib/python3.8/site-packages/airflow/example_dags/example_sensor_decorator.py
[2023-11-14T21:54:53.877+0000] {processor.py:839} INFO - DAG(s) dict_keys(['example_sensor_decorator']) retrieved from /home/airflow/.local/lib/python3.8/site-packages/airflow/example_dags/example_sensor_decorator.py
[2023-11-14T21:54:53.906+0000] {logging_mixin.py:154} INFO - [2023-11-14T21:54:53.906+0000] {dag.py:2941} INFO - Sync 1 DAGs
[2023-11-14T21:54:53.921+0000] {logging_mixin.py:154} INFO - [2023-11-14T21:54:53.921+0000] {dag.py:3722} INFO - Setting next_dagrun for example_sensor_decorator to None, run_after=None
[2023-11-14T21:54:53.956+0000] {processor.py:179} INFO - Processing /home/airflow/.local/lib/python3.8/site-packages/airflow/example_dags/example_sensor_decorator.py took 0.105 seconds
[2023-11-14T21:55:24.159+0000] {processor.py:157} INFO - Started process (PID=2359) to work on /home/airflow/.local/lib/python3.8/site-packages/airflow/example_dags/example_sensor_decorator.py
[2023-11-14T21:55:24.161+0000] {processor.py:829} INFO - Processing file /home/airflow/.local/lib/python3.8/site-packages/airflow/example_dags/example_sensor_decorator.py for tasks to queue
[2023-11-14T21:55:24.164+0000] {logging_mixin.py:154} INFO - [2023-11-14T21:55:24.164+0000] {dagbag.py:536} INFO - Filling up the DagBag from /home/airflow/.local/lib/python3.8/site-packages/airflow/example_dags/example_sensor_decorator.py
[2023-11-14T21:55:24.172+0000] {processor.py:839} INFO - DAG(s) dict_keys(['example_sensor_decorator']) retrieved from /home/airflow/.local/lib/python3.8/site-packages/airflow/example_dags/example_sensor_decorator.py
[2023-11-14T21:55:24.198+0000] {logging_mixin.py:154} INFO - [2023-11-14T21:55:24.197+0000] {dag.py:2941} INFO - Sync 1 DAGs
[2023-11-14T21:55:24.213+0000] {logging_mixin.py:154} INFO - [2023-11-14T21:55:24.213+0000] {dag.py:3722} INFO - Setting next_dagrun for example_sensor_decorator to None, run_after=None
[2023-11-14T21:55:24.238+0000] {processor.py:179} INFO - Processing /home/airflow/.local/lib/python3.8/site-packages/airflow/example_dags/example_sensor_decorator.py took 0.084 seconds
[2023-11-14T21:55:54.471+0000] {processor.py:157} INFO - Started process (PID=2413) to work on /home/airflow/.local/lib/python3.8/site-packages/airflow/example_dags/example_sensor_decorator.py
[2023-11-14T21:55:54.472+0000] {processor.py:829} INFO - Processing file /home/airflow/.local/lib/python3.8/site-packages/airflow/example_dags/example_sensor_decorator.py for tasks to queue
[2023-11-14T21:55:54.476+0000] {logging_mixin.py:154} INFO - [2023-11-14T21:55:54.475+0000] {dagbag.py:536} INFO - Filling up the DagBag from /home/airflow/.local/lib/python3.8/site-packages/airflow/example_dags/example_sensor_decorator.py
[2023-11-14T21:55:54.485+0000] {processor.py:839} INFO - DAG(s) dict_keys(['example_sensor_decorator']) retrieved from /home/airflow/.local/lib/python3.8/site-packages/airflow/example_dags/example_sensor_decorator.py
[2023-11-14T21:55:54.513+0000] {logging_mixin.py:154} INFO - [2023-11-14T21:55:54.513+0000] {dag.py:2941} INFO - Sync 1 DAGs
[2023-11-14T21:55:54.529+0000] {logging_mixin.py:154} INFO - [2023-11-14T21:55:54.528+0000] {dag.py:3722} INFO - Setting next_dagrun for example_sensor_decorator to None, run_after=None
[2023-11-14T21:55:54.555+0000] {processor.py:179} INFO - Processing /home/airflow/.local/lib/python3.8/site-packages/airflow/example_dags/example_sensor_decorator.py took 0.091 seconds
[2023-11-14T21:56:25.033+0000] {processor.py:157} INFO - Started process (PID=2467) to work on /home/airflow/.local/lib/python3.8/site-packages/airflow/example_dags/example_sensor_decorator.py
[2023-11-14T21:56:25.045+0000] {processor.py:829} INFO - Processing file /home/airflow/.local/lib/python3.8/site-packages/airflow/example_dags/example_sensor_decorator.py for tasks to queue
[2023-11-14T21:56:25.050+0000] {logging_mixin.py:154} INFO - [2023-11-14T21:56:25.049+0000] {dagbag.py:536} INFO - Filling up the DagBag from /home/airflow/.local/lib/python3.8/site-packages/airflow/example_dags/example_sensor_decorator.py
[2023-11-14T21:56:25.064+0000] {processor.py:839} INFO - DAG(s) dict_keys(['example_sensor_decorator']) retrieved from /home/airflow/.local/lib/python3.8/site-packages/airflow/example_dags/example_sensor_decorator.py
[2023-11-14T21:56:25.098+0000] {logging_mixin.py:154} INFO - [2023-11-14T21:56:25.098+0000] {dag.py:2941} INFO - Sync 1 DAGs
[2023-11-14T21:56:25.117+0000] {logging_mixin.py:154} INFO - [2023-11-14T21:56:25.116+0000] {dag.py:3722} INFO - Setting next_dagrun for example_sensor_decorator to None, run_after=None
[2023-11-14T21:56:25.147+0000] {processor.py:179} INFO - Processing /home/airflow/.local/lib/python3.8/site-packages/airflow/example_dags/example_sensor_decorator.py took 0.120 seconds
[2023-11-14T21:56:55.892+0000] {processor.py:157} INFO - Started process (PID=2522) to work on /home/airflow/.local/lib/python3.8/site-packages/airflow/example_dags/example_sensor_decorator.py
[2023-11-14T21:56:55.893+0000] {processor.py:829} INFO - Processing file /home/airflow/.local/lib/python3.8/site-packages/airflow/example_dags/example_sensor_decorator.py for tasks to queue
[2023-11-14T21:56:55.896+0000] {logging_mixin.py:154} INFO - [2023-11-14T21:56:55.895+0000] {dagbag.py:536} INFO - Filling up the DagBag from /home/airflow/.local/lib/python3.8/site-packages/airflow/example_dags/example_sensor_decorator.py
[2023-11-14T21:56:55.903+0000] {processor.py:839} INFO - DAG(s) dict_keys(['example_sensor_decorator']) retrieved from /home/airflow/.local/lib/python3.8/site-packages/airflow/example_dags/example_sensor_decorator.py
[2023-11-14T21:56:55.930+0000] {logging_mixin.py:154} INFO - [2023-11-14T21:56:55.930+0000] {dag.py:2941} INFO - Sync 1 DAGs
[2023-11-14T21:56:55.947+0000] {logging_mixin.py:154} INFO - [2023-11-14T21:56:55.947+0000] {dag.py:3722} INFO - Setting next_dagrun for example_sensor_decorator to None, run_after=None
[2023-11-14T21:56:55.972+0000] {processor.py:179} INFO - Processing /home/airflow/.local/lib/python3.8/site-packages/airflow/example_dags/example_sensor_decorator.py took 0.084 seconds
[2023-11-14T21:57:26.716+0000] {processor.py:157} INFO - Started process (PID=2576) to work on /home/airflow/.local/lib/python3.8/site-packages/airflow/example_dags/example_sensor_decorator.py
[2023-11-14T21:57:26.721+0000] {processor.py:829} INFO - Processing file /home/airflow/.local/lib/python3.8/site-packages/airflow/example_dags/example_sensor_decorator.py for tasks to queue
[2023-11-14T21:57:26.732+0000] {logging_mixin.py:154} INFO - [2023-11-14T21:57:26.731+0000] {dagbag.py:536} INFO - Filling up the DagBag from /home/airflow/.local/lib/python3.8/site-packages/airflow/example_dags/example_sensor_decorator.py
[2023-11-14T21:57:26.756+0000] {processor.py:839} INFO - DAG(s) dict_keys(['example_sensor_decorator']) retrieved from /home/airflow/.local/lib/python3.8/site-packages/airflow/example_dags/example_sensor_decorator.py
[2023-11-14T21:57:26.796+0000] {logging_mixin.py:154} INFO - [2023-11-14T21:57:26.795+0000] {dag.py:2941} INFO - Sync 1 DAGs
[2023-11-14T21:57:26.814+0000] {logging_mixin.py:154} INFO - [2023-11-14T21:57:26.814+0000] {dag.py:3722} INFO - Setting next_dagrun for example_sensor_decorator to None, run_after=None
[2023-11-14T21:57:26.850+0000] {processor.py:179} INFO - Processing /home/airflow/.local/lib/python3.8/site-packages/airflow/example_dags/example_sensor_decorator.py took 0.152 seconds
[2023-11-14T21:57:57.151+0000] {processor.py:157} INFO - Started process (PID=2631) to work on /home/airflow/.local/lib/python3.8/site-packages/airflow/example_dags/example_sensor_decorator.py
[2023-11-14T21:57:57.152+0000] {processor.py:829} INFO - Processing file /home/airflow/.local/lib/python3.8/site-packages/airflow/example_dags/example_sensor_decorator.py for tasks to queue
[2023-11-14T21:57:57.155+0000] {logging_mixin.py:154} INFO - [2023-11-14T21:57:57.155+0000] {dagbag.py:536} INFO - Filling up the DagBag from /home/airflow/.local/lib/python3.8/site-packages/airflow/example_dags/example_sensor_decorator.py
[2023-11-14T21:57:57.165+0000] {processor.py:839} INFO - DAG(s) dict_keys(['example_sensor_decorator']) retrieved from /home/airflow/.local/lib/python3.8/site-packages/airflow/example_dags/example_sensor_decorator.py
[2023-11-14T21:57:57.199+0000] {logging_mixin.py:154} INFO - [2023-11-14T21:57:57.199+0000] {dag.py:2941} INFO - Sync 1 DAGs
[2023-11-14T21:57:57.223+0000] {logging_mixin.py:154} INFO - [2023-11-14T21:57:57.223+0000] {dag.py:3722} INFO - Setting next_dagrun for example_sensor_decorator to None, run_after=None
[2023-11-14T21:57:57.256+0000] {processor.py:179} INFO - Processing /home/airflow/.local/lib/python3.8/site-packages/airflow/example_dags/example_sensor_decorator.py took 0.109 seconds
[2023-11-14T21:58:27.335+0000] {processor.py:157} INFO - Started process (PID=2685) to work on /home/airflow/.local/lib/python3.8/site-packages/airflow/example_dags/example_sensor_decorator.py
[2023-11-14T21:58:27.347+0000] {processor.py:829} INFO - Processing file /home/airflow/.local/lib/python3.8/site-packages/airflow/example_dags/example_sensor_decorator.py for tasks to queue
[2023-11-14T21:58:27.352+0000] {logging_mixin.py:154} INFO - [2023-11-14T21:58:27.351+0000] {dagbag.py:536} INFO - Filling up the DagBag from /home/airflow/.local/lib/python3.8/site-packages/airflow/example_dags/example_sensor_decorator.py
[2023-11-14T21:58:27.363+0000] {processor.py:839} INFO - DAG(s) dict_keys(['example_sensor_decorator']) retrieved from /home/airflow/.local/lib/python3.8/site-packages/airflow/example_dags/example_sensor_decorator.py
[2023-11-14T21:58:27.396+0000] {logging_mixin.py:154} INFO - [2023-11-14T21:58:27.395+0000] {dag.py:2941} INFO - Sync 1 DAGs
[2023-11-14T21:58:27.415+0000] {logging_mixin.py:154} INFO - [2023-11-14T21:58:27.415+0000] {dag.py:3722} INFO - Setting next_dagrun for example_sensor_decorator to None, run_after=None
[2023-11-14T21:58:27.455+0000] {processor.py:179} INFO - Processing /home/airflow/.local/lib/python3.8/site-packages/airflow/example_dags/example_sensor_decorator.py took 0.126 seconds
[2023-11-14T21:58:57.850+0000] {processor.py:157} INFO - Started process (PID=2739) to work on /home/airflow/.local/lib/python3.8/site-packages/airflow/example_dags/example_sensor_decorator.py
[2023-11-14T21:58:57.863+0000] {processor.py:829} INFO - Processing file /home/airflow/.local/lib/python3.8/site-packages/airflow/example_dags/example_sensor_decorator.py for tasks to queue
[2023-11-14T21:58:57.869+0000] {logging_mixin.py:154} INFO - [2023-11-14T21:58:57.868+0000] {dagbag.py:536} INFO - Filling up the DagBag from /home/airflow/.local/lib/python3.8/site-packages/airflow/example_dags/example_sensor_decorator.py
[2023-11-14T21:58:57.884+0000] {processor.py:839} INFO - DAG(s) dict_keys(['example_sensor_decorator']) retrieved from /home/airflow/.local/lib/python3.8/site-packages/airflow/example_dags/example_sensor_decorator.py
[2023-11-14T21:58:57.911+0000] {logging_mixin.py:154} INFO - [2023-11-14T21:58:57.911+0000] {dag.py:2941} INFO - Sync 1 DAGs
[2023-11-14T21:58:57.927+0000] {logging_mixin.py:154} INFO - [2023-11-14T21:58:57.927+0000] {dag.py:3722} INFO - Setting next_dagrun for example_sensor_decorator to None, run_after=None
[2023-11-14T21:58:57.963+0000] {processor.py:179} INFO - Processing /home/airflow/.local/lib/python3.8/site-packages/airflow/example_dags/example_sensor_decorator.py took 0.122 seconds
[2023-11-14T21:59:28.514+0000] {processor.py:157} INFO - Started process (PID=2793) to work on /home/airflow/.local/lib/python3.8/site-packages/airflow/example_dags/example_sensor_decorator.py
[2023-11-14T21:59:28.526+0000] {processor.py:829} INFO - Processing file /home/airflow/.local/lib/python3.8/site-packages/airflow/example_dags/example_sensor_decorator.py for tasks to queue
[2023-11-14T21:59:28.529+0000] {logging_mixin.py:154} INFO - [2023-11-14T21:59:28.529+0000] {dagbag.py:536} INFO - Filling up the DagBag from /home/airflow/.local/lib/python3.8/site-packages/airflow/example_dags/example_sensor_decorator.py
[2023-11-14T21:59:28.540+0000] {processor.py:839} INFO - DAG(s) dict_keys(['example_sensor_decorator']) retrieved from /home/airflow/.local/lib/python3.8/site-packages/airflow/example_dags/example_sensor_decorator.py
[2023-11-14T21:59:28.571+0000] {logging_mixin.py:154} INFO - [2023-11-14T21:59:28.570+0000] {dag.py:2941} INFO - Sync 1 DAGs
[2023-11-14T21:59:28.592+0000] {logging_mixin.py:154} INFO - [2023-11-14T21:59:28.592+0000] {dag.py:3722} INFO - Setting next_dagrun for example_sensor_decorator to None, run_after=None
[2023-11-14T21:59:28.633+0000] {processor.py:179} INFO - Processing /home/airflow/.local/lib/python3.8/site-packages/airflow/example_dags/example_sensor_decorator.py took 0.126 seconds
