[2023-11-14T21:33:58.630+0000] {processor.py:157} INFO - Started process (PID=70) to work on /home/airflow/.local/lib/python3.8/site-packages/airflow/example_dags/example_skip_dag.py
[2023-11-14T21:33:58.631+0000] {processor.py:829} INFO - Processing file /home/airflow/.local/lib/python3.8/site-packages/airflow/example_dags/example_skip_dag.py for tasks to queue
[2023-11-14T21:33:58.633+0000] {logging_mixin.py:154} INFO - [2023-11-14T21:33:58.633+0000] {dagbag.py:536} INFO - Filling up the DagBag from /home/airflow/.local/lib/python3.8/site-packages/airflow/example_dags/example_skip_dag.py
[2023-11-14T21:33:58.642+0000] {processor.py:839} INFO - DAG(s) dict_keys(['example_skip_dag']) retrieved from /home/airflow/.local/lib/python3.8/site-packages/airflow/example_dags/example_skip_dag.py
[2023-11-14T21:33:58.823+0000] {logging_mixin.py:154} INFO - [2023-11-14T21:33:58.822+0000] {manager.py:499} INFO - Created Permission View: %s
[2023-11-14T21:33:58.836+0000] {logging_mixin.py:154} INFO - [2023-11-14T21:33:58.836+0000] {manager.py:499} INFO - Created Permission View: %s
[2023-11-14T21:33:58.848+0000] {logging_mixin.py:154} INFO - [2023-11-14T21:33:58.848+0000] {manager.py:499} INFO - Created Permission View: %s
[2023-11-14T21:33:58.849+0000] {logging_mixin.py:154} INFO - [2023-11-14T21:33:58.848+0000] {dag.py:2941} INFO - Sync 1 DAGs
[2023-11-14T21:33:58.867+0000] {logging_mixin.py:154} INFO - [2023-11-14T21:33:58.867+0000] {dag.py:2963} INFO - Creating ORM DAG for example_skip_dag
[2023-11-14T21:33:58.885+0000] {logging_mixin.py:154} INFO - [2023-11-14T21:33:58.885+0000] {dag.py:3722} INFO - Setting next_dagrun for example_skip_dag to 2023-11-13T21:33:58.884549+00:00, run_after=2023-11-14T21:33:58.884549+00:00
[2023-11-14T21:33:58.915+0000] {processor.py:179} INFO - Processing /home/airflow/.local/lib/python3.8/site-packages/airflow/example_dags/example_skip_dag.py took 0.289 seconds
[2023-11-14T21:34:29.670+0000] {processor.py:157} INFO - Started process (PID=124) to work on /home/airflow/.local/lib/python3.8/site-packages/airflow/example_dags/example_skip_dag.py
[2023-11-14T21:34:29.671+0000] {processor.py:829} INFO - Processing file /home/airflow/.local/lib/python3.8/site-packages/airflow/example_dags/example_skip_dag.py for tasks to queue
[2023-11-14T21:34:29.673+0000] {logging_mixin.py:154} INFO - [2023-11-14T21:34:29.672+0000] {dagbag.py:536} INFO - Filling up the DagBag from /home/airflow/.local/lib/python3.8/site-packages/airflow/example_dags/example_skip_dag.py
[2023-11-14T21:34:29.682+0000] {processor.py:839} INFO - DAG(s) dict_keys(['example_skip_dag']) retrieved from /home/airflow/.local/lib/python3.8/site-packages/airflow/example_dags/example_skip_dag.py
[2023-11-14T21:34:29.709+0000] {logging_mixin.py:154} INFO - [2023-11-14T21:34:29.709+0000] {dag.py:2941} INFO - Sync 1 DAGs
[2023-11-14T21:34:29.750+0000] {logging_mixin.py:154} INFO - [2023-11-14T21:34:29.749+0000] {dag.py:3722} INFO - Setting next_dagrun for example_skip_dag to 2023-11-13T21:34:29.749530+00:00, run_after=2023-11-14T21:34:29.749530+00:00
[2023-11-14T21:34:29.789+0000] {processor.py:179} INFO - Processing /home/airflow/.local/lib/python3.8/site-packages/airflow/example_dags/example_skip_dag.py took 0.123 seconds
[2023-11-14T21:35:00.091+0000] {processor.py:157} INFO - Started process (PID=178) to work on /home/airflow/.local/lib/python3.8/site-packages/airflow/example_dags/example_skip_dag.py
[2023-11-14T21:35:00.093+0000] {processor.py:829} INFO - Processing file /home/airflow/.local/lib/python3.8/site-packages/airflow/example_dags/example_skip_dag.py for tasks to queue
[2023-11-14T21:35:00.096+0000] {logging_mixin.py:154} INFO - [2023-11-14T21:35:00.095+0000] {dagbag.py:536} INFO - Filling up the DagBag from /home/airflow/.local/lib/python3.8/site-packages/airflow/example_dags/example_skip_dag.py
[2023-11-14T21:35:00.111+0000] {processor.py:839} INFO - DAG(s) dict_keys(['example_skip_dag']) retrieved from /home/airflow/.local/lib/python3.8/site-packages/airflow/example_dags/example_skip_dag.py
[2023-11-14T21:35:00.137+0000] {logging_mixin.py:154} INFO - [2023-11-14T21:35:00.136+0000] {dag.py:2941} INFO - Sync 1 DAGs
[2023-11-14T21:35:00.162+0000] {logging_mixin.py:154} INFO - [2023-11-14T21:35:00.162+0000] {dag.py:3722} INFO - Setting next_dagrun for example_skip_dag to 2023-11-13T21:35:00.161915+00:00, run_after=2023-11-14T21:35:00.161915+00:00
[2023-11-14T21:35:00.185+0000] {processor.py:179} INFO - Processing /home/airflow/.local/lib/python3.8/site-packages/airflow/example_dags/example_skip_dag.py took 0.099 seconds
[2023-11-14T21:35:30.566+0000] {processor.py:157} INFO - Started process (PID=232) to work on /home/airflow/.local/lib/python3.8/site-packages/airflow/example_dags/example_skip_dag.py
[2023-11-14T21:35:30.568+0000] {processor.py:829} INFO - Processing file /home/airflow/.local/lib/python3.8/site-packages/airflow/example_dags/example_skip_dag.py for tasks to queue
[2023-11-14T21:35:30.571+0000] {logging_mixin.py:154} INFO - [2023-11-14T21:35:30.571+0000] {dagbag.py:536} INFO - Filling up the DagBag from /home/airflow/.local/lib/python3.8/site-packages/airflow/example_dags/example_skip_dag.py
[2023-11-14T21:35:30.579+0000] {processor.py:839} INFO - DAG(s) dict_keys(['example_skip_dag']) retrieved from /home/airflow/.local/lib/python3.8/site-packages/airflow/example_dags/example_skip_dag.py
[2023-11-14T21:35:30.610+0000] {logging_mixin.py:154} INFO - [2023-11-14T21:35:30.610+0000] {dag.py:2941} INFO - Sync 1 DAGs
[2023-11-14T21:35:30.643+0000] {logging_mixin.py:154} INFO - [2023-11-14T21:35:30.643+0000] {dag.py:3722} INFO - Setting next_dagrun for example_skip_dag to 2023-11-13T21:35:30.643202+00:00, run_after=2023-11-14T21:35:30.643202+00:00
[2023-11-14T21:35:30.698+0000] {processor.py:179} INFO - Processing /home/airflow/.local/lib/python3.8/site-packages/airflow/example_dags/example_skip_dag.py took 0.137 seconds
[2023-11-14T21:36:01.061+0000] {processor.py:157} INFO - Started process (PID=286) to work on /home/airflow/.local/lib/python3.8/site-packages/airflow/example_dags/example_skip_dag.py
[2023-11-14T21:36:01.063+0000] {processor.py:829} INFO - Processing file /home/airflow/.local/lib/python3.8/site-packages/airflow/example_dags/example_skip_dag.py for tasks to queue
[2023-11-14T21:36:01.065+0000] {logging_mixin.py:154} INFO - [2023-11-14T21:36:01.065+0000] {dagbag.py:536} INFO - Filling up the DagBag from /home/airflow/.local/lib/python3.8/site-packages/airflow/example_dags/example_skip_dag.py
[2023-11-14T21:36:01.075+0000] {processor.py:839} INFO - DAG(s) dict_keys(['example_skip_dag']) retrieved from /home/airflow/.local/lib/python3.8/site-packages/airflow/example_dags/example_skip_dag.py
[2023-11-14T21:36:01.103+0000] {logging_mixin.py:154} INFO - [2023-11-14T21:36:01.103+0000] {dag.py:2941} INFO - Sync 1 DAGs
[2023-11-14T21:36:01.131+0000] {logging_mixin.py:154} INFO - [2023-11-14T21:36:01.131+0000] {dag.py:3722} INFO - Setting next_dagrun for example_skip_dag to 2023-11-13T21:36:01.130887+00:00, run_after=2023-11-14T21:36:01.130887+00:00
[2023-11-14T21:36:01.155+0000] {processor.py:179} INFO - Processing /home/airflow/.local/lib/python3.8/site-packages/airflow/example_dags/example_skip_dag.py took 0.097 seconds
[2023-11-14T21:36:32.058+0000] {processor.py:157} INFO - Started process (PID=341) to work on /home/airflow/.local/lib/python3.8/site-packages/airflow/example_dags/example_skip_dag.py
[2023-11-14T21:36:32.060+0000] {processor.py:829} INFO - Processing file /home/airflow/.local/lib/python3.8/site-packages/airflow/example_dags/example_skip_dag.py for tasks to queue
[2023-11-14T21:36:32.062+0000] {logging_mixin.py:154} INFO - [2023-11-14T21:36:32.062+0000] {dagbag.py:536} INFO - Filling up the DagBag from /home/airflow/.local/lib/python3.8/site-packages/airflow/example_dags/example_skip_dag.py
[2023-11-14T21:36:32.070+0000] {processor.py:839} INFO - DAG(s) dict_keys(['example_skip_dag']) retrieved from /home/airflow/.local/lib/python3.8/site-packages/airflow/example_dags/example_skip_dag.py
[2023-11-14T21:36:32.096+0000] {logging_mixin.py:154} INFO - [2023-11-14T21:36:32.096+0000] {dag.py:2941} INFO - Sync 1 DAGs
[2023-11-14T21:36:32.128+0000] {logging_mixin.py:154} INFO - [2023-11-14T21:36:32.128+0000] {dag.py:3722} INFO - Setting next_dagrun for example_skip_dag to 2023-11-13T21:36:32.127935+00:00, run_after=2023-11-14T21:36:32.127935+00:00
[2023-11-14T21:36:32.180+0000] {processor.py:179} INFO - Processing /home/airflow/.local/lib/python3.8/site-packages/airflow/example_dags/example_skip_dag.py took 0.125 seconds
[2023-11-14T21:37:02.672+0000] {processor.py:157} INFO - Started process (PID=395) to work on /home/airflow/.local/lib/python3.8/site-packages/airflow/example_dags/example_skip_dag.py
[2023-11-14T21:37:02.673+0000] {processor.py:829} INFO - Processing file /home/airflow/.local/lib/python3.8/site-packages/airflow/example_dags/example_skip_dag.py for tasks to queue
[2023-11-14T21:37:02.676+0000] {logging_mixin.py:154} INFO - [2023-11-14T21:37:02.676+0000] {dagbag.py:536} INFO - Filling up the DagBag from /home/airflow/.local/lib/python3.8/site-packages/airflow/example_dags/example_skip_dag.py
[2023-11-14T21:37:02.685+0000] {processor.py:839} INFO - DAG(s) dict_keys(['example_skip_dag']) retrieved from /home/airflow/.local/lib/python3.8/site-packages/airflow/example_dags/example_skip_dag.py
[2023-11-14T21:37:02.711+0000] {logging_mixin.py:154} INFO - [2023-11-14T21:37:02.711+0000] {dag.py:2941} INFO - Sync 1 DAGs
[2023-11-14T21:37:02.738+0000] {logging_mixin.py:154} INFO - [2023-11-14T21:37:02.738+0000] {dag.py:3722} INFO - Setting next_dagrun for example_skip_dag to 2023-11-13T21:37:02.737970+00:00, run_after=2023-11-14T21:37:02.737970+00:00
[2023-11-14T21:37:02.763+0000] {processor.py:179} INFO - Processing /home/airflow/.local/lib/python3.8/site-packages/airflow/example_dags/example_skip_dag.py took 0.095 seconds
[2023-11-14T21:37:33.359+0000] {processor.py:157} INFO - Started process (PID=449) to work on /home/airflow/.local/lib/python3.8/site-packages/airflow/example_dags/example_skip_dag.py
[2023-11-14T21:37:33.360+0000] {processor.py:829} INFO - Processing file /home/airflow/.local/lib/python3.8/site-packages/airflow/example_dags/example_skip_dag.py for tasks to queue
[2023-11-14T21:37:33.363+0000] {logging_mixin.py:154} INFO - [2023-11-14T21:37:33.362+0000] {dagbag.py:536} INFO - Filling up the DagBag from /home/airflow/.local/lib/python3.8/site-packages/airflow/example_dags/example_skip_dag.py
[2023-11-14T21:37:33.370+0000] {processor.py:839} INFO - DAG(s) dict_keys(['example_skip_dag']) retrieved from /home/airflow/.local/lib/python3.8/site-packages/airflow/example_dags/example_skip_dag.py
[2023-11-14T21:37:33.396+0000] {logging_mixin.py:154} INFO - [2023-11-14T21:37:33.396+0000] {dag.py:2941} INFO - Sync 1 DAGs
[2023-11-14T21:37:33.424+0000] {logging_mixin.py:154} INFO - [2023-11-14T21:37:33.424+0000] {dag.py:3722} INFO - Setting next_dagrun for example_skip_dag to 2023-11-13T21:37:33.423940+00:00, run_after=2023-11-14T21:37:33.423940+00:00
[2023-11-14T21:37:33.472+0000] {processor.py:179} INFO - Processing /home/airflow/.local/lib/python3.8/site-packages/airflow/example_dags/example_skip_dag.py took 0.117 seconds
[2023-11-14T21:38:03.588+0000] {processor.py:157} INFO - Started process (PID=510) to work on /home/airflow/.local/lib/python3.8/site-packages/airflow/example_dags/example_skip_dag.py
[2023-11-14T21:38:03.589+0000] {processor.py:829} INFO - Processing file /home/airflow/.local/lib/python3.8/site-packages/airflow/example_dags/example_skip_dag.py for tasks to queue
[2023-11-14T21:38:03.591+0000] {logging_mixin.py:154} INFO - [2023-11-14T21:38:03.591+0000] {dagbag.py:536} INFO - Filling up the DagBag from /home/airflow/.local/lib/python3.8/site-packages/airflow/example_dags/example_skip_dag.py
[2023-11-14T21:38:03.599+0000] {processor.py:839} INFO - DAG(s) dict_keys(['example_skip_dag']) retrieved from /home/airflow/.local/lib/python3.8/site-packages/airflow/example_dags/example_skip_dag.py
[2023-11-14T21:38:03.627+0000] {logging_mixin.py:154} INFO - [2023-11-14T21:38:03.627+0000] {dag.py:2941} INFO - Sync 1 DAGs
[2023-11-14T21:38:03.655+0000] {logging_mixin.py:154} INFO - [2023-11-14T21:38:03.654+0000] {dag.py:3722} INFO - Setting next_dagrun for example_skip_dag to 2023-11-13T21:38:03.654448+00:00, run_after=2023-11-14T21:38:03.654448+00:00
[2023-11-14T21:38:03.702+0000] {processor.py:179} INFO - Processing /home/airflow/.local/lib/python3.8/site-packages/airflow/example_dags/example_skip_dag.py took 0.118 seconds
[2023-11-14T21:38:33.899+0000] {processor.py:157} INFO - Started process (PID=568) to work on /home/airflow/.local/lib/python3.8/site-packages/airflow/example_dags/example_skip_dag.py
[2023-11-14T21:38:33.900+0000] {processor.py:829} INFO - Processing file /home/airflow/.local/lib/python3.8/site-packages/airflow/example_dags/example_skip_dag.py for tasks to queue
[2023-11-14T21:38:33.902+0000] {logging_mixin.py:154} INFO - [2023-11-14T21:38:33.902+0000] {dagbag.py:536} INFO - Filling up the DagBag from /home/airflow/.local/lib/python3.8/site-packages/airflow/example_dags/example_skip_dag.py
[2023-11-14T21:38:33.910+0000] {processor.py:839} INFO - DAG(s) dict_keys(['example_skip_dag']) retrieved from /home/airflow/.local/lib/python3.8/site-packages/airflow/example_dags/example_skip_dag.py
[2023-11-14T21:38:33.938+0000] {logging_mixin.py:154} INFO - [2023-11-14T21:38:33.937+0000] {dag.py:2941} INFO - Sync 1 DAGs
[2023-11-14T21:38:33.968+0000] {logging_mixin.py:154} INFO - [2023-11-14T21:38:33.968+0000] {dag.py:3722} INFO - Setting next_dagrun for example_skip_dag to 2023-11-13T21:38:33.968257+00:00, run_after=2023-11-14T21:38:33.968257+00:00
[2023-11-14T21:38:34.003+0000] {processor.py:179} INFO - Processing /home/airflow/.local/lib/python3.8/site-packages/airflow/example_dags/example_skip_dag.py took 0.109 seconds
[2023-11-14T21:39:04.266+0000] {processor.py:157} INFO - Started process (PID=622) to work on /home/airflow/.local/lib/python3.8/site-packages/airflow/example_dags/example_skip_dag.py
[2023-11-14T21:39:04.267+0000] {processor.py:829} INFO - Processing file /home/airflow/.local/lib/python3.8/site-packages/airflow/example_dags/example_skip_dag.py for tasks to queue
[2023-11-14T21:39:04.270+0000] {logging_mixin.py:154} INFO - [2023-11-14T21:39:04.270+0000] {dagbag.py:536} INFO - Filling up the DagBag from /home/airflow/.local/lib/python3.8/site-packages/airflow/example_dags/example_skip_dag.py
[2023-11-14T21:39:04.279+0000] {processor.py:839} INFO - DAG(s) dict_keys(['example_skip_dag']) retrieved from /home/airflow/.local/lib/python3.8/site-packages/airflow/example_dags/example_skip_dag.py
[2023-11-14T21:39:04.307+0000] {logging_mixin.py:154} INFO - [2023-11-14T21:39:04.307+0000] {dag.py:2941} INFO - Sync 1 DAGs
[2023-11-14T21:39:04.338+0000] {logging_mixin.py:154} INFO - [2023-11-14T21:39:04.338+0000] {dag.py:3722} INFO - Setting next_dagrun for example_skip_dag to 2023-11-13T21:39:04.337881+00:00, run_after=2023-11-14T21:39:04.337881+00:00
[2023-11-14T21:39:04.365+0000] {processor.py:179} INFO - Processing /home/airflow/.local/lib/python3.8/site-packages/airflow/example_dags/example_skip_dag.py took 0.103 seconds
[2023-11-14T21:39:35.305+0000] {processor.py:157} INFO - Started process (PID=684) to work on /home/airflow/.local/lib/python3.8/site-packages/airflow/example_dags/example_skip_dag.py
[2023-11-14T21:39:35.306+0000] {processor.py:829} INFO - Processing file /home/airflow/.local/lib/python3.8/site-packages/airflow/example_dags/example_skip_dag.py for tasks to queue
[2023-11-14T21:39:35.309+0000] {logging_mixin.py:154} INFO - [2023-11-14T21:39:35.309+0000] {dagbag.py:536} INFO - Filling up the DagBag from /home/airflow/.local/lib/python3.8/site-packages/airflow/example_dags/example_skip_dag.py
[2023-11-14T21:39:35.319+0000] {processor.py:839} INFO - DAG(s) dict_keys(['example_skip_dag']) retrieved from /home/airflow/.local/lib/python3.8/site-packages/airflow/example_dags/example_skip_dag.py
[2023-11-14T21:39:35.352+0000] {logging_mixin.py:154} INFO - [2023-11-14T21:39:35.352+0000] {dag.py:2941} INFO - Sync 1 DAGs
[2023-11-14T21:39:35.389+0000] {logging_mixin.py:154} INFO - [2023-11-14T21:39:35.389+0000] {dag.py:3722} INFO - Setting next_dagrun for example_skip_dag to 2023-11-13T21:39:35.388783+00:00, run_after=2023-11-14T21:39:35.388783+00:00
[2023-11-14T21:39:35.421+0000] {processor.py:179} INFO - Processing /home/airflow/.local/lib/python3.8/site-packages/airflow/example_dags/example_skip_dag.py took 0.120 seconds
[2023-11-14T21:40:05.528+0000] {processor.py:157} INFO - Started process (PID=738) to work on /home/airflow/.local/lib/python3.8/site-packages/airflow/example_dags/example_skip_dag.py
[2023-11-14T21:40:05.529+0000] {processor.py:829} INFO - Processing file /home/airflow/.local/lib/python3.8/site-packages/airflow/example_dags/example_skip_dag.py for tasks to queue
[2023-11-14T21:40:05.531+0000] {logging_mixin.py:154} INFO - [2023-11-14T21:40:05.531+0000] {dagbag.py:536} INFO - Filling up the DagBag from /home/airflow/.local/lib/python3.8/site-packages/airflow/example_dags/example_skip_dag.py
[2023-11-14T21:40:05.543+0000] {processor.py:839} INFO - DAG(s) dict_keys(['example_skip_dag']) retrieved from /home/airflow/.local/lib/python3.8/site-packages/airflow/example_dags/example_skip_dag.py
[2023-11-14T21:40:05.579+0000] {logging_mixin.py:154} INFO - [2023-11-14T21:40:05.578+0000] {dag.py:2941} INFO - Sync 1 DAGs
[2023-11-14T21:40:05.616+0000] {logging_mixin.py:154} INFO - [2023-11-14T21:40:05.615+0000] {dag.py:3722} INFO - Setting next_dagrun for example_skip_dag to 2023-11-13T21:40:05.615462+00:00, run_after=2023-11-14T21:40:05.615462+00:00
[2023-11-14T21:40:05.648+0000] {processor.py:179} INFO - Processing /home/airflow/.local/lib/python3.8/site-packages/airflow/example_dags/example_skip_dag.py took 0.124 seconds
[2023-11-14T21:40:35.708+0000] {processor.py:157} INFO - Started process (PID=793) to work on /home/airflow/.local/lib/python3.8/site-packages/airflow/example_dags/example_skip_dag.py
[2023-11-14T21:40:35.710+0000] {processor.py:829} INFO - Processing file /home/airflow/.local/lib/python3.8/site-packages/airflow/example_dags/example_skip_dag.py for tasks to queue
[2023-11-14T21:40:35.713+0000] {logging_mixin.py:154} INFO - [2023-11-14T21:40:35.713+0000] {dagbag.py:536} INFO - Filling up the DagBag from /home/airflow/.local/lib/python3.8/site-packages/airflow/example_dags/example_skip_dag.py
[2023-11-14T21:40:35.723+0000] {processor.py:839} INFO - DAG(s) dict_keys(['example_skip_dag']) retrieved from /home/airflow/.local/lib/python3.8/site-packages/airflow/example_dags/example_skip_dag.py
[2023-11-14T21:40:35.759+0000] {logging_mixin.py:154} INFO - [2023-11-14T21:40:35.758+0000] {dag.py:2941} INFO - Sync 1 DAGs
[2023-11-14T21:40:35.795+0000] {logging_mixin.py:154} INFO - [2023-11-14T21:40:35.795+0000] {dag.py:3722} INFO - Setting next_dagrun for example_skip_dag to 2023-11-13T21:40:35.795141+00:00, run_after=2023-11-14T21:40:35.795141+00:00
[2023-11-14T21:40:35.825+0000] {processor.py:179} INFO - Processing /home/airflow/.local/lib/python3.8/site-packages/airflow/example_dags/example_skip_dag.py took 0.121 seconds
[2023-11-14T21:41:06.058+0000] {processor.py:157} INFO - Started process (PID=847) to work on /home/airflow/.local/lib/python3.8/site-packages/airflow/example_dags/example_skip_dag.py
[2023-11-14T21:41:06.059+0000] {processor.py:829} INFO - Processing file /home/airflow/.local/lib/python3.8/site-packages/airflow/example_dags/example_skip_dag.py for tasks to queue
[2023-11-14T21:41:06.063+0000] {logging_mixin.py:154} INFO - [2023-11-14T21:41:06.062+0000] {dagbag.py:536} INFO - Filling up the DagBag from /home/airflow/.local/lib/python3.8/site-packages/airflow/example_dags/example_skip_dag.py
[2023-11-14T21:41:06.072+0000] {processor.py:839} INFO - DAG(s) dict_keys(['example_skip_dag']) retrieved from /home/airflow/.local/lib/python3.8/site-packages/airflow/example_dags/example_skip_dag.py
[2023-11-14T21:41:06.100+0000] {logging_mixin.py:154} INFO - [2023-11-14T21:41:06.099+0000] {dag.py:2941} INFO - Sync 1 DAGs
[2023-11-14T21:41:06.126+0000] {logging_mixin.py:154} INFO - [2023-11-14T21:41:06.126+0000] {dag.py:3722} INFO - Setting next_dagrun for example_skip_dag to 2023-11-13T21:41:06.125802+00:00, run_after=2023-11-14T21:41:06.125802+00:00
[2023-11-14T21:41:06.170+0000] {processor.py:179} INFO - Processing /home/airflow/.local/lib/python3.8/site-packages/airflow/example_dags/example_skip_dag.py took 0.120 seconds
[2023-11-14T21:41:36.999+0000] {processor.py:157} INFO - Started process (PID=901) to work on /home/airflow/.local/lib/python3.8/site-packages/airflow/example_dags/example_skip_dag.py
[2023-11-14T21:41:37.000+0000] {processor.py:829} INFO - Processing file /home/airflow/.local/lib/python3.8/site-packages/airflow/example_dags/example_skip_dag.py for tasks to queue
[2023-11-14T21:41:37.003+0000] {logging_mixin.py:154} INFO - [2023-11-14T21:41:37.002+0000] {dagbag.py:536} INFO - Filling up the DagBag from /home/airflow/.local/lib/python3.8/site-packages/airflow/example_dags/example_skip_dag.py
[2023-11-14T21:41:37.011+0000] {processor.py:839} INFO - DAG(s) dict_keys(['example_skip_dag']) retrieved from /home/airflow/.local/lib/python3.8/site-packages/airflow/example_dags/example_skip_dag.py
[2023-11-14T21:41:37.037+0000] {logging_mixin.py:154} INFO - [2023-11-14T21:41:37.037+0000] {dag.py:2941} INFO - Sync 1 DAGs
[2023-11-14T21:41:37.064+0000] {logging_mixin.py:154} INFO - [2023-11-14T21:41:37.064+0000] {dag.py:3722} INFO - Setting next_dagrun for example_skip_dag to 2023-11-13T21:41:37.064301+00:00, run_after=2023-11-14T21:41:37.064301+00:00
[2023-11-14T21:41:37.127+0000] {processor.py:179} INFO - Processing /home/airflow/.local/lib/python3.8/site-packages/airflow/example_dags/example_skip_dag.py took 0.131 seconds
[2023-11-14T21:42:07.204+0000] {processor.py:157} INFO - Started process (PID=955) to work on /home/airflow/.local/lib/python3.8/site-packages/airflow/example_dags/example_skip_dag.py
[2023-11-14T21:42:07.204+0000] {processor.py:829} INFO - Processing file /home/airflow/.local/lib/python3.8/site-packages/airflow/example_dags/example_skip_dag.py for tasks to queue
[2023-11-14T21:42:07.207+0000] {logging_mixin.py:154} INFO - [2023-11-14T21:42:07.206+0000] {dagbag.py:536} INFO - Filling up the DagBag from /home/airflow/.local/lib/python3.8/site-packages/airflow/example_dags/example_skip_dag.py
[2023-11-14T21:42:07.214+0000] {processor.py:839} INFO - DAG(s) dict_keys(['example_skip_dag']) retrieved from /home/airflow/.local/lib/python3.8/site-packages/airflow/example_dags/example_skip_dag.py
[2023-11-14T21:42:07.242+0000] {logging_mixin.py:154} INFO - [2023-11-14T21:42:07.242+0000] {dag.py:2941} INFO - Sync 1 DAGs
[2023-11-14T21:42:07.271+0000] {logging_mixin.py:154} INFO - [2023-11-14T21:42:07.271+0000] {dag.py:3722} INFO - Setting next_dagrun for example_skip_dag to 2023-11-13T21:42:07.270902+00:00, run_after=2023-11-14T21:42:07.270902+00:00
[2023-11-14T21:42:07.295+0000] {processor.py:179} INFO - Processing /home/airflow/.local/lib/python3.8/site-packages/airflow/example_dags/example_skip_dag.py took 0.095 seconds
[2023-11-14T21:42:38.013+0000] {processor.py:157} INFO - Started process (PID=1010) to work on /home/airflow/.local/lib/python3.8/site-packages/airflow/example_dags/example_skip_dag.py
[2023-11-14T21:42:38.015+0000] {processor.py:829} INFO - Processing file /home/airflow/.local/lib/python3.8/site-packages/airflow/example_dags/example_skip_dag.py for tasks to queue
[2023-11-14T21:42:38.019+0000] {logging_mixin.py:154} INFO - [2023-11-14T21:42:38.018+0000] {dagbag.py:536} INFO - Filling up the DagBag from /home/airflow/.local/lib/python3.8/site-packages/airflow/example_dags/example_skip_dag.py
[2023-11-14T21:42:38.029+0000] {processor.py:839} INFO - DAG(s) dict_keys(['example_skip_dag']) retrieved from /home/airflow/.local/lib/python3.8/site-packages/airflow/example_dags/example_skip_dag.py
[2023-11-14T21:42:38.060+0000] {logging_mixin.py:154} INFO - [2023-11-14T21:42:38.060+0000] {dag.py:2941} INFO - Sync 1 DAGs
[2023-11-14T21:42:38.093+0000] {logging_mixin.py:154} INFO - [2023-11-14T21:42:38.093+0000] {dag.py:3722} INFO - Setting next_dagrun for example_skip_dag to 2023-11-13T21:42:38.092753+00:00, run_after=2023-11-14T21:42:38.092753+00:00
[2023-11-14T21:42:38.119+0000] {processor.py:179} INFO - Processing /home/airflow/.local/lib/python3.8/site-packages/airflow/example_dags/example_skip_dag.py took 0.110 seconds
[2023-11-14T21:43:08.376+0000] {processor.py:157} INFO - Started process (PID=1064) to work on /home/airflow/.local/lib/python3.8/site-packages/airflow/example_dags/example_skip_dag.py
[2023-11-14T21:43:08.377+0000] {processor.py:829} INFO - Processing file /home/airflow/.local/lib/python3.8/site-packages/airflow/example_dags/example_skip_dag.py for tasks to queue
[2023-11-14T21:43:08.380+0000] {logging_mixin.py:154} INFO - [2023-11-14T21:43:08.380+0000] {dagbag.py:536} INFO - Filling up the DagBag from /home/airflow/.local/lib/python3.8/site-packages/airflow/example_dags/example_skip_dag.py
[2023-11-14T21:43:08.391+0000] {processor.py:839} INFO - DAG(s) dict_keys(['example_skip_dag']) retrieved from /home/airflow/.local/lib/python3.8/site-packages/airflow/example_dags/example_skip_dag.py
[2023-11-14T21:43:08.425+0000] {logging_mixin.py:154} INFO - [2023-11-14T21:43:08.425+0000] {dag.py:2941} INFO - Sync 1 DAGs
[2023-11-14T21:43:08.458+0000] {logging_mixin.py:154} INFO - [2023-11-14T21:43:08.457+0000] {dag.py:3722} INFO - Setting next_dagrun for example_skip_dag to 2023-11-13T21:43:08.457568+00:00, run_after=2023-11-14T21:43:08.457568+00:00
[2023-11-14T21:43:08.488+0000] {processor.py:179} INFO - Processing /home/airflow/.local/lib/python3.8/site-packages/airflow/example_dags/example_skip_dag.py took 0.119 seconds
[2023-11-14T21:43:38.833+0000] {processor.py:157} INFO - Started process (PID=1118) to work on /home/airflow/.local/lib/python3.8/site-packages/airflow/example_dags/example_skip_dag.py
[2023-11-14T21:43:38.835+0000] {processor.py:829} INFO - Processing file /home/airflow/.local/lib/python3.8/site-packages/airflow/example_dags/example_skip_dag.py for tasks to queue
[2023-11-14T21:43:38.837+0000] {logging_mixin.py:154} INFO - [2023-11-14T21:43:38.837+0000] {dagbag.py:536} INFO - Filling up the DagBag from /home/airflow/.local/lib/python3.8/site-packages/airflow/example_dags/example_skip_dag.py
[2023-11-14T21:43:38.845+0000] {processor.py:839} INFO - DAG(s) dict_keys(['example_skip_dag']) retrieved from /home/airflow/.local/lib/python3.8/site-packages/airflow/example_dags/example_skip_dag.py
[2023-11-14T21:43:38.870+0000] {logging_mixin.py:154} INFO - [2023-11-14T21:43:38.870+0000] {dag.py:2941} INFO - Sync 1 DAGs
[2023-11-14T21:43:38.901+0000] {logging_mixin.py:154} INFO - [2023-11-14T21:43:38.901+0000] {dag.py:3722} INFO - Setting next_dagrun for example_skip_dag to 2023-11-13T21:43:38.901267+00:00, run_after=2023-11-14T21:43:38.901267+00:00
[2023-11-14T21:43:38.926+0000] {processor.py:179} INFO - Processing /home/airflow/.local/lib/python3.8/site-packages/airflow/example_dags/example_skip_dag.py took 0.097 seconds
[2023-11-14T21:44:09.865+0000] {processor.py:157} INFO - Started process (PID=1172) to work on /home/airflow/.local/lib/python3.8/site-packages/airflow/example_dags/example_skip_dag.py
[2023-11-14T21:44:09.867+0000] {processor.py:829} INFO - Processing file /home/airflow/.local/lib/python3.8/site-packages/airflow/example_dags/example_skip_dag.py for tasks to queue
[2023-11-14T21:44:09.871+0000] {logging_mixin.py:154} INFO - [2023-11-14T21:44:09.870+0000] {dagbag.py:536} INFO - Filling up the DagBag from /home/airflow/.local/lib/python3.8/site-packages/airflow/example_dags/example_skip_dag.py
[2023-11-14T21:44:09.880+0000] {processor.py:839} INFO - DAG(s) dict_keys(['example_skip_dag']) retrieved from /home/airflow/.local/lib/python3.8/site-packages/airflow/example_dags/example_skip_dag.py
[2023-11-14T21:44:09.908+0000] {logging_mixin.py:154} INFO - [2023-11-14T21:44:09.908+0000] {dag.py:2941} INFO - Sync 1 DAGs
[2023-11-14T21:44:09.936+0000] {logging_mixin.py:154} INFO - [2023-11-14T21:44:09.935+0000] {dag.py:3722} INFO - Setting next_dagrun for example_skip_dag to 2023-11-13T21:44:09.935480+00:00, run_after=2023-11-14T21:44:09.935480+00:00
[2023-11-14T21:44:10.132+0000] {processor.py:179} INFO - Processing /home/airflow/.local/lib/python3.8/site-packages/airflow/example_dags/example_skip_dag.py took 0.275 seconds
[2023-11-14T21:44:40.996+0000] {processor.py:157} INFO - Started process (PID=1226) to work on /home/airflow/.local/lib/python3.8/site-packages/airflow/example_dags/example_skip_dag.py
[2023-11-14T21:44:41.007+0000] {processor.py:829} INFO - Processing file /home/airflow/.local/lib/python3.8/site-packages/airflow/example_dags/example_skip_dag.py for tasks to queue
[2023-11-14T21:44:41.010+0000] {logging_mixin.py:154} INFO - [2023-11-14T21:44:41.010+0000] {dagbag.py:536} INFO - Filling up the DagBag from /home/airflow/.local/lib/python3.8/site-packages/airflow/example_dags/example_skip_dag.py
[2023-11-14T21:44:41.020+0000] {processor.py:839} INFO - DAG(s) dict_keys(['example_skip_dag']) retrieved from /home/airflow/.local/lib/python3.8/site-packages/airflow/example_dags/example_skip_dag.py
[2023-11-14T21:44:41.049+0000] {logging_mixin.py:154} INFO - [2023-11-14T21:44:41.048+0000] {dag.py:2941} INFO - Sync 1 DAGs
[2023-11-14T21:44:41.076+0000] {logging_mixin.py:154} INFO - [2023-11-14T21:44:41.076+0000] {dag.py:3722} INFO - Setting next_dagrun for example_skip_dag to 2023-11-13T21:44:41.075812+00:00, run_after=2023-11-14T21:44:41.075812+00:00
[2023-11-14T21:44:41.123+0000] {processor.py:179} INFO - Processing /home/airflow/.local/lib/python3.8/site-packages/airflow/example_dags/example_skip_dag.py took 0.132 seconds
[2023-11-14T21:45:11.558+0000] {processor.py:157} INFO - Started process (PID=1280) to work on /home/airflow/.local/lib/python3.8/site-packages/airflow/example_dags/example_skip_dag.py
[2023-11-14T21:45:11.559+0000] {processor.py:829} INFO - Processing file /home/airflow/.local/lib/python3.8/site-packages/airflow/example_dags/example_skip_dag.py for tasks to queue
[2023-11-14T21:45:11.561+0000] {logging_mixin.py:154} INFO - [2023-11-14T21:45:11.561+0000] {dagbag.py:536} INFO - Filling up the DagBag from /home/airflow/.local/lib/python3.8/site-packages/airflow/example_dags/example_skip_dag.py
[2023-11-14T21:45:11.569+0000] {processor.py:839} INFO - DAG(s) dict_keys(['example_skip_dag']) retrieved from /home/airflow/.local/lib/python3.8/site-packages/airflow/example_dags/example_skip_dag.py
[2023-11-14T21:45:11.595+0000] {logging_mixin.py:154} INFO - [2023-11-14T21:45:11.595+0000] {dag.py:2941} INFO - Sync 1 DAGs
[2023-11-14T21:45:11.621+0000] {logging_mixin.py:154} INFO - [2023-11-14T21:45:11.621+0000] {dag.py:3722} INFO - Setting next_dagrun for example_skip_dag to 2023-11-13T21:45:11.620932+00:00, run_after=2023-11-14T21:45:11.620932+00:00
[2023-11-14T21:45:11.654+0000] {processor.py:179} INFO - Processing /home/airflow/.local/lib/python3.8/site-packages/airflow/example_dags/example_skip_dag.py took 0.106 seconds
[2023-11-14T21:45:42.407+0000] {processor.py:157} INFO - Started process (PID=1334) to work on /home/airflow/.local/lib/python3.8/site-packages/airflow/example_dags/example_skip_dag.py
[2023-11-14T21:45:42.409+0000] {processor.py:829} INFO - Processing file /home/airflow/.local/lib/python3.8/site-packages/airflow/example_dags/example_skip_dag.py for tasks to queue
[2023-11-14T21:45:42.413+0000] {logging_mixin.py:154} INFO - [2023-11-14T21:45:42.412+0000] {dagbag.py:536} INFO - Filling up the DagBag from /home/airflow/.local/lib/python3.8/site-packages/airflow/example_dags/example_skip_dag.py
[2023-11-14T21:45:42.421+0000] {processor.py:839} INFO - DAG(s) dict_keys(['example_skip_dag']) retrieved from /home/airflow/.local/lib/python3.8/site-packages/airflow/example_dags/example_skip_dag.py
[2023-11-14T21:45:42.449+0000] {logging_mixin.py:154} INFO - [2023-11-14T21:45:42.449+0000] {dag.py:2941} INFO - Sync 1 DAGs
[2023-11-14T21:45:42.475+0000] {logging_mixin.py:154} INFO - [2023-11-14T21:45:42.475+0000] {dag.py:3722} INFO - Setting next_dagrun for example_skip_dag to 2023-11-13T21:45:42.474788+00:00, run_after=2023-11-14T21:45:42.474788+00:00
[2023-11-14T21:45:42.662+0000] {processor.py:179} INFO - Processing /home/airflow/.local/lib/python3.8/site-packages/airflow/example_dags/example_skip_dag.py took 0.270 seconds
[2023-11-14T21:46:12.773+0000] {processor.py:157} INFO - Started process (PID=1388) to work on /home/airflow/.local/lib/python3.8/site-packages/airflow/example_dags/example_skip_dag.py
[2023-11-14T21:46:12.775+0000] {processor.py:829} INFO - Processing file /home/airflow/.local/lib/python3.8/site-packages/airflow/example_dags/example_skip_dag.py for tasks to queue
[2023-11-14T21:46:12.779+0000] {logging_mixin.py:154} INFO - [2023-11-14T21:46:12.778+0000] {dagbag.py:536} INFO - Filling up the DagBag from /home/airflow/.local/lib/python3.8/site-packages/airflow/example_dags/example_skip_dag.py
[2023-11-14T21:46:12.790+0000] {processor.py:839} INFO - DAG(s) dict_keys(['example_skip_dag']) retrieved from /home/airflow/.local/lib/python3.8/site-packages/airflow/example_dags/example_skip_dag.py
[2023-11-14T21:46:12.823+0000] {logging_mixin.py:154} INFO - [2023-11-14T21:46:12.822+0000] {dag.py:2941} INFO - Sync 1 DAGs
[2023-11-14T21:46:12.854+0000] {logging_mixin.py:154} INFO - [2023-11-14T21:46:12.853+0000] {dag.py:3722} INFO - Setting next_dagrun for example_skip_dag to 2023-11-13T21:46:12.853443+00:00, run_after=2023-11-14T21:46:12.853443+00:00
[2023-11-14T21:46:12.889+0000] {processor.py:179} INFO - Processing /home/airflow/.local/lib/python3.8/site-packages/airflow/example_dags/example_skip_dag.py took 0.125 seconds
[2023-11-14T21:46:43.052+0000] {processor.py:157} INFO - Started process (PID=1442) to work on /home/airflow/.local/lib/python3.8/site-packages/airflow/example_dags/example_skip_dag.py
[2023-11-14T21:46:43.054+0000] {processor.py:829} INFO - Processing file /home/airflow/.local/lib/python3.8/site-packages/airflow/example_dags/example_skip_dag.py for tasks to queue
[2023-11-14T21:46:43.058+0000] {logging_mixin.py:154} INFO - [2023-11-14T21:46:43.057+0000] {dagbag.py:536} INFO - Filling up the DagBag from /home/airflow/.local/lib/python3.8/site-packages/airflow/example_dags/example_skip_dag.py
[2023-11-14T21:46:43.075+0000] {processor.py:839} INFO - DAG(s) dict_keys(['example_skip_dag']) retrieved from /home/airflow/.local/lib/python3.8/site-packages/airflow/example_dags/example_skip_dag.py
[2023-11-14T21:46:43.125+0000] {logging_mixin.py:154} INFO - [2023-11-14T21:46:43.125+0000] {dag.py:2941} INFO - Sync 1 DAGs
[2023-11-14T21:46:43.400+0000] {logging_mixin.py:154} INFO - [2023-11-14T21:46:43.400+0000] {dag.py:3722} INFO - Setting next_dagrun for example_skip_dag to 2023-11-13T21:46:43.399638+00:00, run_after=2023-11-14T21:46:43.399638+00:00
[2023-11-14T21:46:43.433+0000] {processor.py:179} INFO - Processing /home/airflow/.local/lib/python3.8/site-packages/airflow/example_dags/example_skip_dag.py took 0.390 seconds
[2023-11-14T21:47:13.948+0000] {processor.py:157} INFO - Started process (PID=1496) to work on /home/airflow/.local/lib/python3.8/site-packages/airflow/example_dags/example_skip_dag.py
[2023-11-14T21:47:13.960+0000] {processor.py:829} INFO - Processing file /home/airflow/.local/lib/python3.8/site-packages/airflow/example_dags/example_skip_dag.py for tasks to queue
[2023-11-14T21:47:13.962+0000] {logging_mixin.py:154} INFO - [2023-11-14T21:47:13.962+0000] {dagbag.py:536} INFO - Filling up the DagBag from /home/airflow/.local/lib/python3.8/site-packages/airflow/example_dags/example_skip_dag.py
[2023-11-14T21:47:13.969+0000] {processor.py:839} INFO - DAG(s) dict_keys(['example_skip_dag']) retrieved from /home/airflow/.local/lib/python3.8/site-packages/airflow/example_dags/example_skip_dag.py
[2023-11-14T21:47:13.997+0000] {logging_mixin.py:154} INFO - [2023-11-14T21:47:13.996+0000] {dag.py:2941} INFO - Sync 1 DAGs
[2023-11-14T21:47:14.023+0000] {logging_mixin.py:154} INFO - [2023-11-14T21:47:14.023+0000] {dag.py:3722} INFO - Setting next_dagrun for example_skip_dag to 2023-11-13T21:47:14.022916+00:00, run_after=2023-11-14T21:47:14.022916+00:00
[2023-11-14T21:47:14.222+0000] {processor.py:179} INFO - Processing /home/airflow/.local/lib/python3.8/site-packages/airflow/example_dags/example_skip_dag.py took 0.277 seconds
[2023-11-14T21:47:44.441+0000] {processor.py:157} INFO - Started process (PID=1551) to work on /home/airflow/.local/lib/python3.8/site-packages/airflow/example_dags/example_skip_dag.py
[2023-11-14T21:47:44.443+0000] {processor.py:829} INFO - Processing file /home/airflow/.local/lib/python3.8/site-packages/airflow/example_dags/example_skip_dag.py for tasks to queue
[2023-11-14T21:47:44.448+0000] {logging_mixin.py:154} INFO - [2023-11-14T21:47:44.447+0000] {dagbag.py:536} INFO - Filling up the DagBag from /home/airflow/.local/lib/python3.8/site-packages/airflow/example_dags/example_skip_dag.py
[2023-11-14T21:47:44.466+0000] {processor.py:839} INFO - DAG(s) dict_keys(['example_skip_dag']) retrieved from /home/airflow/.local/lib/python3.8/site-packages/airflow/example_dags/example_skip_dag.py
[2023-11-14T21:47:44.522+0000] {logging_mixin.py:154} INFO - [2023-11-14T21:47:44.522+0000] {dag.py:2941} INFO - Sync 1 DAGs
[2023-11-14T21:47:44.552+0000] {logging_mixin.py:154} INFO - [2023-11-14T21:47:44.552+0000] {dag.py:3722} INFO - Setting next_dagrun for example_skip_dag to 2023-11-13T21:47:44.552422+00:00, run_after=2023-11-14T21:47:44.552422+00:00
[2023-11-14T21:47:44.578+0000] {processor.py:179} INFO - Processing /home/airflow/.local/lib/python3.8/site-packages/airflow/example_dags/example_skip_dag.py took 0.146 seconds
[2023-11-14T21:48:15.592+0000] {processor.py:157} INFO - Started process (PID=1605) to work on /home/airflow/.local/lib/python3.8/site-packages/airflow/example_dags/example_skip_dag.py
[2023-11-14T21:48:15.593+0000] {processor.py:829} INFO - Processing file /home/airflow/.local/lib/python3.8/site-packages/airflow/example_dags/example_skip_dag.py for tasks to queue
[2023-11-14T21:48:15.597+0000] {logging_mixin.py:154} INFO - [2023-11-14T21:48:15.597+0000] {dagbag.py:536} INFO - Filling up the DagBag from /home/airflow/.local/lib/python3.8/site-packages/airflow/example_dags/example_skip_dag.py
[2023-11-14T21:48:15.610+0000] {processor.py:839} INFO - DAG(s) dict_keys(['example_skip_dag']) retrieved from /home/airflow/.local/lib/python3.8/site-packages/airflow/example_dags/example_skip_dag.py
[2023-11-14T21:48:15.642+0000] {logging_mixin.py:154} INFO - [2023-11-14T21:48:15.642+0000] {dag.py:2941} INFO - Sync 1 DAGs
[2023-11-14T21:48:15.867+0000] {logging_mixin.py:154} INFO - [2023-11-14T21:48:15.866+0000] {dag.py:3722} INFO - Setting next_dagrun for example_skip_dag to 2023-11-13T21:48:15.866354+00:00, run_after=2023-11-14T21:48:15.866354+00:00
[2023-11-14T21:48:15.912+0000] {processor.py:179} INFO - Processing /home/airflow/.local/lib/python3.8/site-packages/airflow/example_dags/example_skip_dag.py took 0.327 seconds
[2023-11-14T21:48:46.814+0000] {processor.py:157} INFO - Started process (PID=1659) to work on /home/airflow/.local/lib/python3.8/site-packages/airflow/example_dags/example_skip_dag.py
[2023-11-14T21:48:46.825+0000] {processor.py:829} INFO - Processing file /home/airflow/.local/lib/python3.8/site-packages/airflow/example_dags/example_skip_dag.py for tasks to queue
[2023-11-14T21:48:46.829+0000] {logging_mixin.py:154} INFO - [2023-11-14T21:48:46.829+0000] {dagbag.py:536} INFO - Filling up the DagBag from /home/airflow/.local/lib/python3.8/site-packages/airflow/example_dags/example_skip_dag.py
[2023-11-14T21:48:46.837+0000] {processor.py:839} INFO - DAG(s) dict_keys(['example_skip_dag']) retrieved from /home/airflow/.local/lib/python3.8/site-packages/airflow/example_dags/example_skip_dag.py
[2023-11-14T21:48:46.864+0000] {logging_mixin.py:154} INFO - [2023-11-14T21:48:46.864+0000] {dag.py:2941} INFO - Sync 1 DAGs
[2023-11-14T21:48:46.890+0000] {logging_mixin.py:154} INFO - [2023-11-14T21:48:46.890+0000] {dag.py:3722} INFO - Setting next_dagrun for example_skip_dag to 2023-11-13T21:48:46.890314+00:00, run_after=2023-11-14T21:48:46.890314+00:00
[2023-11-14T21:48:46.929+0000] {processor.py:179} INFO - Processing /home/airflow/.local/lib/python3.8/site-packages/airflow/example_dags/example_skip_dag.py took 0.119 seconds
[2023-11-14T21:49:17.078+0000] {processor.py:157} INFO - Started process (PID=1713) to work on /home/airflow/.local/lib/python3.8/site-packages/airflow/example_dags/example_skip_dag.py
[2023-11-14T21:49:17.079+0000] {processor.py:829} INFO - Processing file /home/airflow/.local/lib/python3.8/site-packages/airflow/example_dags/example_skip_dag.py for tasks to queue
[2023-11-14T21:49:17.082+0000] {logging_mixin.py:154} INFO - [2023-11-14T21:49:17.081+0000] {dagbag.py:536} INFO - Filling up the DagBag from /home/airflow/.local/lib/python3.8/site-packages/airflow/example_dags/example_skip_dag.py
[2023-11-14T21:49:17.090+0000] {processor.py:839} INFO - DAG(s) dict_keys(['example_skip_dag']) retrieved from /home/airflow/.local/lib/python3.8/site-packages/airflow/example_dags/example_skip_dag.py
[2023-11-14T21:49:17.276+0000] {logging_mixin.py:154} INFO - [2023-11-14T21:49:17.275+0000] {dag.py:2941} INFO - Sync 1 DAGs
[2023-11-14T21:49:17.305+0000] {logging_mixin.py:154} INFO - [2023-11-14T21:49:17.305+0000] {dag.py:3722} INFO - Setting next_dagrun for example_skip_dag to 2023-11-13T21:49:17.305400+00:00, run_after=2023-11-14T21:49:17.305400+00:00
[2023-11-14T21:49:17.346+0000] {processor.py:179} INFO - Processing /home/airflow/.local/lib/python3.8/site-packages/airflow/example_dags/example_skip_dag.py took 0.271 seconds
[2023-11-14T21:49:47.707+0000] {processor.py:157} INFO - Started process (PID=1767) to work on /home/airflow/.local/lib/python3.8/site-packages/airflow/example_dags/example_skip_dag.py
[2023-11-14T21:49:47.708+0000] {processor.py:829} INFO - Processing file /home/airflow/.local/lib/python3.8/site-packages/airflow/example_dags/example_skip_dag.py for tasks to queue
[2023-11-14T21:49:47.711+0000] {logging_mixin.py:154} INFO - [2023-11-14T21:49:47.711+0000] {dagbag.py:536} INFO - Filling up the DagBag from /home/airflow/.local/lib/python3.8/site-packages/airflow/example_dags/example_skip_dag.py
[2023-11-14T21:49:47.724+0000] {processor.py:839} INFO - DAG(s) dict_keys(['example_skip_dag']) retrieved from /home/airflow/.local/lib/python3.8/site-packages/airflow/example_dags/example_skip_dag.py
[2023-11-14T21:49:47.757+0000] {logging_mixin.py:154} INFO - [2023-11-14T21:49:47.756+0000] {dag.py:2941} INFO - Sync 1 DAGs
[2023-11-14T21:49:47.797+0000] {logging_mixin.py:154} INFO - [2023-11-14T21:49:47.797+0000] {dag.py:3722} INFO - Setting next_dagrun for example_skip_dag to 2023-11-13T21:49:47.796956+00:00, run_after=2023-11-14T21:49:47.796956+00:00
[2023-11-14T21:49:47.836+0000] {processor.py:179} INFO - Processing /home/airflow/.local/lib/python3.8/site-packages/airflow/example_dags/example_skip_dag.py took 0.134 seconds
[2023-11-14T21:50:18.295+0000] {processor.py:157} INFO - Started process (PID=1821) to work on /home/airflow/.local/lib/python3.8/site-packages/airflow/example_dags/example_skip_dag.py
[2023-11-14T21:50:18.296+0000] {processor.py:829} INFO - Processing file /home/airflow/.local/lib/python3.8/site-packages/airflow/example_dags/example_skip_dag.py for tasks to queue
[2023-11-14T21:50:18.299+0000] {logging_mixin.py:154} INFO - [2023-11-14T21:50:18.299+0000] {dagbag.py:536} INFO - Filling up the DagBag from /home/airflow/.local/lib/python3.8/site-packages/airflow/example_dags/example_skip_dag.py
[2023-11-14T21:50:18.307+0000] {processor.py:839} INFO - DAG(s) dict_keys(['example_skip_dag']) retrieved from /home/airflow/.local/lib/python3.8/site-packages/airflow/example_dags/example_skip_dag.py
[2023-11-14T21:50:18.333+0000] {logging_mixin.py:154} INFO - [2023-11-14T21:50:18.333+0000] {dag.py:2941} INFO - Sync 1 DAGs
[2023-11-14T21:50:18.359+0000] {logging_mixin.py:154} INFO - [2023-11-14T21:50:18.359+0000] {dag.py:3722} INFO - Setting next_dagrun for example_skip_dag to 2023-11-13T21:50:18.359146+00:00, run_after=2023-11-14T21:50:18.359146+00:00
[2023-11-14T21:50:18.382+0000] {processor.py:179} INFO - Processing /home/airflow/.local/lib/python3.8/site-packages/airflow/example_dags/example_skip_dag.py took 0.091 seconds
[2023-11-14T21:50:48.772+0000] {processor.py:157} INFO - Started process (PID=1875) to work on /home/airflow/.local/lib/python3.8/site-packages/airflow/example_dags/example_skip_dag.py
[2023-11-14T21:50:48.773+0000] {processor.py:829} INFO - Processing file /home/airflow/.local/lib/python3.8/site-packages/airflow/example_dags/example_skip_dag.py for tasks to queue
[2023-11-14T21:50:48.776+0000] {logging_mixin.py:154} INFO - [2023-11-14T21:50:48.776+0000] {dagbag.py:536} INFO - Filling up the DagBag from /home/airflow/.local/lib/python3.8/site-packages/airflow/example_dags/example_skip_dag.py
[2023-11-14T21:50:48.784+0000] {processor.py:839} INFO - DAG(s) dict_keys(['example_skip_dag']) retrieved from /home/airflow/.local/lib/python3.8/site-packages/airflow/example_dags/example_skip_dag.py
[2023-11-14T21:50:48.809+0000] {logging_mixin.py:154} INFO - [2023-11-14T21:50:48.809+0000] {dag.py:2941} INFO - Sync 1 DAGs
[2023-11-14T21:50:48.838+0000] {logging_mixin.py:154} INFO - [2023-11-14T21:50:48.837+0000] {dag.py:3722} INFO - Setting next_dagrun for example_skip_dag to 2023-11-13T21:50:48.837536+00:00, run_after=2023-11-14T21:50:48.837536+00:00
[2023-11-14T21:50:48.864+0000] {processor.py:179} INFO - Processing /home/airflow/.local/lib/python3.8/site-packages/airflow/example_dags/example_skip_dag.py took 0.096 seconds
[2023-11-14T21:51:19.231+0000] {processor.py:157} INFO - Started process (PID=1929) to work on /home/airflow/.local/lib/python3.8/site-packages/airflow/example_dags/example_skip_dag.py
[2023-11-14T21:51:19.233+0000] {processor.py:829} INFO - Processing file /home/airflow/.local/lib/python3.8/site-packages/airflow/example_dags/example_skip_dag.py for tasks to queue
[2023-11-14T21:51:19.235+0000] {logging_mixin.py:154} INFO - [2023-11-14T21:51:19.235+0000] {dagbag.py:536} INFO - Filling up the DagBag from /home/airflow/.local/lib/python3.8/site-packages/airflow/example_dags/example_skip_dag.py
[2023-11-14T21:51:19.243+0000] {processor.py:839} INFO - DAG(s) dict_keys(['example_skip_dag']) retrieved from /home/airflow/.local/lib/python3.8/site-packages/airflow/example_dags/example_skip_dag.py
[2023-11-14T21:51:19.269+0000] {logging_mixin.py:154} INFO - [2023-11-14T21:51:19.269+0000] {dag.py:2941} INFO - Sync 1 DAGs
[2023-11-14T21:51:19.296+0000] {logging_mixin.py:154} INFO - [2023-11-14T21:51:19.296+0000] {dag.py:3722} INFO - Setting next_dagrun for example_skip_dag to 2023-11-13T21:51:19.296005+00:00, run_after=2023-11-14T21:51:19.296005+00:00
[2023-11-14T21:51:19.332+0000] {processor.py:179} INFO - Processing /home/airflow/.local/lib/python3.8/site-packages/airflow/example_dags/example_skip_dag.py took 0.106 seconds
[2023-11-14T21:51:49.689+0000] {processor.py:157} INFO - Started process (PID=1983) to work on /home/airflow/.local/lib/python3.8/site-packages/airflow/example_dags/example_skip_dag.py
[2023-11-14T21:51:49.690+0000] {processor.py:829} INFO - Processing file /home/airflow/.local/lib/python3.8/site-packages/airflow/example_dags/example_skip_dag.py for tasks to queue
[2023-11-14T21:51:49.693+0000] {logging_mixin.py:154} INFO - [2023-11-14T21:51:49.693+0000] {dagbag.py:536} INFO - Filling up the DagBag from /home/airflow/.local/lib/python3.8/site-packages/airflow/example_dags/example_skip_dag.py
[2023-11-14T21:51:49.701+0000] {processor.py:839} INFO - DAG(s) dict_keys(['example_skip_dag']) retrieved from /home/airflow/.local/lib/python3.8/site-packages/airflow/example_dags/example_skip_dag.py
[2023-11-14T21:51:49.729+0000] {logging_mixin.py:154} INFO - [2023-11-14T21:51:49.728+0000] {dag.py:2941} INFO - Sync 1 DAGs
[2023-11-14T21:51:49.761+0000] {logging_mixin.py:154} INFO - [2023-11-14T21:51:49.760+0000] {dag.py:3722} INFO - Setting next_dagrun for example_skip_dag to 2023-11-13T21:51:49.760544+00:00, run_after=2023-11-14T21:51:49.760544+00:00
[2023-11-14T21:51:49.792+0000] {processor.py:179} INFO - Processing /home/airflow/.local/lib/python3.8/site-packages/airflow/example_dags/example_skip_dag.py took 0.107 seconds
[2023-11-14T21:52:20.495+0000] {processor.py:157} INFO - Started process (PID=2038) to work on /home/airflow/.local/lib/python3.8/site-packages/airflow/example_dags/example_skip_dag.py
[2023-11-14T21:52:20.496+0000] {processor.py:829} INFO - Processing file /home/airflow/.local/lib/python3.8/site-packages/airflow/example_dags/example_skip_dag.py for tasks to queue
[2023-11-14T21:52:20.499+0000] {logging_mixin.py:154} INFO - [2023-11-14T21:52:20.499+0000] {dagbag.py:536} INFO - Filling up the DagBag from /home/airflow/.local/lib/python3.8/site-packages/airflow/example_dags/example_skip_dag.py
[2023-11-14T21:52:20.508+0000] {processor.py:839} INFO - DAG(s) dict_keys(['example_skip_dag']) retrieved from /home/airflow/.local/lib/python3.8/site-packages/airflow/example_dags/example_skip_dag.py
[2023-11-14T21:52:20.533+0000] {logging_mixin.py:154} INFO - [2023-11-14T21:52:20.533+0000] {dag.py:2941} INFO - Sync 1 DAGs
[2023-11-14T21:52:20.560+0000] {logging_mixin.py:154} INFO - [2023-11-14T21:52:20.560+0000] {dag.py:3722} INFO - Setting next_dagrun for example_skip_dag to 2023-11-13T21:52:20.559765+00:00, run_after=2023-11-14T21:52:20.559765+00:00
[2023-11-14T21:52:20.584+0000] {processor.py:179} INFO - Processing /home/airflow/.local/lib/python3.8/site-packages/airflow/example_dags/example_skip_dag.py took 0.093 seconds
[2023-11-14T21:52:50.817+0000] {processor.py:157} INFO - Started process (PID=2092) to work on /home/airflow/.local/lib/python3.8/site-packages/airflow/example_dags/example_skip_dag.py
[2023-11-14T21:52:50.819+0000] {processor.py:829} INFO - Processing file /home/airflow/.local/lib/python3.8/site-packages/airflow/example_dags/example_skip_dag.py for tasks to queue
[2023-11-14T21:52:50.822+0000] {logging_mixin.py:154} INFO - [2023-11-14T21:52:50.822+0000] {dagbag.py:536} INFO - Filling up the DagBag from /home/airflow/.local/lib/python3.8/site-packages/airflow/example_dags/example_skip_dag.py
[2023-11-14T21:52:50.831+0000] {processor.py:839} INFO - DAG(s) dict_keys(['example_skip_dag']) retrieved from /home/airflow/.local/lib/python3.8/site-packages/airflow/example_dags/example_skip_dag.py
[2023-11-14T21:52:50.863+0000] {logging_mixin.py:154} INFO - [2023-11-14T21:52:50.863+0000] {dag.py:2941} INFO - Sync 1 DAGs
[2023-11-14T21:52:50.896+0000] {logging_mixin.py:154} INFO - [2023-11-14T21:52:50.896+0000] {dag.py:3722} INFO - Setting next_dagrun for example_skip_dag to 2023-11-13T21:52:50.896349+00:00, run_after=2023-11-14T21:52:50.896349+00:00
[2023-11-14T21:52:50.926+0000] {processor.py:179} INFO - Processing /home/airflow/.local/lib/python3.8/site-packages/airflow/example_dags/example_skip_dag.py took 0.114 seconds
[2023-11-14T21:53:21.658+0000] {processor.py:157} INFO - Started process (PID=2146) to work on /home/airflow/.local/lib/python3.8/site-packages/airflow/example_dags/example_skip_dag.py
[2023-11-14T21:53:21.660+0000] {processor.py:829} INFO - Processing file /home/airflow/.local/lib/python3.8/site-packages/airflow/example_dags/example_skip_dag.py for tasks to queue
[2023-11-14T21:53:21.665+0000] {logging_mixin.py:154} INFO - [2023-11-14T21:53:21.664+0000] {dagbag.py:536} INFO - Filling up the DagBag from /home/airflow/.local/lib/python3.8/site-packages/airflow/example_dags/example_skip_dag.py
[2023-11-14T21:53:21.675+0000] {processor.py:839} INFO - DAG(s) dict_keys(['example_skip_dag']) retrieved from /home/airflow/.local/lib/python3.8/site-packages/airflow/example_dags/example_skip_dag.py
[2023-11-14T21:53:21.713+0000] {logging_mixin.py:154} INFO - [2023-11-14T21:53:21.712+0000] {dag.py:2941} INFO - Sync 1 DAGs
[2023-11-14T21:53:21.747+0000] {logging_mixin.py:154} INFO - [2023-11-14T21:53:21.746+0000] {dag.py:3722} INFO - Setting next_dagrun for example_skip_dag to 2023-11-13T21:53:21.746684+00:00, run_after=2023-11-14T21:53:21.746684+00:00
[2023-11-14T21:53:21.778+0000] {processor.py:179} INFO - Processing /home/airflow/.local/lib/python3.8/site-packages/airflow/example_dags/example_skip_dag.py took 0.126 seconds
[2023-11-14T21:53:52.541+0000] {processor.py:157} INFO - Started process (PID=2200) to work on /home/airflow/.local/lib/python3.8/site-packages/airflow/example_dags/example_skip_dag.py
[2023-11-14T21:53:52.542+0000] {processor.py:829} INFO - Processing file /home/airflow/.local/lib/python3.8/site-packages/airflow/example_dags/example_skip_dag.py for tasks to queue
[2023-11-14T21:53:52.545+0000] {logging_mixin.py:154} INFO - [2023-11-14T21:53:52.545+0000] {dagbag.py:536} INFO - Filling up the DagBag from /home/airflow/.local/lib/python3.8/site-packages/airflow/example_dags/example_skip_dag.py
[2023-11-14T21:53:52.555+0000] {processor.py:839} INFO - DAG(s) dict_keys(['example_skip_dag']) retrieved from /home/airflow/.local/lib/python3.8/site-packages/airflow/example_dags/example_skip_dag.py
[2023-11-14T21:53:52.586+0000] {logging_mixin.py:154} INFO - [2023-11-14T21:53:52.585+0000] {dag.py:2941} INFO - Sync 1 DAGs
[2023-11-14T21:53:52.619+0000] {logging_mixin.py:154} INFO - [2023-11-14T21:53:52.618+0000] {dag.py:3722} INFO - Setting next_dagrun for example_skip_dag to 2023-11-13T21:53:52.618346+00:00, run_after=2023-11-14T21:53:52.618346+00:00
[2023-11-14T21:53:52.650+0000] {processor.py:179} INFO - Processing /home/airflow/.local/lib/python3.8/site-packages/airflow/example_dags/example_skip_dag.py took 0.114 seconds
[2023-11-14T21:54:23.173+0000] {processor.py:157} INFO - Started process (PID=2254) to work on /home/airflow/.local/lib/python3.8/site-packages/airflow/example_dags/example_skip_dag.py
[2023-11-14T21:54:23.174+0000] {processor.py:829} INFO - Processing file /home/airflow/.local/lib/python3.8/site-packages/airflow/example_dags/example_skip_dag.py for tasks to queue
[2023-11-14T21:54:23.177+0000] {logging_mixin.py:154} INFO - [2023-11-14T21:54:23.176+0000] {dagbag.py:536} INFO - Filling up the DagBag from /home/airflow/.local/lib/python3.8/site-packages/airflow/example_dags/example_skip_dag.py
[2023-11-14T21:54:23.185+0000] {processor.py:839} INFO - DAG(s) dict_keys(['example_skip_dag']) retrieved from /home/airflow/.local/lib/python3.8/site-packages/airflow/example_dags/example_skip_dag.py
[2023-11-14T21:54:23.211+0000] {logging_mixin.py:154} INFO - [2023-11-14T21:54:23.210+0000] {dag.py:2941} INFO - Sync 1 DAGs
[2023-11-14T21:54:23.240+0000] {logging_mixin.py:154} INFO - [2023-11-14T21:54:23.240+0000] {dag.py:3722} INFO - Setting next_dagrun for example_skip_dag to 2023-11-13T21:54:23.240397+00:00, run_after=2023-11-14T21:54:23.240397+00:00
[2023-11-14T21:54:23.266+0000] {processor.py:179} INFO - Processing /home/airflow/.local/lib/python3.8/site-packages/airflow/example_dags/example_skip_dag.py took 0.098 seconds
[2023-11-14T21:54:54.106+0000] {processor.py:157} INFO - Started process (PID=2308) to work on /home/airflow/.local/lib/python3.8/site-packages/airflow/example_dags/example_skip_dag.py
[2023-11-14T21:54:54.107+0000] {processor.py:829} INFO - Processing file /home/airflow/.local/lib/python3.8/site-packages/airflow/example_dags/example_skip_dag.py for tasks to queue
[2023-11-14T21:54:54.110+0000] {logging_mixin.py:154} INFO - [2023-11-14T21:54:54.110+0000] {dagbag.py:536} INFO - Filling up the DagBag from /home/airflow/.local/lib/python3.8/site-packages/airflow/example_dags/example_skip_dag.py
[2023-11-14T21:54:54.118+0000] {processor.py:839} INFO - DAG(s) dict_keys(['example_skip_dag']) retrieved from /home/airflow/.local/lib/python3.8/site-packages/airflow/example_dags/example_skip_dag.py
[2023-11-14T21:54:54.147+0000] {logging_mixin.py:154} INFO - [2023-11-14T21:54:54.147+0000] {dag.py:2941} INFO - Sync 1 DAGs
[2023-11-14T21:54:54.176+0000] {logging_mixin.py:154} INFO - [2023-11-14T21:54:54.176+0000] {dag.py:3722} INFO - Setting next_dagrun for example_skip_dag to 2023-11-13T21:54:54.176151+00:00, run_after=2023-11-14T21:54:54.176151+00:00
[2023-11-14T21:54:54.200+0000] {processor.py:179} INFO - Processing /home/airflow/.local/lib/python3.8/site-packages/airflow/example_dags/example_skip_dag.py took 0.099 seconds
[2023-11-14T21:55:24.392+0000] {processor.py:157} INFO - Started process (PID=2363) to work on /home/airflow/.local/lib/python3.8/site-packages/airflow/example_dags/example_skip_dag.py
[2023-11-14T21:55:24.393+0000] {processor.py:829} INFO - Processing file /home/airflow/.local/lib/python3.8/site-packages/airflow/example_dags/example_skip_dag.py for tasks to queue
[2023-11-14T21:55:24.397+0000] {logging_mixin.py:154} INFO - [2023-11-14T21:55:24.396+0000] {dagbag.py:536} INFO - Filling up the DagBag from /home/airflow/.local/lib/python3.8/site-packages/airflow/example_dags/example_skip_dag.py
[2023-11-14T21:55:24.405+0000] {processor.py:839} INFO - DAG(s) dict_keys(['example_skip_dag']) retrieved from /home/airflow/.local/lib/python3.8/site-packages/airflow/example_dags/example_skip_dag.py
[2023-11-14T21:55:24.436+0000] {logging_mixin.py:154} INFO - [2023-11-14T21:55:24.436+0000] {dag.py:2941} INFO - Sync 1 DAGs
[2023-11-14T21:55:24.470+0000] {logging_mixin.py:154} INFO - [2023-11-14T21:55:24.470+0000] {dag.py:3722} INFO - Setting next_dagrun for example_skip_dag to 2023-11-13T21:55:24.469732+00:00, run_after=2023-11-14T21:55:24.469732+00:00
[2023-11-14T21:55:24.507+0000] {processor.py:179} INFO - Processing /home/airflow/.local/lib/python3.8/site-packages/airflow/example_dags/example_skip_dag.py took 0.120 seconds
[2023-11-14T21:55:54.701+0000] {processor.py:157} INFO - Started process (PID=2417) to work on /home/airflow/.local/lib/python3.8/site-packages/airflow/example_dags/example_skip_dag.py
[2023-11-14T21:55:54.702+0000] {processor.py:829} INFO - Processing file /home/airflow/.local/lib/python3.8/site-packages/airflow/example_dags/example_skip_dag.py for tasks to queue
[2023-11-14T21:55:54.704+0000] {logging_mixin.py:154} INFO - [2023-11-14T21:55:54.704+0000] {dagbag.py:536} INFO - Filling up the DagBag from /home/airflow/.local/lib/python3.8/site-packages/airflow/example_dags/example_skip_dag.py
[2023-11-14T21:55:54.712+0000] {processor.py:839} INFO - DAG(s) dict_keys(['example_skip_dag']) retrieved from /home/airflow/.local/lib/python3.8/site-packages/airflow/example_dags/example_skip_dag.py
[2023-11-14T21:55:54.739+0000] {logging_mixin.py:154} INFO - [2023-11-14T21:55:54.738+0000] {dag.py:2941} INFO - Sync 1 DAGs
[2023-11-14T21:55:54.765+0000] {logging_mixin.py:154} INFO - [2023-11-14T21:55:54.765+0000] {dag.py:3722} INFO - Setting next_dagrun for example_skip_dag to 2023-11-13T21:55:54.765232+00:00, run_after=2023-11-14T21:55:54.765232+00:00
[2023-11-14T21:55:54.790+0000] {processor.py:179} INFO - Processing /home/airflow/.local/lib/python3.8/site-packages/airflow/example_dags/example_skip_dag.py took 0.093 seconds
[2023-11-14T21:56:25.292+0000] {processor.py:157} INFO - Started process (PID=2471) to work on /home/airflow/.local/lib/python3.8/site-packages/airflow/example_dags/example_skip_dag.py
[2023-11-14T21:56:25.293+0000] {processor.py:829} INFO - Processing file /home/airflow/.local/lib/python3.8/site-packages/airflow/example_dags/example_skip_dag.py for tasks to queue
[2023-11-14T21:56:25.296+0000] {logging_mixin.py:154} INFO - [2023-11-14T21:56:25.296+0000] {dagbag.py:536} INFO - Filling up the DagBag from /home/airflow/.local/lib/python3.8/site-packages/airflow/example_dags/example_skip_dag.py
[2023-11-14T21:56:25.304+0000] {processor.py:839} INFO - DAG(s) dict_keys(['example_skip_dag']) retrieved from /home/airflow/.local/lib/python3.8/site-packages/airflow/example_dags/example_skip_dag.py
[2023-11-14T21:56:25.333+0000] {logging_mixin.py:154} INFO - [2023-11-14T21:56:25.333+0000] {dag.py:2941} INFO - Sync 1 DAGs
[2023-11-14T21:56:25.363+0000] {logging_mixin.py:154} INFO - [2023-11-14T21:56:25.363+0000] {dag.py:3722} INFO - Setting next_dagrun for example_skip_dag to 2023-11-13T21:56:25.362933+00:00, run_after=2023-11-14T21:56:25.362933+00:00
[2023-11-14T21:56:25.390+0000] {processor.py:179} INFO - Processing /home/airflow/.local/lib/python3.8/site-packages/airflow/example_dags/example_skip_dag.py took 0.102 seconds
[2023-11-14T21:56:56.120+0000] {processor.py:157} INFO - Started process (PID=2526) to work on /home/airflow/.local/lib/python3.8/site-packages/airflow/example_dags/example_skip_dag.py
[2023-11-14T21:56:56.121+0000] {processor.py:829} INFO - Processing file /home/airflow/.local/lib/python3.8/site-packages/airflow/example_dags/example_skip_dag.py for tasks to queue
[2023-11-14T21:56:56.124+0000] {logging_mixin.py:154} INFO - [2023-11-14T21:56:56.124+0000] {dagbag.py:536} INFO - Filling up the DagBag from /home/airflow/.local/lib/python3.8/site-packages/airflow/example_dags/example_skip_dag.py
[2023-11-14T21:56:56.133+0000] {processor.py:839} INFO - DAG(s) dict_keys(['example_skip_dag']) retrieved from /home/airflow/.local/lib/python3.8/site-packages/airflow/example_dags/example_skip_dag.py
[2023-11-14T21:56:56.161+0000] {logging_mixin.py:154} INFO - [2023-11-14T21:56:56.161+0000] {dag.py:2941} INFO - Sync 1 DAGs
[2023-11-14T21:56:56.189+0000] {logging_mixin.py:154} INFO - [2023-11-14T21:56:56.189+0000] {dag.py:3722} INFO - Setting next_dagrun for example_skip_dag to 2023-11-13T21:56:56.188849+00:00, run_after=2023-11-14T21:56:56.188849+00:00
[2023-11-14T21:56:56.215+0000] {processor.py:179} INFO - Processing /home/airflow/.local/lib/python3.8/site-packages/airflow/example_dags/example_skip_dag.py took 0.099 seconds
[2023-11-14T21:57:27.042+0000] {processor.py:157} INFO - Started process (PID=2580) to work on /home/airflow/.local/lib/python3.8/site-packages/airflow/example_dags/example_skip_dag.py
[2023-11-14T21:57:27.044+0000] {processor.py:829} INFO - Processing file /home/airflow/.local/lib/python3.8/site-packages/airflow/example_dags/example_skip_dag.py for tasks to queue
[2023-11-14T21:57:27.049+0000] {logging_mixin.py:154} INFO - [2023-11-14T21:57:27.047+0000] {dagbag.py:536} INFO - Filling up the DagBag from /home/airflow/.local/lib/python3.8/site-packages/airflow/example_dags/example_skip_dag.py
[2023-11-14T21:57:27.058+0000] {processor.py:839} INFO - DAG(s) dict_keys(['example_skip_dag']) retrieved from /home/airflow/.local/lib/python3.8/site-packages/airflow/example_dags/example_skip_dag.py
[2023-11-14T21:57:27.092+0000] {logging_mixin.py:154} INFO - [2023-11-14T21:57:27.091+0000] {dag.py:2941} INFO - Sync 1 DAGs
[2023-11-14T21:57:27.127+0000] {logging_mixin.py:154} INFO - [2023-11-14T21:57:27.127+0000] {dag.py:3722} INFO - Setting next_dagrun for example_skip_dag to 2023-11-13T21:57:27.127028+00:00, run_after=2023-11-14T21:57:27.127028+00:00
[2023-11-14T21:57:27.159+0000] {processor.py:179} INFO - Processing /home/airflow/.local/lib/python3.8/site-packages/airflow/example_dags/example_skip_dag.py took 0.121 seconds
[2023-11-14T21:57:57.400+0000] {processor.py:157} INFO - Started process (PID=2635) to work on /home/airflow/.local/lib/python3.8/site-packages/airflow/example_dags/example_skip_dag.py
[2023-11-14T21:57:57.401+0000] {processor.py:829} INFO - Processing file /home/airflow/.local/lib/python3.8/site-packages/airflow/example_dags/example_skip_dag.py for tasks to queue
[2023-11-14T21:57:57.404+0000] {logging_mixin.py:154} INFO - [2023-11-14T21:57:57.404+0000] {dagbag.py:536} INFO - Filling up the DagBag from /home/airflow/.local/lib/python3.8/site-packages/airflow/example_dags/example_skip_dag.py
[2023-11-14T21:57:57.412+0000] {processor.py:839} INFO - DAG(s) dict_keys(['example_skip_dag']) retrieved from /home/airflow/.local/lib/python3.8/site-packages/airflow/example_dags/example_skip_dag.py
[2023-11-14T21:57:57.439+0000] {logging_mixin.py:154} INFO - [2023-11-14T21:57:57.439+0000] {dag.py:2941} INFO - Sync 1 DAGs
[2023-11-14T21:57:57.469+0000] {logging_mixin.py:154} INFO - [2023-11-14T21:57:57.469+0000] {dag.py:3722} INFO - Setting next_dagrun for example_skip_dag to 2023-11-13T21:57:57.468714+00:00, run_after=2023-11-14T21:57:57.468714+00:00
[2023-11-14T21:57:57.493+0000] {processor.py:179} INFO - Processing /home/airflow/.local/lib/python3.8/site-packages/airflow/example_dags/example_skip_dag.py took 0.097 seconds
[2023-11-14T21:58:27.602+0000] {processor.py:157} INFO - Started process (PID=2689) to work on /home/airflow/.local/lib/python3.8/site-packages/airflow/example_dags/example_skip_dag.py
[2023-11-14T21:58:27.603+0000] {processor.py:829} INFO - Processing file /home/airflow/.local/lib/python3.8/site-packages/airflow/example_dags/example_skip_dag.py for tasks to queue
[2023-11-14T21:58:27.606+0000] {logging_mixin.py:154} INFO - [2023-11-14T21:58:27.605+0000] {dagbag.py:536} INFO - Filling up the DagBag from /home/airflow/.local/lib/python3.8/site-packages/airflow/example_dags/example_skip_dag.py
[2023-11-14T21:58:27.614+0000] {processor.py:839} INFO - DAG(s) dict_keys(['example_skip_dag']) retrieved from /home/airflow/.local/lib/python3.8/site-packages/airflow/example_dags/example_skip_dag.py
[2023-11-14T21:58:27.641+0000] {logging_mixin.py:154} INFO - [2023-11-14T21:58:27.641+0000] {dag.py:2941} INFO - Sync 1 DAGs
[2023-11-14T21:58:27.676+0000] {logging_mixin.py:154} INFO - [2023-11-14T21:58:27.676+0000] {dag.py:3722} INFO - Setting next_dagrun for example_skip_dag to 2023-11-13T21:58:27.675582+00:00, run_after=2023-11-14T21:58:27.675582+00:00
[2023-11-14T21:58:27.710+0000] {processor.py:179} INFO - Processing /home/airflow/.local/lib/python3.8/site-packages/airflow/example_dags/example_skip_dag.py took 0.112 seconds
[2023-11-14T21:58:58.151+0000] {processor.py:157} INFO - Started process (PID=2743) to work on /home/airflow/.local/lib/python3.8/site-packages/airflow/example_dags/example_skip_dag.py
[2023-11-14T21:58:58.153+0000] {processor.py:829} INFO - Processing file /home/airflow/.local/lib/python3.8/site-packages/airflow/example_dags/example_skip_dag.py for tasks to queue
[2023-11-14T21:58:58.158+0000] {logging_mixin.py:154} INFO - [2023-11-14T21:58:58.157+0000] {dagbag.py:536} INFO - Filling up the DagBag from /home/airflow/.local/lib/python3.8/site-packages/airflow/example_dags/example_skip_dag.py
[2023-11-14T21:58:58.170+0000] {processor.py:839} INFO - DAG(s) dict_keys(['example_skip_dag']) retrieved from /home/airflow/.local/lib/python3.8/site-packages/airflow/example_dags/example_skip_dag.py
[2023-11-14T21:58:58.198+0000] {logging_mixin.py:154} INFO - [2023-11-14T21:58:58.198+0000] {dag.py:2941} INFO - Sync 1 DAGs
[2023-11-14T21:58:58.227+0000] {logging_mixin.py:154} INFO - [2023-11-14T21:58:58.226+0000] {dag.py:3722} INFO - Setting next_dagrun for example_skip_dag to 2023-11-13T21:58:58.226662+00:00, run_after=2023-11-14T21:58:58.226662+00:00
[2023-11-14T21:58:58.252+0000] {processor.py:179} INFO - Processing /home/airflow/.local/lib/python3.8/site-packages/airflow/example_dags/example_skip_dag.py took 0.110 seconds
[2023-11-14T21:59:28.821+0000] {processor.py:157} INFO - Started process (PID=2797) to work on /home/airflow/.local/lib/python3.8/site-packages/airflow/example_dags/example_skip_dag.py
[2023-11-14T21:59:28.823+0000] {processor.py:829} INFO - Processing file /home/airflow/.local/lib/python3.8/site-packages/airflow/example_dags/example_skip_dag.py for tasks to queue
[2023-11-14T21:59:28.826+0000] {logging_mixin.py:154} INFO - [2023-11-14T21:59:28.825+0000] {dagbag.py:536} INFO - Filling up the DagBag from /home/airflow/.local/lib/python3.8/site-packages/airflow/example_dags/example_skip_dag.py
[2023-11-14T21:59:28.835+0000] {processor.py:839} INFO - DAG(s) dict_keys(['example_skip_dag']) retrieved from /home/airflow/.local/lib/python3.8/site-packages/airflow/example_dags/example_skip_dag.py
[2023-11-14T21:59:28.863+0000] {logging_mixin.py:154} INFO - [2023-11-14T21:59:28.862+0000] {dag.py:2941} INFO - Sync 1 DAGs
[2023-11-14T21:59:28.892+0000] {logging_mixin.py:154} INFO - [2023-11-14T21:59:28.892+0000] {dag.py:3722} INFO - Setting next_dagrun for example_skip_dag to 2023-11-13T21:59:28.891960+00:00, run_after=2023-11-14T21:59:28.891960+00:00
[2023-11-14T21:59:28.926+0000] {processor.py:179} INFO - Processing /home/airflow/.local/lib/python3.8/site-packages/airflow/example_dags/example_skip_dag.py took 0.111 seconds
