[2023-11-14T21:33:56.581+0000] {processor.py:157} INFO - Started process (PID=56) to work on /home/airflow/.local/lib/python3.8/site-packages/airflow/example_dags/example_setup_teardown.py
[2023-11-14T21:33:56.582+0000] {processor.py:829} INFO - Processing file /home/airflow/.local/lib/python3.8/site-packages/airflow/example_dags/example_setup_teardown.py for tasks to queue
[2023-11-14T21:33:56.584+0000] {logging_mixin.py:154} INFO - [2023-11-14T21:33:56.584+0000] {dagbag.py:536} INFO - Filling up the DagBag from /home/airflow/.local/lib/python3.8/site-packages/airflow/example_dags/example_setup_teardown.py
[2023-11-14T21:33:56.593+0000] {processor.py:839} INFO - DAG(s) dict_keys(['example_setup_teardown']) retrieved from /home/airflow/.local/lib/python3.8/site-packages/airflow/example_dags/example_setup_teardown.py
[2023-11-14T21:33:56.764+0000] {logging_mixin.py:154} INFO - [2023-11-14T21:33:56.764+0000] {manager.py:499} INFO - Created Permission View: %s
[2023-11-14T21:33:56.781+0000] {logging_mixin.py:154} INFO - [2023-11-14T21:33:56.781+0000] {manager.py:499} INFO - Created Permission View: %s
[2023-11-14T21:33:56.794+0000] {logging_mixin.py:154} INFO - [2023-11-14T21:33:56.794+0000] {manager.py:499} INFO - Created Permission View: %s
[2023-11-14T21:33:56.795+0000] {logging_mixin.py:154} INFO - [2023-11-14T21:33:56.795+0000] {dag.py:2941} INFO - Sync 1 DAGs
[2023-11-14T21:33:56.825+0000] {logging_mixin.py:154} INFO - [2023-11-14T21:33:56.825+0000] {dag.py:2963} INFO - Creating ORM DAG for example_setup_teardown
[2023-11-14T21:33:56.839+0000] {logging_mixin.py:154} INFO - [2023-11-14T21:33:56.838+0000] {dag.py:3722} INFO - Setting next_dagrun for example_setup_teardown to 2023-11-13T21:33:56.838497+00:00, run_after=2023-11-14T21:33:56.838497+00:00
[2023-11-14T21:33:56.861+0000] {processor.py:179} INFO - Processing /home/airflow/.local/lib/python3.8/site-packages/airflow/example_dags/example_setup_teardown.py took 0.284 seconds
[2023-11-14T21:34:27.520+0000] {processor.py:157} INFO - Started process (PID=110) to work on /home/airflow/.local/lib/python3.8/site-packages/airflow/example_dags/example_setup_teardown.py
[2023-11-14T21:34:27.522+0000] {processor.py:829} INFO - Processing file /home/airflow/.local/lib/python3.8/site-packages/airflow/example_dags/example_setup_teardown.py for tasks to queue
[2023-11-14T21:34:27.524+0000] {logging_mixin.py:154} INFO - [2023-11-14T21:34:27.524+0000] {dagbag.py:536} INFO - Filling up the DagBag from /home/airflow/.local/lib/python3.8/site-packages/airflow/example_dags/example_setup_teardown.py
[2023-11-14T21:34:27.533+0000] {processor.py:839} INFO - DAG(s) dict_keys(['example_setup_teardown']) retrieved from /home/airflow/.local/lib/python3.8/site-packages/airflow/example_dags/example_setup_teardown.py
[2023-11-14T21:34:27.563+0000] {logging_mixin.py:154} INFO - [2023-11-14T21:34:27.562+0000] {dag.py:2941} INFO - Sync 1 DAGs
[2023-11-14T21:34:27.590+0000] {logging_mixin.py:154} INFO - [2023-11-14T21:34:27.590+0000] {dag.py:3722} INFO - Setting next_dagrun for example_setup_teardown to 2023-11-13T21:34:27.589078+00:00, run_after=2023-11-14T21:34:27.589078+00:00
[2023-11-14T21:34:27.613+0000] {processor.py:179} INFO - Processing /home/airflow/.local/lib/python3.8/site-packages/airflow/example_dags/example_setup_teardown.py took 0.097 seconds
[2023-11-14T21:34:57.830+0000] {processor.py:157} INFO - Started process (PID=164) to work on /home/airflow/.local/lib/python3.8/site-packages/airflow/example_dags/example_setup_teardown.py
[2023-11-14T21:34:57.835+0000] {processor.py:829} INFO - Processing file /home/airflow/.local/lib/python3.8/site-packages/airflow/example_dags/example_setup_teardown.py for tasks to queue
[2023-11-14T21:34:57.840+0000] {logging_mixin.py:154} INFO - [2023-11-14T21:34:57.839+0000] {dagbag.py:536} INFO - Filling up the DagBag from /home/airflow/.local/lib/python3.8/site-packages/airflow/example_dags/example_setup_teardown.py
[2023-11-14T21:34:57.848+0000] {processor.py:839} INFO - DAG(s) dict_keys(['example_setup_teardown']) retrieved from /home/airflow/.local/lib/python3.8/site-packages/airflow/example_dags/example_setup_teardown.py
[2023-11-14T21:34:57.882+0000] {logging_mixin.py:154} INFO - [2023-11-14T21:34:57.881+0000] {dag.py:2941} INFO - Sync 1 DAGs
[2023-11-14T21:34:57.914+0000] {logging_mixin.py:154} INFO - [2023-11-14T21:34:57.914+0000] {dag.py:3722} INFO - Setting next_dagrun for example_setup_teardown to 2023-11-13T21:34:57.914404+00:00, run_after=2023-11-14T21:34:57.914404+00:00
[2023-11-14T21:34:57.951+0000] {processor.py:179} INFO - Processing /home/airflow/.local/lib/python3.8/site-packages/airflow/example_dags/example_setup_teardown.py took 0.127 seconds
[2023-11-14T21:35:27.993+0000] {processor.py:157} INFO - Started process (PID=218) to work on /home/airflow/.local/lib/python3.8/site-packages/airflow/example_dags/example_setup_teardown.py
[2023-11-14T21:35:27.994+0000] {processor.py:829} INFO - Processing file /home/airflow/.local/lib/python3.8/site-packages/airflow/example_dags/example_setup_teardown.py for tasks to queue
[2023-11-14T21:35:27.997+0000] {logging_mixin.py:154} INFO - [2023-11-14T21:35:27.996+0000] {dagbag.py:536} INFO - Filling up the DagBag from /home/airflow/.local/lib/python3.8/site-packages/airflow/example_dags/example_setup_teardown.py
[2023-11-14T21:35:28.004+0000] {processor.py:839} INFO - DAG(s) dict_keys(['example_setup_teardown']) retrieved from /home/airflow/.local/lib/python3.8/site-packages/airflow/example_dags/example_setup_teardown.py
[2023-11-14T21:35:28.037+0000] {logging_mixin.py:154} INFO - [2023-11-14T21:35:28.037+0000] {dag.py:2941} INFO - Sync 1 DAGs
[2023-11-14T21:35:28.070+0000] {logging_mixin.py:154} INFO - [2023-11-14T21:35:28.070+0000] {dag.py:3722} INFO - Setting next_dagrun for example_setup_teardown to 2023-11-13T21:35:28.070433+00:00, run_after=2023-11-14T21:35:28.070433+00:00
[2023-11-14T21:35:28.101+0000] {processor.py:179} INFO - Processing /home/airflow/.local/lib/python3.8/site-packages/airflow/example_dags/example_setup_teardown.py took 0.115 seconds
[2023-11-14T21:35:58.828+0000] {processor.py:157} INFO - Started process (PID=272) to work on /home/airflow/.local/lib/python3.8/site-packages/airflow/example_dags/example_setup_teardown.py
[2023-11-14T21:35:58.830+0000] {processor.py:829} INFO - Processing file /home/airflow/.local/lib/python3.8/site-packages/airflow/example_dags/example_setup_teardown.py for tasks to queue
[2023-11-14T21:35:58.833+0000] {logging_mixin.py:154} INFO - [2023-11-14T21:35:58.832+0000] {dagbag.py:536} INFO - Filling up the DagBag from /home/airflow/.local/lib/python3.8/site-packages/airflow/example_dags/example_setup_teardown.py
[2023-11-14T21:35:58.846+0000] {processor.py:839} INFO - DAG(s) dict_keys(['example_setup_teardown']) retrieved from /home/airflow/.local/lib/python3.8/site-packages/airflow/example_dags/example_setup_teardown.py
[2023-11-14T21:35:58.883+0000] {logging_mixin.py:154} INFO - [2023-11-14T21:35:58.883+0000] {dag.py:2941} INFO - Sync 1 DAGs
[2023-11-14T21:35:58.924+0000] {logging_mixin.py:154} INFO - [2023-11-14T21:35:58.924+0000] {dag.py:3722} INFO - Setting next_dagrun for example_setup_teardown to 2023-11-13T21:35:58.923875+00:00, run_after=2023-11-14T21:35:58.923875+00:00
[2023-11-14T21:35:58.954+0000] {processor.py:179} INFO - Processing /home/airflow/.local/lib/python3.8/site-packages/airflow/example_dags/example_setup_teardown.py took 0.131 seconds
[2023-11-14T21:36:29.062+0000] {processor.py:157} INFO - Started process (PID=327) to work on /home/airflow/.local/lib/python3.8/site-packages/airflow/example_dags/example_setup_teardown.py
[2023-11-14T21:36:29.064+0000] {processor.py:829} INFO - Processing file /home/airflow/.local/lib/python3.8/site-packages/airflow/example_dags/example_setup_teardown.py for tasks to queue
[2023-11-14T21:36:29.067+0000] {logging_mixin.py:154} INFO - [2023-11-14T21:36:29.066+0000] {dagbag.py:536} INFO - Filling up the DagBag from /home/airflow/.local/lib/python3.8/site-packages/airflow/example_dags/example_setup_teardown.py
[2023-11-14T21:36:29.074+0000] {processor.py:839} INFO - DAG(s) dict_keys(['example_setup_teardown']) retrieved from /home/airflow/.local/lib/python3.8/site-packages/airflow/example_dags/example_setup_teardown.py
[2023-11-14T21:36:29.102+0000] {logging_mixin.py:154} INFO - [2023-11-14T21:36:29.102+0000] {dag.py:2941} INFO - Sync 1 DAGs
[2023-11-14T21:36:29.130+0000] {logging_mixin.py:154} INFO - [2023-11-14T21:36:29.129+0000] {dag.py:3722} INFO - Setting next_dagrun for example_setup_teardown to 2023-11-13T21:36:29.129660+00:00, run_after=2023-11-14T21:36:29.129660+00:00
[2023-11-14T21:36:29.160+0000] {processor.py:179} INFO - Processing /home/airflow/.local/lib/python3.8/site-packages/airflow/example_dags/example_setup_teardown.py took 0.103 seconds
[2023-11-14T21:36:59.594+0000] {processor.py:157} INFO - Started process (PID=381) to work on /home/airflow/.local/lib/python3.8/site-packages/airflow/example_dags/example_setup_teardown.py
[2023-11-14T21:36:59.595+0000] {processor.py:829} INFO - Processing file /home/airflow/.local/lib/python3.8/site-packages/airflow/example_dags/example_setup_teardown.py for tasks to queue
[2023-11-14T21:36:59.598+0000] {logging_mixin.py:154} INFO - [2023-11-14T21:36:59.597+0000] {dagbag.py:536} INFO - Filling up the DagBag from /home/airflow/.local/lib/python3.8/site-packages/airflow/example_dags/example_setup_teardown.py
[2023-11-14T21:36:59.606+0000] {processor.py:839} INFO - DAG(s) dict_keys(['example_setup_teardown']) retrieved from /home/airflow/.local/lib/python3.8/site-packages/airflow/example_dags/example_setup_teardown.py
[2023-11-14T21:36:59.631+0000] {logging_mixin.py:154} INFO - [2023-11-14T21:36:59.631+0000] {dag.py:2941} INFO - Sync 1 DAGs
[2023-11-14T21:36:59.659+0000] {logging_mixin.py:154} INFO - [2023-11-14T21:36:59.659+0000] {dag.py:3722} INFO - Setting next_dagrun for example_setup_teardown to 2023-11-13T21:36:59.658781+00:00, run_after=2023-11-14T21:36:59.658781+00:00
[2023-11-14T21:36:59.684+0000] {processor.py:179} INFO - Processing /home/airflow/.local/lib/python3.8/site-packages/airflow/example_dags/example_setup_teardown.py took 0.094 seconds
[2023-11-14T21:37:30.179+0000] {processor.py:157} INFO - Started process (PID=435) to work on /home/airflow/.local/lib/python3.8/site-packages/airflow/example_dags/example_setup_teardown.py
[2023-11-14T21:37:30.180+0000] {processor.py:829} INFO - Processing file /home/airflow/.local/lib/python3.8/site-packages/airflow/example_dags/example_setup_teardown.py for tasks to queue
[2023-11-14T21:37:30.184+0000] {logging_mixin.py:154} INFO - [2023-11-14T21:37:30.184+0000] {dagbag.py:536} INFO - Filling up the DagBag from /home/airflow/.local/lib/python3.8/site-packages/airflow/example_dags/example_setup_teardown.py
[2023-11-14T21:37:30.196+0000] {processor.py:839} INFO - DAG(s) dict_keys(['example_setup_teardown']) retrieved from /home/airflow/.local/lib/python3.8/site-packages/airflow/example_dags/example_setup_teardown.py
[2023-11-14T21:37:30.229+0000] {logging_mixin.py:154} INFO - [2023-11-14T21:37:30.228+0000] {dag.py:2941} INFO - Sync 1 DAGs
[2023-11-14T21:37:30.265+0000] {logging_mixin.py:154} INFO - [2023-11-14T21:37:30.265+0000] {dag.py:3722} INFO - Setting next_dagrun for example_setup_teardown to 2023-11-13T21:37:30.264662+00:00, run_after=2023-11-14T21:37:30.264662+00:00
[2023-11-14T21:37:30.305+0000] {processor.py:179} INFO - Processing /home/airflow/.local/lib/python3.8/site-packages/airflow/example_dags/example_setup_teardown.py took 0.132 seconds
[2023-11-14T21:38:00.585+0000] {processor.py:157} INFO - Started process (PID=489) to work on /home/airflow/.local/lib/python3.8/site-packages/airflow/example_dags/example_setup_teardown.py
[2023-11-14T21:38:00.587+0000] {processor.py:829} INFO - Processing file /home/airflow/.local/lib/python3.8/site-packages/airflow/example_dags/example_setup_teardown.py for tasks to queue
[2023-11-14T21:38:00.589+0000] {logging_mixin.py:154} INFO - [2023-11-14T21:38:00.589+0000] {dagbag.py:536} INFO - Filling up the DagBag from /home/airflow/.local/lib/python3.8/site-packages/airflow/example_dags/example_setup_teardown.py
[2023-11-14T21:38:00.599+0000] {processor.py:839} INFO - DAG(s) dict_keys(['example_setup_teardown']) retrieved from /home/airflow/.local/lib/python3.8/site-packages/airflow/example_dags/example_setup_teardown.py
[2023-11-14T21:38:00.624+0000] {logging_mixin.py:154} INFO - [2023-11-14T21:38:00.623+0000] {dag.py:2941} INFO - Sync 1 DAGs
[2023-11-14T21:38:00.655+0000] {logging_mixin.py:154} INFO - [2023-11-14T21:38:00.654+0000] {dag.py:3722} INFO - Setting next_dagrun for example_setup_teardown to 2023-11-13T21:38:00.654600+00:00, run_after=2023-11-14T21:38:00.654600+00:00
[2023-11-14T21:38:00.682+0000] {processor.py:179} INFO - Processing /home/airflow/.local/lib/python3.8/site-packages/airflow/example_dags/example_setup_teardown.py took 0.102 seconds
[2023-11-14T21:38:31.094+0000] {processor.py:157} INFO - Started process (PID=554) to work on /home/airflow/.local/lib/python3.8/site-packages/airflow/example_dags/example_setup_teardown.py
[2023-11-14T21:38:31.095+0000] {processor.py:829} INFO - Processing file /home/airflow/.local/lib/python3.8/site-packages/airflow/example_dags/example_setup_teardown.py for tasks to queue
[2023-11-14T21:38:31.098+0000] {logging_mixin.py:154} INFO - [2023-11-14T21:38:31.097+0000] {dagbag.py:536} INFO - Filling up the DagBag from /home/airflow/.local/lib/python3.8/site-packages/airflow/example_dags/example_setup_teardown.py
[2023-11-14T21:38:31.105+0000] {processor.py:839} INFO - DAG(s) dict_keys(['example_setup_teardown']) retrieved from /home/airflow/.local/lib/python3.8/site-packages/airflow/example_dags/example_setup_teardown.py
[2023-11-14T21:38:31.135+0000] {logging_mixin.py:154} INFO - [2023-11-14T21:38:31.134+0000] {dag.py:2941} INFO - Sync 1 DAGs
[2023-11-14T21:38:31.165+0000] {logging_mixin.py:154} INFO - [2023-11-14T21:38:31.164+0000] {dag.py:3722} INFO - Setting next_dagrun for example_setup_teardown to 2023-11-13T21:38:31.164585+00:00, run_after=2023-11-14T21:38:31.164585+00:00
[2023-11-14T21:38:31.190+0000] {processor.py:179} INFO - Processing /home/airflow/.local/lib/python3.8/site-packages/airflow/example_dags/example_setup_teardown.py took 0.100 seconds
[2023-11-14T21:39:01.292+0000] {processor.py:157} INFO - Started process (PID=608) to work on /home/airflow/.local/lib/python3.8/site-packages/airflow/example_dags/example_setup_teardown.py
[2023-11-14T21:39:01.293+0000] {processor.py:829} INFO - Processing file /home/airflow/.local/lib/python3.8/site-packages/airflow/example_dags/example_setup_teardown.py for tasks to queue
[2023-11-14T21:39:01.296+0000] {logging_mixin.py:154} INFO - [2023-11-14T21:39:01.295+0000] {dagbag.py:536} INFO - Filling up the DagBag from /home/airflow/.local/lib/python3.8/site-packages/airflow/example_dags/example_setup_teardown.py
[2023-11-14T21:39:01.304+0000] {processor.py:839} INFO - DAG(s) dict_keys(['example_setup_teardown']) retrieved from /home/airflow/.local/lib/python3.8/site-packages/airflow/example_dags/example_setup_teardown.py
[2023-11-14T21:39:01.333+0000] {logging_mixin.py:154} INFO - [2023-11-14T21:39:01.333+0000] {dag.py:2941} INFO - Sync 1 DAGs
[2023-11-14T21:39:01.367+0000] {logging_mixin.py:154} INFO - [2023-11-14T21:39:01.367+0000] {dag.py:3722} INFO - Setting next_dagrun for example_setup_teardown to 2023-11-13T21:39:01.367162+00:00, run_after=2023-11-14T21:39:01.367162+00:00
[2023-11-14T21:39:01.392+0000] {processor.py:179} INFO - Processing /home/airflow/.local/lib/python3.8/site-packages/airflow/example_dags/example_setup_teardown.py took 0.105 seconds
[2023-11-14T21:39:31.891+0000] {processor.py:157} INFO - Started process (PID=662) to work on /home/airflow/.local/lib/python3.8/site-packages/airflow/example_dags/example_setup_teardown.py
[2023-11-14T21:39:31.893+0000] {processor.py:829} INFO - Processing file /home/airflow/.local/lib/python3.8/site-packages/airflow/example_dags/example_setup_teardown.py for tasks to queue
[2023-11-14T21:39:31.895+0000] {logging_mixin.py:154} INFO - [2023-11-14T21:39:31.895+0000] {dagbag.py:536} INFO - Filling up the DagBag from /home/airflow/.local/lib/python3.8/site-packages/airflow/example_dags/example_setup_teardown.py
[2023-11-14T21:39:31.906+0000] {processor.py:839} INFO - DAG(s) dict_keys(['example_setup_teardown']) retrieved from /home/airflow/.local/lib/python3.8/site-packages/airflow/example_dags/example_setup_teardown.py
[2023-11-14T21:39:31.939+0000] {logging_mixin.py:154} INFO - [2023-11-14T21:39:31.939+0000] {dag.py:2941} INFO - Sync 1 DAGs
[2023-11-14T21:39:31.975+0000] {logging_mixin.py:154} INFO - [2023-11-14T21:39:31.974+0000] {dag.py:3722} INFO - Setting next_dagrun for example_setup_teardown to 2023-11-13T21:39:31.974616+00:00, run_after=2023-11-14T21:39:31.974616+00:00
[2023-11-14T21:39:32.015+0000] {processor.py:179} INFO - Processing /home/airflow/.local/lib/python3.8/site-packages/airflow/example_dags/example_setup_teardown.py took 0.128 seconds
[2023-11-14T21:40:02.449+0000] {processor.py:157} INFO - Started process (PID=717) to work on /home/airflow/.local/lib/python3.8/site-packages/airflow/example_dags/example_setup_teardown.py
[2023-11-14T21:40:02.450+0000] {processor.py:829} INFO - Processing file /home/airflow/.local/lib/python3.8/site-packages/airflow/example_dags/example_setup_teardown.py for tasks to queue
[2023-11-14T21:40:02.455+0000] {logging_mixin.py:154} INFO - [2023-11-14T21:40:02.454+0000] {dagbag.py:536} INFO - Filling up the DagBag from /home/airflow/.local/lib/python3.8/site-packages/airflow/example_dags/example_setup_teardown.py
[2023-11-14T21:40:02.464+0000] {processor.py:839} INFO - DAG(s) dict_keys(['example_setup_teardown']) retrieved from /home/airflow/.local/lib/python3.8/site-packages/airflow/example_dags/example_setup_teardown.py
[2023-11-14T21:40:02.499+0000] {logging_mixin.py:154} INFO - [2023-11-14T21:40:02.499+0000] {dag.py:2941} INFO - Sync 1 DAGs
[2023-11-14T21:40:02.530+0000] {logging_mixin.py:154} INFO - [2023-11-14T21:40:02.530+0000] {dag.py:3722} INFO - Setting next_dagrun for example_setup_teardown to 2023-11-13T21:40:02.530140+00:00, run_after=2023-11-14T21:40:02.530140+00:00
[2023-11-14T21:40:02.561+0000] {processor.py:179} INFO - Processing /home/airflow/.local/lib/python3.8/site-packages/airflow/example_dags/example_setup_teardown.py took 0.117 seconds
[2023-11-14T21:40:32.872+0000] {processor.py:157} INFO - Started process (PID=772) to work on /home/airflow/.local/lib/python3.8/site-packages/airflow/example_dags/example_setup_teardown.py
[2023-11-14T21:40:32.874+0000] {processor.py:829} INFO - Processing file /home/airflow/.local/lib/python3.8/site-packages/airflow/example_dags/example_setup_teardown.py for tasks to queue
[2023-11-14T21:40:32.878+0000] {logging_mixin.py:154} INFO - [2023-11-14T21:40:32.877+0000] {dagbag.py:536} INFO - Filling up the DagBag from /home/airflow/.local/lib/python3.8/site-packages/airflow/example_dags/example_setup_teardown.py
[2023-11-14T21:40:32.888+0000] {processor.py:839} INFO - DAG(s) dict_keys(['example_setup_teardown']) retrieved from /home/airflow/.local/lib/python3.8/site-packages/airflow/example_dags/example_setup_teardown.py
[2023-11-14T21:40:32.917+0000] {logging_mixin.py:154} INFO - [2023-11-14T21:40:32.917+0000] {dag.py:2941} INFO - Sync 1 DAGs
[2023-11-14T21:40:32.944+0000] {logging_mixin.py:154} INFO - [2023-11-14T21:40:32.944+0000] {dag.py:3722} INFO - Setting next_dagrun for example_setup_teardown to 2023-11-13T21:40:32.944008+00:00, run_after=2023-11-14T21:40:32.944008+00:00
[2023-11-14T21:40:32.969+0000] {processor.py:179} INFO - Processing /home/airflow/.local/lib/python3.8/site-packages/airflow/example_dags/example_setup_teardown.py took 0.101 seconds
[2023-11-14T21:41:03.287+0000] {processor.py:157} INFO - Started process (PID=827) to work on /home/airflow/.local/lib/python3.8/site-packages/airflow/example_dags/example_setup_teardown.py
[2023-11-14T21:41:03.288+0000] {processor.py:829} INFO - Processing file /home/airflow/.local/lib/python3.8/site-packages/airflow/example_dags/example_setup_teardown.py for tasks to queue
[2023-11-14T21:41:03.291+0000] {logging_mixin.py:154} INFO - [2023-11-14T21:41:03.290+0000] {dagbag.py:536} INFO - Filling up the DagBag from /home/airflow/.local/lib/python3.8/site-packages/airflow/example_dags/example_setup_teardown.py
[2023-11-14T21:41:03.298+0000] {processor.py:839} INFO - DAG(s) dict_keys(['example_setup_teardown']) retrieved from /home/airflow/.local/lib/python3.8/site-packages/airflow/example_dags/example_setup_teardown.py
[2023-11-14T21:41:03.323+0000] {logging_mixin.py:154} INFO - [2023-11-14T21:41:03.323+0000] {dag.py:2941} INFO - Sync 1 DAGs
[2023-11-14T21:41:03.351+0000] {logging_mixin.py:154} INFO - [2023-11-14T21:41:03.351+0000] {dag.py:3722} INFO - Setting next_dagrun for example_setup_teardown to 2023-11-13T21:41:03.351071+00:00, run_after=2023-11-14T21:41:03.351071+00:00
[2023-11-14T21:41:03.377+0000] {processor.py:179} INFO - Processing /home/airflow/.local/lib/python3.8/site-packages/airflow/example_dags/example_setup_teardown.py took 0.094 seconds
[2023-11-14T21:41:33.619+0000] {processor.py:157} INFO - Started process (PID=881) to work on /home/airflow/.local/lib/python3.8/site-packages/airflow/example_dags/example_setup_teardown.py
[2023-11-14T21:41:33.620+0000] {processor.py:829} INFO - Processing file /home/airflow/.local/lib/python3.8/site-packages/airflow/example_dags/example_setup_teardown.py for tasks to queue
[2023-11-14T21:41:33.624+0000] {logging_mixin.py:154} INFO - [2023-11-14T21:41:33.623+0000] {dagbag.py:536} INFO - Filling up the DagBag from /home/airflow/.local/lib/python3.8/site-packages/airflow/example_dags/example_setup_teardown.py
[2023-11-14T21:41:33.635+0000] {processor.py:839} INFO - DAG(s) dict_keys(['example_setup_teardown']) retrieved from /home/airflow/.local/lib/python3.8/site-packages/airflow/example_dags/example_setup_teardown.py
[2023-11-14T21:41:33.666+0000] {logging_mixin.py:154} INFO - [2023-11-14T21:41:33.666+0000] {dag.py:2941} INFO - Sync 1 DAGs
[2023-11-14T21:41:33.702+0000] {logging_mixin.py:154} INFO - [2023-11-14T21:41:33.702+0000] {dag.py:3722} INFO - Setting next_dagrun for example_setup_teardown to 2023-11-13T21:41:33.702301+00:00, run_after=2023-11-14T21:41:33.702301+00:00
[2023-11-14T21:41:33.736+0000] {processor.py:179} INFO - Processing /home/airflow/.local/lib/python3.8/site-packages/airflow/example_dags/example_setup_teardown.py took 0.122 seconds
[2023-11-14T21:42:04.027+0000] {processor.py:157} INFO - Started process (PID=935) to work on /home/airflow/.local/lib/python3.8/site-packages/airflow/example_dags/example_setup_teardown.py
[2023-11-14T21:42:04.028+0000] {processor.py:829} INFO - Processing file /home/airflow/.local/lib/python3.8/site-packages/airflow/example_dags/example_setup_teardown.py for tasks to queue
[2023-11-14T21:42:04.030+0000] {logging_mixin.py:154} INFO - [2023-11-14T21:42:04.030+0000] {dagbag.py:536} INFO - Filling up the DagBag from /home/airflow/.local/lib/python3.8/site-packages/airflow/example_dags/example_setup_teardown.py
[2023-11-14T21:42:04.039+0000] {processor.py:839} INFO - DAG(s) dict_keys(['example_setup_teardown']) retrieved from /home/airflow/.local/lib/python3.8/site-packages/airflow/example_dags/example_setup_teardown.py
[2023-11-14T21:42:04.066+0000] {logging_mixin.py:154} INFO - [2023-11-14T21:42:04.066+0000] {dag.py:2941} INFO - Sync 1 DAGs
[2023-11-14T21:42:04.093+0000] {logging_mixin.py:154} INFO - [2023-11-14T21:42:04.093+0000] {dag.py:3722} INFO - Setting next_dagrun for example_setup_teardown to 2023-11-13T21:42:04.092937+00:00, run_after=2023-11-14T21:42:04.092937+00:00
[2023-11-14T21:42:04.117+0000] {processor.py:179} INFO - Processing /home/airflow/.local/lib/python3.8/site-packages/airflow/example_dags/example_setup_teardown.py took 0.094 seconds
[2023-11-14T21:42:34.237+0000] {processor.py:157} INFO - Started process (PID=989) to work on /home/airflow/.local/lib/python3.8/site-packages/airflow/example_dags/example_setup_teardown.py
[2023-11-14T21:42:34.239+0000] {processor.py:829} INFO - Processing file /home/airflow/.local/lib/python3.8/site-packages/airflow/example_dags/example_setup_teardown.py for tasks to queue
[2023-11-14T21:42:34.241+0000] {logging_mixin.py:154} INFO - [2023-11-14T21:42:34.241+0000] {dagbag.py:536} INFO - Filling up the DagBag from /home/airflow/.local/lib/python3.8/site-packages/airflow/example_dags/example_setup_teardown.py
[2023-11-14T21:42:34.249+0000] {processor.py:839} INFO - DAG(s) dict_keys(['example_setup_teardown']) retrieved from /home/airflow/.local/lib/python3.8/site-packages/airflow/example_dags/example_setup_teardown.py
[2023-11-14T21:42:34.275+0000] {logging_mixin.py:154} INFO - [2023-11-14T21:42:34.275+0000] {dag.py:2941} INFO - Sync 1 DAGs
[2023-11-14T21:42:34.302+0000] {logging_mixin.py:154} INFO - [2023-11-14T21:42:34.302+0000] {dag.py:3722} INFO - Setting next_dagrun for example_setup_teardown to 2023-11-13T21:42:34.302265+00:00, run_after=2023-11-14T21:42:34.302265+00:00
[2023-11-14T21:42:34.328+0000] {processor.py:179} INFO - Processing /home/airflow/.local/lib/python3.8/site-packages/airflow/example_dags/example_setup_teardown.py took 0.095 seconds
[2023-11-14T21:43:04.603+0000] {processor.py:157} INFO - Started process (PID=1044) to work on /home/airflow/.local/lib/python3.8/site-packages/airflow/example_dags/example_setup_teardown.py
[2023-11-14T21:43:04.604+0000] {processor.py:829} INFO - Processing file /home/airflow/.local/lib/python3.8/site-packages/airflow/example_dags/example_setup_teardown.py for tasks to queue
[2023-11-14T21:43:04.607+0000] {logging_mixin.py:154} INFO - [2023-11-14T21:43:04.607+0000] {dagbag.py:536} INFO - Filling up the DagBag from /home/airflow/.local/lib/python3.8/site-packages/airflow/example_dags/example_setup_teardown.py
[2023-11-14T21:43:04.614+0000] {processor.py:839} INFO - DAG(s) dict_keys(['example_setup_teardown']) retrieved from /home/airflow/.local/lib/python3.8/site-packages/airflow/example_dags/example_setup_teardown.py
[2023-11-14T21:43:04.641+0000] {logging_mixin.py:154} INFO - [2023-11-14T21:43:04.641+0000] {dag.py:2941} INFO - Sync 1 DAGs
[2023-11-14T21:43:04.669+0000] {logging_mixin.py:154} INFO - [2023-11-14T21:43:04.669+0000] {dag.py:3722} INFO - Setting next_dagrun for example_setup_teardown to 2023-11-13T21:43:04.669222+00:00, run_after=2023-11-14T21:43:04.669222+00:00
[2023-11-14T21:43:04.697+0000] {processor.py:179} INFO - Processing /home/airflow/.local/lib/python3.8/site-packages/airflow/example_dags/example_setup_teardown.py took 0.100 seconds
[2023-11-14T21:43:35.306+0000] {processor.py:157} INFO - Started process (PID=1098) to work on /home/airflow/.local/lib/python3.8/site-packages/airflow/example_dags/example_setup_teardown.py
[2023-11-14T21:43:35.307+0000] {processor.py:829} INFO - Processing file /home/airflow/.local/lib/python3.8/site-packages/airflow/example_dags/example_setup_teardown.py for tasks to queue
[2023-11-14T21:43:35.309+0000] {logging_mixin.py:154} INFO - [2023-11-14T21:43:35.309+0000] {dagbag.py:536} INFO - Filling up the DagBag from /home/airflow/.local/lib/python3.8/site-packages/airflow/example_dags/example_setup_teardown.py
[2023-11-14T21:43:35.318+0000] {processor.py:839} INFO - DAG(s) dict_keys(['example_setup_teardown']) retrieved from /home/airflow/.local/lib/python3.8/site-packages/airflow/example_dags/example_setup_teardown.py
[2023-11-14T21:43:35.345+0000] {logging_mixin.py:154} INFO - [2023-11-14T21:43:35.345+0000] {dag.py:2941} INFO - Sync 1 DAGs
[2023-11-14T21:43:35.375+0000] {logging_mixin.py:154} INFO - [2023-11-14T21:43:35.375+0000] {dag.py:3722} INFO - Setting next_dagrun for example_setup_teardown to 2023-11-13T21:43:35.374788+00:00, run_after=2023-11-14T21:43:35.374788+00:00
[2023-11-14T21:43:35.544+0000] {processor.py:179} INFO - Processing /home/airflow/.local/lib/python3.8/site-packages/airflow/example_dags/example_setup_teardown.py took 0.243 seconds
[2023-11-14T21:44:05.912+0000] {processor.py:157} INFO - Started process (PID=1152) to work on /home/airflow/.local/lib/python3.8/site-packages/airflow/example_dags/example_setup_teardown.py
[2023-11-14T21:44:05.914+0000] {processor.py:829} INFO - Processing file /home/airflow/.local/lib/python3.8/site-packages/airflow/example_dags/example_setup_teardown.py for tasks to queue
[2023-11-14T21:44:05.918+0000] {logging_mixin.py:154} INFO - [2023-11-14T21:44:05.917+0000] {dagbag.py:536} INFO - Filling up the DagBag from /home/airflow/.local/lib/python3.8/site-packages/airflow/example_dags/example_setup_teardown.py
[2023-11-14T21:44:05.927+0000] {processor.py:839} INFO - DAG(s) dict_keys(['example_setup_teardown']) retrieved from /home/airflow/.local/lib/python3.8/site-packages/airflow/example_dags/example_setup_teardown.py
[2023-11-14T21:44:05.960+0000] {logging_mixin.py:154} INFO - [2023-11-14T21:44:05.960+0000] {dag.py:2941} INFO - Sync 1 DAGs
[2023-11-14T21:44:05.993+0000] {logging_mixin.py:154} INFO - [2023-11-14T21:44:05.993+0000] {dag.py:3722} INFO - Setting next_dagrun for example_setup_teardown to 2023-11-13T21:44:05.993098+00:00, run_after=2023-11-14T21:44:05.993098+00:00
[2023-11-14T21:44:06.025+0000] {processor.py:179} INFO - Processing /home/airflow/.local/lib/python3.8/site-packages/airflow/example_dags/example_setup_teardown.py took 0.117 seconds
[2023-11-14T21:44:36.108+0000] {processor.py:157} INFO - Started process (PID=1206) to work on /home/airflow/.local/lib/python3.8/site-packages/airflow/example_dags/example_setup_teardown.py
[2023-11-14T21:44:36.109+0000] {processor.py:829} INFO - Processing file /home/airflow/.local/lib/python3.8/site-packages/airflow/example_dags/example_setup_teardown.py for tasks to queue
[2023-11-14T21:44:36.112+0000] {logging_mixin.py:154} INFO - [2023-11-14T21:44:36.112+0000] {dagbag.py:536} INFO - Filling up the DagBag from /home/airflow/.local/lib/python3.8/site-packages/airflow/example_dags/example_setup_teardown.py
[2023-11-14T21:44:36.121+0000] {processor.py:839} INFO - DAG(s) dict_keys(['example_setup_teardown']) retrieved from /home/airflow/.local/lib/python3.8/site-packages/airflow/example_dags/example_setup_teardown.py
[2023-11-14T21:44:36.149+0000] {logging_mixin.py:154} INFO - [2023-11-14T21:44:36.149+0000] {dag.py:2941} INFO - Sync 1 DAGs
[2023-11-14T21:44:36.179+0000] {logging_mixin.py:154} INFO - [2023-11-14T21:44:36.179+0000] {dag.py:3722} INFO - Setting next_dagrun for example_setup_teardown to 2023-11-13T21:44:36.178754+00:00, run_after=2023-11-14T21:44:36.178754+00:00
[2023-11-14T21:44:36.204+0000] {processor.py:179} INFO - Processing /home/airflow/.local/lib/python3.8/site-packages/airflow/example_dags/example_setup_teardown.py took 0.101 seconds
[2023-11-14T21:45:08.281+0000] {processor.py:157} INFO - Started process (PID=1267) to work on /home/airflow/.local/lib/python3.8/site-packages/airflow/example_dags/example_setup_teardown.py
[2023-11-14T21:45:08.283+0000] {processor.py:829} INFO - Processing file /home/airflow/.local/lib/python3.8/site-packages/airflow/example_dags/example_setup_teardown.py for tasks to queue
[2023-11-14T21:45:08.286+0000] {logging_mixin.py:154} INFO - [2023-11-14T21:45:08.285+0000] {dagbag.py:536} INFO - Filling up the DagBag from /home/airflow/.local/lib/python3.8/site-packages/airflow/example_dags/example_setup_teardown.py
[2023-11-14T21:45:08.294+0000] {processor.py:839} INFO - DAG(s) dict_keys(['example_setup_teardown']) retrieved from /home/airflow/.local/lib/python3.8/site-packages/airflow/example_dags/example_setup_teardown.py
[2023-11-14T21:45:08.321+0000] {logging_mixin.py:154} INFO - [2023-11-14T21:45:08.321+0000] {dag.py:2941} INFO - Sync 1 DAGs
[2023-11-14T21:45:08.491+0000] {logging_mixin.py:154} INFO - [2023-11-14T21:45:08.491+0000] {dag.py:3722} INFO - Setting next_dagrun for example_setup_teardown to 2023-11-13T21:45:08.491221+00:00, run_after=2023-11-14T21:45:08.491221+00:00
[2023-11-14T21:45:08.536+0000] {processor.py:179} INFO - Processing /home/airflow/.local/lib/python3.8/site-packages/airflow/example_dags/example_setup_teardown.py took 0.259 seconds
[2023-11-14T21:45:39.337+0000] {processor.py:157} INFO - Started process (PID=1321) to work on /home/airflow/.local/lib/python3.8/site-packages/airflow/example_dags/example_setup_teardown.py
[2023-11-14T21:45:39.338+0000] {processor.py:829} INFO - Processing file /home/airflow/.local/lib/python3.8/site-packages/airflow/example_dags/example_setup_teardown.py for tasks to queue
[2023-11-14T21:45:39.340+0000] {logging_mixin.py:154} INFO - [2023-11-14T21:45:39.340+0000] {dagbag.py:536} INFO - Filling up the DagBag from /home/airflow/.local/lib/python3.8/site-packages/airflow/example_dags/example_setup_teardown.py
[2023-11-14T21:45:39.348+0000] {processor.py:839} INFO - DAG(s) dict_keys(['example_setup_teardown']) retrieved from /home/airflow/.local/lib/python3.8/site-packages/airflow/example_dags/example_setup_teardown.py
[2023-11-14T21:45:39.372+0000] {logging_mixin.py:154} INFO - [2023-11-14T21:45:39.372+0000] {dag.py:2941} INFO - Sync 1 DAGs
[2023-11-14T21:45:39.398+0000] {logging_mixin.py:154} INFO - [2023-11-14T21:45:39.398+0000] {dag.py:3722} INFO - Setting next_dagrun for example_setup_teardown to 2023-11-13T21:45:39.397846+00:00, run_after=2023-11-14T21:45:39.397846+00:00
[2023-11-14T21:45:39.422+0000] {processor.py:179} INFO - Processing /home/airflow/.local/lib/python3.8/site-packages/airflow/example_dags/example_setup_teardown.py took 0.090 seconds
[2023-11-14T21:46:09.584+0000] {processor.py:157} INFO - Started process (PID=1375) to work on /home/airflow/.local/lib/python3.8/site-packages/airflow/example_dags/example_setup_teardown.py
[2023-11-14T21:46:09.585+0000] {processor.py:829} INFO - Processing file /home/airflow/.local/lib/python3.8/site-packages/airflow/example_dags/example_setup_teardown.py for tasks to queue
[2023-11-14T21:46:09.587+0000] {logging_mixin.py:154} INFO - [2023-11-14T21:46:09.587+0000] {dagbag.py:536} INFO - Filling up the DagBag from /home/airflow/.local/lib/python3.8/site-packages/airflow/example_dags/example_setup_teardown.py
[2023-11-14T21:46:09.595+0000] {processor.py:839} INFO - DAG(s) dict_keys(['example_setup_teardown']) retrieved from /home/airflow/.local/lib/python3.8/site-packages/airflow/example_dags/example_setup_teardown.py
[2023-11-14T21:46:09.619+0000] {logging_mixin.py:154} INFO - [2023-11-14T21:46:09.619+0000] {dag.py:2941} INFO - Sync 1 DAGs
[2023-11-14T21:46:09.649+0000] {logging_mixin.py:154} INFO - [2023-11-14T21:46:09.649+0000] {dag.py:3722} INFO - Setting next_dagrun for example_setup_teardown to 2023-11-13T21:46:09.648852+00:00, run_after=2023-11-14T21:46:09.648852+00:00
[2023-11-14T21:46:09.673+0000] {processor.py:179} INFO - Processing /home/airflow/.local/lib/python3.8/site-packages/airflow/example_dags/example_setup_teardown.py took 0.093 seconds
[2023-11-14T21:46:40.189+0000] {processor.py:157} INFO - Started process (PID=1429) to work on /home/airflow/.local/lib/python3.8/site-packages/airflow/example_dags/example_setup_teardown.py
[2023-11-14T21:46:40.190+0000] {processor.py:829} INFO - Processing file /home/airflow/.local/lib/python3.8/site-packages/airflow/example_dags/example_setup_teardown.py for tasks to queue
[2023-11-14T21:46:40.193+0000] {logging_mixin.py:154} INFO - [2023-11-14T21:46:40.192+0000] {dagbag.py:536} INFO - Filling up the DagBag from /home/airflow/.local/lib/python3.8/site-packages/airflow/example_dags/example_setup_teardown.py
[2023-11-14T21:46:40.203+0000] {processor.py:839} INFO - DAG(s) dict_keys(['example_setup_teardown']) retrieved from /home/airflow/.local/lib/python3.8/site-packages/airflow/example_dags/example_setup_teardown.py
[2023-11-14T21:46:40.236+0000] {logging_mixin.py:154} INFO - [2023-11-14T21:46:40.236+0000] {dag.py:2941} INFO - Sync 1 DAGs
[2023-11-14T21:46:40.427+0000] {logging_mixin.py:154} INFO - [2023-11-14T21:46:40.426+0000] {dag.py:3722} INFO - Setting next_dagrun for example_setup_teardown to 2023-11-13T21:46:40.426334+00:00, run_after=2023-11-14T21:46:40.426334+00:00
[2023-11-14T21:46:40.462+0000] {processor.py:179} INFO - Processing /home/airflow/.local/lib/python3.8/site-packages/airflow/example_dags/example_setup_teardown.py took 0.279 seconds
[2023-11-14T21:47:10.526+0000] {processor.py:157} INFO - Started process (PID=1483) to work on /home/airflow/.local/lib/python3.8/site-packages/airflow/example_dags/example_setup_teardown.py
[2023-11-14T21:47:10.528+0000] {processor.py:829} INFO - Processing file /home/airflow/.local/lib/python3.8/site-packages/airflow/example_dags/example_setup_teardown.py for tasks to queue
[2023-11-14T21:47:10.531+0000] {logging_mixin.py:154} INFO - [2023-11-14T21:47:10.530+0000] {dagbag.py:536} INFO - Filling up the DagBag from /home/airflow/.local/lib/python3.8/site-packages/airflow/example_dags/example_setup_teardown.py
[2023-11-14T21:47:10.542+0000] {processor.py:839} INFO - DAG(s) dict_keys(['example_setup_teardown']) retrieved from /home/airflow/.local/lib/python3.8/site-packages/airflow/example_dags/example_setup_teardown.py
[2023-11-14T21:47:10.583+0000] {logging_mixin.py:154} INFO - [2023-11-14T21:47:10.582+0000] {dag.py:2941} INFO - Sync 1 DAGs
[2023-11-14T21:47:10.622+0000] {logging_mixin.py:154} INFO - [2023-11-14T21:47:10.622+0000] {dag.py:3722} INFO - Setting next_dagrun for example_setup_teardown to 2023-11-13T21:47:10.622321+00:00, run_after=2023-11-14T21:47:10.622321+00:00
[2023-11-14T21:47:10.648+0000] {processor.py:179} INFO - Processing /home/airflow/.local/lib/python3.8/site-packages/airflow/example_dags/example_setup_teardown.py took 0.127 seconds
[2023-11-14T21:47:41.957+0000] {processor.py:157} INFO - Started process (PID=1537) to work on /home/airflow/.local/lib/python3.8/site-packages/airflow/example_dags/example_setup_teardown.py
[2023-11-14T21:47:41.958+0000] {processor.py:829} INFO - Processing file /home/airflow/.local/lib/python3.8/site-packages/airflow/example_dags/example_setup_teardown.py for tasks to queue
[2023-11-14T21:47:41.961+0000] {logging_mixin.py:154} INFO - [2023-11-14T21:47:41.961+0000] {dagbag.py:536} INFO - Filling up the DagBag from /home/airflow/.local/lib/python3.8/site-packages/airflow/example_dags/example_setup_teardown.py
[2023-11-14T21:47:41.971+0000] {processor.py:839} INFO - DAG(s) dict_keys(['example_setup_teardown']) retrieved from /home/airflow/.local/lib/python3.8/site-packages/airflow/example_dags/example_setup_teardown.py
[2023-11-14T21:47:42.174+0000] {logging_mixin.py:154} INFO - [2023-11-14T21:47:42.174+0000] {dag.py:2941} INFO - Sync 1 DAGs
[2023-11-14T21:47:42.203+0000] {logging_mixin.py:154} INFO - [2023-11-14T21:47:42.203+0000] {dag.py:3722} INFO - Setting next_dagrun for example_setup_teardown to 2023-11-13T21:47:42.203080+00:00, run_after=2023-11-14T21:47:42.203080+00:00
[2023-11-14T21:47:42.238+0000] {processor.py:179} INFO - Processing /home/airflow/.local/lib/python3.8/site-packages/airflow/example_dags/example_setup_teardown.py took 0.286 seconds
[2023-11-14T21:48:12.729+0000] {processor.py:157} INFO - Started process (PID=1592) to work on /home/airflow/.local/lib/python3.8/site-packages/airflow/example_dags/example_setup_teardown.py
[2023-11-14T21:48:12.732+0000] {processor.py:829} INFO - Processing file /home/airflow/.local/lib/python3.8/site-packages/airflow/example_dags/example_setup_teardown.py for tasks to queue
[2023-11-14T21:48:12.735+0000] {logging_mixin.py:154} INFO - [2023-11-14T21:48:12.735+0000] {dagbag.py:536} INFO - Filling up the DagBag from /home/airflow/.local/lib/python3.8/site-packages/airflow/example_dags/example_setup_teardown.py
[2023-11-14T21:48:12.744+0000] {processor.py:839} INFO - DAG(s) dict_keys(['example_setup_teardown']) retrieved from /home/airflow/.local/lib/python3.8/site-packages/airflow/example_dags/example_setup_teardown.py
[2023-11-14T21:48:12.809+0000] {logging_mixin.py:154} INFO - [2023-11-14T21:48:12.809+0000] {dag.py:2941} INFO - Sync 1 DAGs
[2023-11-14T21:48:12.994+0000] {logging_mixin.py:154} INFO - [2023-11-14T21:48:12.994+0000] {dag.py:3722} INFO - Setting next_dagrun for example_setup_teardown to 2023-11-13T21:48:12.993602+00:00, run_after=2023-11-14T21:48:12.993602+00:00
[2023-11-14T21:48:13.034+0000] {processor.py:179} INFO - Processing /home/airflow/.local/lib/python3.8/site-packages/airflow/example_dags/example_setup_teardown.py took 0.312 seconds
[2023-11-14T21:48:43.925+0000] {processor.py:157} INFO - Started process (PID=1646) to work on /home/airflow/.local/lib/python3.8/site-packages/airflow/example_dags/example_setup_teardown.py
[2023-11-14T21:48:43.926+0000] {processor.py:829} INFO - Processing file /home/airflow/.local/lib/python3.8/site-packages/airflow/example_dags/example_setup_teardown.py for tasks to queue
[2023-11-14T21:48:43.929+0000] {logging_mixin.py:154} INFO - [2023-11-14T21:48:43.929+0000] {dagbag.py:536} INFO - Filling up the DagBag from /home/airflow/.local/lib/python3.8/site-packages/airflow/example_dags/example_setup_teardown.py
[2023-11-14T21:48:43.938+0000] {processor.py:839} INFO - DAG(s) dict_keys(['example_setup_teardown']) retrieved from /home/airflow/.local/lib/python3.8/site-packages/airflow/example_dags/example_setup_teardown.py
[2023-11-14T21:48:43.967+0000] {logging_mixin.py:154} INFO - [2023-11-14T21:48:43.967+0000] {dag.py:2941} INFO - Sync 1 DAGs
[2023-11-14T21:48:43.995+0000] {logging_mixin.py:154} INFO - [2023-11-14T21:48:43.994+0000] {dag.py:3722} INFO - Setting next_dagrun for example_setup_teardown to 2023-11-13T21:48:43.994612+00:00, run_after=2023-11-14T21:48:43.994612+00:00
[2023-11-14T21:48:44.018+0000] {processor.py:179} INFO - Processing /home/airflow/.local/lib/python3.8/site-packages/airflow/example_dags/example_setup_teardown.py took 0.098 seconds
[2023-11-14T21:49:14.237+0000] {processor.py:157} INFO - Started process (PID=1700) to work on /home/airflow/.local/lib/python3.8/site-packages/airflow/example_dags/example_setup_teardown.py
[2023-11-14T21:49:14.239+0000] {processor.py:829} INFO - Processing file /home/airflow/.local/lib/python3.8/site-packages/airflow/example_dags/example_setup_teardown.py for tasks to queue
[2023-11-14T21:49:14.241+0000] {logging_mixin.py:154} INFO - [2023-11-14T21:49:14.241+0000] {dagbag.py:536} INFO - Filling up the DagBag from /home/airflow/.local/lib/python3.8/site-packages/airflow/example_dags/example_setup_teardown.py
[2023-11-14T21:49:14.248+0000] {processor.py:839} INFO - DAG(s) dict_keys(['example_setup_teardown']) retrieved from /home/airflow/.local/lib/python3.8/site-packages/airflow/example_dags/example_setup_teardown.py
[2023-11-14T21:49:14.274+0000] {logging_mixin.py:154} INFO - [2023-11-14T21:49:14.274+0000] {dag.py:2941} INFO - Sync 1 DAGs
[2023-11-14T21:49:14.442+0000] {logging_mixin.py:154} INFO - [2023-11-14T21:49:14.442+0000] {dag.py:3722} INFO - Setting next_dagrun for example_setup_teardown to 2023-11-13T21:49:14.442029+00:00, run_after=2023-11-14T21:49:14.442029+00:00
[2023-11-14T21:49:14.478+0000] {processor.py:179} INFO - Processing /home/airflow/.local/lib/python3.8/site-packages/airflow/example_dags/example_setup_teardown.py took 0.245 seconds
[2023-11-14T21:49:44.704+0000] {processor.py:157} INFO - Started process (PID=1754) to work on /home/airflow/.local/lib/python3.8/site-packages/airflow/example_dags/example_setup_teardown.py
[2023-11-14T21:49:44.705+0000] {processor.py:829} INFO - Processing file /home/airflow/.local/lib/python3.8/site-packages/airflow/example_dags/example_setup_teardown.py for tasks to queue
[2023-11-14T21:49:44.708+0000] {logging_mixin.py:154} INFO - [2023-11-14T21:49:44.708+0000] {dagbag.py:536} INFO - Filling up the DagBag from /home/airflow/.local/lib/python3.8/site-packages/airflow/example_dags/example_setup_teardown.py
[2023-11-14T21:49:44.716+0000] {processor.py:839} INFO - DAG(s) dict_keys(['example_setup_teardown']) retrieved from /home/airflow/.local/lib/python3.8/site-packages/airflow/example_dags/example_setup_teardown.py
[2023-11-14T21:49:44.742+0000] {logging_mixin.py:154} INFO - [2023-11-14T21:49:44.741+0000] {dag.py:2941} INFO - Sync 1 DAGs
[2023-11-14T21:49:44.769+0000] {logging_mixin.py:154} INFO - [2023-11-14T21:49:44.768+0000] {dag.py:3722} INFO - Setting next_dagrun for example_setup_teardown to 2023-11-13T21:49:44.768326+00:00, run_after=2023-11-14T21:49:44.768326+00:00
[2023-11-14T21:49:44.792+0000] {processor.py:179} INFO - Processing /home/airflow/.local/lib/python3.8/site-packages/airflow/example_dags/example_setup_teardown.py took 0.093 seconds
[2023-11-14T21:50:15.457+0000] {processor.py:157} INFO - Started process (PID=1808) to work on /home/airflow/.local/lib/python3.8/site-packages/airflow/example_dags/example_setup_teardown.py
[2023-11-14T21:50:15.458+0000] {processor.py:829} INFO - Processing file /home/airflow/.local/lib/python3.8/site-packages/airflow/example_dags/example_setup_teardown.py for tasks to queue
[2023-11-14T21:50:15.461+0000] {logging_mixin.py:154} INFO - [2023-11-14T21:50:15.461+0000] {dagbag.py:536} INFO - Filling up the DagBag from /home/airflow/.local/lib/python3.8/site-packages/airflow/example_dags/example_setup_teardown.py
[2023-11-14T21:50:15.470+0000] {processor.py:839} INFO - DAG(s) dict_keys(['example_setup_teardown']) retrieved from /home/airflow/.local/lib/python3.8/site-packages/airflow/example_dags/example_setup_teardown.py
[2023-11-14T21:50:15.496+0000] {logging_mixin.py:154} INFO - [2023-11-14T21:50:15.496+0000] {dag.py:2941} INFO - Sync 1 DAGs
[2023-11-14T21:50:15.522+0000] {logging_mixin.py:154} INFO - [2023-11-14T21:50:15.522+0000] {dag.py:3722} INFO - Setting next_dagrun for example_setup_teardown to 2023-11-13T21:50:15.522292+00:00, run_after=2023-11-14T21:50:15.522292+00:00
[2023-11-14T21:50:15.550+0000] {processor.py:179} INFO - Processing /home/airflow/.local/lib/python3.8/site-packages/airflow/example_dags/example_setup_teardown.py took 0.097 seconds
[2023-11-14T21:50:45.835+0000] {processor.py:157} INFO - Started process (PID=1862) to work on /home/airflow/.local/lib/python3.8/site-packages/airflow/example_dags/example_setup_teardown.py
[2023-11-14T21:50:45.836+0000] {processor.py:829} INFO - Processing file /home/airflow/.local/lib/python3.8/site-packages/airflow/example_dags/example_setup_teardown.py for tasks to queue
[2023-11-14T21:50:45.840+0000] {logging_mixin.py:154} INFO - [2023-11-14T21:50:45.840+0000] {dagbag.py:536} INFO - Filling up the DagBag from /home/airflow/.local/lib/python3.8/site-packages/airflow/example_dags/example_setup_teardown.py
[2023-11-14T21:50:45.852+0000] {processor.py:839} INFO - DAG(s) dict_keys(['example_setup_teardown']) retrieved from /home/airflow/.local/lib/python3.8/site-packages/airflow/example_dags/example_setup_teardown.py
[2023-11-14T21:50:45.882+0000] {logging_mixin.py:154} INFO - [2023-11-14T21:50:45.882+0000] {dag.py:2941} INFO - Sync 1 DAGs
[2023-11-14T21:50:45.913+0000] {logging_mixin.py:154} INFO - [2023-11-14T21:50:45.913+0000] {dag.py:3722} INFO - Setting next_dagrun for example_setup_teardown to 2023-11-13T21:50:45.912949+00:00, run_after=2023-11-14T21:50:45.912949+00:00
[2023-11-14T21:50:45.941+0000] {processor.py:179} INFO - Processing /home/airflow/.local/lib/python3.8/site-packages/airflow/example_dags/example_setup_teardown.py took 0.111 seconds
[2023-11-14T21:51:16.413+0000] {processor.py:157} INFO - Started process (PID=1916) to work on /home/airflow/.local/lib/python3.8/site-packages/airflow/example_dags/example_setup_teardown.py
[2023-11-14T21:51:16.415+0000] {processor.py:829} INFO - Processing file /home/airflow/.local/lib/python3.8/site-packages/airflow/example_dags/example_setup_teardown.py for tasks to queue
[2023-11-14T21:51:16.418+0000] {logging_mixin.py:154} INFO - [2023-11-14T21:51:16.418+0000] {dagbag.py:536} INFO - Filling up the DagBag from /home/airflow/.local/lib/python3.8/site-packages/airflow/example_dags/example_setup_teardown.py
[2023-11-14T21:51:16.430+0000] {processor.py:839} INFO - DAG(s) dict_keys(['example_setup_teardown']) retrieved from /home/airflow/.local/lib/python3.8/site-packages/airflow/example_dags/example_setup_teardown.py
[2023-11-14T21:51:16.462+0000] {logging_mixin.py:154} INFO - [2023-11-14T21:51:16.462+0000] {dag.py:2941} INFO - Sync 1 DAGs
[2023-11-14T21:51:16.504+0000] {logging_mixin.py:154} INFO - [2023-11-14T21:51:16.503+0000] {dag.py:3722} INFO - Setting next_dagrun for example_setup_teardown to 2023-11-13T21:51:16.502851+00:00, run_after=2023-11-14T21:51:16.502851+00:00
[2023-11-14T21:51:16.539+0000] {processor.py:179} INFO - Processing /home/airflow/.local/lib/python3.8/site-packages/airflow/example_dags/example_setup_teardown.py took 0.131 seconds
[2023-11-14T21:51:46.920+0000] {processor.py:157} INFO - Started process (PID=1970) to work on /home/airflow/.local/lib/python3.8/site-packages/airflow/example_dags/example_setup_teardown.py
[2023-11-14T21:51:46.922+0000] {processor.py:829} INFO - Processing file /home/airflow/.local/lib/python3.8/site-packages/airflow/example_dags/example_setup_teardown.py for tasks to queue
[2023-11-14T21:51:46.924+0000] {logging_mixin.py:154} INFO - [2023-11-14T21:51:46.924+0000] {dagbag.py:536} INFO - Filling up the DagBag from /home/airflow/.local/lib/python3.8/site-packages/airflow/example_dags/example_setup_teardown.py
[2023-11-14T21:51:46.932+0000] {processor.py:839} INFO - DAG(s) dict_keys(['example_setup_teardown']) retrieved from /home/airflow/.local/lib/python3.8/site-packages/airflow/example_dags/example_setup_teardown.py
[2023-11-14T21:51:46.958+0000] {logging_mixin.py:154} INFO - [2023-11-14T21:51:46.958+0000] {dag.py:2941} INFO - Sync 1 DAGs
[2023-11-14T21:51:46.985+0000] {logging_mixin.py:154} INFO - [2023-11-14T21:51:46.985+0000] {dag.py:3722} INFO - Setting next_dagrun for example_setup_teardown to 2023-11-13T21:51:46.984751+00:00, run_after=2023-11-14T21:51:46.984751+00:00
[2023-11-14T21:51:47.009+0000] {processor.py:179} INFO - Processing /home/airflow/.local/lib/python3.8/site-packages/airflow/example_dags/example_setup_teardown.py took 0.093 seconds
[2023-11-14T21:52:17.712+0000] {processor.py:157} INFO - Started process (PID=2025) to work on /home/airflow/.local/lib/python3.8/site-packages/airflow/example_dags/example_setup_teardown.py
[2023-11-14T21:52:17.713+0000] {processor.py:829} INFO - Processing file /home/airflow/.local/lib/python3.8/site-packages/airflow/example_dags/example_setup_teardown.py for tasks to queue
[2023-11-14T21:52:17.716+0000] {logging_mixin.py:154} INFO - [2023-11-14T21:52:17.716+0000] {dagbag.py:536} INFO - Filling up the DagBag from /home/airflow/.local/lib/python3.8/site-packages/airflow/example_dags/example_setup_teardown.py
[2023-11-14T21:52:17.724+0000] {processor.py:839} INFO - DAG(s) dict_keys(['example_setup_teardown']) retrieved from /home/airflow/.local/lib/python3.8/site-packages/airflow/example_dags/example_setup_teardown.py
[2023-11-14T21:52:17.751+0000] {logging_mixin.py:154} INFO - [2023-11-14T21:52:17.751+0000] {dag.py:2941} INFO - Sync 1 DAGs
[2023-11-14T21:52:17.779+0000] {logging_mixin.py:154} INFO - [2023-11-14T21:52:17.779+0000] {dag.py:3722} INFO - Setting next_dagrun for example_setup_teardown to 2023-11-13T21:52:17.779093+00:00, run_after=2023-11-14T21:52:17.779093+00:00
[2023-11-14T21:52:17.804+0000] {processor.py:179} INFO - Processing /home/airflow/.local/lib/python3.8/site-packages/airflow/example_dags/example_setup_teardown.py took 0.096 seconds
[2023-11-14T21:52:48.012+0000] {processor.py:157} INFO - Started process (PID=2079) to work on /home/airflow/.local/lib/python3.8/site-packages/airflow/example_dags/example_setup_teardown.py
[2023-11-14T21:52:48.013+0000] {processor.py:829} INFO - Processing file /home/airflow/.local/lib/python3.8/site-packages/airflow/example_dags/example_setup_teardown.py for tasks to queue
[2023-11-14T21:52:48.016+0000] {logging_mixin.py:154} INFO - [2023-11-14T21:52:48.015+0000] {dagbag.py:536} INFO - Filling up the DagBag from /home/airflow/.local/lib/python3.8/site-packages/airflow/example_dags/example_setup_teardown.py
[2023-11-14T21:52:48.023+0000] {processor.py:839} INFO - DAG(s) dict_keys(['example_setup_teardown']) retrieved from /home/airflow/.local/lib/python3.8/site-packages/airflow/example_dags/example_setup_teardown.py
[2023-11-14T21:52:48.048+0000] {logging_mixin.py:154} INFO - [2023-11-14T21:52:48.048+0000] {dag.py:2941} INFO - Sync 1 DAGs
[2023-11-14T21:52:48.075+0000] {logging_mixin.py:154} INFO - [2023-11-14T21:52:48.075+0000] {dag.py:3722} INFO - Setting next_dagrun for example_setup_teardown to 2023-11-13T21:52:48.075002+00:00, run_after=2023-11-14T21:52:48.075002+00:00
[2023-11-14T21:52:48.099+0000] {processor.py:179} INFO - Processing /home/airflow/.local/lib/python3.8/site-packages/airflow/example_dags/example_setup_teardown.py took 0.091 seconds
[2023-11-14T21:53:18.808+0000] {processor.py:157} INFO - Started process (PID=2133) to work on /home/airflow/.local/lib/python3.8/site-packages/airflow/example_dags/example_setup_teardown.py
[2023-11-14T21:53:18.810+0000] {processor.py:829} INFO - Processing file /home/airflow/.local/lib/python3.8/site-packages/airflow/example_dags/example_setup_teardown.py for tasks to queue
[2023-11-14T21:53:18.814+0000] {logging_mixin.py:154} INFO - [2023-11-14T21:53:18.814+0000] {dagbag.py:536} INFO - Filling up the DagBag from /home/airflow/.local/lib/python3.8/site-packages/airflow/example_dags/example_setup_teardown.py
[2023-11-14T21:53:18.831+0000] {processor.py:839} INFO - DAG(s) dict_keys(['example_setup_teardown']) retrieved from /home/airflow/.local/lib/python3.8/site-packages/airflow/example_dags/example_setup_teardown.py
[2023-11-14T21:53:18.862+0000] {logging_mixin.py:154} INFO - [2023-11-14T21:53:18.862+0000] {dag.py:2941} INFO - Sync 1 DAGs
[2023-11-14T21:53:18.901+0000] {logging_mixin.py:154} INFO - [2023-11-14T21:53:18.901+0000] {dag.py:3722} INFO - Setting next_dagrun for example_setup_teardown to 2023-11-13T21:53:18.901453+00:00, run_after=2023-11-14T21:53:18.901453+00:00
[2023-11-14T21:53:18.927+0000] {processor.py:179} INFO - Processing /home/airflow/.local/lib/python3.8/site-packages/airflow/example_dags/example_setup_teardown.py took 0.126 seconds
[2023-11-14T21:53:49.614+0000] {processor.py:157} INFO - Started process (PID=2187) to work on /home/airflow/.local/lib/python3.8/site-packages/airflow/example_dags/example_setup_teardown.py
[2023-11-14T21:53:49.614+0000] {processor.py:829} INFO - Processing file /home/airflow/.local/lib/python3.8/site-packages/airflow/example_dags/example_setup_teardown.py for tasks to queue
[2023-11-14T21:53:49.617+0000] {logging_mixin.py:154} INFO - [2023-11-14T21:53:49.617+0000] {dagbag.py:536} INFO - Filling up the DagBag from /home/airflow/.local/lib/python3.8/site-packages/airflow/example_dags/example_setup_teardown.py
[2023-11-14T21:53:49.627+0000] {processor.py:839} INFO - DAG(s) dict_keys(['example_setup_teardown']) retrieved from /home/airflow/.local/lib/python3.8/site-packages/airflow/example_dags/example_setup_teardown.py
[2023-11-14T21:53:49.654+0000] {logging_mixin.py:154} INFO - [2023-11-14T21:53:49.654+0000] {dag.py:2941} INFO - Sync 1 DAGs
[2023-11-14T21:53:49.684+0000] {logging_mixin.py:154} INFO - [2023-11-14T21:53:49.684+0000] {dag.py:3722} INFO - Setting next_dagrun for example_setup_teardown to 2023-11-13T21:53:49.683859+00:00, run_after=2023-11-14T21:53:49.683859+00:00
[2023-11-14T21:53:49.712+0000] {processor.py:179} INFO - Processing /home/airflow/.local/lib/python3.8/site-packages/airflow/example_dags/example_setup_teardown.py took 0.102 seconds
[2023-11-14T21:54:20.259+0000] {processor.py:157} INFO - Started process (PID=2241) to work on /home/airflow/.local/lib/python3.8/site-packages/airflow/example_dags/example_setup_teardown.py
[2023-11-14T21:54:20.261+0000] {processor.py:829} INFO - Processing file /home/airflow/.local/lib/python3.8/site-packages/airflow/example_dags/example_setup_teardown.py for tasks to queue
[2023-11-14T21:54:20.264+0000] {logging_mixin.py:154} INFO - [2023-11-14T21:54:20.264+0000] {dagbag.py:536} INFO - Filling up the DagBag from /home/airflow/.local/lib/python3.8/site-packages/airflow/example_dags/example_setup_teardown.py
[2023-11-14T21:54:20.276+0000] {processor.py:839} INFO - DAG(s) dict_keys(['example_setup_teardown']) retrieved from /home/airflow/.local/lib/python3.8/site-packages/airflow/example_dags/example_setup_teardown.py
[2023-11-14T21:54:20.310+0000] {logging_mixin.py:154} INFO - [2023-11-14T21:54:20.310+0000] {dag.py:2941} INFO - Sync 1 DAGs
[2023-11-14T21:54:20.344+0000] {logging_mixin.py:154} INFO - [2023-11-14T21:54:20.344+0000] {dag.py:3722} INFO - Setting next_dagrun for example_setup_teardown to 2023-11-13T21:54:20.343966+00:00, run_after=2023-11-14T21:54:20.343966+00:00
[2023-11-14T21:54:20.371+0000] {processor.py:179} INFO - Processing /home/airflow/.local/lib/python3.8/site-packages/airflow/example_dags/example_setup_teardown.py took 0.117 seconds
[2023-11-14T21:54:51.111+0000] {processor.py:157} INFO - Started process (PID=2295) to work on /home/airflow/.local/lib/python3.8/site-packages/airflow/example_dags/example_setup_teardown.py
[2023-11-14T21:54:51.113+0000] {processor.py:829} INFO - Processing file /home/airflow/.local/lib/python3.8/site-packages/airflow/example_dags/example_setup_teardown.py for tasks to queue
[2023-11-14T21:54:51.117+0000] {logging_mixin.py:154} INFO - [2023-11-14T21:54:51.116+0000] {dagbag.py:536} INFO - Filling up the DagBag from /home/airflow/.local/lib/python3.8/site-packages/airflow/example_dags/example_setup_teardown.py
[2023-11-14T21:54:51.132+0000] {processor.py:839} INFO - DAG(s) dict_keys(['example_setup_teardown']) retrieved from /home/airflow/.local/lib/python3.8/site-packages/airflow/example_dags/example_setup_teardown.py
[2023-11-14T21:54:51.160+0000] {logging_mixin.py:154} INFO - [2023-11-14T21:54:51.160+0000] {dag.py:2941} INFO - Sync 1 DAGs
[2023-11-14T21:54:51.191+0000] {logging_mixin.py:154} INFO - [2023-11-14T21:54:51.190+0000] {dag.py:3722} INFO - Setting next_dagrun for example_setup_teardown to 2023-11-13T21:54:51.190602+00:00, run_after=2023-11-14T21:54:51.190602+00:00
[2023-11-14T21:54:51.217+0000] {processor.py:179} INFO - Processing /home/airflow/.local/lib/python3.8/site-packages/airflow/example_dags/example_setup_teardown.py took 0.111 seconds
[2023-11-14T21:55:21.295+0000] {processor.py:157} INFO - Started process (PID=2350) to work on /home/airflow/.local/lib/python3.8/site-packages/airflow/example_dags/example_setup_teardown.py
[2023-11-14T21:55:21.296+0000] {processor.py:829} INFO - Processing file /home/airflow/.local/lib/python3.8/site-packages/airflow/example_dags/example_setup_teardown.py for tasks to queue
[2023-11-14T21:55:21.299+0000] {logging_mixin.py:154} INFO - [2023-11-14T21:55:21.299+0000] {dagbag.py:536} INFO - Filling up the DagBag from /home/airflow/.local/lib/python3.8/site-packages/airflow/example_dags/example_setup_teardown.py
[2023-11-14T21:55:21.308+0000] {processor.py:839} INFO - DAG(s) dict_keys(['example_setup_teardown']) retrieved from /home/airflow/.local/lib/python3.8/site-packages/airflow/example_dags/example_setup_teardown.py
[2023-11-14T21:55:21.334+0000] {logging_mixin.py:154} INFO - [2023-11-14T21:55:21.334+0000] {dag.py:2941} INFO - Sync 1 DAGs
[2023-11-14T21:55:21.365+0000] {logging_mixin.py:154} INFO - [2023-11-14T21:55:21.364+0000] {dag.py:3722} INFO - Setting next_dagrun for example_setup_teardown to 2023-11-13T21:55:21.364429+00:00, run_after=2023-11-14T21:55:21.364429+00:00
[2023-11-14T21:55:21.410+0000] {processor.py:179} INFO - Processing /home/airflow/.local/lib/python3.8/site-packages/airflow/example_dags/example_setup_teardown.py took 0.120 seconds
[2023-11-14T21:55:51.905+0000] {processor.py:157} INFO - Started process (PID=2404) to work on /home/airflow/.local/lib/python3.8/site-packages/airflow/example_dags/example_setup_teardown.py
[2023-11-14T21:55:51.907+0000] {processor.py:829} INFO - Processing file /home/airflow/.local/lib/python3.8/site-packages/airflow/example_dags/example_setup_teardown.py for tasks to queue
[2023-11-14T21:55:51.910+0000] {logging_mixin.py:154} INFO - [2023-11-14T21:55:51.909+0000] {dagbag.py:536} INFO - Filling up the DagBag from /home/airflow/.local/lib/python3.8/site-packages/airflow/example_dags/example_setup_teardown.py
[2023-11-14T21:55:51.918+0000] {processor.py:839} INFO - DAG(s) dict_keys(['example_setup_teardown']) retrieved from /home/airflow/.local/lib/python3.8/site-packages/airflow/example_dags/example_setup_teardown.py
[2023-11-14T21:55:51.946+0000] {logging_mixin.py:154} INFO - [2023-11-14T21:55:51.945+0000] {dag.py:2941} INFO - Sync 1 DAGs
[2023-11-14T21:55:51.975+0000] {logging_mixin.py:154} INFO - [2023-11-14T21:55:51.974+0000] {dag.py:3722} INFO - Setting next_dagrun for example_setup_teardown to 2023-11-13T21:55:51.974528+00:00, run_after=2023-11-14T21:55:51.974528+00:00
[2023-11-14T21:55:52.001+0000] {processor.py:179} INFO - Processing /home/airflow/.local/lib/python3.8/site-packages/airflow/example_dags/example_setup_teardown.py took 0.102 seconds
[2023-11-14T21:56:22.336+0000] {processor.py:157} INFO - Started process (PID=2458) to work on /home/airflow/.local/lib/python3.8/site-packages/airflow/example_dags/example_setup_teardown.py
[2023-11-14T21:56:22.337+0000] {processor.py:829} INFO - Processing file /home/airflow/.local/lib/python3.8/site-packages/airflow/example_dags/example_setup_teardown.py for tasks to queue
[2023-11-14T21:56:22.340+0000] {logging_mixin.py:154} INFO - [2023-11-14T21:56:22.340+0000] {dagbag.py:536} INFO - Filling up the DagBag from /home/airflow/.local/lib/python3.8/site-packages/airflow/example_dags/example_setup_teardown.py
[2023-11-14T21:56:22.350+0000] {processor.py:839} INFO - DAG(s) dict_keys(['example_setup_teardown']) retrieved from /home/airflow/.local/lib/python3.8/site-packages/airflow/example_dags/example_setup_teardown.py
[2023-11-14T21:56:22.375+0000] {logging_mixin.py:154} INFO - [2023-11-14T21:56:22.375+0000] {dag.py:2941} INFO - Sync 1 DAGs
[2023-11-14T21:56:22.403+0000] {logging_mixin.py:154} INFO - [2023-11-14T21:56:22.403+0000] {dag.py:3722} INFO - Setting next_dagrun for example_setup_teardown to 2023-11-13T21:56:22.403004+00:00, run_after=2023-11-14T21:56:22.403004+00:00
[2023-11-14T21:56:22.427+0000] {processor.py:179} INFO - Processing /home/airflow/.local/lib/python3.8/site-packages/airflow/example_dags/example_setup_teardown.py took 0.096 seconds
[2023-11-14T21:56:53.216+0000] {processor.py:157} INFO - Started process (PID=2513) to work on /home/airflow/.local/lib/python3.8/site-packages/airflow/example_dags/example_setup_teardown.py
[2023-11-14T21:56:53.217+0000] {processor.py:829} INFO - Processing file /home/airflow/.local/lib/python3.8/site-packages/airflow/example_dags/example_setup_teardown.py for tasks to queue
[2023-11-14T21:56:53.220+0000] {logging_mixin.py:154} INFO - [2023-11-14T21:56:53.219+0000] {dagbag.py:536} INFO - Filling up the DagBag from /home/airflow/.local/lib/python3.8/site-packages/airflow/example_dags/example_setup_teardown.py
[2023-11-14T21:56:53.228+0000] {processor.py:839} INFO - DAG(s) dict_keys(['example_setup_teardown']) retrieved from /home/airflow/.local/lib/python3.8/site-packages/airflow/example_dags/example_setup_teardown.py
[2023-11-14T21:56:53.257+0000] {logging_mixin.py:154} INFO - [2023-11-14T21:56:53.257+0000] {dag.py:2941} INFO - Sync 1 DAGs
[2023-11-14T21:56:53.289+0000] {logging_mixin.py:154} INFO - [2023-11-14T21:56:53.289+0000] {dag.py:3722} INFO - Setting next_dagrun for example_setup_teardown to 2023-11-13T21:56:53.289395+00:00, run_after=2023-11-14T21:56:53.289395+00:00
[2023-11-14T21:56:53.333+0000] {processor.py:179} INFO - Processing /home/airflow/.local/lib/python3.8/site-packages/airflow/example_dags/example_setup_teardown.py took 0.121 seconds
[2023-11-14T21:57:23.959+0000] {processor.py:157} INFO - Started process (PID=2567) to work on /home/airflow/.local/lib/python3.8/site-packages/airflow/example_dags/example_setup_teardown.py
[2023-11-14T21:57:23.960+0000] {processor.py:829} INFO - Processing file /home/airflow/.local/lib/python3.8/site-packages/airflow/example_dags/example_setup_teardown.py for tasks to queue
[2023-11-14T21:57:23.963+0000] {logging_mixin.py:154} INFO - [2023-11-14T21:57:23.962+0000] {dagbag.py:536} INFO - Filling up the DagBag from /home/airflow/.local/lib/python3.8/site-packages/airflow/example_dags/example_setup_teardown.py
[2023-11-14T21:57:23.971+0000] {processor.py:839} INFO - DAG(s) dict_keys(['example_setup_teardown']) retrieved from /home/airflow/.local/lib/python3.8/site-packages/airflow/example_dags/example_setup_teardown.py
[2023-11-14T21:57:23.996+0000] {logging_mixin.py:154} INFO - [2023-11-14T21:57:23.996+0000] {dag.py:2941} INFO - Sync 1 DAGs
[2023-11-14T21:57:24.022+0000] {logging_mixin.py:154} INFO - [2023-11-14T21:57:24.022+0000] {dag.py:3722} INFO - Setting next_dagrun for example_setup_teardown to 2023-11-13T21:57:24.022128+00:00, run_after=2023-11-14T21:57:24.022128+00:00
[2023-11-14T21:57:24.072+0000] {processor.py:179} INFO - Processing /home/airflow/.local/lib/python3.8/site-packages/airflow/example_dags/example_setup_teardown.py took 0.117 seconds
[2023-11-14T21:57:54.313+0000] {processor.py:157} INFO - Started process (PID=2622) to work on /home/airflow/.local/lib/python3.8/site-packages/airflow/example_dags/example_setup_teardown.py
[2023-11-14T21:57:54.314+0000] {processor.py:829} INFO - Processing file /home/airflow/.local/lib/python3.8/site-packages/airflow/example_dags/example_setup_teardown.py for tasks to queue
[2023-11-14T21:57:54.318+0000] {logging_mixin.py:154} INFO - [2023-11-14T21:57:54.317+0000] {dagbag.py:536} INFO - Filling up the DagBag from /home/airflow/.local/lib/python3.8/site-packages/airflow/example_dags/example_setup_teardown.py
[2023-11-14T21:57:54.327+0000] {processor.py:839} INFO - DAG(s) dict_keys(['example_setup_teardown']) retrieved from /home/airflow/.local/lib/python3.8/site-packages/airflow/example_dags/example_setup_teardown.py
[2023-11-14T21:57:54.367+0000] {logging_mixin.py:154} INFO - [2023-11-14T21:57:54.366+0000] {dag.py:2941} INFO - Sync 1 DAGs
[2023-11-14T21:57:54.400+0000] {logging_mixin.py:154} INFO - [2023-11-14T21:57:54.400+0000] {dag.py:3722} INFO - Setting next_dagrun for example_setup_teardown to 2023-11-13T21:57:54.400368+00:00, run_after=2023-11-14T21:57:54.400368+00:00
[2023-11-14T21:57:54.433+0000] {processor.py:179} INFO - Processing /home/airflow/.local/lib/python3.8/site-packages/airflow/example_dags/example_setup_teardown.py took 0.125 seconds
[2023-11-14T21:58:25.465+0000] {processor.py:157} INFO - Started process (PID=2676) to work on /home/airflow/.local/lib/python3.8/site-packages/airflow/example_dags/example_setup_teardown.py
[2023-11-14T21:58:25.466+0000] {processor.py:829} INFO - Processing file /home/airflow/.local/lib/python3.8/site-packages/airflow/example_dags/example_setup_teardown.py for tasks to queue
[2023-11-14T21:58:25.468+0000] {logging_mixin.py:154} INFO - [2023-11-14T21:58:25.468+0000] {dagbag.py:536} INFO - Filling up the DagBag from /home/airflow/.local/lib/python3.8/site-packages/airflow/example_dags/example_setup_teardown.py
[2023-11-14T21:58:25.476+0000] {processor.py:839} INFO - DAG(s) dict_keys(['example_setup_teardown']) retrieved from /home/airflow/.local/lib/python3.8/site-packages/airflow/example_dags/example_setup_teardown.py
[2023-11-14T21:58:25.501+0000] {logging_mixin.py:154} INFO - [2023-11-14T21:58:25.501+0000] {dag.py:2941} INFO - Sync 1 DAGs
[2023-11-14T21:58:25.531+0000] {logging_mixin.py:154} INFO - [2023-11-14T21:58:25.531+0000] {dag.py:3722} INFO - Setting next_dagrun for example_setup_teardown to 2023-11-13T21:58:25.531098+00:00, run_after=2023-11-14T21:58:25.531098+00:00
[2023-11-14T21:58:25.564+0000] {processor.py:179} INFO - Processing /home/airflow/.local/lib/python3.8/site-packages/airflow/example_dags/example_setup_teardown.py took 0.103 seconds
[2023-11-14T21:58:56.032+0000] {processor.py:157} INFO - Started process (PID=2730) to work on /home/airflow/.local/lib/python3.8/site-packages/airflow/example_dags/example_setup_teardown.py
[2023-11-14T21:58:56.034+0000] {processor.py:829} INFO - Processing file /home/airflow/.local/lib/python3.8/site-packages/airflow/example_dags/example_setup_teardown.py for tasks to queue
[2023-11-14T21:58:56.041+0000] {logging_mixin.py:154} INFO - [2023-11-14T21:58:56.040+0000] {dagbag.py:536} INFO - Filling up the DagBag from /home/airflow/.local/lib/python3.8/site-packages/airflow/example_dags/example_setup_teardown.py
[2023-11-14T21:58:56.057+0000] {processor.py:839} INFO - DAG(s) dict_keys(['example_setup_teardown']) retrieved from /home/airflow/.local/lib/python3.8/site-packages/airflow/example_dags/example_setup_teardown.py
[2023-11-14T21:58:56.085+0000] {logging_mixin.py:154} INFO - [2023-11-14T21:58:56.085+0000] {dag.py:2941} INFO - Sync 1 DAGs
[2023-11-14T21:58:56.112+0000] {logging_mixin.py:154} INFO - [2023-11-14T21:58:56.111+0000] {dag.py:3722} INFO - Setting next_dagrun for example_setup_teardown to 2023-11-13T21:58:56.111576+00:00, run_after=2023-11-14T21:58:56.111576+00:00
[2023-11-14T21:58:56.147+0000] {processor.py:179} INFO - Processing /home/airflow/.local/lib/python3.8/site-packages/airflow/example_dags/example_setup_teardown.py took 0.123 seconds
[2023-11-14T21:59:26.562+0000] {processor.py:157} INFO - Started process (PID=2784) to work on /home/airflow/.local/lib/python3.8/site-packages/airflow/example_dags/example_setup_teardown.py
[2023-11-14T21:59:26.565+0000] {processor.py:829} INFO - Processing file /home/airflow/.local/lib/python3.8/site-packages/airflow/example_dags/example_setup_teardown.py for tasks to queue
[2023-11-14T21:59:26.570+0000] {logging_mixin.py:154} INFO - [2023-11-14T21:59:26.570+0000] {dagbag.py:536} INFO - Filling up the DagBag from /home/airflow/.local/lib/python3.8/site-packages/airflow/example_dags/example_setup_teardown.py
[2023-11-14T21:59:26.578+0000] {processor.py:839} INFO - DAG(s) dict_keys(['example_setup_teardown']) retrieved from /home/airflow/.local/lib/python3.8/site-packages/airflow/example_dags/example_setup_teardown.py
[2023-11-14T21:59:26.604+0000] {logging_mixin.py:154} INFO - [2023-11-14T21:59:26.604+0000] {dag.py:2941} INFO - Sync 1 DAGs
[2023-11-14T21:59:26.632+0000] {logging_mixin.py:154} INFO - [2023-11-14T21:59:26.632+0000] {dag.py:3722} INFO - Setting next_dagrun for example_setup_teardown to 2023-11-13T21:59:26.632341+00:00, run_after=2023-11-14T21:59:26.632341+00:00
[2023-11-14T21:59:26.666+0000] {processor.py:179} INFO - Processing /home/airflow/.local/lib/python3.8/site-packages/airflow/example_dags/example_setup_teardown.py took 0.114 seconds
