[2023-11-14T21:33:58.363+0000] {processor.py:157} INFO - Started process (PID=68) to work on /home/airflow/.local/lib/python3.8/site-packages/airflow/example_dags/example_sla_dag.py
[2023-11-14T21:33:58.364+0000] {processor.py:829} INFO - Processing file /home/airflow/.local/lib/python3.8/site-packages/airflow/example_dags/example_sla_dag.py for tasks to queue
[2023-11-14T21:33:58.367+0000] {logging_mixin.py:154} INFO - [2023-11-14T21:33:58.367+0000] {dagbag.py:536} INFO - Filling up the DagBag from /home/airflow/.local/lib/python3.8/site-packages/airflow/example_dags/example_sla_dag.py
[2023-11-14T21:33:58.378+0000] {processor.py:839} INFO - DAG(s) dict_keys(['example_sla_dag']) retrieved from /home/airflow/.local/lib/python3.8/site-packages/airflow/example_dags/example_sla_dag.py
[2023-11-14T21:33:58.524+0000] {logging_mixin.py:154} INFO - [2023-11-14T21:33:58.524+0000] {manager.py:499} INFO - Created Permission View: %s
[2023-11-14T21:33:58.540+0000] {logging_mixin.py:154} INFO - [2023-11-14T21:33:58.539+0000] {manager.py:499} INFO - Created Permission View: %s
[2023-11-14T21:33:58.550+0000] {logging_mixin.py:154} INFO - [2023-11-14T21:33:58.550+0000] {manager.py:499} INFO - Created Permission View: %s
[2023-11-14T21:33:58.550+0000] {logging_mixin.py:154} INFO - [2023-11-14T21:33:58.550+0000] {dag.py:2941} INFO - Sync 1 DAGs
[2023-11-14T21:33:58.564+0000] {logging_mixin.py:154} INFO - [2023-11-14T21:33:58.564+0000] {dag.py:2963} INFO - Creating ORM DAG for example_sla_dag
[2023-11-14T21:33:58.585+0000] {logging_mixin.py:154} INFO - [2023-11-14T21:33:58.585+0000] {dag.py:3722} INFO - Setting next_dagrun for example_sla_dag to 2023-11-14T21:30:00+00:00, run_after=2023-11-14T21:32:00+00:00
[2023-11-14T21:33:58.607+0000] {processor.py:179} INFO - Processing /home/airflow/.local/lib/python3.8/site-packages/airflow/example_dags/example_sla_dag.py took 0.248 seconds
[2023-11-14T21:34:29.525+0000] {processor.py:157} INFO - Started process (PID=122) to work on /home/airflow/.local/lib/python3.8/site-packages/airflow/example_dags/example_sla_dag.py
[2023-11-14T21:34:29.526+0000] {processor.py:829} INFO - Processing file /home/airflow/.local/lib/python3.8/site-packages/airflow/example_dags/example_sla_dag.py for tasks to queue
[2023-11-14T21:34:29.530+0000] {logging_mixin.py:154} INFO - [2023-11-14T21:34:29.529+0000] {dagbag.py:536} INFO - Filling up the DagBag from /home/airflow/.local/lib/python3.8/site-packages/airflow/example_dags/example_sla_dag.py
[2023-11-14T21:34:29.541+0000] {processor.py:839} INFO - DAG(s) dict_keys(['example_sla_dag']) retrieved from /home/airflow/.local/lib/python3.8/site-packages/airflow/example_dags/example_sla_dag.py
[2023-11-14T21:34:29.570+0000] {logging_mixin.py:154} INFO - [2023-11-14T21:34:29.569+0000] {dag.py:2941} INFO - Sync 1 DAGs
[2023-11-14T21:34:29.615+0000] {logging_mixin.py:154} INFO - [2023-11-14T21:34:29.615+0000] {dag.py:3722} INFO - Setting next_dagrun for example_sla_dag to 2023-11-14T21:32:00+00:00, run_after=2023-11-14T21:34:00+00:00
[2023-11-14T21:34:29.649+0000] {processor.py:179} INFO - Processing /home/airflow/.local/lib/python3.8/site-packages/airflow/example_dags/example_sla_dag.py took 0.134 seconds
[2023-11-14T21:34:59.948+0000] {processor.py:157} INFO - Started process (PID=176) to work on /home/airflow/.local/lib/python3.8/site-packages/airflow/example_dags/example_sla_dag.py
[2023-11-14T21:34:59.959+0000] {processor.py:829} INFO - Processing file /home/airflow/.local/lib/python3.8/site-packages/airflow/example_dags/example_sla_dag.py for tasks to queue
[2023-11-14T21:34:59.963+0000] {logging_mixin.py:154} INFO - [2023-11-14T21:34:59.962+0000] {dagbag.py:536} INFO - Filling up the DagBag from /home/airflow/.local/lib/python3.8/site-packages/airflow/example_dags/example_sla_dag.py
[2023-11-14T21:34:59.975+0000] {processor.py:839} INFO - DAG(s) dict_keys(['example_sla_dag']) retrieved from /home/airflow/.local/lib/python3.8/site-packages/airflow/example_dags/example_sla_dag.py
[2023-11-14T21:35:00.007+0000] {logging_mixin.py:154} INFO - [2023-11-14T21:35:00.007+0000] {dag.py:2941} INFO - Sync 1 DAGs
[2023-11-14T21:35:00.051+0000] {logging_mixin.py:154} INFO - [2023-11-14T21:35:00.051+0000] {dag.py:3722} INFO - Setting next_dagrun for example_sla_dag to 2023-11-14T21:32:00+00:00, run_after=2023-11-14T21:34:00+00:00
[2023-11-14T21:35:00.080+0000] {processor.py:179} INFO - Processing /home/airflow/.local/lib/python3.8/site-packages/airflow/example_dags/example_sla_dag.py took 0.137 seconds
[2023-11-14T21:35:30.436+0000] {processor.py:157} INFO - Started process (PID=230) to work on /home/airflow/.local/lib/python3.8/site-packages/airflow/example_dags/example_sla_dag.py
[2023-11-14T21:35:30.437+0000] {processor.py:829} INFO - Processing file /home/airflow/.local/lib/python3.8/site-packages/airflow/example_dags/example_sla_dag.py for tasks to queue
[2023-11-14T21:35:30.440+0000] {logging_mixin.py:154} INFO - [2023-11-14T21:35:30.439+0000] {dagbag.py:536} INFO - Filling up the DagBag from /home/airflow/.local/lib/python3.8/site-packages/airflow/example_dags/example_sla_dag.py
[2023-11-14T21:35:30.450+0000] {processor.py:839} INFO - DAG(s) dict_keys(['example_sla_dag']) retrieved from /home/airflow/.local/lib/python3.8/site-packages/airflow/example_dags/example_sla_dag.py
[2023-11-14T21:35:30.479+0000] {logging_mixin.py:154} INFO - [2023-11-14T21:35:30.479+0000] {dag.py:2941} INFO - Sync 1 DAGs
[2023-11-14T21:35:30.518+0000] {logging_mixin.py:154} INFO - [2023-11-14T21:35:30.517+0000] {dag.py:3722} INFO - Setting next_dagrun for example_sla_dag to 2023-11-14T21:32:00+00:00, run_after=2023-11-14T21:34:00+00:00
[2023-11-14T21:35:30.546+0000] {processor.py:179} INFO - Processing /home/airflow/.local/lib/python3.8/site-packages/airflow/example_dags/example_sla_dag.py took 0.120 seconds
[2023-11-14T21:36:00.925+0000] {processor.py:157} INFO - Started process (PID=284) to work on /home/airflow/.local/lib/python3.8/site-packages/airflow/example_dags/example_sla_dag.py
[2023-11-14T21:36:00.937+0000] {processor.py:829} INFO - Processing file /home/airflow/.local/lib/python3.8/site-packages/airflow/example_dags/example_sla_dag.py for tasks to queue
[2023-11-14T21:36:00.940+0000] {logging_mixin.py:154} INFO - [2023-11-14T21:36:00.939+0000] {dagbag.py:536} INFO - Filling up the DagBag from /home/airflow/.local/lib/python3.8/site-packages/airflow/example_dags/example_sla_dag.py
[2023-11-14T21:36:00.951+0000] {processor.py:839} INFO - DAG(s) dict_keys(['example_sla_dag']) retrieved from /home/airflow/.local/lib/python3.8/site-packages/airflow/example_dags/example_sla_dag.py
[2023-11-14T21:36:00.977+0000] {logging_mixin.py:154} INFO - [2023-11-14T21:36:00.977+0000] {dag.py:2941} INFO - Sync 1 DAGs
[2023-11-14T21:36:01.013+0000] {logging_mixin.py:154} INFO - [2023-11-14T21:36:01.013+0000] {dag.py:3722} INFO - Setting next_dagrun for example_sla_dag to 2023-11-14T21:34:00+00:00, run_after=2023-11-14T21:36:00+00:00
[2023-11-14T21:36:01.041+0000] {processor.py:179} INFO - Processing /home/airflow/.local/lib/python3.8/site-packages/airflow/example_dags/example_sla_dag.py took 0.122 seconds
[2023-11-14T21:36:31.938+0000] {processor.py:157} INFO - Started process (PID=339) to work on /home/airflow/.local/lib/python3.8/site-packages/airflow/example_dags/example_sla_dag.py
[2023-11-14T21:36:31.950+0000] {processor.py:829} INFO - Processing file /home/airflow/.local/lib/python3.8/site-packages/airflow/example_dags/example_sla_dag.py for tasks to queue
[2023-11-14T21:36:31.953+0000] {logging_mixin.py:154} INFO - [2023-11-14T21:36:31.953+0000] {dagbag.py:536} INFO - Filling up the DagBag from /home/airflow/.local/lib/python3.8/site-packages/airflow/example_dags/example_sla_dag.py
[2023-11-14T21:36:31.964+0000] {processor.py:839} INFO - DAG(s) dict_keys(['example_sla_dag']) retrieved from /home/airflow/.local/lib/python3.8/site-packages/airflow/example_dags/example_sla_dag.py
[2023-11-14T21:36:31.987+0000] {logging_mixin.py:154} INFO - [2023-11-14T21:36:31.987+0000] {dag.py:2941} INFO - Sync 1 DAGs
[2023-11-14T21:36:32.019+0000] {logging_mixin.py:154} INFO - [2023-11-14T21:36:32.018+0000] {dag.py:3722} INFO - Setting next_dagrun for example_sla_dag to 2023-11-14T21:34:00+00:00, run_after=2023-11-14T21:36:00+00:00
[2023-11-14T21:36:32.044+0000] {processor.py:179} INFO - Processing /home/airflow/.local/lib/python3.8/site-packages/airflow/example_dags/example_sla_dag.py took 0.115 seconds
[2023-11-14T21:37:02.560+0000] {processor.py:157} INFO - Started process (PID=393) to work on /home/airflow/.local/lib/python3.8/site-packages/airflow/example_dags/example_sla_dag.py
[2023-11-14T21:37:02.561+0000] {processor.py:829} INFO - Processing file /home/airflow/.local/lib/python3.8/site-packages/airflow/example_dags/example_sla_dag.py for tasks to queue
[2023-11-14T21:37:02.565+0000] {logging_mixin.py:154} INFO - [2023-11-14T21:37:02.564+0000] {dagbag.py:536} INFO - Filling up the DagBag from /home/airflow/.local/lib/python3.8/site-packages/airflow/example_dags/example_sla_dag.py
[2023-11-14T21:37:02.576+0000] {processor.py:839} INFO - DAG(s) dict_keys(['example_sla_dag']) retrieved from /home/airflow/.local/lib/python3.8/site-packages/airflow/example_dags/example_sla_dag.py
[2023-11-14T21:37:02.602+0000] {logging_mixin.py:154} INFO - [2023-11-14T21:37:02.602+0000] {dag.py:2941} INFO - Sync 1 DAGs
[2023-11-14T21:37:02.633+0000] {logging_mixin.py:154} INFO - [2023-11-14T21:37:02.632+0000] {dag.py:3722} INFO - Setting next_dagrun for example_sla_dag to 2023-11-14T21:34:00+00:00, run_after=2023-11-14T21:36:00+00:00
[2023-11-14T21:37:02.656+0000] {processor.py:179} INFO - Processing /home/airflow/.local/lib/python3.8/site-packages/airflow/example_dags/example_sla_dag.py took 0.103 seconds
[2023-11-14T21:37:33.246+0000] {processor.py:157} INFO - Started process (PID=447) to work on /home/airflow/.local/lib/python3.8/site-packages/airflow/example_dags/example_sla_dag.py
[2023-11-14T21:37:33.258+0000] {processor.py:829} INFO - Processing file /home/airflow/.local/lib/python3.8/site-packages/airflow/example_dags/example_sla_dag.py for tasks to queue
[2023-11-14T21:37:33.260+0000] {logging_mixin.py:154} INFO - [2023-11-14T21:37:33.260+0000] {dagbag.py:536} INFO - Filling up the DagBag from /home/airflow/.local/lib/python3.8/site-packages/airflow/example_dags/example_sla_dag.py
[2023-11-14T21:37:33.270+0000] {processor.py:839} INFO - DAG(s) dict_keys(['example_sla_dag']) retrieved from /home/airflow/.local/lib/python3.8/site-packages/airflow/example_dags/example_sla_dag.py
[2023-11-14T21:37:33.293+0000] {logging_mixin.py:154} INFO - [2023-11-14T21:37:33.292+0000] {dag.py:2941} INFO - Sync 1 DAGs
[2023-11-14T21:37:33.321+0000] {logging_mixin.py:154} INFO - [2023-11-14T21:37:33.321+0000] {dag.py:3722} INFO - Setting next_dagrun for example_sla_dag to 2023-11-14T21:34:00+00:00, run_after=2023-11-14T21:36:00+00:00
[2023-11-14T21:37:33.346+0000] {processor.py:179} INFO - Processing /home/airflow/.local/lib/python3.8/site-packages/airflow/example_dags/example_sla_dag.py took 0.109 seconds
[2023-11-14T21:38:03.458+0000] {processor.py:157} INFO - Started process (PID=503) to work on /home/airflow/.local/lib/python3.8/site-packages/airflow/example_dags/example_sla_dag.py
[2023-11-14T21:38:03.470+0000] {processor.py:829} INFO - Processing file /home/airflow/.local/lib/python3.8/site-packages/airflow/example_dags/example_sla_dag.py for tasks to queue
[2023-11-14T21:38:03.474+0000] {logging_mixin.py:154} INFO - [2023-11-14T21:38:03.473+0000] {dagbag.py:536} INFO - Filling up the DagBag from /home/airflow/.local/lib/python3.8/site-packages/airflow/example_dags/example_sla_dag.py
[2023-11-14T21:38:03.488+0000] {processor.py:839} INFO - DAG(s) dict_keys(['example_sla_dag']) retrieved from /home/airflow/.local/lib/python3.8/site-packages/airflow/example_dags/example_sla_dag.py
[2023-11-14T21:38:03.513+0000] {logging_mixin.py:154} INFO - [2023-11-14T21:38:03.513+0000] {dag.py:2941} INFO - Sync 1 DAGs
[2023-11-14T21:38:03.548+0000] {logging_mixin.py:154} INFO - [2023-11-14T21:38:03.548+0000] {dag.py:3722} INFO - Setting next_dagrun for example_sla_dag to 2023-11-14T21:36:00+00:00, run_after=2023-11-14T21:38:00+00:00
[2023-11-14T21:38:03.572+0000] {processor.py:179} INFO - Processing /home/airflow/.local/lib/python3.8/site-packages/airflow/example_dags/example_sla_dag.py took 0.127 seconds
[2023-11-14T21:38:33.748+0000] {processor.py:157} INFO - Started process (PID=566) to work on /home/airflow/.local/lib/python3.8/site-packages/airflow/example_dags/example_sla_dag.py
[2023-11-14T21:38:33.750+0000] {processor.py:829} INFO - Processing file /home/airflow/.local/lib/python3.8/site-packages/airflow/example_dags/example_sla_dag.py for tasks to queue
[2023-11-14T21:38:33.755+0000] {logging_mixin.py:154} INFO - [2023-11-14T21:38:33.755+0000] {dagbag.py:536} INFO - Filling up the DagBag from /home/airflow/.local/lib/python3.8/site-packages/airflow/example_dags/example_sla_dag.py
[2023-11-14T21:38:33.768+0000] {processor.py:839} INFO - DAG(s) dict_keys(['example_sla_dag']) retrieved from /home/airflow/.local/lib/python3.8/site-packages/airflow/example_dags/example_sla_dag.py
[2023-11-14T21:38:33.795+0000] {logging_mixin.py:154} INFO - [2023-11-14T21:38:33.794+0000] {dag.py:2941} INFO - Sync 1 DAGs
[2023-11-14T21:38:33.826+0000] {logging_mixin.py:154} INFO - [2023-11-14T21:38:33.826+0000] {dag.py:3722} INFO - Setting next_dagrun for example_sla_dag to 2023-11-14T21:36:00+00:00, run_after=2023-11-14T21:38:00+00:00
[2023-11-14T21:38:33.867+0000] {processor.py:179} INFO - Processing /home/airflow/.local/lib/python3.8/site-packages/airflow/example_dags/example_sla_dag.py took 0.128 seconds
[2023-11-14T21:39:04.020+0000] {processor.py:157} INFO - Started process (PID=620) to work on /home/airflow/.local/lib/python3.8/site-packages/airflow/example_dags/example_sla_dag.py
[2023-11-14T21:39:04.024+0000] {processor.py:829} INFO - Processing file /home/airflow/.local/lib/python3.8/site-packages/airflow/example_dags/example_sla_dag.py for tasks to queue
[2023-11-14T21:39:04.028+0000] {logging_mixin.py:154} INFO - [2023-11-14T21:39:04.028+0000] {dagbag.py:536} INFO - Filling up the DagBag from /home/airflow/.local/lib/python3.8/site-packages/airflow/example_dags/example_sla_dag.py
[2023-11-14T21:39:04.045+0000] {processor.py:839} INFO - DAG(s) dict_keys(['example_sla_dag']) retrieved from /home/airflow/.local/lib/python3.8/site-packages/airflow/example_dags/example_sla_dag.py
[2023-11-14T21:39:04.072+0000] {logging_mixin.py:154} INFO - [2023-11-14T21:39:04.072+0000] {dag.py:2941} INFO - Sync 1 DAGs
[2023-11-14T21:39:04.103+0000] {logging_mixin.py:154} INFO - [2023-11-14T21:39:04.103+0000] {dag.py:3722} INFO - Setting next_dagrun for example_sla_dag to 2023-11-14T21:36:00+00:00, run_after=2023-11-14T21:38:00+00:00
[2023-11-14T21:39:04.138+0000] {processor.py:179} INFO - Processing /home/airflow/.local/lib/python3.8/site-packages/airflow/example_dags/example_sla_dag.py took 0.124 seconds
[2023-11-14T21:39:34.859+0000] {processor.py:157} INFO - Started process (PID=681) to work on /home/airflow/.local/lib/python3.8/site-packages/airflow/example_dags/example_sla_dag.py
[2023-11-14T21:39:34.862+0000] {processor.py:829} INFO - Processing file /home/airflow/.local/lib/python3.8/site-packages/airflow/example_dags/example_sla_dag.py for tasks to queue
[2023-11-14T21:39:34.868+0000] {logging_mixin.py:154} INFO - [2023-11-14T21:39:34.867+0000] {dagbag.py:536} INFO - Filling up the DagBag from /home/airflow/.local/lib/python3.8/site-packages/airflow/example_dags/example_sla_dag.py
[2023-11-14T21:39:34.894+0000] {processor.py:839} INFO - DAG(s) dict_keys(['example_sla_dag']) retrieved from /home/airflow/.local/lib/python3.8/site-packages/airflow/example_dags/example_sla_dag.py
[2023-11-14T21:39:34.982+0000] {logging_mixin.py:154} INFO - [2023-11-14T21:39:34.981+0000] {dag.py:2941} INFO - Sync 1 DAGs
[2023-11-14T21:39:35.099+0000] {logging_mixin.py:154} INFO - [2023-11-14T21:39:35.099+0000] {dag.py:3722} INFO - Setting next_dagrun for example_sla_dag to 2023-11-14T21:36:00+00:00, run_after=2023-11-14T21:38:00+00:00
[2023-11-14T21:39:35.142+0000] {processor.py:179} INFO - Processing /home/airflow/.local/lib/python3.8/site-packages/airflow/example_dags/example_sla_dag.py took 0.294 seconds
[2023-11-14T21:40:05.314+0000] {processor.py:157} INFO - Started process (PID=736) to work on /home/airflow/.local/lib/python3.8/site-packages/airflow/example_dags/example_sla_dag.py
[2023-11-14T21:40:05.316+0000] {processor.py:829} INFO - Processing file /home/airflow/.local/lib/python3.8/site-packages/airflow/example_dags/example_sla_dag.py for tasks to queue
[2023-11-14T21:40:05.320+0000] {logging_mixin.py:154} INFO - [2023-11-14T21:40:05.320+0000] {dagbag.py:536} INFO - Filling up the DagBag from /home/airflow/.local/lib/python3.8/site-packages/airflow/example_dags/example_sla_dag.py
[2023-11-14T21:40:05.334+0000] {processor.py:839} INFO - DAG(s) dict_keys(['example_sla_dag']) retrieved from /home/airflow/.local/lib/python3.8/site-packages/airflow/example_dags/example_sla_dag.py
[2023-11-14T21:40:05.429+0000] {logging_mixin.py:154} INFO - [2023-11-14T21:40:05.429+0000] {dag.py:2941} INFO - Sync 1 DAGs
[2023-11-14T21:40:05.467+0000] {logging_mixin.py:154} INFO - [2023-11-14T21:40:05.467+0000] {dag.py:3722} INFO - Setting next_dagrun for example_sla_dag to 2023-11-14T21:38:00+00:00, run_after=2023-11-14T21:40:00+00:00
[2023-11-14T21:40:05.502+0000] {processor.py:179} INFO - Processing /home/airflow/.local/lib/python3.8/site-packages/airflow/example_dags/example_sla_dag.py took 0.197 seconds
[2023-11-14T21:40:35.551+0000] {processor.py:157} INFO - Started process (PID=791) to work on /home/airflow/.local/lib/python3.8/site-packages/airflow/example_dags/example_sla_dag.py
[2023-11-14T21:40:35.563+0000] {processor.py:829} INFO - Processing file /home/airflow/.local/lib/python3.8/site-packages/airflow/example_dags/example_sla_dag.py for tasks to queue
[2023-11-14T21:40:35.567+0000] {logging_mixin.py:154} INFO - [2023-11-14T21:40:35.566+0000] {dagbag.py:536} INFO - Filling up the DagBag from /home/airflow/.local/lib/python3.8/site-packages/airflow/example_dags/example_sla_dag.py
[2023-11-14T21:40:35.579+0000] {processor.py:839} INFO - DAG(s) dict_keys(['example_sla_dag']) retrieved from /home/airflow/.local/lib/python3.8/site-packages/airflow/example_dags/example_sla_dag.py
[2023-11-14T21:40:35.612+0000] {logging_mixin.py:154} INFO - [2023-11-14T21:40:35.612+0000] {dag.py:2941} INFO - Sync 1 DAGs
[2023-11-14T21:40:35.650+0000] {logging_mixin.py:154} INFO - [2023-11-14T21:40:35.650+0000] {dag.py:3722} INFO - Setting next_dagrun for example_sla_dag to 2023-11-14T21:38:00+00:00, run_after=2023-11-14T21:40:00+00:00
[2023-11-14T21:40:35.686+0000] {processor.py:179} INFO - Processing /home/airflow/.local/lib/python3.8/site-packages/airflow/example_dags/example_sla_dag.py took 0.140 seconds
[2023-11-14T21:41:05.908+0000] {processor.py:157} INFO - Started process (PID=845) to work on /home/airflow/.local/lib/python3.8/site-packages/airflow/example_dags/example_sla_dag.py
[2023-11-14T21:41:05.910+0000] {processor.py:829} INFO - Processing file /home/airflow/.local/lib/python3.8/site-packages/airflow/example_dags/example_sla_dag.py for tasks to queue
[2023-11-14T21:41:05.914+0000] {logging_mixin.py:154} INFO - [2023-11-14T21:41:05.914+0000] {dagbag.py:536} INFO - Filling up the DagBag from /home/airflow/.local/lib/python3.8/site-packages/airflow/example_dags/example_sla_dag.py
[2023-11-14T21:41:05.927+0000] {processor.py:839} INFO - DAG(s) dict_keys(['example_sla_dag']) retrieved from /home/airflow/.local/lib/python3.8/site-packages/airflow/example_dags/example_sla_dag.py
[2023-11-14T21:41:05.952+0000] {logging_mixin.py:154} INFO - [2023-11-14T21:41:05.952+0000] {dag.py:2941} INFO - Sync 1 DAGs
[2023-11-14T21:41:05.983+0000] {logging_mixin.py:154} INFO - [2023-11-14T21:41:05.982+0000] {dag.py:3722} INFO - Setting next_dagrun for example_sla_dag to 2023-11-14T21:38:00+00:00, run_after=2023-11-14T21:40:00+00:00
[2023-11-14T21:41:06.027+0000] {processor.py:179} INFO - Processing /home/airflow/.local/lib/python3.8/site-packages/airflow/example_dags/example_sla_dag.py took 0.128 seconds
[2023-11-14T21:41:36.840+0000] {processor.py:157} INFO - Started process (PID=899) to work on /home/airflow/.local/lib/python3.8/site-packages/airflow/example_dags/example_sla_dag.py
[2023-11-14T21:41:36.853+0000] {processor.py:829} INFO - Processing file /home/airflow/.local/lib/python3.8/site-packages/airflow/example_dags/example_sla_dag.py for tasks to queue
[2023-11-14T21:41:36.859+0000] {logging_mixin.py:154} INFO - [2023-11-14T21:41:36.858+0000] {dagbag.py:536} INFO - Filling up the DagBag from /home/airflow/.local/lib/python3.8/site-packages/airflow/example_dags/example_sla_dag.py
[2023-11-14T21:41:36.878+0000] {processor.py:839} INFO - DAG(s) dict_keys(['example_sla_dag']) retrieved from /home/airflow/.local/lib/python3.8/site-packages/airflow/example_dags/example_sla_dag.py
[2023-11-14T21:41:36.903+0000] {logging_mixin.py:154} INFO - [2023-11-14T21:41:36.903+0000] {dag.py:2941} INFO - Sync 1 DAGs
[2023-11-14T21:41:36.935+0000] {logging_mixin.py:154} INFO - [2023-11-14T21:41:36.935+0000] {dag.py:3722} INFO - Setting next_dagrun for example_sla_dag to 2023-11-14T21:38:00+00:00, run_after=2023-11-14T21:40:00+00:00
[2023-11-14T21:41:36.977+0000] {processor.py:179} INFO - Processing /home/airflow/.local/lib/python3.8/site-packages/airflow/example_dags/example_sla_dag.py took 0.146 seconds
[2023-11-14T21:42:07.088+0000] {processor.py:157} INFO - Started process (PID=953) to work on /home/airflow/.local/lib/python3.8/site-packages/airflow/example_dags/example_sla_dag.py
[2023-11-14T21:42:07.089+0000] {processor.py:829} INFO - Processing file /home/airflow/.local/lib/python3.8/site-packages/airflow/example_dags/example_sla_dag.py for tasks to queue
[2023-11-14T21:42:07.092+0000] {logging_mixin.py:154} INFO - [2023-11-14T21:42:07.092+0000] {dagbag.py:536} INFO - Filling up the DagBag from /home/airflow/.local/lib/python3.8/site-packages/airflow/example_dags/example_sla_dag.py
[2023-11-14T21:42:07.103+0000] {processor.py:839} INFO - DAG(s) dict_keys(['example_sla_dag']) retrieved from /home/airflow/.local/lib/python3.8/site-packages/airflow/example_dags/example_sla_dag.py
[2023-11-14T21:42:07.127+0000] {logging_mixin.py:154} INFO - [2023-11-14T21:42:07.127+0000] {dag.py:2941} INFO - Sync 1 DAGs
[2023-11-14T21:42:07.159+0000] {logging_mixin.py:154} INFO - [2023-11-14T21:42:07.159+0000] {dag.py:3722} INFO - Setting next_dagrun for example_sla_dag to 2023-11-14T21:40:00+00:00, run_after=2023-11-14T21:42:00+00:00
[2023-11-14T21:42:07.183+0000] {processor.py:179} INFO - Processing /home/airflow/.local/lib/python3.8/site-packages/airflow/example_dags/example_sla_dag.py took 0.102 seconds
[2023-11-14T21:42:37.862+0000] {processor.py:157} INFO - Started process (PID=1008) to work on /home/airflow/.local/lib/python3.8/site-packages/airflow/example_dags/example_sla_dag.py
[2023-11-14T21:42:37.863+0000] {processor.py:829} INFO - Processing file /home/airflow/.local/lib/python3.8/site-packages/airflow/example_dags/example_sla_dag.py for tasks to queue
[2023-11-14T21:42:37.866+0000] {logging_mixin.py:154} INFO - [2023-11-14T21:42:37.865+0000] {dagbag.py:536} INFO - Filling up the DagBag from /home/airflow/.local/lib/python3.8/site-packages/airflow/example_dags/example_sla_dag.py
[2023-11-14T21:42:37.880+0000] {processor.py:839} INFO - DAG(s) dict_keys(['example_sla_dag']) retrieved from /home/airflow/.local/lib/python3.8/site-packages/airflow/example_dags/example_sla_dag.py
[2023-11-14T21:42:37.912+0000] {logging_mixin.py:154} INFO - [2023-11-14T21:42:37.912+0000] {dag.py:2941} INFO - Sync 1 DAGs
[2023-11-14T21:42:37.952+0000] {logging_mixin.py:154} INFO - [2023-11-14T21:42:37.952+0000] {dag.py:3722} INFO - Setting next_dagrun for example_sla_dag to 2023-11-14T21:40:00+00:00, run_after=2023-11-14T21:42:00+00:00
[2023-11-14T21:42:37.982+0000] {processor.py:179} INFO - Processing /home/airflow/.local/lib/python3.8/site-packages/airflow/example_dags/example_sla_dag.py took 0.125 seconds
[2023-11-14T21:43:08.242+0000] {processor.py:157} INFO - Started process (PID=1062) to work on /home/airflow/.local/lib/python3.8/site-packages/airflow/example_dags/example_sla_dag.py
[2023-11-14T21:43:08.243+0000] {processor.py:829} INFO - Processing file /home/airflow/.local/lib/python3.8/site-packages/airflow/example_dags/example_sla_dag.py for tasks to queue
[2023-11-14T21:43:08.246+0000] {logging_mixin.py:154} INFO - [2023-11-14T21:43:08.245+0000] {dagbag.py:536} INFO - Filling up the DagBag from /home/airflow/.local/lib/python3.8/site-packages/airflow/example_dags/example_sla_dag.py
[2023-11-14T21:43:08.256+0000] {processor.py:839} INFO - DAG(s) dict_keys(['example_sla_dag']) retrieved from /home/airflow/.local/lib/python3.8/site-packages/airflow/example_dags/example_sla_dag.py
[2023-11-14T21:43:08.284+0000] {logging_mixin.py:154} INFO - [2023-11-14T21:43:08.284+0000] {dag.py:2941} INFO - Sync 1 DAGs
[2023-11-14T21:43:08.317+0000] {logging_mixin.py:154} INFO - [2023-11-14T21:43:08.317+0000] {dag.py:3722} INFO - Setting next_dagrun for example_sla_dag to 2023-11-14T21:40:00+00:00, run_after=2023-11-14T21:42:00+00:00
[2023-11-14T21:43:08.343+0000] {processor.py:179} INFO - Processing /home/airflow/.local/lib/python3.8/site-packages/airflow/example_dags/example_sla_dag.py took 0.106 seconds
[2023-11-14T21:43:38.714+0000] {processor.py:157} INFO - Started process (PID=1116) to work on /home/airflow/.local/lib/python3.8/site-packages/airflow/example_dags/example_sla_dag.py
[2023-11-14T21:43:38.715+0000] {processor.py:829} INFO - Processing file /home/airflow/.local/lib/python3.8/site-packages/airflow/example_dags/example_sla_dag.py for tasks to queue
[2023-11-14T21:43:38.718+0000] {logging_mixin.py:154} INFO - [2023-11-14T21:43:38.717+0000] {dagbag.py:536} INFO - Filling up the DagBag from /home/airflow/.local/lib/python3.8/site-packages/airflow/example_dags/example_sla_dag.py
[2023-11-14T21:43:38.728+0000] {processor.py:839} INFO - DAG(s) dict_keys(['example_sla_dag']) retrieved from /home/airflow/.local/lib/python3.8/site-packages/airflow/example_dags/example_sla_dag.py
[2023-11-14T21:43:38.752+0000] {logging_mixin.py:154} INFO - [2023-11-14T21:43:38.752+0000] {dag.py:2941} INFO - Sync 1 DAGs
[2023-11-14T21:43:38.786+0000] {logging_mixin.py:154} INFO - [2023-11-14T21:43:38.785+0000] {dag.py:3722} INFO - Setting next_dagrun for example_sla_dag to 2023-11-14T21:40:00+00:00, run_after=2023-11-14T21:42:00+00:00
[2023-11-14T21:43:38.810+0000] {processor.py:179} INFO - Processing /home/airflow/.local/lib/python3.8/site-packages/airflow/example_dags/example_sla_dag.py took 0.100 seconds
[2023-11-14T21:44:09.258+0000] {processor.py:157} INFO - Started process (PID=1170) to work on /home/airflow/.local/lib/python3.8/site-packages/airflow/example_dags/example_sla_dag.py
[2023-11-14T21:44:09.259+0000] {processor.py:829} INFO - Processing file /home/airflow/.local/lib/python3.8/site-packages/airflow/example_dags/example_sla_dag.py for tasks to queue
[2023-11-14T21:44:09.262+0000] {logging_mixin.py:154} INFO - [2023-11-14T21:44:09.262+0000] {dagbag.py:536} INFO - Filling up the DagBag from /home/airflow/.local/lib/python3.8/site-packages/airflow/example_dags/example_sla_dag.py
[2023-11-14T21:44:09.274+0000] {processor.py:839} INFO - DAG(s) dict_keys(['example_sla_dag']) retrieved from /home/airflow/.local/lib/python3.8/site-packages/airflow/example_dags/example_sla_dag.py
[2023-11-14T21:44:09.297+0000] {logging_mixin.py:154} INFO - [2023-11-14T21:44:09.297+0000] {dag.py:2941} INFO - Sync 1 DAGs
[2023-11-14T21:44:09.332+0000] {logging_mixin.py:154} INFO - [2023-11-14T21:44:09.332+0000] {dag.py:3722} INFO - Setting next_dagrun for example_sla_dag to 2023-11-14T21:42:00+00:00, run_after=2023-11-14T21:44:00+00:00
[2023-11-14T21:44:09.524+0000] {processor.py:179} INFO - Processing /home/airflow/.local/lib/python3.8/site-packages/airflow/example_dags/example_sla_dag.py took 0.272 seconds
[2023-11-14T21:44:39.871+0000] {processor.py:157} INFO - Started process (PID=1224) to work on /home/airflow/.local/lib/python3.8/site-packages/airflow/example_dags/example_sla_dag.py
[2023-11-14T21:44:39.873+0000] {processor.py:829} INFO - Processing file /home/airflow/.local/lib/python3.8/site-packages/airflow/example_dags/example_sla_dag.py for tasks to queue
[2023-11-14T21:44:39.876+0000] {logging_mixin.py:154} INFO - [2023-11-14T21:44:39.875+0000] {dagbag.py:536} INFO - Filling up the DagBag from /home/airflow/.local/lib/python3.8/site-packages/airflow/example_dags/example_sla_dag.py
[2023-11-14T21:44:39.887+0000] {processor.py:839} INFO - DAG(s) dict_keys(['example_sla_dag']) retrieved from /home/airflow/.local/lib/python3.8/site-packages/airflow/example_dags/example_sla_dag.py
[2023-11-14T21:44:39.911+0000] {logging_mixin.py:154} INFO - [2023-11-14T21:44:39.910+0000] {dag.py:2941} INFO - Sync 1 DAGs
[2023-11-14T21:44:39.941+0000] {logging_mixin.py:154} INFO - [2023-11-14T21:44:39.941+0000] {dag.py:3722} INFO - Setting next_dagrun for example_sla_dag to 2023-11-14T21:42:00+00:00, run_after=2023-11-14T21:44:00+00:00
[2023-11-14T21:44:39.965+0000] {processor.py:179} INFO - Processing /home/airflow/.local/lib/python3.8/site-packages/airflow/example_dags/example_sla_dag.py took 0.101 seconds
[2023-11-14T21:45:10.409+0000] {processor.py:157} INFO - Started process (PID=1278) to work on /home/airflow/.local/lib/python3.8/site-packages/airflow/example_dags/example_sla_dag.py
[2023-11-14T21:45:10.410+0000] {processor.py:829} INFO - Processing file /home/airflow/.local/lib/python3.8/site-packages/airflow/example_dags/example_sla_dag.py for tasks to queue
[2023-11-14T21:45:10.413+0000] {logging_mixin.py:154} INFO - [2023-11-14T21:45:10.413+0000] {dagbag.py:536} INFO - Filling up the DagBag from /home/airflow/.local/lib/python3.8/site-packages/airflow/example_dags/example_sla_dag.py
[2023-11-14T21:45:10.424+0000] {processor.py:839} INFO - DAG(s) dict_keys(['example_sla_dag']) retrieved from /home/airflow/.local/lib/python3.8/site-packages/airflow/example_dags/example_sla_dag.py
[2023-11-14T21:45:10.447+0000] {logging_mixin.py:154} INFO - [2023-11-14T21:45:10.447+0000] {dag.py:2941} INFO - Sync 1 DAGs
[2023-11-14T21:45:10.477+0000] {logging_mixin.py:154} INFO - [2023-11-14T21:45:10.477+0000] {dag.py:3722} INFO - Setting next_dagrun for example_sla_dag to 2023-11-14T21:42:00+00:00, run_after=2023-11-14T21:44:00+00:00
[2023-11-14T21:45:10.501+0000] {processor.py:179} INFO - Processing /home/airflow/.local/lib/python3.8/site-packages/airflow/example_dags/example_sla_dag.py took 0.097 seconds
[2023-11-14T21:45:41.113+0000] {processor.py:157} INFO - Started process (PID=1332) to work on /home/airflow/.local/lib/python3.8/site-packages/airflow/example_dags/example_sla_dag.py
[2023-11-14T21:45:41.115+0000] {processor.py:829} INFO - Processing file /home/airflow/.local/lib/python3.8/site-packages/airflow/example_dags/example_sla_dag.py for tasks to queue
[2023-11-14T21:45:41.118+0000] {logging_mixin.py:154} INFO - [2023-11-14T21:45:41.117+0000] {dagbag.py:536} INFO - Filling up the DagBag from /home/airflow/.local/lib/python3.8/site-packages/airflow/example_dags/example_sla_dag.py
[2023-11-14T21:45:41.130+0000] {processor.py:839} INFO - DAG(s) dict_keys(['example_sla_dag']) retrieved from /home/airflow/.local/lib/python3.8/site-packages/airflow/example_dags/example_sla_dag.py
[2023-11-14T21:45:41.154+0000] {logging_mixin.py:154} INFO - [2023-11-14T21:45:41.153+0000] {dag.py:2941} INFO - Sync 1 DAGs
[2023-11-14T21:45:41.187+0000] {logging_mixin.py:154} INFO - [2023-11-14T21:45:41.187+0000] {dag.py:3722} INFO - Setting next_dagrun for example_sla_dag to 2023-11-14T21:42:00+00:00, run_after=2023-11-14T21:44:00+00:00
[2023-11-14T21:45:41.342+0000] {processor.py:179} INFO - Processing /home/airflow/.local/lib/python3.8/site-packages/airflow/example_dags/example_sla_dag.py took 0.236 seconds
[2023-11-14T21:46:11.427+0000] {processor.py:157} INFO - Started process (PID=1386) to work on /home/airflow/.local/lib/python3.8/site-packages/airflow/example_dags/example_sla_dag.py
[2023-11-14T21:46:11.429+0000] {processor.py:829} INFO - Processing file /home/airflow/.local/lib/python3.8/site-packages/airflow/example_dags/example_sla_dag.py for tasks to queue
[2023-11-14T21:46:11.432+0000] {logging_mixin.py:154} INFO - [2023-11-14T21:46:11.432+0000] {dagbag.py:536} INFO - Filling up the DagBag from /home/airflow/.local/lib/python3.8/site-packages/airflow/example_dags/example_sla_dag.py
[2023-11-14T21:46:11.445+0000] {processor.py:839} INFO - DAG(s) dict_keys(['example_sla_dag']) retrieved from /home/airflow/.local/lib/python3.8/site-packages/airflow/example_dags/example_sla_dag.py
[2023-11-14T21:46:11.474+0000] {logging_mixin.py:154} INFO - [2023-11-14T21:46:11.473+0000] {dag.py:2941} INFO - Sync 1 DAGs
[2023-11-14T21:46:11.507+0000] {logging_mixin.py:154} INFO - [2023-11-14T21:46:11.506+0000] {dag.py:3722} INFO - Setting next_dagrun for example_sla_dag to 2023-11-14T21:44:00+00:00, run_after=2023-11-14T21:46:00+00:00
[2023-11-14T21:46:11.554+0000] {processor.py:179} INFO - Processing /home/airflow/.local/lib/python3.8/site-packages/airflow/example_dags/example_sla_dag.py took 0.133 seconds
[2023-11-14T21:46:41.742+0000] {processor.py:157} INFO - Started process (PID=1440) to work on /home/airflow/.local/lib/python3.8/site-packages/airflow/example_dags/example_sla_dag.py
[2023-11-14T21:46:41.744+0000] {processor.py:829} INFO - Processing file /home/airflow/.local/lib/python3.8/site-packages/airflow/example_dags/example_sla_dag.py for tasks to queue
[2023-11-14T21:46:41.746+0000] {logging_mixin.py:154} INFO - [2023-11-14T21:46:41.746+0000] {dagbag.py:536} INFO - Filling up the DagBag from /home/airflow/.local/lib/python3.8/site-packages/airflow/example_dags/example_sla_dag.py
[2023-11-14T21:46:41.757+0000] {processor.py:839} INFO - DAG(s) dict_keys(['example_sla_dag']) retrieved from /home/airflow/.local/lib/python3.8/site-packages/airflow/example_dags/example_sla_dag.py
[2023-11-14T21:46:41.782+0000] {logging_mixin.py:154} INFO - [2023-11-14T21:46:41.782+0000] {dag.py:2941} INFO - Sync 1 DAGs
[2023-11-14T21:46:41.970+0000] {logging_mixin.py:154} INFO - [2023-11-14T21:46:41.970+0000] {dag.py:3722} INFO - Setting next_dagrun for example_sla_dag to 2023-11-14T21:44:00+00:00, run_after=2023-11-14T21:46:00+00:00
[2023-11-14T21:46:42.003+0000] {processor.py:179} INFO - Processing /home/airflow/.local/lib/python3.8/site-packages/airflow/example_dags/example_sla_dag.py took 0.265 seconds
[2023-11-14T21:47:12.651+0000] {processor.py:157} INFO - Started process (PID=1494) to work on /home/airflow/.local/lib/python3.8/site-packages/airflow/example_dags/example_sla_dag.py
[2023-11-14T21:47:12.652+0000] {processor.py:829} INFO - Processing file /home/airflow/.local/lib/python3.8/site-packages/airflow/example_dags/example_sla_dag.py for tasks to queue
[2023-11-14T21:47:12.655+0000] {logging_mixin.py:154} INFO - [2023-11-14T21:47:12.655+0000] {dagbag.py:536} INFO - Filling up the DagBag from /home/airflow/.local/lib/python3.8/site-packages/airflow/example_dags/example_sla_dag.py
[2023-11-14T21:47:12.667+0000] {processor.py:839} INFO - DAG(s) dict_keys(['example_sla_dag']) retrieved from /home/airflow/.local/lib/python3.8/site-packages/airflow/example_dags/example_sla_dag.py
[2023-11-14T21:47:12.693+0000] {logging_mixin.py:154} INFO - [2023-11-14T21:47:12.693+0000] {dag.py:2941} INFO - Sync 1 DAGs
[2023-11-14T21:47:12.728+0000] {logging_mixin.py:154} INFO - [2023-11-14T21:47:12.728+0000] {dag.py:3722} INFO - Setting next_dagrun for example_sla_dag to 2023-11-14T21:44:00+00:00, run_after=2023-11-14T21:46:00+00:00
[2023-11-14T21:47:12.909+0000] {processor.py:179} INFO - Processing /home/airflow/.local/lib/python3.8/site-packages/airflow/example_dags/example_sla_dag.py took 0.266 seconds
[2023-11-14T21:47:42.953+0000] {processor.py:157} INFO - Started process (PID=1548) to work on /home/airflow/.local/lib/python3.8/site-packages/airflow/example_dags/example_sla_dag.py
[2023-11-14T21:47:42.955+0000] {processor.py:829} INFO - Processing file /home/airflow/.local/lib/python3.8/site-packages/airflow/example_dags/example_sla_dag.py for tasks to queue
[2023-11-14T21:47:42.957+0000] {logging_mixin.py:154} INFO - [2023-11-14T21:47:42.957+0000] {dagbag.py:536} INFO - Filling up the DagBag from /home/airflow/.local/lib/python3.8/site-packages/airflow/example_dags/example_sla_dag.py
[2023-11-14T21:47:42.968+0000] {processor.py:839} INFO - DAG(s) dict_keys(['example_sla_dag']) retrieved from /home/airflow/.local/lib/python3.8/site-packages/airflow/example_dags/example_sla_dag.py
[2023-11-14T21:47:43.002+0000] {logging_mixin.py:154} INFO - [2023-11-14T21:47:43.001+0000] {dag.py:2941} INFO - Sync 1 DAGs
[2023-11-14T21:47:43.046+0000] {logging_mixin.py:154} INFO - [2023-11-14T21:47:43.046+0000] {dag.py:3722} INFO - Setting next_dagrun for example_sla_dag to 2023-11-14T21:44:00+00:00, run_after=2023-11-14T21:46:00+00:00
[2023-11-14T21:47:43.081+0000] {processor.py:179} INFO - Processing /home/airflow/.local/lib/python3.8/site-packages/airflow/example_dags/example_sla_dag.py took 0.133 seconds
[2023-11-14T21:48:15.005+0000] {processor.py:157} INFO - Started process (PID=1603) to work on /home/airflow/.local/lib/python3.8/site-packages/airflow/example_dags/example_sla_dag.py
[2023-11-14T21:48:15.006+0000] {processor.py:829} INFO - Processing file /home/airflow/.local/lib/python3.8/site-packages/airflow/example_dags/example_sla_dag.py for tasks to queue
[2023-11-14T21:48:15.009+0000] {logging_mixin.py:154} INFO - [2023-11-14T21:48:15.009+0000] {dagbag.py:536} INFO - Filling up the DagBag from /home/airflow/.local/lib/python3.8/site-packages/airflow/example_dags/example_sla_dag.py
[2023-11-14T21:48:15.020+0000] {processor.py:839} INFO - DAG(s) dict_keys(['example_sla_dag']) retrieved from /home/airflow/.local/lib/python3.8/site-packages/airflow/example_dags/example_sla_dag.py
[2023-11-14T21:48:15.046+0000] {logging_mixin.py:154} INFO - [2023-11-14T21:48:15.046+0000] {dag.py:2941} INFO - Sync 1 DAGs
[2023-11-14T21:48:15.227+0000] {logging_mixin.py:154} INFO - [2023-11-14T21:48:15.227+0000] {dag.py:3722} INFO - Setting next_dagrun for example_sla_dag to 2023-11-14T21:46:00+00:00, run_after=2023-11-14T21:48:00+00:00
[2023-11-14T21:48:15.263+0000] {processor.py:179} INFO - Processing /home/airflow/.local/lib/python3.8/site-packages/airflow/example_dags/example_sla_dag.py took 0.262 seconds
[2023-11-14T21:48:45.680+0000] {processor.py:157} INFO - Started process (PID=1657) to work on /home/airflow/.local/lib/python3.8/site-packages/airflow/example_dags/example_sla_dag.py
[2023-11-14T21:48:45.681+0000] {processor.py:829} INFO - Processing file /home/airflow/.local/lib/python3.8/site-packages/airflow/example_dags/example_sla_dag.py for tasks to queue
[2023-11-14T21:48:45.684+0000] {logging_mixin.py:154} INFO - [2023-11-14T21:48:45.683+0000] {dagbag.py:536} INFO - Filling up the DagBag from /home/airflow/.local/lib/python3.8/site-packages/airflow/example_dags/example_sla_dag.py
[2023-11-14T21:48:45.694+0000] {processor.py:839} INFO - DAG(s) dict_keys(['example_sla_dag']) retrieved from /home/airflow/.local/lib/python3.8/site-packages/airflow/example_dags/example_sla_dag.py
[2023-11-14T21:48:45.718+0000] {logging_mixin.py:154} INFO - [2023-11-14T21:48:45.718+0000] {dag.py:2941} INFO - Sync 1 DAGs
[2023-11-14T21:48:45.747+0000] {logging_mixin.py:154} INFO - [2023-11-14T21:48:45.746+0000] {dag.py:3722} INFO - Setting next_dagrun for example_sla_dag to 2023-11-14T21:46:00+00:00, run_after=2023-11-14T21:48:00+00:00
[2023-11-14T21:48:45.781+0000] {processor.py:179} INFO - Processing /home/airflow/.local/lib/python3.8/site-packages/airflow/example_dags/example_sla_dag.py took 0.104 seconds
[2023-11-14T21:49:16.513+0000] {processor.py:157} INFO - Started process (PID=1711) to work on /home/airflow/.local/lib/python3.8/site-packages/airflow/example_dags/example_sla_dag.py
[2023-11-14T21:49:16.514+0000] {processor.py:829} INFO - Processing file /home/airflow/.local/lib/python3.8/site-packages/airflow/example_dags/example_sla_dag.py for tasks to queue
[2023-11-14T21:49:16.517+0000] {logging_mixin.py:154} INFO - [2023-11-14T21:49:16.517+0000] {dagbag.py:536} INFO - Filling up the DagBag from /home/airflow/.local/lib/python3.8/site-packages/airflow/example_dags/example_sla_dag.py
[2023-11-14T21:49:16.530+0000] {processor.py:839} INFO - DAG(s) dict_keys(['example_sla_dag']) retrieved from /home/airflow/.local/lib/python3.8/site-packages/airflow/example_dags/example_sla_dag.py
[2023-11-14T21:49:16.725+0000] {logging_mixin.py:154} INFO - [2023-11-14T21:49:16.724+0000] {dag.py:2941} INFO - Sync 1 DAGs
[2023-11-14T21:49:16.754+0000] {logging_mixin.py:154} INFO - [2023-11-14T21:49:16.754+0000] {dag.py:3722} INFO - Setting next_dagrun for example_sla_dag to 2023-11-14T21:46:00+00:00, run_after=2023-11-14T21:48:00+00:00
[2023-11-14T21:49:16.779+0000] {processor.py:179} INFO - Processing /home/airflow/.local/lib/python3.8/site-packages/airflow/example_dags/example_sla_dag.py took 0.272 seconds
[2023-11-14T21:49:47.568+0000] {processor.py:157} INFO - Started process (PID=1765) to work on /home/airflow/.local/lib/python3.8/site-packages/airflow/example_dags/example_sla_dag.py
[2023-11-14T21:49:47.569+0000] {processor.py:829} INFO - Processing file /home/airflow/.local/lib/python3.8/site-packages/airflow/example_dags/example_sla_dag.py for tasks to queue
[2023-11-14T21:49:47.572+0000] {logging_mixin.py:154} INFO - [2023-11-14T21:49:47.572+0000] {dagbag.py:536} INFO - Filling up the DagBag from /home/airflow/.local/lib/python3.8/site-packages/airflow/example_dags/example_sla_dag.py
[2023-11-14T21:49:47.584+0000] {processor.py:839} INFO - DAG(s) dict_keys(['example_sla_dag']) retrieved from /home/airflow/.local/lib/python3.8/site-packages/airflow/example_dags/example_sla_dag.py
[2023-11-14T21:49:47.611+0000] {logging_mixin.py:154} INFO - [2023-11-14T21:49:47.611+0000] {dag.py:2941} INFO - Sync 1 DAGs
[2023-11-14T21:49:47.648+0000] {logging_mixin.py:154} INFO - [2023-11-14T21:49:47.648+0000] {dag.py:3722} INFO - Setting next_dagrun for example_sla_dag to 2023-11-14T21:46:00+00:00, run_after=2023-11-14T21:48:00+00:00
[2023-11-14T21:49:47.677+0000] {processor.py:179} INFO - Processing /home/airflow/.local/lib/python3.8/site-packages/airflow/example_dags/example_sla_dag.py took 0.114 seconds
[2023-11-14T21:50:18.177+0000] {processor.py:157} INFO - Started process (PID=1819) to work on /home/airflow/.local/lib/python3.8/site-packages/airflow/example_dags/example_sla_dag.py
[2023-11-14T21:50:18.178+0000] {processor.py:829} INFO - Processing file /home/airflow/.local/lib/python3.8/site-packages/airflow/example_dags/example_sla_dag.py for tasks to queue
[2023-11-14T21:50:18.181+0000] {logging_mixin.py:154} INFO - [2023-11-14T21:50:18.180+0000] {dagbag.py:536} INFO - Filling up the DagBag from /home/airflow/.local/lib/python3.8/site-packages/airflow/example_dags/example_sla_dag.py
[2023-11-14T21:50:18.191+0000] {processor.py:839} INFO - DAG(s) dict_keys(['example_sla_dag']) retrieved from /home/airflow/.local/lib/python3.8/site-packages/airflow/example_dags/example_sla_dag.py
[2023-11-14T21:50:18.216+0000] {logging_mixin.py:154} INFO - [2023-11-14T21:50:18.215+0000] {dag.py:2941} INFO - Sync 1 DAGs
[2023-11-14T21:50:18.247+0000] {logging_mixin.py:154} INFO - [2023-11-14T21:50:18.247+0000] {dag.py:3722} INFO - Setting next_dagrun for example_sla_dag to 2023-11-14T21:48:00+00:00, run_after=2023-11-14T21:50:00+00:00
[2023-11-14T21:50:18.272+0000] {processor.py:179} INFO - Processing /home/airflow/.local/lib/python3.8/site-packages/airflow/example_dags/example_sla_dag.py took 0.100 seconds
[2023-11-14T21:50:48.647+0000] {processor.py:157} INFO - Started process (PID=1873) to work on /home/airflow/.local/lib/python3.8/site-packages/airflow/example_dags/example_sla_dag.py
[2023-11-14T21:50:48.648+0000] {processor.py:829} INFO - Processing file /home/airflow/.local/lib/python3.8/site-packages/airflow/example_dags/example_sla_dag.py for tasks to queue
[2023-11-14T21:50:48.651+0000] {logging_mixin.py:154} INFO - [2023-11-14T21:50:48.650+0000] {dagbag.py:536} INFO - Filling up the DagBag from /home/airflow/.local/lib/python3.8/site-packages/airflow/example_dags/example_sla_dag.py
[2023-11-14T21:50:48.661+0000] {processor.py:839} INFO - DAG(s) dict_keys(['example_sla_dag']) retrieved from /home/airflow/.local/lib/python3.8/site-packages/airflow/example_dags/example_sla_dag.py
[2023-11-14T21:50:48.687+0000] {logging_mixin.py:154} INFO - [2023-11-14T21:50:48.687+0000] {dag.py:2941} INFO - Sync 1 DAGs
[2023-11-14T21:50:48.719+0000] {logging_mixin.py:154} INFO - [2023-11-14T21:50:48.719+0000] {dag.py:3722} INFO - Setting next_dagrun for example_sla_dag to 2023-11-14T21:48:00+00:00, run_after=2023-11-14T21:50:00+00:00
[2023-11-14T21:50:48.747+0000] {processor.py:179} INFO - Processing /home/airflow/.local/lib/python3.8/site-packages/airflow/example_dags/example_sla_dag.py took 0.105 seconds
[2023-11-14T21:51:19.111+0000] {processor.py:157} INFO - Started process (PID=1927) to work on /home/airflow/.local/lib/python3.8/site-packages/airflow/example_dags/example_sla_dag.py
[2023-11-14T21:51:19.112+0000] {processor.py:829} INFO - Processing file /home/airflow/.local/lib/python3.8/site-packages/airflow/example_dags/example_sla_dag.py for tasks to queue
[2023-11-14T21:51:19.115+0000] {logging_mixin.py:154} INFO - [2023-11-14T21:51:19.114+0000] {dagbag.py:536} INFO - Filling up the DagBag from /home/airflow/.local/lib/python3.8/site-packages/airflow/example_dags/example_sla_dag.py
[2023-11-14T21:51:19.126+0000] {processor.py:839} INFO - DAG(s) dict_keys(['example_sla_dag']) retrieved from /home/airflow/.local/lib/python3.8/site-packages/airflow/example_dags/example_sla_dag.py
[2023-11-14T21:51:19.153+0000] {logging_mixin.py:154} INFO - [2023-11-14T21:51:19.153+0000] {dag.py:2941} INFO - Sync 1 DAGs
[2023-11-14T21:51:19.184+0000] {logging_mixin.py:154} INFO - [2023-11-14T21:51:19.184+0000] {dag.py:3722} INFO - Setting next_dagrun for example_sla_dag to 2023-11-14T21:48:00+00:00, run_after=2023-11-14T21:50:00+00:00
[2023-11-14T21:51:19.208+0000] {processor.py:179} INFO - Processing /home/airflow/.local/lib/python3.8/site-packages/airflow/example_dags/example_sla_dag.py took 0.102 seconds
[2023-11-14T21:51:49.576+0000] {processor.py:157} INFO - Started process (PID=1981) to work on /home/airflow/.local/lib/python3.8/site-packages/airflow/example_dags/example_sla_dag.py
[2023-11-14T21:51:49.577+0000] {processor.py:829} INFO - Processing file /home/airflow/.local/lib/python3.8/site-packages/airflow/example_dags/example_sla_dag.py for tasks to queue
[2023-11-14T21:51:49.580+0000] {logging_mixin.py:154} INFO - [2023-11-14T21:51:49.580+0000] {dagbag.py:536} INFO - Filling up the DagBag from /home/airflow/.local/lib/python3.8/site-packages/airflow/example_dags/example_sla_dag.py
[2023-11-14T21:51:49.590+0000] {processor.py:839} INFO - DAG(s) dict_keys(['example_sla_dag']) retrieved from /home/airflow/.local/lib/python3.8/site-packages/airflow/example_dags/example_sla_dag.py
[2023-11-14T21:51:49.615+0000] {logging_mixin.py:154} INFO - [2023-11-14T21:51:49.614+0000] {dag.py:2941} INFO - Sync 1 DAGs
[2023-11-14T21:51:49.645+0000] {logging_mixin.py:154} INFO - [2023-11-14T21:51:49.645+0000] {dag.py:3722} INFO - Setting next_dagrun for example_sla_dag to 2023-11-14T21:48:00+00:00, run_after=2023-11-14T21:50:00+00:00
[2023-11-14T21:51:49.668+0000] {processor.py:179} INFO - Processing /home/airflow/.local/lib/python3.8/site-packages/airflow/example_dags/example_sla_dag.py took 0.096 seconds
[2023-11-14T21:52:20.371+0000] {processor.py:157} INFO - Started process (PID=2036) to work on /home/airflow/.local/lib/python3.8/site-packages/airflow/example_dags/example_sla_dag.py
[2023-11-14T21:52:20.372+0000] {processor.py:829} INFO - Processing file /home/airflow/.local/lib/python3.8/site-packages/airflow/example_dags/example_sla_dag.py for tasks to queue
[2023-11-14T21:52:20.375+0000] {logging_mixin.py:154} INFO - [2023-11-14T21:52:20.375+0000] {dagbag.py:536} INFO - Filling up the DagBag from /home/airflow/.local/lib/python3.8/site-packages/airflow/example_dags/example_sla_dag.py
[2023-11-14T21:52:20.385+0000] {processor.py:839} INFO - DAG(s) dict_keys(['example_sla_dag']) retrieved from /home/airflow/.local/lib/python3.8/site-packages/airflow/example_dags/example_sla_dag.py
[2023-11-14T21:52:20.411+0000] {logging_mixin.py:154} INFO - [2023-11-14T21:52:20.411+0000] {dag.py:2941} INFO - Sync 1 DAGs
[2023-11-14T21:52:20.442+0000] {logging_mixin.py:154} INFO - [2023-11-14T21:52:20.442+0000] {dag.py:3722} INFO - Setting next_dagrun for example_sla_dag to 2023-11-14T21:50:00+00:00, run_after=2023-11-14T21:52:00+00:00
[2023-11-14T21:52:20.466+0000] {processor.py:179} INFO - Processing /home/airflow/.local/lib/python3.8/site-packages/airflow/example_dags/example_sla_dag.py took 0.100 seconds
[2023-11-14T21:52:50.671+0000] {processor.py:157} INFO - Started process (PID=2090) to work on /home/airflow/.local/lib/python3.8/site-packages/airflow/example_dags/example_sla_dag.py
[2023-11-14T21:52:50.672+0000] {processor.py:829} INFO - Processing file /home/airflow/.local/lib/python3.8/site-packages/airflow/example_dags/example_sla_dag.py for tasks to queue
[2023-11-14T21:52:50.675+0000] {logging_mixin.py:154} INFO - [2023-11-14T21:52:50.675+0000] {dagbag.py:536} INFO - Filling up the DagBag from /home/airflow/.local/lib/python3.8/site-packages/airflow/example_dags/example_sla_dag.py
[2023-11-14T21:52:50.685+0000] {processor.py:839} INFO - DAG(s) dict_keys(['example_sla_dag']) retrieved from /home/airflow/.local/lib/python3.8/site-packages/airflow/example_dags/example_sla_dag.py
[2023-11-14T21:52:50.717+0000] {logging_mixin.py:154} INFO - [2023-11-14T21:52:50.717+0000] {dag.py:2941} INFO - Sync 1 DAGs
[2023-11-14T21:52:50.758+0000] {logging_mixin.py:154} INFO - [2023-11-14T21:52:50.758+0000] {dag.py:3722} INFO - Setting next_dagrun for example_sla_dag to 2023-11-14T21:50:00+00:00, run_after=2023-11-14T21:52:00+00:00
[2023-11-14T21:52:50.790+0000] {processor.py:179} INFO - Processing /home/airflow/.local/lib/python3.8/site-packages/airflow/example_dags/example_sla_dag.py took 0.123 seconds
[2023-11-14T21:53:21.499+0000] {processor.py:157} INFO - Started process (PID=2144) to work on /home/airflow/.local/lib/python3.8/site-packages/airflow/example_dags/example_sla_dag.py
[2023-11-14T21:53:21.500+0000] {processor.py:829} INFO - Processing file /home/airflow/.local/lib/python3.8/site-packages/airflow/example_dags/example_sla_dag.py for tasks to queue
[2023-11-14T21:53:21.503+0000] {logging_mixin.py:154} INFO - [2023-11-14T21:53:21.503+0000] {dagbag.py:536} INFO - Filling up the DagBag from /home/airflow/.local/lib/python3.8/site-packages/airflow/example_dags/example_sla_dag.py
[2023-11-14T21:53:21.514+0000] {processor.py:839} INFO - DAG(s) dict_keys(['example_sla_dag']) retrieved from /home/airflow/.local/lib/python3.8/site-packages/airflow/example_dags/example_sla_dag.py
[2023-11-14T21:53:21.541+0000] {logging_mixin.py:154} INFO - [2023-11-14T21:53:21.540+0000] {dag.py:2941} INFO - Sync 1 DAGs
[2023-11-14T21:53:21.586+0000] {logging_mixin.py:154} INFO - [2023-11-14T21:53:21.586+0000] {dag.py:3722} INFO - Setting next_dagrun for example_sla_dag to 2023-11-14T21:50:00+00:00, run_after=2023-11-14T21:52:00+00:00
[2023-11-14T21:53:21.619+0000] {processor.py:179} INFO - Processing /home/airflow/.local/lib/python3.8/site-packages/airflow/example_dags/example_sla_dag.py took 0.125 seconds
[2023-11-14T21:53:52.408+0000] {processor.py:157} INFO - Started process (PID=2198) to work on /home/airflow/.local/lib/python3.8/site-packages/airflow/example_dags/example_sla_dag.py
[2023-11-14T21:53:52.409+0000] {processor.py:829} INFO - Processing file /home/airflow/.local/lib/python3.8/site-packages/airflow/example_dags/example_sla_dag.py for tasks to queue
[2023-11-14T21:53:52.412+0000] {logging_mixin.py:154} INFO - [2023-11-14T21:53:52.411+0000] {dagbag.py:536} INFO - Filling up the DagBag from /home/airflow/.local/lib/python3.8/site-packages/airflow/example_dags/example_sla_dag.py
[2023-11-14T21:53:52.423+0000] {processor.py:839} INFO - DAG(s) dict_keys(['example_sla_dag']) retrieved from /home/airflow/.local/lib/python3.8/site-packages/airflow/example_dags/example_sla_dag.py
[2023-11-14T21:53:52.449+0000] {logging_mixin.py:154} INFO - [2023-11-14T21:53:52.449+0000] {dag.py:2941} INFO - Sync 1 DAGs
[2023-11-14T21:53:52.483+0000] {logging_mixin.py:154} INFO - [2023-11-14T21:53:52.482+0000] {dag.py:3722} INFO - Setting next_dagrun for example_sla_dag to 2023-11-14T21:50:00+00:00, run_after=2023-11-14T21:52:00+00:00
[2023-11-14T21:53:52.513+0000] {processor.py:179} INFO - Processing /home/airflow/.local/lib/python3.8/site-packages/airflow/example_dags/example_sla_dag.py took 0.110 seconds
[2023-11-14T21:54:23.045+0000] {processor.py:157} INFO - Started process (PID=2252) to work on /home/airflow/.local/lib/python3.8/site-packages/airflow/example_dags/example_sla_dag.py
[2023-11-14T21:54:23.046+0000] {processor.py:829} INFO - Processing file /home/airflow/.local/lib/python3.8/site-packages/airflow/example_dags/example_sla_dag.py for tasks to queue
[2023-11-14T21:54:23.049+0000] {logging_mixin.py:154} INFO - [2023-11-14T21:54:23.049+0000] {dagbag.py:536} INFO - Filling up the DagBag from /home/airflow/.local/lib/python3.8/site-packages/airflow/example_dags/example_sla_dag.py
[2023-11-14T21:54:23.060+0000] {processor.py:839} INFO - DAG(s) dict_keys(['example_sla_dag']) retrieved from /home/airflow/.local/lib/python3.8/site-packages/airflow/example_dags/example_sla_dag.py
[2023-11-14T21:54:23.086+0000] {logging_mixin.py:154} INFO - [2023-11-14T21:54:23.086+0000] {dag.py:2941} INFO - Sync 1 DAGs
[2023-11-14T21:54:23.124+0000] {logging_mixin.py:154} INFO - [2023-11-14T21:54:23.124+0000] {dag.py:3722} INFO - Setting next_dagrun for example_sla_dag to 2023-11-14T21:52:00+00:00, run_after=2023-11-14T21:54:00+00:00
[2023-11-14T21:54:23.148+0000] {processor.py:179} INFO - Processing /home/airflow/.local/lib/python3.8/site-packages/airflow/example_dags/example_sla_dag.py took 0.107 seconds
[2023-11-14T21:54:53.976+0000] {processor.py:157} INFO - Started process (PID=2306) to work on /home/airflow/.local/lib/python3.8/site-packages/airflow/example_dags/example_sla_dag.py
[2023-11-14T21:54:53.977+0000] {processor.py:829} INFO - Processing file /home/airflow/.local/lib/python3.8/site-packages/airflow/example_dags/example_sla_dag.py for tasks to queue
[2023-11-14T21:54:53.980+0000] {logging_mixin.py:154} INFO - [2023-11-14T21:54:53.979+0000] {dagbag.py:536} INFO - Filling up the DagBag from /home/airflow/.local/lib/python3.8/site-packages/airflow/example_dags/example_sla_dag.py
[2023-11-14T21:54:53.990+0000] {processor.py:839} INFO - DAG(s) dict_keys(['example_sla_dag']) retrieved from /home/airflow/.local/lib/python3.8/site-packages/airflow/example_dags/example_sla_dag.py
[2023-11-14T21:54:54.015+0000] {logging_mixin.py:154} INFO - [2023-11-14T21:54:54.015+0000] {dag.py:2941} INFO - Sync 1 DAGs
[2023-11-14T21:54:54.048+0000] {logging_mixin.py:154} INFO - [2023-11-14T21:54:54.048+0000] {dag.py:3722} INFO - Setting next_dagrun for example_sla_dag to 2023-11-14T21:52:00+00:00, run_after=2023-11-14T21:54:00+00:00
[2023-11-14T21:54:54.083+0000] {processor.py:179} INFO - Processing /home/airflow/.local/lib/python3.8/site-packages/airflow/example_dags/example_sla_dag.py took 0.111 seconds
[2023-11-14T21:55:24.260+0000] {processor.py:157} INFO - Started process (PID=2361) to work on /home/airflow/.local/lib/python3.8/site-packages/airflow/example_dags/example_sla_dag.py
[2023-11-14T21:55:24.261+0000] {processor.py:829} INFO - Processing file /home/airflow/.local/lib/python3.8/site-packages/airflow/example_dags/example_sla_dag.py for tasks to queue
[2023-11-14T21:55:24.264+0000] {logging_mixin.py:154} INFO - [2023-11-14T21:55:24.264+0000] {dagbag.py:536} INFO - Filling up the DagBag from /home/airflow/.local/lib/python3.8/site-packages/airflow/example_dags/example_sla_dag.py
[2023-11-14T21:55:24.274+0000] {processor.py:839} INFO - DAG(s) dict_keys(['example_sla_dag']) retrieved from /home/airflow/.local/lib/python3.8/site-packages/airflow/example_dags/example_sla_dag.py
[2023-11-14T21:55:24.303+0000] {logging_mixin.py:154} INFO - [2023-11-14T21:55:24.302+0000] {dag.py:2941} INFO - Sync 1 DAGs
[2023-11-14T21:55:24.341+0000] {logging_mixin.py:154} INFO - [2023-11-14T21:55:24.340+0000] {dag.py:3722} INFO - Setting next_dagrun for example_sla_dag to 2023-11-14T21:52:00+00:00, run_after=2023-11-14T21:54:00+00:00
[2023-11-14T21:55:24.368+0000] {processor.py:179} INFO - Processing /home/airflow/.local/lib/python3.8/site-packages/airflow/example_dags/example_sla_dag.py took 0.112 seconds
[2023-11-14T21:55:54.579+0000] {processor.py:157} INFO - Started process (PID=2415) to work on /home/airflow/.local/lib/python3.8/site-packages/airflow/example_dags/example_sla_dag.py
[2023-11-14T21:55:54.580+0000] {processor.py:829} INFO - Processing file /home/airflow/.local/lib/python3.8/site-packages/airflow/example_dags/example_sla_dag.py for tasks to queue
[2023-11-14T21:55:54.583+0000] {logging_mixin.py:154} INFO - [2023-11-14T21:55:54.582+0000] {dagbag.py:536} INFO - Filling up the DagBag from /home/airflow/.local/lib/python3.8/site-packages/airflow/example_dags/example_sla_dag.py
[2023-11-14T21:55:54.593+0000] {processor.py:839} INFO - DAG(s) dict_keys(['example_sla_dag']) retrieved from /home/airflow/.local/lib/python3.8/site-packages/airflow/example_dags/example_sla_dag.py
[2023-11-14T21:55:54.619+0000] {logging_mixin.py:154} INFO - [2023-11-14T21:55:54.619+0000] {dag.py:2941} INFO - Sync 1 DAGs
[2023-11-14T21:55:54.649+0000] {logging_mixin.py:154} INFO - [2023-11-14T21:55:54.649+0000] {dag.py:3722} INFO - Setting next_dagrun for example_sla_dag to 2023-11-14T21:52:00+00:00, run_after=2023-11-14T21:54:00+00:00
[2023-11-14T21:55:54.677+0000] {processor.py:179} INFO - Processing /home/airflow/.local/lib/python3.8/site-packages/airflow/example_dags/example_sla_dag.py took 0.102 seconds
[2023-11-14T21:56:25.170+0000] {processor.py:157} INFO - Started process (PID=2469) to work on /home/airflow/.local/lib/python3.8/site-packages/airflow/example_dags/example_sla_dag.py
[2023-11-14T21:56:25.171+0000] {processor.py:829} INFO - Processing file /home/airflow/.local/lib/python3.8/site-packages/airflow/example_dags/example_sla_dag.py for tasks to queue
[2023-11-14T21:56:25.174+0000] {logging_mixin.py:154} INFO - [2023-11-14T21:56:25.174+0000] {dagbag.py:536} INFO - Filling up the DagBag from /home/airflow/.local/lib/python3.8/site-packages/airflow/example_dags/example_sla_dag.py
[2023-11-14T21:56:25.184+0000] {processor.py:839} INFO - DAG(s) dict_keys(['example_sla_dag']) retrieved from /home/airflow/.local/lib/python3.8/site-packages/airflow/example_dags/example_sla_dag.py
[2023-11-14T21:56:25.208+0000] {logging_mixin.py:154} INFO - [2023-11-14T21:56:25.208+0000] {dag.py:2941} INFO - Sync 1 DAGs
[2023-11-14T21:56:25.243+0000] {logging_mixin.py:154} INFO - [2023-11-14T21:56:25.243+0000] {dag.py:3722} INFO - Setting next_dagrun for example_sla_dag to 2023-11-14T21:54:00+00:00, run_after=2023-11-14T21:56:00+00:00
[2023-11-14T21:56:25.267+0000] {processor.py:179} INFO - Processing /home/airflow/.local/lib/python3.8/site-packages/airflow/example_dags/example_sla_dag.py took 0.101 seconds
[2023-11-14T21:56:55.998+0000] {processor.py:157} INFO - Started process (PID=2524) to work on /home/airflow/.local/lib/python3.8/site-packages/airflow/example_dags/example_sla_dag.py
[2023-11-14T21:56:55.999+0000] {processor.py:829} INFO - Processing file /home/airflow/.local/lib/python3.8/site-packages/airflow/example_dags/example_sla_dag.py for tasks to queue
[2023-11-14T21:56:56.001+0000] {logging_mixin.py:154} INFO - [2023-11-14T21:56:56.001+0000] {dagbag.py:536} INFO - Filling up the DagBag from /home/airflow/.local/lib/python3.8/site-packages/airflow/example_dags/example_sla_dag.py
[2023-11-14T21:56:56.013+0000] {processor.py:839} INFO - DAG(s) dict_keys(['example_sla_dag']) retrieved from /home/airflow/.local/lib/python3.8/site-packages/airflow/example_dags/example_sla_dag.py
[2023-11-14T21:56:56.037+0000] {logging_mixin.py:154} INFO - [2023-11-14T21:56:56.037+0000] {dag.py:2941} INFO - Sync 1 DAGs
[2023-11-14T21:56:56.070+0000] {logging_mixin.py:154} INFO - [2023-11-14T21:56:56.070+0000] {dag.py:3722} INFO - Setting next_dagrun for example_sla_dag to 2023-11-14T21:54:00+00:00, run_after=2023-11-14T21:56:00+00:00
[2023-11-14T21:56:56.095+0000] {processor.py:179} INFO - Processing /home/airflow/.local/lib/python3.8/site-packages/airflow/example_dags/example_sla_dag.py took 0.102 seconds
[2023-11-14T21:57:26.873+0000] {processor.py:157} INFO - Started process (PID=2578) to work on /home/airflow/.local/lib/python3.8/site-packages/airflow/example_dags/example_sla_dag.py
[2023-11-14T21:57:26.875+0000] {processor.py:829} INFO - Processing file /home/airflow/.local/lib/python3.8/site-packages/airflow/example_dags/example_sla_dag.py for tasks to queue
[2023-11-14T21:57:26.877+0000] {logging_mixin.py:154} INFO - [2023-11-14T21:57:26.877+0000] {dagbag.py:536} INFO - Filling up the DagBag from /home/airflow/.local/lib/python3.8/site-packages/airflow/example_dags/example_sla_dag.py
[2023-11-14T21:57:26.890+0000] {processor.py:839} INFO - DAG(s) dict_keys(['example_sla_dag']) retrieved from /home/airflow/.local/lib/python3.8/site-packages/airflow/example_dags/example_sla_dag.py
[2023-11-14T21:57:26.922+0000] {logging_mixin.py:154} INFO - [2023-11-14T21:57:26.922+0000] {dag.py:2941} INFO - Sync 1 DAGs
[2023-11-14T21:57:26.968+0000] {logging_mixin.py:154} INFO - [2023-11-14T21:57:26.968+0000] {dag.py:3722} INFO - Setting next_dagrun for example_sla_dag to 2023-11-14T21:54:00+00:00, run_after=2023-11-14T21:56:00+00:00
[2023-11-14T21:57:27.015+0000] {processor.py:179} INFO - Processing /home/airflow/.local/lib/python3.8/site-packages/airflow/example_dags/example_sla_dag.py took 0.146 seconds
[2023-11-14T21:57:57.280+0000] {processor.py:157} INFO - Started process (PID=2633) to work on /home/airflow/.local/lib/python3.8/site-packages/airflow/example_dags/example_sla_dag.py
[2023-11-14T21:57:57.281+0000] {processor.py:829} INFO - Processing file /home/airflow/.local/lib/python3.8/site-packages/airflow/example_dags/example_sla_dag.py for tasks to queue
[2023-11-14T21:57:57.284+0000] {logging_mixin.py:154} INFO - [2023-11-14T21:57:57.284+0000] {dagbag.py:536} INFO - Filling up the DagBag from /home/airflow/.local/lib/python3.8/site-packages/airflow/example_dags/example_sla_dag.py
[2023-11-14T21:57:57.298+0000] {processor.py:839} INFO - DAG(s) dict_keys(['example_sla_dag']) retrieved from /home/airflow/.local/lib/python3.8/site-packages/airflow/example_dags/example_sla_dag.py
[2023-11-14T21:57:57.323+0000] {logging_mixin.py:154} INFO - [2023-11-14T21:57:57.323+0000] {dag.py:2941} INFO - Sync 1 DAGs
[2023-11-14T21:57:57.355+0000] {logging_mixin.py:154} INFO - [2023-11-14T21:57:57.355+0000] {dag.py:3722} INFO - Setting next_dagrun for example_sla_dag to 2023-11-14T21:54:00+00:00, run_after=2023-11-14T21:56:00+00:00
[2023-11-14T21:57:57.377+0000] {processor.py:179} INFO - Processing /home/airflow/.local/lib/python3.8/site-packages/airflow/example_dags/example_sla_dag.py took 0.102 seconds
[2023-11-14T21:58:27.481+0000] {processor.py:157} INFO - Started process (PID=2687) to work on /home/airflow/.local/lib/python3.8/site-packages/airflow/example_dags/example_sla_dag.py
[2023-11-14T21:58:27.482+0000] {processor.py:829} INFO - Processing file /home/airflow/.local/lib/python3.8/site-packages/airflow/example_dags/example_sla_dag.py for tasks to queue
[2023-11-14T21:58:27.485+0000] {logging_mixin.py:154} INFO - [2023-11-14T21:58:27.484+0000] {dagbag.py:536} INFO - Filling up the DagBag from /home/airflow/.local/lib/python3.8/site-packages/airflow/example_dags/example_sla_dag.py
[2023-11-14T21:58:27.495+0000] {processor.py:839} INFO - DAG(s) dict_keys(['example_sla_dag']) retrieved from /home/airflow/.local/lib/python3.8/site-packages/airflow/example_dags/example_sla_dag.py
[2023-11-14T21:58:27.519+0000] {logging_mixin.py:154} INFO - [2023-11-14T21:58:27.519+0000] {dag.py:2941} INFO - Sync 1 DAGs
[2023-11-14T21:58:27.555+0000] {logging_mixin.py:154} INFO - [2023-11-14T21:58:27.555+0000] {dag.py:3722} INFO - Setting next_dagrun for example_sla_dag to 2023-11-14T21:56:00+00:00, run_after=2023-11-14T21:58:00+00:00
[2023-11-14T21:58:27.579+0000] {processor.py:179} INFO - Processing /home/airflow/.local/lib/python3.8/site-packages/airflow/example_dags/example_sla_dag.py took 0.103 seconds
[2023-11-14T21:58:57.985+0000] {processor.py:157} INFO - Started process (PID=2741) to work on /home/airflow/.local/lib/python3.8/site-packages/airflow/example_dags/example_sla_dag.py
[2023-11-14T21:58:57.986+0000] {processor.py:829} INFO - Processing file /home/airflow/.local/lib/python3.8/site-packages/airflow/example_dags/example_sla_dag.py for tasks to queue
[2023-11-14T21:58:57.988+0000] {logging_mixin.py:154} INFO - [2023-11-14T21:58:57.988+0000] {dagbag.py:536} INFO - Filling up the DagBag from /home/airflow/.local/lib/python3.8/site-packages/airflow/example_dags/example_sla_dag.py
[2023-11-14T21:58:57.998+0000] {processor.py:839} INFO - DAG(s) dict_keys(['example_sla_dag']) retrieved from /home/airflow/.local/lib/python3.8/site-packages/airflow/example_dags/example_sla_dag.py
[2023-11-14T21:58:58.024+0000] {logging_mixin.py:154} INFO - [2023-11-14T21:58:58.023+0000] {dag.py:2941} INFO - Sync 1 DAGs
[2023-11-14T21:58:58.054+0000] {logging_mixin.py:154} INFO - [2023-11-14T21:58:58.053+0000] {dag.py:3722} INFO - Setting next_dagrun for example_sla_dag to 2023-11-14T21:56:00+00:00, run_after=2023-11-14T21:58:00+00:00
[2023-11-14T21:58:58.100+0000] {processor.py:179} INFO - Processing /home/airflow/.local/lib/python3.8/site-packages/airflow/example_dags/example_sla_dag.py took 0.119 seconds
[2023-11-14T21:59:28.661+0000] {processor.py:157} INFO - Started process (PID=2795) to work on /home/airflow/.local/lib/python3.8/site-packages/airflow/example_dags/example_sla_dag.py
[2023-11-14T21:59:28.663+0000] {processor.py:829} INFO - Processing file /home/airflow/.local/lib/python3.8/site-packages/airflow/example_dags/example_sla_dag.py for tasks to queue
[2023-11-14T21:59:28.665+0000] {logging_mixin.py:154} INFO - [2023-11-14T21:59:28.665+0000] {dagbag.py:536} INFO - Filling up the DagBag from /home/airflow/.local/lib/python3.8/site-packages/airflow/example_dags/example_sla_dag.py
[2023-11-14T21:59:28.678+0000] {processor.py:839} INFO - DAG(s) dict_keys(['example_sla_dag']) retrieved from /home/airflow/.local/lib/python3.8/site-packages/airflow/example_dags/example_sla_dag.py
[2023-11-14T21:59:28.710+0000] {logging_mixin.py:154} INFO - [2023-11-14T21:59:28.710+0000] {dag.py:2941} INFO - Sync 1 DAGs
[2023-11-14T21:59:28.750+0000] {logging_mixin.py:154} INFO - [2023-11-14T21:59:28.750+0000] {dag.py:3722} INFO - Setting next_dagrun for example_sla_dag to 2023-11-14T21:56:00+00:00, run_after=2023-11-14T21:58:00+00:00
[2023-11-14T21:59:28.781+0000] {processor.py:179} INFO - Processing /home/airflow/.local/lib/python3.8/site-packages/airflow/example_dags/example_sla_dag.py took 0.125 seconds
