[2023-11-14T21:33:53.455+0000] {processor.py:157} INFO - Started process (PID=43) to work on /home/airflow/.local/lib/python3.8/site-packages/airflow/example_dags/example_task_group_decorator.py
[2023-11-14T21:33:53.459+0000] {processor.py:829} INFO - Processing file /home/airflow/.local/lib/python3.8/site-packages/airflow/example_dags/example_task_group_decorator.py for tasks to queue
[2023-11-14T21:33:53.465+0000] {logging_mixin.py:154} INFO - [2023-11-14T21:33:53.464+0000] {dagbag.py:536} INFO - Filling up the DagBag from /home/airflow/.local/lib/python3.8/site-packages/airflow/example_dags/example_task_group_decorator.py
[2023-11-14T21:33:53.526+0000] {processor.py:839} INFO - DAG(s) dict_keys(['example_task_group_decorator']) retrieved from /home/airflow/.local/lib/python3.8/site-packages/airflow/example_dags/example_task_group_decorator.py
[2023-11-14T21:33:53.947+0000] {logging_mixin.py:154} INFO - [2023-11-14T21:33:53.947+0000] {manager.py:499} INFO - Created Permission View: %s
[2023-11-14T21:33:53.979+0000] {logging_mixin.py:154} INFO - [2023-11-14T21:33:53.978+0000] {manager.py:499} INFO - Created Permission View: %s
[2023-11-14T21:33:54.000+0000] {logging_mixin.py:154} INFO - [2023-11-14T21:33:54.000+0000] {manager.py:499} INFO - Created Permission View: %s
[2023-11-14T21:33:54.001+0000] {logging_mixin.py:154} INFO - [2023-11-14T21:33:54.001+0000] {dag.py:2941} INFO - Sync 1 DAGs
[2023-11-14T21:33:54.043+0000] {logging_mixin.py:154} INFO - [2023-11-14T21:33:54.042+0000] {dag.py:2963} INFO - Creating ORM DAG for example_task_group_decorator
[2023-11-14T21:33:54.073+0000] {logging_mixin.py:154} INFO - [2023-11-14T21:33:54.071+0000] {dag.py:3722} INFO - Setting next_dagrun for example_task_group_decorator to 2023-11-13T21:33:54.070458+00:00, run_after=2023-11-14T21:33:54.070458+00:00
[2023-11-14T21:33:54.127+0000] {processor.py:179} INFO - Processing /home/airflow/.local/lib/python3.8/site-packages/airflow/example_dags/example_task_group_decorator.py took 0.682 seconds
[2023-11-14T21:34:24.513+0000] {processor.py:157} INFO - Started process (PID=97) to work on /home/airflow/.local/lib/python3.8/site-packages/airflow/example_dags/example_task_group_decorator.py
[2023-11-14T21:34:24.516+0000] {processor.py:829} INFO - Processing file /home/airflow/.local/lib/python3.8/site-packages/airflow/example_dags/example_task_group_decorator.py for tasks to queue
[2023-11-14T21:34:24.522+0000] {logging_mixin.py:154} INFO - [2023-11-14T21:34:24.521+0000] {dagbag.py:536} INFO - Filling up the DagBag from /home/airflow/.local/lib/python3.8/site-packages/airflow/example_dags/example_task_group_decorator.py
[2023-11-14T21:34:24.555+0000] {processor.py:839} INFO - DAG(s) dict_keys(['example_task_group_decorator']) retrieved from /home/airflow/.local/lib/python3.8/site-packages/airflow/example_dags/example_task_group_decorator.py
[2023-11-14T21:34:24.587+0000] {logging_mixin.py:154} INFO - [2023-11-14T21:34:24.587+0000] {dag.py:2941} INFO - Sync 1 DAGs
[2023-11-14T21:34:24.614+0000] {logging_mixin.py:154} INFO - [2023-11-14T21:34:24.614+0000] {dag.py:3722} INFO - Setting next_dagrun for example_task_group_decorator to 2023-11-13T21:34:24.613554+00:00, run_after=2023-11-14T21:34:24.613554+00:00
[2023-11-14T21:34:24.649+0000] {processor.py:179} INFO - Processing /home/airflow/.local/lib/python3.8/site-packages/airflow/example_dags/example_task_group_decorator.py took 0.145 seconds
[2023-11-14T21:34:54.718+0000] {processor.py:157} INFO - Started process (PID=151) to work on /home/airflow/.local/lib/python3.8/site-packages/airflow/example_dags/example_task_group_decorator.py
[2023-11-14T21:34:54.719+0000] {processor.py:829} INFO - Processing file /home/airflow/.local/lib/python3.8/site-packages/airflow/example_dags/example_task_group_decorator.py for tasks to queue
[2023-11-14T21:34:54.721+0000] {logging_mixin.py:154} INFO - [2023-11-14T21:34:54.721+0000] {dagbag.py:536} INFO - Filling up the DagBag from /home/airflow/.local/lib/python3.8/site-packages/airflow/example_dags/example_task_group_decorator.py
[2023-11-14T21:34:54.739+0000] {processor.py:839} INFO - DAG(s) dict_keys(['example_task_group_decorator']) retrieved from /home/airflow/.local/lib/python3.8/site-packages/airflow/example_dags/example_task_group_decorator.py
[2023-11-14T21:34:54.771+0000] {logging_mixin.py:154} INFO - [2023-11-14T21:34:54.771+0000] {dag.py:2941} INFO - Sync 1 DAGs
[2023-11-14T21:34:54.800+0000] {logging_mixin.py:154} INFO - [2023-11-14T21:34:54.800+0000] {dag.py:3722} INFO - Setting next_dagrun for example_task_group_decorator to 2023-11-13T21:34:54.800170+00:00, run_after=2023-11-14T21:34:54.800170+00:00
[2023-11-14T21:34:54.836+0000] {processor.py:179} INFO - Processing /home/airflow/.local/lib/python3.8/site-packages/airflow/example_dags/example_task_group_decorator.py took 0.122 seconds
[2023-11-14T21:35:25.056+0000] {processor.py:157} INFO - Started process (PID=205) to work on /home/airflow/.local/lib/python3.8/site-packages/airflow/example_dags/example_task_group_decorator.py
[2023-11-14T21:35:25.057+0000] {processor.py:829} INFO - Processing file /home/airflow/.local/lib/python3.8/site-packages/airflow/example_dags/example_task_group_decorator.py for tasks to queue
[2023-11-14T21:35:25.060+0000] {logging_mixin.py:154} INFO - [2023-11-14T21:35:25.060+0000] {dagbag.py:536} INFO - Filling up the DagBag from /home/airflow/.local/lib/python3.8/site-packages/airflow/example_dags/example_task_group_decorator.py
[2023-11-14T21:35:25.081+0000] {processor.py:839} INFO - DAG(s) dict_keys(['example_task_group_decorator']) retrieved from /home/airflow/.local/lib/python3.8/site-packages/airflow/example_dags/example_task_group_decorator.py
[2023-11-14T21:35:25.115+0000] {logging_mixin.py:154} INFO - [2023-11-14T21:35:25.115+0000] {dag.py:2941} INFO - Sync 1 DAGs
[2023-11-14T21:35:25.146+0000] {logging_mixin.py:154} INFO - [2023-11-14T21:35:25.146+0000] {dag.py:3722} INFO - Setting next_dagrun for example_task_group_decorator to 2023-11-13T21:35:25.145699+00:00, run_after=2023-11-14T21:35:25.145699+00:00
[2023-11-14T21:35:25.192+0000] {processor.py:179} INFO - Processing /home/airflow/.local/lib/python3.8/site-packages/airflow/example_dags/example_task_group_decorator.py took 0.140 seconds
[2023-11-14T21:35:55.710+0000] {processor.py:157} INFO - Started process (PID=259) to work on /home/airflow/.local/lib/python3.8/site-packages/airflow/example_dags/example_task_group_decorator.py
[2023-11-14T21:35:55.713+0000] {processor.py:829} INFO - Processing file /home/airflow/.local/lib/python3.8/site-packages/airflow/example_dags/example_task_group_decorator.py for tasks to queue
[2023-11-14T21:35:55.719+0000] {logging_mixin.py:154} INFO - [2023-11-14T21:35:55.718+0000] {dagbag.py:536} INFO - Filling up the DagBag from /home/airflow/.local/lib/python3.8/site-packages/airflow/example_dags/example_task_group_decorator.py
[2023-11-14T21:35:55.753+0000] {processor.py:839} INFO - DAG(s) dict_keys(['example_task_group_decorator']) retrieved from /home/airflow/.local/lib/python3.8/site-packages/airflow/example_dags/example_task_group_decorator.py
[2023-11-14T21:35:55.788+0000] {logging_mixin.py:154} INFO - [2023-11-14T21:35:55.788+0000] {dag.py:2941} INFO - Sync 1 DAGs
[2023-11-14T21:35:55.818+0000] {logging_mixin.py:154} INFO - [2023-11-14T21:35:55.818+0000] {dag.py:3722} INFO - Setting next_dagrun for example_task_group_decorator to 2023-11-13T21:35:55.818053+00:00, run_after=2023-11-14T21:35:55.818053+00:00
[2023-11-14T21:35:55.868+0000] {processor.py:179} INFO - Processing /home/airflow/.local/lib/python3.8/site-packages/airflow/example_dags/example_task_group_decorator.py took 0.168 seconds
[2023-11-14T21:36:26.119+0000] {processor.py:157} INFO - Started process (PID=314) to work on /home/airflow/.local/lib/python3.8/site-packages/airflow/example_dags/example_task_group_decorator.py
[2023-11-14T21:36:26.120+0000] {processor.py:829} INFO - Processing file /home/airflow/.local/lib/python3.8/site-packages/airflow/example_dags/example_task_group_decorator.py for tasks to queue
[2023-11-14T21:36:26.122+0000] {logging_mixin.py:154} INFO - [2023-11-14T21:36:26.122+0000] {dagbag.py:536} INFO - Filling up the DagBag from /home/airflow/.local/lib/python3.8/site-packages/airflow/example_dags/example_task_group_decorator.py
[2023-11-14T21:36:26.139+0000] {processor.py:839} INFO - DAG(s) dict_keys(['example_task_group_decorator']) retrieved from /home/airflow/.local/lib/python3.8/site-packages/airflow/example_dags/example_task_group_decorator.py
[2023-11-14T21:36:26.172+0000] {logging_mixin.py:154} INFO - [2023-11-14T21:36:26.171+0000] {dag.py:2941} INFO - Sync 1 DAGs
[2023-11-14T21:36:26.200+0000] {logging_mixin.py:154} INFO - [2023-11-14T21:36:26.200+0000] {dag.py:3722} INFO - Setting next_dagrun for example_task_group_decorator to 2023-11-13T21:36:26.199911+00:00, run_after=2023-11-14T21:36:26.199911+00:00
[2023-11-14T21:36:26.247+0000] {processor.py:179} INFO - Processing /home/airflow/.local/lib/python3.8/site-packages/airflow/example_dags/example_task_group_decorator.py took 0.132 seconds
[2023-11-14T21:36:56.725+0000] {processor.py:157} INFO - Started process (PID=368) to work on /home/airflow/.local/lib/python3.8/site-packages/airflow/example_dags/example_task_group_decorator.py
[2023-11-14T21:36:56.726+0000] {processor.py:829} INFO - Processing file /home/airflow/.local/lib/python3.8/site-packages/airflow/example_dags/example_task_group_decorator.py for tasks to queue
[2023-11-14T21:36:56.728+0000] {logging_mixin.py:154} INFO - [2023-11-14T21:36:56.728+0000] {dagbag.py:536} INFO - Filling up the DagBag from /home/airflow/.local/lib/python3.8/site-packages/airflow/example_dags/example_task_group_decorator.py
[2023-11-14T21:36:56.746+0000] {processor.py:839} INFO - DAG(s) dict_keys(['example_task_group_decorator']) retrieved from /home/airflow/.local/lib/python3.8/site-packages/airflow/example_dags/example_task_group_decorator.py
[2023-11-14T21:36:56.778+0000] {logging_mixin.py:154} INFO - [2023-11-14T21:36:56.778+0000] {dag.py:2941} INFO - Sync 1 DAGs
[2023-11-14T21:36:56.805+0000] {logging_mixin.py:154} INFO - [2023-11-14T21:36:56.805+0000] {dag.py:3722} INFO - Setting next_dagrun for example_task_group_decorator to 2023-11-13T21:36:56.805318+00:00, run_after=2023-11-14T21:36:56.805318+00:00
[2023-11-14T21:36:56.829+0000] {processor.py:179} INFO - Processing /home/airflow/.local/lib/python3.8/site-packages/airflow/example_dags/example_task_group_decorator.py took 0.109 seconds
[2023-11-14T21:37:27.271+0000] {processor.py:157} INFO - Started process (PID=422) to work on /home/airflow/.local/lib/python3.8/site-packages/airflow/example_dags/example_task_group_decorator.py
[2023-11-14T21:37:27.272+0000] {processor.py:829} INFO - Processing file /home/airflow/.local/lib/python3.8/site-packages/airflow/example_dags/example_task_group_decorator.py for tasks to queue
[2023-11-14T21:37:27.275+0000] {logging_mixin.py:154} INFO - [2023-11-14T21:37:27.275+0000] {dagbag.py:536} INFO - Filling up the DagBag from /home/airflow/.local/lib/python3.8/site-packages/airflow/example_dags/example_task_group_decorator.py
[2023-11-14T21:37:27.294+0000] {processor.py:839} INFO - DAG(s) dict_keys(['example_task_group_decorator']) retrieved from /home/airflow/.local/lib/python3.8/site-packages/airflow/example_dags/example_task_group_decorator.py
[2023-11-14T21:37:27.325+0000] {logging_mixin.py:154} INFO - [2023-11-14T21:37:27.324+0000] {dag.py:2941} INFO - Sync 1 DAGs
[2023-11-14T21:37:27.351+0000] {logging_mixin.py:154} INFO - [2023-11-14T21:37:27.351+0000] {dag.py:3722} INFO - Setting next_dagrun for example_task_group_decorator to 2023-11-13T21:37:27.351143+00:00, run_after=2023-11-14T21:37:27.351143+00:00
[2023-11-14T21:37:27.376+0000] {processor.py:179} INFO - Processing /home/airflow/.local/lib/python3.8/site-packages/airflow/example_dags/example_task_group_decorator.py took 0.109 seconds
[2023-11-14T21:37:57.598+0000] {processor.py:157} INFO - Started process (PID=476) to work on /home/airflow/.local/lib/python3.8/site-packages/airflow/example_dags/example_task_group_decorator.py
[2023-11-14T21:37:57.600+0000] {processor.py:829} INFO - Processing file /home/airflow/.local/lib/python3.8/site-packages/airflow/example_dags/example_task_group_decorator.py for tasks to queue
[2023-11-14T21:37:57.604+0000] {logging_mixin.py:154} INFO - [2023-11-14T21:37:57.603+0000] {dagbag.py:536} INFO - Filling up the DagBag from /home/airflow/.local/lib/python3.8/site-packages/airflow/example_dags/example_task_group_decorator.py
[2023-11-14T21:37:57.629+0000] {processor.py:839} INFO - DAG(s) dict_keys(['example_task_group_decorator']) retrieved from /home/airflow/.local/lib/python3.8/site-packages/airflow/example_dags/example_task_group_decorator.py
[2023-11-14T21:37:57.660+0000] {logging_mixin.py:154} INFO - [2023-11-14T21:37:57.660+0000] {dag.py:2941} INFO - Sync 1 DAGs
[2023-11-14T21:37:57.686+0000] {logging_mixin.py:154} INFO - [2023-11-14T21:37:57.686+0000] {dag.py:3722} INFO - Setting next_dagrun for example_task_group_decorator to 2023-11-13T21:37:57.685959+00:00, run_after=2023-11-14T21:37:57.685959+00:00
[2023-11-14T21:37:57.738+0000] {processor.py:179} INFO - Processing /home/airflow/.local/lib/python3.8/site-packages/airflow/example_dags/example_task_group_decorator.py took 0.146 seconds
[2023-11-14T21:38:28.149+0000] {processor.py:157} INFO - Started process (PID=541) to work on /home/airflow/.local/lib/python3.8/site-packages/airflow/example_dags/example_task_group_decorator.py
[2023-11-14T21:38:28.151+0000] {processor.py:829} INFO - Processing file /home/airflow/.local/lib/python3.8/site-packages/airflow/example_dags/example_task_group_decorator.py for tasks to queue
[2023-11-14T21:38:28.154+0000] {logging_mixin.py:154} INFO - [2023-11-14T21:38:28.153+0000] {dagbag.py:536} INFO - Filling up the DagBag from /home/airflow/.local/lib/python3.8/site-packages/airflow/example_dags/example_task_group_decorator.py
[2023-11-14T21:38:28.171+0000] {processor.py:839} INFO - DAG(s) dict_keys(['example_task_group_decorator']) retrieved from /home/airflow/.local/lib/python3.8/site-packages/airflow/example_dags/example_task_group_decorator.py
[2023-11-14T21:38:28.201+0000] {logging_mixin.py:154} INFO - [2023-11-14T21:38:28.201+0000] {dag.py:2941} INFO - Sync 1 DAGs
[2023-11-14T21:38:28.227+0000] {logging_mixin.py:154} INFO - [2023-11-14T21:38:28.227+0000] {dag.py:3722} INFO - Setting next_dagrun for example_task_group_decorator to 2023-11-13T21:38:28.227314+00:00, run_after=2023-11-14T21:38:28.227314+00:00
[2023-11-14T21:38:28.261+0000] {processor.py:179} INFO - Processing /home/airflow/.local/lib/python3.8/site-packages/airflow/example_dags/example_task_group_decorator.py took 0.116 seconds
[2023-11-14T21:38:58.446+0000] {processor.py:157} INFO - Started process (PID=595) to work on /home/airflow/.local/lib/python3.8/site-packages/airflow/example_dags/example_task_group_decorator.py
[2023-11-14T21:38:58.447+0000] {processor.py:829} INFO - Processing file /home/airflow/.local/lib/python3.8/site-packages/airflow/example_dags/example_task_group_decorator.py for tasks to queue
[2023-11-14T21:38:58.450+0000] {logging_mixin.py:154} INFO - [2023-11-14T21:38:58.449+0000] {dagbag.py:536} INFO - Filling up the DagBag from /home/airflow/.local/lib/python3.8/site-packages/airflow/example_dags/example_task_group_decorator.py
[2023-11-14T21:38:58.469+0000] {processor.py:839} INFO - DAG(s) dict_keys(['example_task_group_decorator']) retrieved from /home/airflow/.local/lib/python3.8/site-packages/airflow/example_dags/example_task_group_decorator.py
[2023-11-14T21:38:58.499+0000] {logging_mixin.py:154} INFO - [2023-11-14T21:38:58.499+0000] {dag.py:2941} INFO - Sync 1 DAGs
[2023-11-14T21:38:58.528+0000] {logging_mixin.py:154} INFO - [2023-11-14T21:38:58.528+0000] {dag.py:3722} INFO - Setting next_dagrun for example_task_group_decorator to 2023-11-13T21:38:58.527735+00:00, run_after=2023-11-14T21:38:58.527735+00:00
[2023-11-14T21:38:58.552+0000] {processor.py:179} INFO - Processing /home/airflow/.local/lib/python3.8/site-packages/airflow/example_dags/example_task_group_decorator.py took 0.110 seconds
[2023-11-14T21:39:28.919+0000] {processor.py:157} INFO - Started process (PID=649) to work on /home/airflow/.local/lib/python3.8/site-packages/airflow/example_dags/example_task_group_decorator.py
[2023-11-14T21:39:28.921+0000] {processor.py:829} INFO - Processing file /home/airflow/.local/lib/python3.8/site-packages/airflow/example_dags/example_task_group_decorator.py for tasks to queue
[2023-11-14T21:39:28.923+0000] {logging_mixin.py:154} INFO - [2023-11-14T21:39:28.923+0000] {dagbag.py:536} INFO - Filling up the DagBag from /home/airflow/.local/lib/python3.8/site-packages/airflow/example_dags/example_task_group_decorator.py
[2023-11-14T21:39:28.942+0000] {processor.py:839} INFO - DAG(s) dict_keys(['example_task_group_decorator']) retrieved from /home/airflow/.local/lib/python3.8/site-packages/airflow/example_dags/example_task_group_decorator.py
[2023-11-14T21:39:28.983+0000] {logging_mixin.py:154} INFO - [2023-11-14T21:39:28.983+0000] {dag.py:2941} INFO - Sync 1 DAGs
[2023-11-14T21:39:29.019+0000] {logging_mixin.py:154} INFO - [2023-11-14T21:39:29.019+0000] {dag.py:3722} INFO - Setting next_dagrun for example_task_group_decorator to 2023-11-13T21:39:29.018814+00:00, run_after=2023-11-14T21:39:29.018814+00:00
[2023-11-14T21:39:29.042+0000] {processor.py:179} INFO - Processing /home/airflow/.local/lib/python3.8/site-packages/airflow/example_dags/example_task_group_decorator.py took 0.126 seconds
[2023-11-14T21:39:59.407+0000] {processor.py:157} INFO - Started process (PID=704) to work on /home/airflow/.local/lib/python3.8/site-packages/airflow/example_dags/example_task_group_decorator.py
[2023-11-14T21:39:59.408+0000] {processor.py:829} INFO - Processing file /home/airflow/.local/lib/python3.8/site-packages/airflow/example_dags/example_task_group_decorator.py for tasks to queue
[2023-11-14T21:39:59.411+0000] {logging_mixin.py:154} INFO - [2023-11-14T21:39:59.411+0000] {dagbag.py:536} INFO - Filling up the DagBag from /home/airflow/.local/lib/python3.8/site-packages/airflow/example_dags/example_task_group_decorator.py
[2023-11-14T21:39:59.437+0000] {processor.py:839} INFO - DAG(s) dict_keys(['example_task_group_decorator']) retrieved from /home/airflow/.local/lib/python3.8/site-packages/airflow/example_dags/example_task_group_decorator.py
[2023-11-14T21:39:59.469+0000] {logging_mixin.py:154} INFO - [2023-11-14T21:39:59.469+0000] {dag.py:2941} INFO - Sync 1 DAGs
[2023-11-14T21:39:59.497+0000] {logging_mixin.py:154} INFO - [2023-11-14T21:39:59.497+0000] {dag.py:3722} INFO - Setting next_dagrun for example_task_group_decorator to 2023-11-13T21:39:59.497287+00:00, run_after=2023-11-14T21:39:59.497287+00:00
[2023-11-14T21:39:59.521+0000] {processor.py:179} INFO - Processing /home/airflow/.local/lib/python3.8/site-packages/airflow/example_dags/example_task_group_decorator.py took 0.118 seconds
[2023-11-14T21:40:29.884+0000] {processor.py:157} INFO - Started process (PID=759) to work on /home/airflow/.local/lib/python3.8/site-packages/airflow/example_dags/example_task_group_decorator.py
[2023-11-14T21:40:29.896+0000] {processor.py:829} INFO - Processing file /home/airflow/.local/lib/python3.8/site-packages/airflow/example_dags/example_task_group_decorator.py for tasks to queue
[2023-11-14T21:40:29.913+0000] {logging_mixin.py:154} INFO - [2023-11-14T21:40:29.911+0000] {dagbag.py:536} INFO - Filling up the DagBag from /home/airflow/.local/lib/python3.8/site-packages/airflow/example_dags/example_task_group_decorator.py
[2023-11-14T21:40:29.975+0000] {processor.py:839} INFO - DAG(s) dict_keys(['example_task_group_decorator']) retrieved from /home/airflow/.local/lib/python3.8/site-packages/airflow/example_dags/example_task_group_decorator.py
[2023-11-14T21:40:30.011+0000] {logging_mixin.py:154} INFO - [2023-11-14T21:40:30.010+0000] {dag.py:2941} INFO - Sync 1 DAGs
[2023-11-14T21:40:30.041+0000] {logging_mixin.py:154} INFO - [2023-11-14T21:40:30.040+0000] {dag.py:3722} INFO - Setting next_dagrun for example_task_group_decorator to 2023-11-13T21:40:30.040701+00:00, run_after=2023-11-14T21:40:30.040701+00:00
[2023-11-14T21:40:30.063+0000] {processor.py:179} INFO - Processing /home/airflow/.local/lib/python3.8/site-packages/airflow/example_dags/example_task_group_decorator.py took 0.198 seconds
[2023-11-14T21:41:00.220+0000] {processor.py:157} INFO - Started process (PID=814) to work on /home/airflow/.local/lib/python3.8/site-packages/airflow/example_dags/example_task_group_decorator.py
[2023-11-14T21:41:00.222+0000] {processor.py:829} INFO - Processing file /home/airflow/.local/lib/python3.8/site-packages/airflow/example_dags/example_task_group_decorator.py for tasks to queue
[2023-11-14T21:41:00.225+0000] {logging_mixin.py:154} INFO - [2023-11-14T21:41:00.225+0000] {dagbag.py:536} INFO - Filling up the DagBag from /home/airflow/.local/lib/python3.8/site-packages/airflow/example_dags/example_task_group_decorator.py
[2023-11-14T21:41:00.246+0000] {processor.py:839} INFO - DAG(s) dict_keys(['example_task_group_decorator']) retrieved from /home/airflow/.local/lib/python3.8/site-packages/airflow/example_dags/example_task_group_decorator.py
[2023-11-14T21:41:00.280+0000] {logging_mixin.py:154} INFO - [2023-11-14T21:41:00.280+0000] {dag.py:2941} INFO - Sync 1 DAGs
[2023-11-14T21:41:00.312+0000] {logging_mixin.py:154} INFO - [2023-11-14T21:41:00.312+0000] {dag.py:3722} INFO - Setting next_dagrun for example_task_group_decorator to 2023-11-13T21:41:00.311777+00:00, run_after=2023-11-14T21:41:00.311777+00:00
[2023-11-14T21:41:00.359+0000] {processor.py:179} INFO - Processing /home/airflow/.local/lib/python3.8/site-packages/airflow/example_dags/example_task_group_decorator.py took 0.145 seconds
[2023-11-14T21:41:31.330+0000] {processor.py:157} INFO - Started process (PID=868) to work on /home/airflow/.local/lib/python3.8/site-packages/airflow/example_dags/example_task_group_decorator.py
[2023-11-14T21:41:31.332+0000] {processor.py:829} INFO - Processing file /home/airflow/.local/lib/python3.8/site-packages/airflow/example_dags/example_task_group_decorator.py for tasks to queue
[2023-11-14T21:41:31.335+0000] {logging_mixin.py:154} INFO - [2023-11-14T21:41:31.335+0000] {dagbag.py:536} INFO - Filling up the DagBag from /home/airflow/.local/lib/python3.8/site-packages/airflow/example_dags/example_task_group_decorator.py
[2023-11-14T21:41:31.357+0000] {processor.py:839} INFO - DAG(s) dict_keys(['example_task_group_decorator']) retrieved from /home/airflow/.local/lib/python3.8/site-packages/airflow/example_dags/example_task_group_decorator.py
[2023-11-14T21:41:31.401+0000] {logging_mixin.py:154} INFO - [2023-11-14T21:41:31.401+0000] {dag.py:2941} INFO - Sync 1 DAGs
[2023-11-14T21:41:31.428+0000] {logging_mixin.py:154} INFO - [2023-11-14T21:41:31.428+0000] {dag.py:3722} INFO - Setting next_dagrun for example_task_group_decorator to 2023-11-13T21:41:31.428077+00:00, run_after=2023-11-14T21:41:31.428077+00:00
[2023-11-14T21:41:31.467+0000] {processor.py:179} INFO - Processing /home/airflow/.local/lib/python3.8/site-packages/airflow/example_dags/example_task_group_decorator.py took 0.142 seconds
[2023-11-14T21:42:02.060+0000] {processor.py:157} INFO - Started process (PID=922) to work on /home/airflow/.local/lib/python3.8/site-packages/airflow/example_dags/example_task_group_decorator.py
[2023-11-14T21:42:02.062+0000] {processor.py:829} INFO - Processing file /home/airflow/.local/lib/python3.8/site-packages/airflow/example_dags/example_task_group_decorator.py for tasks to queue
[2023-11-14T21:42:02.065+0000] {logging_mixin.py:154} INFO - [2023-11-14T21:42:02.065+0000] {dagbag.py:536} INFO - Filling up the DagBag from /home/airflow/.local/lib/python3.8/site-packages/airflow/example_dags/example_task_group_decorator.py
[2023-11-14T21:42:02.083+0000] {processor.py:839} INFO - DAG(s) dict_keys(['example_task_group_decorator']) retrieved from /home/airflow/.local/lib/python3.8/site-packages/airflow/example_dags/example_task_group_decorator.py
[2023-11-14T21:42:02.113+0000] {logging_mixin.py:154} INFO - [2023-11-14T21:42:02.113+0000] {dag.py:2941} INFO - Sync 1 DAGs
[2023-11-14T21:42:02.139+0000] {logging_mixin.py:154} INFO - [2023-11-14T21:42:02.138+0000] {dag.py:3722} INFO - Setting next_dagrun for example_task_group_decorator to 2023-11-13T21:42:02.138556+00:00, run_after=2023-11-14T21:42:02.138556+00:00
[2023-11-14T21:42:02.174+0000] {processor.py:179} INFO - Processing /home/airflow/.local/lib/python3.8/site-packages/airflow/example_dags/example_task_group_decorator.py took 0.120 seconds
[2023-11-14T21:42:32.225+0000] {processor.py:157} INFO - Started process (PID=976) to work on /home/airflow/.local/lib/python3.8/site-packages/airflow/example_dags/example_task_group_decorator.py
[2023-11-14T21:42:32.227+0000] {processor.py:829} INFO - Processing file /home/airflow/.local/lib/python3.8/site-packages/airflow/example_dags/example_task_group_decorator.py for tasks to queue
[2023-11-14T21:42:32.229+0000] {logging_mixin.py:154} INFO - [2023-11-14T21:42:32.229+0000] {dagbag.py:536} INFO - Filling up the DagBag from /home/airflow/.local/lib/python3.8/site-packages/airflow/example_dags/example_task_group_decorator.py
[2023-11-14T21:42:32.247+0000] {processor.py:839} INFO - DAG(s) dict_keys(['example_task_group_decorator']) retrieved from /home/airflow/.local/lib/python3.8/site-packages/airflow/example_dags/example_task_group_decorator.py
[2023-11-14T21:42:32.280+0000] {logging_mixin.py:154} INFO - [2023-11-14T21:42:32.280+0000] {dag.py:2941} INFO - Sync 1 DAGs
[2023-11-14T21:42:32.313+0000] {logging_mixin.py:154} INFO - [2023-11-14T21:42:32.312+0000] {dag.py:3722} INFO - Setting next_dagrun for example_task_group_decorator to 2023-11-13T21:42:32.312483+00:00, run_after=2023-11-14T21:42:32.312483+00:00
[2023-11-14T21:42:32.362+0000] {processor.py:179} INFO - Processing /home/airflow/.local/lib/python3.8/site-packages/airflow/example_dags/example_task_group_decorator.py took 0.141 seconds
[2023-11-14T21:43:02.529+0000] {processor.py:157} INFO - Started process (PID=1031) to work on /home/airflow/.local/lib/python3.8/site-packages/airflow/example_dags/example_task_group_decorator.py
[2023-11-14T21:43:02.530+0000] {processor.py:829} INFO - Processing file /home/airflow/.local/lib/python3.8/site-packages/airflow/example_dags/example_task_group_decorator.py for tasks to queue
[2023-11-14T21:43:02.533+0000] {logging_mixin.py:154} INFO - [2023-11-14T21:43:02.532+0000] {dagbag.py:536} INFO - Filling up the DagBag from /home/airflow/.local/lib/python3.8/site-packages/airflow/example_dags/example_task_group_decorator.py
[2023-11-14T21:43:02.558+0000] {processor.py:839} INFO - DAG(s) dict_keys(['example_task_group_decorator']) retrieved from /home/airflow/.local/lib/python3.8/site-packages/airflow/example_dags/example_task_group_decorator.py
[2023-11-14T21:43:02.597+0000] {logging_mixin.py:154} INFO - [2023-11-14T21:43:02.597+0000] {dag.py:2941} INFO - Sync 1 DAGs
[2023-11-14T21:43:02.630+0000] {logging_mixin.py:154} INFO - [2023-11-14T21:43:02.629+0000] {dag.py:3722} INFO - Setting next_dagrun for example_task_group_decorator to 2023-11-13T21:43:02.629421+00:00, run_after=2023-11-14T21:43:02.629421+00:00
[2023-11-14T21:43:02.660+0000] {processor.py:179} INFO - Processing /home/airflow/.local/lib/python3.8/site-packages/airflow/example_dags/example_task_group_decorator.py took 0.135 seconds
[2023-11-14T21:43:33.482+0000] {processor.py:157} INFO - Started process (PID=1085) to work on /home/airflow/.local/lib/python3.8/site-packages/airflow/example_dags/example_task_group_decorator.py
[2023-11-14T21:43:33.483+0000] {processor.py:829} INFO - Processing file /home/airflow/.local/lib/python3.8/site-packages/airflow/example_dags/example_task_group_decorator.py for tasks to queue
[2023-11-14T21:43:33.486+0000] {logging_mixin.py:154} INFO - [2023-11-14T21:43:33.486+0000] {dagbag.py:536} INFO - Filling up the DagBag from /home/airflow/.local/lib/python3.8/site-packages/airflow/example_dags/example_task_group_decorator.py
[2023-11-14T21:43:33.506+0000] {processor.py:839} INFO - DAG(s) dict_keys(['example_task_group_decorator']) retrieved from /home/airflow/.local/lib/python3.8/site-packages/airflow/example_dags/example_task_group_decorator.py
[2023-11-14T21:43:33.540+0000] {logging_mixin.py:154} INFO - [2023-11-14T21:43:33.540+0000] {dag.py:2941} INFO - Sync 1 DAGs
[2023-11-14T21:43:33.568+0000] {logging_mixin.py:154} INFO - [2023-11-14T21:43:33.568+0000] {dag.py:3722} INFO - Setting next_dagrun for example_task_group_decorator to 2023-11-13T21:43:33.568103+00:00, run_after=2023-11-14T21:43:33.568103+00:00
[2023-11-14T21:43:33.737+0000] {processor.py:179} INFO - Processing /home/airflow/.local/lib/python3.8/site-packages/airflow/example_dags/example_task_group_decorator.py took 0.260 seconds
[2023-11-14T21:44:04.073+0000] {processor.py:157} INFO - Started process (PID=1139) to work on /home/airflow/.local/lib/python3.8/site-packages/airflow/example_dags/example_task_group_decorator.py
[2023-11-14T21:44:04.074+0000] {processor.py:829} INFO - Processing file /home/airflow/.local/lib/python3.8/site-packages/airflow/example_dags/example_task_group_decorator.py for tasks to queue
[2023-11-14T21:44:04.078+0000] {logging_mixin.py:154} INFO - [2023-11-14T21:44:04.077+0000] {dagbag.py:536} INFO - Filling up the DagBag from /home/airflow/.local/lib/python3.8/site-packages/airflow/example_dags/example_task_group_decorator.py
[2023-11-14T21:44:04.115+0000] {processor.py:839} INFO - DAG(s) dict_keys(['example_task_group_decorator']) retrieved from /home/airflow/.local/lib/python3.8/site-packages/airflow/example_dags/example_task_group_decorator.py
[2023-11-14T21:44:04.153+0000] {logging_mixin.py:154} INFO - [2023-11-14T21:44:04.152+0000] {dag.py:2941} INFO - Sync 1 DAGs
[2023-11-14T21:44:04.184+0000] {logging_mixin.py:154} INFO - [2023-11-14T21:44:04.184+0000] {dag.py:3722} INFO - Setting next_dagrun for example_task_group_decorator to 2023-11-13T21:44:04.183671+00:00, run_after=2023-11-14T21:44:04.183671+00:00
[2023-11-14T21:44:04.209+0000] {processor.py:179} INFO - Processing /home/airflow/.local/lib/python3.8/site-packages/airflow/example_dags/example_task_group_decorator.py took 0.142 seconds
[2023-11-14T21:44:35.141+0000] {processor.py:157} INFO - Started process (PID=1193) to work on /home/airflow/.local/lib/python3.8/site-packages/airflow/example_dags/example_task_group_decorator.py
[2023-11-14T21:44:35.142+0000] {processor.py:829} INFO - Processing file /home/airflow/.local/lib/python3.8/site-packages/airflow/example_dags/example_task_group_decorator.py for tasks to queue
[2023-11-14T21:44:35.146+0000] {logging_mixin.py:154} INFO - [2023-11-14T21:44:35.146+0000] {dagbag.py:536} INFO - Filling up the DagBag from /home/airflow/.local/lib/python3.8/site-packages/airflow/example_dags/example_task_group_decorator.py
[2023-11-14T21:44:35.166+0000] {processor.py:839} INFO - DAG(s) dict_keys(['example_task_group_decorator']) retrieved from /home/airflow/.local/lib/python3.8/site-packages/airflow/example_dags/example_task_group_decorator.py
[2023-11-14T21:44:35.196+0000] {logging_mixin.py:154} INFO - [2023-11-14T21:44:35.196+0000] {dag.py:2941} INFO - Sync 1 DAGs
[2023-11-14T21:44:35.223+0000] {logging_mixin.py:154} INFO - [2023-11-14T21:44:35.222+0000] {dag.py:3722} INFO - Setting next_dagrun for example_task_group_decorator to 2023-11-13T21:44:35.222621+00:00, run_after=2023-11-14T21:44:35.222621+00:00
[2023-11-14T21:44:35.246+0000] {processor.py:179} INFO - Processing /home/airflow/.local/lib/python3.8/site-packages/airflow/example_dags/example_task_group_decorator.py took 0.110 seconds
[2023-11-14T21:45:06.239+0000] {processor.py:157} INFO - Started process (PID=1247) to work on /home/airflow/.local/lib/python3.8/site-packages/airflow/example_dags/example_task_group_decorator.py
[2023-11-14T21:45:06.254+0000] {processor.py:829} INFO - Processing file /home/airflow/.local/lib/python3.8/site-packages/airflow/example_dags/example_task_group_decorator.py for tasks to queue
[2023-11-14T21:45:06.265+0000] {logging_mixin.py:154} INFO - [2023-11-14T21:45:06.264+0000] {dagbag.py:536} INFO - Filling up the DagBag from /home/airflow/.local/lib/python3.8/site-packages/airflow/example_dags/example_task_group_decorator.py
[2023-11-14T21:45:06.307+0000] {processor.py:839} INFO - DAG(s) dict_keys(['example_task_group_decorator']) retrieved from /home/airflow/.local/lib/python3.8/site-packages/airflow/example_dags/example_task_group_decorator.py
[2023-11-14T21:45:06.344+0000] {logging_mixin.py:154} INFO - [2023-11-14T21:45:06.344+0000] {dag.py:2941} INFO - Sync 1 DAGs
[2023-11-14T21:45:06.370+0000] {logging_mixin.py:154} INFO - [2023-11-14T21:45:06.370+0000] {dag.py:3722} INFO - Setting next_dagrun for example_task_group_decorator to 2023-11-13T21:45:06.370214+00:00, run_after=2023-11-14T21:45:06.370214+00:00
[2023-11-14T21:45:06.559+0000] {processor.py:179} INFO - Processing /home/airflow/.local/lib/python3.8/site-packages/airflow/example_dags/example_task_group_decorator.py took 0.336 seconds
[2023-11-14T21:45:37.260+0000] {processor.py:157} INFO - Started process (PID=1308) to work on /home/airflow/.local/lib/python3.8/site-packages/airflow/example_dags/example_task_group_decorator.py
[2023-11-14T21:45:37.262+0000] {processor.py:829} INFO - Processing file /home/airflow/.local/lib/python3.8/site-packages/airflow/example_dags/example_task_group_decorator.py for tasks to queue
[2023-11-14T21:45:37.268+0000] {logging_mixin.py:154} INFO - [2023-11-14T21:45:37.268+0000] {dagbag.py:536} INFO - Filling up the DagBag from /home/airflow/.local/lib/python3.8/site-packages/airflow/example_dags/example_task_group_decorator.py
[2023-11-14T21:45:37.294+0000] {processor.py:839} INFO - DAG(s) dict_keys(['example_task_group_decorator']) retrieved from /home/airflow/.local/lib/python3.8/site-packages/airflow/example_dags/example_task_group_decorator.py
[2023-11-14T21:45:37.326+0000] {logging_mixin.py:154} INFO - [2023-11-14T21:45:37.326+0000] {dag.py:2941} INFO - Sync 1 DAGs
[2023-11-14T21:45:37.373+0000] {logging_mixin.py:154} INFO - [2023-11-14T21:45:37.372+0000] {dag.py:3722} INFO - Setting next_dagrun for example_task_group_decorator to 2023-11-13T21:45:37.372453+00:00, run_after=2023-11-14T21:45:37.372453+00:00
[2023-11-14T21:45:37.404+0000] {processor.py:179} INFO - Processing /home/airflow/.local/lib/python3.8/site-packages/airflow/example_dags/example_task_group_decorator.py took 0.153 seconds
[2023-11-14T21:46:07.469+0000] {processor.py:157} INFO - Started process (PID=1362) to work on /home/airflow/.local/lib/python3.8/site-packages/airflow/example_dags/example_task_group_decorator.py
[2023-11-14T21:46:07.470+0000] {processor.py:829} INFO - Processing file /home/airflow/.local/lib/python3.8/site-packages/airflow/example_dags/example_task_group_decorator.py for tasks to queue
[2023-11-14T21:46:07.475+0000] {logging_mixin.py:154} INFO - [2023-11-14T21:46:07.474+0000] {dagbag.py:536} INFO - Filling up the DagBag from /home/airflow/.local/lib/python3.8/site-packages/airflow/example_dags/example_task_group_decorator.py
[2023-11-14T21:46:07.491+0000] {processor.py:839} INFO - DAG(s) dict_keys(['example_task_group_decorator']) retrieved from /home/airflow/.local/lib/python3.8/site-packages/airflow/example_dags/example_task_group_decorator.py
[2023-11-14T21:46:07.521+0000] {logging_mixin.py:154} INFO - [2023-11-14T21:46:07.521+0000] {dag.py:2941} INFO - Sync 1 DAGs
[2023-11-14T21:46:07.547+0000] {logging_mixin.py:154} INFO - [2023-11-14T21:46:07.547+0000] {dag.py:3722} INFO - Setting next_dagrun for example_task_group_decorator to 2023-11-13T21:46:07.546901+00:00, run_after=2023-11-14T21:46:07.546901+00:00
[2023-11-14T21:46:07.570+0000] {processor.py:179} INFO - Processing /home/airflow/.local/lib/python3.8/site-packages/airflow/example_dags/example_task_group_decorator.py took 0.105 seconds
[2023-11-14T21:46:37.922+0000] {processor.py:157} INFO - Started process (PID=1416) to work on /home/airflow/.local/lib/python3.8/site-packages/airflow/example_dags/example_task_group_decorator.py
[2023-11-14T21:46:37.925+0000] {processor.py:829} INFO - Processing file /home/airflow/.local/lib/python3.8/site-packages/airflow/example_dags/example_task_group_decorator.py for tasks to queue
[2023-11-14T21:46:37.933+0000] {logging_mixin.py:154} INFO - [2023-11-14T21:46:37.932+0000] {dagbag.py:536} INFO - Filling up the DagBag from /home/airflow/.local/lib/python3.8/site-packages/airflow/example_dags/example_task_group_decorator.py
[2023-11-14T21:46:37.978+0000] {processor.py:839} INFO - DAG(s) dict_keys(['example_task_group_decorator']) retrieved from /home/airflow/.local/lib/python3.8/site-packages/airflow/example_dags/example_task_group_decorator.py
[2023-11-14T21:46:38.028+0000] {logging_mixin.py:154} INFO - [2023-11-14T21:46:38.028+0000] {dag.py:2941} INFO - Sync 1 DAGs
[2023-11-14T21:46:38.059+0000] {logging_mixin.py:154} INFO - [2023-11-14T21:46:38.059+0000] {dag.py:3722} INFO - Setting next_dagrun for example_task_group_decorator to 2023-11-13T21:46:38.058857+00:00, run_after=2023-11-14T21:46:38.058857+00:00
[2023-11-14T21:46:38.250+0000] {processor.py:179} INFO - Processing /home/airflow/.local/lib/python3.8/site-packages/airflow/example_dags/example_task_group_decorator.py took 0.339 seconds
[2023-11-14T21:47:08.444+0000] {processor.py:157} INFO - Started process (PID=1470) to work on /home/airflow/.local/lib/python3.8/site-packages/airflow/example_dags/example_task_group_decorator.py
[2023-11-14T21:47:08.445+0000] {processor.py:829} INFO - Processing file /home/airflow/.local/lib/python3.8/site-packages/airflow/example_dags/example_task_group_decorator.py for tasks to queue
[2023-11-14T21:47:08.448+0000] {logging_mixin.py:154} INFO - [2023-11-14T21:47:08.448+0000] {dagbag.py:536} INFO - Filling up the DagBag from /home/airflow/.local/lib/python3.8/site-packages/airflow/example_dags/example_task_group_decorator.py
[2023-11-14T21:47:08.465+0000] {processor.py:839} INFO - DAG(s) dict_keys(['example_task_group_decorator']) retrieved from /home/airflow/.local/lib/python3.8/site-packages/airflow/example_dags/example_task_group_decorator.py
[2023-11-14T21:47:08.492+0000] {logging_mixin.py:154} INFO - [2023-11-14T21:47:08.492+0000] {dag.py:2941} INFO - Sync 1 DAGs
[2023-11-14T21:47:08.517+0000] {logging_mixin.py:154} INFO - [2023-11-14T21:47:08.517+0000] {dag.py:3722} INFO - Setting next_dagrun for example_task_group_decorator to 2023-11-13T21:47:08.516969+00:00, run_after=2023-11-14T21:47:08.516969+00:00
[2023-11-14T21:47:08.551+0000] {processor.py:179} INFO - Processing /home/airflow/.local/lib/python3.8/site-packages/airflow/example_dags/example_task_group_decorator.py took 0.111 seconds
[2023-11-14T21:47:39.444+0000] {processor.py:157} INFO - Started process (PID=1524) to work on /home/airflow/.local/lib/python3.8/site-packages/airflow/example_dags/example_task_group_decorator.py
[2023-11-14T21:47:39.445+0000] {processor.py:829} INFO - Processing file /home/airflow/.local/lib/python3.8/site-packages/airflow/example_dags/example_task_group_decorator.py for tasks to queue
[2023-11-14T21:47:39.448+0000] {logging_mixin.py:154} INFO - [2023-11-14T21:47:39.447+0000] {dagbag.py:536} INFO - Filling up the DagBag from /home/airflow/.local/lib/python3.8/site-packages/airflow/example_dags/example_task_group_decorator.py
[2023-11-14T21:47:39.467+0000] {processor.py:839} INFO - DAG(s) dict_keys(['example_task_group_decorator']) retrieved from /home/airflow/.local/lib/python3.8/site-packages/airflow/example_dags/example_task_group_decorator.py
[2023-11-14T21:47:39.499+0000] {logging_mixin.py:154} INFO - [2023-11-14T21:47:39.498+0000] {dag.py:2941} INFO - Sync 1 DAGs
[2023-11-14T21:47:39.704+0000] {logging_mixin.py:154} INFO - [2023-11-14T21:47:39.704+0000] {dag.py:3722} INFO - Setting next_dagrun for example_task_group_decorator to 2023-11-13T21:47:39.703948+00:00, run_after=2023-11-14T21:47:39.703948+00:00
[2023-11-14T21:47:39.729+0000] {processor.py:179} INFO - Processing /home/airflow/.local/lib/python3.8/site-packages/airflow/example_dags/example_task_group_decorator.py took 0.289 seconds
[2023-11-14T21:48:09.918+0000] {processor.py:157} INFO - Started process (PID=1579) to work on /home/airflow/.local/lib/python3.8/site-packages/airflow/example_dags/example_task_group_decorator.py
[2023-11-14T21:48:09.919+0000] {processor.py:829} INFO - Processing file /home/airflow/.local/lib/python3.8/site-packages/airflow/example_dags/example_task_group_decorator.py for tasks to queue
[2023-11-14T21:48:09.923+0000] {logging_mixin.py:154} INFO - [2023-11-14T21:48:09.922+0000] {dagbag.py:536} INFO - Filling up the DagBag from /home/airflow/.local/lib/python3.8/site-packages/airflow/example_dags/example_task_group_decorator.py
[2023-11-14T21:48:09.941+0000] {processor.py:839} INFO - DAG(s) dict_keys(['example_task_group_decorator']) retrieved from /home/airflow/.local/lib/python3.8/site-packages/airflow/example_dags/example_task_group_decorator.py
[2023-11-14T21:48:09.973+0000] {logging_mixin.py:154} INFO - [2023-11-14T21:48:09.973+0000] {dag.py:2941} INFO - Sync 1 DAGs
[2023-11-14T21:48:10.000+0000] {logging_mixin.py:154} INFO - [2023-11-14T21:48:10.000+0000] {dag.py:3722} INFO - Setting next_dagrun for example_task_group_decorator to 2023-11-13T21:48:10.000146+00:00, run_after=2023-11-14T21:48:10.000146+00:00
[2023-11-14T21:48:10.189+0000] {processor.py:179} INFO - Processing /home/airflow/.local/lib/python3.8/site-packages/airflow/example_dags/example_task_group_decorator.py took 0.276 seconds
[2023-11-14T21:48:40.863+0000] {processor.py:157} INFO - Started process (PID=1633) to work on /home/airflow/.local/lib/python3.8/site-packages/airflow/example_dags/example_task_group_decorator.py
[2023-11-14T21:48:40.865+0000] {processor.py:829} INFO - Processing file /home/airflow/.local/lib/python3.8/site-packages/airflow/example_dags/example_task_group_decorator.py for tasks to queue
[2023-11-14T21:48:40.867+0000] {logging_mixin.py:154} INFO - [2023-11-14T21:48:40.867+0000] {dagbag.py:536} INFO - Filling up the DagBag from /home/airflow/.local/lib/python3.8/site-packages/airflow/example_dags/example_task_group_decorator.py
[2023-11-14T21:48:40.889+0000] {processor.py:839} INFO - DAG(s) dict_keys(['example_task_group_decorator']) retrieved from /home/airflow/.local/lib/python3.8/site-packages/airflow/example_dags/example_task_group_decorator.py
[2023-11-14T21:48:40.921+0000] {logging_mixin.py:154} INFO - [2023-11-14T21:48:40.921+0000] {dag.py:2941} INFO - Sync 1 DAGs
[2023-11-14T21:48:40.950+0000] {logging_mixin.py:154} INFO - [2023-11-14T21:48:40.950+0000] {dag.py:3722} INFO - Setting next_dagrun for example_task_group_decorator to 2023-11-13T21:48:40.950065+00:00, run_after=2023-11-14T21:48:40.950065+00:00
[2023-11-14T21:48:40.977+0000] {processor.py:179} INFO - Processing /home/airflow/.local/lib/python3.8/site-packages/airflow/example_dags/example_task_group_decorator.py took 0.118 seconds
[2023-11-14T21:49:11.764+0000] {processor.py:157} INFO - Started process (PID=1687) to work on /home/airflow/.local/lib/python3.8/site-packages/airflow/example_dags/example_task_group_decorator.py
[2023-11-14T21:49:11.765+0000] {processor.py:829} INFO - Processing file /home/airflow/.local/lib/python3.8/site-packages/airflow/example_dags/example_task_group_decorator.py for tasks to queue
[2023-11-14T21:49:11.768+0000] {logging_mixin.py:154} INFO - [2023-11-14T21:49:11.768+0000] {dagbag.py:536} INFO - Filling up the DagBag from /home/airflow/.local/lib/python3.8/site-packages/airflow/example_dags/example_task_group_decorator.py
[2023-11-14T21:49:11.786+0000] {processor.py:839} INFO - DAG(s) dict_keys(['example_task_group_decorator']) retrieved from /home/airflow/.local/lib/python3.8/site-packages/airflow/example_dags/example_task_group_decorator.py
[2023-11-14T21:49:11.817+0000] {logging_mixin.py:154} INFO - [2023-11-14T21:49:11.817+0000] {dag.py:2941} INFO - Sync 1 DAGs
[2023-11-14T21:49:12.002+0000] {logging_mixin.py:154} INFO - [2023-11-14T21:49:12.002+0000] {dag.py:3722} INFO - Setting next_dagrun for example_task_group_decorator to 2023-11-13T21:49:12.002276+00:00, run_after=2023-11-14T21:49:12.002276+00:00
[2023-11-14T21:49:12.030+0000] {processor.py:179} INFO - Processing /home/airflow/.local/lib/python3.8/site-packages/airflow/example_dags/example_task_group_decorator.py took 0.270 seconds
[2023-11-14T21:49:42.797+0000] {processor.py:157} INFO - Started process (PID=1741) to work on /home/airflow/.local/lib/python3.8/site-packages/airflow/example_dags/example_task_group_decorator.py
[2023-11-14T21:49:42.809+0000] {processor.py:829} INFO - Processing file /home/airflow/.local/lib/python3.8/site-packages/airflow/example_dags/example_task_group_decorator.py for tasks to queue
[2023-11-14T21:49:42.814+0000] {logging_mixin.py:154} INFO - [2023-11-14T21:49:42.814+0000] {dagbag.py:536} INFO - Filling up the DagBag from /home/airflow/.local/lib/python3.8/site-packages/airflow/example_dags/example_task_group_decorator.py
[2023-11-14T21:49:42.847+0000] {processor.py:839} INFO - DAG(s) dict_keys(['example_task_group_decorator']) retrieved from /home/airflow/.local/lib/python3.8/site-packages/airflow/example_dags/example_task_group_decorator.py
[2023-11-14T21:49:42.908+0000] {logging_mixin.py:154} INFO - [2023-11-14T21:49:42.907+0000] {dag.py:2941} INFO - Sync 1 DAGs
[2023-11-14T21:49:42.940+0000] {logging_mixin.py:154} INFO - [2023-11-14T21:49:42.940+0000] {dag.py:3722} INFO - Setting next_dagrun for example_task_group_decorator to 2023-11-13T21:49:42.940262+00:00, run_after=2023-11-14T21:49:42.940262+00:00
[2023-11-14T21:49:42.969+0000] {processor.py:179} INFO - Processing /home/airflow/.local/lib/python3.8/site-packages/airflow/example_dags/example_task_group_decorator.py took 0.177 seconds
[2023-11-14T21:50:13.624+0000] {processor.py:157} INFO - Started process (PID=1795) to work on /home/airflow/.local/lib/python3.8/site-packages/airflow/example_dags/example_task_group_decorator.py
[2023-11-14T21:50:13.636+0000] {processor.py:829} INFO - Processing file /home/airflow/.local/lib/python3.8/site-packages/airflow/example_dags/example_task_group_decorator.py for tasks to queue
[2023-11-14T21:50:13.641+0000] {logging_mixin.py:154} INFO - [2023-11-14T21:50:13.640+0000] {dagbag.py:536} INFO - Filling up the DagBag from /home/airflow/.local/lib/python3.8/site-packages/airflow/example_dags/example_task_group_decorator.py
[2023-11-14T21:50:13.666+0000] {processor.py:839} INFO - DAG(s) dict_keys(['example_task_group_decorator']) retrieved from /home/airflow/.local/lib/python3.8/site-packages/airflow/example_dags/example_task_group_decorator.py
[2023-11-14T21:50:13.700+0000] {logging_mixin.py:154} INFO - [2023-11-14T21:50:13.699+0000] {dag.py:2941} INFO - Sync 1 DAGs
[2023-11-14T21:50:13.729+0000] {logging_mixin.py:154} INFO - [2023-11-14T21:50:13.729+0000] {dag.py:3722} INFO - Setting next_dagrun for example_task_group_decorator to 2023-11-13T21:50:13.729295+00:00, run_after=2023-11-14T21:50:13.729295+00:00
[2023-11-14T21:50:13.762+0000] {processor.py:179} INFO - Processing /home/airflow/.local/lib/python3.8/site-packages/airflow/example_dags/example_task_group_decorator.py took 0.146 seconds
[2023-11-14T21:50:43.838+0000] {processor.py:157} INFO - Started process (PID=1849) to work on /home/airflow/.local/lib/python3.8/site-packages/airflow/example_dags/example_task_group_decorator.py
[2023-11-14T21:50:43.840+0000] {processor.py:829} INFO - Processing file /home/airflow/.local/lib/python3.8/site-packages/airflow/example_dags/example_task_group_decorator.py for tasks to queue
[2023-11-14T21:50:43.845+0000] {logging_mixin.py:154} INFO - [2023-11-14T21:50:43.845+0000] {dagbag.py:536} INFO - Filling up the DagBag from /home/airflow/.local/lib/python3.8/site-packages/airflow/example_dags/example_task_group_decorator.py
[2023-11-14T21:50:43.871+0000] {processor.py:839} INFO - DAG(s) dict_keys(['example_task_group_decorator']) retrieved from /home/airflow/.local/lib/python3.8/site-packages/airflow/example_dags/example_task_group_decorator.py
[2023-11-14T21:50:43.915+0000] {logging_mixin.py:154} INFO - [2023-11-14T21:50:43.915+0000] {dag.py:2941} INFO - Sync 1 DAGs
[2023-11-14T21:50:43.955+0000] {logging_mixin.py:154} INFO - [2023-11-14T21:50:43.954+0000] {dag.py:3722} INFO - Setting next_dagrun for example_task_group_decorator to 2023-11-13T21:50:43.954376+00:00, run_after=2023-11-14T21:50:43.954376+00:00
[2023-11-14T21:50:43.988+0000] {processor.py:179} INFO - Processing /home/airflow/.local/lib/python3.8/site-packages/airflow/example_dags/example_task_group_decorator.py took 0.158 seconds
[2023-11-14T21:51:14.338+0000] {processor.py:157} INFO - Started process (PID=1903) to work on /home/airflow/.local/lib/python3.8/site-packages/airflow/example_dags/example_task_group_decorator.py
[2023-11-14T21:51:14.351+0000] {processor.py:829} INFO - Processing file /home/airflow/.local/lib/python3.8/site-packages/airflow/example_dags/example_task_group_decorator.py for tasks to queue
[2023-11-14T21:51:14.354+0000] {logging_mixin.py:154} INFO - [2023-11-14T21:51:14.353+0000] {dagbag.py:536} INFO - Filling up the DagBag from /home/airflow/.local/lib/python3.8/site-packages/airflow/example_dags/example_task_group_decorator.py
[2023-11-14T21:51:14.373+0000] {processor.py:839} INFO - DAG(s) dict_keys(['example_task_group_decorator']) retrieved from /home/airflow/.local/lib/python3.8/site-packages/airflow/example_dags/example_task_group_decorator.py
[2023-11-14T21:51:14.402+0000] {logging_mixin.py:154} INFO - [2023-11-14T21:51:14.402+0000] {dag.py:2941} INFO - Sync 1 DAGs
[2023-11-14T21:51:14.430+0000] {logging_mixin.py:154} INFO - [2023-11-14T21:51:14.429+0000] {dag.py:3722} INFO - Setting next_dagrun for example_task_group_decorator to 2023-11-13T21:51:14.429458+00:00, run_after=2023-11-14T21:51:14.429458+00:00
[2023-11-14T21:51:14.453+0000] {processor.py:179} INFO - Processing /home/airflow/.local/lib/python3.8/site-packages/airflow/example_dags/example_task_group_decorator.py took 0.122 seconds
[2023-11-14T21:51:45.034+0000] {processor.py:157} INFO - Started process (PID=1957) to work on /home/airflow/.local/lib/python3.8/site-packages/airflow/example_dags/example_task_group_decorator.py
[2023-11-14T21:51:45.046+0000] {processor.py:829} INFO - Processing file /home/airflow/.local/lib/python3.8/site-packages/airflow/example_dags/example_task_group_decorator.py for tasks to queue
[2023-11-14T21:51:45.050+0000] {logging_mixin.py:154} INFO - [2023-11-14T21:51:45.050+0000] {dagbag.py:536} INFO - Filling up the DagBag from /home/airflow/.local/lib/python3.8/site-packages/airflow/example_dags/example_task_group_decorator.py
[2023-11-14T21:51:45.070+0000] {processor.py:839} INFO - DAG(s) dict_keys(['example_task_group_decorator']) retrieved from /home/airflow/.local/lib/python3.8/site-packages/airflow/example_dags/example_task_group_decorator.py
[2023-11-14T21:51:45.101+0000] {logging_mixin.py:154} INFO - [2023-11-14T21:51:45.101+0000] {dag.py:2941} INFO - Sync 1 DAGs
[2023-11-14T21:51:45.129+0000] {logging_mixin.py:154} INFO - [2023-11-14T21:51:45.129+0000] {dag.py:3722} INFO - Setting next_dagrun for example_task_group_decorator to 2023-11-13T21:51:45.128927+00:00, run_after=2023-11-14T21:51:45.128927+00:00
[2023-11-14T21:51:45.153+0000] {processor.py:179} INFO - Processing /home/airflow/.local/lib/python3.8/site-packages/airflow/example_dags/example_task_group_decorator.py took 0.127 seconds
[2023-11-14T21:52:15.571+0000] {processor.py:157} INFO - Started process (PID=2012) to work on /home/airflow/.local/lib/python3.8/site-packages/airflow/example_dags/example_task_group_decorator.py
[2023-11-14T21:52:15.582+0000] {processor.py:829} INFO - Processing file /home/airflow/.local/lib/python3.8/site-packages/airflow/example_dags/example_task_group_decorator.py for tasks to queue
[2023-11-14T21:52:15.585+0000] {logging_mixin.py:154} INFO - [2023-11-14T21:52:15.585+0000] {dagbag.py:536} INFO - Filling up the DagBag from /home/airflow/.local/lib/python3.8/site-packages/airflow/example_dags/example_task_group_decorator.py
[2023-11-14T21:52:15.603+0000] {processor.py:839} INFO - DAG(s) dict_keys(['example_task_group_decorator']) retrieved from /home/airflow/.local/lib/python3.8/site-packages/airflow/example_dags/example_task_group_decorator.py
[2023-11-14T21:52:15.632+0000] {logging_mixin.py:154} INFO - [2023-11-14T21:52:15.632+0000] {dag.py:2941} INFO - Sync 1 DAGs
[2023-11-14T21:52:15.659+0000] {logging_mixin.py:154} INFO - [2023-11-14T21:52:15.659+0000] {dag.py:3722} INFO - Setting next_dagrun for example_task_group_decorator to 2023-11-13T21:52:15.658966+00:00, run_after=2023-11-14T21:52:15.658966+00:00
[2023-11-14T21:52:15.682+0000] {processor.py:179} INFO - Processing /home/airflow/.local/lib/python3.8/site-packages/airflow/example_dags/example_task_group_decorator.py took 0.116 seconds
[2023-11-14T21:52:46.003+0000] {processor.py:157} INFO - Started process (PID=2066) to work on /home/airflow/.local/lib/python3.8/site-packages/airflow/example_dags/example_task_group_decorator.py
[2023-11-14T21:52:46.015+0000] {processor.py:829} INFO - Processing file /home/airflow/.local/lib/python3.8/site-packages/airflow/example_dags/example_task_group_decorator.py for tasks to queue
[2023-11-14T21:52:46.021+0000] {logging_mixin.py:154} INFO - [2023-11-14T21:52:46.020+0000] {dagbag.py:536} INFO - Filling up the DagBag from /home/airflow/.local/lib/python3.8/site-packages/airflow/example_dags/example_task_group_decorator.py
[2023-11-14T21:52:46.058+0000] {processor.py:839} INFO - DAG(s) dict_keys(['example_task_group_decorator']) retrieved from /home/airflow/.local/lib/python3.8/site-packages/airflow/example_dags/example_task_group_decorator.py
[2023-11-14T21:52:46.110+0000] {logging_mixin.py:154} INFO - [2023-11-14T21:52:46.110+0000] {dag.py:2941} INFO - Sync 1 DAGs
[2023-11-14T21:52:46.150+0000] {logging_mixin.py:154} INFO - [2023-11-14T21:52:46.150+0000] {dag.py:3722} INFO - Setting next_dagrun for example_task_group_decorator to 2023-11-13T21:52:46.149817+00:00, run_after=2023-11-14T21:52:46.149817+00:00
[2023-11-14T21:52:46.187+0000] {processor.py:179} INFO - Processing /home/airflow/.local/lib/python3.8/site-packages/airflow/example_dags/example_task_group_decorator.py took 0.193 seconds
[2023-11-14T21:53:16.613+0000] {processor.py:157} INFO - Started process (PID=2120) to work on /home/airflow/.local/lib/python3.8/site-packages/airflow/example_dags/example_task_group_decorator.py
[2023-11-14T21:53:16.625+0000] {processor.py:829} INFO - Processing file /home/airflow/.local/lib/python3.8/site-packages/airflow/example_dags/example_task_group_decorator.py for tasks to queue
[2023-11-14T21:53:16.629+0000] {logging_mixin.py:154} INFO - [2023-11-14T21:53:16.628+0000] {dagbag.py:536} INFO - Filling up the DagBag from /home/airflow/.local/lib/python3.8/site-packages/airflow/example_dags/example_task_group_decorator.py
[2023-11-14T21:53:16.655+0000] {processor.py:839} INFO - DAG(s) dict_keys(['example_task_group_decorator']) retrieved from /home/airflow/.local/lib/python3.8/site-packages/airflow/example_dags/example_task_group_decorator.py
[2023-11-14T21:53:16.692+0000] {logging_mixin.py:154} INFO - [2023-11-14T21:53:16.692+0000] {dag.py:2941} INFO - Sync 1 DAGs
[2023-11-14T21:53:16.727+0000] {logging_mixin.py:154} INFO - [2023-11-14T21:53:16.727+0000] {dag.py:3722} INFO - Setting next_dagrun for example_task_group_decorator to 2023-11-13T21:53:16.727230+00:00, run_after=2023-11-14T21:53:16.727230+00:00
[2023-11-14T21:53:16.759+0000] {processor.py:179} INFO - Processing /home/airflow/.local/lib/python3.8/site-packages/airflow/example_dags/example_task_group_decorator.py took 0.151 seconds
[2023-11-14T21:53:47.519+0000] {processor.py:157} INFO - Started process (PID=2174) to work on /home/airflow/.local/lib/python3.8/site-packages/airflow/example_dags/example_task_group_decorator.py
[2023-11-14T21:53:47.521+0000] {processor.py:829} INFO - Processing file /home/airflow/.local/lib/python3.8/site-packages/airflow/example_dags/example_task_group_decorator.py for tasks to queue
[2023-11-14T21:53:47.529+0000] {logging_mixin.py:154} INFO - [2023-11-14T21:53:47.528+0000] {dagbag.py:536} INFO - Filling up the DagBag from /home/airflow/.local/lib/python3.8/site-packages/airflow/example_dags/example_task_group_decorator.py
[2023-11-14T21:53:47.564+0000] {processor.py:839} INFO - DAG(s) dict_keys(['example_task_group_decorator']) retrieved from /home/airflow/.local/lib/python3.8/site-packages/airflow/example_dags/example_task_group_decorator.py
[2023-11-14T21:53:47.598+0000] {logging_mixin.py:154} INFO - [2023-11-14T21:53:47.598+0000] {dag.py:2941} INFO - Sync 1 DAGs
[2023-11-14T21:53:47.627+0000] {logging_mixin.py:154} INFO - [2023-11-14T21:53:47.627+0000] {dag.py:3722} INFO - Setting next_dagrun for example_task_group_decorator to 2023-11-13T21:53:47.627335+00:00, run_after=2023-11-14T21:53:47.627335+00:00
[2023-11-14T21:53:47.652+0000] {processor.py:179} INFO - Processing /home/airflow/.local/lib/python3.8/site-packages/airflow/example_dags/example_task_group_decorator.py took 0.155 seconds
[2023-11-14T21:54:18.239+0000] {processor.py:157} INFO - Started process (PID=2228) to work on /home/airflow/.local/lib/python3.8/site-packages/airflow/example_dags/example_task_group_decorator.py
[2023-11-14T21:54:18.252+0000] {processor.py:829} INFO - Processing file /home/airflow/.local/lib/python3.8/site-packages/airflow/example_dags/example_task_group_decorator.py for tasks to queue
[2023-11-14T21:54:18.258+0000] {logging_mixin.py:154} INFO - [2023-11-14T21:54:18.258+0000] {dagbag.py:536} INFO - Filling up the DagBag from /home/airflow/.local/lib/python3.8/site-packages/airflow/example_dags/example_task_group_decorator.py
[2023-11-14T21:54:18.285+0000] {processor.py:839} INFO - DAG(s) dict_keys(['example_task_group_decorator']) retrieved from /home/airflow/.local/lib/python3.8/site-packages/airflow/example_dags/example_task_group_decorator.py
[2023-11-14T21:54:18.316+0000] {logging_mixin.py:154} INFO - [2023-11-14T21:54:18.315+0000] {dag.py:2941} INFO - Sync 1 DAGs
[2023-11-14T21:54:18.344+0000] {logging_mixin.py:154} INFO - [2023-11-14T21:54:18.344+0000] {dag.py:3722} INFO - Setting next_dagrun for example_task_group_decorator to 2023-11-13T21:54:18.344329+00:00, run_after=2023-11-14T21:54:18.344329+00:00
[2023-11-14T21:54:18.368+0000] {processor.py:179} INFO - Processing /home/airflow/.local/lib/python3.8/site-packages/airflow/example_dags/example_task_group_decorator.py took 0.141 seconds
[2023-11-14T21:54:48.951+0000] {processor.py:157} INFO - Started process (PID=2282) to work on /home/airflow/.local/lib/python3.8/site-packages/airflow/example_dags/example_task_group_decorator.py
[2023-11-14T21:54:48.956+0000] {processor.py:829} INFO - Processing file /home/airflow/.local/lib/python3.8/site-packages/airflow/example_dags/example_task_group_decorator.py for tasks to queue
[2023-11-14T21:54:48.966+0000] {logging_mixin.py:154} INFO - [2023-11-14T21:54:48.964+0000] {dagbag.py:536} INFO - Filling up the DagBag from /home/airflow/.local/lib/python3.8/site-packages/airflow/example_dags/example_task_group_decorator.py
[2023-11-14T21:54:49.005+0000] {processor.py:839} INFO - DAG(s) dict_keys(['example_task_group_decorator']) retrieved from /home/airflow/.local/lib/python3.8/site-packages/airflow/example_dags/example_task_group_decorator.py
[2023-11-14T21:54:49.063+0000] {logging_mixin.py:154} INFO - [2023-11-14T21:54:49.063+0000] {dag.py:2941} INFO - Sync 1 DAGs
[2023-11-14T21:54:49.099+0000] {logging_mixin.py:154} INFO - [2023-11-14T21:54:49.099+0000] {dag.py:3722} INFO - Setting next_dagrun for example_task_group_decorator to 2023-11-13T21:54:49.098833+00:00, run_after=2023-11-14T21:54:49.098833+00:00
[2023-11-14T21:54:49.130+0000] {processor.py:179} INFO - Processing /home/airflow/.local/lib/python3.8/site-packages/airflow/example_dags/example_task_group_decorator.py took 0.205 seconds
[2023-11-14T21:55:19.233+0000] {processor.py:157} INFO - Started process (PID=2337) to work on /home/airflow/.local/lib/python3.8/site-packages/airflow/example_dags/example_task_group_decorator.py
[2023-11-14T21:55:19.244+0000] {processor.py:829} INFO - Processing file /home/airflow/.local/lib/python3.8/site-packages/airflow/example_dags/example_task_group_decorator.py for tasks to queue
[2023-11-14T21:55:19.247+0000] {logging_mixin.py:154} INFO - [2023-11-14T21:55:19.247+0000] {dagbag.py:536} INFO - Filling up the DagBag from /home/airflow/.local/lib/python3.8/site-packages/airflow/example_dags/example_task_group_decorator.py
[2023-11-14T21:55:19.266+0000] {processor.py:839} INFO - DAG(s) dict_keys(['example_task_group_decorator']) retrieved from /home/airflow/.local/lib/python3.8/site-packages/airflow/example_dags/example_task_group_decorator.py
[2023-11-14T21:55:19.298+0000] {logging_mixin.py:154} INFO - [2023-11-14T21:55:19.298+0000] {dag.py:2941} INFO - Sync 1 DAGs
[2023-11-14T21:55:19.324+0000] {logging_mixin.py:154} INFO - [2023-11-14T21:55:19.324+0000] {dag.py:3722} INFO - Setting next_dagrun for example_task_group_decorator to 2023-11-13T21:55:19.324214+00:00, run_after=2023-11-14T21:55:19.324214+00:00
[2023-11-14T21:55:19.350+0000] {processor.py:179} INFO - Processing /home/airflow/.local/lib/python3.8/site-packages/airflow/example_dags/example_task_group_decorator.py took 0.122 seconds
[2023-11-14T21:55:49.671+0000] {processor.py:157} INFO - Started process (PID=2391) to work on /home/airflow/.local/lib/python3.8/site-packages/airflow/example_dags/example_task_group_decorator.py
[2023-11-14T21:55:49.672+0000] {processor.py:829} INFO - Processing file /home/airflow/.local/lib/python3.8/site-packages/airflow/example_dags/example_task_group_decorator.py for tasks to queue
[2023-11-14T21:55:49.677+0000] {logging_mixin.py:154} INFO - [2023-11-14T21:55:49.677+0000] {dagbag.py:536} INFO - Filling up the DagBag from /home/airflow/.local/lib/python3.8/site-packages/airflow/example_dags/example_task_group_decorator.py
[2023-11-14T21:55:49.700+0000] {processor.py:839} INFO - DAG(s) dict_keys(['example_task_group_decorator']) retrieved from /home/airflow/.local/lib/python3.8/site-packages/airflow/example_dags/example_task_group_decorator.py
[2023-11-14T21:55:49.738+0000] {logging_mixin.py:154} INFO - [2023-11-14T21:55:49.738+0000] {dag.py:2941} INFO - Sync 1 DAGs
[2023-11-14T21:55:49.765+0000] {logging_mixin.py:154} INFO - [2023-11-14T21:55:49.764+0000] {dag.py:3722} INFO - Setting next_dagrun for example_task_group_decorator to 2023-11-13T21:55:49.764696+00:00, run_after=2023-11-14T21:55:49.764696+00:00
[2023-11-14T21:55:49.789+0000] {processor.py:179} INFO - Processing /home/airflow/.local/lib/python3.8/site-packages/airflow/example_dags/example_task_group_decorator.py took 0.127 seconds
[2023-11-14T21:56:20.608+0000] {processor.py:157} INFO - Started process (PID=2445) to work on /home/airflow/.local/lib/python3.8/site-packages/airflow/example_dags/example_task_group_decorator.py
[2023-11-14T21:56:20.610+0000] {processor.py:829} INFO - Processing file /home/airflow/.local/lib/python3.8/site-packages/airflow/example_dags/example_task_group_decorator.py for tasks to queue
[2023-11-14T21:56:20.614+0000] {logging_mixin.py:154} INFO - [2023-11-14T21:56:20.614+0000] {dagbag.py:536} INFO - Filling up the DagBag from /home/airflow/.local/lib/python3.8/site-packages/airflow/example_dags/example_task_group_decorator.py
[2023-11-14T21:56:20.633+0000] {processor.py:839} INFO - DAG(s) dict_keys(['example_task_group_decorator']) retrieved from /home/airflow/.local/lib/python3.8/site-packages/airflow/example_dags/example_task_group_decorator.py
[2023-11-14T21:56:20.662+0000] {logging_mixin.py:154} INFO - [2023-11-14T21:56:20.662+0000] {dag.py:2941} INFO - Sync 1 DAGs
[2023-11-14T21:56:20.690+0000] {logging_mixin.py:154} INFO - [2023-11-14T21:56:20.689+0000] {dag.py:3722} INFO - Setting next_dagrun for example_task_group_decorator to 2023-11-13T21:56:20.689481+00:00, run_after=2023-11-14T21:56:20.689481+00:00
[2023-11-14T21:56:20.714+0000] {processor.py:179} INFO - Processing /home/airflow/.local/lib/python3.8/site-packages/airflow/example_dags/example_task_group_decorator.py took 0.114 seconds
[2023-11-14T21:56:51.065+0000] {processor.py:157} INFO - Started process (PID=2500) to work on /home/airflow/.local/lib/python3.8/site-packages/airflow/example_dags/example_task_group_decorator.py
[2023-11-14T21:56:51.066+0000] {processor.py:829} INFO - Processing file /home/airflow/.local/lib/python3.8/site-packages/airflow/example_dags/example_task_group_decorator.py for tasks to queue
[2023-11-14T21:56:51.070+0000] {logging_mixin.py:154} INFO - [2023-11-14T21:56:51.069+0000] {dagbag.py:536} INFO - Filling up the DagBag from /home/airflow/.local/lib/python3.8/site-packages/airflow/example_dags/example_task_group_decorator.py
[2023-11-14T21:56:51.091+0000] {processor.py:839} INFO - DAG(s) dict_keys(['example_task_group_decorator']) retrieved from /home/airflow/.local/lib/python3.8/site-packages/airflow/example_dags/example_task_group_decorator.py
[2023-11-14T21:56:51.122+0000] {logging_mixin.py:154} INFO - [2023-11-14T21:56:51.122+0000] {dag.py:2941} INFO - Sync 1 DAGs
[2023-11-14T21:56:51.154+0000] {logging_mixin.py:154} INFO - [2023-11-14T21:56:51.153+0000] {dag.py:3722} INFO - Setting next_dagrun for example_task_group_decorator to 2023-11-13T21:56:51.153271+00:00, run_after=2023-11-14T21:56:51.153271+00:00
[2023-11-14T21:56:51.193+0000] {processor.py:179} INFO - Processing /home/airflow/.local/lib/python3.8/site-packages/airflow/example_dags/example_task_group_decorator.py took 0.135 seconds
[2023-11-14T21:57:21.947+0000] {processor.py:157} INFO - Started process (PID=2554) to work on /home/airflow/.local/lib/python3.8/site-packages/airflow/example_dags/example_task_group_decorator.py
[2023-11-14T21:57:21.958+0000] {processor.py:829} INFO - Processing file /home/airflow/.local/lib/python3.8/site-packages/airflow/example_dags/example_task_group_decorator.py for tasks to queue
[2023-11-14T21:57:21.961+0000] {logging_mixin.py:154} INFO - [2023-11-14T21:57:21.961+0000] {dagbag.py:536} INFO - Filling up the DagBag from /home/airflow/.local/lib/python3.8/site-packages/airflow/example_dags/example_task_group_decorator.py
[2023-11-14T21:57:21.983+0000] {processor.py:839} INFO - DAG(s) dict_keys(['example_task_group_decorator']) retrieved from /home/airflow/.local/lib/python3.8/site-packages/airflow/example_dags/example_task_group_decorator.py
[2023-11-14T21:57:22.017+0000] {logging_mixin.py:154} INFO - [2023-11-14T21:57:22.017+0000] {dag.py:2941} INFO - Sync 1 DAGs
[2023-11-14T21:57:22.048+0000] {logging_mixin.py:154} INFO - [2023-11-14T21:57:22.048+0000] {dag.py:3722} INFO - Setting next_dagrun for example_task_group_decorator to 2023-11-13T21:57:22.048296+00:00, run_after=2023-11-14T21:57:22.048296+00:00
[2023-11-14T21:57:22.078+0000] {processor.py:179} INFO - Processing /home/airflow/.local/lib/python3.8/site-packages/airflow/example_dags/example_task_group_decorator.py took 0.140 seconds
[2023-11-14T21:57:52.133+0000] {processor.py:157} INFO - Started process (PID=2609) to work on /home/airflow/.local/lib/python3.8/site-packages/airflow/example_dags/example_task_group_decorator.py
[2023-11-14T21:57:52.134+0000] {processor.py:829} INFO - Processing file /home/airflow/.local/lib/python3.8/site-packages/airflow/example_dags/example_task_group_decorator.py for tasks to queue
[2023-11-14T21:57:52.137+0000] {logging_mixin.py:154} INFO - [2023-11-14T21:57:52.137+0000] {dagbag.py:536} INFO - Filling up the DagBag from /home/airflow/.local/lib/python3.8/site-packages/airflow/example_dags/example_task_group_decorator.py
[2023-11-14T21:57:52.161+0000] {processor.py:839} INFO - DAG(s) dict_keys(['example_task_group_decorator']) retrieved from /home/airflow/.local/lib/python3.8/site-packages/airflow/example_dags/example_task_group_decorator.py
[2023-11-14T21:57:52.199+0000] {logging_mixin.py:154} INFO - [2023-11-14T21:57:52.199+0000] {dag.py:2941} INFO - Sync 1 DAGs
[2023-11-14T21:57:52.232+0000] {logging_mixin.py:154} INFO - [2023-11-14T21:57:52.232+0000] {dag.py:3722} INFO - Setting next_dagrun for example_task_group_decorator to 2023-11-13T21:57:52.232145+00:00, run_after=2023-11-14T21:57:52.232145+00:00
[2023-11-14T21:57:52.259+0000] {processor.py:179} INFO - Processing /home/airflow/.local/lib/python3.8/site-packages/airflow/example_dags/example_task_group_decorator.py took 0.132 seconds
[2023-11-14T21:58:22.436+0000] {processor.py:157} INFO - Started process (PID=2663) to work on /home/airflow/.local/lib/python3.8/site-packages/airflow/example_dags/example_task_group_decorator.py
[2023-11-14T21:58:22.448+0000] {processor.py:829} INFO - Processing file /home/airflow/.local/lib/python3.8/site-packages/airflow/example_dags/example_task_group_decorator.py for tasks to queue
[2023-11-14T21:58:22.453+0000] {logging_mixin.py:154} INFO - [2023-11-14T21:58:22.453+0000] {dagbag.py:536} INFO - Filling up the DagBag from /home/airflow/.local/lib/python3.8/site-packages/airflow/example_dags/example_task_group_decorator.py
[2023-11-14T21:58:22.479+0000] {processor.py:839} INFO - DAG(s) dict_keys(['example_task_group_decorator']) retrieved from /home/airflow/.local/lib/python3.8/site-packages/airflow/example_dags/example_task_group_decorator.py
[2023-11-14T21:58:22.511+0000] {logging_mixin.py:154} INFO - [2023-11-14T21:58:22.511+0000] {dag.py:2941} INFO - Sync 1 DAGs
[2023-11-14T21:58:22.538+0000] {logging_mixin.py:154} INFO - [2023-11-14T21:58:22.538+0000] {dag.py:3722} INFO - Setting next_dagrun for example_task_group_decorator to 2023-11-13T21:58:22.537765+00:00, run_after=2023-11-14T21:58:22.537765+00:00
[2023-11-14T21:58:22.562+0000] {processor.py:179} INFO - Processing /home/airflow/.local/lib/python3.8/site-packages/airflow/example_dags/example_task_group_decorator.py took 0.139 seconds
[2023-11-14T21:58:52.930+0000] {processor.py:157} INFO - Started process (PID=2717) to work on /home/airflow/.local/lib/python3.8/site-packages/airflow/example_dags/example_task_group_decorator.py
[2023-11-14T21:58:52.942+0000] {processor.py:829} INFO - Processing file /home/airflow/.local/lib/python3.8/site-packages/airflow/example_dags/example_task_group_decorator.py for tasks to queue
[2023-11-14T21:58:52.948+0000] {logging_mixin.py:154} INFO - [2023-11-14T21:58:52.947+0000] {dagbag.py:536} INFO - Filling up the DagBag from /home/airflow/.local/lib/python3.8/site-packages/airflow/example_dags/example_task_group_decorator.py
[2023-11-14T21:58:52.981+0000] {processor.py:839} INFO - DAG(s) dict_keys(['example_task_group_decorator']) retrieved from /home/airflow/.local/lib/python3.8/site-packages/airflow/example_dags/example_task_group_decorator.py
[2023-11-14T21:58:53.011+0000] {logging_mixin.py:154} INFO - [2023-11-14T21:58:53.011+0000] {dag.py:2941} INFO - Sync 1 DAGs
[2023-11-14T21:58:53.038+0000] {logging_mixin.py:154} INFO - [2023-11-14T21:58:53.038+0000] {dag.py:3722} INFO - Setting next_dagrun for example_task_group_decorator to 2023-11-13T21:58:53.038309+00:00, run_after=2023-11-14T21:58:53.038309+00:00
[2023-11-14T21:58:53.063+0000] {processor.py:179} INFO - Processing /home/airflow/.local/lib/python3.8/site-packages/airflow/example_dags/example_task_group_decorator.py took 0.138 seconds
[2023-11-14T21:59:23.780+0000] {processor.py:157} INFO - Started process (PID=2771) to work on /home/airflow/.local/lib/python3.8/site-packages/airflow/example_dags/example_task_group_decorator.py
[2023-11-14T21:59:23.782+0000] {processor.py:829} INFO - Processing file /home/airflow/.local/lib/python3.8/site-packages/airflow/example_dags/example_task_group_decorator.py for tasks to queue
[2023-11-14T21:59:23.785+0000] {logging_mixin.py:154} INFO - [2023-11-14T21:59:23.785+0000] {dagbag.py:536} INFO - Filling up the DagBag from /home/airflow/.local/lib/python3.8/site-packages/airflow/example_dags/example_task_group_decorator.py
[2023-11-14T21:59:23.805+0000] {processor.py:839} INFO - DAG(s) dict_keys(['example_task_group_decorator']) retrieved from /home/airflow/.local/lib/python3.8/site-packages/airflow/example_dags/example_task_group_decorator.py
[2023-11-14T21:59:23.836+0000] {logging_mixin.py:154} INFO - [2023-11-14T21:59:23.835+0000] {dag.py:2941} INFO - Sync 1 DAGs
[2023-11-14T21:59:23.865+0000] {logging_mixin.py:154} INFO - [2023-11-14T21:59:23.865+0000] {dag.py:3722} INFO - Setting next_dagrun for example_task_group_decorator to 2023-11-13T21:59:23.864730+00:00, run_after=2023-11-14T21:59:23.864730+00:00
[2023-11-14T21:59:23.889+0000] {processor.py:179} INFO - Processing /home/airflow/.local/lib/python3.8/site-packages/airflow/example_dags/example_task_group_decorator.py took 0.117 seconds
