[2023-11-14T21:33:57.629+0000] {processor.py:157} INFO - Started process (PID=63) to work on /home/airflow/.local/lib/python3.8/site-packages/airflow/example_dags/example_short_circuit_operator.py
[2023-11-14T21:33:57.630+0000] {processor.py:829} INFO - Processing file /home/airflow/.local/lib/python3.8/site-packages/airflow/example_dags/example_short_circuit_operator.py for tasks to queue
[2023-11-14T21:33:57.633+0000] {logging_mixin.py:154} INFO - [2023-11-14T21:33:57.632+0000] {dagbag.py:536} INFO - Filling up the DagBag from /home/airflow/.local/lib/python3.8/site-packages/airflow/example_dags/example_short_circuit_operator.py
[2023-11-14T21:33:57.642+0000] {processor.py:839} INFO - DAG(s) dict_keys(['example_short_circuit_operator']) retrieved from /home/airflow/.local/lib/python3.8/site-packages/airflow/example_dags/example_short_circuit_operator.py
[2023-11-14T21:33:57.802+0000] {logging_mixin.py:154} INFO - [2023-11-14T21:33:57.801+0000] {manager.py:499} INFO - Created Permission View: %s
[2023-11-14T21:33:57.815+0000] {logging_mixin.py:154} INFO - [2023-11-14T21:33:57.815+0000] {manager.py:499} INFO - Created Permission View: %s
[2023-11-14T21:33:57.826+0000] {logging_mixin.py:154} INFO - [2023-11-14T21:33:57.825+0000] {manager.py:499} INFO - Created Permission View: %s
[2023-11-14T21:33:57.826+0000] {logging_mixin.py:154} INFO - [2023-11-14T21:33:57.826+0000] {dag.py:2941} INFO - Sync 1 DAGs
[2023-11-14T21:33:57.840+0000] {logging_mixin.py:154} INFO - [2023-11-14T21:33:57.840+0000] {dag.py:2963} INFO - Creating ORM DAG for example_short_circuit_operator
[2023-11-14T21:33:57.852+0000] {logging_mixin.py:154} INFO - [2023-11-14T21:33:57.852+0000] {dag.py:3722} INFO - Setting next_dagrun for example_short_circuit_operator to 2023-11-13T21:33:57.852076+00:00, run_after=2023-11-14T21:33:57.852076+00:00
[2023-11-14T21:33:57.873+0000] {processor.py:179} INFO - Processing /home/airflow/.local/lib/python3.8/site-packages/airflow/example_dags/example_short_circuit_operator.py took 0.249 seconds
[2023-11-14T21:34:28.184+0000] {processor.py:157} INFO - Started process (PID=117) to work on /home/airflow/.local/lib/python3.8/site-packages/airflow/example_dags/example_short_circuit_operator.py
[2023-11-14T21:34:28.186+0000] {processor.py:829} INFO - Processing file /home/airflow/.local/lib/python3.8/site-packages/airflow/example_dags/example_short_circuit_operator.py for tasks to queue
[2023-11-14T21:34:28.188+0000] {logging_mixin.py:154} INFO - [2023-11-14T21:34:28.188+0000] {dagbag.py:536} INFO - Filling up the DagBag from /home/airflow/.local/lib/python3.8/site-packages/airflow/example_dags/example_short_circuit_operator.py
[2023-11-14T21:34:28.198+0000] {processor.py:839} INFO - DAG(s) dict_keys(['example_short_circuit_operator']) retrieved from /home/airflow/.local/lib/python3.8/site-packages/airflow/example_dags/example_short_circuit_operator.py
[2023-11-14T21:34:28.226+0000] {logging_mixin.py:154} INFO - [2023-11-14T21:34:28.226+0000] {dag.py:2941} INFO - Sync 1 DAGs
[2023-11-14T21:34:28.253+0000] {logging_mixin.py:154} INFO - [2023-11-14T21:34:28.253+0000] {dag.py:3722} INFO - Setting next_dagrun for example_short_circuit_operator to 2023-11-13T21:34:28.252873+00:00, run_after=2023-11-14T21:34:28.252873+00:00
[2023-11-14T21:34:28.278+0000] {processor.py:179} INFO - Processing /home/airflow/.local/lib/python3.8/site-packages/airflow/example_dags/example_short_circuit_operator.py took 0.097 seconds
[2023-11-14T21:34:58.587+0000] {processor.py:157} INFO - Started process (PID=171) to work on /home/airflow/.local/lib/python3.8/site-packages/airflow/example_dags/example_short_circuit_operator.py
[2023-11-14T21:34:58.588+0000] {processor.py:829} INFO - Processing file /home/airflow/.local/lib/python3.8/site-packages/airflow/example_dags/example_short_circuit_operator.py for tasks to queue
[2023-11-14T21:34:58.591+0000] {logging_mixin.py:154} INFO - [2023-11-14T21:34:58.591+0000] {dagbag.py:536} INFO - Filling up the DagBag from /home/airflow/.local/lib/python3.8/site-packages/airflow/example_dags/example_short_circuit_operator.py
[2023-11-14T21:34:58.601+0000] {processor.py:839} INFO - DAG(s) dict_keys(['example_short_circuit_operator']) retrieved from /home/airflow/.local/lib/python3.8/site-packages/airflow/example_dags/example_short_circuit_operator.py
[2023-11-14T21:34:58.630+0000] {logging_mixin.py:154} INFO - [2023-11-14T21:34:58.629+0000] {dag.py:2941} INFO - Sync 1 DAGs
[2023-11-14T21:34:58.657+0000] {logging_mixin.py:154} INFO - [2023-11-14T21:34:58.656+0000] {dag.py:3722} INFO - Setting next_dagrun for example_short_circuit_operator to 2023-11-13T21:34:58.656607+00:00, run_after=2023-11-14T21:34:58.656607+00:00
[2023-11-14T21:34:58.682+0000] {processor.py:179} INFO - Processing /home/airflow/.local/lib/python3.8/site-packages/airflow/example_dags/example_short_circuit_operator.py took 0.101 seconds
[2023-11-14T21:35:28.873+0000] {processor.py:157} INFO - Started process (PID=225) to work on /home/airflow/.local/lib/python3.8/site-packages/airflow/example_dags/example_short_circuit_operator.py
[2023-11-14T21:35:28.874+0000] {processor.py:829} INFO - Processing file /home/airflow/.local/lib/python3.8/site-packages/airflow/example_dags/example_short_circuit_operator.py for tasks to queue
[2023-11-14T21:35:28.876+0000] {logging_mixin.py:154} INFO - [2023-11-14T21:35:28.876+0000] {dagbag.py:536} INFO - Filling up the DagBag from /home/airflow/.local/lib/python3.8/site-packages/airflow/example_dags/example_short_circuit_operator.py
[2023-11-14T21:35:28.886+0000] {processor.py:839} INFO - DAG(s) dict_keys(['example_short_circuit_operator']) retrieved from /home/airflow/.local/lib/python3.8/site-packages/airflow/example_dags/example_short_circuit_operator.py
[2023-11-14T21:35:28.915+0000] {logging_mixin.py:154} INFO - [2023-11-14T21:35:28.915+0000] {dag.py:2941} INFO - Sync 1 DAGs
[2023-11-14T21:35:28.950+0000] {logging_mixin.py:154} INFO - [2023-11-14T21:35:28.949+0000] {dag.py:3722} INFO - Setting next_dagrun for example_short_circuit_operator to 2023-11-13T21:35:28.949656+00:00, run_after=2023-11-14T21:35:28.949656+00:00
[2023-11-14T21:35:28.980+0000] {processor.py:179} INFO - Processing /home/airflow/.local/lib/python3.8/site-packages/airflow/example_dags/example_short_circuit_operator.py took 0.111 seconds
[2023-11-14T21:35:59.263+0000] {processor.py:157} INFO - Started process (PID=278) to work on /home/airflow/.local/lib/python3.8/site-packages/airflow/example_dags/example_short_circuit_operator.py
[2023-11-14T21:35:59.265+0000] {processor.py:829} INFO - Processing file /home/airflow/.local/lib/python3.8/site-packages/airflow/example_dags/example_short_circuit_operator.py for tasks to queue
[2023-11-14T21:35:59.269+0000] {logging_mixin.py:154} INFO - [2023-11-14T21:35:59.268+0000] {dagbag.py:536} INFO - Filling up the DagBag from /home/airflow/.local/lib/python3.8/site-packages/airflow/example_dags/example_short_circuit_operator.py
[2023-11-14T21:35:59.283+0000] {processor.py:839} INFO - DAG(s) dict_keys(['example_short_circuit_operator']) retrieved from /home/airflow/.local/lib/python3.8/site-packages/airflow/example_dags/example_short_circuit_operator.py
[2023-11-14T21:35:59.319+0000] {logging_mixin.py:154} INFO - [2023-11-14T21:35:59.319+0000] {dag.py:2941} INFO - Sync 1 DAGs
[2023-11-14T21:35:59.354+0000] {logging_mixin.py:154} INFO - [2023-11-14T21:35:59.354+0000] {dag.py:3722} INFO - Setting next_dagrun for example_short_circuit_operator to 2023-11-13T21:35:59.353653+00:00, run_after=2023-11-14T21:35:59.353653+00:00
[2023-11-14T21:35:59.386+0000] {processor.py:179} INFO - Processing /home/airflow/.local/lib/python3.8/site-packages/airflow/example_dags/example_short_circuit_operator.py took 0.129 seconds
[2023-11-14T21:36:29.417+0000] {processor.py:157} INFO - Started process (PID=333) to work on /home/airflow/.local/lib/python3.8/site-packages/airflow/example_dags/example_short_circuit_operator.py
[2023-11-14T21:36:29.419+0000] {processor.py:829} INFO - Processing file /home/airflow/.local/lib/python3.8/site-packages/airflow/example_dags/example_short_circuit_operator.py for tasks to queue
[2023-11-14T21:36:29.421+0000] {logging_mixin.py:154} INFO - [2023-11-14T21:36:29.421+0000] {dagbag.py:536} INFO - Filling up the DagBag from /home/airflow/.local/lib/python3.8/site-packages/airflow/example_dags/example_short_circuit_operator.py
[2023-11-14T21:36:29.430+0000] {processor.py:839} INFO - DAG(s) dict_keys(['example_short_circuit_operator']) retrieved from /home/airflow/.local/lib/python3.8/site-packages/airflow/example_dags/example_short_circuit_operator.py
[2023-11-14T21:36:29.459+0000] {logging_mixin.py:154} INFO - [2023-11-14T21:36:29.459+0000] {dag.py:2941} INFO - Sync 1 DAGs
[2023-11-14T21:36:29.486+0000] {logging_mixin.py:154} INFO - [2023-11-14T21:36:29.486+0000] {dag.py:3722} INFO - Setting next_dagrun for example_short_circuit_operator to 2023-11-13T21:36:29.486033+00:00, run_after=2023-11-14T21:36:29.486033+00:00
[2023-11-14T21:36:29.532+0000] {processor.py:179} INFO - Processing /home/airflow/.local/lib/python3.8/site-packages/airflow/example_dags/example_short_circuit_operator.py took 0.119 seconds
[2023-11-14T21:36:59.910+0000] {processor.py:157} INFO - Started process (PID=387) to work on /home/airflow/.local/lib/python3.8/site-packages/airflow/example_dags/example_short_circuit_operator.py
[2023-11-14T21:36:59.912+0000] {processor.py:829} INFO - Processing file /home/airflow/.local/lib/python3.8/site-packages/airflow/example_dags/example_short_circuit_operator.py for tasks to queue
[2023-11-14T21:36:59.914+0000] {logging_mixin.py:154} INFO - [2023-11-14T21:36:59.914+0000] {dagbag.py:536} INFO - Filling up the DagBag from /home/airflow/.local/lib/python3.8/site-packages/airflow/example_dags/example_short_circuit_operator.py
[2023-11-14T21:36:59.924+0000] {processor.py:839} INFO - DAG(s) dict_keys(['example_short_circuit_operator']) retrieved from /home/airflow/.local/lib/python3.8/site-packages/airflow/example_dags/example_short_circuit_operator.py
[2023-11-14T21:36:59.957+0000] {logging_mixin.py:154} INFO - [2023-11-14T21:36:59.957+0000] {dag.py:2941} INFO - Sync 1 DAGs
[2023-11-14T21:36:59.986+0000] {logging_mixin.py:154} INFO - [2023-11-14T21:36:59.985+0000] {dag.py:3722} INFO - Setting next_dagrun for example_short_circuit_operator to 2023-11-13T21:36:59.985494+00:00, run_after=2023-11-14T21:36:59.985494+00:00
[2023-11-14T21:37:00.012+0000] {processor.py:179} INFO - Processing /home/airflow/.local/lib/python3.8/site-packages/airflow/example_dags/example_short_circuit_operator.py took 0.106 seconds
[2023-11-14T21:37:30.734+0000] {processor.py:157} INFO - Started process (PID=441) to work on /home/airflow/.local/lib/python3.8/site-packages/airflow/example_dags/example_short_circuit_operator.py
[2023-11-14T21:37:30.735+0000] {processor.py:829} INFO - Processing file /home/airflow/.local/lib/python3.8/site-packages/airflow/example_dags/example_short_circuit_operator.py for tasks to queue
[2023-11-14T21:37:30.738+0000] {logging_mixin.py:154} INFO - [2023-11-14T21:37:30.737+0000] {dagbag.py:536} INFO - Filling up the DagBag from /home/airflow/.local/lib/python3.8/site-packages/airflow/example_dags/example_short_circuit_operator.py
[2023-11-14T21:37:30.747+0000] {processor.py:839} INFO - DAG(s) dict_keys(['example_short_circuit_operator']) retrieved from /home/airflow/.local/lib/python3.8/site-packages/airflow/example_dags/example_short_circuit_operator.py
[2023-11-14T21:37:30.779+0000] {logging_mixin.py:154} INFO - [2023-11-14T21:37:30.779+0000] {dag.py:2941} INFO - Sync 1 DAGs
[2023-11-14T21:37:30.805+0000] {logging_mixin.py:154} INFO - [2023-11-14T21:37:30.805+0000] {dag.py:3722} INFO - Setting next_dagrun for example_short_circuit_operator to 2023-11-13T21:37:30.805061+00:00, run_after=2023-11-14T21:37:30.805061+00:00
[2023-11-14T21:37:30.854+0000] {processor.py:179} INFO - Processing /home/airflow/.local/lib/python3.8/site-packages/airflow/example_dags/example_short_circuit_operator.py took 0.124 seconds
[2023-11-14T21:38:00.925+0000] {processor.py:157} INFO - Started process (PID=495) to work on /home/airflow/.local/lib/python3.8/site-packages/airflow/example_dags/example_short_circuit_operator.py
[2023-11-14T21:38:00.927+0000] {processor.py:829} INFO - Processing file /home/airflow/.local/lib/python3.8/site-packages/airflow/example_dags/example_short_circuit_operator.py for tasks to queue
[2023-11-14T21:38:00.929+0000] {logging_mixin.py:154} INFO - [2023-11-14T21:38:00.929+0000] {dagbag.py:536} INFO - Filling up the DagBag from /home/airflow/.local/lib/python3.8/site-packages/airflow/example_dags/example_short_circuit_operator.py
[2023-11-14T21:38:00.938+0000] {processor.py:839} INFO - DAG(s) dict_keys(['example_short_circuit_operator']) retrieved from /home/airflow/.local/lib/python3.8/site-packages/airflow/example_dags/example_short_circuit_operator.py
[2023-11-14T21:38:00.967+0000] {logging_mixin.py:154} INFO - [2023-11-14T21:38:00.967+0000] {dag.py:2941} INFO - Sync 1 DAGs
[2023-11-14T21:38:00.993+0000] {logging_mixin.py:154} INFO - [2023-11-14T21:38:00.993+0000] {dag.py:3722} INFO - Setting next_dagrun for example_short_circuit_operator to 2023-11-13T21:38:00.993092+00:00, run_after=2023-11-14T21:38:00.993092+00:00
[2023-11-14T21:38:01.041+0000] {processor.py:179} INFO - Processing /home/airflow/.local/lib/python3.8/site-packages/airflow/example_dags/example_short_circuit_operator.py took 0.121 seconds
[2023-11-14T21:38:31.420+0000] {processor.py:157} INFO - Started process (PID=560) to work on /home/airflow/.local/lib/python3.8/site-packages/airflow/example_dags/example_short_circuit_operator.py
[2023-11-14T21:38:31.422+0000] {processor.py:829} INFO - Processing file /home/airflow/.local/lib/python3.8/site-packages/airflow/example_dags/example_short_circuit_operator.py for tasks to queue
[2023-11-14T21:38:31.424+0000] {logging_mixin.py:154} INFO - [2023-11-14T21:38:31.424+0000] {dagbag.py:536} INFO - Filling up the DagBag from /home/airflow/.local/lib/python3.8/site-packages/airflow/example_dags/example_short_circuit_operator.py
[2023-11-14T21:38:31.433+0000] {processor.py:839} INFO - DAG(s) dict_keys(['example_short_circuit_operator']) retrieved from /home/airflow/.local/lib/python3.8/site-packages/airflow/example_dags/example_short_circuit_operator.py
[2023-11-14T21:38:31.461+0000] {logging_mixin.py:154} INFO - [2023-11-14T21:38:31.460+0000] {dag.py:2941} INFO - Sync 1 DAGs
[2023-11-14T21:38:31.488+0000] {logging_mixin.py:154} INFO - [2023-11-14T21:38:31.487+0000] {dag.py:3722} INFO - Setting next_dagrun for example_short_circuit_operator to 2023-11-13T21:38:31.487662+00:00, run_after=2023-11-14T21:38:31.487662+00:00
[2023-11-14T21:38:31.535+0000] {processor.py:179} INFO - Processing /home/airflow/.local/lib/python3.8/site-packages/airflow/example_dags/example_short_circuit_operator.py took 0.119 seconds
[2023-11-14T21:39:01.664+0000] {processor.py:157} INFO - Started process (PID=614) to work on /home/airflow/.local/lib/python3.8/site-packages/airflow/example_dags/example_short_circuit_operator.py
[2023-11-14T21:39:01.665+0000] {processor.py:829} INFO - Processing file /home/airflow/.local/lib/python3.8/site-packages/airflow/example_dags/example_short_circuit_operator.py for tasks to queue
[2023-11-14T21:39:01.668+0000] {logging_mixin.py:154} INFO - [2023-11-14T21:39:01.667+0000] {dagbag.py:536} INFO - Filling up the DagBag from /home/airflow/.local/lib/python3.8/site-packages/airflow/example_dags/example_short_circuit_operator.py
[2023-11-14T21:39:01.679+0000] {processor.py:839} INFO - DAG(s) dict_keys(['example_short_circuit_operator']) retrieved from /home/airflow/.local/lib/python3.8/site-packages/airflow/example_dags/example_short_circuit_operator.py
[2023-11-14T21:39:01.709+0000] {logging_mixin.py:154} INFO - [2023-11-14T21:39:01.709+0000] {dag.py:2941} INFO - Sync 1 DAGs
[2023-11-14T21:39:01.739+0000] {logging_mixin.py:154} INFO - [2023-11-14T21:39:01.739+0000] {dag.py:3722} INFO - Setting next_dagrun for example_short_circuit_operator to 2023-11-13T21:39:01.739203+00:00, run_after=2023-11-14T21:39:01.739203+00:00
[2023-11-14T21:39:01.772+0000] {processor.py:179} INFO - Processing /home/airflow/.local/lib/python3.8/site-packages/airflow/example_dags/example_short_circuit_operator.py took 0.113 seconds
[2023-11-14T21:39:32.493+0000] {processor.py:157} INFO - Started process (PID=668) to work on /home/airflow/.local/lib/python3.8/site-packages/airflow/example_dags/example_short_circuit_operator.py
[2023-11-14T21:39:32.494+0000] {processor.py:829} INFO - Processing file /home/airflow/.local/lib/python3.8/site-packages/airflow/example_dags/example_short_circuit_operator.py for tasks to queue
[2023-11-14T21:39:32.500+0000] {logging_mixin.py:154} INFO - [2023-11-14T21:39:32.499+0000] {dagbag.py:536} INFO - Filling up the DagBag from /home/airflow/.local/lib/python3.8/site-packages/airflow/example_dags/example_short_circuit_operator.py
[2023-11-14T21:39:32.511+0000] {processor.py:839} INFO - DAG(s) dict_keys(['example_short_circuit_operator']) retrieved from /home/airflow/.local/lib/python3.8/site-packages/airflow/example_dags/example_short_circuit_operator.py
[2023-11-14T21:39:32.550+0000] {logging_mixin.py:154} INFO - [2023-11-14T21:39:32.550+0000] {dag.py:2941} INFO - Sync 1 DAGs
[2023-11-14T21:39:32.582+0000] {logging_mixin.py:154} INFO - [2023-11-14T21:39:32.582+0000] {dag.py:3722} INFO - Setting next_dagrun for example_short_circuit_operator to 2023-11-13T21:39:32.582059+00:00, run_after=2023-11-14T21:39:32.582059+00:00
[2023-11-14T21:39:32.611+0000] {processor.py:179} INFO - Processing /home/airflow/.local/lib/python3.8/site-packages/airflow/example_dags/example_short_circuit_operator.py took 0.123 seconds
[2023-11-14T21:40:02.963+0000] {processor.py:157} INFO - Started process (PID=723) to work on /home/airflow/.local/lib/python3.8/site-packages/airflow/example_dags/example_short_circuit_operator.py
[2023-11-14T21:40:02.964+0000] {processor.py:829} INFO - Processing file /home/airflow/.local/lib/python3.8/site-packages/airflow/example_dags/example_short_circuit_operator.py for tasks to queue
[2023-11-14T21:40:02.967+0000] {logging_mixin.py:154} INFO - [2023-11-14T21:40:02.967+0000] {dagbag.py:536} INFO - Filling up the DagBag from /home/airflow/.local/lib/python3.8/site-packages/airflow/example_dags/example_short_circuit_operator.py
[2023-11-14T21:40:02.978+0000] {processor.py:839} INFO - DAG(s) dict_keys(['example_short_circuit_operator']) retrieved from /home/airflow/.local/lib/python3.8/site-packages/airflow/example_dags/example_short_circuit_operator.py
[2023-11-14T21:40:03.007+0000] {logging_mixin.py:154} INFO - [2023-11-14T21:40:03.006+0000] {dag.py:2941} INFO - Sync 1 DAGs
[2023-11-14T21:40:03.034+0000] {logging_mixin.py:154} INFO - [2023-11-14T21:40:03.034+0000] {dag.py:3722} INFO - Setting next_dagrun for example_short_circuit_operator to 2023-11-13T21:40:03.033656+00:00, run_after=2023-11-14T21:40:03.033656+00:00
[2023-11-14T21:40:03.068+0000] {processor.py:179} INFO - Processing /home/airflow/.local/lib/python3.8/site-packages/airflow/example_dags/example_short_circuit_operator.py took 0.110 seconds
[2023-11-14T21:40:33.216+0000] {processor.py:157} INFO - Started process (PID=778) to work on /home/airflow/.local/lib/python3.8/site-packages/airflow/example_dags/example_short_circuit_operator.py
[2023-11-14T21:40:33.218+0000] {processor.py:829} INFO - Processing file /home/airflow/.local/lib/python3.8/site-packages/airflow/example_dags/example_short_circuit_operator.py for tasks to queue
[2023-11-14T21:40:33.220+0000] {logging_mixin.py:154} INFO - [2023-11-14T21:40:33.220+0000] {dagbag.py:536} INFO - Filling up the DagBag from /home/airflow/.local/lib/python3.8/site-packages/airflow/example_dags/example_short_circuit_operator.py
[2023-11-14T21:40:33.231+0000] {processor.py:839} INFO - DAG(s) dict_keys(['example_short_circuit_operator']) retrieved from /home/airflow/.local/lib/python3.8/site-packages/airflow/example_dags/example_short_circuit_operator.py
[2023-11-14T21:40:33.258+0000] {logging_mixin.py:154} INFO - [2023-11-14T21:40:33.258+0000] {dag.py:2941} INFO - Sync 1 DAGs
[2023-11-14T21:40:33.288+0000] {logging_mixin.py:154} INFO - [2023-11-14T21:40:33.287+0000] {dag.py:3722} INFO - Setting next_dagrun for example_short_circuit_operator to 2023-11-13T21:40:33.287455+00:00, run_after=2023-11-14T21:40:33.287455+00:00
[2023-11-14T21:40:33.348+0000] {processor.py:179} INFO - Processing /home/airflow/.local/lib/python3.8/site-packages/airflow/example_dags/example_short_circuit_operator.py took 0.136 seconds
[2023-11-14T21:41:03.607+0000] {processor.py:157} INFO - Started process (PID=833) to work on /home/airflow/.local/lib/python3.8/site-packages/airflow/example_dags/example_short_circuit_operator.py
[2023-11-14T21:41:03.608+0000] {processor.py:829} INFO - Processing file /home/airflow/.local/lib/python3.8/site-packages/airflow/example_dags/example_short_circuit_operator.py for tasks to queue
[2023-11-14T21:41:03.610+0000] {logging_mixin.py:154} INFO - [2023-11-14T21:41:03.610+0000] {dagbag.py:536} INFO - Filling up the DagBag from /home/airflow/.local/lib/python3.8/site-packages/airflow/example_dags/example_short_circuit_operator.py
[2023-11-14T21:41:03.620+0000] {processor.py:839} INFO - DAG(s) dict_keys(['example_short_circuit_operator']) retrieved from /home/airflow/.local/lib/python3.8/site-packages/airflow/example_dags/example_short_circuit_operator.py
[2023-11-14T21:41:03.648+0000] {logging_mixin.py:154} INFO - [2023-11-14T21:41:03.648+0000] {dag.py:2941} INFO - Sync 1 DAGs
[2023-11-14T21:41:03.675+0000] {logging_mixin.py:154} INFO - [2023-11-14T21:41:03.675+0000] {dag.py:3722} INFO - Setting next_dagrun for example_short_circuit_operator to 2023-11-13T21:41:03.674913+00:00, run_after=2023-11-14T21:41:03.674913+00:00
[2023-11-14T21:41:03.720+0000] {processor.py:179} INFO - Processing /home/airflow/.local/lib/python3.8/site-packages/airflow/example_dags/example_short_circuit_operator.py took 0.117 seconds
[2023-11-14T21:41:34.216+0000] {processor.py:157} INFO - Started process (PID=887) to work on /home/airflow/.local/lib/python3.8/site-packages/airflow/example_dags/example_short_circuit_operator.py
[2023-11-14T21:41:34.218+0000] {processor.py:829} INFO - Processing file /home/airflow/.local/lib/python3.8/site-packages/airflow/example_dags/example_short_circuit_operator.py for tasks to queue
[2023-11-14T21:41:34.222+0000] {logging_mixin.py:154} INFO - [2023-11-14T21:41:34.221+0000] {dagbag.py:536} INFO - Filling up the DagBag from /home/airflow/.local/lib/python3.8/site-packages/airflow/example_dags/example_short_circuit_operator.py
[2023-11-14T21:41:34.233+0000] {processor.py:839} INFO - DAG(s) dict_keys(['example_short_circuit_operator']) retrieved from /home/airflow/.local/lib/python3.8/site-packages/airflow/example_dags/example_short_circuit_operator.py
[2023-11-14T21:41:34.265+0000] {logging_mixin.py:154} INFO - [2023-11-14T21:41:34.265+0000] {dag.py:2941} INFO - Sync 1 DAGs
[2023-11-14T21:41:34.297+0000] {logging_mixin.py:154} INFO - [2023-11-14T21:41:34.297+0000] {dag.py:3722} INFO - Setting next_dagrun for example_short_circuit_operator to 2023-11-13T21:41:34.296838+00:00, run_after=2023-11-14T21:41:34.296838+00:00
[2023-11-14T21:41:34.323+0000] {processor.py:179} INFO - Processing /home/airflow/.local/lib/python3.8/site-packages/airflow/example_dags/example_short_circuit_operator.py took 0.114 seconds
[2023-11-14T21:42:04.357+0000] {processor.py:157} INFO - Started process (PID=941) to work on /home/airflow/.local/lib/python3.8/site-packages/airflow/example_dags/example_short_circuit_operator.py
[2023-11-14T21:42:04.358+0000] {processor.py:829} INFO - Processing file /home/airflow/.local/lib/python3.8/site-packages/airflow/example_dags/example_short_circuit_operator.py for tasks to queue
[2023-11-14T21:42:04.360+0000] {logging_mixin.py:154} INFO - [2023-11-14T21:42:04.360+0000] {dagbag.py:536} INFO - Filling up the DagBag from /home/airflow/.local/lib/python3.8/site-packages/airflow/example_dags/example_short_circuit_operator.py
[2023-11-14T21:42:04.370+0000] {processor.py:839} INFO - DAG(s) dict_keys(['example_short_circuit_operator']) retrieved from /home/airflow/.local/lib/python3.8/site-packages/airflow/example_dags/example_short_circuit_operator.py
[2023-11-14T21:42:04.401+0000] {logging_mixin.py:154} INFO - [2023-11-14T21:42:04.401+0000] {dag.py:2941} INFO - Sync 1 DAGs
[2023-11-14T21:42:04.430+0000] {logging_mixin.py:154} INFO - [2023-11-14T21:42:04.429+0000] {dag.py:3722} INFO - Setting next_dagrun for example_short_circuit_operator to 2023-11-13T21:42:04.429555+00:00, run_after=2023-11-14T21:42:04.429555+00:00
[2023-11-14T21:42:04.624+0000] {processor.py:179} INFO - Processing /home/airflow/.local/lib/python3.8/site-packages/airflow/example_dags/example_short_circuit_operator.py took 0.272 seconds
[2023-11-14T21:42:35.521+0000] {processor.py:157} INFO - Started process (PID=995) to work on /home/airflow/.local/lib/python3.8/site-packages/airflow/example_dags/example_short_circuit_operator.py
[2023-11-14T21:42:35.524+0000] {processor.py:829} INFO - Processing file /home/airflow/.local/lib/python3.8/site-packages/airflow/example_dags/example_short_circuit_operator.py for tasks to queue
[2023-11-14T21:42:35.527+0000] {logging_mixin.py:154} INFO - [2023-11-14T21:42:35.526+0000] {dagbag.py:536} INFO - Filling up the DagBag from /home/airflow/.local/lib/python3.8/site-packages/airflow/example_dags/example_short_circuit_operator.py
[2023-11-14T21:42:35.539+0000] {processor.py:839} INFO - DAG(s) dict_keys(['example_short_circuit_operator']) retrieved from /home/airflow/.local/lib/python3.8/site-packages/airflow/example_dags/example_short_circuit_operator.py
[2023-11-14T21:42:35.581+0000] {logging_mixin.py:154} INFO - [2023-11-14T21:42:35.580+0000] {dag.py:2941} INFO - Sync 1 DAGs
[2023-11-14T21:42:35.613+0000] {logging_mixin.py:154} INFO - [2023-11-14T21:42:35.613+0000] {dag.py:3722} INFO - Setting next_dagrun for example_short_circuit_operator to 2023-11-13T21:42:35.613002+00:00, run_after=2023-11-14T21:42:35.613002+00:00
[2023-11-14T21:42:35.644+0000] {processor.py:179} INFO - Processing /home/airflow/.local/lib/python3.8/site-packages/airflow/example_dags/example_short_circuit_operator.py took 0.129 seconds
[2023-11-14T21:43:05.856+0000] {processor.py:157} INFO - Started process (PID=1050) to work on /home/airflow/.local/lib/python3.8/site-packages/airflow/example_dags/example_short_circuit_operator.py
[2023-11-14T21:43:05.857+0000] {processor.py:829} INFO - Processing file /home/airflow/.local/lib/python3.8/site-packages/airflow/example_dags/example_short_circuit_operator.py for tasks to queue
[2023-11-14T21:43:05.860+0000] {logging_mixin.py:154} INFO - [2023-11-14T21:43:05.859+0000] {dagbag.py:536} INFO - Filling up the DagBag from /home/airflow/.local/lib/python3.8/site-packages/airflow/example_dags/example_short_circuit_operator.py
[2023-11-14T21:43:05.870+0000] {processor.py:839} INFO - DAG(s) dict_keys(['example_short_circuit_operator']) retrieved from /home/airflow/.local/lib/python3.8/site-packages/airflow/example_dags/example_short_circuit_operator.py
[2023-11-14T21:43:05.900+0000] {logging_mixin.py:154} INFO - [2023-11-14T21:43:05.900+0000] {dag.py:2941} INFO - Sync 1 DAGs
[2023-11-14T21:43:05.928+0000] {logging_mixin.py:154} INFO - [2023-11-14T21:43:05.928+0000] {dag.py:3722} INFO - Setting next_dagrun for example_short_circuit_operator to 2023-11-13T21:43:05.927811+00:00, run_after=2023-11-14T21:43:05.927811+00:00
[2023-11-14T21:43:05.952+0000] {processor.py:179} INFO - Processing /home/airflow/.local/lib/python3.8/site-packages/airflow/example_dags/example_short_circuit_operator.py took 0.101 seconds
[2023-11-14T21:43:36.005+0000] {processor.py:157} INFO - Started process (PID=1104) to work on /home/airflow/.local/lib/python3.8/site-packages/airflow/example_dags/example_short_circuit_operator.py
[2023-11-14T21:43:36.007+0000] {processor.py:829} INFO - Processing file /home/airflow/.local/lib/python3.8/site-packages/airflow/example_dags/example_short_circuit_operator.py for tasks to queue
[2023-11-14T21:43:36.012+0000] {logging_mixin.py:154} INFO - [2023-11-14T21:43:36.011+0000] {dagbag.py:536} INFO - Filling up the DagBag from /home/airflow/.local/lib/python3.8/site-packages/airflow/example_dags/example_short_circuit_operator.py
[2023-11-14T21:43:36.031+0000] {processor.py:839} INFO - DAG(s) dict_keys(['example_short_circuit_operator']) retrieved from /home/airflow/.local/lib/python3.8/site-packages/airflow/example_dags/example_short_circuit_operator.py
[2023-11-14T21:43:36.085+0000] {logging_mixin.py:154} INFO - [2023-11-14T21:43:36.085+0000] {dag.py:2941} INFO - Sync 1 DAGs
[2023-11-14T21:43:36.294+0000] {logging_mixin.py:154} INFO - [2023-11-14T21:43:36.293+0000] {dag.py:3722} INFO - Setting next_dagrun for example_short_circuit_operator to 2023-11-13T21:43:36.293331+00:00, run_after=2023-11-14T21:43:36.293331+00:00
[2023-11-14T21:43:36.322+0000] {processor.py:179} INFO - Processing /home/airflow/.local/lib/python3.8/site-packages/airflow/example_dags/example_short_circuit_operator.py took 0.325 seconds
[2023-11-14T21:44:06.366+0000] {processor.py:157} INFO - Started process (PID=1158) to work on /home/airflow/.local/lib/python3.8/site-packages/airflow/example_dags/example_short_circuit_operator.py
[2023-11-14T21:44:06.367+0000] {processor.py:829} INFO - Processing file /home/airflow/.local/lib/python3.8/site-packages/airflow/example_dags/example_short_circuit_operator.py for tasks to queue
[2023-11-14T21:44:06.369+0000] {logging_mixin.py:154} INFO - [2023-11-14T21:44:06.369+0000] {dagbag.py:536} INFO - Filling up the DagBag from /home/airflow/.local/lib/python3.8/site-packages/airflow/example_dags/example_short_circuit_operator.py
[2023-11-14T21:44:06.378+0000] {processor.py:839} INFO - DAG(s) dict_keys(['example_short_circuit_operator']) retrieved from /home/airflow/.local/lib/python3.8/site-packages/airflow/example_dags/example_short_circuit_operator.py
[2023-11-14T21:44:06.406+0000] {logging_mixin.py:154} INFO - [2023-11-14T21:44:06.406+0000] {dag.py:2941} INFO - Sync 1 DAGs
[2023-11-14T21:44:06.433+0000] {logging_mixin.py:154} INFO - [2023-11-14T21:44:06.432+0000] {dag.py:3722} INFO - Setting next_dagrun for example_short_circuit_operator to 2023-11-13T21:44:06.432510+00:00, run_after=2023-11-14T21:44:06.432510+00:00
[2023-11-14T21:44:06.641+0000] {processor.py:179} INFO - Processing /home/airflow/.local/lib/python3.8/site-packages/airflow/example_dags/example_short_circuit_operator.py took 0.280 seconds
[2023-11-14T21:44:37.445+0000] {processor.py:157} INFO - Started process (PID=1219) to work on /home/airflow/.local/lib/python3.8/site-packages/airflow/example_dags/example_short_circuit_operator.py
[2023-11-14T21:44:37.448+0000] {processor.py:829} INFO - Processing file /home/airflow/.local/lib/python3.8/site-packages/airflow/example_dags/example_short_circuit_operator.py for tasks to queue
[2023-11-14T21:44:37.454+0000] {logging_mixin.py:154} INFO - [2023-11-14T21:44:37.453+0000] {dagbag.py:536} INFO - Filling up the DagBag from /home/airflow/.local/lib/python3.8/site-packages/airflow/example_dags/example_short_circuit_operator.py
[2023-11-14T21:44:37.468+0000] {processor.py:839} INFO - DAG(s) dict_keys(['example_short_circuit_operator']) retrieved from /home/airflow/.local/lib/python3.8/site-packages/airflow/example_dags/example_short_circuit_operator.py
[2023-11-14T21:44:37.497+0000] {logging_mixin.py:154} INFO - [2023-11-14T21:44:37.496+0000] {dag.py:2941} INFO - Sync 1 DAGs
[2023-11-14T21:44:37.522+0000] {logging_mixin.py:154} INFO - [2023-11-14T21:44:37.521+0000] {dag.py:3722} INFO - Setting next_dagrun for example_short_circuit_operator to 2023-11-13T21:44:37.521606+00:00, run_after=2023-11-14T21:44:37.521606+00:00
[2023-11-14T21:44:37.566+0000] {processor.py:179} INFO - Processing /home/airflow/.local/lib/python3.8/site-packages/airflow/example_dags/example_short_circuit_operator.py took 0.130 seconds
[2023-11-14T21:45:09.113+0000] {processor.py:157} INFO - Started process (PID=1273) to work on /home/airflow/.local/lib/python3.8/site-packages/airflow/example_dags/example_short_circuit_operator.py
[2023-11-14T21:45:09.114+0000] {processor.py:829} INFO - Processing file /home/airflow/.local/lib/python3.8/site-packages/airflow/example_dags/example_short_circuit_operator.py for tasks to queue
[2023-11-14T21:45:09.117+0000] {logging_mixin.py:154} INFO - [2023-11-14T21:45:09.116+0000] {dagbag.py:536} INFO - Filling up the DagBag from /home/airflow/.local/lib/python3.8/site-packages/airflow/example_dags/example_short_circuit_operator.py
[2023-11-14T21:45:09.126+0000] {processor.py:839} INFO - DAG(s) dict_keys(['example_short_circuit_operator']) retrieved from /home/airflow/.local/lib/python3.8/site-packages/airflow/example_dags/example_short_circuit_operator.py
[2023-11-14T21:45:09.152+0000] {logging_mixin.py:154} INFO - [2023-11-14T21:45:09.151+0000] {dag.py:2941} INFO - Sync 1 DAGs
[2023-11-14T21:45:09.313+0000] {logging_mixin.py:154} INFO - [2023-11-14T21:45:09.312+0000] {dag.py:3722} INFO - Setting next_dagrun for example_short_circuit_operator to 2023-11-13T21:45:09.312745+00:00, run_after=2023-11-14T21:45:09.312745+00:00
[2023-11-14T21:45:09.360+0000] {processor.py:179} INFO - Processing /home/airflow/.local/lib/python3.8/site-packages/airflow/example_dags/example_short_circuit_operator.py took 0.252 seconds
[2023-11-14T21:45:39.742+0000] {processor.py:157} INFO - Started process (PID=1327) to work on /home/airflow/.local/lib/python3.8/site-packages/airflow/example_dags/example_short_circuit_operator.py
[2023-11-14T21:45:39.743+0000] {processor.py:829} INFO - Processing file /home/airflow/.local/lib/python3.8/site-packages/airflow/example_dags/example_short_circuit_operator.py for tasks to queue
[2023-11-14T21:45:39.745+0000] {logging_mixin.py:154} INFO - [2023-11-14T21:45:39.745+0000] {dagbag.py:536} INFO - Filling up the DagBag from /home/airflow/.local/lib/python3.8/site-packages/airflow/example_dags/example_short_circuit_operator.py
[2023-11-14T21:45:39.753+0000] {processor.py:839} INFO - DAG(s) dict_keys(['example_short_circuit_operator']) retrieved from /home/airflow/.local/lib/python3.8/site-packages/airflow/example_dags/example_short_circuit_operator.py
[2023-11-14T21:45:39.781+0000] {logging_mixin.py:154} INFO - [2023-11-14T21:45:39.781+0000] {dag.py:2941} INFO - Sync 1 DAGs
[2023-11-14T21:45:39.809+0000] {logging_mixin.py:154} INFO - [2023-11-14T21:45:39.809+0000] {dag.py:3722} INFO - Setting next_dagrun for example_short_circuit_operator to 2023-11-13T21:45:39.808870+00:00, run_after=2023-11-14T21:45:39.808870+00:00
[2023-11-14T21:45:39.834+0000] {processor.py:179} INFO - Processing /home/airflow/.local/lib/python3.8/site-packages/airflow/example_dags/example_short_circuit_operator.py took 0.096 seconds
[2023-11-14T21:46:10.025+0000] {processor.py:157} INFO - Started process (PID=1381) to work on /home/airflow/.local/lib/python3.8/site-packages/airflow/example_dags/example_short_circuit_operator.py
[2023-11-14T21:46:10.026+0000] {processor.py:829} INFO - Processing file /home/airflow/.local/lib/python3.8/site-packages/airflow/example_dags/example_short_circuit_operator.py for tasks to queue
[2023-11-14T21:46:10.028+0000] {logging_mixin.py:154} INFO - [2023-11-14T21:46:10.028+0000] {dagbag.py:536} INFO - Filling up the DagBag from /home/airflow/.local/lib/python3.8/site-packages/airflow/example_dags/example_short_circuit_operator.py
[2023-11-14T21:46:10.037+0000] {processor.py:839} INFO - DAG(s) dict_keys(['example_short_circuit_operator']) retrieved from /home/airflow/.local/lib/python3.8/site-packages/airflow/example_dags/example_short_circuit_operator.py
[2023-11-14T21:46:10.064+0000] {logging_mixin.py:154} INFO - [2023-11-14T21:46:10.064+0000] {dag.py:2941} INFO - Sync 1 DAGs
[2023-11-14T21:46:10.089+0000] {logging_mixin.py:154} INFO - [2023-11-14T21:46:10.089+0000] {dag.py:3722} INFO - Setting next_dagrun for example_short_circuit_operator to 2023-11-13T21:46:10.089420+00:00, run_after=2023-11-14T21:46:10.089420+00:00
[2023-11-14T21:46:10.136+0000] {processor.py:179} INFO - Processing /home/airflow/.local/lib/python3.8/site-packages/airflow/example_dags/example_short_circuit_operator.py took 0.115 seconds
[2023-11-14T21:46:41.071+0000] {processor.py:157} INFO - Started process (PID=1435) to work on /home/airflow/.local/lib/python3.8/site-packages/airflow/example_dags/example_short_circuit_operator.py
[2023-11-14T21:46:41.072+0000] {processor.py:829} INFO - Processing file /home/airflow/.local/lib/python3.8/site-packages/airflow/example_dags/example_short_circuit_operator.py for tasks to queue
[2023-11-14T21:46:41.076+0000] {logging_mixin.py:154} INFO - [2023-11-14T21:46:41.076+0000] {dagbag.py:536} INFO - Filling up the DagBag from /home/airflow/.local/lib/python3.8/site-packages/airflow/example_dags/example_short_circuit_operator.py
[2023-11-14T21:46:41.091+0000] {processor.py:839} INFO - DAG(s) dict_keys(['example_short_circuit_operator']) retrieved from /home/airflow/.local/lib/python3.8/site-packages/airflow/example_dags/example_short_circuit_operator.py
[2023-11-14T21:46:41.131+0000] {logging_mixin.py:154} INFO - [2023-11-14T21:46:41.130+0000] {dag.py:2941} INFO - Sync 1 DAGs
[2023-11-14T21:46:41.336+0000] {logging_mixin.py:154} INFO - [2023-11-14T21:46:41.336+0000] {dag.py:3722} INFO - Setting next_dagrun for example_short_circuit_operator to 2023-11-13T21:46:41.336042+00:00, run_after=2023-11-14T21:46:41.336042+00:00
[2023-11-14T21:46:41.362+0000] {processor.py:179} INFO - Processing /home/airflow/.local/lib/python3.8/site-packages/airflow/example_dags/example_short_circuit_operator.py took 0.297 seconds
[2023-11-14T21:47:12.093+0000] {processor.py:157} INFO - Started process (PID=1489) to work on /home/airflow/.local/lib/python3.8/site-packages/airflow/example_dags/example_short_circuit_operator.py
[2023-11-14T21:47:12.094+0000] {processor.py:829} INFO - Processing file /home/airflow/.local/lib/python3.8/site-packages/airflow/example_dags/example_short_circuit_operator.py for tasks to queue
[2023-11-14T21:47:12.097+0000] {logging_mixin.py:154} INFO - [2023-11-14T21:47:12.097+0000] {dagbag.py:536} INFO - Filling up the DagBag from /home/airflow/.local/lib/python3.8/site-packages/airflow/example_dags/example_short_circuit_operator.py
[2023-11-14T21:47:12.109+0000] {processor.py:839} INFO - DAG(s) dict_keys(['example_short_circuit_operator']) retrieved from /home/airflow/.local/lib/python3.8/site-packages/airflow/example_dags/example_short_circuit_operator.py
[2023-11-14T21:47:12.145+0000] {logging_mixin.py:154} INFO - [2023-11-14T21:47:12.145+0000] {dag.py:2941} INFO - Sync 1 DAGs
[2023-11-14T21:47:12.179+0000] {logging_mixin.py:154} INFO - [2023-11-14T21:47:12.179+0000] {dag.py:3722} INFO - Setting next_dagrun for example_short_circuit_operator to 2023-11-13T21:47:12.178825+00:00, run_after=2023-11-14T21:47:12.178825+00:00
[2023-11-14T21:47:12.212+0000] {processor.py:179} INFO - Processing /home/airflow/.local/lib/python3.8/site-packages/airflow/example_dags/example_short_circuit_operator.py took 0.123 seconds
[2023-11-14T21:47:42.522+0000] {processor.py:157} INFO - Started process (PID=1543) to work on /home/airflow/.local/lib/python3.8/site-packages/airflow/example_dags/example_short_circuit_operator.py
[2023-11-14T21:47:42.523+0000] {processor.py:829} INFO - Processing file /home/airflow/.local/lib/python3.8/site-packages/airflow/example_dags/example_short_circuit_operator.py for tasks to queue
[2023-11-14T21:47:42.526+0000] {logging_mixin.py:154} INFO - [2023-11-14T21:47:42.526+0000] {dagbag.py:536} INFO - Filling up the DagBag from /home/airflow/.local/lib/python3.8/site-packages/airflow/example_dags/example_short_circuit_operator.py
[2023-11-14T21:47:42.539+0000] {processor.py:839} INFO - DAG(s) dict_keys(['example_short_circuit_operator']) retrieved from /home/airflow/.local/lib/python3.8/site-packages/airflow/example_dags/example_short_circuit_operator.py
[2023-11-14T21:47:42.573+0000] {logging_mixin.py:154} INFO - [2023-11-14T21:47:42.573+0000] {dag.py:2941} INFO - Sync 1 DAGs
[2023-11-14T21:47:42.609+0000] {logging_mixin.py:154} INFO - [2023-11-14T21:47:42.609+0000] {dag.py:3722} INFO - Setting next_dagrun for example_short_circuit_operator to 2023-11-13T21:47:42.608871+00:00, run_after=2023-11-14T21:47:42.608871+00:00
[2023-11-14T21:47:42.642+0000] {processor.py:179} INFO - Processing /home/airflow/.local/lib/python3.8/site-packages/airflow/example_dags/example_short_circuit_operator.py took 0.126 seconds
[2023-11-14T21:48:14.031+0000] {processor.py:157} INFO - Started process (PID=1598) to work on /home/airflow/.local/lib/python3.8/site-packages/airflow/example_dags/example_short_circuit_operator.py
[2023-11-14T21:48:14.032+0000] {processor.py:829} INFO - Processing file /home/airflow/.local/lib/python3.8/site-packages/airflow/example_dags/example_short_circuit_operator.py for tasks to queue
[2023-11-14T21:48:14.037+0000] {logging_mixin.py:154} INFO - [2023-11-14T21:48:14.037+0000] {dagbag.py:536} INFO - Filling up the DagBag from /home/airflow/.local/lib/python3.8/site-packages/airflow/example_dags/example_short_circuit_operator.py
[2023-11-14T21:48:14.048+0000] {processor.py:839} INFO - DAG(s) dict_keys(['example_short_circuit_operator']) retrieved from /home/airflow/.local/lib/python3.8/site-packages/airflow/example_dags/example_short_circuit_operator.py
[2023-11-14T21:48:14.093+0000] {logging_mixin.py:154} INFO - [2023-11-14T21:48:14.092+0000] {dag.py:2941} INFO - Sync 1 DAGs
[2023-11-14T21:48:14.334+0000] {logging_mixin.py:154} INFO - [2023-11-14T21:48:14.334+0000] {dag.py:3722} INFO - Setting next_dagrun for example_short_circuit_operator to 2023-11-13T21:48:14.333939+00:00, run_after=2023-11-14T21:48:14.333939+00:00
[2023-11-14T21:48:14.359+0000] {processor.py:179} INFO - Processing /home/airflow/.local/lib/python3.8/site-packages/airflow/example_dags/example_short_circuit_operator.py took 0.333 seconds
[2023-11-14T21:48:44.389+0000] {processor.py:157} INFO - Started process (PID=1652) to work on /home/airflow/.local/lib/python3.8/site-packages/airflow/example_dags/example_short_circuit_operator.py
[2023-11-14T21:48:44.390+0000] {processor.py:829} INFO - Processing file /home/airflow/.local/lib/python3.8/site-packages/airflow/example_dags/example_short_circuit_operator.py for tasks to queue
[2023-11-14T21:48:44.395+0000] {logging_mixin.py:154} INFO - [2023-11-14T21:48:44.394+0000] {dagbag.py:536} INFO - Filling up the DagBag from /home/airflow/.local/lib/python3.8/site-packages/airflow/example_dags/example_short_circuit_operator.py
[2023-11-14T21:48:44.407+0000] {processor.py:839} INFO - DAG(s) dict_keys(['example_short_circuit_operator']) retrieved from /home/airflow/.local/lib/python3.8/site-packages/airflow/example_dags/example_short_circuit_operator.py
[2023-11-14T21:48:44.439+0000] {logging_mixin.py:154} INFO - [2023-11-14T21:48:44.439+0000] {dag.py:2941} INFO - Sync 1 DAGs
[2023-11-14T21:48:44.468+0000] {logging_mixin.py:154} INFO - [2023-11-14T21:48:44.467+0000] {dag.py:3722} INFO - Setting next_dagrun for example_short_circuit_operator to 2023-11-13T21:48:44.467291+00:00, run_after=2023-11-14T21:48:44.467291+00:00
[2023-11-14T21:48:44.495+0000] {processor.py:179} INFO - Processing /home/airflow/.local/lib/python3.8/site-packages/airflow/example_dags/example_short_circuit_operator.py took 0.112 seconds
[2023-11-14T21:49:15.357+0000] {processor.py:157} INFO - Started process (PID=1706) to work on /home/airflow/.local/lib/python3.8/site-packages/airflow/example_dags/example_short_circuit_operator.py
[2023-11-14T21:49:15.358+0000] {processor.py:829} INFO - Processing file /home/airflow/.local/lib/python3.8/site-packages/airflow/example_dags/example_short_circuit_operator.py for tasks to queue
[2023-11-14T21:49:15.360+0000] {logging_mixin.py:154} INFO - [2023-11-14T21:49:15.360+0000] {dagbag.py:536} INFO - Filling up the DagBag from /home/airflow/.local/lib/python3.8/site-packages/airflow/example_dags/example_short_circuit_operator.py
[2023-11-14T21:49:15.369+0000] {processor.py:839} INFO - DAG(s) dict_keys(['example_short_circuit_operator']) retrieved from /home/airflow/.local/lib/python3.8/site-packages/airflow/example_dags/example_short_circuit_operator.py
[2023-11-14T21:49:15.560+0000] {logging_mixin.py:154} INFO - [2023-11-14T21:49:15.560+0000] {dag.py:2941} INFO - Sync 1 DAGs
[2023-11-14T21:49:15.609+0000] {logging_mixin.py:154} INFO - [2023-11-14T21:49:15.609+0000] {dag.py:3722} INFO - Setting next_dagrun for example_short_circuit_operator to 2023-11-13T21:49:15.608814+00:00, run_after=2023-11-14T21:49:15.608814+00:00
[2023-11-14T21:49:15.659+0000] {processor.py:179} INFO - Processing /home/airflow/.local/lib/python3.8/site-packages/airflow/example_dags/example_short_circuit_operator.py took 0.307 seconds
[2023-11-14T21:49:46.199+0000] {processor.py:157} INFO - Started process (PID=1760) to work on /home/airflow/.local/lib/python3.8/site-packages/airflow/example_dags/example_short_circuit_operator.py
[2023-11-14T21:49:46.200+0000] {processor.py:829} INFO - Processing file /home/airflow/.local/lib/python3.8/site-packages/airflow/example_dags/example_short_circuit_operator.py for tasks to queue
[2023-11-14T21:49:46.203+0000] {logging_mixin.py:154} INFO - [2023-11-14T21:49:46.203+0000] {dagbag.py:536} INFO - Filling up the DagBag from /home/airflow/.local/lib/python3.8/site-packages/airflow/example_dags/example_short_circuit_operator.py
[2023-11-14T21:49:46.213+0000] {processor.py:839} INFO - DAG(s) dict_keys(['example_short_circuit_operator']) retrieved from /home/airflow/.local/lib/python3.8/site-packages/airflow/example_dags/example_short_circuit_operator.py
[2023-11-14T21:49:46.246+0000] {logging_mixin.py:154} INFO - [2023-11-14T21:49:46.245+0000] {dag.py:2941} INFO - Sync 1 DAGs
[2023-11-14T21:49:46.276+0000] {logging_mixin.py:154} INFO - [2023-11-14T21:49:46.276+0000] {dag.py:3722} INFO - Setting next_dagrun for example_short_circuit_operator to 2023-11-13T21:49:46.275798+00:00, run_after=2023-11-14T21:49:46.275798+00:00
[2023-11-14T21:49:46.308+0000] {processor.py:179} INFO - Processing /home/airflow/.local/lib/python3.8/site-packages/airflow/example_dags/example_short_circuit_operator.py took 0.113 seconds
[2023-11-14T21:50:16.845+0000] {processor.py:157} INFO - Started process (PID=1814) to work on /home/airflow/.local/lib/python3.8/site-packages/airflow/example_dags/example_short_circuit_operator.py
[2023-11-14T21:50:16.847+0000] {processor.py:829} INFO - Processing file /home/airflow/.local/lib/python3.8/site-packages/airflow/example_dags/example_short_circuit_operator.py for tasks to queue
[2023-11-14T21:50:16.850+0000] {logging_mixin.py:154} INFO - [2023-11-14T21:50:16.849+0000] {dagbag.py:536} INFO - Filling up the DagBag from /home/airflow/.local/lib/python3.8/site-packages/airflow/example_dags/example_short_circuit_operator.py
[2023-11-14T21:50:16.859+0000] {processor.py:839} INFO - DAG(s) dict_keys(['example_short_circuit_operator']) retrieved from /home/airflow/.local/lib/python3.8/site-packages/airflow/example_dags/example_short_circuit_operator.py
[2023-11-14T21:50:16.888+0000] {logging_mixin.py:154} INFO - [2023-11-14T21:50:16.888+0000] {dag.py:2941} INFO - Sync 1 DAGs
[2023-11-14T21:50:16.914+0000] {logging_mixin.py:154} INFO - [2023-11-14T21:50:16.914+0000] {dag.py:3722} INFO - Setting next_dagrun for example_short_circuit_operator to 2023-11-13T21:50:16.914280+00:00, run_after=2023-11-14T21:50:16.914280+00:00
[2023-11-14T21:50:16.939+0000] {processor.py:179} INFO - Processing /home/airflow/.local/lib/python3.8/site-packages/airflow/example_dags/example_short_circuit_operator.py took 0.098 seconds
[2023-11-14T21:50:47.282+0000] {processor.py:157} INFO - Started process (PID=1868) to work on /home/airflow/.local/lib/python3.8/site-packages/airflow/example_dags/example_short_circuit_operator.py
[2023-11-14T21:50:47.283+0000] {processor.py:829} INFO - Processing file /home/airflow/.local/lib/python3.8/site-packages/airflow/example_dags/example_short_circuit_operator.py for tasks to queue
[2023-11-14T21:50:47.286+0000] {logging_mixin.py:154} INFO - [2023-11-14T21:50:47.285+0000] {dagbag.py:536} INFO - Filling up the DagBag from /home/airflow/.local/lib/python3.8/site-packages/airflow/example_dags/example_short_circuit_operator.py
[2023-11-14T21:50:47.296+0000] {processor.py:839} INFO - DAG(s) dict_keys(['example_short_circuit_operator']) retrieved from /home/airflow/.local/lib/python3.8/site-packages/airflow/example_dags/example_short_circuit_operator.py
[2023-11-14T21:50:47.328+0000] {logging_mixin.py:154} INFO - [2023-11-14T21:50:47.328+0000] {dag.py:2941} INFO - Sync 1 DAGs
[2023-11-14T21:50:47.358+0000] {logging_mixin.py:154} INFO - [2023-11-14T21:50:47.358+0000] {dag.py:3722} INFO - Setting next_dagrun for example_short_circuit_operator to 2023-11-13T21:50:47.358021+00:00, run_after=2023-11-14T21:50:47.358021+00:00
[2023-11-14T21:50:47.385+0000] {processor.py:179} INFO - Processing /home/airflow/.local/lib/python3.8/site-packages/airflow/example_dags/example_short_circuit_operator.py took 0.108 seconds
[2023-11-14T21:51:17.754+0000] {processor.py:157} INFO - Started process (PID=1922) to work on /home/airflow/.local/lib/python3.8/site-packages/airflow/example_dags/example_short_circuit_operator.py
[2023-11-14T21:51:17.755+0000] {processor.py:829} INFO - Processing file /home/airflow/.local/lib/python3.8/site-packages/airflow/example_dags/example_short_circuit_operator.py for tasks to queue
[2023-11-14T21:51:17.758+0000] {logging_mixin.py:154} INFO - [2023-11-14T21:51:17.758+0000] {dagbag.py:536} INFO - Filling up the DagBag from /home/airflow/.local/lib/python3.8/site-packages/airflow/example_dags/example_short_circuit_operator.py
[2023-11-14T21:51:17.768+0000] {processor.py:839} INFO - DAG(s) dict_keys(['example_short_circuit_operator']) retrieved from /home/airflow/.local/lib/python3.8/site-packages/airflow/example_dags/example_short_circuit_operator.py
[2023-11-14T21:51:17.797+0000] {logging_mixin.py:154} INFO - [2023-11-14T21:51:17.796+0000] {dag.py:2941} INFO - Sync 1 DAGs
[2023-11-14T21:51:17.831+0000] {logging_mixin.py:154} INFO - [2023-11-14T21:51:17.831+0000] {dag.py:3722} INFO - Setting next_dagrun for example_short_circuit_operator to 2023-11-13T21:51:17.830538+00:00, run_after=2023-11-14T21:51:17.830538+00:00
[2023-11-14T21:51:17.863+0000] {processor.py:179} INFO - Processing /home/airflow/.local/lib/python3.8/site-packages/airflow/example_dags/example_short_circuit_operator.py took 0.113 seconds
[2023-11-14T21:51:48.212+0000] {processor.py:157} INFO - Started process (PID=1976) to work on /home/airflow/.local/lib/python3.8/site-packages/airflow/example_dags/example_short_circuit_operator.py
[2023-11-14T21:51:48.214+0000] {processor.py:829} INFO - Processing file /home/airflow/.local/lib/python3.8/site-packages/airflow/example_dags/example_short_circuit_operator.py for tasks to queue
[2023-11-14T21:51:48.217+0000] {logging_mixin.py:154} INFO - [2023-11-14T21:51:48.216+0000] {dagbag.py:536} INFO - Filling up the DagBag from /home/airflow/.local/lib/python3.8/site-packages/airflow/example_dags/example_short_circuit_operator.py
[2023-11-14T21:51:48.226+0000] {processor.py:839} INFO - DAG(s) dict_keys(['example_short_circuit_operator']) retrieved from /home/airflow/.local/lib/python3.8/site-packages/airflow/example_dags/example_short_circuit_operator.py
[2023-11-14T21:51:48.253+0000] {logging_mixin.py:154} INFO - [2023-11-14T21:51:48.253+0000] {dag.py:2941} INFO - Sync 1 DAGs
[2023-11-14T21:51:48.280+0000] {logging_mixin.py:154} INFO - [2023-11-14T21:51:48.280+0000] {dag.py:3722} INFO - Setting next_dagrun for example_short_circuit_operator to 2023-11-13T21:51:48.279804+00:00, run_after=2023-11-14T21:51:48.279804+00:00
[2023-11-14T21:51:48.306+0000] {processor.py:179} INFO - Processing /home/airflow/.local/lib/python3.8/site-packages/airflow/example_dags/example_short_circuit_operator.py took 0.098 seconds
[2023-11-14T21:52:19.013+0000] {processor.py:157} INFO - Started process (PID=2031) to work on /home/airflow/.local/lib/python3.8/site-packages/airflow/example_dags/example_short_circuit_operator.py
[2023-11-14T21:52:19.015+0000] {processor.py:829} INFO - Processing file /home/airflow/.local/lib/python3.8/site-packages/airflow/example_dags/example_short_circuit_operator.py for tasks to queue
[2023-11-14T21:52:19.017+0000] {logging_mixin.py:154} INFO - [2023-11-14T21:52:19.017+0000] {dagbag.py:536} INFO - Filling up the DagBag from /home/airflow/.local/lib/python3.8/site-packages/airflow/example_dags/example_short_circuit_operator.py
[2023-11-14T21:52:19.027+0000] {processor.py:839} INFO - DAG(s) dict_keys(['example_short_circuit_operator']) retrieved from /home/airflow/.local/lib/python3.8/site-packages/airflow/example_dags/example_short_circuit_operator.py
[2023-11-14T21:52:19.055+0000] {logging_mixin.py:154} INFO - [2023-11-14T21:52:19.055+0000] {dag.py:2941} INFO - Sync 1 DAGs
[2023-11-14T21:52:19.082+0000] {logging_mixin.py:154} INFO - [2023-11-14T21:52:19.082+0000] {dag.py:3722} INFO - Setting next_dagrun for example_short_circuit_operator to 2023-11-13T21:52:19.082171+00:00, run_after=2023-11-14T21:52:19.082171+00:00
[2023-11-14T21:52:19.107+0000] {processor.py:179} INFO - Processing /home/airflow/.local/lib/python3.8/site-packages/airflow/example_dags/example_short_circuit_operator.py took 0.098 seconds
[2023-11-14T21:52:49.287+0000] {processor.py:157} INFO - Started process (PID=2085) to work on /home/airflow/.local/lib/python3.8/site-packages/airflow/example_dags/example_short_circuit_operator.py
[2023-11-14T21:52:49.289+0000] {processor.py:829} INFO - Processing file /home/airflow/.local/lib/python3.8/site-packages/airflow/example_dags/example_short_circuit_operator.py for tasks to queue
[2023-11-14T21:52:49.292+0000] {logging_mixin.py:154} INFO - [2023-11-14T21:52:49.291+0000] {dagbag.py:536} INFO - Filling up the DagBag from /home/airflow/.local/lib/python3.8/site-packages/airflow/example_dags/example_short_circuit_operator.py
[2023-11-14T21:52:49.302+0000] {processor.py:839} INFO - DAG(s) dict_keys(['example_short_circuit_operator']) retrieved from /home/airflow/.local/lib/python3.8/site-packages/airflow/example_dags/example_short_circuit_operator.py
[2023-11-14T21:52:49.334+0000] {logging_mixin.py:154} INFO - [2023-11-14T21:52:49.334+0000] {dag.py:2941} INFO - Sync 1 DAGs
[2023-11-14T21:52:49.364+0000] {logging_mixin.py:154} INFO - [2023-11-14T21:52:49.364+0000] {dag.py:3722} INFO - Setting next_dagrun for example_short_circuit_operator to 2023-11-13T21:52:49.363960+00:00, run_after=2023-11-14T21:52:49.363960+00:00
[2023-11-14T21:52:49.389+0000] {processor.py:179} INFO - Processing /home/airflow/.local/lib/python3.8/site-packages/airflow/example_dags/example_short_circuit_operator.py took 0.108 seconds
[2023-11-14T21:53:20.121+0000] {processor.py:157} INFO - Started process (PID=2139) to work on /home/airflow/.local/lib/python3.8/site-packages/airflow/example_dags/example_short_circuit_operator.py
[2023-11-14T21:53:20.123+0000] {processor.py:829} INFO - Processing file /home/airflow/.local/lib/python3.8/site-packages/airflow/example_dags/example_short_circuit_operator.py for tasks to queue
[2023-11-14T21:53:20.126+0000] {logging_mixin.py:154} INFO - [2023-11-14T21:53:20.126+0000] {dagbag.py:536} INFO - Filling up the DagBag from /home/airflow/.local/lib/python3.8/site-packages/airflow/example_dags/example_short_circuit_operator.py
[2023-11-14T21:53:20.136+0000] {processor.py:839} INFO - DAG(s) dict_keys(['example_short_circuit_operator']) retrieved from /home/airflow/.local/lib/python3.8/site-packages/airflow/example_dags/example_short_circuit_operator.py
[2023-11-14T21:53:20.165+0000] {logging_mixin.py:154} INFO - [2023-11-14T21:53:20.164+0000] {dag.py:2941} INFO - Sync 1 DAGs
[2023-11-14T21:53:20.193+0000] {logging_mixin.py:154} INFO - [2023-11-14T21:53:20.193+0000] {dag.py:3722} INFO - Setting next_dagrun for example_short_circuit_operator to 2023-11-13T21:53:20.193232+00:00, run_after=2023-11-14T21:53:20.193232+00:00
[2023-11-14T21:53:20.218+0000] {processor.py:179} INFO - Processing /home/airflow/.local/lib/python3.8/site-packages/airflow/example_dags/example_short_circuit_operator.py took 0.103 seconds
[2023-11-14T21:53:50.994+0000] {processor.py:157} INFO - Started process (PID=2193) to work on /home/airflow/.local/lib/python3.8/site-packages/airflow/example_dags/example_short_circuit_operator.py
[2023-11-14T21:53:50.996+0000] {processor.py:829} INFO - Processing file /home/airflow/.local/lib/python3.8/site-packages/airflow/example_dags/example_short_circuit_operator.py for tasks to queue
[2023-11-14T21:53:50.999+0000] {logging_mixin.py:154} INFO - [2023-11-14T21:53:50.999+0000] {dagbag.py:536} INFO - Filling up the DagBag from /home/airflow/.local/lib/python3.8/site-packages/airflow/example_dags/example_short_circuit_operator.py
[2023-11-14T21:53:51.009+0000] {processor.py:839} INFO - DAG(s) dict_keys(['example_short_circuit_operator']) retrieved from /home/airflow/.local/lib/python3.8/site-packages/airflow/example_dags/example_short_circuit_operator.py
[2023-11-14T21:53:51.049+0000] {logging_mixin.py:154} INFO - [2023-11-14T21:53:51.049+0000] {dag.py:2941} INFO - Sync 1 DAGs
[2023-11-14T21:53:51.078+0000] {logging_mixin.py:154} INFO - [2023-11-14T21:53:51.078+0000] {dag.py:3722} INFO - Setting next_dagrun for example_short_circuit_operator to 2023-11-13T21:53:51.078499+00:00, run_after=2023-11-14T21:53:51.078499+00:00
[2023-11-14T21:53:51.110+0000] {processor.py:179} INFO - Processing /home/airflow/.local/lib/python3.8/site-packages/airflow/example_dags/example_short_circuit_operator.py took 0.120 seconds
[2023-11-14T21:54:21.720+0000] {processor.py:157} INFO - Started process (PID=2247) to work on /home/airflow/.local/lib/python3.8/site-packages/airflow/example_dags/example_short_circuit_operator.py
[2023-11-14T21:54:21.721+0000] {processor.py:829} INFO - Processing file /home/airflow/.local/lib/python3.8/site-packages/airflow/example_dags/example_short_circuit_operator.py for tasks to queue
[2023-11-14T21:54:21.726+0000] {logging_mixin.py:154} INFO - [2023-11-14T21:54:21.725+0000] {dagbag.py:536} INFO - Filling up the DagBag from /home/airflow/.local/lib/python3.8/site-packages/airflow/example_dags/example_short_circuit_operator.py
[2023-11-14T21:54:21.738+0000] {processor.py:839} INFO - DAG(s) dict_keys(['example_short_circuit_operator']) retrieved from /home/airflow/.local/lib/python3.8/site-packages/airflow/example_dags/example_short_circuit_operator.py
[2023-11-14T21:54:21.779+0000] {logging_mixin.py:154} INFO - [2023-11-14T21:54:21.779+0000] {dag.py:2941} INFO - Sync 1 DAGs
[2023-11-14T21:54:21.821+0000] {logging_mixin.py:154} INFO - [2023-11-14T21:54:21.821+0000] {dag.py:3722} INFO - Setting next_dagrun for example_short_circuit_operator to 2023-11-13T21:54:21.821287+00:00, run_after=2023-11-14T21:54:21.821287+00:00
[2023-11-14T21:54:21.852+0000] {processor.py:179} INFO - Processing /home/airflow/.local/lib/python3.8/site-packages/airflow/example_dags/example_short_circuit_operator.py took 0.139 seconds
[2023-11-14T21:54:52.525+0000] {processor.py:157} INFO - Started process (PID=2301) to work on /home/airflow/.local/lib/python3.8/site-packages/airflow/example_dags/example_short_circuit_operator.py
[2023-11-14T21:54:52.526+0000] {processor.py:829} INFO - Processing file /home/airflow/.local/lib/python3.8/site-packages/airflow/example_dags/example_short_circuit_operator.py for tasks to queue
[2023-11-14T21:54:52.529+0000] {logging_mixin.py:154} INFO - [2023-11-14T21:54:52.529+0000] {dagbag.py:536} INFO - Filling up the DagBag from /home/airflow/.local/lib/python3.8/site-packages/airflow/example_dags/example_short_circuit_operator.py
[2023-11-14T21:54:52.540+0000] {processor.py:839} INFO - DAG(s) dict_keys(['example_short_circuit_operator']) retrieved from /home/airflow/.local/lib/python3.8/site-packages/airflow/example_dags/example_short_circuit_operator.py
[2023-11-14T21:54:52.578+0000] {logging_mixin.py:154} INFO - [2023-11-14T21:54:52.578+0000] {dag.py:2941} INFO - Sync 1 DAGs
[2023-11-14T21:54:52.612+0000] {logging_mixin.py:154} INFO - [2023-11-14T21:54:52.612+0000] {dag.py:3722} INFO - Setting next_dagrun for example_short_circuit_operator to 2023-11-13T21:54:52.611792+00:00, run_after=2023-11-14T21:54:52.611792+00:00
[2023-11-14T21:54:52.643+0000] {processor.py:179} INFO - Processing /home/airflow/.local/lib/python3.8/site-packages/airflow/example_dags/example_short_circuit_operator.py took 0.122 seconds
[2023-11-14T21:55:22.895+0000] {processor.py:157} INFO - Started process (PID=2356) to work on /home/airflow/.local/lib/python3.8/site-packages/airflow/example_dags/example_short_circuit_operator.py
[2023-11-14T21:55:22.896+0000] {processor.py:829} INFO - Processing file /home/airflow/.local/lib/python3.8/site-packages/airflow/example_dags/example_short_circuit_operator.py for tasks to queue
[2023-11-14T21:55:22.899+0000] {logging_mixin.py:154} INFO - [2023-11-14T21:55:22.898+0000] {dagbag.py:536} INFO - Filling up the DagBag from /home/airflow/.local/lib/python3.8/site-packages/airflow/example_dags/example_short_circuit_operator.py
[2023-11-14T21:55:22.911+0000] {processor.py:839} INFO - DAG(s) dict_keys(['example_short_circuit_operator']) retrieved from /home/airflow/.local/lib/python3.8/site-packages/airflow/example_dags/example_short_circuit_operator.py
[2023-11-14T21:55:22.943+0000] {logging_mixin.py:154} INFO - [2023-11-14T21:55:22.942+0000] {dag.py:2941} INFO - Sync 1 DAGs
[2023-11-14T21:55:22.973+0000] {logging_mixin.py:154} INFO - [2023-11-14T21:55:22.973+0000] {dag.py:3722} INFO - Setting next_dagrun for example_short_circuit_operator to 2023-11-13T21:55:22.972512+00:00, run_after=2023-11-14T21:55:22.972512+00:00
[2023-11-14T21:55:23.000+0000] {processor.py:179} INFO - Processing /home/airflow/.local/lib/python3.8/site-packages/airflow/example_dags/example_short_circuit_operator.py took 0.112 seconds
[2023-11-14T21:55:53.233+0000] {processor.py:157} INFO - Started process (PID=2410) to work on /home/airflow/.local/lib/python3.8/site-packages/airflow/example_dags/example_short_circuit_operator.py
[2023-11-14T21:55:53.234+0000] {processor.py:829} INFO - Processing file /home/airflow/.local/lib/python3.8/site-packages/airflow/example_dags/example_short_circuit_operator.py for tasks to queue
[2023-11-14T21:55:53.237+0000] {logging_mixin.py:154} INFO - [2023-11-14T21:55:53.236+0000] {dagbag.py:536} INFO - Filling up the DagBag from /home/airflow/.local/lib/python3.8/site-packages/airflow/example_dags/example_short_circuit_operator.py
[2023-11-14T21:55:53.246+0000] {processor.py:839} INFO - DAG(s) dict_keys(['example_short_circuit_operator']) retrieved from /home/airflow/.local/lib/python3.8/site-packages/airflow/example_dags/example_short_circuit_operator.py
[2023-11-14T21:55:53.274+0000] {logging_mixin.py:154} INFO - [2023-11-14T21:55:53.274+0000] {dag.py:2941} INFO - Sync 1 DAGs
[2023-11-14T21:55:53.301+0000] {logging_mixin.py:154} INFO - [2023-11-14T21:55:53.301+0000] {dag.py:3722} INFO - Setting next_dagrun for example_short_circuit_operator to 2023-11-13T21:55:53.301134+00:00, run_after=2023-11-14T21:55:53.301134+00:00
[2023-11-14T21:55:53.328+0000] {processor.py:179} INFO - Processing /home/airflow/.local/lib/python3.8/site-packages/airflow/example_dags/example_short_circuit_operator.py took 0.100 seconds
[2023-11-14T21:56:23.801+0000] {processor.py:157} INFO - Started process (PID=2464) to work on /home/airflow/.local/lib/python3.8/site-packages/airflow/example_dags/example_short_circuit_operator.py
[2023-11-14T21:56:23.802+0000] {processor.py:829} INFO - Processing file /home/airflow/.local/lib/python3.8/site-packages/airflow/example_dags/example_short_circuit_operator.py for tasks to queue
[2023-11-14T21:56:23.805+0000] {logging_mixin.py:154} INFO - [2023-11-14T21:56:23.804+0000] {dagbag.py:536} INFO - Filling up the DagBag from /home/airflow/.local/lib/python3.8/site-packages/airflow/example_dags/example_short_circuit_operator.py
[2023-11-14T21:56:23.814+0000] {processor.py:839} INFO - DAG(s) dict_keys(['example_short_circuit_operator']) retrieved from /home/airflow/.local/lib/python3.8/site-packages/airflow/example_dags/example_short_circuit_operator.py
[2023-11-14T21:56:23.843+0000] {logging_mixin.py:154} INFO - [2023-11-14T21:56:23.843+0000] {dag.py:2941} INFO - Sync 1 DAGs
[2023-11-14T21:56:23.873+0000] {logging_mixin.py:154} INFO - [2023-11-14T21:56:23.873+0000] {dag.py:3722} INFO - Setting next_dagrun for example_short_circuit_operator to 2023-11-13T21:56:23.872821+00:00, run_after=2023-11-14T21:56:23.872821+00:00
[2023-11-14T21:56:23.901+0000] {processor.py:179} INFO - Processing /home/airflow/.local/lib/python3.8/site-packages/airflow/example_dags/example_short_circuit_operator.py took 0.104 seconds
[2023-11-14T21:56:54.664+0000] {processor.py:157} INFO - Started process (PID=2519) to work on /home/airflow/.local/lib/python3.8/site-packages/airflow/example_dags/example_short_circuit_operator.py
[2023-11-14T21:56:54.666+0000] {processor.py:829} INFO - Processing file /home/airflow/.local/lib/python3.8/site-packages/airflow/example_dags/example_short_circuit_operator.py for tasks to queue
[2023-11-14T21:56:54.669+0000] {logging_mixin.py:154} INFO - [2023-11-14T21:56:54.668+0000] {dagbag.py:536} INFO - Filling up the DagBag from /home/airflow/.local/lib/python3.8/site-packages/airflow/example_dags/example_short_circuit_operator.py
[2023-11-14T21:56:54.678+0000] {processor.py:839} INFO - DAG(s) dict_keys(['example_short_circuit_operator']) retrieved from /home/airflow/.local/lib/python3.8/site-packages/airflow/example_dags/example_short_circuit_operator.py
[2023-11-14T21:56:54.710+0000] {logging_mixin.py:154} INFO - [2023-11-14T21:56:54.710+0000] {dag.py:2941} INFO - Sync 1 DAGs
[2023-11-14T21:56:54.740+0000] {logging_mixin.py:154} INFO - [2023-11-14T21:56:54.739+0000] {dag.py:3722} INFO - Setting next_dagrun for example_short_circuit_operator to 2023-11-13T21:56:54.739630+00:00, run_after=2023-11-14T21:56:54.739630+00:00
[2023-11-14T21:56:54.764+0000] {processor.py:179} INFO - Processing /home/airflow/.local/lib/python3.8/site-packages/airflow/example_dags/example_short_circuit_operator.py took 0.104 seconds
[2023-11-14T21:57:25.433+0000] {processor.py:157} INFO - Started process (PID=2573) to work on /home/airflow/.local/lib/python3.8/site-packages/airflow/example_dags/example_short_circuit_operator.py
[2023-11-14T21:57:25.434+0000] {processor.py:829} INFO - Processing file /home/airflow/.local/lib/python3.8/site-packages/airflow/example_dags/example_short_circuit_operator.py for tasks to queue
[2023-11-14T21:57:25.437+0000] {logging_mixin.py:154} INFO - [2023-11-14T21:57:25.437+0000] {dagbag.py:536} INFO - Filling up the DagBag from /home/airflow/.local/lib/python3.8/site-packages/airflow/example_dags/example_short_circuit_operator.py
[2023-11-14T21:57:25.448+0000] {processor.py:839} INFO - DAG(s) dict_keys(['example_short_circuit_operator']) retrieved from /home/airflow/.local/lib/python3.8/site-packages/airflow/example_dags/example_short_circuit_operator.py
[2023-11-14T21:57:25.478+0000] {logging_mixin.py:154} INFO - [2023-11-14T21:57:25.478+0000] {dag.py:2941} INFO - Sync 1 DAGs
[2023-11-14T21:57:25.507+0000] {logging_mixin.py:154} INFO - [2023-11-14T21:57:25.506+0000] {dag.py:3722} INFO - Setting next_dagrun for example_short_circuit_operator to 2023-11-13T21:57:25.506512+00:00, run_after=2023-11-14T21:57:25.506512+00:00
[2023-11-14T21:57:25.532+0000] {processor.py:179} INFO - Processing /home/airflow/.local/lib/python3.8/site-packages/airflow/example_dags/example_short_circuit_operator.py took 0.104 seconds
[2023-11-14T21:57:55.865+0000] {processor.py:157} INFO - Started process (PID=2628) to work on /home/airflow/.local/lib/python3.8/site-packages/airflow/example_dags/example_short_circuit_operator.py
[2023-11-14T21:57:55.866+0000] {processor.py:829} INFO - Processing file /home/airflow/.local/lib/python3.8/site-packages/airflow/example_dags/example_short_circuit_operator.py for tasks to queue
[2023-11-14T21:57:55.870+0000] {logging_mixin.py:154} INFO - [2023-11-14T21:57:55.870+0000] {dagbag.py:536} INFO - Filling up the DagBag from /home/airflow/.local/lib/python3.8/site-packages/airflow/example_dags/example_short_circuit_operator.py
[2023-11-14T21:57:55.881+0000] {processor.py:839} INFO - DAG(s) dict_keys(['example_short_circuit_operator']) retrieved from /home/airflow/.local/lib/python3.8/site-packages/airflow/example_dags/example_short_circuit_operator.py
[2023-11-14T21:57:55.914+0000] {logging_mixin.py:154} INFO - [2023-11-14T21:57:55.914+0000] {dag.py:2941} INFO - Sync 1 DAGs
[2023-11-14T21:57:55.944+0000] {logging_mixin.py:154} INFO - [2023-11-14T21:57:55.944+0000] {dag.py:3722} INFO - Setting next_dagrun for example_short_circuit_operator to 2023-11-13T21:57:55.944051+00:00, run_after=2023-11-14T21:57:55.944051+00:00
[2023-11-14T21:57:55.973+0000] {processor.py:179} INFO - Processing /home/airflow/.local/lib/python3.8/site-packages/airflow/example_dags/example_short_circuit_operator.py took 0.113 seconds
[2023-11-14T21:58:26.036+0000] {processor.py:157} INFO - Started process (PID=2682) to work on /home/airflow/.local/lib/python3.8/site-packages/airflow/example_dags/example_short_circuit_operator.py
[2023-11-14T21:58:26.037+0000] {processor.py:829} INFO - Processing file /home/airflow/.local/lib/python3.8/site-packages/airflow/example_dags/example_short_circuit_operator.py for tasks to queue
[2023-11-14T21:58:26.040+0000] {logging_mixin.py:154} INFO - [2023-11-14T21:58:26.040+0000] {dagbag.py:536} INFO - Filling up the DagBag from /home/airflow/.local/lib/python3.8/site-packages/airflow/example_dags/example_short_circuit_operator.py
[2023-11-14T21:58:26.051+0000] {processor.py:839} INFO - DAG(s) dict_keys(['example_short_circuit_operator']) retrieved from /home/airflow/.local/lib/python3.8/site-packages/airflow/example_dags/example_short_circuit_operator.py
[2023-11-14T21:58:26.087+0000] {logging_mixin.py:154} INFO - [2023-11-14T21:58:26.087+0000] {dag.py:2941} INFO - Sync 1 DAGs
[2023-11-14T21:58:26.121+0000] {logging_mixin.py:154} INFO - [2023-11-14T21:58:26.121+0000] {dag.py:3722} INFO - Setting next_dagrun for example_short_circuit_operator to 2023-11-13T21:58:26.121011+00:00, run_after=2023-11-14T21:58:26.121011+00:00
[2023-11-14T21:58:26.149+0000] {processor.py:179} INFO - Processing /home/airflow/.local/lib/python3.8/site-packages/airflow/example_dags/example_short_circuit_operator.py took 0.120 seconds
[2023-11-14T21:58:56.574+0000] {processor.py:157} INFO - Started process (PID=2736) to work on /home/airflow/.local/lib/python3.8/site-packages/airflow/example_dags/example_short_circuit_operator.py
[2023-11-14T21:58:56.575+0000] {processor.py:829} INFO - Processing file /home/airflow/.local/lib/python3.8/site-packages/airflow/example_dags/example_short_circuit_operator.py for tasks to queue
[2023-11-14T21:58:56.578+0000] {logging_mixin.py:154} INFO - [2023-11-14T21:58:56.578+0000] {dagbag.py:536} INFO - Filling up the DagBag from /home/airflow/.local/lib/python3.8/site-packages/airflow/example_dags/example_short_circuit_operator.py
[2023-11-14T21:58:56.589+0000] {processor.py:839} INFO - DAG(s) dict_keys(['example_short_circuit_operator']) retrieved from /home/airflow/.local/lib/python3.8/site-packages/airflow/example_dags/example_short_circuit_operator.py
[2023-11-14T21:58:56.618+0000] {logging_mixin.py:154} INFO - [2023-11-14T21:58:56.618+0000] {dag.py:2941} INFO - Sync 1 DAGs
[2023-11-14T21:58:56.646+0000] {logging_mixin.py:154} INFO - [2023-11-14T21:58:56.645+0000] {dag.py:3722} INFO - Setting next_dagrun for example_short_circuit_operator to 2023-11-13T21:58:56.645130+00:00, run_after=2023-11-14T21:58:56.645130+00:00
[2023-11-14T21:58:56.677+0000] {processor.py:179} INFO - Processing /home/airflow/.local/lib/python3.8/site-packages/airflow/example_dags/example_short_circuit_operator.py took 0.107 seconds
[2023-11-14T21:59:27.127+0000] {processor.py:157} INFO - Started process (PID=2790) to work on /home/airflow/.local/lib/python3.8/site-packages/airflow/example_dags/example_short_circuit_operator.py
[2023-11-14T21:59:27.129+0000] {processor.py:829} INFO - Processing file /home/airflow/.local/lib/python3.8/site-packages/airflow/example_dags/example_short_circuit_operator.py for tasks to queue
[2023-11-14T21:59:27.132+0000] {logging_mixin.py:154} INFO - [2023-11-14T21:59:27.132+0000] {dagbag.py:536} INFO - Filling up the DagBag from /home/airflow/.local/lib/python3.8/site-packages/airflow/example_dags/example_short_circuit_operator.py
[2023-11-14T21:59:27.143+0000] {processor.py:839} INFO - DAG(s) dict_keys(['example_short_circuit_operator']) retrieved from /home/airflow/.local/lib/python3.8/site-packages/airflow/example_dags/example_short_circuit_operator.py
[2023-11-14T21:59:27.180+0000] {logging_mixin.py:154} INFO - [2023-11-14T21:59:27.180+0000] {dag.py:2941} INFO - Sync 1 DAGs
[2023-11-14T21:59:27.225+0000] {logging_mixin.py:154} INFO - [2023-11-14T21:59:27.225+0000] {dag.py:3722} INFO - Setting next_dagrun for example_short_circuit_operator to 2023-11-13T21:59:27.224882+00:00, run_after=2023-11-14T21:59:27.224882+00:00
[2023-11-14T21:59:27.266+0000] {processor.py:179} INFO - Processing /home/airflow/.local/lib/python3.8/site-packages/airflow/example_dags/example_short_circuit_operator.py took 0.144 seconds
