[2023-11-14T21:33:56.943+0000] {processor.py:157} INFO - Started process (PID=59) to work on /home/airflow/.local/lib/python3.8/site-packages/airflow/example_dags/example_dag_decorator.py
[2023-11-14T21:33:56.944+0000] {processor.py:829} INFO - Processing file /home/airflow/.local/lib/python3.8/site-packages/airflow/example_dags/example_dag_decorator.py for tasks to queue
[2023-11-14T21:33:56.946+0000] {logging_mixin.py:154} INFO - [2023-11-14T21:33:56.946+0000] {dagbag.py:536} INFO - Filling up the DagBag from /home/airflow/.local/lib/python3.8/site-packages/airflow/example_dags/example_dag_decorator.py
[2023-11-14T21:33:57.126+0000] {processor.py:839} INFO - DAG(s) dict_keys(['example_dag_decorator']) retrieved from /home/airflow/.local/lib/python3.8/site-packages/airflow/example_dags/example_dag_decorator.py
[2023-11-14T21:33:57.286+0000] {logging_mixin.py:154} INFO - [2023-11-14T21:33:57.286+0000] {manager.py:499} INFO - Created Permission View: %s
[2023-11-14T21:33:57.301+0000] {logging_mixin.py:154} INFO - [2023-11-14T21:33:57.301+0000] {manager.py:499} INFO - Created Permission View: %s
[2023-11-14T21:33:57.310+0000] {logging_mixin.py:154} INFO - [2023-11-14T21:33:57.310+0000] {manager.py:499} INFO - Created Permission View: %s
[2023-11-14T21:33:57.310+0000] {logging_mixin.py:154} INFO - [2023-11-14T21:33:57.310+0000] {dag.py:2941} INFO - Sync 1 DAGs
[2023-11-14T21:33:57.499+0000] {logging_mixin.py:154} INFO - [2023-11-14T21:33:57.499+0000] {dag.py:2963} INFO - Creating ORM DAG for example_dag_decorator
[2023-11-14T21:33:57.500+0000] {logging_mixin.py:154} INFO - [2023-11-14T21:33:57.500+0000] {dag.py:3722} INFO - Setting next_dagrun for example_dag_decorator to None, run_after=None
[2023-11-14T21:33:57.526+0000] {processor.py:179} INFO - Processing /home/airflow/.local/lib/python3.8/site-packages/airflow/example_dags/example_dag_decorator.py took 0.589 seconds
[2023-11-14T21:34:27.746+0000] {processor.py:157} INFO - Started process (PID=113) to work on /home/airflow/.local/lib/python3.8/site-packages/airflow/example_dags/example_dag_decorator.py
[2023-11-14T21:34:27.747+0000] {processor.py:829} INFO - Processing file /home/airflow/.local/lib/python3.8/site-packages/airflow/example_dags/example_dag_decorator.py for tasks to queue
[2023-11-14T21:34:27.749+0000] {logging_mixin.py:154} INFO - [2023-11-14T21:34:27.749+0000] {dagbag.py:536} INFO - Filling up the DagBag from /home/airflow/.local/lib/python3.8/site-packages/airflow/example_dags/example_dag_decorator.py
[2023-11-14T21:34:27.840+0000] {processor.py:839} INFO - DAG(s) dict_keys(['example_dag_decorator']) retrieved from /home/airflow/.local/lib/python3.8/site-packages/airflow/example_dags/example_dag_decorator.py
[2023-11-14T21:34:28.002+0000] {logging_mixin.py:154} INFO - [2023-11-14T21:34:28.002+0000] {dag.py:2941} INFO - Sync 1 DAGs
[2023-11-14T21:34:28.018+0000] {logging_mixin.py:154} INFO - [2023-11-14T21:34:28.018+0000] {dag.py:3722} INFO - Setting next_dagrun for example_dag_decorator to None, run_after=None
[2023-11-14T21:34:28.046+0000] {processor.py:179} INFO - Processing /home/airflow/.local/lib/python3.8/site-packages/airflow/example_dags/example_dag_decorator.py took 0.304 seconds
[2023-11-14T21:34:58.237+0000] {processor.py:157} INFO - Started process (PID=167) to work on /home/airflow/.local/lib/python3.8/site-packages/airflow/example_dags/example_dag_decorator.py
[2023-11-14T21:34:58.239+0000] {processor.py:829} INFO - Processing file /home/airflow/.local/lib/python3.8/site-packages/airflow/example_dags/example_dag_decorator.py for tasks to queue
[2023-11-14T21:34:58.242+0000] {logging_mixin.py:154} INFO - [2023-11-14T21:34:58.242+0000] {dagbag.py:536} INFO - Filling up the DagBag from /home/airflow/.local/lib/python3.8/site-packages/airflow/example_dags/example_dag_decorator.py
[2023-11-14T21:34:58.354+0000] {processor.py:839} INFO - DAG(s) dict_keys(['example_dag_decorator']) retrieved from /home/airflow/.local/lib/python3.8/site-packages/airflow/example_dags/example_dag_decorator.py
[2023-11-14T21:34:58.616+0000] {logging_mixin.py:154} INFO - [2023-11-14T21:34:58.615+0000] {dag.py:2941} INFO - Sync 1 DAGs
[2023-11-14T21:34:58.627+0000] {logging_mixin.py:154} INFO - [2023-11-14T21:34:58.627+0000] {dag.py:3722} INFO - Setting next_dagrun for example_dag_decorator to None, run_after=None
[2023-11-14T21:34:58.651+0000] {processor.py:179} INFO - Processing /home/airflow/.local/lib/python3.8/site-packages/airflow/example_dags/example_dag_decorator.py took 0.421 seconds
[2023-11-14T21:35:28.747+0000] {processor.py:157} INFO - Started process (PID=223) to work on /home/airflow/.local/lib/python3.8/site-packages/airflow/example_dags/example_dag_decorator.py
[2023-11-14T21:35:28.748+0000] {processor.py:829} INFO - Processing file /home/airflow/.local/lib/python3.8/site-packages/airflow/example_dags/example_dag_decorator.py for tasks to queue
[2023-11-14T21:35:28.752+0000] {logging_mixin.py:154} INFO - [2023-11-14T21:35:28.752+0000] {dagbag.py:536} INFO - Filling up the DagBag from /home/airflow/.local/lib/python3.8/site-packages/airflow/example_dags/example_dag_decorator.py
[2023-11-14T21:35:28.844+0000] {processor.py:839} INFO - DAG(s) dict_keys(['example_dag_decorator']) retrieved from /home/airflow/.local/lib/python3.8/site-packages/airflow/example_dags/example_dag_decorator.py
[2023-11-14T21:35:29.200+0000] {logging_mixin.py:154} INFO - [2023-11-14T21:35:29.200+0000] {dag.py:2941} INFO - Sync 1 DAGs
[2023-11-14T21:35:29.224+0000] {logging_mixin.py:154} INFO - [2023-11-14T21:35:29.224+0000] {dag.py:3722} INFO - Setting next_dagrun for example_dag_decorator to None, run_after=None
[2023-11-14T21:35:29.259+0000] {processor.py:179} INFO - Processing /home/airflow/.local/lib/python3.8/site-packages/airflow/example_dags/example_dag_decorator.py took 0.519 seconds
[2023-11-14T21:35:59.304+0000] {processor.py:157} INFO - Started process (PID=279) to work on /home/airflow/.local/lib/python3.8/site-packages/airflow/example_dags/example_dag_decorator.py
[2023-11-14T21:35:59.305+0000] {processor.py:829} INFO - Processing file /home/airflow/.local/lib/python3.8/site-packages/airflow/example_dags/example_dag_decorator.py for tasks to queue
[2023-11-14T21:35:59.308+0000] {logging_mixin.py:154} INFO - [2023-11-14T21:35:59.308+0000] {dagbag.py:536} INFO - Filling up the DagBag from /home/airflow/.local/lib/python3.8/site-packages/airflow/example_dags/example_dag_decorator.py
[2023-11-14T21:35:59.422+0000] {processor.py:839} INFO - DAG(s) dict_keys(['example_dag_decorator']) retrieved from /home/airflow/.local/lib/python3.8/site-packages/airflow/example_dags/example_dag_decorator.py
[2023-11-14T21:35:59.611+0000] {logging_mixin.py:154} INFO - [2023-11-14T21:35:59.610+0000] {dag.py:2941} INFO - Sync 1 DAGs
[2023-11-14T21:35:59.632+0000] {logging_mixin.py:154} INFO - [2023-11-14T21:35:59.631+0000] {dag.py:3722} INFO - Setting next_dagrun for example_dag_decorator to None, run_after=None
[2023-11-14T21:35:59.850+0000] {processor.py:179} INFO - Processing /home/airflow/.local/lib/python3.8/site-packages/airflow/example_dags/example_dag_decorator.py took 0.550 seconds
[2023-11-14T21:36:30.461+0000] {processor.py:157} INFO - Started process (PID=334) to work on /home/airflow/.local/lib/python3.8/site-packages/airflow/example_dags/example_dag_decorator.py
[2023-11-14T21:36:30.474+0000] {processor.py:829} INFO - Processing file /home/airflow/.local/lib/python3.8/site-packages/airflow/example_dags/example_dag_decorator.py for tasks to queue
[2023-11-14T21:36:30.480+0000] {logging_mixin.py:154} INFO - [2023-11-14T21:36:30.479+0000] {dagbag.py:536} INFO - Filling up the DagBag from /home/airflow/.local/lib/python3.8/site-packages/airflow/example_dags/example_dag_decorator.py
[2023-11-14T21:36:30.573+0000] {processor.py:839} INFO - DAG(s) dict_keys(['example_dag_decorator']) retrieved from /home/airflow/.local/lib/python3.8/site-packages/airflow/example_dags/example_dag_decorator.py
[2023-11-14T21:36:30.837+0000] {logging_mixin.py:154} INFO - [2023-11-14T21:36:30.837+0000] {dag.py:2941} INFO - Sync 1 DAGs
[2023-11-14T21:36:30.848+0000] {logging_mixin.py:154} INFO - [2023-11-14T21:36:30.848+0000] {dag.py:3722} INFO - Setting next_dagrun for example_dag_decorator to None, run_after=None
[2023-11-14T21:36:30.872+0000] {processor.py:179} INFO - Processing /home/airflow/.local/lib/python3.8/site-packages/airflow/example_dags/example_dag_decorator.py took 0.421 seconds
[2023-11-14T21:37:00.980+0000] {processor.py:157} INFO - Started process (PID=388) to work on /home/airflow/.local/lib/python3.8/site-packages/airflow/example_dags/example_dag_decorator.py
[2023-11-14T21:37:00.984+0000] {processor.py:829} INFO - Processing file /home/airflow/.local/lib/python3.8/site-packages/airflow/example_dags/example_dag_decorator.py for tasks to queue
[2023-11-14T21:37:00.988+0000] {logging_mixin.py:154} INFO - [2023-11-14T21:37:00.987+0000] {dagbag.py:536} INFO - Filling up the DagBag from /home/airflow/.local/lib/python3.8/site-packages/airflow/example_dags/example_dag_decorator.py
[2023-11-14T21:37:01.162+0000] {processor.py:839} INFO - DAG(s) dict_keys(['example_dag_decorator']) retrieved from /home/airflow/.local/lib/python3.8/site-packages/airflow/example_dags/example_dag_decorator.py
[2023-11-14T21:37:01.469+0000] {logging_mixin.py:154} INFO - [2023-11-14T21:37:01.468+0000] {dag.py:2941} INFO - Sync 1 DAGs
[2023-11-14T21:37:01.483+0000] {logging_mixin.py:154} INFO - [2023-11-14T21:37:01.483+0000] {dag.py:3722} INFO - Setting next_dagrun for example_dag_decorator to None, run_after=None
[2023-11-14T21:37:01.507+0000] {processor.py:179} INFO - Processing /home/airflow/.local/lib/python3.8/site-packages/airflow/example_dags/example_dag_decorator.py took 0.541 seconds
[2023-11-14T21:37:31.771+0000] {processor.py:157} INFO - Started process (PID=442) to work on /home/airflow/.local/lib/python3.8/site-packages/airflow/example_dags/example_dag_decorator.py
[2023-11-14T21:37:31.783+0000] {processor.py:829} INFO - Processing file /home/airflow/.local/lib/python3.8/site-packages/airflow/example_dags/example_dag_decorator.py for tasks to queue
[2023-11-14T21:37:31.789+0000] {logging_mixin.py:154} INFO - [2023-11-14T21:37:31.788+0000] {dagbag.py:536} INFO - Filling up the DagBag from /home/airflow/.local/lib/python3.8/site-packages/airflow/example_dags/example_dag_decorator.py
[2023-11-14T21:37:31.883+0000] {processor.py:839} INFO - DAG(s) dict_keys(['example_dag_decorator']) retrieved from /home/airflow/.local/lib/python3.8/site-packages/airflow/example_dags/example_dag_decorator.py
[2023-11-14T21:37:32.146+0000] {logging_mixin.py:154} INFO - [2023-11-14T21:37:32.146+0000] {dag.py:2941} INFO - Sync 1 DAGs
[2023-11-14T21:37:32.159+0000] {logging_mixin.py:154} INFO - [2023-11-14T21:37:32.159+0000] {dag.py:3722} INFO - Setting next_dagrun for example_dag_decorator to None, run_after=None
[2023-11-14T21:37:32.184+0000] {processor.py:179} INFO - Processing /home/airflow/.local/lib/python3.8/site-packages/airflow/example_dags/example_dag_decorator.py took 0.422 seconds
[2023-11-14T21:38:02.207+0000] {processor.py:157} INFO - Started process (PID=498) to work on /home/airflow/.local/lib/python3.8/site-packages/airflow/example_dags/example_dag_decorator.py
[2023-11-14T21:38:02.208+0000] {processor.py:829} INFO - Processing file /home/airflow/.local/lib/python3.8/site-packages/airflow/example_dags/example_dag_decorator.py for tasks to queue
[2023-11-14T21:38:02.210+0000] {logging_mixin.py:154} INFO - [2023-11-14T21:38:02.210+0000] {dagbag.py:536} INFO - Filling up the DagBag from /home/airflow/.local/lib/python3.8/site-packages/airflow/example_dags/example_dag_decorator.py
[2023-11-14T21:38:02.303+0000] {processor.py:839} INFO - DAG(s) dict_keys(['example_dag_decorator']) retrieved from /home/airflow/.local/lib/python3.8/site-packages/airflow/example_dags/example_dag_decorator.py
[2023-11-14T21:38:02.582+0000] {logging_mixin.py:154} INFO - [2023-11-14T21:38:02.581+0000] {dag.py:2941} INFO - Sync 1 DAGs
[2023-11-14T21:38:02.594+0000] {logging_mixin.py:154} INFO - [2023-11-14T21:38:02.594+0000] {dag.py:3722} INFO - Setting next_dagrun for example_dag_decorator to None, run_after=None
[2023-11-14T21:38:02.638+0000] {processor.py:179} INFO - Processing /home/airflow/.local/lib/python3.8/site-packages/airflow/example_dags/example_dag_decorator.py took 0.436 seconds
[2023-11-14T21:38:32.708+0000] {processor.py:157} INFO - Started process (PID=565) to work on /home/airflow/.local/lib/python3.8/site-packages/airflow/example_dags/example_dag_decorator.py
[2023-11-14T21:38:32.709+0000] {processor.py:829} INFO - Processing file /home/airflow/.local/lib/python3.8/site-packages/airflow/example_dags/example_dag_decorator.py for tasks to queue
[2023-11-14T21:38:32.711+0000] {logging_mixin.py:154} INFO - [2023-11-14T21:38:32.711+0000] {dagbag.py:536} INFO - Filling up the DagBag from /home/airflow/.local/lib/python3.8/site-packages/airflow/example_dags/example_dag_decorator.py
[2023-11-14T21:38:32.797+0000] {processor.py:839} INFO - DAG(s) dict_keys(['example_dag_decorator']) retrieved from /home/airflow/.local/lib/python3.8/site-packages/airflow/example_dags/example_dag_decorator.py
[2023-11-14T21:38:33.081+0000] {logging_mixin.py:154} INFO - [2023-11-14T21:38:33.080+0000] {dag.py:2941} INFO - Sync 1 DAGs
[2023-11-14T21:38:33.096+0000] {logging_mixin.py:154} INFO - [2023-11-14T21:38:33.096+0000] {dag.py:3722} INFO - Setting next_dagrun for example_dag_decorator to None, run_after=None
[2023-11-14T21:38:33.120+0000] {processor.py:179} INFO - Processing /home/airflow/.local/lib/python3.8/site-packages/airflow/example_dags/example_dag_decorator.py took 0.416 seconds
[2023-11-14T21:39:04.012+0000] {processor.py:157} INFO - Started process (PID=619) to work on /home/airflow/.local/lib/python3.8/site-packages/airflow/example_dags/example_dag_decorator.py
[2023-11-14T21:39:04.024+0000] {processor.py:829} INFO - Processing file /home/airflow/.local/lib/python3.8/site-packages/airflow/example_dags/example_dag_decorator.py for tasks to queue
[2023-11-14T21:39:04.028+0000] {logging_mixin.py:154} INFO - [2023-11-14T21:39:04.028+0000] {dagbag.py:536} INFO - Filling up the DagBag from /home/airflow/.local/lib/python3.8/site-packages/airflow/example_dags/example_dag_decorator.py
[2023-11-14T21:39:04.122+0000] {processor.py:839} INFO - DAG(s) dict_keys(['example_dag_decorator']) retrieved from /home/airflow/.local/lib/python3.8/site-packages/airflow/example_dags/example_dag_decorator.py
[2023-11-14T21:39:04.383+0000] {logging_mixin.py:154} INFO - [2023-11-14T21:39:04.383+0000] {dag.py:2941} INFO - Sync 1 DAGs
[2023-11-14T21:39:04.397+0000] {logging_mixin.py:154} INFO - [2023-11-14T21:39:04.397+0000] {dag.py:3722} INFO - Setting next_dagrun for example_dag_decorator to None, run_after=None
[2023-11-14T21:39:04.425+0000] {processor.py:179} INFO - Processing /home/airflow/.local/lib/python3.8/site-packages/airflow/example_dags/example_dag_decorator.py took 0.419 seconds
[2023-11-14T21:39:34.845+0000] {processor.py:157} INFO - Started process (PID=675) to work on /home/airflow/.local/lib/python3.8/site-packages/airflow/example_dags/example_dag_decorator.py
[2023-11-14T21:39:34.849+0000] {processor.py:829} INFO - Processing file /home/airflow/.local/lib/python3.8/site-packages/airflow/example_dags/example_dag_decorator.py for tasks to queue
[2023-11-14T21:39:34.856+0000] {logging_mixin.py:154} INFO - [2023-11-14T21:39:34.855+0000] {dagbag.py:536} INFO - Filling up the DagBag from /home/airflow/.local/lib/python3.8/site-packages/airflow/example_dags/example_dag_decorator.py
[2023-11-14T21:39:35.129+0000] {processor.py:839} INFO - DAG(s) dict_keys(['example_dag_decorator']) retrieved from /home/airflow/.local/lib/python3.8/site-packages/airflow/example_dags/example_dag_decorator.py
[2023-11-14T21:39:35.474+0000] {logging_mixin.py:154} INFO - [2023-11-14T21:39:35.474+0000] {dag.py:2941} INFO - Sync 1 DAGs
[2023-11-14T21:39:35.494+0000] {logging_mixin.py:154} INFO - [2023-11-14T21:39:35.494+0000] {dag.py:3722} INFO - Setting next_dagrun for example_dag_decorator to None, run_after=None
[2023-11-14T21:39:35.532+0000] {processor.py:179} INFO - Processing /home/airflow/.local/lib/python3.8/site-packages/airflow/example_dags/example_dag_decorator.py took 0.699 seconds
[2023-11-14T21:40:05.669+0000] {processor.py:157} INFO - Started process (PID=739) to work on /home/airflow/.local/lib/python3.8/site-packages/airflow/example_dags/example_dag_decorator.py
[2023-11-14T21:40:05.670+0000] {processor.py:829} INFO - Processing file /home/airflow/.local/lib/python3.8/site-packages/airflow/example_dags/example_dag_decorator.py for tasks to queue
[2023-11-14T21:40:05.673+0000] {logging_mixin.py:154} INFO - [2023-11-14T21:40:05.672+0000] {dagbag.py:536} INFO - Filling up the DagBag from /home/airflow/.local/lib/python3.8/site-packages/airflow/example_dags/example_dag_decorator.py
[2023-11-14T21:40:05.765+0000] {processor.py:839} INFO - DAG(s) dict_keys(['example_dag_decorator']) retrieved from /home/airflow/.local/lib/python3.8/site-packages/airflow/example_dags/example_dag_decorator.py
[2023-11-14T21:40:06.061+0000] {logging_mixin.py:154} INFO - [2023-11-14T21:40:06.061+0000] {dag.py:2941} INFO - Sync 1 DAGs
[2023-11-14T21:40:06.075+0000] {logging_mixin.py:154} INFO - [2023-11-14T21:40:06.074+0000] {dag.py:3722} INFO - Setting next_dagrun for example_dag_decorator to None, run_after=None
[2023-11-14T21:40:06.102+0000] {processor.py:179} INFO - Processing /home/airflow/.local/lib/python3.8/site-packages/airflow/example_dags/example_dag_decorator.py took 0.436 seconds
[2023-11-14T21:40:36.281+0000] {processor.py:157} INFO - Started process (PID=797) to work on /home/airflow/.local/lib/python3.8/site-packages/airflow/example_dags/example_dag_decorator.py
[2023-11-14T21:40:36.283+0000] {processor.py:829} INFO - Processing file /home/airflow/.local/lib/python3.8/site-packages/airflow/example_dags/example_dag_decorator.py for tasks to queue
[2023-11-14T21:40:36.285+0000] {logging_mixin.py:154} INFO - [2023-11-14T21:40:36.285+0000] {dagbag.py:536} INFO - Filling up the DagBag from /home/airflow/.local/lib/python3.8/site-packages/airflow/example_dags/example_dag_decorator.py
[2023-11-14T21:40:36.387+0000] {processor.py:839} INFO - DAG(s) dict_keys(['example_dag_decorator']) retrieved from /home/airflow/.local/lib/python3.8/site-packages/airflow/example_dags/example_dag_decorator.py
[2023-11-14T21:40:36.660+0000] {logging_mixin.py:154} INFO - [2023-11-14T21:40:36.659+0000] {dag.py:2941} INFO - Sync 1 DAGs
[2023-11-14T21:40:36.672+0000] {logging_mixin.py:154} INFO - [2023-11-14T21:40:36.672+0000] {dag.py:3722} INFO - Setting next_dagrun for example_dag_decorator to None, run_after=None
[2023-11-14T21:40:36.697+0000] {processor.py:179} INFO - Processing /home/airflow/.local/lib/python3.8/site-packages/airflow/example_dags/example_dag_decorator.py took 0.420 seconds
[2023-11-14T21:41:06.811+0000] {processor.py:157} INFO - Started process (PID=856) to work on /home/airflow/.local/lib/python3.8/site-packages/airflow/example_dags/example_dag_decorator.py
[2023-11-14T21:41:06.812+0000] {processor.py:829} INFO - Processing file /home/airflow/.local/lib/python3.8/site-packages/airflow/example_dags/example_dag_decorator.py for tasks to queue
[2023-11-14T21:41:06.815+0000] {logging_mixin.py:154} INFO - [2023-11-14T21:41:06.814+0000] {dagbag.py:536} INFO - Filling up the DagBag from /home/airflow/.local/lib/python3.8/site-packages/airflow/example_dags/example_dag_decorator.py
[2023-11-14T21:41:06.897+0000] {processor.py:839} INFO - DAG(s) dict_keys(['example_dag_decorator']) retrieved from /home/airflow/.local/lib/python3.8/site-packages/airflow/example_dags/example_dag_decorator.py
[2023-11-14T21:41:07.203+0000] {logging_mixin.py:154} INFO - [2023-11-14T21:41:07.203+0000] {dag.py:2941} INFO - Sync 1 DAGs
[2023-11-14T21:41:07.220+0000] {logging_mixin.py:154} INFO - [2023-11-14T21:41:07.219+0000] {dag.py:3722} INFO - Setting next_dagrun for example_dag_decorator to None, run_after=None
[2023-11-14T21:41:07.261+0000] {processor.py:179} INFO - Processing /home/airflow/.local/lib/python3.8/site-packages/airflow/example_dags/example_dag_decorator.py took 0.454 seconds
[2023-11-14T21:41:37.651+0000] {processor.py:157} INFO - Started process (PID=910) to work on /home/airflow/.local/lib/python3.8/site-packages/airflow/example_dags/example_dag_decorator.py
[2023-11-14T21:41:37.652+0000] {processor.py:829} INFO - Processing file /home/airflow/.local/lib/python3.8/site-packages/airflow/example_dags/example_dag_decorator.py for tasks to queue
[2023-11-14T21:41:37.655+0000] {logging_mixin.py:154} INFO - [2023-11-14T21:41:37.654+0000] {dagbag.py:536} INFO - Filling up the DagBag from /home/airflow/.local/lib/python3.8/site-packages/airflow/example_dags/example_dag_decorator.py
[2023-11-14T21:41:37.743+0000] {processor.py:839} INFO - DAG(s) dict_keys(['example_dag_decorator']) retrieved from /home/airflow/.local/lib/python3.8/site-packages/airflow/example_dags/example_dag_decorator.py
[2023-11-14T21:41:38.040+0000] {logging_mixin.py:154} INFO - [2023-11-14T21:41:38.039+0000] {dag.py:2941} INFO - Sync 1 DAGs
[2023-11-14T21:41:38.055+0000] {logging_mixin.py:154} INFO - [2023-11-14T21:41:38.055+0000] {dag.py:3722} INFO - Setting next_dagrun for example_dag_decorator to None, run_after=None
[2023-11-14T21:41:38.088+0000] {processor.py:179} INFO - Processing /home/airflow/.local/lib/python3.8/site-packages/airflow/example_dags/example_dag_decorator.py took 0.442 seconds
[2023-11-14T21:42:08.928+0000] {processor.py:157} INFO - Started process (PID=964) to work on /home/airflow/.local/lib/python3.8/site-packages/airflow/example_dags/example_dag_decorator.py
[2023-11-14T21:42:08.929+0000] {processor.py:829} INFO - Processing file /home/airflow/.local/lib/python3.8/site-packages/airflow/example_dags/example_dag_decorator.py for tasks to queue
[2023-11-14T21:42:08.931+0000] {logging_mixin.py:154} INFO - [2023-11-14T21:42:08.931+0000] {dagbag.py:536} INFO - Filling up the DagBag from /home/airflow/.local/lib/python3.8/site-packages/airflow/example_dags/example_dag_decorator.py
[2023-11-14T21:42:09.014+0000] {processor.py:839} INFO - DAG(s) dict_keys(['example_dag_decorator']) retrieved from /home/airflow/.local/lib/python3.8/site-packages/airflow/example_dags/example_dag_decorator.py
[2023-11-14T21:42:09.301+0000] {logging_mixin.py:154} INFO - [2023-11-14T21:42:09.300+0000] {dag.py:2941} INFO - Sync 1 DAGs
[2023-11-14T21:42:09.315+0000] {logging_mixin.py:154} INFO - [2023-11-14T21:42:09.315+0000] {dag.py:3722} INFO - Setting next_dagrun for example_dag_decorator to None, run_after=None
[2023-11-14T21:42:09.360+0000] {processor.py:179} INFO - Processing /home/airflow/.local/lib/python3.8/site-packages/airflow/example_dags/example_dag_decorator.py took 0.436 seconds
[2023-11-14T21:42:39.530+0000] {processor.py:157} INFO - Started process (PID=1019) to work on /home/airflow/.local/lib/python3.8/site-packages/airflow/example_dags/example_dag_decorator.py
[2023-11-14T21:42:39.542+0000] {processor.py:829} INFO - Processing file /home/airflow/.local/lib/python3.8/site-packages/airflow/example_dags/example_dag_decorator.py for tasks to queue
[2023-11-14T21:42:39.548+0000] {logging_mixin.py:154} INFO - [2023-11-14T21:42:39.547+0000] {dagbag.py:536} INFO - Filling up the DagBag from /home/airflow/.local/lib/python3.8/site-packages/airflow/example_dags/example_dag_decorator.py
[2023-11-14T21:42:39.637+0000] {processor.py:839} INFO - DAG(s) dict_keys(['example_dag_decorator']) retrieved from /home/airflow/.local/lib/python3.8/site-packages/airflow/example_dags/example_dag_decorator.py
[2023-11-14T21:42:39.924+0000] {logging_mixin.py:154} INFO - [2023-11-14T21:42:39.924+0000] {dag.py:2941} INFO - Sync 1 DAGs
[2023-11-14T21:42:39.946+0000] {logging_mixin.py:154} INFO - [2023-11-14T21:42:39.946+0000] {dag.py:3722} INFO - Setting next_dagrun for example_dag_decorator to None, run_after=None
[2023-11-14T21:42:39.989+0000] {processor.py:179} INFO - Processing /home/airflow/.local/lib/python3.8/site-packages/airflow/example_dags/example_dag_decorator.py took 0.467 seconds
[2023-11-14T21:43:11.018+0000] {processor.py:157} INFO - Started process (PID=1073) to work on /home/airflow/.local/lib/python3.8/site-packages/airflow/example_dags/example_dag_decorator.py
[2023-11-14T21:43:11.030+0000] {processor.py:829} INFO - Processing file /home/airflow/.local/lib/python3.8/site-packages/airflow/example_dags/example_dag_decorator.py for tasks to queue
[2023-11-14T21:43:11.036+0000] {logging_mixin.py:154} INFO - [2023-11-14T21:43:11.035+0000] {dagbag.py:536} INFO - Filling up the DagBag from /home/airflow/.local/lib/python3.8/site-packages/airflow/example_dags/example_dag_decorator.py
[2023-11-14T21:43:11.144+0000] {processor.py:839} INFO - DAG(s) dict_keys(['example_dag_decorator']) retrieved from /home/airflow/.local/lib/python3.8/site-packages/airflow/example_dags/example_dag_decorator.py
[2023-11-14T21:43:11.430+0000] {logging_mixin.py:154} INFO - [2023-11-14T21:43:11.430+0000] {dag.py:2941} INFO - Sync 1 DAGs
[2023-11-14T21:43:11.441+0000] {logging_mixin.py:154} INFO - [2023-11-14T21:43:11.441+0000] {dag.py:3722} INFO - Setting next_dagrun for example_dag_decorator to None, run_after=None
[2023-11-14T21:43:11.495+0000] {processor.py:179} INFO - Processing /home/airflow/.local/lib/python3.8/site-packages/airflow/example_dags/example_dag_decorator.py took 0.490 seconds
[2023-11-14T21:43:42.373+0000] {processor.py:157} INFO - Started process (PID=1127) to work on /home/airflow/.local/lib/python3.8/site-packages/airflow/example_dags/example_dag_decorator.py
[2023-11-14T21:43:42.375+0000] {processor.py:829} INFO - Processing file /home/airflow/.local/lib/python3.8/site-packages/airflow/example_dags/example_dag_decorator.py for tasks to queue
[2023-11-14T21:43:42.378+0000] {logging_mixin.py:154} INFO - [2023-11-14T21:43:42.378+0000] {dagbag.py:536} INFO - Filling up the DagBag from /home/airflow/.local/lib/python3.8/site-packages/airflow/example_dags/example_dag_decorator.py
[2023-11-14T21:43:42.459+0000] {processor.py:839} INFO - DAG(s) dict_keys(['example_dag_decorator']) retrieved from /home/airflow/.local/lib/python3.8/site-packages/airflow/example_dags/example_dag_decorator.py
[2023-11-14T21:43:42.735+0000] {logging_mixin.py:154} INFO - [2023-11-14T21:43:42.735+0000] {dag.py:2941} INFO - Sync 1 DAGs
[2023-11-14T21:43:42.751+0000] {logging_mixin.py:154} INFO - [2023-11-14T21:43:42.751+0000] {dag.py:3722} INFO - Setting next_dagrun for example_dag_decorator to None, run_after=None
[2023-11-14T21:43:42.800+0000] {processor.py:179} INFO - Processing /home/airflow/.local/lib/python3.8/site-packages/airflow/example_dags/example_dag_decorator.py took 0.437 seconds
[2023-11-14T21:44:12.874+0000] {processor.py:157} INFO - Started process (PID=1181) to work on /home/airflow/.local/lib/python3.8/site-packages/airflow/example_dags/example_dag_decorator.py
[2023-11-14T21:44:12.887+0000] {processor.py:829} INFO - Processing file /home/airflow/.local/lib/python3.8/site-packages/airflow/example_dags/example_dag_decorator.py for tasks to queue
[2023-11-14T21:44:12.891+0000] {logging_mixin.py:154} INFO - [2023-11-14T21:44:12.891+0000] {dagbag.py:536} INFO - Filling up the DagBag from /home/airflow/.local/lib/python3.8/site-packages/airflow/example_dags/example_dag_decorator.py
[2023-11-14T21:44:12.978+0000] {processor.py:839} INFO - DAG(s) dict_keys(['example_dag_decorator']) retrieved from /home/airflow/.local/lib/python3.8/site-packages/airflow/example_dags/example_dag_decorator.py
[2023-11-14T21:44:13.264+0000] {logging_mixin.py:154} INFO - [2023-11-14T21:44:13.263+0000] {dag.py:2941} INFO - Sync 1 DAGs
[2023-11-14T21:44:13.277+0000] {logging_mixin.py:154} INFO - [2023-11-14T21:44:13.277+0000] {dag.py:3722} INFO - Setting next_dagrun for example_dag_decorator to None, run_after=None
[2023-11-14T21:44:13.315+0000] {processor.py:179} INFO - Processing /home/airflow/.local/lib/python3.8/site-packages/airflow/example_dags/example_dag_decorator.py took 0.450 seconds
[2023-11-14T21:44:43.552+0000] {processor.py:157} INFO - Started process (PID=1235) to work on /home/airflow/.local/lib/python3.8/site-packages/airflow/example_dags/example_dag_decorator.py
[2023-11-14T21:44:43.565+0000] {processor.py:829} INFO - Processing file /home/airflow/.local/lib/python3.8/site-packages/airflow/example_dags/example_dag_decorator.py for tasks to queue
[2023-11-14T21:44:43.570+0000] {logging_mixin.py:154} INFO - [2023-11-14T21:44:43.569+0000] {dagbag.py:536} INFO - Filling up the DagBag from /home/airflow/.local/lib/python3.8/site-packages/airflow/example_dags/example_dag_decorator.py
[2023-11-14T21:44:43.655+0000] {processor.py:839} INFO - DAG(s) dict_keys(['example_dag_decorator']) retrieved from /home/airflow/.local/lib/python3.8/site-packages/airflow/example_dags/example_dag_decorator.py
[2023-11-14T21:44:43.923+0000] {logging_mixin.py:154} INFO - [2023-11-14T21:44:43.922+0000] {dag.py:2941} INFO - Sync 1 DAGs
[2023-11-14T21:44:43.934+0000] {logging_mixin.py:154} INFO - [2023-11-14T21:44:43.934+0000] {dag.py:3722} INFO - Setting next_dagrun for example_dag_decorator to None, run_after=None
[2023-11-14T21:44:43.955+0000] {processor.py:179} INFO - Processing /home/airflow/.local/lib/python3.8/site-packages/airflow/example_dags/example_dag_decorator.py took 0.413 seconds
[2023-11-14T21:45:14.032+0000] {processor.py:157} INFO - Started process (PID=1289) to work on /home/airflow/.local/lib/python3.8/site-packages/airflow/example_dags/example_dag_decorator.py
[2023-11-14T21:45:14.038+0000] {processor.py:829} INFO - Processing file /home/airflow/.local/lib/python3.8/site-packages/airflow/example_dags/example_dag_decorator.py for tasks to queue
[2023-11-14T21:45:14.041+0000] {logging_mixin.py:154} INFO - [2023-11-14T21:45:14.040+0000] {dagbag.py:536} INFO - Filling up the DagBag from /home/airflow/.local/lib/python3.8/site-packages/airflow/example_dags/example_dag_decorator.py
[2023-11-14T21:45:14.121+0000] {processor.py:839} INFO - DAG(s) dict_keys(['example_dag_decorator']) retrieved from /home/airflow/.local/lib/python3.8/site-packages/airflow/example_dags/example_dag_decorator.py
[2023-11-14T21:45:14.398+0000] {logging_mixin.py:154} INFO - [2023-11-14T21:45:14.397+0000] {dag.py:2941} INFO - Sync 1 DAGs
[2023-11-14T21:45:14.411+0000] {logging_mixin.py:154} INFO - [2023-11-14T21:45:14.410+0000] {dag.py:3722} INFO - Setting next_dagrun for example_dag_decorator to None, run_after=None
[2023-11-14T21:45:14.431+0000] {processor.py:179} INFO - Processing /home/airflow/.local/lib/python3.8/site-packages/airflow/example_dags/example_dag_decorator.py took 0.404 seconds
[2023-11-14T21:45:45.422+0000] {processor.py:157} INFO - Started process (PID=1343) to work on /home/airflow/.local/lib/python3.8/site-packages/airflow/example_dags/example_dag_decorator.py
[2023-11-14T21:45:45.424+0000] {processor.py:829} INFO - Processing file /home/airflow/.local/lib/python3.8/site-packages/airflow/example_dags/example_dag_decorator.py for tasks to queue
[2023-11-14T21:45:45.429+0000] {logging_mixin.py:154} INFO - [2023-11-14T21:45:45.428+0000] {dagbag.py:536} INFO - Filling up the DagBag from /home/airflow/.local/lib/python3.8/site-packages/airflow/example_dags/example_dag_decorator.py
[2023-11-14T21:45:45.511+0000] {processor.py:839} INFO - DAG(s) dict_keys(['example_dag_decorator']) retrieved from /home/airflow/.local/lib/python3.8/site-packages/airflow/example_dags/example_dag_decorator.py
[2023-11-14T21:45:45.786+0000] {logging_mixin.py:154} INFO - [2023-11-14T21:45:45.785+0000] {dag.py:2941} INFO - Sync 1 DAGs
[2023-11-14T21:45:45.799+0000] {logging_mixin.py:154} INFO - [2023-11-14T21:45:45.799+0000] {dag.py:3722} INFO - Setting next_dagrun for example_dag_decorator to None, run_after=None
[2023-11-14T21:45:45.838+0000] {processor.py:179} INFO - Processing /home/airflow/.local/lib/python3.8/site-packages/airflow/example_dags/example_dag_decorator.py took 0.426 seconds
[2023-11-14T21:46:16.210+0000] {processor.py:157} INFO - Started process (PID=1397) to work on /home/airflow/.local/lib/python3.8/site-packages/airflow/example_dags/example_dag_decorator.py
[2023-11-14T21:46:16.213+0000] {processor.py:829} INFO - Processing file /home/airflow/.local/lib/python3.8/site-packages/airflow/example_dags/example_dag_decorator.py for tasks to queue
[2023-11-14T21:46:16.219+0000] {logging_mixin.py:154} INFO - [2023-11-14T21:46:16.218+0000] {dagbag.py:536} INFO - Filling up the DagBag from /home/airflow/.local/lib/python3.8/site-packages/airflow/example_dags/example_dag_decorator.py
[2023-11-14T21:46:16.303+0000] {processor.py:839} INFO - DAG(s) dict_keys(['example_dag_decorator']) retrieved from /home/airflow/.local/lib/python3.8/site-packages/airflow/example_dags/example_dag_decorator.py
[2023-11-14T21:46:16.567+0000] {logging_mixin.py:154} INFO - [2023-11-14T21:46:16.567+0000] {dag.py:2941} INFO - Sync 1 DAGs
[2023-11-14T21:46:16.578+0000] {logging_mixin.py:154} INFO - [2023-11-14T21:46:16.578+0000] {dag.py:3722} INFO - Setting next_dagrun for example_dag_decorator to None, run_after=None
[2023-11-14T21:46:16.602+0000] {processor.py:179} INFO - Processing /home/airflow/.local/lib/python3.8/site-packages/airflow/example_dags/example_dag_decorator.py took 0.407 seconds
[2023-11-14T21:46:47.183+0000] {processor.py:157} INFO - Started process (PID=1451) to work on /home/airflow/.local/lib/python3.8/site-packages/airflow/example_dags/example_dag_decorator.py
[2023-11-14T21:46:47.185+0000] {processor.py:829} INFO - Processing file /home/airflow/.local/lib/python3.8/site-packages/airflow/example_dags/example_dag_decorator.py for tasks to queue
[2023-11-14T21:46:47.188+0000] {logging_mixin.py:154} INFO - [2023-11-14T21:46:47.188+0000] {dagbag.py:536} INFO - Filling up the DagBag from /home/airflow/.local/lib/python3.8/site-packages/airflow/example_dags/example_dag_decorator.py
[2023-11-14T21:46:47.272+0000] {processor.py:839} INFO - DAG(s) dict_keys(['example_dag_decorator']) retrieved from /home/airflow/.local/lib/python3.8/site-packages/airflow/example_dags/example_dag_decorator.py
[2023-11-14T21:46:47.532+0000] {logging_mixin.py:154} INFO - [2023-11-14T21:46:47.532+0000] {dag.py:2941} INFO - Sync 1 DAGs
[2023-11-14T21:46:47.545+0000] {logging_mixin.py:154} INFO - [2023-11-14T21:46:47.545+0000] {dag.py:3722} INFO - Setting next_dagrun for example_dag_decorator to None, run_after=None
[2023-11-14T21:46:47.571+0000] {processor.py:179} INFO - Processing /home/airflow/.local/lib/python3.8/site-packages/airflow/example_dags/example_dag_decorator.py took 0.396 seconds
[2023-11-14T21:47:17.685+0000] {processor.py:157} INFO - Started process (PID=1505) to work on /home/airflow/.local/lib/python3.8/site-packages/airflow/example_dags/example_dag_decorator.py
[2023-11-14T21:47:17.686+0000] {processor.py:829} INFO - Processing file /home/airflow/.local/lib/python3.8/site-packages/airflow/example_dags/example_dag_decorator.py for tasks to queue
[2023-11-14T21:47:17.690+0000] {logging_mixin.py:154} INFO - [2023-11-14T21:47:17.689+0000] {dagbag.py:536} INFO - Filling up the DagBag from /home/airflow/.local/lib/python3.8/site-packages/airflow/example_dags/example_dag_decorator.py
[2023-11-14T21:47:17.919+0000] {processor.py:839} INFO - DAG(s) dict_keys(['example_dag_decorator']) retrieved from /home/airflow/.local/lib/python3.8/site-packages/airflow/example_dags/example_dag_decorator.py
[2023-11-14T21:47:18.028+0000] {logging_mixin.py:154} INFO - [2023-11-14T21:47:18.028+0000] {dag.py:2941} INFO - Sync 1 DAGs
[2023-11-14T21:47:18.040+0000] {logging_mixin.py:154} INFO - [2023-11-14T21:47:18.040+0000] {dag.py:3722} INFO - Setting next_dagrun for example_dag_decorator to None, run_after=None
[2023-11-14T21:47:18.089+0000] {processor.py:179} INFO - Processing /home/airflow/.local/lib/python3.8/site-packages/airflow/example_dags/example_dag_decorator.py took 0.413 seconds
[2023-11-14T21:47:48.822+0000] {processor.py:157} INFO - Started process (PID=1559) to work on /home/airflow/.local/lib/python3.8/site-packages/airflow/example_dags/example_dag_decorator.py
[2023-11-14T21:47:48.835+0000] {processor.py:829} INFO - Processing file /home/airflow/.local/lib/python3.8/site-packages/airflow/example_dags/example_dag_decorator.py for tasks to queue
[2023-11-14T21:47:48.838+0000] {logging_mixin.py:154} INFO - [2023-11-14T21:47:48.838+0000] {dagbag.py:536} INFO - Filling up the DagBag from /home/airflow/.local/lib/python3.8/site-packages/airflow/example_dags/example_dag_decorator.py
[2023-11-14T21:47:48.927+0000] {processor.py:839} INFO - DAG(s) dict_keys(['example_dag_decorator']) retrieved from /home/airflow/.local/lib/python3.8/site-packages/airflow/example_dags/example_dag_decorator.py
[2023-11-14T21:47:49.264+0000] {logging_mixin.py:154} INFO - [2023-11-14T21:47:49.264+0000] {dag.py:2941} INFO - Sync 1 DAGs
[2023-11-14T21:47:49.276+0000] {logging_mixin.py:154} INFO - [2023-11-14T21:47:49.276+0000] {dag.py:3722} INFO - Setting next_dagrun for example_dag_decorator to None, run_after=None
[2023-11-14T21:47:49.300+0000] {processor.py:179} INFO - Processing /home/airflow/.local/lib/python3.8/site-packages/airflow/example_dags/example_dag_decorator.py took 0.483 seconds
[2023-11-14T21:48:19.822+0000] {processor.py:157} INFO - Started process (PID=1614) to work on /home/airflow/.local/lib/python3.8/site-packages/airflow/example_dags/example_dag_decorator.py
[2023-11-14T21:48:19.834+0000] {processor.py:829} INFO - Processing file /home/airflow/.local/lib/python3.8/site-packages/airflow/example_dags/example_dag_decorator.py for tasks to queue
[2023-11-14T21:48:19.837+0000] {logging_mixin.py:154} INFO - [2023-11-14T21:48:19.836+0000] {dagbag.py:536} INFO - Filling up the DagBag from /home/airflow/.local/lib/python3.8/site-packages/airflow/example_dags/example_dag_decorator.py
[2023-11-14T21:48:20.097+0000] {processor.py:839} INFO - DAG(s) dict_keys(['example_dag_decorator']) retrieved from /home/airflow/.local/lib/python3.8/site-packages/airflow/example_dags/example_dag_decorator.py
[2023-11-14T21:48:20.240+0000] {logging_mixin.py:154} INFO - [2023-11-14T21:48:20.240+0000] {dag.py:2941} INFO - Sync 1 DAGs
[2023-11-14T21:48:20.257+0000] {logging_mixin.py:154} INFO - [2023-11-14T21:48:20.257+0000] {dag.py:3722} INFO - Setting next_dagrun for example_dag_decorator to None, run_after=None
[2023-11-14T21:48:20.285+0000] {processor.py:179} INFO - Processing /home/airflow/.local/lib/python3.8/site-packages/airflow/example_dags/example_dag_decorator.py took 0.466 seconds
[2023-11-14T21:48:50.542+0000] {processor.py:157} INFO - Started process (PID=1668) to work on /home/airflow/.local/lib/python3.8/site-packages/airflow/example_dags/example_dag_decorator.py
[2023-11-14T21:48:50.543+0000] {processor.py:829} INFO - Processing file /home/airflow/.local/lib/python3.8/site-packages/airflow/example_dags/example_dag_decorator.py for tasks to queue
[2023-11-14T21:48:50.546+0000] {logging_mixin.py:154} INFO - [2023-11-14T21:48:50.545+0000] {dagbag.py:536} INFO - Filling up the DagBag from /home/airflow/.local/lib/python3.8/site-packages/airflow/example_dags/example_dag_decorator.py
[2023-11-14T21:48:50.781+0000] {processor.py:839} INFO - DAG(s) dict_keys(['example_dag_decorator']) retrieved from /home/airflow/.local/lib/python3.8/site-packages/airflow/example_dags/example_dag_decorator.py
[2023-11-14T21:48:50.900+0000] {logging_mixin.py:154} INFO - [2023-11-14T21:48:50.900+0000] {dag.py:2941} INFO - Sync 1 DAGs
[2023-11-14T21:48:50.912+0000] {logging_mixin.py:154} INFO - [2023-11-14T21:48:50.912+0000] {dag.py:3722} INFO - Setting next_dagrun for example_dag_decorator to None, run_after=None
[2023-11-14T21:48:50.960+0000] {processor.py:179} INFO - Processing /home/airflow/.local/lib/python3.8/site-packages/airflow/example_dags/example_dag_decorator.py took 0.422 seconds
[2023-11-14T21:49:21.498+0000] {processor.py:157} INFO - Started process (PID=1722) to work on /home/airflow/.local/lib/python3.8/site-packages/airflow/example_dags/example_dag_decorator.py
[2023-11-14T21:49:21.512+0000] {processor.py:829} INFO - Processing file /home/airflow/.local/lib/python3.8/site-packages/airflow/example_dags/example_dag_decorator.py for tasks to queue
[2023-11-14T21:49:21.675+0000] {logging_mixin.py:154} INFO - [2023-11-14T21:49:21.519+0000] {dagbag.py:536} INFO - Filling up the DagBag from /home/airflow/.local/lib/python3.8/site-packages/airflow/example_dags/example_dag_decorator.py
[2023-11-14T21:49:21.754+0000] {processor.py:839} INFO - DAG(s) dict_keys(['example_dag_decorator']) retrieved from /home/airflow/.local/lib/python3.8/site-packages/airflow/example_dags/example_dag_decorator.py
[2023-11-14T21:49:21.869+0000] {logging_mixin.py:154} INFO - [2023-11-14T21:49:21.868+0000] {dag.py:2941} INFO - Sync 1 DAGs
[2023-11-14T21:49:21.881+0000] {logging_mixin.py:154} INFO - [2023-11-14T21:49:21.881+0000] {dag.py:3722} INFO - Setting next_dagrun for example_dag_decorator to None, run_after=None
[2023-11-14T21:49:21.917+0000] {processor.py:179} INFO - Processing /home/airflow/.local/lib/python3.8/site-packages/airflow/example_dags/example_dag_decorator.py took 0.431 seconds
[2023-11-14T21:49:52.488+0000] {processor.py:157} INFO - Started process (PID=1776) to work on /home/airflow/.local/lib/python3.8/site-packages/airflow/example_dags/example_dag_decorator.py
[2023-11-14T21:49:52.489+0000] {processor.py:829} INFO - Processing file /home/airflow/.local/lib/python3.8/site-packages/airflow/example_dags/example_dag_decorator.py for tasks to queue
[2023-11-14T21:49:52.492+0000] {logging_mixin.py:154} INFO - [2023-11-14T21:49:52.491+0000] {dagbag.py:536} INFO - Filling up the DagBag from /home/airflow/.local/lib/python3.8/site-packages/airflow/example_dags/example_dag_decorator.py
[2023-11-14T21:49:52.572+0000] {processor.py:839} INFO - DAG(s) dict_keys(['example_dag_decorator']) retrieved from /home/airflow/.local/lib/python3.8/site-packages/airflow/example_dags/example_dag_decorator.py
[2023-11-14T21:49:52.716+0000] {logging_mixin.py:154} INFO - [2023-11-14T21:49:52.716+0000] {dag.py:2941} INFO - Sync 1 DAGs
[2023-11-14T21:49:52.734+0000] {logging_mixin.py:154} INFO - [2023-11-14T21:49:52.734+0000] {dag.py:3722} INFO - Setting next_dagrun for example_dag_decorator to None, run_after=None
[2023-11-14T21:49:52.775+0000] {processor.py:179} INFO - Processing /home/airflow/.local/lib/python3.8/site-packages/airflow/example_dags/example_dag_decorator.py took 0.292 seconds
[2023-11-14T21:50:22.830+0000] {processor.py:157} INFO - Started process (PID=1830) to work on /home/airflow/.local/lib/python3.8/site-packages/airflow/example_dags/example_dag_decorator.py
[2023-11-14T21:50:22.832+0000] {processor.py:829} INFO - Processing file /home/airflow/.local/lib/python3.8/site-packages/airflow/example_dags/example_dag_decorator.py for tasks to queue
[2023-11-14T21:50:22.836+0000] {logging_mixin.py:154} INFO - [2023-11-14T21:50:22.836+0000] {dagbag.py:536} INFO - Filling up the DagBag from /home/airflow/.local/lib/python3.8/site-packages/airflow/example_dags/example_dag_decorator.py
[2023-11-14T21:50:22.924+0000] {processor.py:839} INFO - DAG(s) dict_keys(['example_dag_decorator']) retrieved from /home/airflow/.local/lib/python3.8/site-packages/airflow/example_dags/example_dag_decorator.py
[2023-11-14T21:50:22.957+0000] {logging_mixin.py:154} INFO - [2023-11-14T21:50:22.956+0000] {dag.py:2941} INFO - Sync 1 DAGs
[2023-11-14T21:50:22.973+0000] {logging_mixin.py:154} INFO - [2023-11-14T21:50:22.972+0000] {dag.py:3722} INFO - Setting next_dagrun for example_dag_decorator to None, run_after=None
[2023-11-14T21:50:23.016+0000] {processor.py:179} INFO - Processing /home/airflow/.local/lib/python3.8/site-packages/airflow/example_dags/example_dag_decorator.py took 0.190 seconds
[2023-11-14T21:50:53.281+0000] {processor.py:157} INFO - Started process (PID=1884) to work on /home/airflow/.local/lib/python3.8/site-packages/airflow/example_dags/example_dag_decorator.py
[2023-11-14T21:50:53.283+0000] {processor.py:829} INFO - Processing file /home/airflow/.local/lib/python3.8/site-packages/airflow/example_dags/example_dag_decorator.py for tasks to queue
[2023-11-14T21:50:53.289+0000] {logging_mixin.py:154} INFO - [2023-11-14T21:50:53.289+0000] {dagbag.py:536} INFO - Filling up the DagBag from /home/airflow/.local/lib/python3.8/site-packages/airflow/example_dags/example_dag_decorator.py
[2023-11-14T21:50:53.373+0000] {processor.py:839} INFO - DAG(s) dict_keys(['example_dag_decorator']) retrieved from /home/airflow/.local/lib/python3.8/site-packages/airflow/example_dags/example_dag_decorator.py
[2023-11-14T21:50:53.402+0000] {logging_mixin.py:154} INFO - [2023-11-14T21:50:53.402+0000] {dag.py:2941} INFO - Sync 1 DAGs
[2023-11-14T21:50:53.419+0000] {logging_mixin.py:154} INFO - [2023-11-14T21:50:53.419+0000] {dag.py:3722} INFO - Setting next_dagrun for example_dag_decorator to None, run_after=None
[2023-11-14T21:50:53.456+0000] {processor.py:179} INFO - Processing /home/airflow/.local/lib/python3.8/site-packages/airflow/example_dags/example_dag_decorator.py took 0.191 seconds
[2023-11-14T21:51:23.925+0000] {processor.py:157} INFO - Started process (PID=1938) to work on /home/airflow/.local/lib/python3.8/site-packages/airflow/example_dags/example_dag_decorator.py
[2023-11-14T21:51:23.938+0000] {processor.py:829} INFO - Processing file /home/airflow/.local/lib/python3.8/site-packages/airflow/example_dags/example_dag_decorator.py for tasks to queue
[2023-11-14T21:51:23.944+0000] {logging_mixin.py:154} INFO - [2023-11-14T21:51:23.943+0000] {dagbag.py:536} INFO - Filling up the DagBag from /home/airflow/.local/lib/python3.8/site-packages/airflow/example_dags/example_dag_decorator.py
[2023-11-14T21:51:24.045+0000] {processor.py:839} INFO - DAG(s) dict_keys(['example_dag_decorator']) retrieved from /home/airflow/.local/lib/python3.8/site-packages/airflow/example_dags/example_dag_decorator.py
[2023-11-14T21:51:24.078+0000] {logging_mixin.py:154} INFO - [2023-11-14T21:51:24.078+0000] {dag.py:2941} INFO - Sync 1 DAGs
[2023-11-14T21:51:24.098+0000] {logging_mixin.py:154} INFO - [2023-11-14T21:51:24.098+0000] {dag.py:3722} INFO - Setting next_dagrun for example_dag_decorator to None, run_after=None
[2023-11-14T21:51:24.127+0000] {processor.py:179} INFO - Processing /home/airflow/.local/lib/python3.8/site-packages/airflow/example_dags/example_dag_decorator.py took 0.217 seconds
[2023-11-14T21:51:54.436+0000] {processor.py:157} INFO - Started process (PID=1992) to work on /home/airflow/.local/lib/python3.8/site-packages/airflow/example_dags/example_dag_decorator.py
[2023-11-14T21:51:54.449+0000] {processor.py:829} INFO - Processing file /home/airflow/.local/lib/python3.8/site-packages/airflow/example_dags/example_dag_decorator.py for tasks to queue
[2023-11-14T21:51:54.456+0000] {logging_mixin.py:154} INFO - [2023-11-14T21:51:54.456+0000] {dagbag.py:536} INFO - Filling up the DagBag from /home/airflow/.local/lib/python3.8/site-packages/airflow/example_dags/example_dag_decorator.py
[2023-11-14T21:51:54.542+0000] {processor.py:839} INFO - DAG(s) dict_keys(['example_dag_decorator']) retrieved from /home/airflow/.local/lib/python3.8/site-packages/airflow/example_dags/example_dag_decorator.py
[2023-11-14T21:51:54.572+0000] {logging_mixin.py:154} INFO - [2023-11-14T21:51:54.571+0000] {dag.py:2941} INFO - Sync 1 DAGs
[2023-11-14T21:51:54.589+0000] {logging_mixin.py:154} INFO - [2023-11-14T21:51:54.588+0000] {dag.py:3722} INFO - Setting next_dagrun for example_dag_decorator to None, run_after=None
[2023-11-14T21:51:54.634+0000] {processor.py:179} INFO - Processing /home/airflow/.local/lib/python3.8/site-packages/airflow/example_dags/example_dag_decorator.py took 0.215 seconds
[2023-11-14T21:52:25.039+0000] {processor.py:157} INFO - Started process (PID=2047) to work on /home/airflow/.local/lib/python3.8/site-packages/airflow/example_dags/example_dag_decorator.py
[2023-11-14T21:52:25.051+0000] {processor.py:829} INFO - Processing file /home/airflow/.local/lib/python3.8/site-packages/airflow/example_dags/example_dag_decorator.py for tasks to queue
[2023-11-14T21:52:25.055+0000] {logging_mixin.py:154} INFO - [2023-11-14T21:52:25.055+0000] {dagbag.py:536} INFO - Filling up the DagBag from /home/airflow/.local/lib/python3.8/site-packages/airflow/example_dags/example_dag_decorator.py
[2023-11-14T21:52:25.158+0000] {processor.py:839} INFO - DAG(s) dict_keys(['example_dag_decorator']) retrieved from /home/airflow/.local/lib/python3.8/site-packages/airflow/example_dags/example_dag_decorator.py
[2023-11-14T21:52:25.190+0000] {logging_mixin.py:154} INFO - [2023-11-14T21:52:25.190+0000] {dag.py:2941} INFO - Sync 1 DAGs
[2023-11-14T21:52:25.208+0000] {logging_mixin.py:154} INFO - [2023-11-14T21:52:25.208+0000] {dag.py:3722} INFO - Setting next_dagrun for example_dag_decorator to None, run_after=None
[2023-11-14T21:52:25.239+0000] {processor.py:179} INFO - Processing /home/airflow/.local/lib/python3.8/site-packages/airflow/example_dags/example_dag_decorator.py took 0.207 seconds
[2023-11-14T21:52:55.520+0000] {processor.py:157} INFO - Started process (PID=2101) to work on /home/airflow/.local/lib/python3.8/site-packages/airflow/example_dags/example_dag_decorator.py
[2023-11-14T21:52:55.524+0000] {processor.py:829} INFO - Processing file /home/airflow/.local/lib/python3.8/site-packages/airflow/example_dags/example_dag_decorator.py for tasks to queue
[2023-11-14T21:52:55.531+0000] {logging_mixin.py:154} INFO - [2023-11-14T21:52:55.530+0000] {dagbag.py:536} INFO - Filling up the DagBag from /home/airflow/.local/lib/python3.8/site-packages/airflow/example_dags/example_dag_decorator.py
[2023-11-14T21:52:55.658+0000] {processor.py:839} INFO - DAG(s) dict_keys(['example_dag_decorator']) retrieved from /home/airflow/.local/lib/python3.8/site-packages/airflow/example_dags/example_dag_decorator.py
[2023-11-14T21:52:55.830+0000] {logging_mixin.py:154} INFO - [2023-11-14T21:52:55.829+0000] {dag.py:2941} INFO - Sync 1 DAGs
[2023-11-14T21:52:55.848+0000] {logging_mixin.py:154} INFO - [2023-11-14T21:52:55.848+0000] {dag.py:3722} INFO - Setting next_dagrun for example_dag_decorator to None, run_after=None
[2023-11-14T21:52:55.881+0000] {processor.py:179} INFO - Processing /home/airflow/.local/lib/python3.8/site-packages/airflow/example_dags/example_dag_decorator.py took 0.375 seconds
[2023-11-14T21:53:26.339+0000] {processor.py:157} INFO - Started process (PID=2155) to work on /home/airflow/.local/lib/python3.8/site-packages/airflow/example_dags/example_dag_decorator.py
[2023-11-14T21:53:26.343+0000] {processor.py:829} INFO - Processing file /home/airflow/.local/lib/python3.8/site-packages/airflow/example_dags/example_dag_decorator.py for tasks to queue
[2023-11-14T21:53:26.351+0000] {logging_mixin.py:154} INFO - [2023-11-14T21:53:26.351+0000] {dagbag.py:536} INFO - Filling up the DagBag from /home/airflow/.local/lib/python3.8/site-packages/airflow/example_dags/example_dag_decorator.py
[2023-11-14T21:53:26.450+0000] {processor.py:839} INFO - DAG(s) dict_keys(['example_dag_decorator']) retrieved from /home/airflow/.local/lib/python3.8/site-packages/airflow/example_dags/example_dag_decorator.py
[2023-11-14T21:53:26.589+0000] {logging_mixin.py:154} INFO - [2023-11-14T21:53:26.588+0000] {dag.py:2941} INFO - Sync 1 DAGs
[2023-11-14T21:53:26.607+0000] {logging_mixin.py:154} INFO - [2023-11-14T21:53:26.606+0000] {dag.py:3722} INFO - Setting next_dagrun for example_dag_decorator to None, run_after=None
[2023-11-14T21:53:26.638+0000] {processor.py:179} INFO - Processing /home/airflow/.local/lib/python3.8/site-packages/airflow/example_dags/example_dag_decorator.py took 0.314 seconds
[2023-11-14T21:53:57.133+0000] {processor.py:157} INFO - Started process (PID=2209) to work on /home/airflow/.local/lib/python3.8/site-packages/airflow/example_dags/example_dag_decorator.py
[2023-11-14T21:53:57.135+0000] {processor.py:829} INFO - Processing file /home/airflow/.local/lib/python3.8/site-packages/airflow/example_dags/example_dag_decorator.py for tasks to queue
[2023-11-14T21:53:57.140+0000] {logging_mixin.py:154} INFO - [2023-11-14T21:53:57.139+0000] {dagbag.py:536} INFO - Filling up the DagBag from /home/airflow/.local/lib/python3.8/site-packages/airflow/example_dags/example_dag_decorator.py
[2023-11-14T21:53:57.224+0000] {processor.py:839} INFO - DAG(s) dict_keys(['example_dag_decorator']) retrieved from /home/airflow/.local/lib/python3.8/site-packages/airflow/example_dags/example_dag_decorator.py
[2023-11-14T21:53:57.343+0000] {logging_mixin.py:154} INFO - [2023-11-14T21:53:57.343+0000] {dag.py:2941} INFO - Sync 1 DAGs
[2023-11-14T21:53:57.356+0000] {logging_mixin.py:154} INFO - [2023-11-14T21:53:57.355+0000] {dag.py:3722} INFO - Setting next_dagrun for example_dag_decorator to None, run_after=None
[2023-11-14T21:53:57.418+0000] {processor.py:179} INFO - Processing /home/airflow/.local/lib/python3.8/site-packages/airflow/example_dags/example_dag_decorator.py took 0.293 seconds
[2023-11-14T21:54:27.677+0000] {processor.py:157} INFO - Started process (PID=2263) to work on /home/airflow/.local/lib/python3.8/site-packages/airflow/example_dags/example_dag_decorator.py
[2023-11-14T21:54:27.680+0000] {processor.py:829} INFO - Processing file /home/airflow/.local/lib/python3.8/site-packages/airflow/example_dags/example_dag_decorator.py for tasks to queue
[2023-11-14T21:54:27.687+0000] {logging_mixin.py:154} INFO - [2023-11-14T21:54:27.686+0000] {dagbag.py:536} INFO - Filling up the DagBag from /home/airflow/.local/lib/python3.8/site-packages/airflow/example_dags/example_dag_decorator.py
[2023-11-14T21:54:27.826+0000] {processor.py:839} INFO - DAG(s) dict_keys(['example_dag_decorator']) retrieved from /home/airflow/.local/lib/python3.8/site-packages/airflow/example_dags/example_dag_decorator.py
[2023-11-14T21:54:28.008+0000] {logging_mixin.py:154} INFO - [2023-11-14T21:54:28.008+0000] {dag.py:2941} INFO - Sync 1 DAGs
[2023-11-14T21:54:28.026+0000] {logging_mixin.py:154} INFO - [2023-11-14T21:54:28.025+0000] {dag.py:3722} INFO - Setting next_dagrun for example_dag_decorator to None, run_after=None
[2023-11-14T21:54:28.060+0000] {processor.py:179} INFO - Processing /home/airflow/.local/lib/python3.8/site-packages/airflow/example_dags/example_dag_decorator.py took 0.394 seconds
[2023-11-14T21:54:58.830+0000] {processor.py:157} INFO - Started process (PID=2317) to work on /home/airflow/.local/lib/python3.8/site-packages/airflow/example_dags/example_dag_decorator.py
[2023-11-14T21:54:58.831+0000] {processor.py:829} INFO - Processing file /home/airflow/.local/lib/python3.8/site-packages/airflow/example_dags/example_dag_decorator.py for tasks to queue
[2023-11-14T21:54:58.836+0000] {logging_mixin.py:154} INFO - [2023-11-14T21:54:58.836+0000] {dagbag.py:536} INFO - Filling up the DagBag from /home/airflow/.local/lib/python3.8/site-packages/airflow/example_dags/example_dag_decorator.py
[2023-11-14T21:54:58.930+0000] {processor.py:839} INFO - DAG(s) dict_keys(['example_dag_decorator']) retrieved from /home/airflow/.local/lib/python3.8/site-packages/airflow/example_dags/example_dag_decorator.py
[2023-11-14T21:54:59.073+0000] {logging_mixin.py:154} INFO - [2023-11-14T21:54:59.073+0000] {dag.py:2941} INFO - Sync 1 DAGs
[2023-11-14T21:54:59.088+0000] {logging_mixin.py:154} INFO - [2023-11-14T21:54:59.088+0000] {dag.py:3722} INFO - Setting next_dagrun for example_dag_decorator to None, run_after=None
[2023-11-14T21:54:59.127+0000] {processor.py:179} INFO - Processing /home/airflow/.local/lib/python3.8/site-packages/airflow/example_dags/example_dag_decorator.py took 0.307 seconds
[2023-11-14T21:55:29.187+0000] {processor.py:157} INFO - Started process (PID=2372) to work on /home/airflow/.local/lib/python3.8/site-packages/airflow/example_dags/example_dag_decorator.py
[2023-11-14T21:55:29.198+0000] {processor.py:829} INFO - Processing file /home/airflow/.local/lib/python3.8/site-packages/airflow/example_dags/example_dag_decorator.py for tasks to queue
[2023-11-14T21:55:29.202+0000] {logging_mixin.py:154} INFO - [2023-11-14T21:55:29.201+0000] {dagbag.py:536} INFO - Filling up the DagBag from /home/airflow/.local/lib/python3.8/site-packages/airflow/example_dags/example_dag_decorator.py
[2023-11-14T21:55:29.287+0000] {processor.py:839} INFO - DAG(s) dict_keys(['example_dag_decorator']) retrieved from /home/airflow/.local/lib/python3.8/site-packages/airflow/example_dags/example_dag_decorator.py
[2023-11-14T21:55:29.409+0000] {logging_mixin.py:154} INFO - [2023-11-14T21:55:29.408+0000] {dag.py:2941} INFO - Sync 1 DAGs
[2023-11-14T21:55:29.422+0000] {logging_mixin.py:154} INFO - [2023-11-14T21:55:29.421+0000] {dag.py:3722} INFO - Setting next_dagrun for example_dag_decorator to None, run_after=None
[2023-11-14T21:55:29.458+0000] {processor.py:179} INFO - Processing /home/airflow/.local/lib/python3.8/site-packages/airflow/example_dags/example_dag_decorator.py took 0.276 seconds
[2023-11-14T21:56:00.283+0000] {processor.py:157} INFO - Started process (PID=2426) to work on /home/airflow/.local/lib/python3.8/site-packages/airflow/example_dags/example_dag_decorator.py
[2023-11-14T21:56:00.285+0000] {processor.py:829} INFO - Processing file /home/airflow/.local/lib/python3.8/site-packages/airflow/example_dags/example_dag_decorator.py for tasks to queue
[2023-11-14T21:56:00.291+0000] {logging_mixin.py:154} INFO - [2023-11-14T21:56:00.290+0000] {dagbag.py:536} INFO - Filling up the DagBag from /home/airflow/.local/lib/python3.8/site-packages/airflow/example_dags/example_dag_decorator.py
[2023-11-14T21:56:00.375+0000] {processor.py:839} INFO - DAG(s) dict_keys(['example_dag_decorator']) retrieved from /home/airflow/.local/lib/python3.8/site-packages/airflow/example_dags/example_dag_decorator.py
[2023-11-14T21:56:00.501+0000] {logging_mixin.py:154} INFO - [2023-11-14T21:56:00.500+0000] {dag.py:2941} INFO - Sync 1 DAGs
[2023-11-14T21:56:00.515+0000] {logging_mixin.py:154} INFO - [2023-11-14T21:56:00.515+0000] {dag.py:3722} INFO - Setting next_dagrun for example_dag_decorator to None, run_after=None
[2023-11-14T21:56:00.567+0000] {processor.py:179} INFO - Processing /home/airflow/.local/lib/python3.8/site-packages/airflow/example_dags/example_dag_decorator.py took 0.292 seconds
[2023-11-14T21:56:30.927+0000] {processor.py:157} INFO - Started process (PID=2480) to work on /home/airflow/.local/lib/python3.8/site-packages/airflow/example_dags/example_dag_decorator.py
[2023-11-14T21:56:30.939+0000] {processor.py:829} INFO - Processing file /home/airflow/.local/lib/python3.8/site-packages/airflow/example_dags/example_dag_decorator.py for tasks to queue
[2023-11-14T21:56:30.944+0000] {logging_mixin.py:154} INFO - [2023-11-14T21:56:30.943+0000] {dagbag.py:536} INFO - Filling up the DagBag from /home/airflow/.local/lib/python3.8/site-packages/airflow/example_dags/example_dag_decorator.py
[2023-11-14T21:56:31.036+0000] {processor.py:839} INFO - DAG(s) dict_keys(['example_dag_decorator']) retrieved from /home/airflow/.local/lib/python3.8/site-packages/airflow/example_dags/example_dag_decorator.py
[2023-11-14T21:56:31.198+0000] {logging_mixin.py:154} INFO - [2023-11-14T21:56:31.197+0000] {dag.py:2941} INFO - Sync 1 DAGs
[2023-11-14T21:56:31.221+0000] {logging_mixin.py:154} INFO - [2023-11-14T21:56:31.221+0000] {dag.py:3722} INFO - Setting next_dagrun for example_dag_decorator to None, run_after=None
[2023-11-14T21:56:31.261+0000] {processor.py:179} INFO - Processing /home/airflow/.local/lib/python3.8/site-packages/airflow/example_dags/example_dag_decorator.py took 0.341 seconds
[2023-11-14T21:57:01.690+0000] {processor.py:157} INFO - Started process (PID=2535) to work on /home/airflow/.local/lib/python3.8/site-packages/airflow/example_dags/example_dag_decorator.py
[2023-11-14T21:57:01.691+0000] {processor.py:829} INFO - Processing file /home/airflow/.local/lib/python3.8/site-packages/airflow/example_dags/example_dag_decorator.py for tasks to queue
[2023-11-14T21:57:01.696+0000] {logging_mixin.py:154} INFO - [2023-11-14T21:57:01.695+0000] {dagbag.py:536} INFO - Filling up the DagBag from /home/airflow/.local/lib/python3.8/site-packages/airflow/example_dags/example_dag_decorator.py
[2023-11-14T21:57:01.795+0000] {processor.py:839} INFO - DAG(s) dict_keys(['example_dag_decorator']) retrieved from /home/airflow/.local/lib/python3.8/site-packages/airflow/example_dags/example_dag_decorator.py
[2023-11-14T21:57:01.923+0000] {logging_mixin.py:154} INFO - [2023-11-14T21:57:01.923+0000] {dag.py:2941} INFO - Sync 1 DAGs
[2023-11-14T21:57:01.944+0000] {logging_mixin.py:154} INFO - [2023-11-14T21:57:01.944+0000] {dag.py:3722} INFO - Setting next_dagrun for example_dag_decorator to None, run_after=None
[2023-11-14T21:57:01.974+0000] {processor.py:179} INFO - Processing /home/airflow/.local/lib/python3.8/site-packages/airflow/example_dags/example_dag_decorator.py took 0.293 seconds
[2023-11-14T21:57:32.898+0000] {processor.py:157} INFO - Started process (PID=2589) to work on /home/airflow/.local/lib/python3.8/site-packages/airflow/example_dags/example_dag_decorator.py
[2023-11-14T21:57:32.901+0000] {processor.py:829} INFO - Processing file /home/airflow/.local/lib/python3.8/site-packages/airflow/example_dags/example_dag_decorator.py for tasks to queue
[2023-11-14T21:57:32.908+0000] {logging_mixin.py:154} INFO - [2023-11-14T21:57:32.908+0000] {dagbag.py:536} INFO - Filling up the DagBag from /home/airflow/.local/lib/python3.8/site-packages/airflow/example_dags/example_dag_decorator.py
[2023-11-14T21:57:33.009+0000] {processor.py:839} INFO - DAG(s) dict_keys(['example_dag_decorator']) retrieved from /home/airflow/.local/lib/python3.8/site-packages/airflow/example_dags/example_dag_decorator.py
[2023-11-14T21:57:33.166+0000] {logging_mixin.py:154} INFO - [2023-11-14T21:57:33.166+0000] {dag.py:2941} INFO - Sync 1 DAGs
[2023-11-14T21:57:33.179+0000] {logging_mixin.py:154} INFO - [2023-11-14T21:57:33.179+0000] {dag.py:3722} INFO - Setting next_dagrun for example_dag_decorator to None, run_after=None
[2023-11-14T21:57:33.228+0000] {processor.py:179} INFO - Processing /home/airflow/.local/lib/python3.8/site-packages/airflow/example_dags/example_dag_decorator.py took 0.340 seconds
[2023-11-14T21:58:04.161+0000] {processor.py:157} INFO - Started process (PID=2644) to work on /home/airflow/.local/lib/python3.8/site-packages/airflow/example_dags/example_dag_decorator.py
[2023-11-14T21:58:04.163+0000] {processor.py:829} INFO - Processing file /home/airflow/.local/lib/python3.8/site-packages/airflow/example_dags/example_dag_decorator.py for tasks to queue
[2023-11-14T21:58:04.169+0000] {logging_mixin.py:154} INFO - [2023-11-14T21:58:04.169+0000] {dagbag.py:536} INFO - Filling up the DagBag from /home/airflow/.local/lib/python3.8/site-packages/airflow/example_dags/example_dag_decorator.py
[2023-11-14T21:58:04.254+0000] {processor.py:839} INFO - DAG(s) dict_keys(['example_dag_decorator']) retrieved from /home/airflow/.local/lib/python3.8/site-packages/airflow/example_dags/example_dag_decorator.py
[2023-11-14T21:58:04.380+0000] {logging_mixin.py:154} INFO - [2023-11-14T21:58:04.380+0000] {dag.py:2941} INFO - Sync 1 DAGs
[2023-11-14T21:58:04.395+0000] {logging_mixin.py:154} INFO - [2023-11-14T21:58:04.394+0000] {dag.py:3722} INFO - Setting next_dagrun for example_dag_decorator to None, run_after=None
[2023-11-14T21:58:04.440+0000] {processor.py:179} INFO - Processing /home/airflow/.local/lib/python3.8/site-packages/airflow/example_dags/example_dag_decorator.py took 0.288 seconds
[2023-11-14T21:58:35.406+0000] {processor.py:157} INFO - Started process (PID=2698) to work on /home/airflow/.local/lib/python3.8/site-packages/airflow/example_dags/example_dag_decorator.py
[2023-11-14T21:58:35.417+0000] {processor.py:829} INFO - Processing file /home/airflow/.local/lib/python3.8/site-packages/airflow/example_dags/example_dag_decorator.py for tasks to queue
[2023-11-14T21:58:35.420+0000] {logging_mixin.py:154} INFO - [2023-11-14T21:58:35.420+0000] {dagbag.py:536} INFO - Filling up the DagBag from /home/airflow/.local/lib/python3.8/site-packages/airflow/example_dags/example_dag_decorator.py
[2023-11-14T21:58:35.509+0000] {processor.py:839} INFO - DAG(s) dict_keys(['example_dag_decorator']) retrieved from /home/airflow/.local/lib/python3.8/site-packages/airflow/example_dags/example_dag_decorator.py
[2023-11-14T21:58:35.656+0000] {logging_mixin.py:154} INFO - [2023-11-14T21:58:35.655+0000] {dag.py:2941} INFO - Sync 1 DAGs
[2023-11-14T21:58:35.669+0000] {logging_mixin.py:154} INFO - [2023-11-14T21:58:35.669+0000] {dag.py:3722} INFO - Setting next_dagrun for example_dag_decorator to None, run_after=None
[2023-11-14T21:58:35.708+0000] {processor.py:179} INFO - Processing /home/airflow/.local/lib/python3.8/site-packages/airflow/example_dags/example_dag_decorator.py took 0.306 seconds
[2023-11-14T21:59:06.699+0000] {processor.py:157} INFO - Started process (PID=2752) to work on /home/airflow/.local/lib/python3.8/site-packages/airflow/example_dags/example_dag_decorator.py
[2023-11-14T21:59:06.710+0000] {processor.py:829} INFO - Processing file /home/airflow/.local/lib/python3.8/site-packages/airflow/example_dags/example_dag_decorator.py for tasks to queue
[2023-11-14T21:59:06.713+0000] {logging_mixin.py:154} INFO - [2023-11-14T21:59:06.713+0000] {dagbag.py:536} INFO - Filling up the DagBag from /home/airflow/.local/lib/python3.8/site-packages/airflow/example_dags/example_dag_decorator.py
[2023-11-14T21:59:06.792+0000] {processor.py:839} INFO - DAG(s) dict_keys(['example_dag_decorator']) retrieved from /home/airflow/.local/lib/python3.8/site-packages/airflow/example_dags/example_dag_decorator.py
[2023-11-14T21:59:06.913+0000] {logging_mixin.py:154} INFO - [2023-11-14T21:59:06.912+0000] {dag.py:2941} INFO - Sync 1 DAGs
[2023-11-14T21:59:06.925+0000] {logging_mixin.py:154} INFO - [2023-11-14T21:59:06.925+0000] {dag.py:3722} INFO - Setting next_dagrun for example_dag_decorator to None, run_after=None
[2023-11-14T21:59:06.959+0000] {processor.py:179} INFO - Processing /home/airflow/.local/lib/python3.8/site-packages/airflow/example_dags/example_dag_decorator.py took 0.264 seconds
[2023-11-14T21:59:37.458+0000] {processor.py:157} INFO - Started process (PID=2806) to work on /home/airflow/.local/lib/python3.8/site-packages/airflow/example_dags/example_dag_decorator.py
[2023-11-14T21:59:37.469+0000] {processor.py:829} INFO - Processing file /home/airflow/.local/lib/python3.8/site-packages/airflow/example_dags/example_dag_decorator.py for tasks to queue
[2023-11-14T21:59:37.472+0000] {logging_mixin.py:154} INFO - [2023-11-14T21:59:37.472+0000] {dagbag.py:536} INFO - Filling up the DagBag from /home/airflow/.local/lib/python3.8/site-packages/airflow/example_dags/example_dag_decorator.py
[2023-11-14T21:59:37.558+0000] {processor.py:839} INFO - DAG(s) dict_keys(['example_dag_decorator']) retrieved from /home/airflow/.local/lib/python3.8/site-packages/airflow/example_dags/example_dag_decorator.py
[2023-11-14T21:59:37.766+0000] {logging_mixin.py:154} INFO - [2023-11-14T21:59:37.765+0000] {dag.py:2941} INFO - Sync 1 DAGs
[2023-11-14T21:59:37.784+0000] {logging_mixin.py:154} INFO - [2023-11-14T21:59:37.783+0000] {dag.py:3722} INFO - Setting next_dagrun for example_dag_decorator to None, run_after=None
[2023-11-14T21:59:37.828+0000] {processor.py:179} INFO - Processing /home/airflow/.local/lib/python3.8/site-packages/airflow/example_dags/example_dag_decorator.py took 0.375 seconds
