[2023-11-14T21:33:52.334+0000] {processor.py:157} INFO - Started process (PID=38) to work on /home/airflow/.local/lib/python3.8/site-packages/airflow/example_dags/tutorial_dag.py
[2023-11-14T21:33:52.335+0000] {processor.py:829} INFO - Processing file /home/airflow/.local/lib/python3.8/site-packages/airflow/example_dags/tutorial_dag.py for tasks to queue
[2023-11-14T21:33:52.338+0000] {logging_mixin.py:154} INFO - [2023-11-14T21:33:52.338+0000] {dagbag.py:536} INFO - Filling up the DagBag from /home/airflow/.local/lib/python3.8/site-packages/airflow/example_dags/tutorial_dag.py
[2023-11-14T21:33:52.346+0000] {processor.py:839} INFO - DAG(s) dict_keys(['tutorial_dag']) retrieved from /home/airflow/.local/lib/python3.8/site-packages/airflow/example_dags/tutorial_dag.py
[2023-11-14T21:33:52.566+0000] {logging_mixin.py:154} INFO - [2023-11-14T21:33:52.566+0000] {manager.py:499} INFO - Created Permission View: %s
[2023-11-14T21:33:52.585+0000] {logging_mixin.py:154} INFO - [2023-11-14T21:33:52.585+0000] {manager.py:499} INFO - Created Permission View: %s
[2023-11-14T21:33:52.599+0000] {logging_mixin.py:154} INFO - [2023-11-14T21:33:52.599+0000] {manager.py:499} INFO - Created Permission View: %s
[2023-11-14T21:33:52.600+0000] {logging_mixin.py:154} INFO - [2023-11-14T21:33:52.600+0000] {dag.py:2941} INFO - Sync 1 DAGs
[2023-11-14T21:33:52.629+0000] {logging_mixin.py:154} INFO - [2023-11-14T21:33:52.629+0000] {dag.py:2963} INFO - Creating ORM DAG for tutorial_dag
[2023-11-14T21:33:52.631+0000] {logging_mixin.py:154} INFO - [2023-11-14T21:33:52.630+0000] {dag.py:3722} INFO - Setting next_dagrun for tutorial_dag to None, run_after=None
[2023-11-14T21:33:52.669+0000] {processor.py:179} INFO - Processing /home/airflow/.local/lib/python3.8/site-packages/airflow/example_dags/tutorial_dag.py took 0.339 seconds
[2023-11-14T21:34:22.714+0000] {processor.py:157} INFO - Started process (PID=91) to work on /home/airflow/.local/lib/python3.8/site-packages/airflow/example_dags/tutorial_dag.py
[2023-11-14T21:34:22.717+0000] {processor.py:829} INFO - Processing file /home/airflow/.local/lib/python3.8/site-packages/airflow/example_dags/tutorial_dag.py for tasks to queue
[2023-11-14T21:34:22.721+0000] {logging_mixin.py:154} INFO - [2023-11-14T21:34:22.721+0000] {dagbag.py:536} INFO - Filling up the DagBag from /home/airflow/.local/lib/python3.8/site-packages/airflow/example_dags/tutorial_dag.py
[2023-11-14T21:34:22.731+0000] {processor.py:839} INFO - DAG(s) dict_keys(['tutorial_dag']) retrieved from /home/airflow/.local/lib/python3.8/site-packages/airflow/example_dags/tutorial_dag.py
[2023-11-14T21:34:22.773+0000] {logging_mixin.py:154} INFO - [2023-11-14T21:34:22.773+0000] {dag.py:2941} INFO - Sync 1 DAGs
[2023-11-14T21:34:22.791+0000] {logging_mixin.py:154} INFO - [2023-11-14T21:34:22.790+0000] {dag.py:3722} INFO - Setting next_dagrun for tutorial_dag to None, run_after=None
[2023-11-14T21:34:22.817+0000] {processor.py:179} INFO - Processing /home/airflow/.local/lib/python3.8/site-packages/airflow/example_dags/tutorial_dag.py took 0.120 seconds
[2023-11-14T21:34:52.962+0000] {processor.py:157} INFO - Started process (PID=145) to work on /home/airflow/.local/lib/python3.8/site-packages/airflow/example_dags/tutorial_dag.py
[2023-11-14T21:34:52.964+0000] {processor.py:829} INFO - Processing file /home/airflow/.local/lib/python3.8/site-packages/airflow/example_dags/tutorial_dag.py for tasks to queue
[2023-11-14T21:34:52.967+0000] {logging_mixin.py:154} INFO - [2023-11-14T21:34:52.967+0000] {dagbag.py:536} INFO - Filling up the DagBag from /home/airflow/.local/lib/python3.8/site-packages/airflow/example_dags/tutorial_dag.py
[2023-11-14T21:34:52.976+0000] {processor.py:839} INFO - DAG(s) dict_keys(['tutorial_dag']) retrieved from /home/airflow/.local/lib/python3.8/site-packages/airflow/example_dags/tutorial_dag.py
[2023-11-14T21:34:53.013+0000] {logging_mixin.py:154} INFO - [2023-11-14T21:34:53.012+0000] {dag.py:2941} INFO - Sync 1 DAGs
[2023-11-14T21:34:53.031+0000] {logging_mixin.py:154} INFO - [2023-11-14T21:34:53.031+0000] {dag.py:3722} INFO - Setting next_dagrun for tutorial_dag to None, run_after=None
[2023-11-14T21:34:53.066+0000] {processor.py:179} INFO - Processing /home/airflow/.local/lib/python3.8/site-packages/airflow/example_dags/tutorial_dag.py took 0.110 seconds
[2023-11-14T21:35:23.670+0000] {processor.py:157} INFO - Started process (PID=200) to work on /home/airflow/.local/lib/python3.8/site-packages/airflow/example_dags/tutorial_dag.py
[2023-11-14T21:35:23.671+0000] {processor.py:829} INFO - Processing file /home/airflow/.local/lib/python3.8/site-packages/airflow/example_dags/tutorial_dag.py for tasks to queue
[2023-11-14T21:35:23.674+0000] {logging_mixin.py:154} INFO - [2023-11-14T21:35:23.673+0000] {dagbag.py:536} INFO - Filling up the DagBag from /home/airflow/.local/lib/python3.8/site-packages/airflow/example_dags/tutorial_dag.py
[2023-11-14T21:35:23.680+0000] {processor.py:839} INFO - DAG(s) dict_keys(['tutorial_dag']) retrieved from /home/airflow/.local/lib/python3.8/site-packages/airflow/example_dags/tutorial_dag.py
[2023-11-14T21:35:23.710+0000] {logging_mixin.py:154} INFO - [2023-11-14T21:35:23.710+0000] {dag.py:2941} INFO - Sync 1 DAGs
[2023-11-14T21:35:23.733+0000] {logging_mixin.py:154} INFO - [2023-11-14T21:35:23.732+0000] {dag.py:3722} INFO - Setting next_dagrun for tutorial_dag to None, run_after=None
[2023-11-14T21:35:23.759+0000] {processor.py:179} INFO - Processing /home/airflow/.local/lib/python3.8/site-packages/airflow/example_dags/tutorial_dag.py took 0.095 seconds
[2023-11-14T21:35:54.298+0000] {processor.py:157} INFO - Started process (PID=254) to work on /home/airflow/.local/lib/python3.8/site-packages/airflow/example_dags/tutorial_dag.py
[2023-11-14T21:35:54.299+0000] {processor.py:829} INFO - Processing file /home/airflow/.local/lib/python3.8/site-packages/airflow/example_dags/tutorial_dag.py for tasks to queue
[2023-11-14T21:35:54.301+0000] {logging_mixin.py:154} INFO - [2023-11-14T21:35:54.301+0000] {dagbag.py:536} INFO - Filling up the DagBag from /home/airflow/.local/lib/python3.8/site-packages/airflow/example_dags/tutorial_dag.py
[2023-11-14T21:35:54.308+0000] {processor.py:839} INFO - DAG(s) dict_keys(['tutorial_dag']) retrieved from /home/airflow/.local/lib/python3.8/site-packages/airflow/example_dags/tutorial_dag.py
[2023-11-14T21:35:54.333+0000] {logging_mixin.py:154} INFO - [2023-11-14T21:35:54.333+0000] {dag.py:2941} INFO - Sync 1 DAGs
[2023-11-14T21:35:54.348+0000] {logging_mixin.py:154} INFO - [2023-11-14T21:35:54.348+0000] {dag.py:3722} INFO - Setting next_dagrun for tutorial_dag to None, run_after=None
[2023-11-14T21:35:54.370+0000] {processor.py:179} INFO - Processing /home/airflow/.local/lib/python3.8/site-packages/airflow/example_dags/tutorial_dag.py took 0.077 seconds
[2023-11-14T21:36:24.739+0000] {processor.py:157} INFO - Started process (PID=309) to work on /home/airflow/.local/lib/python3.8/site-packages/airflow/example_dags/tutorial_dag.py
[2023-11-14T21:36:24.740+0000] {processor.py:829} INFO - Processing file /home/airflow/.local/lib/python3.8/site-packages/airflow/example_dags/tutorial_dag.py for tasks to queue
[2023-11-14T21:36:24.743+0000] {logging_mixin.py:154} INFO - [2023-11-14T21:36:24.742+0000] {dagbag.py:536} INFO - Filling up the DagBag from /home/airflow/.local/lib/python3.8/site-packages/airflow/example_dags/tutorial_dag.py
[2023-11-14T21:36:24.749+0000] {processor.py:839} INFO - DAG(s) dict_keys(['tutorial_dag']) retrieved from /home/airflow/.local/lib/python3.8/site-packages/airflow/example_dags/tutorial_dag.py
[2023-11-14T21:36:24.774+0000] {logging_mixin.py:154} INFO - [2023-11-14T21:36:24.774+0000] {dag.py:2941} INFO - Sync 1 DAGs
[2023-11-14T21:36:24.789+0000] {logging_mixin.py:154} INFO - [2023-11-14T21:36:24.789+0000] {dag.py:3722} INFO - Setting next_dagrun for tutorial_dag to None, run_after=None
[2023-11-14T21:36:24.815+0000] {processor.py:179} INFO - Processing /home/airflow/.local/lib/python3.8/site-packages/airflow/example_dags/tutorial_dag.py took 0.080 seconds
[2023-11-14T21:36:55.345+0000] {processor.py:157} INFO - Started process (PID=363) to work on /home/airflow/.local/lib/python3.8/site-packages/airflow/example_dags/tutorial_dag.py
[2023-11-14T21:36:55.347+0000] {processor.py:829} INFO - Processing file /home/airflow/.local/lib/python3.8/site-packages/airflow/example_dags/tutorial_dag.py for tasks to queue
[2023-11-14T21:36:55.350+0000] {logging_mixin.py:154} INFO - [2023-11-14T21:36:55.350+0000] {dagbag.py:536} INFO - Filling up the DagBag from /home/airflow/.local/lib/python3.8/site-packages/airflow/example_dags/tutorial_dag.py
[2023-11-14T21:36:55.357+0000] {processor.py:839} INFO - DAG(s) dict_keys(['tutorial_dag']) retrieved from /home/airflow/.local/lib/python3.8/site-packages/airflow/example_dags/tutorial_dag.py
[2023-11-14T21:36:55.381+0000] {logging_mixin.py:154} INFO - [2023-11-14T21:36:55.381+0000] {dag.py:2941} INFO - Sync 1 DAGs
[2023-11-14T21:36:55.397+0000] {logging_mixin.py:154} INFO - [2023-11-14T21:36:55.397+0000] {dag.py:3722} INFO - Setting next_dagrun for tutorial_dag to None, run_after=None
[2023-11-14T21:36:55.421+0000] {processor.py:179} INFO - Processing /home/airflow/.local/lib/python3.8/site-packages/airflow/example_dags/tutorial_dag.py took 0.080 seconds
[2023-11-14T21:37:25.910+0000] {processor.py:157} INFO - Started process (PID=417) to work on /home/airflow/.local/lib/python3.8/site-packages/airflow/example_dags/tutorial_dag.py
[2023-11-14T21:37:25.911+0000] {processor.py:829} INFO - Processing file /home/airflow/.local/lib/python3.8/site-packages/airflow/example_dags/tutorial_dag.py for tasks to queue
[2023-11-14T21:37:25.914+0000] {logging_mixin.py:154} INFO - [2023-11-14T21:37:25.914+0000] {dagbag.py:536} INFO - Filling up the DagBag from /home/airflow/.local/lib/python3.8/site-packages/airflow/example_dags/tutorial_dag.py
[2023-11-14T21:37:25.920+0000] {processor.py:839} INFO - DAG(s) dict_keys(['tutorial_dag']) retrieved from /home/airflow/.local/lib/python3.8/site-packages/airflow/example_dags/tutorial_dag.py
[2023-11-14T21:37:25.944+0000] {logging_mixin.py:154} INFO - [2023-11-14T21:37:25.944+0000] {dag.py:2941} INFO - Sync 1 DAGs
[2023-11-14T21:37:25.959+0000] {logging_mixin.py:154} INFO - [2023-11-14T21:37:25.959+0000] {dag.py:3722} INFO - Setting next_dagrun for tutorial_dag to None, run_after=None
[2023-11-14T21:37:25.983+0000] {processor.py:179} INFO - Processing /home/airflow/.local/lib/python3.8/site-packages/airflow/example_dags/tutorial_dag.py took 0.077 seconds
[2023-11-14T21:37:56.110+0000] {processor.py:157} INFO - Started process (PID=470) to work on /home/airflow/.local/lib/python3.8/site-packages/airflow/example_dags/tutorial_dag.py
[2023-11-14T21:37:56.111+0000] {processor.py:829} INFO - Processing file /home/airflow/.local/lib/python3.8/site-packages/airflow/example_dags/tutorial_dag.py for tasks to queue
[2023-11-14T21:37:56.115+0000] {logging_mixin.py:154} INFO - [2023-11-14T21:37:56.115+0000] {dagbag.py:536} INFO - Filling up the DagBag from /home/airflow/.local/lib/python3.8/site-packages/airflow/example_dags/tutorial_dag.py
[2023-11-14T21:37:56.123+0000] {processor.py:839} INFO - DAG(s) dict_keys(['tutorial_dag']) retrieved from /home/airflow/.local/lib/python3.8/site-packages/airflow/example_dags/tutorial_dag.py
[2023-11-14T21:37:56.164+0000] {logging_mixin.py:154} INFO - [2023-11-14T21:37:56.164+0000] {dag.py:2941} INFO - Sync 1 DAGs
[2023-11-14T21:37:56.182+0000] {logging_mixin.py:154} INFO - [2023-11-14T21:37:56.181+0000] {dag.py:3722} INFO - Setting next_dagrun for tutorial_dag to None, run_after=None
[2023-11-14T21:37:56.229+0000] {processor.py:179} INFO - Processing /home/airflow/.local/lib/python3.8/site-packages/airflow/example_dags/tutorial_dag.py took 0.123 seconds
[2023-11-14T21:38:26.770+0000] {processor.py:157} INFO - Started process (PID=536) to work on /home/airflow/.local/lib/python3.8/site-packages/airflow/example_dags/tutorial_dag.py
[2023-11-14T21:38:26.772+0000] {processor.py:829} INFO - Processing file /home/airflow/.local/lib/python3.8/site-packages/airflow/example_dags/tutorial_dag.py for tasks to queue
[2023-11-14T21:38:26.775+0000] {logging_mixin.py:154} INFO - [2023-11-14T21:38:26.775+0000] {dagbag.py:536} INFO - Filling up the DagBag from /home/airflow/.local/lib/python3.8/site-packages/airflow/example_dags/tutorial_dag.py
[2023-11-14T21:38:26.782+0000] {processor.py:839} INFO - DAG(s) dict_keys(['tutorial_dag']) retrieved from /home/airflow/.local/lib/python3.8/site-packages/airflow/example_dags/tutorial_dag.py
[2023-11-14T21:38:26.812+0000] {logging_mixin.py:154} INFO - [2023-11-14T21:38:26.811+0000] {dag.py:2941} INFO - Sync 1 DAGs
[2023-11-14T21:38:26.830+0000] {logging_mixin.py:154} INFO - [2023-11-14T21:38:26.830+0000] {dag.py:3722} INFO - Setting next_dagrun for tutorial_dag to None, run_after=None
[2023-11-14T21:38:26.870+0000] {processor.py:179} INFO - Processing /home/airflow/.local/lib/python3.8/site-packages/airflow/example_dags/tutorial_dag.py took 0.105 seconds
[2023-11-14T21:38:57.135+0000] {processor.py:157} INFO - Started process (PID=590) to work on /home/airflow/.local/lib/python3.8/site-packages/airflow/example_dags/tutorial_dag.py
[2023-11-14T21:38:57.136+0000] {processor.py:829} INFO - Processing file /home/airflow/.local/lib/python3.8/site-packages/airflow/example_dags/tutorial_dag.py for tasks to queue
[2023-11-14T21:38:57.140+0000] {logging_mixin.py:154} INFO - [2023-11-14T21:38:57.139+0000] {dagbag.py:536} INFO - Filling up the DagBag from /home/airflow/.local/lib/python3.8/site-packages/airflow/example_dags/tutorial_dag.py
[2023-11-14T21:38:57.148+0000] {processor.py:839} INFO - DAG(s) dict_keys(['tutorial_dag']) retrieved from /home/airflow/.local/lib/python3.8/site-packages/airflow/example_dags/tutorial_dag.py
[2023-11-14T21:38:57.176+0000] {logging_mixin.py:154} INFO - [2023-11-14T21:38:57.176+0000] {dag.py:2941} INFO - Sync 1 DAGs
[2023-11-14T21:38:57.194+0000] {logging_mixin.py:154} INFO - [2023-11-14T21:38:57.193+0000] {dag.py:3722} INFO - Setting next_dagrun for tutorial_dag to None, run_after=None
[2023-11-14T21:38:57.220+0000] {processor.py:179} INFO - Processing /home/airflow/.local/lib/python3.8/site-packages/airflow/example_dags/tutorial_dag.py took 0.091 seconds
[2023-11-14T21:39:27.463+0000] {processor.py:157} INFO - Started process (PID=644) to work on /home/airflow/.local/lib/python3.8/site-packages/airflow/example_dags/tutorial_dag.py
[2023-11-14T21:39:27.464+0000] {processor.py:829} INFO - Processing file /home/airflow/.local/lib/python3.8/site-packages/airflow/example_dags/tutorial_dag.py for tasks to queue
[2023-11-14T21:39:27.467+0000] {logging_mixin.py:154} INFO - [2023-11-14T21:39:27.467+0000] {dagbag.py:536} INFO - Filling up the DagBag from /home/airflow/.local/lib/python3.8/site-packages/airflow/example_dags/tutorial_dag.py
[2023-11-14T21:39:27.473+0000] {processor.py:839} INFO - DAG(s) dict_keys(['tutorial_dag']) retrieved from /home/airflow/.local/lib/python3.8/site-packages/airflow/example_dags/tutorial_dag.py
[2023-11-14T21:39:27.500+0000] {logging_mixin.py:154} INFO - [2023-11-14T21:39:27.500+0000] {dag.py:2941} INFO - Sync 1 DAGs
[2023-11-14T21:39:27.517+0000] {logging_mixin.py:154} INFO - [2023-11-14T21:39:27.517+0000] {dag.py:3722} INFO - Setting next_dagrun for tutorial_dag to None, run_after=None
[2023-11-14T21:39:27.543+0000] {processor.py:179} INFO - Processing /home/airflow/.local/lib/python3.8/site-packages/airflow/example_dags/tutorial_dag.py took 0.085 seconds
[2023-11-14T21:39:58.057+0000] {processor.py:157} INFO - Started process (PID=699) to work on /home/airflow/.local/lib/python3.8/site-packages/airflow/example_dags/tutorial_dag.py
[2023-11-14T21:39:58.058+0000] {processor.py:829} INFO - Processing file /home/airflow/.local/lib/python3.8/site-packages/airflow/example_dags/tutorial_dag.py for tasks to queue
[2023-11-14T21:39:58.061+0000] {logging_mixin.py:154} INFO - [2023-11-14T21:39:58.060+0000] {dagbag.py:536} INFO - Filling up the DagBag from /home/airflow/.local/lib/python3.8/site-packages/airflow/example_dags/tutorial_dag.py
[2023-11-14T21:39:58.067+0000] {processor.py:839} INFO - DAG(s) dict_keys(['tutorial_dag']) retrieved from /home/airflow/.local/lib/python3.8/site-packages/airflow/example_dags/tutorial_dag.py
[2023-11-14T21:39:58.093+0000] {logging_mixin.py:154} INFO - [2023-11-14T21:39:58.093+0000] {dag.py:2941} INFO - Sync 1 DAGs
[2023-11-14T21:39:58.109+0000] {logging_mixin.py:154} INFO - [2023-11-14T21:39:58.109+0000] {dag.py:3722} INFO - Setting next_dagrun for tutorial_dag to None, run_after=None
[2023-11-14T21:39:58.133+0000] {processor.py:179} INFO - Processing /home/airflow/.local/lib/python3.8/site-packages/airflow/example_dags/tutorial_dag.py took 0.080 seconds
[2023-11-14T21:40:28.427+0000] {processor.py:157} INFO - Started process (PID=754) to work on /home/airflow/.local/lib/python3.8/site-packages/airflow/example_dags/tutorial_dag.py
[2023-11-14T21:40:28.429+0000] {processor.py:829} INFO - Processing file /home/airflow/.local/lib/python3.8/site-packages/airflow/example_dags/tutorial_dag.py for tasks to queue
[2023-11-14T21:40:28.431+0000] {logging_mixin.py:154} INFO - [2023-11-14T21:40:28.431+0000] {dagbag.py:536} INFO - Filling up the DagBag from /home/airflow/.local/lib/python3.8/site-packages/airflow/example_dags/tutorial_dag.py
[2023-11-14T21:40:28.437+0000] {processor.py:839} INFO - DAG(s) dict_keys(['tutorial_dag']) retrieved from /home/airflow/.local/lib/python3.8/site-packages/airflow/example_dags/tutorial_dag.py
[2023-11-14T21:40:28.461+0000] {logging_mixin.py:154} INFO - [2023-11-14T21:40:28.461+0000] {dag.py:2941} INFO - Sync 1 DAGs
[2023-11-14T21:40:28.476+0000] {logging_mixin.py:154} INFO - [2023-11-14T21:40:28.476+0000] {dag.py:3722} INFO - Setting next_dagrun for tutorial_dag to None, run_after=None
[2023-11-14T21:40:28.499+0000] {processor.py:179} INFO - Processing /home/airflow/.local/lib/python3.8/site-packages/airflow/example_dags/tutorial_dag.py took 0.076 seconds
[2023-11-14T21:40:58.877+0000] {processor.py:157} INFO - Started process (PID=809) to work on /home/airflow/.local/lib/python3.8/site-packages/airflow/example_dags/tutorial_dag.py
[2023-11-14T21:40:58.878+0000] {processor.py:829} INFO - Processing file /home/airflow/.local/lib/python3.8/site-packages/airflow/example_dags/tutorial_dag.py for tasks to queue
[2023-11-14T21:40:58.880+0000] {logging_mixin.py:154} INFO - [2023-11-14T21:40:58.880+0000] {dagbag.py:536} INFO - Filling up the DagBag from /home/airflow/.local/lib/python3.8/site-packages/airflow/example_dags/tutorial_dag.py
[2023-11-14T21:40:58.888+0000] {processor.py:839} INFO - DAG(s) dict_keys(['tutorial_dag']) retrieved from /home/airflow/.local/lib/python3.8/site-packages/airflow/example_dags/tutorial_dag.py
[2023-11-14T21:40:58.915+0000] {logging_mixin.py:154} INFO - [2023-11-14T21:40:58.915+0000] {dag.py:2941} INFO - Sync 1 DAGs
[2023-11-14T21:40:58.938+0000] {logging_mixin.py:154} INFO - [2023-11-14T21:40:58.938+0000] {dag.py:3722} INFO - Setting next_dagrun for tutorial_dag to None, run_after=None
[2023-11-14T21:40:58.965+0000] {processor.py:179} INFO - Processing /home/airflow/.local/lib/python3.8/site-packages/airflow/example_dags/tutorial_dag.py took 0.092 seconds
[2023-11-14T21:41:29.853+0000] {processor.py:157} INFO - Started process (PID=863) to work on /home/airflow/.local/lib/python3.8/site-packages/airflow/example_dags/tutorial_dag.py
[2023-11-14T21:41:29.855+0000] {processor.py:829} INFO - Processing file /home/airflow/.local/lib/python3.8/site-packages/airflow/example_dags/tutorial_dag.py for tasks to queue
[2023-11-14T21:41:29.858+0000] {logging_mixin.py:154} INFO - [2023-11-14T21:41:29.858+0000] {dagbag.py:536} INFO - Filling up the DagBag from /home/airflow/.local/lib/python3.8/site-packages/airflow/example_dags/tutorial_dag.py
[2023-11-14T21:41:29.865+0000] {processor.py:839} INFO - DAG(s) dict_keys(['tutorial_dag']) retrieved from /home/airflow/.local/lib/python3.8/site-packages/airflow/example_dags/tutorial_dag.py
[2023-11-14T21:41:29.893+0000] {logging_mixin.py:154} INFO - [2023-11-14T21:41:29.893+0000] {dag.py:2941} INFO - Sync 1 DAGs
[2023-11-14T21:41:29.910+0000] {logging_mixin.py:154} INFO - [2023-11-14T21:41:29.910+0000] {dag.py:3722} INFO - Setting next_dagrun for tutorial_dag to None, run_after=None
[2023-11-14T21:41:29.938+0000] {processor.py:179} INFO - Processing /home/airflow/.local/lib/python3.8/site-packages/airflow/example_dags/tutorial_dag.py took 0.089 seconds
[2023-11-14T21:42:00.646+0000] {processor.py:157} INFO - Started process (PID=917) to work on /home/airflow/.local/lib/python3.8/site-packages/airflow/example_dags/tutorial_dag.py
[2023-11-14T21:42:00.647+0000] {processor.py:829} INFO - Processing file /home/airflow/.local/lib/python3.8/site-packages/airflow/example_dags/tutorial_dag.py for tasks to queue
[2023-11-14T21:42:00.650+0000] {logging_mixin.py:154} INFO - [2023-11-14T21:42:00.649+0000] {dagbag.py:536} INFO - Filling up the DagBag from /home/airflow/.local/lib/python3.8/site-packages/airflow/example_dags/tutorial_dag.py
[2023-11-14T21:42:00.657+0000] {processor.py:839} INFO - DAG(s) dict_keys(['tutorial_dag']) retrieved from /home/airflow/.local/lib/python3.8/site-packages/airflow/example_dags/tutorial_dag.py
[2023-11-14T21:42:00.687+0000] {logging_mixin.py:154} INFO - [2023-11-14T21:42:00.687+0000] {dag.py:2941} INFO - Sync 1 DAGs
[2023-11-14T21:42:00.711+0000] {logging_mixin.py:154} INFO - [2023-11-14T21:42:00.710+0000] {dag.py:3722} INFO - Setting next_dagrun for tutorial_dag to None, run_after=None
[2023-11-14T21:42:00.747+0000] {processor.py:179} INFO - Processing /home/airflow/.local/lib/python3.8/site-packages/airflow/example_dags/tutorial_dag.py took 0.107 seconds
[2023-11-14T21:42:30.869+0000] {processor.py:157} INFO - Started process (PID=971) to work on /home/airflow/.local/lib/python3.8/site-packages/airflow/example_dags/tutorial_dag.py
[2023-11-14T21:42:30.870+0000] {processor.py:829} INFO - Processing file /home/airflow/.local/lib/python3.8/site-packages/airflow/example_dags/tutorial_dag.py for tasks to queue
[2023-11-14T21:42:30.873+0000] {logging_mixin.py:154} INFO - [2023-11-14T21:42:30.872+0000] {dagbag.py:536} INFO - Filling up the DagBag from /home/airflow/.local/lib/python3.8/site-packages/airflow/example_dags/tutorial_dag.py
[2023-11-14T21:42:30.879+0000] {processor.py:839} INFO - DAG(s) dict_keys(['tutorial_dag']) retrieved from /home/airflow/.local/lib/python3.8/site-packages/airflow/example_dags/tutorial_dag.py
[2023-11-14T21:42:30.905+0000] {logging_mixin.py:154} INFO - [2023-11-14T21:42:30.905+0000] {dag.py:2941} INFO - Sync 1 DAGs
[2023-11-14T21:42:30.920+0000] {logging_mixin.py:154} INFO - [2023-11-14T21:42:30.920+0000] {dag.py:3722} INFO - Setting next_dagrun for tutorial_dag to None, run_after=None
[2023-11-14T21:42:30.942+0000] {processor.py:179} INFO - Processing /home/airflow/.local/lib/python3.8/site-packages/airflow/example_dags/tutorial_dag.py took 0.078 seconds
[2023-11-14T21:43:01.120+0000] {processor.py:157} INFO - Started process (PID=1026) to work on /home/airflow/.local/lib/python3.8/site-packages/airflow/example_dags/tutorial_dag.py
[2023-11-14T21:43:01.121+0000] {processor.py:829} INFO - Processing file /home/airflow/.local/lib/python3.8/site-packages/airflow/example_dags/tutorial_dag.py for tasks to queue
[2023-11-14T21:43:01.124+0000] {logging_mixin.py:154} INFO - [2023-11-14T21:43:01.124+0000] {dagbag.py:536} INFO - Filling up the DagBag from /home/airflow/.local/lib/python3.8/site-packages/airflow/example_dags/tutorial_dag.py
[2023-11-14T21:43:01.131+0000] {processor.py:839} INFO - DAG(s) dict_keys(['tutorial_dag']) retrieved from /home/airflow/.local/lib/python3.8/site-packages/airflow/example_dags/tutorial_dag.py
[2023-11-14T21:43:01.158+0000] {logging_mixin.py:154} INFO - [2023-11-14T21:43:01.158+0000] {dag.py:2941} INFO - Sync 1 DAGs
[2023-11-14T21:43:01.174+0000] {logging_mixin.py:154} INFO - [2023-11-14T21:43:01.173+0000] {dag.py:3722} INFO - Setting next_dagrun for tutorial_dag to None, run_after=None
[2023-11-14T21:43:01.198+0000] {processor.py:179} INFO - Processing /home/airflow/.local/lib/python3.8/site-packages/airflow/example_dags/tutorial_dag.py took 0.085 seconds
[2023-11-14T21:43:32.025+0000] {processor.py:157} INFO - Started process (PID=1080) to work on /home/airflow/.local/lib/python3.8/site-packages/airflow/example_dags/tutorial_dag.py
[2023-11-14T21:43:32.027+0000] {processor.py:829} INFO - Processing file /home/airflow/.local/lib/python3.8/site-packages/airflow/example_dags/tutorial_dag.py for tasks to queue
[2023-11-14T21:43:32.031+0000] {logging_mixin.py:154} INFO - [2023-11-14T21:43:32.031+0000] {dagbag.py:536} INFO - Filling up the DagBag from /home/airflow/.local/lib/python3.8/site-packages/airflow/example_dags/tutorial_dag.py
[2023-11-14T21:43:32.039+0000] {processor.py:839} INFO - DAG(s) dict_keys(['tutorial_dag']) retrieved from /home/airflow/.local/lib/python3.8/site-packages/airflow/example_dags/tutorial_dag.py
[2023-11-14T21:43:32.063+0000] {logging_mixin.py:154} INFO - [2023-11-14T21:43:32.063+0000] {dag.py:2941} INFO - Sync 1 DAGs
[2023-11-14T21:43:32.079+0000] {logging_mixin.py:154} INFO - [2023-11-14T21:43:32.079+0000] {dag.py:3722} INFO - Setting next_dagrun for tutorial_dag to None, run_after=None
[2023-11-14T21:43:32.103+0000] {processor.py:179} INFO - Processing /home/airflow/.local/lib/python3.8/site-packages/airflow/example_dags/tutorial_dag.py took 0.087 seconds
[2023-11-14T21:44:02.461+0000] {processor.py:157} INFO - Started process (PID=1134) to work on /home/airflow/.local/lib/python3.8/site-packages/airflow/example_dags/tutorial_dag.py
[2023-11-14T21:44:02.462+0000] {processor.py:829} INFO - Processing file /home/airflow/.local/lib/python3.8/site-packages/airflow/example_dags/tutorial_dag.py for tasks to queue
[2023-11-14T21:44:02.466+0000] {logging_mixin.py:154} INFO - [2023-11-14T21:44:02.465+0000] {dagbag.py:536} INFO - Filling up the DagBag from /home/airflow/.local/lib/python3.8/site-packages/airflow/example_dags/tutorial_dag.py
[2023-11-14T21:44:02.473+0000] {processor.py:839} INFO - DAG(s) dict_keys(['tutorial_dag']) retrieved from /home/airflow/.local/lib/python3.8/site-packages/airflow/example_dags/tutorial_dag.py
[2023-11-14T21:44:02.503+0000] {logging_mixin.py:154} INFO - [2023-11-14T21:44:02.502+0000] {dag.py:2941} INFO - Sync 1 DAGs
[2023-11-14T21:44:02.522+0000] {logging_mixin.py:154} INFO - [2023-11-14T21:44:02.522+0000] {dag.py:3722} INFO - Setting next_dagrun for tutorial_dag to None, run_after=None
[2023-11-14T21:44:02.564+0000] {processor.py:179} INFO - Processing /home/airflow/.local/lib/python3.8/site-packages/airflow/example_dags/tutorial_dag.py took 0.109 seconds
[2023-11-14T21:44:32.766+0000] {processor.py:157} INFO - Started process (PID=1188) to work on /home/airflow/.local/lib/python3.8/site-packages/airflow/example_dags/tutorial_dag.py
[2023-11-14T21:44:32.767+0000] {processor.py:829} INFO - Processing file /home/airflow/.local/lib/python3.8/site-packages/airflow/example_dags/tutorial_dag.py for tasks to queue
[2023-11-14T21:44:32.769+0000] {logging_mixin.py:154} INFO - [2023-11-14T21:44:32.769+0000] {dagbag.py:536} INFO - Filling up the DagBag from /home/airflow/.local/lib/python3.8/site-packages/airflow/example_dags/tutorial_dag.py
[2023-11-14T21:44:32.776+0000] {processor.py:839} INFO - DAG(s) dict_keys(['tutorial_dag']) retrieved from /home/airflow/.local/lib/python3.8/site-packages/airflow/example_dags/tutorial_dag.py
[2023-11-14T21:44:32.801+0000] {logging_mixin.py:154} INFO - [2023-11-14T21:44:32.800+0000] {dag.py:2941} INFO - Sync 1 DAGs
[2023-11-14T21:44:32.816+0000] {logging_mixin.py:154} INFO - [2023-11-14T21:44:32.816+0000] {dag.py:3722} INFO - Setting next_dagrun for tutorial_dag to None, run_after=None
[2023-11-14T21:44:32.838+0000] {processor.py:179} INFO - Processing /home/airflow/.local/lib/python3.8/site-packages/airflow/example_dags/tutorial_dag.py took 0.077 seconds
[2023-11-14T21:45:03.575+0000] {processor.py:157} INFO - Started process (PID=1242) to work on /home/airflow/.local/lib/python3.8/site-packages/airflow/example_dags/tutorial_dag.py
[2023-11-14T21:45:03.577+0000] {processor.py:829} INFO - Processing file /home/airflow/.local/lib/python3.8/site-packages/airflow/example_dags/tutorial_dag.py for tasks to queue
[2023-11-14T21:45:03.580+0000] {logging_mixin.py:154} INFO - [2023-11-14T21:45:03.579+0000] {dagbag.py:536} INFO - Filling up the DagBag from /home/airflow/.local/lib/python3.8/site-packages/airflow/example_dags/tutorial_dag.py
[2023-11-14T21:45:03.586+0000] {processor.py:839} INFO - DAG(s) dict_keys(['tutorial_dag']) retrieved from /home/airflow/.local/lib/python3.8/site-packages/airflow/example_dags/tutorial_dag.py
[2023-11-14T21:45:03.615+0000] {logging_mixin.py:154} INFO - [2023-11-14T21:45:03.614+0000] {dag.py:2941} INFO - Sync 1 DAGs
[2023-11-14T21:45:03.630+0000] {logging_mixin.py:154} INFO - [2023-11-14T21:45:03.630+0000] {dag.py:3722} INFO - Setting next_dagrun for tutorial_dag to None, run_after=None
[2023-11-14T21:45:03.654+0000] {processor.py:179} INFO - Processing /home/airflow/.local/lib/python3.8/site-packages/airflow/example_dags/tutorial_dag.py took 0.083 seconds
[2023-11-14T21:45:33.975+0000] {processor.py:157} INFO - Started process (PID=1296) to work on /home/airflow/.local/lib/python3.8/site-packages/airflow/example_dags/tutorial_dag.py
[2023-11-14T21:45:33.976+0000] {processor.py:829} INFO - Processing file /home/airflow/.local/lib/python3.8/site-packages/airflow/example_dags/tutorial_dag.py for tasks to queue
[2023-11-14T21:45:33.979+0000] {logging_mixin.py:154} INFO - [2023-11-14T21:45:33.978+0000] {dagbag.py:536} INFO - Filling up the DagBag from /home/airflow/.local/lib/python3.8/site-packages/airflow/example_dags/tutorial_dag.py
[2023-11-14T21:45:33.985+0000] {processor.py:839} INFO - DAG(s) dict_keys(['tutorial_dag']) retrieved from /home/airflow/.local/lib/python3.8/site-packages/airflow/example_dags/tutorial_dag.py
[2023-11-14T21:45:34.010+0000] {logging_mixin.py:154} INFO - [2023-11-14T21:45:34.010+0000] {dag.py:2941} INFO - Sync 1 DAGs
[2023-11-14T21:45:34.025+0000] {logging_mixin.py:154} INFO - [2023-11-14T21:45:34.025+0000] {dag.py:3722} INFO - Setting next_dagrun for tutorial_dag to None, run_after=None
[2023-11-14T21:45:34.049+0000] {processor.py:179} INFO - Processing /home/airflow/.local/lib/python3.8/site-packages/airflow/example_dags/tutorial_dag.py took 0.079 seconds
[2023-11-14T21:46:04.740+0000] {processor.py:157} INFO - Started process (PID=1350) to work on /home/airflow/.local/lib/python3.8/site-packages/airflow/example_dags/tutorial_dag.py
[2023-11-14T21:46:04.742+0000] {processor.py:829} INFO - Processing file /home/airflow/.local/lib/python3.8/site-packages/airflow/example_dags/tutorial_dag.py for tasks to queue
[2023-11-14T21:46:04.748+0000] {logging_mixin.py:154} INFO - [2023-11-14T21:46:04.747+0000] {dagbag.py:536} INFO - Filling up the DagBag from /home/airflow/.local/lib/python3.8/site-packages/airflow/example_dags/tutorial_dag.py
[2023-11-14T21:46:04.759+0000] {processor.py:839} INFO - DAG(s) dict_keys(['tutorial_dag']) retrieved from /home/airflow/.local/lib/python3.8/site-packages/airflow/example_dags/tutorial_dag.py
[2023-11-14T21:46:04.785+0000] {logging_mixin.py:154} INFO - [2023-11-14T21:46:04.785+0000] {dag.py:2941} INFO - Sync 1 DAGs
[2023-11-14T21:46:04.966+0000] {logging_mixin.py:154} INFO - [2023-11-14T21:46:04.966+0000] {dag.py:3722} INFO - Setting next_dagrun for tutorial_dag to None, run_after=None
[2023-11-14T21:46:05.006+0000] {processor.py:179} INFO - Processing /home/airflow/.local/lib/python3.8/site-packages/airflow/example_dags/tutorial_dag.py took 0.277 seconds
[2023-11-14T21:46:35.262+0000] {processor.py:157} INFO - Started process (PID=1404) to work on /home/airflow/.local/lib/python3.8/site-packages/airflow/example_dags/tutorial_dag.py
[2023-11-14T21:46:35.263+0000] {processor.py:829} INFO - Processing file /home/airflow/.local/lib/python3.8/site-packages/airflow/example_dags/tutorial_dag.py for tasks to queue
[2023-11-14T21:46:35.266+0000] {logging_mixin.py:154} INFO - [2023-11-14T21:46:35.265+0000] {dagbag.py:536} INFO - Filling up the DagBag from /home/airflow/.local/lib/python3.8/site-packages/airflow/example_dags/tutorial_dag.py
[2023-11-14T21:46:35.272+0000] {processor.py:839} INFO - DAG(s) dict_keys(['tutorial_dag']) retrieved from /home/airflow/.local/lib/python3.8/site-packages/airflow/example_dags/tutorial_dag.py
[2023-11-14T21:46:35.299+0000] {logging_mixin.py:154} INFO - [2023-11-14T21:46:35.298+0000] {dag.py:2941} INFO - Sync 1 DAGs
[2023-11-14T21:46:35.315+0000] {logging_mixin.py:154} INFO - [2023-11-14T21:46:35.314+0000] {dag.py:3722} INFO - Setting next_dagrun for tutorial_dag to None, run_after=None
[2023-11-14T21:46:35.341+0000] {processor.py:179} INFO - Processing /home/airflow/.local/lib/python3.8/site-packages/airflow/example_dags/tutorial_dag.py took 0.083 seconds
[2023-11-14T21:47:06.094+0000] {processor.py:157} INFO - Started process (PID=1458) to work on /home/airflow/.local/lib/python3.8/site-packages/airflow/example_dags/tutorial_dag.py
[2023-11-14T21:47:06.095+0000] {processor.py:829} INFO - Processing file /home/airflow/.local/lib/python3.8/site-packages/airflow/example_dags/tutorial_dag.py for tasks to queue
[2023-11-14T21:47:06.098+0000] {logging_mixin.py:154} INFO - [2023-11-14T21:47:06.098+0000] {dagbag.py:536} INFO - Filling up the DagBag from /home/airflow/.local/lib/python3.8/site-packages/airflow/example_dags/tutorial_dag.py
[2023-11-14T21:47:06.106+0000] {processor.py:839} INFO - DAG(s) dict_keys(['tutorial_dag']) retrieved from /home/airflow/.local/lib/python3.8/site-packages/airflow/example_dags/tutorial_dag.py
[2023-11-14T21:47:06.133+0000] {logging_mixin.py:154} INFO - [2023-11-14T21:47:06.133+0000] {dag.py:2941} INFO - Sync 1 DAGs
[2023-11-14T21:47:06.151+0000] {logging_mixin.py:154} INFO - [2023-11-14T21:47:06.151+0000] {dag.py:3722} INFO - Setting next_dagrun for tutorial_dag to None, run_after=None
[2023-11-14T21:47:06.180+0000] {processor.py:179} INFO - Processing /home/airflow/.local/lib/python3.8/site-packages/airflow/example_dags/tutorial_dag.py took 0.092 seconds
[2023-11-14T21:47:37.258+0000] {processor.py:157} INFO - Started process (PID=1512) to work on /home/airflow/.local/lib/python3.8/site-packages/airflow/example_dags/tutorial_dag.py
[2023-11-14T21:47:37.259+0000] {processor.py:829} INFO - Processing file /home/airflow/.local/lib/python3.8/site-packages/airflow/example_dags/tutorial_dag.py for tasks to queue
[2023-11-14T21:47:37.263+0000] {logging_mixin.py:154} INFO - [2023-11-14T21:47:37.263+0000] {dagbag.py:536} INFO - Filling up the DagBag from /home/airflow/.local/lib/python3.8/site-packages/airflow/example_dags/tutorial_dag.py
[2023-11-14T21:47:37.271+0000] {processor.py:839} INFO - DAG(s) dict_keys(['tutorial_dag']) retrieved from /home/airflow/.local/lib/python3.8/site-packages/airflow/example_dags/tutorial_dag.py
[2023-11-14T21:47:37.406+0000] {logging_mixin.py:154} INFO - [2023-11-14T21:47:37.406+0000] {dag.py:2941} INFO - Sync 1 DAGs
[2023-11-14T21:47:37.616+0000] {logging_mixin.py:154} INFO - [2023-11-14T21:47:37.616+0000] {dag.py:3722} INFO - Setting next_dagrun for tutorial_dag to None, run_after=None
[2023-11-14T21:47:37.665+0000] {processor.py:179} INFO - Processing /home/airflow/.local/lib/python3.8/site-packages/airflow/example_dags/tutorial_dag.py took 0.413 seconds
[2023-11-14T21:48:08.012+0000] {processor.py:157} INFO - Started process (PID=1573) to work on /home/airflow/.local/lib/python3.8/site-packages/airflow/example_dags/tutorial_dag.py
[2023-11-14T21:48:08.013+0000] {processor.py:829} INFO - Processing file /home/airflow/.local/lib/python3.8/site-packages/airflow/example_dags/tutorial_dag.py for tasks to queue
[2023-11-14T21:48:08.017+0000] {logging_mixin.py:154} INFO - [2023-11-14T21:48:08.016+0000] {dagbag.py:536} INFO - Filling up the DagBag from /home/airflow/.local/lib/python3.8/site-packages/airflow/example_dags/tutorial_dag.py
[2023-11-14T21:48:08.027+0000] {processor.py:839} INFO - DAG(s) dict_keys(['tutorial_dag']) retrieved from /home/airflow/.local/lib/python3.8/site-packages/airflow/example_dags/tutorial_dag.py
[2023-11-14T21:48:08.063+0000] {logging_mixin.py:154} INFO - [2023-11-14T21:48:08.063+0000] {dag.py:2941} INFO - Sync 1 DAGs
[2023-11-14T21:48:08.081+0000] {logging_mixin.py:154} INFO - [2023-11-14T21:48:08.081+0000] {dag.py:3722} INFO - Setting next_dagrun for tutorial_dag to None, run_after=None
[2023-11-14T21:48:08.106+0000] {processor.py:179} INFO - Processing /home/airflow/.local/lib/python3.8/site-packages/airflow/example_dags/tutorial_dag.py took 0.099 seconds
[2023-11-14T21:48:39.085+0000] {processor.py:157} INFO - Started process (PID=1628) to work on /home/airflow/.local/lib/python3.8/site-packages/airflow/example_dags/tutorial_dag.py
[2023-11-14T21:48:39.086+0000] {processor.py:829} INFO - Processing file /home/airflow/.local/lib/python3.8/site-packages/airflow/example_dags/tutorial_dag.py for tasks to queue
[2023-11-14T21:48:39.088+0000] {logging_mixin.py:154} INFO - [2023-11-14T21:48:39.088+0000] {dagbag.py:536} INFO - Filling up the DagBag from /home/airflow/.local/lib/python3.8/site-packages/airflow/example_dags/tutorial_dag.py
[2023-11-14T21:48:39.095+0000] {processor.py:839} INFO - DAG(s) dict_keys(['tutorial_dag']) retrieved from /home/airflow/.local/lib/python3.8/site-packages/airflow/example_dags/tutorial_dag.py
[2023-11-14T21:48:39.309+0000] {logging_mixin.py:154} INFO - [2023-11-14T21:48:39.309+0000] {dag.py:2941} INFO - Sync 1 DAGs
[2023-11-14T21:48:39.329+0000] {logging_mixin.py:154} INFO - [2023-11-14T21:48:39.329+0000] {dag.py:3722} INFO - Setting next_dagrun for tutorial_dag to None, run_after=None
[2023-11-14T21:48:39.365+0000] {processor.py:179} INFO - Processing /home/airflow/.local/lib/python3.8/site-packages/airflow/example_dags/tutorial_dag.py took 0.284 seconds
[2023-11-14T21:49:09.909+0000] {processor.py:157} INFO - Started process (PID=1682) to work on /home/airflow/.local/lib/python3.8/site-packages/airflow/example_dags/tutorial_dag.py
[2023-11-14T21:49:09.910+0000] {processor.py:829} INFO - Processing file /home/airflow/.local/lib/python3.8/site-packages/airflow/example_dags/tutorial_dag.py for tasks to queue
[2023-11-14T21:49:09.913+0000] {logging_mixin.py:154} INFO - [2023-11-14T21:49:09.912+0000] {dagbag.py:536} INFO - Filling up the DagBag from /home/airflow/.local/lib/python3.8/site-packages/airflow/example_dags/tutorial_dag.py
[2023-11-14T21:49:09.922+0000] {processor.py:839} INFO - DAG(s) dict_keys(['tutorial_dag']) retrieved from /home/airflow/.local/lib/python3.8/site-packages/airflow/example_dags/tutorial_dag.py
[2023-11-14T21:49:09.947+0000] {logging_mixin.py:154} INFO - [2023-11-14T21:49:09.947+0000] {dag.py:2941} INFO - Sync 1 DAGs
[2023-11-14T21:49:10.104+0000] {logging_mixin.py:154} INFO - [2023-11-14T21:49:10.104+0000] {dag.py:3722} INFO - Setting next_dagrun for tutorial_dag to None, run_after=None
[2023-11-14T21:49:10.149+0000] {processor.py:179} INFO - Processing /home/airflow/.local/lib/python3.8/site-packages/airflow/example_dags/tutorial_dag.py took 0.244 seconds
[2023-11-14T21:49:40.496+0000] {processor.py:157} INFO - Started process (PID=1736) to work on /home/airflow/.local/lib/python3.8/site-packages/airflow/example_dags/tutorial_dag.py
[2023-11-14T21:49:40.497+0000] {processor.py:829} INFO - Processing file /home/airflow/.local/lib/python3.8/site-packages/airflow/example_dags/tutorial_dag.py for tasks to queue
[2023-11-14T21:49:40.500+0000] {logging_mixin.py:154} INFO - [2023-11-14T21:49:40.500+0000] {dagbag.py:536} INFO - Filling up the DagBag from /home/airflow/.local/lib/python3.8/site-packages/airflow/example_dags/tutorial_dag.py
[2023-11-14T21:49:40.509+0000] {processor.py:839} INFO - DAG(s) dict_keys(['tutorial_dag']) retrieved from /home/airflow/.local/lib/python3.8/site-packages/airflow/example_dags/tutorial_dag.py
[2023-11-14T21:49:40.535+0000] {logging_mixin.py:154} INFO - [2023-11-14T21:49:40.535+0000] {dag.py:2941} INFO - Sync 1 DAGs
[2023-11-14T21:49:40.550+0000] {logging_mixin.py:154} INFO - [2023-11-14T21:49:40.550+0000] {dag.py:3722} INFO - Setting next_dagrun for tutorial_dag to None, run_after=None
[2023-11-14T21:49:40.574+0000] {processor.py:179} INFO - Processing /home/airflow/.local/lib/python3.8/site-packages/airflow/example_dags/tutorial_dag.py took 0.083 seconds
[2023-11-14T21:50:11.302+0000] {processor.py:157} INFO - Started process (PID=1790) to work on /home/airflow/.local/lib/python3.8/site-packages/airflow/example_dags/tutorial_dag.py
[2023-11-14T21:50:11.303+0000] {processor.py:829} INFO - Processing file /home/airflow/.local/lib/python3.8/site-packages/airflow/example_dags/tutorial_dag.py for tasks to queue
[2023-11-14T21:50:11.307+0000] {logging_mixin.py:154} INFO - [2023-11-14T21:50:11.306+0000] {dagbag.py:536} INFO - Filling up the DagBag from /home/airflow/.local/lib/python3.8/site-packages/airflow/example_dags/tutorial_dag.py
[2023-11-14T21:50:11.314+0000] {processor.py:839} INFO - DAG(s) dict_keys(['tutorial_dag']) retrieved from /home/airflow/.local/lib/python3.8/site-packages/airflow/example_dags/tutorial_dag.py
[2023-11-14T21:50:11.347+0000] {logging_mixin.py:154} INFO - [2023-11-14T21:50:11.346+0000] {dag.py:2941} INFO - Sync 1 DAGs
[2023-11-14T21:50:11.371+0000] {logging_mixin.py:154} INFO - [2023-11-14T21:50:11.370+0000] {dag.py:3722} INFO - Setting next_dagrun for tutorial_dag to None, run_after=None
[2023-11-14T21:50:11.398+0000] {processor.py:179} INFO - Processing /home/airflow/.local/lib/python3.8/site-packages/airflow/example_dags/tutorial_dag.py took 0.101 seconds
[2023-11-14T21:50:41.498+0000] {processor.py:157} INFO - Started process (PID=1844) to work on /home/airflow/.local/lib/python3.8/site-packages/airflow/example_dags/tutorial_dag.py
[2023-11-14T21:50:41.499+0000] {processor.py:829} INFO - Processing file /home/airflow/.local/lib/python3.8/site-packages/airflow/example_dags/tutorial_dag.py for tasks to queue
[2023-11-14T21:50:41.503+0000] {logging_mixin.py:154} INFO - [2023-11-14T21:50:41.502+0000] {dagbag.py:536} INFO - Filling up the DagBag from /home/airflow/.local/lib/python3.8/site-packages/airflow/example_dags/tutorial_dag.py
[2023-11-14T21:50:41.511+0000] {processor.py:839} INFO - DAG(s) dict_keys(['tutorial_dag']) retrieved from /home/airflow/.local/lib/python3.8/site-packages/airflow/example_dags/tutorial_dag.py
[2023-11-14T21:50:41.544+0000] {logging_mixin.py:154} INFO - [2023-11-14T21:50:41.544+0000] {dag.py:2941} INFO - Sync 1 DAGs
[2023-11-14T21:50:41.568+0000] {logging_mixin.py:154} INFO - [2023-11-14T21:50:41.567+0000] {dag.py:3722} INFO - Setting next_dagrun for tutorial_dag to None, run_after=None
[2023-11-14T21:50:41.612+0000] {processor.py:179} INFO - Processing /home/airflow/.local/lib/python3.8/site-packages/airflow/example_dags/tutorial_dag.py took 0.121 seconds
[2023-11-14T21:51:11.926+0000] {processor.py:157} INFO - Started process (PID=1898) to work on /home/airflow/.local/lib/python3.8/site-packages/airflow/example_dags/tutorial_dag.py
[2023-11-14T21:51:11.928+0000] {processor.py:829} INFO - Processing file /home/airflow/.local/lib/python3.8/site-packages/airflow/example_dags/tutorial_dag.py for tasks to queue
[2023-11-14T21:51:11.930+0000] {logging_mixin.py:154} INFO - [2023-11-14T21:51:11.930+0000] {dagbag.py:536} INFO - Filling up the DagBag from /home/airflow/.local/lib/python3.8/site-packages/airflow/example_dags/tutorial_dag.py
[2023-11-14T21:51:11.939+0000] {processor.py:839} INFO - DAG(s) dict_keys(['tutorial_dag']) retrieved from /home/airflow/.local/lib/python3.8/site-packages/airflow/example_dags/tutorial_dag.py
[2023-11-14T21:51:11.966+0000] {logging_mixin.py:154} INFO - [2023-11-14T21:51:11.966+0000] {dag.py:2941} INFO - Sync 1 DAGs
[2023-11-14T21:51:11.982+0000] {logging_mixin.py:154} INFO - [2023-11-14T21:51:11.982+0000] {dag.py:3722} INFO - Setting next_dagrun for tutorial_dag to None, run_after=None
[2023-11-14T21:51:12.009+0000] {processor.py:179} INFO - Processing /home/airflow/.local/lib/python3.8/site-packages/airflow/example_dags/tutorial_dag.py took 0.087 seconds
[2023-11-14T21:51:42.736+0000] {processor.py:157} INFO - Started process (PID=1952) to work on /home/airflow/.local/lib/python3.8/site-packages/airflow/example_dags/tutorial_dag.py
[2023-11-14T21:51:42.738+0000] {processor.py:829} INFO - Processing file /home/airflow/.local/lib/python3.8/site-packages/airflow/example_dags/tutorial_dag.py for tasks to queue
[2023-11-14T21:51:42.741+0000] {logging_mixin.py:154} INFO - [2023-11-14T21:51:42.741+0000] {dagbag.py:536} INFO - Filling up the DagBag from /home/airflow/.local/lib/python3.8/site-packages/airflow/example_dags/tutorial_dag.py
[2023-11-14T21:51:42.749+0000] {processor.py:839} INFO - DAG(s) dict_keys(['tutorial_dag']) retrieved from /home/airflow/.local/lib/python3.8/site-packages/airflow/example_dags/tutorial_dag.py
[2023-11-14T21:51:42.776+0000] {logging_mixin.py:154} INFO - [2023-11-14T21:51:42.775+0000] {dag.py:2941} INFO - Sync 1 DAGs
[2023-11-14T21:51:42.791+0000] {logging_mixin.py:154} INFO - [2023-11-14T21:51:42.791+0000] {dag.py:3722} INFO - Setting next_dagrun for tutorial_dag to None, run_after=None
[2023-11-14T21:51:42.814+0000] {processor.py:179} INFO - Processing /home/airflow/.local/lib/python3.8/site-packages/airflow/example_dags/tutorial_dag.py took 0.083 seconds
[2023-11-14T21:52:13.207+0000] {processor.py:157} INFO - Started process (PID=2007) to work on /home/airflow/.local/lib/python3.8/site-packages/airflow/example_dags/tutorial_dag.py
[2023-11-14T21:52:13.209+0000] {processor.py:829} INFO - Processing file /home/airflow/.local/lib/python3.8/site-packages/airflow/example_dags/tutorial_dag.py for tasks to queue
[2023-11-14T21:52:13.216+0000] {logging_mixin.py:154} INFO - [2023-11-14T21:52:13.215+0000] {dagbag.py:536} INFO - Filling up the DagBag from /home/airflow/.local/lib/python3.8/site-packages/airflow/example_dags/tutorial_dag.py
[2023-11-14T21:52:13.227+0000] {processor.py:839} INFO - DAG(s) dict_keys(['tutorial_dag']) retrieved from /home/airflow/.local/lib/python3.8/site-packages/airflow/example_dags/tutorial_dag.py
[2023-11-14T21:52:13.276+0000] {logging_mixin.py:154} INFO - [2023-11-14T21:52:13.275+0000] {dag.py:2941} INFO - Sync 1 DAGs
[2023-11-14T21:52:13.304+0000] {logging_mixin.py:154} INFO - [2023-11-14T21:52:13.303+0000] {dag.py:3722} INFO - Setting next_dagrun for tutorial_dag to None, run_after=None
[2023-11-14T21:52:13.342+0000] {processor.py:179} INFO - Processing /home/airflow/.local/lib/python3.8/site-packages/airflow/example_dags/tutorial_dag.py took 0.142 seconds
[2023-11-14T21:52:43.739+0000] {processor.py:157} INFO - Started process (PID=2061) to work on /home/airflow/.local/lib/python3.8/site-packages/airflow/example_dags/tutorial_dag.py
[2023-11-14T21:52:43.741+0000] {processor.py:829} INFO - Processing file /home/airflow/.local/lib/python3.8/site-packages/airflow/example_dags/tutorial_dag.py for tasks to queue
[2023-11-14T21:52:43.744+0000] {logging_mixin.py:154} INFO - [2023-11-14T21:52:43.743+0000] {dagbag.py:536} INFO - Filling up the DagBag from /home/airflow/.local/lib/python3.8/site-packages/airflow/example_dags/tutorial_dag.py
[2023-11-14T21:52:43.751+0000] {processor.py:839} INFO - DAG(s) dict_keys(['tutorial_dag']) retrieved from /home/airflow/.local/lib/python3.8/site-packages/airflow/example_dags/tutorial_dag.py
[2023-11-14T21:52:43.779+0000] {logging_mixin.py:154} INFO - [2023-11-14T21:52:43.778+0000] {dag.py:2941} INFO - Sync 1 DAGs
[2023-11-14T21:52:43.795+0000] {logging_mixin.py:154} INFO - [2023-11-14T21:52:43.795+0000] {dag.py:3722} INFO - Setting next_dagrun for tutorial_dag to None, run_after=None
[2023-11-14T21:52:43.818+0000] {processor.py:179} INFO - Processing /home/airflow/.local/lib/python3.8/site-packages/airflow/example_dags/tutorial_dag.py took 0.084 seconds
[2023-11-14T21:53:14.387+0000] {processor.py:157} INFO - Started process (PID=2115) to work on /home/airflow/.local/lib/python3.8/site-packages/airflow/example_dags/tutorial_dag.py
[2023-11-14T21:53:14.388+0000] {processor.py:829} INFO - Processing file /home/airflow/.local/lib/python3.8/site-packages/airflow/example_dags/tutorial_dag.py for tasks to queue
[2023-11-14T21:53:14.391+0000] {logging_mixin.py:154} INFO - [2023-11-14T21:53:14.390+0000] {dagbag.py:536} INFO - Filling up the DagBag from /home/airflow/.local/lib/python3.8/site-packages/airflow/example_dags/tutorial_dag.py
[2023-11-14T21:53:14.397+0000] {processor.py:839} INFO - DAG(s) dict_keys(['tutorial_dag']) retrieved from /home/airflow/.local/lib/python3.8/site-packages/airflow/example_dags/tutorial_dag.py
[2023-11-14T21:53:14.421+0000] {logging_mixin.py:154} INFO - [2023-11-14T21:53:14.421+0000] {dag.py:2941} INFO - Sync 1 DAGs
[2023-11-14T21:53:14.437+0000] {logging_mixin.py:154} INFO - [2023-11-14T21:53:14.436+0000] {dag.py:3722} INFO - Setting next_dagrun for tutorial_dag to None, run_after=None
[2023-11-14T21:53:14.461+0000] {processor.py:179} INFO - Processing /home/airflow/.local/lib/python3.8/site-packages/airflow/example_dags/tutorial_dag.py took 0.079 seconds
[2023-11-14T21:53:45.152+0000] {processor.py:157} INFO - Started process (PID=2169) to work on /home/airflow/.local/lib/python3.8/site-packages/airflow/example_dags/tutorial_dag.py
[2023-11-14T21:53:45.153+0000] {processor.py:829} INFO - Processing file /home/airflow/.local/lib/python3.8/site-packages/airflow/example_dags/tutorial_dag.py for tasks to queue
[2023-11-14T21:53:45.156+0000] {logging_mixin.py:154} INFO - [2023-11-14T21:53:45.156+0000] {dagbag.py:536} INFO - Filling up the DagBag from /home/airflow/.local/lib/python3.8/site-packages/airflow/example_dags/tutorial_dag.py
[2023-11-14T21:53:45.163+0000] {processor.py:839} INFO - DAG(s) dict_keys(['tutorial_dag']) retrieved from /home/airflow/.local/lib/python3.8/site-packages/airflow/example_dags/tutorial_dag.py
[2023-11-14T21:53:45.194+0000] {logging_mixin.py:154} INFO - [2023-11-14T21:53:45.194+0000] {dag.py:2941} INFO - Sync 1 DAGs
[2023-11-14T21:53:45.217+0000] {logging_mixin.py:154} INFO - [2023-11-14T21:53:45.217+0000] {dag.py:3722} INFO - Setting next_dagrun for tutorial_dag to None, run_after=None
[2023-11-14T21:53:45.249+0000] {processor.py:179} INFO - Processing /home/airflow/.local/lib/python3.8/site-packages/airflow/example_dags/tutorial_dag.py took 0.101 seconds
[2023-11-14T21:54:15.917+0000] {processor.py:157} INFO - Started process (PID=2223) to work on /home/airflow/.local/lib/python3.8/site-packages/airflow/example_dags/tutorial_dag.py
[2023-11-14T21:54:15.919+0000] {processor.py:829} INFO - Processing file /home/airflow/.local/lib/python3.8/site-packages/airflow/example_dags/tutorial_dag.py for tasks to queue
[2023-11-14T21:54:15.922+0000] {logging_mixin.py:154} INFO - [2023-11-14T21:54:15.922+0000] {dagbag.py:536} INFO - Filling up the DagBag from /home/airflow/.local/lib/python3.8/site-packages/airflow/example_dags/tutorial_dag.py
[2023-11-14T21:54:15.932+0000] {processor.py:839} INFO - DAG(s) dict_keys(['tutorial_dag']) retrieved from /home/airflow/.local/lib/python3.8/site-packages/airflow/example_dags/tutorial_dag.py
[2023-11-14T21:54:15.962+0000] {logging_mixin.py:154} INFO - [2023-11-14T21:54:15.961+0000] {dag.py:2941} INFO - Sync 1 DAGs
[2023-11-14T21:54:15.982+0000] {logging_mixin.py:154} INFO - [2023-11-14T21:54:15.982+0000] {dag.py:3722} INFO - Setting next_dagrun for tutorial_dag to None, run_after=None
[2023-11-14T21:54:16.012+0000] {processor.py:179} INFO - Processing /home/airflow/.local/lib/python3.8/site-packages/airflow/example_dags/tutorial_dag.py took 0.102 seconds
[2023-11-14T21:54:46.519+0000] {processor.py:157} INFO - Started process (PID=2277) to work on /home/airflow/.local/lib/python3.8/site-packages/airflow/example_dags/tutorial_dag.py
[2023-11-14T21:54:46.520+0000] {processor.py:829} INFO - Processing file /home/airflow/.local/lib/python3.8/site-packages/airflow/example_dags/tutorial_dag.py for tasks to queue
[2023-11-14T21:54:46.522+0000] {logging_mixin.py:154} INFO - [2023-11-14T21:54:46.522+0000] {dagbag.py:536} INFO - Filling up the DagBag from /home/airflow/.local/lib/python3.8/site-packages/airflow/example_dags/tutorial_dag.py
[2023-11-14T21:54:46.529+0000] {processor.py:839} INFO - DAG(s) dict_keys(['tutorial_dag']) retrieved from /home/airflow/.local/lib/python3.8/site-packages/airflow/example_dags/tutorial_dag.py
[2023-11-14T21:54:46.556+0000] {logging_mixin.py:154} INFO - [2023-11-14T21:54:46.556+0000] {dag.py:2941} INFO - Sync 1 DAGs
[2023-11-14T21:54:46.572+0000] {logging_mixin.py:154} INFO - [2023-11-14T21:54:46.572+0000] {dag.py:3722} INFO - Setting next_dagrun for tutorial_dag to None, run_after=None
[2023-11-14T21:54:46.610+0000] {processor.py:179} INFO - Processing /home/airflow/.local/lib/python3.8/site-packages/airflow/example_dags/tutorial_dag.py took 0.096 seconds
[2023-11-14T21:55:16.871+0000] {processor.py:157} INFO - Started process (PID=2332) to work on /home/airflow/.local/lib/python3.8/site-packages/airflow/example_dags/tutorial_dag.py
[2023-11-14T21:55:16.873+0000] {processor.py:829} INFO - Processing file /home/airflow/.local/lib/python3.8/site-packages/airflow/example_dags/tutorial_dag.py for tasks to queue
[2023-11-14T21:55:16.877+0000] {logging_mixin.py:154} INFO - [2023-11-14T21:55:16.876+0000] {dagbag.py:536} INFO - Filling up the DagBag from /home/airflow/.local/lib/python3.8/site-packages/airflow/example_dags/tutorial_dag.py
[2023-11-14T21:55:16.887+0000] {processor.py:839} INFO - DAG(s) dict_keys(['tutorial_dag']) retrieved from /home/airflow/.local/lib/python3.8/site-packages/airflow/example_dags/tutorial_dag.py
[2023-11-14T21:55:16.928+0000] {logging_mixin.py:154} INFO - [2023-11-14T21:55:16.928+0000] {dag.py:2941} INFO - Sync 1 DAGs
[2023-11-14T21:55:16.951+0000] {logging_mixin.py:154} INFO - [2023-11-14T21:55:16.951+0000] {dag.py:3722} INFO - Setting next_dagrun for tutorial_dag to None, run_after=None
[2023-11-14T21:55:16.998+0000] {processor.py:179} INFO - Processing /home/airflow/.local/lib/python3.8/site-packages/airflow/example_dags/tutorial_dag.py took 0.134 seconds
[2023-11-14T21:55:47.349+0000] {processor.py:157} INFO - Started process (PID=2386) to work on /home/airflow/.local/lib/python3.8/site-packages/airflow/example_dags/tutorial_dag.py
[2023-11-14T21:55:47.350+0000] {processor.py:829} INFO - Processing file /home/airflow/.local/lib/python3.8/site-packages/airflow/example_dags/tutorial_dag.py for tasks to queue
[2023-11-14T21:55:47.354+0000] {logging_mixin.py:154} INFO - [2023-11-14T21:55:47.353+0000] {dagbag.py:536} INFO - Filling up the DagBag from /home/airflow/.local/lib/python3.8/site-packages/airflow/example_dags/tutorial_dag.py
[2023-11-14T21:55:47.362+0000] {processor.py:839} INFO - DAG(s) dict_keys(['tutorial_dag']) retrieved from /home/airflow/.local/lib/python3.8/site-packages/airflow/example_dags/tutorial_dag.py
[2023-11-14T21:55:47.393+0000] {logging_mixin.py:154} INFO - [2023-11-14T21:55:47.392+0000] {dag.py:2941} INFO - Sync 1 DAGs
[2023-11-14T21:55:47.410+0000] {logging_mixin.py:154} INFO - [2023-11-14T21:55:47.410+0000] {dag.py:3722} INFO - Setting next_dagrun for tutorial_dag to None, run_after=None
[2023-11-14T21:55:47.449+0000] {processor.py:179} INFO - Processing /home/airflow/.local/lib/python3.8/site-packages/airflow/example_dags/tutorial_dag.py took 0.104 seconds
[2023-11-14T21:56:18.198+0000] {processor.py:157} INFO - Started process (PID=2440) to work on /home/airflow/.local/lib/python3.8/site-packages/airflow/example_dags/tutorial_dag.py
[2023-11-14T21:56:18.200+0000] {processor.py:829} INFO - Processing file /home/airflow/.local/lib/python3.8/site-packages/airflow/example_dags/tutorial_dag.py for tasks to queue
[2023-11-14T21:56:18.203+0000] {logging_mixin.py:154} INFO - [2023-11-14T21:56:18.202+0000] {dagbag.py:536} INFO - Filling up the DagBag from /home/airflow/.local/lib/python3.8/site-packages/airflow/example_dags/tutorial_dag.py
[2023-11-14T21:56:18.210+0000] {processor.py:839} INFO - DAG(s) dict_keys(['tutorial_dag']) retrieved from /home/airflow/.local/lib/python3.8/site-packages/airflow/example_dags/tutorial_dag.py
[2023-11-14T21:56:18.238+0000] {logging_mixin.py:154} INFO - [2023-11-14T21:56:18.238+0000] {dag.py:2941} INFO - Sync 1 DAGs
[2023-11-14T21:56:18.254+0000] {logging_mixin.py:154} INFO - [2023-11-14T21:56:18.254+0000] {dag.py:3722} INFO - Setting next_dagrun for tutorial_dag to None, run_after=None
[2023-11-14T21:56:18.280+0000] {processor.py:179} INFO - Processing /home/airflow/.local/lib/python3.8/site-packages/airflow/example_dags/tutorial_dag.py took 0.088 seconds
[2023-11-14T21:56:48.767+0000] {processor.py:157} INFO - Started process (PID=2495) to work on /home/airflow/.local/lib/python3.8/site-packages/airflow/example_dags/tutorial_dag.py
[2023-11-14T21:56:48.768+0000] {processor.py:829} INFO - Processing file /home/airflow/.local/lib/python3.8/site-packages/airflow/example_dags/tutorial_dag.py for tasks to queue
[2023-11-14T21:56:48.771+0000] {logging_mixin.py:154} INFO - [2023-11-14T21:56:48.770+0000] {dagbag.py:536} INFO - Filling up the DagBag from /home/airflow/.local/lib/python3.8/site-packages/airflow/example_dags/tutorial_dag.py
[2023-11-14T21:56:48.777+0000] {processor.py:839} INFO - DAG(s) dict_keys(['tutorial_dag']) retrieved from /home/airflow/.local/lib/python3.8/site-packages/airflow/example_dags/tutorial_dag.py
[2023-11-14T21:56:48.805+0000] {logging_mixin.py:154} INFO - [2023-11-14T21:56:48.805+0000] {dag.py:2941} INFO - Sync 1 DAGs
[2023-11-14T21:56:48.822+0000] {logging_mixin.py:154} INFO - [2023-11-14T21:56:48.821+0000] {dag.py:3722} INFO - Setting next_dagrun for tutorial_dag to None, run_after=None
[2023-11-14T21:56:48.845+0000] {processor.py:179} INFO - Processing /home/airflow/.local/lib/python3.8/site-packages/airflow/example_dags/tutorial_dag.py took 0.083 seconds
[2023-11-14T21:57:19.475+0000] {processor.py:157} INFO - Started process (PID=2549) to work on /home/airflow/.local/lib/python3.8/site-packages/airflow/example_dags/tutorial_dag.py
[2023-11-14T21:57:19.484+0000] {processor.py:829} INFO - Processing file /home/airflow/.local/lib/python3.8/site-packages/airflow/example_dags/tutorial_dag.py for tasks to queue
[2023-11-14T21:57:19.494+0000] {logging_mixin.py:154} INFO - [2023-11-14T21:57:19.493+0000] {dagbag.py:536} INFO - Filling up the DagBag from /home/airflow/.local/lib/python3.8/site-packages/airflow/example_dags/tutorial_dag.py
[2023-11-14T21:57:19.526+0000] {processor.py:839} INFO - DAG(s) dict_keys(['tutorial_dag']) retrieved from /home/airflow/.local/lib/python3.8/site-packages/airflow/example_dags/tutorial_dag.py
[2023-11-14T21:57:19.563+0000] {logging_mixin.py:154} INFO - [2023-11-14T21:57:19.563+0000] {dag.py:2941} INFO - Sync 1 DAGs
[2023-11-14T21:57:19.578+0000] {logging_mixin.py:154} INFO - [2023-11-14T21:57:19.578+0000] {dag.py:3722} INFO - Setting next_dagrun for tutorial_dag to None, run_after=None
[2023-11-14T21:57:19.611+0000] {processor.py:179} INFO - Processing /home/airflow/.local/lib/python3.8/site-packages/airflow/example_dags/tutorial_dag.py took 0.151 seconds
[2023-11-14T21:57:49.773+0000] {processor.py:157} INFO - Started process (PID=2604) to work on /home/airflow/.local/lib/python3.8/site-packages/airflow/example_dags/tutorial_dag.py
[2023-11-14T21:57:49.774+0000] {processor.py:829} INFO - Processing file /home/airflow/.local/lib/python3.8/site-packages/airflow/example_dags/tutorial_dag.py for tasks to queue
[2023-11-14T21:57:49.777+0000] {logging_mixin.py:154} INFO - [2023-11-14T21:57:49.776+0000] {dagbag.py:536} INFO - Filling up the DagBag from /home/airflow/.local/lib/python3.8/site-packages/airflow/example_dags/tutorial_dag.py
[2023-11-14T21:57:49.783+0000] {processor.py:839} INFO - DAG(s) dict_keys(['tutorial_dag']) retrieved from /home/airflow/.local/lib/python3.8/site-packages/airflow/example_dags/tutorial_dag.py
[2023-11-14T21:57:49.809+0000] {logging_mixin.py:154} INFO - [2023-11-14T21:57:49.808+0000] {dag.py:2941} INFO - Sync 1 DAGs
[2023-11-14T21:57:49.825+0000] {logging_mixin.py:154} INFO - [2023-11-14T21:57:49.825+0000] {dag.py:3722} INFO - Setting next_dagrun for tutorial_dag to None, run_after=None
[2023-11-14T21:57:49.850+0000] {processor.py:179} INFO - Processing /home/airflow/.local/lib/python3.8/site-packages/airflow/example_dags/tutorial_dag.py took 0.081 seconds
[2023-11-14T21:58:19.888+0000] {processor.py:157} INFO - Started process (PID=2657) to work on /home/airflow/.local/lib/python3.8/site-packages/airflow/example_dags/tutorial_dag.py
[2023-11-14T21:58:19.889+0000] {processor.py:829} INFO - Processing file /home/airflow/.local/lib/python3.8/site-packages/airflow/example_dags/tutorial_dag.py for tasks to queue
[2023-11-14T21:58:19.892+0000] {logging_mixin.py:154} INFO - [2023-11-14T21:58:19.892+0000] {dagbag.py:536} INFO - Filling up the DagBag from /home/airflow/.local/lib/python3.8/site-packages/airflow/example_dags/tutorial_dag.py
[2023-11-14T21:58:19.898+0000] {processor.py:839} INFO - DAG(s) dict_keys(['tutorial_dag']) retrieved from /home/airflow/.local/lib/python3.8/site-packages/airflow/example_dags/tutorial_dag.py
[2023-11-14T21:58:19.924+0000] {logging_mixin.py:154} INFO - [2023-11-14T21:58:19.924+0000] {dag.py:2941} INFO - Sync 1 DAGs
[2023-11-14T21:58:19.940+0000] {logging_mixin.py:154} INFO - [2023-11-14T21:58:19.939+0000] {dag.py:3722} INFO - Setting next_dagrun for tutorial_dag to None, run_after=None
[2023-11-14T21:58:19.976+0000] {processor.py:179} INFO - Processing /home/airflow/.local/lib/python3.8/site-packages/airflow/example_dags/tutorial_dag.py took 0.092 seconds
[2023-11-14T21:58:50.199+0000] {processor.py:157} INFO - Started process (PID=2711) to work on /home/airflow/.local/lib/python3.8/site-packages/airflow/example_dags/tutorial_dag.py
[2023-11-14T21:58:50.201+0000] {processor.py:829} INFO - Processing file /home/airflow/.local/lib/python3.8/site-packages/airflow/example_dags/tutorial_dag.py for tasks to queue
[2023-11-14T21:58:50.204+0000] {logging_mixin.py:154} INFO - [2023-11-14T21:58:50.204+0000] {dagbag.py:536} INFO - Filling up the DagBag from /home/airflow/.local/lib/python3.8/site-packages/airflow/example_dags/tutorial_dag.py
[2023-11-14T21:58:50.212+0000] {processor.py:839} INFO - DAG(s) dict_keys(['tutorial_dag']) retrieved from /home/airflow/.local/lib/python3.8/site-packages/airflow/example_dags/tutorial_dag.py
[2023-11-14T21:58:50.244+0000] {logging_mixin.py:154} INFO - [2023-11-14T21:58:50.244+0000] {dag.py:2941} INFO - Sync 1 DAGs
[2023-11-14T21:58:50.264+0000] {logging_mixin.py:154} INFO - [2023-11-14T21:58:50.263+0000] {dag.py:3722} INFO - Setting next_dagrun for tutorial_dag to None, run_after=None
[2023-11-14T21:58:50.340+0000] {processor.py:179} INFO - Processing /home/airflow/.local/lib/python3.8/site-packages/airflow/example_dags/tutorial_dag.py took 0.145 seconds
[2023-11-14T21:59:20.411+0000] {processor.py:157} INFO - Started process (PID=2765) to work on /home/airflow/.local/lib/python3.8/site-packages/airflow/example_dags/tutorial_dag.py
[2023-11-14T21:59:20.412+0000] {processor.py:829} INFO - Processing file /home/airflow/.local/lib/python3.8/site-packages/airflow/example_dags/tutorial_dag.py for tasks to queue
[2023-11-14T21:59:20.415+0000] {logging_mixin.py:154} INFO - [2023-11-14T21:59:20.415+0000] {dagbag.py:536} INFO - Filling up the DagBag from /home/airflow/.local/lib/python3.8/site-packages/airflow/example_dags/tutorial_dag.py
[2023-11-14T21:59:20.421+0000] {processor.py:839} INFO - DAG(s) dict_keys(['tutorial_dag']) retrieved from /home/airflow/.local/lib/python3.8/site-packages/airflow/example_dags/tutorial_dag.py
[2023-11-14T21:59:20.445+0000] {logging_mixin.py:154} INFO - [2023-11-14T21:59:20.445+0000] {dag.py:2941} INFO - Sync 1 DAGs
[2023-11-14T21:59:20.459+0000] {logging_mixin.py:154} INFO - [2023-11-14T21:59:20.459+0000] {dag.py:3722} INFO - Setting next_dagrun for tutorial_dag to None, run_after=None
[2023-11-14T21:59:20.481+0000] {processor.py:179} INFO - Processing /home/airflow/.local/lib/python3.8/site-packages/airflow/example_dags/tutorial_dag.py took 0.075 seconds
