[2023-11-14T21:33:56.883+0000] {processor.py:157} INFO - Started process (PID=58) to work on /home/airflow/.local/lib/python3.8/site-packages/airflow/example_dags/tutorial_taskflow_api.py
[2023-11-14T21:33:56.884+0000] {processor.py:829} INFO - Processing file /home/airflow/.local/lib/python3.8/site-packages/airflow/example_dags/tutorial_taskflow_api.py for tasks to queue
[2023-11-14T21:33:56.887+0000] {logging_mixin.py:154} INFO - [2023-11-14T21:33:56.886+0000] {dagbag.py:536} INFO - Filling up the DagBag from /home/airflow/.local/lib/python3.8/site-packages/airflow/example_dags/tutorial_taskflow_api.py
[2023-11-14T21:33:56.897+0000] {processor.py:839} INFO - DAG(s) dict_keys(['tutorial_taskflow_api']) retrieved from /home/airflow/.local/lib/python3.8/site-packages/airflow/example_dags/tutorial_taskflow_api.py
[2023-11-14T21:33:57.045+0000] {logging_mixin.py:154} INFO - [2023-11-14T21:33:57.045+0000] {manager.py:499} INFO - Created Permission View: %s
[2023-11-14T21:33:57.058+0000] {logging_mixin.py:154} INFO - [2023-11-14T21:33:57.058+0000] {manager.py:499} INFO - Created Permission View: %s
[2023-11-14T21:33:57.067+0000] {logging_mixin.py:154} INFO - [2023-11-14T21:33:57.067+0000] {manager.py:499} INFO - Created Permission View: %s
[2023-11-14T21:33:57.068+0000] {logging_mixin.py:154} INFO - [2023-11-14T21:33:57.067+0000] {dag.py:2941} INFO - Sync 1 DAGs
[2023-11-14T21:33:57.083+0000] {logging_mixin.py:154} INFO - [2023-11-14T21:33:57.083+0000] {dag.py:2963} INFO - Creating ORM DAG for tutorial_taskflow_api
[2023-11-14T21:33:57.084+0000] {logging_mixin.py:154} INFO - [2023-11-14T21:33:57.084+0000] {dag.py:3722} INFO - Setting next_dagrun for tutorial_taskflow_api to None, run_after=None
[2023-11-14T21:33:57.104+0000] {processor.py:179} INFO - Processing /home/airflow/.local/lib/python3.8/site-packages/airflow/example_dags/tutorial_taskflow_api.py took 0.226 seconds
[2023-11-14T21:34:27.651+0000] {processor.py:157} INFO - Started process (PID=112) to work on /home/airflow/.local/lib/python3.8/site-packages/airflow/example_dags/tutorial_taskflow_api.py
[2023-11-14T21:34:27.652+0000] {processor.py:829} INFO - Processing file /home/airflow/.local/lib/python3.8/site-packages/airflow/example_dags/tutorial_taskflow_api.py for tasks to queue
[2023-11-14T21:34:27.656+0000] {logging_mixin.py:154} INFO - [2023-11-14T21:34:27.656+0000] {dagbag.py:536} INFO - Filling up the DagBag from /home/airflow/.local/lib/python3.8/site-packages/airflow/example_dags/tutorial_taskflow_api.py
[2023-11-14T21:34:27.666+0000] {processor.py:839} INFO - DAG(s) dict_keys(['tutorial_taskflow_api']) retrieved from /home/airflow/.local/lib/python3.8/site-packages/airflow/example_dags/tutorial_taskflow_api.py
[2023-11-14T21:34:27.691+0000] {logging_mixin.py:154} INFO - [2023-11-14T21:34:27.691+0000] {dag.py:2941} INFO - Sync 1 DAGs
[2023-11-14T21:34:27.706+0000] {logging_mixin.py:154} INFO - [2023-11-14T21:34:27.706+0000] {dag.py:3722} INFO - Setting next_dagrun for tutorial_taskflow_api to None, run_after=None
[2023-11-14T21:34:27.729+0000] {processor.py:179} INFO - Processing /home/airflow/.local/lib/python3.8/site-packages/airflow/example_dags/tutorial_taskflow_api.py took 0.084 seconds
[2023-11-14T21:34:58.076+0000] {processor.py:157} INFO - Started process (PID=166) to work on /home/airflow/.local/lib/python3.8/site-packages/airflow/example_dags/tutorial_taskflow_api.py
[2023-11-14T21:34:58.078+0000] {processor.py:829} INFO - Processing file /home/airflow/.local/lib/python3.8/site-packages/airflow/example_dags/tutorial_taskflow_api.py for tasks to queue
[2023-11-14T21:34:58.080+0000] {logging_mixin.py:154} INFO - [2023-11-14T21:34:58.080+0000] {dagbag.py:536} INFO - Filling up the DagBag from /home/airflow/.local/lib/python3.8/site-packages/airflow/example_dags/tutorial_taskflow_api.py
[2023-11-14T21:34:58.089+0000] {processor.py:839} INFO - DAG(s) dict_keys(['tutorial_taskflow_api']) retrieved from /home/airflow/.local/lib/python3.8/site-packages/airflow/example_dags/tutorial_taskflow_api.py
[2023-11-14T21:34:58.123+0000] {logging_mixin.py:154} INFO - [2023-11-14T21:34:58.123+0000] {dag.py:2941} INFO - Sync 1 DAGs
[2023-11-14T21:34:58.142+0000] {logging_mixin.py:154} INFO - [2023-11-14T21:34:58.142+0000] {dag.py:3722} INFO - Setting next_dagrun for tutorial_taskflow_api to None, run_after=None
[2023-11-14T21:34:58.201+0000] {processor.py:179} INFO - Processing /home/airflow/.local/lib/python3.8/site-packages/airflow/example_dags/tutorial_taskflow_api.py took 0.129 seconds
[2023-11-14T21:35:28.305+0000] {processor.py:157} INFO - Started process (PID=220) to work on /home/airflow/.local/lib/python3.8/site-packages/airflow/example_dags/tutorial_taskflow_api.py
[2023-11-14T21:35:28.307+0000] {processor.py:829} INFO - Processing file /home/airflow/.local/lib/python3.8/site-packages/airflow/example_dags/tutorial_taskflow_api.py for tasks to queue
[2023-11-14T21:35:28.311+0000] {logging_mixin.py:154} INFO - [2023-11-14T21:35:28.310+0000] {dagbag.py:536} INFO - Filling up the DagBag from /home/airflow/.local/lib/python3.8/site-packages/airflow/example_dags/tutorial_taskflow_api.py
[2023-11-14T21:35:28.320+0000] {processor.py:839} INFO - DAG(s) dict_keys(['tutorial_taskflow_api']) retrieved from /home/airflow/.local/lib/python3.8/site-packages/airflow/example_dags/tutorial_taskflow_api.py
[2023-11-14T21:35:28.346+0000] {logging_mixin.py:154} INFO - [2023-11-14T21:35:28.345+0000] {dag.py:2941} INFO - Sync 1 DAGs
[2023-11-14T21:35:28.364+0000] {logging_mixin.py:154} INFO - [2023-11-14T21:35:28.364+0000] {dag.py:3722} INFO - Setting next_dagrun for tutorial_taskflow_api to None, run_after=None
[2023-11-14T21:35:28.397+0000] {processor.py:179} INFO - Processing /home/airflow/.local/lib/python3.8/site-packages/airflow/example_dags/tutorial_taskflow_api.py took 0.103 seconds
[2023-11-14T21:35:58.984+0000] {processor.py:157} INFO - Started process (PID=274) to work on /home/airflow/.local/lib/python3.8/site-packages/airflow/example_dags/tutorial_taskflow_api.py
[2023-11-14T21:35:58.986+0000] {processor.py:829} INFO - Processing file /home/airflow/.local/lib/python3.8/site-packages/airflow/example_dags/tutorial_taskflow_api.py for tasks to queue
[2023-11-14T21:35:58.989+0000] {logging_mixin.py:154} INFO - [2023-11-14T21:35:58.988+0000] {dagbag.py:536} INFO - Filling up the DagBag from /home/airflow/.local/lib/python3.8/site-packages/airflow/example_dags/tutorial_taskflow_api.py
[2023-11-14T21:35:58.997+0000] {processor.py:839} INFO - DAG(s) dict_keys(['tutorial_taskflow_api']) retrieved from /home/airflow/.local/lib/python3.8/site-packages/airflow/example_dags/tutorial_taskflow_api.py
[2023-11-14T21:35:59.025+0000] {logging_mixin.py:154} INFO - [2023-11-14T21:35:59.025+0000] {dag.py:2941} INFO - Sync 1 DAGs
[2023-11-14T21:35:59.048+0000] {logging_mixin.py:154} INFO - [2023-11-14T21:35:59.048+0000] {dag.py:3722} INFO - Setting next_dagrun for tutorial_taskflow_api to None, run_after=None
[2023-11-14T21:35:59.077+0000] {processor.py:179} INFO - Processing /home/airflow/.local/lib/python3.8/site-packages/airflow/example_dags/tutorial_taskflow_api.py took 0.098 seconds
[2023-11-14T21:36:29.187+0000] {processor.py:157} INFO - Started process (PID=329) to work on /home/airflow/.local/lib/python3.8/site-packages/airflow/example_dags/tutorial_taskflow_api.py
[2023-11-14T21:36:29.188+0000] {processor.py:829} INFO - Processing file /home/airflow/.local/lib/python3.8/site-packages/airflow/example_dags/tutorial_taskflow_api.py for tasks to queue
[2023-11-14T21:36:29.190+0000] {logging_mixin.py:154} INFO - [2023-11-14T21:36:29.190+0000] {dagbag.py:536} INFO - Filling up the DagBag from /home/airflow/.local/lib/python3.8/site-packages/airflow/example_dags/tutorial_taskflow_api.py
[2023-11-14T21:36:29.198+0000] {processor.py:839} INFO - DAG(s) dict_keys(['tutorial_taskflow_api']) retrieved from /home/airflow/.local/lib/python3.8/site-packages/airflow/example_dags/tutorial_taskflow_api.py
[2023-11-14T21:36:29.221+0000] {logging_mixin.py:154} INFO - [2023-11-14T21:36:29.220+0000] {dag.py:2941} INFO - Sync 1 DAGs
[2023-11-14T21:36:29.236+0000] {logging_mixin.py:154} INFO - [2023-11-14T21:36:29.236+0000] {dag.py:3722} INFO - Setting next_dagrun for tutorial_taskflow_api to None, run_after=None
[2023-11-14T21:36:29.260+0000] {processor.py:179} INFO - Processing /home/airflow/.local/lib/python3.8/site-packages/airflow/example_dags/tutorial_taskflow_api.py took 0.078 seconds
[2023-11-14T21:36:59.706+0000] {processor.py:157} INFO - Started process (PID=383) to work on /home/airflow/.local/lib/python3.8/site-packages/airflow/example_dags/tutorial_taskflow_api.py
[2023-11-14T21:36:59.707+0000] {processor.py:829} INFO - Processing file /home/airflow/.local/lib/python3.8/site-packages/airflow/example_dags/tutorial_taskflow_api.py for tasks to queue
[2023-11-14T21:36:59.710+0000] {logging_mixin.py:154} INFO - [2023-11-14T21:36:59.709+0000] {dagbag.py:536} INFO - Filling up the DagBag from /home/airflow/.local/lib/python3.8/site-packages/airflow/example_dags/tutorial_taskflow_api.py
[2023-11-14T21:36:59.718+0000] {processor.py:839} INFO - DAG(s) dict_keys(['tutorial_taskflow_api']) retrieved from /home/airflow/.local/lib/python3.8/site-packages/airflow/example_dags/tutorial_taskflow_api.py
[2023-11-14T21:36:59.742+0000] {logging_mixin.py:154} INFO - [2023-11-14T21:36:59.742+0000] {dag.py:2941} INFO - Sync 1 DAGs
[2023-11-14T21:36:59.758+0000] {logging_mixin.py:154} INFO - [2023-11-14T21:36:59.758+0000] {dag.py:3722} INFO - Setting next_dagrun for tutorial_taskflow_api to None, run_after=None
[2023-11-14T21:36:59.781+0000] {processor.py:179} INFO - Processing /home/airflow/.local/lib/python3.8/site-packages/airflow/example_dags/tutorial_taskflow_api.py took 0.080 seconds
[2023-11-14T21:37:30.328+0000] {processor.py:157} INFO - Started process (PID=437) to work on /home/airflow/.local/lib/python3.8/site-packages/airflow/example_dags/tutorial_taskflow_api.py
[2023-11-14T21:37:30.329+0000] {processor.py:829} INFO - Processing file /home/airflow/.local/lib/python3.8/site-packages/airflow/example_dags/tutorial_taskflow_api.py for tasks to queue
[2023-11-14T21:37:30.332+0000] {logging_mixin.py:154} INFO - [2023-11-14T21:37:30.331+0000] {dagbag.py:536} INFO - Filling up the DagBag from /home/airflow/.local/lib/python3.8/site-packages/airflow/example_dags/tutorial_taskflow_api.py
[2023-11-14T21:37:30.339+0000] {processor.py:839} INFO - DAG(s) dict_keys(['tutorial_taskflow_api']) retrieved from /home/airflow/.local/lib/python3.8/site-packages/airflow/example_dags/tutorial_taskflow_api.py
[2023-11-14T21:37:30.365+0000] {logging_mixin.py:154} INFO - [2023-11-14T21:37:30.365+0000] {dag.py:2941} INFO - Sync 1 DAGs
[2023-11-14T21:37:30.381+0000] {logging_mixin.py:154} INFO - [2023-11-14T21:37:30.381+0000] {dag.py:3722} INFO - Setting next_dagrun for tutorial_taskflow_api to None, run_after=None
[2023-11-14T21:37:30.406+0000] {processor.py:179} INFO - Processing /home/airflow/.local/lib/python3.8/site-packages/airflow/example_dags/tutorial_taskflow_api.py took 0.081 seconds
[2023-11-14T21:38:00.706+0000] {processor.py:157} INFO - Started process (PID=491) to work on /home/airflow/.local/lib/python3.8/site-packages/airflow/example_dags/tutorial_taskflow_api.py
[2023-11-14T21:38:00.707+0000] {processor.py:829} INFO - Processing file /home/airflow/.local/lib/python3.8/site-packages/airflow/example_dags/tutorial_taskflow_api.py for tasks to queue
[2023-11-14T21:38:00.710+0000] {logging_mixin.py:154} INFO - [2023-11-14T21:38:00.709+0000] {dagbag.py:536} INFO - Filling up the DagBag from /home/airflow/.local/lib/python3.8/site-packages/airflow/example_dags/tutorial_taskflow_api.py
[2023-11-14T21:38:00.719+0000] {processor.py:839} INFO - DAG(s) dict_keys(['tutorial_taskflow_api']) retrieved from /home/airflow/.local/lib/python3.8/site-packages/airflow/example_dags/tutorial_taskflow_api.py
[2023-11-14T21:38:00.745+0000] {logging_mixin.py:154} INFO - [2023-11-14T21:38:00.745+0000] {dag.py:2941} INFO - Sync 1 DAGs
[2023-11-14T21:38:00.761+0000] {logging_mixin.py:154} INFO - [2023-11-14T21:38:00.761+0000] {dag.py:3722} INFO - Setting next_dagrun for tutorial_taskflow_api to None, run_after=None
[2023-11-14T21:38:00.785+0000] {processor.py:179} INFO - Processing /home/airflow/.local/lib/python3.8/site-packages/airflow/example_dags/tutorial_taskflow_api.py took 0.084 seconds
[2023-11-14T21:38:31.211+0000] {processor.py:157} INFO - Started process (PID=556) to work on /home/airflow/.local/lib/python3.8/site-packages/airflow/example_dags/tutorial_taskflow_api.py
[2023-11-14T21:38:31.212+0000] {processor.py:829} INFO - Processing file /home/airflow/.local/lib/python3.8/site-packages/airflow/example_dags/tutorial_taskflow_api.py for tasks to queue
[2023-11-14T21:38:31.215+0000] {logging_mixin.py:154} INFO - [2023-11-14T21:38:31.214+0000] {dagbag.py:536} INFO - Filling up the DagBag from /home/airflow/.local/lib/python3.8/site-packages/airflow/example_dags/tutorial_taskflow_api.py
[2023-11-14T21:38:31.222+0000] {processor.py:839} INFO - DAG(s) dict_keys(['tutorial_taskflow_api']) retrieved from /home/airflow/.local/lib/python3.8/site-packages/airflow/example_dags/tutorial_taskflow_api.py
[2023-11-14T21:38:31.247+0000] {logging_mixin.py:154} INFO - [2023-11-14T21:38:31.246+0000] {dag.py:2941} INFO - Sync 1 DAGs
[2023-11-14T21:38:31.265+0000] {logging_mixin.py:154} INFO - [2023-11-14T21:38:31.264+0000] {dag.py:3722} INFO - Setting next_dagrun for tutorial_taskflow_api to None, run_after=None
[2023-11-14T21:38:31.290+0000] {processor.py:179} INFO - Processing /home/airflow/.local/lib/python3.8/site-packages/airflow/example_dags/tutorial_taskflow_api.py took 0.082 seconds
[2023-11-14T21:39:01.416+0000] {processor.py:157} INFO - Started process (PID=610) to work on /home/airflow/.local/lib/python3.8/site-packages/airflow/example_dags/tutorial_taskflow_api.py
[2023-11-14T21:39:01.417+0000] {processor.py:829} INFO - Processing file /home/airflow/.local/lib/python3.8/site-packages/airflow/example_dags/tutorial_taskflow_api.py for tasks to queue
[2023-11-14T21:39:01.420+0000] {logging_mixin.py:154} INFO - [2023-11-14T21:39:01.419+0000] {dagbag.py:536} INFO - Filling up the DagBag from /home/airflow/.local/lib/python3.8/site-packages/airflow/example_dags/tutorial_taskflow_api.py
[2023-11-14T21:39:01.428+0000] {processor.py:839} INFO - DAG(s) dict_keys(['tutorial_taskflow_api']) retrieved from /home/airflow/.local/lib/python3.8/site-packages/airflow/example_dags/tutorial_taskflow_api.py
[2023-11-14T21:39:01.453+0000] {logging_mixin.py:154} INFO - [2023-11-14T21:39:01.453+0000] {dag.py:2941} INFO - Sync 1 DAGs
[2023-11-14T21:39:01.474+0000] {logging_mixin.py:154} INFO - [2023-11-14T21:39:01.473+0000] {dag.py:3722} INFO - Setting next_dagrun for tutorial_taskflow_api to None, run_after=None
[2023-11-14T21:39:01.502+0000] {processor.py:179} INFO - Processing /home/airflow/.local/lib/python3.8/site-packages/airflow/example_dags/tutorial_taskflow_api.py took 0.090 seconds
[2023-11-14T21:39:32.186+0000] {processor.py:157} INFO - Started process (PID=664) to work on /home/airflow/.local/lib/python3.8/site-packages/airflow/example_dags/tutorial_taskflow_api.py
[2023-11-14T21:39:32.188+0000] {processor.py:829} INFO - Processing file /home/airflow/.local/lib/python3.8/site-packages/airflow/example_dags/tutorial_taskflow_api.py for tasks to queue
[2023-11-14T21:39:32.192+0000] {logging_mixin.py:154} INFO - [2023-11-14T21:39:32.192+0000] {dagbag.py:536} INFO - Filling up the DagBag from /home/airflow/.local/lib/python3.8/site-packages/airflow/example_dags/tutorial_taskflow_api.py
[2023-11-14T21:39:32.204+0000] {processor.py:839} INFO - DAG(s) dict_keys(['tutorial_taskflow_api']) retrieved from /home/airflow/.local/lib/python3.8/site-packages/airflow/example_dags/tutorial_taskflow_api.py
[2023-11-14T21:39:32.243+0000] {logging_mixin.py:154} INFO - [2023-11-14T21:39:32.243+0000] {dag.py:2941} INFO - Sync 1 DAGs
[2023-11-14T21:39:32.272+0000] {logging_mixin.py:154} INFO - [2023-11-14T21:39:32.272+0000] {dag.py:3722} INFO - Setting next_dagrun for tutorial_taskflow_api to None, run_after=None
[2023-11-14T21:39:32.322+0000] {processor.py:179} INFO - Processing /home/airflow/.local/lib/python3.8/site-packages/airflow/example_dags/tutorial_taskflow_api.py took 0.142 seconds
[2023-11-14T21:40:02.714+0000] {processor.py:157} INFO - Started process (PID=719) to work on /home/airflow/.local/lib/python3.8/site-packages/airflow/example_dags/tutorial_taskflow_api.py
[2023-11-14T21:40:02.716+0000] {processor.py:829} INFO - Processing file /home/airflow/.local/lib/python3.8/site-packages/airflow/example_dags/tutorial_taskflow_api.py for tasks to queue
[2023-11-14T21:40:02.721+0000] {logging_mixin.py:154} INFO - [2023-11-14T21:40:02.720+0000] {dagbag.py:536} INFO - Filling up the DagBag from /home/airflow/.local/lib/python3.8/site-packages/airflow/example_dags/tutorial_taskflow_api.py
[2023-11-14T21:40:02.731+0000] {processor.py:839} INFO - DAG(s) dict_keys(['tutorial_taskflow_api']) retrieved from /home/airflow/.local/lib/python3.8/site-packages/airflow/example_dags/tutorial_taskflow_api.py
[2023-11-14T21:40:02.768+0000] {logging_mixin.py:154} INFO - [2023-11-14T21:40:02.768+0000] {dag.py:2941} INFO - Sync 1 DAGs
[2023-11-14T21:40:02.788+0000] {logging_mixin.py:154} INFO - [2023-11-14T21:40:02.787+0000] {dag.py:3722} INFO - Setting next_dagrun for tutorial_taskflow_api to None, run_after=None
[2023-11-14T21:40:02.815+0000] {processor.py:179} INFO - Processing /home/airflow/.local/lib/python3.8/site-packages/airflow/example_dags/tutorial_taskflow_api.py took 0.109 seconds
[2023-11-14T21:40:32.991+0000] {processor.py:157} INFO - Started process (PID=774) to work on /home/airflow/.local/lib/python3.8/site-packages/airflow/example_dags/tutorial_taskflow_api.py
[2023-11-14T21:40:32.992+0000] {processor.py:829} INFO - Processing file /home/airflow/.local/lib/python3.8/site-packages/airflow/example_dags/tutorial_taskflow_api.py for tasks to queue
[2023-11-14T21:40:32.995+0000] {logging_mixin.py:154} INFO - [2023-11-14T21:40:32.994+0000] {dagbag.py:536} INFO - Filling up the DagBag from /home/airflow/.local/lib/python3.8/site-packages/airflow/example_dags/tutorial_taskflow_api.py
[2023-11-14T21:40:33.002+0000] {processor.py:839} INFO - DAG(s) dict_keys(['tutorial_taskflow_api']) retrieved from /home/airflow/.local/lib/python3.8/site-packages/airflow/example_dags/tutorial_taskflow_api.py
[2023-11-14T21:40:33.027+0000] {logging_mixin.py:154} INFO - [2023-11-14T21:40:33.026+0000] {dag.py:2941} INFO - Sync 1 DAGs
[2023-11-14T21:40:33.043+0000] {logging_mixin.py:154} INFO - [2023-11-14T21:40:33.042+0000] {dag.py:3722} INFO - Setting next_dagrun for tutorial_taskflow_api to None, run_after=None
[2023-11-14T21:40:33.067+0000] {processor.py:179} INFO - Processing /home/airflow/.local/lib/python3.8/site-packages/airflow/example_dags/tutorial_taskflow_api.py took 0.080 seconds
[2023-11-14T21:41:03.400+0000] {processor.py:157} INFO - Started process (PID=829) to work on /home/airflow/.local/lib/python3.8/site-packages/airflow/example_dags/tutorial_taskflow_api.py
[2023-11-14T21:41:03.401+0000] {processor.py:829} INFO - Processing file /home/airflow/.local/lib/python3.8/site-packages/airflow/example_dags/tutorial_taskflow_api.py for tasks to queue
[2023-11-14T21:41:03.404+0000] {logging_mixin.py:154} INFO - [2023-11-14T21:41:03.404+0000] {dagbag.py:536} INFO - Filling up the DagBag from /home/airflow/.local/lib/python3.8/site-packages/airflow/example_dags/tutorial_taskflow_api.py
[2023-11-14T21:41:03.411+0000] {processor.py:839} INFO - DAG(s) dict_keys(['tutorial_taskflow_api']) retrieved from /home/airflow/.local/lib/python3.8/site-packages/airflow/example_dags/tutorial_taskflow_api.py
[2023-11-14T21:41:03.436+0000] {logging_mixin.py:154} INFO - [2023-11-14T21:41:03.436+0000] {dag.py:2941} INFO - Sync 1 DAGs
[2023-11-14T21:41:03.454+0000] {logging_mixin.py:154} INFO - [2023-11-14T21:41:03.454+0000] {dag.py:3722} INFO - Setting next_dagrun for tutorial_taskflow_api to None, run_after=None
[2023-11-14T21:41:03.479+0000] {processor.py:179} INFO - Processing /home/airflow/.local/lib/python3.8/site-packages/airflow/example_dags/tutorial_taskflow_api.py took 0.083 seconds
[2023-11-14T21:41:33.903+0000] {processor.py:157} INFO - Started process (PID=883) to work on /home/airflow/.local/lib/python3.8/site-packages/airflow/example_dags/tutorial_taskflow_api.py
[2023-11-14T21:41:33.904+0000] {processor.py:829} INFO - Processing file /home/airflow/.local/lib/python3.8/site-packages/airflow/example_dags/tutorial_taskflow_api.py for tasks to queue
[2023-11-14T21:41:33.907+0000] {logging_mixin.py:154} INFO - [2023-11-14T21:41:33.907+0000] {dagbag.py:536} INFO - Filling up the DagBag from /home/airflow/.local/lib/python3.8/site-packages/airflow/example_dags/tutorial_taskflow_api.py
[2023-11-14T21:41:33.918+0000] {processor.py:839} INFO - DAG(s) dict_keys(['tutorial_taskflow_api']) retrieved from /home/airflow/.local/lib/python3.8/site-packages/airflow/example_dags/tutorial_taskflow_api.py
[2023-11-14T21:41:33.951+0000] {logging_mixin.py:154} INFO - [2023-11-14T21:41:33.950+0000] {dag.py:2941} INFO - Sync 1 DAGs
[2023-11-14T21:41:33.975+0000] {logging_mixin.py:154} INFO - [2023-11-14T21:41:33.975+0000] {dag.py:3722} INFO - Setting next_dagrun for tutorial_taskflow_api to None, run_after=None
[2023-11-14T21:41:34.005+0000] {processor.py:179} INFO - Processing /home/airflow/.local/lib/python3.8/site-packages/airflow/example_dags/tutorial_taskflow_api.py took 0.107 seconds
[2023-11-14T21:42:04.139+0000] {processor.py:157} INFO - Started process (PID=937) to work on /home/airflow/.local/lib/python3.8/site-packages/airflow/example_dags/tutorial_taskflow_api.py
[2023-11-14T21:42:04.140+0000] {processor.py:829} INFO - Processing file /home/airflow/.local/lib/python3.8/site-packages/airflow/example_dags/tutorial_taskflow_api.py for tasks to queue
[2023-11-14T21:42:04.143+0000] {logging_mixin.py:154} INFO - [2023-11-14T21:42:04.142+0000] {dagbag.py:536} INFO - Filling up the DagBag from /home/airflow/.local/lib/python3.8/site-packages/airflow/example_dags/tutorial_taskflow_api.py
[2023-11-14T21:42:04.151+0000] {processor.py:839} INFO - DAG(s) dict_keys(['tutorial_taskflow_api']) retrieved from /home/airflow/.local/lib/python3.8/site-packages/airflow/example_dags/tutorial_taskflow_api.py
[2023-11-14T21:42:04.178+0000] {logging_mixin.py:154} INFO - [2023-11-14T21:42:04.178+0000] {dag.py:2941} INFO - Sync 1 DAGs
[2023-11-14T21:42:04.193+0000] {logging_mixin.py:154} INFO - [2023-11-14T21:42:04.193+0000] {dag.py:3722} INFO - Setting next_dagrun for tutorial_taskflow_api to None, run_after=None
[2023-11-14T21:42:04.217+0000] {processor.py:179} INFO - Processing /home/airflow/.local/lib/python3.8/site-packages/airflow/example_dags/tutorial_taskflow_api.py took 0.082 seconds
[2023-11-14T21:42:34.350+0000] {processor.py:157} INFO - Started process (PID=991) to work on /home/airflow/.local/lib/python3.8/site-packages/airflow/example_dags/tutorial_taskflow_api.py
[2023-11-14T21:42:34.351+0000] {processor.py:829} INFO - Processing file /home/airflow/.local/lib/python3.8/site-packages/airflow/example_dags/tutorial_taskflow_api.py for tasks to queue
[2023-11-14T21:42:34.353+0000] {logging_mixin.py:154} INFO - [2023-11-14T21:42:34.353+0000] {dagbag.py:536} INFO - Filling up the DagBag from /home/airflow/.local/lib/python3.8/site-packages/airflow/example_dags/tutorial_taskflow_api.py
[2023-11-14T21:42:34.361+0000] {processor.py:839} INFO - DAG(s) dict_keys(['tutorial_taskflow_api']) retrieved from /home/airflow/.local/lib/python3.8/site-packages/airflow/example_dags/tutorial_taskflow_api.py
[2023-11-14T21:42:34.387+0000] {logging_mixin.py:154} INFO - [2023-11-14T21:42:34.387+0000] {dag.py:2941} INFO - Sync 1 DAGs
[2023-11-14T21:42:34.402+0000] {logging_mixin.py:154} INFO - [2023-11-14T21:42:34.402+0000] {dag.py:3722} INFO - Setting next_dagrun for tutorial_taskflow_api to None, run_after=None
[2023-11-14T21:42:34.428+0000] {processor.py:179} INFO - Processing /home/airflow/.local/lib/python3.8/site-packages/airflow/example_dags/tutorial_taskflow_api.py took 0.082 seconds
[2023-11-14T21:43:04.723+0000] {processor.py:157} INFO - Started process (PID=1046) to work on /home/airflow/.local/lib/python3.8/site-packages/airflow/example_dags/tutorial_taskflow_api.py
[2023-11-14T21:43:04.724+0000] {processor.py:829} INFO - Processing file /home/airflow/.local/lib/python3.8/site-packages/airflow/example_dags/tutorial_taskflow_api.py for tasks to queue
[2023-11-14T21:43:04.727+0000] {logging_mixin.py:154} INFO - [2023-11-14T21:43:04.726+0000] {dagbag.py:536} INFO - Filling up the DagBag from /home/airflow/.local/lib/python3.8/site-packages/airflow/example_dags/tutorial_taskflow_api.py
[2023-11-14T21:43:04.734+0000] {processor.py:839} INFO - DAG(s) dict_keys(['tutorial_taskflow_api']) retrieved from /home/airflow/.local/lib/python3.8/site-packages/airflow/example_dags/tutorial_taskflow_api.py
[2023-11-14T21:43:04.760+0000] {logging_mixin.py:154} INFO - [2023-11-14T21:43:04.760+0000] {dag.py:2941} INFO - Sync 1 DAGs
[2023-11-14T21:43:04.777+0000] {logging_mixin.py:154} INFO - [2023-11-14T21:43:04.776+0000] {dag.py:3722} INFO - Setting next_dagrun for tutorial_taskflow_api to None, run_after=None
[2023-11-14T21:43:04.800+0000] {processor.py:179} INFO - Processing /home/airflow/.local/lib/python3.8/site-packages/airflow/example_dags/tutorial_taskflow_api.py took 0.082 seconds
[2023-11-14T21:43:35.577+0000] {processor.py:157} INFO - Started process (PID=1100) to work on /home/airflow/.local/lib/python3.8/site-packages/airflow/example_dags/tutorial_taskflow_api.py
[2023-11-14T21:43:35.579+0000] {processor.py:829} INFO - Processing file /home/airflow/.local/lib/python3.8/site-packages/airflow/example_dags/tutorial_taskflow_api.py for tasks to queue
[2023-11-14T21:43:35.582+0000] {logging_mixin.py:154} INFO - [2023-11-14T21:43:35.582+0000] {dagbag.py:536} INFO - Filling up the DagBag from /home/airflow/.local/lib/python3.8/site-packages/airflow/example_dags/tutorial_taskflow_api.py
[2023-11-14T21:43:35.591+0000] {processor.py:839} INFO - DAG(s) dict_keys(['tutorial_taskflow_api']) retrieved from /home/airflow/.local/lib/python3.8/site-packages/airflow/example_dags/tutorial_taskflow_api.py
[2023-11-14T21:43:35.622+0000] {logging_mixin.py:154} INFO - [2023-11-14T21:43:35.622+0000] {dag.py:2941} INFO - Sync 1 DAGs
[2023-11-14T21:43:35.641+0000] {logging_mixin.py:154} INFO - [2023-11-14T21:43:35.640+0000] {dag.py:3722} INFO - Setting next_dagrun for tutorial_taskflow_api to None, run_after=None
[2023-11-14T21:43:35.673+0000] {processor.py:179} INFO - Processing /home/airflow/.local/lib/python3.8/site-packages/airflow/example_dags/tutorial_taskflow_api.py took 0.101 seconds
[2023-11-14T21:44:06.046+0000] {processor.py:157} INFO - Started process (PID=1154) to work on /home/airflow/.local/lib/python3.8/site-packages/airflow/example_dags/tutorial_taskflow_api.py
[2023-11-14T21:44:06.047+0000] {processor.py:829} INFO - Processing file /home/airflow/.local/lib/python3.8/site-packages/airflow/example_dags/tutorial_taskflow_api.py for tasks to queue
[2023-11-14T21:44:06.049+0000] {logging_mixin.py:154} INFO - [2023-11-14T21:44:06.049+0000] {dagbag.py:536} INFO - Filling up the DagBag from /home/airflow/.local/lib/python3.8/site-packages/airflow/example_dags/tutorial_taskflow_api.py
[2023-11-14T21:44:06.057+0000] {processor.py:839} INFO - DAG(s) dict_keys(['tutorial_taskflow_api']) retrieved from /home/airflow/.local/lib/python3.8/site-packages/airflow/example_dags/tutorial_taskflow_api.py
[2023-11-14T21:44:06.084+0000] {logging_mixin.py:154} INFO - [2023-11-14T21:44:06.083+0000] {dag.py:2941} INFO - Sync 1 DAGs
[2023-11-14T21:44:06.104+0000] {logging_mixin.py:154} INFO - [2023-11-14T21:44:06.103+0000] {dag.py:3722} INFO - Setting next_dagrun for tutorial_taskflow_api to None, run_after=None
[2023-11-14T21:44:06.129+0000] {processor.py:179} INFO - Processing /home/airflow/.local/lib/python3.8/site-packages/airflow/example_dags/tutorial_taskflow_api.py took 0.087 seconds
[2023-11-14T21:44:36.229+0000] {processor.py:157} INFO - Started process (PID=1208) to work on /home/airflow/.local/lib/python3.8/site-packages/airflow/example_dags/tutorial_taskflow_api.py
[2023-11-14T21:44:36.231+0000] {processor.py:829} INFO - Processing file /home/airflow/.local/lib/python3.8/site-packages/airflow/example_dags/tutorial_taskflow_api.py for tasks to queue
[2023-11-14T21:44:36.233+0000] {logging_mixin.py:154} INFO - [2023-11-14T21:44:36.233+0000] {dagbag.py:536} INFO - Filling up the DagBag from /home/airflow/.local/lib/python3.8/site-packages/airflow/example_dags/tutorial_taskflow_api.py
[2023-11-14T21:44:36.242+0000] {processor.py:839} INFO - DAG(s) dict_keys(['tutorial_taskflow_api']) retrieved from /home/airflow/.local/lib/python3.8/site-packages/airflow/example_dags/tutorial_taskflow_api.py
[2023-11-14T21:44:36.268+0000] {logging_mixin.py:154} INFO - [2023-11-14T21:44:36.268+0000] {dag.py:2941} INFO - Sync 1 DAGs
[2023-11-14T21:44:36.285+0000] {logging_mixin.py:154} INFO - [2023-11-14T21:44:36.285+0000] {dag.py:3722} INFO - Setting next_dagrun for tutorial_taskflow_api to None, run_after=None
[2023-11-14T21:44:36.310+0000] {processor.py:179} INFO - Processing /home/airflow/.local/lib/python3.8/site-packages/airflow/example_dags/tutorial_taskflow_api.py took 0.085 seconds
[2023-11-14T21:45:08.567+0000] {processor.py:157} INFO - Started process (PID=1269) to work on /home/airflow/.local/lib/python3.8/site-packages/airflow/example_dags/tutorial_taskflow_api.py
[2023-11-14T21:45:08.569+0000] {processor.py:829} INFO - Processing file /home/airflow/.local/lib/python3.8/site-packages/airflow/example_dags/tutorial_taskflow_api.py for tasks to queue
[2023-11-14T21:45:08.571+0000] {logging_mixin.py:154} INFO - [2023-11-14T21:45:08.571+0000] {dagbag.py:536} INFO - Filling up the DagBag from /home/airflow/.local/lib/python3.8/site-packages/airflow/example_dags/tutorial_taskflow_api.py
[2023-11-14T21:45:08.579+0000] {processor.py:839} INFO - DAG(s) dict_keys(['tutorial_taskflow_api']) retrieved from /home/airflow/.local/lib/python3.8/site-packages/airflow/example_dags/tutorial_taskflow_api.py
[2023-11-14T21:45:08.603+0000] {logging_mixin.py:154} INFO - [2023-11-14T21:45:08.603+0000] {dag.py:2941} INFO - Sync 1 DAGs
[2023-11-14T21:45:08.619+0000] {logging_mixin.py:154} INFO - [2023-11-14T21:45:08.619+0000] {dag.py:3722} INFO - Setting next_dagrun for tutorial_taskflow_api to None, run_after=None
[2023-11-14T21:45:08.793+0000] {processor.py:179} INFO - Processing /home/airflow/.local/lib/python3.8/site-packages/airflow/example_dags/tutorial_taskflow_api.py took 0.230 seconds
[2023-11-14T21:45:39.449+0000] {processor.py:157} INFO - Started process (PID=1323) to work on /home/airflow/.local/lib/python3.8/site-packages/airflow/example_dags/tutorial_taskflow_api.py
[2023-11-14T21:45:39.450+0000] {processor.py:829} INFO - Processing file /home/airflow/.local/lib/python3.8/site-packages/airflow/example_dags/tutorial_taskflow_api.py for tasks to queue
[2023-11-14T21:45:39.452+0000] {logging_mixin.py:154} INFO - [2023-11-14T21:45:39.452+0000] {dagbag.py:536} INFO - Filling up the DagBag from /home/airflow/.local/lib/python3.8/site-packages/airflow/example_dags/tutorial_taskflow_api.py
[2023-11-14T21:45:39.460+0000] {processor.py:839} INFO - DAG(s) dict_keys(['tutorial_taskflow_api']) retrieved from /home/airflow/.local/lib/python3.8/site-packages/airflow/example_dags/tutorial_taskflow_api.py
[2023-11-14T21:45:39.484+0000] {logging_mixin.py:154} INFO - [2023-11-14T21:45:39.484+0000] {dag.py:2941} INFO - Sync 1 DAGs
[2023-11-14T21:45:39.499+0000] {logging_mixin.py:154} INFO - [2023-11-14T21:45:39.498+0000] {dag.py:3722} INFO - Setting next_dagrun for tutorial_taskflow_api to None, run_after=None
[2023-11-14T21:45:39.525+0000] {processor.py:179} INFO - Processing /home/airflow/.local/lib/python3.8/site-packages/airflow/example_dags/tutorial_taskflow_api.py took 0.080 seconds
[2023-11-14T21:46:09.700+0000] {processor.py:157} INFO - Started process (PID=1377) to work on /home/airflow/.local/lib/python3.8/site-packages/airflow/example_dags/tutorial_taskflow_api.py
[2023-11-14T21:46:09.702+0000] {processor.py:829} INFO - Processing file /home/airflow/.local/lib/python3.8/site-packages/airflow/example_dags/tutorial_taskflow_api.py for tasks to queue
[2023-11-14T21:46:09.704+0000] {logging_mixin.py:154} INFO - [2023-11-14T21:46:09.704+0000] {dagbag.py:536} INFO - Filling up the DagBag from /home/airflow/.local/lib/python3.8/site-packages/airflow/example_dags/tutorial_taskflow_api.py
[2023-11-14T21:46:09.713+0000] {processor.py:839} INFO - DAG(s) dict_keys(['tutorial_taskflow_api']) retrieved from /home/airflow/.local/lib/python3.8/site-packages/airflow/example_dags/tutorial_taskflow_api.py
[2023-11-14T21:46:09.739+0000] {logging_mixin.py:154} INFO - [2023-11-14T21:46:09.739+0000] {dag.py:2941} INFO - Sync 1 DAGs
[2023-11-14T21:46:09.756+0000] {logging_mixin.py:154} INFO - [2023-11-14T21:46:09.755+0000] {dag.py:3722} INFO - Setting next_dagrun for tutorial_taskflow_api to None, run_after=None
[2023-11-14T21:46:09.781+0000] {processor.py:179} INFO - Processing /home/airflow/.local/lib/python3.8/site-packages/airflow/example_dags/tutorial_taskflow_api.py took 0.085 seconds
[2023-11-14T21:46:40.490+0000] {processor.py:157} INFO - Started process (PID=1431) to work on /home/airflow/.local/lib/python3.8/site-packages/airflow/example_dags/tutorial_taskflow_api.py
[2023-11-14T21:46:40.491+0000] {processor.py:829} INFO - Processing file /home/airflow/.local/lib/python3.8/site-packages/airflow/example_dags/tutorial_taskflow_api.py for tasks to queue
[2023-11-14T21:46:40.495+0000] {logging_mixin.py:154} INFO - [2023-11-14T21:46:40.494+0000] {dagbag.py:536} INFO - Filling up the DagBag from /home/airflow/.local/lib/python3.8/site-packages/airflow/example_dags/tutorial_taskflow_api.py
[2023-11-14T21:46:40.504+0000] {processor.py:839} INFO - DAG(s) dict_keys(['tutorial_taskflow_api']) retrieved from /home/airflow/.local/lib/python3.8/site-packages/airflow/example_dags/tutorial_taskflow_api.py
[2023-11-14T21:46:40.534+0000] {logging_mixin.py:154} INFO - [2023-11-14T21:46:40.533+0000] {dag.py:2941} INFO - Sync 1 DAGs
[2023-11-14T21:46:40.554+0000] {logging_mixin.py:154} INFO - [2023-11-14T21:46:40.554+0000] {dag.py:3722} INFO - Setting next_dagrun for tutorial_taskflow_api to None, run_after=None
[2023-11-14T21:46:40.735+0000] {processor.py:179} INFO - Processing /home/airflow/.local/lib/python3.8/site-packages/airflow/example_dags/tutorial_taskflow_api.py took 0.249 seconds
[2023-11-14T21:47:10.778+0000] {processor.py:157} INFO - Started process (PID=1485) to work on /home/airflow/.local/lib/python3.8/site-packages/airflow/example_dags/tutorial_taskflow_api.py
[2023-11-14T21:47:10.779+0000] {processor.py:829} INFO - Processing file /home/airflow/.local/lib/python3.8/site-packages/airflow/example_dags/tutorial_taskflow_api.py for tasks to queue
[2023-11-14T21:47:10.782+0000] {logging_mixin.py:154} INFO - [2023-11-14T21:47:10.782+0000] {dagbag.py:536} INFO - Filling up the DagBag from /home/airflow/.local/lib/python3.8/site-packages/airflow/example_dags/tutorial_taskflow_api.py
[2023-11-14T21:47:10.790+0000] {processor.py:839} INFO - DAG(s) dict_keys(['tutorial_taskflow_api']) retrieved from /home/airflow/.local/lib/python3.8/site-packages/airflow/example_dags/tutorial_taskflow_api.py
[2023-11-14T21:47:10.816+0000] {logging_mixin.py:154} INFO - [2023-11-14T21:47:10.816+0000] {dag.py:2941} INFO - Sync 1 DAGs
[2023-11-14T21:47:10.832+0000] {logging_mixin.py:154} INFO - [2023-11-14T21:47:10.832+0000] {dag.py:3722} INFO - Setting next_dagrun for tutorial_taskflow_api to None, run_after=None
[2023-11-14T21:47:10.856+0000] {processor.py:179} INFO - Processing /home/airflow/.local/lib/python3.8/site-packages/airflow/example_dags/tutorial_taskflow_api.py took 0.084 seconds
[2023-11-14T21:47:42.263+0000] {processor.py:157} INFO - Started process (PID=1539) to work on /home/airflow/.local/lib/python3.8/site-packages/airflow/example_dags/tutorial_taskflow_api.py
[2023-11-14T21:47:42.264+0000] {processor.py:829} INFO - Processing file /home/airflow/.local/lib/python3.8/site-packages/airflow/example_dags/tutorial_taskflow_api.py for tasks to queue
[2023-11-14T21:47:42.266+0000] {logging_mixin.py:154} INFO - [2023-11-14T21:47:42.266+0000] {dagbag.py:536} INFO - Filling up the DagBag from /home/airflow/.local/lib/python3.8/site-packages/airflow/example_dags/tutorial_taskflow_api.py
[2023-11-14T21:47:42.275+0000] {processor.py:839} INFO - DAG(s) dict_keys(['tutorial_taskflow_api']) retrieved from /home/airflow/.local/lib/python3.8/site-packages/airflow/example_dags/tutorial_taskflow_api.py
[2023-11-14T21:47:42.300+0000] {logging_mixin.py:154} INFO - [2023-11-14T21:47:42.300+0000] {dag.py:2941} INFO - Sync 1 DAGs
[2023-11-14T21:47:42.318+0000] {logging_mixin.py:154} INFO - [2023-11-14T21:47:42.318+0000] {dag.py:3722} INFO - Setting next_dagrun for tutorial_taskflow_api to None, run_after=None
[2023-11-14T21:47:42.348+0000] {processor.py:179} INFO - Processing /home/airflow/.local/lib/python3.8/site-packages/airflow/example_dags/tutorial_taskflow_api.py took 0.089 seconds
[2023-11-14T21:48:13.060+0000] {processor.py:157} INFO - Started process (PID=1594) to work on /home/airflow/.local/lib/python3.8/site-packages/airflow/example_dags/tutorial_taskflow_api.py
[2023-11-14T21:48:13.062+0000] {processor.py:829} INFO - Processing file /home/airflow/.local/lib/python3.8/site-packages/airflow/example_dags/tutorial_taskflow_api.py for tasks to queue
[2023-11-14T21:48:13.064+0000] {logging_mixin.py:154} INFO - [2023-11-14T21:48:13.064+0000] {dagbag.py:536} INFO - Filling up the DagBag from /home/airflow/.local/lib/python3.8/site-packages/airflow/example_dags/tutorial_taskflow_api.py
[2023-11-14T21:48:13.072+0000] {processor.py:839} INFO - DAG(s) dict_keys(['tutorial_taskflow_api']) retrieved from /home/airflow/.local/lib/python3.8/site-packages/airflow/example_dags/tutorial_taskflow_api.py
[2023-11-14T21:48:13.097+0000] {logging_mixin.py:154} INFO - [2023-11-14T21:48:13.097+0000] {dag.py:2941} INFO - Sync 1 DAGs
[2023-11-14T21:48:13.116+0000] {logging_mixin.py:154} INFO - [2023-11-14T21:48:13.116+0000] {dag.py:3722} INFO - Setting next_dagrun for tutorial_taskflow_api to None, run_after=None
[2023-11-14T21:48:13.300+0000] {processor.py:179} INFO - Processing /home/airflow/.local/lib/python3.8/site-packages/airflow/example_dags/tutorial_taskflow_api.py took 0.244 seconds
[2023-11-14T21:48:44.040+0000] {processor.py:157} INFO - Started process (PID=1648) to work on /home/airflow/.local/lib/python3.8/site-packages/airflow/example_dags/tutorial_taskflow_api.py
[2023-11-14T21:48:44.041+0000] {processor.py:829} INFO - Processing file /home/airflow/.local/lib/python3.8/site-packages/airflow/example_dags/tutorial_taskflow_api.py for tasks to queue
[2023-11-14T21:48:44.044+0000] {logging_mixin.py:154} INFO - [2023-11-14T21:48:44.044+0000] {dagbag.py:536} INFO - Filling up the DagBag from /home/airflow/.local/lib/python3.8/site-packages/airflow/example_dags/tutorial_taskflow_api.py
[2023-11-14T21:48:44.051+0000] {processor.py:839} INFO - DAG(s) dict_keys(['tutorial_taskflow_api']) retrieved from /home/airflow/.local/lib/python3.8/site-packages/airflow/example_dags/tutorial_taskflow_api.py
[2023-11-14T21:48:44.081+0000] {logging_mixin.py:154} INFO - [2023-11-14T21:48:44.081+0000] {dag.py:2941} INFO - Sync 1 DAGs
[2023-11-14T21:48:44.099+0000] {logging_mixin.py:154} INFO - [2023-11-14T21:48:44.098+0000] {dag.py:3722} INFO - Setting next_dagrun for tutorial_taskflow_api to None, run_after=None
[2023-11-14T21:48:44.124+0000] {processor.py:179} INFO - Processing /home/airflow/.local/lib/python3.8/site-packages/airflow/example_dags/tutorial_taskflow_api.py took 0.088 seconds
[2023-11-14T21:49:14.508+0000] {processor.py:157} INFO - Started process (PID=1702) to work on /home/airflow/.local/lib/python3.8/site-packages/airflow/example_dags/tutorial_taskflow_api.py
[2023-11-14T21:49:14.509+0000] {processor.py:829} INFO - Processing file /home/airflow/.local/lib/python3.8/site-packages/airflow/example_dags/tutorial_taskflow_api.py for tasks to queue
[2023-11-14T21:49:14.511+0000] {logging_mixin.py:154} INFO - [2023-11-14T21:49:14.511+0000] {dagbag.py:536} INFO - Filling up the DagBag from /home/airflow/.local/lib/python3.8/site-packages/airflow/example_dags/tutorial_taskflow_api.py
[2023-11-14T21:49:14.520+0000] {processor.py:839} INFO - DAG(s) dict_keys(['tutorial_taskflow_api']) retrieved from /home/airflow/.local/lib/python3.8/site-packages/airflow/example_dags/tutorial_taskflow_api.py
[2023-11-14T21:49:14.544+0000] {logging_mixin.py:154} INFO - [2023-11-14T21:49:14.544+0000] {dag.py:2941} INFO - Sync 1 DAGs
[2023-11-14T21:49:14.712+0000] {logging_mixin.py:154} INFO - [2023-11-14T21:49:14.712+0000] {dag.py:3722} INFO - Setting next_dagrun for tutorial_taskflow_api to None, run_after=None
[2023-11-14T21:49:14.739+0000] {processor.py:179} INFO - Processing /home/airflow/.local/lib/python3.8/site-packages/airflow/example_dags/tutorial_taskflow_api.py took 0.236 seconds
[2023-11-14T21:49:44.817+0000] {processor.py:157} INFO - Started process (PID=1756) to work on /home/airflow/.local/lib/python3.8/site-packages/airflow/example_dags/tutorial_taskflow_api.py
[2023-11-14T21:49:44.818+0000] {processor.py:829} INFO - Processing file /home/airflow/.local/lib/python3.8/site-packages/airflow/example_dags/tutorial_taskflow_api.py for tasks to queue
[2023-11-14T21:49:44.822+0000] {logging_mixin.py:154} INFO - [2023-11-14T21:49:44.821+0000] {dagbag.py:536} INFO - Filling up the DagBag from /home/airflow/.local/lib/python3.8/site-packages/airflow/example_dags/tutorial_taskflow_api.py
[2023-11-14T21:49:44.829+0000] {processor.py:839} INFO - DAG(s) dict_keys(['tutorial_taskflow_api']) retrieved from /home/airflow/.local/lib/python3.8/site-packages/airflow/example_dags/tutorial_taskflow_api.py
[2023-11-14T21:49:44.853+0000] {logging_mixin.py:154} INFO - [2023-11-14T21:49:44.853+0000] {dag.py:2941} INFO - Sync 1 DAGs
[2023-11-14T21:49:44.868+0000] {logging_mixin.py:154} INFO - [2023-11-14T21:49:44.868+0000] {dag.py:3722} INFO - Setting next_dagrun for tutorial_taskflow_api to None, run_after=None
[2023-11-14T21:49:44.893+0000] {processor.py:179} INFO - Processing /home/airflow/.local/lib/python3.8/site-packages/airflow/example_dags/tutorial_taskflow_api.py took 0.080 seconds
[2023-11-14T21:50:15.671+0000] {processor.py:157} INFO - Started process (PID=1810) to work on /home/airflow/.local/lib/python3.8/site-packages/airflow/example_dags/tutorial_taskflow_api.py
[2023-11-14T21:50:15.672+0000] {processor.py:829} INFO - Processing file /home/airflow/.local/lib/python3.8/site-packages/airflow/example_dags/tutorial_taskflow_api.py for tasks to queue
[2023-11-14T21:50:15.675+0000] {logging_mixin.py:154} INFO - [2023-11-14T21:50:15.674+0000] {dagbag.py:536} INFO - Filling up the DagBag from /home/airflow/.local/lib/python3.8/site-packages/airflow/example_dags/tutorial_taskflow_api.py
[2023-11-14T21:50:15.683+0000] {processor.py:839} INFO - DAG(s) dict_keys(['tutorial_taskflow_api']) retrieved from /home/airflow/.local/lib/python3.8/site-packages/airflow/example_dags/tutorial_taskflow_api.py
[2023-11-14T21:50:15.712+0000] {logging_mixin.py:154} INFO - [2023-11-14T21:50:15.712+0000] {dag.py:2941} INFO - Sync 1 DAGs
[2023-11-14T21:50:15.733+0000] {logging_mixin.py:154} INFO - [2023-11-14T21:50:15.733+0000] {dag.py:3722} INFO - Setting next_dagrun for tutorial_taskflow_api to None, run_after=None
[2023-11-14T21:50:15.766+0000] {processor.py:179} INFO - Processing /home/airflow/.local/lib/python3.8/site-packages/airflow/example_dags/tutorial_taskflow_api.py took 0.099 seconds
[2023-11-14T21:50:46.088+0000] {processor.py:157} INFO - Started process (PID=1864) to work on /home/airflow/.local/lib/python3.8/site-packages/airflow/example_dags/tutorial_taskflow_api.py
[2023-11-14T21:50:46.089+0000] {processor.py:829} INFO - Processing file /home/airflow/.local/lib/python3.8/site-packages/airflow/example_dags/tutorial_taskflow_api.py for tasks to queue
[2023-11-14T21:50:46.092+0000] {logging_mixin.py:154} INFO - [2023-11-14T21:50:46.092+0000] {dagbag.py:536} INFO - Filling up the DagBag from /home/airflow/.local/lib/python3.8/site-packages/airflow/example_dags/tutorial_taskflow_api.py
[2023-11-14T21:50:46.099+0000] {processor.py:839} INFO - DAG(s) dict_keys(['tutorial_taskflow_api']) retrieved from /home/airflow/.local/lib/python3.8/site-packages/airflow/example_dags/tutorial_taskflow_api.py
[2023-11-14T21:50:46.128+0000] {logging_mixin.py:154} INFO - [2023-11-14T21:50:46.128+0000] {dag.py:2941} INFO - Sync 1 DAGs
[2023-11-14T21:50:46.147+0000] {logging_mixin.py:154} INFO - [2023-11-14T21:50:46.147+0000] {dag.py:3722} INFO - Setting next_dagrun for tutorial_taskflow_api to None, run_after=None
[2023-11-14T21:50:46.185+0000] {processor.py:179} INFO - Processing /home/airflow/.local/lib/python3.8/site-packages/airflow/example_dags/tutorial_taskflow_api.py took 0.101 seconds
[2023-11-14T21:51:16.569+0000] {processor.py:157} INFO - Started process (PID=1918) to work on /home/airflow/.local/lib/python3.8/site-packages/airflow/example_dags/tutorial_taskflow_api.py
[2023-11-14T21:51:16.571+0000] {processor.py:829} INFO - Processing file /home/airflow/.local/lib/python3.8/site-packages/airflow/example_dags/tutorial_taskflow_api.py for tasks to queue
[2023-11-14T21:51:16.574+0000] {logging_mixin.py:154} INFO - [2023-11-14T21:51:16.574+0000] {dagbag.py:536} INFO - Filling up the DagBag from /home/airflow/.local/lib/python3.8/site-packages/airflow/example_dags/tutorial_taskflow_api.py
[2023-11-14T21:51:16.583+0000] {processor.py:839} INFO - DAG(s) dict_keys(['tutorial_taskflow_api']) retrieved from /home/airflow/.local/lib/python3.8/site-packages/airflow/example_dags/tutorial_taskflow_api.py
[2023-11-14T21:51:16.610+0000] {logging_mixin.py:154} INFO - [2023-11-14T21:51:16.610+0000] {dag.py:2941} INFO - Sync 1 DAGs
[2023-11-14T21:51:16.628+0000] {logging_mixin.py:154} INFO - [2023-11-14T21:51:16.628+0000] {dag.py:3722} INFO - Setting next_dagrun for tutorial_taskflow_api to None, run_after=None
[2023-11-14T21:51:16.667+0000] {processor.py:179} INFO - Processing /home/airflow/.local/lib/python3.8/site-packages/airflow/example_dags/tutorial_taskflow_api.py took 0.103 seconds
[2023-11-14T21:51:47.034+0000] {processor.py:157} INFO - Started process (PID=1972) to work on /home/airflow/.local/lib/python3.8/site-packages/airflow/example_dags/tutorial_taskflow_api.py
[2023-11-14T21:51:47.036+0000] {processor.py:829} INFO - Processing file /home/airflow/.local/lib/python3.8/site-packages/airflow/example_dags/tutorial_taskflow_api.py for tasks to queue
[2023-11-14T21:51:47.039+0000] {logging_mixin.py:154} INFO - [2023-11-14T21:51:47.038+0000] {dagbag.py:536} INFO - Filling up the DagBag from /home/airflow/.local/lib/python3.8/site-packages/airflow/example_dags/tutorial_taskflow_api.py
[2023-11-14T21:51:47.046+0000] {processor.py:839} INFO - DAG(s) dict_keys(['tutorial_taskflow_api']) retrieved from /home/airflow/.local/lib/python3.8/site-packages/airflow/example_dags/tutorial_taskflow_api.py
[2023-11-14T21:51:47.069+0000] {logging_mixin.py:154} INFO - [2023-11-14T21:51:47.069+0000] {dag.py:2941} INFO - Sync 1 DAGs
[2023-11-14T21:51:47.084+0000] {logging_mixin.py:154} INFO - [2023-11-14T21:51:47.084+0000] {dag.py:3722} INFO - Setting next_dagrun for tutorial_taskflow_api to None, run_after=None
[2023-11-14T21:51:47.108+0000] {processor.py:179} INFO - Processing /home/airflow/.local/lib/python3.8/site-packages/airflow/example_dags/tutorial_taskflow_api.py took 0.078 seconds
[2023-11-14T21:52:17.827+0000] {processor.py:157} INFO - Started process (PID=2027) to work on /home/airflow/.local/lib/python3.8/site-packages/airflow/example_dags/tutorial_taskflow_api.py
[2023-11-14T21:52:17.828+0000] {processor.py:829} INFO - Processing file /home/airflow/.local/lib/python3.8/site-packages/airflow/example_dags/tutorial_taskflow_api.py for tasks to queue
[2023-11-14T21:52:17.831+0000] {logging_mixin.py:154} INFO - [2023-11-14T21:52:17.831+0000] {dagbag.py:536} INFO - Filling up the DagBag from /home/airflow/.local/lib/python3.8/site-packages/airflow/example_dags/tutorial_taskflow_api.py
[2023-11-14T21:52:17.838+0000] {processor.py:839} INFO - DAG(s) dict_keys(['tutorial_taskflow_api']) retrieved from /home/airflow/.local/lib/python3.8/site-packages/airflow/example_dags/tutorial_taskflow_api.py
[2023-11-14T21:52:17.864+0000] {logging_mixin.py:154} INFO - [2023-11-14T21:52:17.864+0000] {dag.py:2941} INFO - Sync 1 DAGs
[2023-11-14T21:52:17.881+0000] {logging_mixin.py:154} INFO - [2023-11-14T21:52:17.881+0000] {dag.py:3722} INFO - Setting next_dagrun for tutorial_taskflow_api to None, run_after=None
[2023-11-14T21:52:17.907+0000] {processor.py:179} INFO - Processing /home/airflow/.local/lib/python3.8/site-packages/airflow/example_dags/tutorial_taskflow_api.py took 0.084 seconds
[2023-11-14T21:52:48.123+0000] {processor.py:157} INFO - Started process (PID=2081) to work on /home/airflow/.local/lib/python3.8/site-packages/airflow/example_dags/tutorial_taskflow_api.py
[2023-11-14T21:52:48.124+0000] {processor.py:829} INFO - Processing file /home/airflow/.local/lib/python3.8/site-packages/airflow/example_dags/tutorial_taskflow_api.py for tasks to queue
[2023-11-14T21:52:48.126+0000] {logging_mixin.py:154} INFO - [2023-11-14T21:52:48.126+0000] {dagbag.py:536} INFO - Filling up the DagBag from /home/airflow/.local/lib/python3.8/site-packages/airflow/example_dags/tutorial_taskflow_api.py
[2023-11-14T21:52:48.134+0000] {processor.py:839} INFO - DAG(s) dict_keys(['tutorial_taskflow_api']) retrieved from /home/airflow/.local/lib/python3.8/site-packages/airflow/example_dags/tutorial_taskflow_api.py
[2023-11-14T21:52:48.156+0000] {logging_mixin.py:154} INFO - [2023-11-14T21:52:48.156+0000] {dag.py:2941} INFO - Sync 1 DAGs
[2023-11-14T21:52:48.174+0000] {logging_mixin.py:154} INFO - [2023-11-14T21:52:48.174+0000] {dag.py:3722} INFO - Setting next_dagrun for tutorial_taskflow_api to None, run_after=None
[2023-11-14T21:52:48.203+0000] {processor.py:179} INFO - Processing /home/airflow/.local/lib/python3.8/site-packages/airflow/example_dags/tutorial_taskflow_api.py took 0.085 seconds
[2023-11-14T21:53:18.952+0000] {processor.py:157} INFO - Started process (PID=2135) to work on /home/airflow/.local/lib/python3.8/site-packages/airflow/example_dags/tutorial_taskflow_api.py
[2023-11-14T21:53:18.954+0000] {processor.py:829} INFO - Processing file /home/airflow/.local/lib/python3.8/site-packages/airflow/example_dags/tutorial_taskflow_api.py for tasks to queue
[2023-11-14T21:53:18.957+0000] {logging_mixin.py:154} INFO - [2023-11-14T21:53:18.956+0000] {dagbag.py:536} INFO - Filling up the DagBag from /home/airflow/.local/lib/python3.8/site-packages/airflow/example_dags/tutorial_taskflow_api.py
[2023-11-14T21:53:18.966+0000] {processor.py:839} INFO - DAG(s) dict_keys(['tutorial_taskflow_api']) retrieved from /home/airflow/.local/lib/python3.8/site-packages/airflow/example_dags/tutorial_taskflow_api.py
[2023-11-14T21:53:18.994+0000] {logging_mixin.py:154} INFO - [2023-11-14T21:53:18.994+0000] {dag.py:2941} INFO - Sync 1 DAGs
[2023-11-14T21:53:19.015+0000] {logging_mixin.py:154} INFO - [2023-11-14T21:53:19.015+0000] {dag.py:3722} INFO - Setting next_dagrun for tutorial_taskflow_api to None, run_after=None
[2023-11-14T21:53:19.042+0000] {processor.py:179} INFO - Processing /home/airflow/.local/lib/python3.8/site-packages/airflow/example_dags/tutorial_taskflow_api.py took 0.094 seconds
[2023-11-14T21:53:49.857+0000] {processor.py:157} INFO - Started process (PID=2189) to work on /home/airflow/.local/lib/python3.8/site-packages/airflow/example_dags/tutorial_taskflow_api.py
[2023-11-14T21:53:49.859+0000] {processor.py:829} INFO - Processing file /home/airflow/.local/lib/python3.8/site-packages/airflow/example_dags/tutorial_taskflow_api.py for tasks to queue
[2023-11-14T21:53:49.864+0000] {logging_mixin.py:154} INFO - [2023-11-14T21:53:49.863+0000] {dagbag.py:536} INFO - Filling up the DagBag from /home/airflow/.local/lib/python3.8/site-packages/airflow/example_dags/tutorial_taskflow_api.py
[2023-11-14T21:53:49.876+0000] {processor.py:839} INFO - DAG(s) dict_keys(['tutorial_taskflow_api']) retrieved from /home/airflow/.local/lib/python3.8/site-packages/airflow/example_dags/tutorial_taskflow_api.py
[2023-11-14T21:53:49.904+0000] {logging_mixin.py:154} INFO - [2023-11-14T21:53:49.904+0000] {dag.py:2941} INFO - Sync 1 DAGs
[2023-11-14T21:53:49.925+0000] {logging_mixin.py:154} INFO - [2023-11-14T21:53:49.925+0000] {dag.py:3722} INFO - Setting next_dagrun for tutorial_taskflow_api to None, run_after=None
[2023-11-14T21:53:49.960+0000] {processor.py:179} INFO - Processing /home/airflow/.local/lib/python3.8/site-packages/airflow/example_dags/tutorial_taskflow_api.py took 0.113 seconds
[2023-11-14T21:54:20.399+0000] {processor.py:157} INFO - Started process (PID=2243) to work on /home/airflow/.local/lib/python3.8/site-packages/airflow/example_dags/tutorial_taskflow_api.py
[2023-11-14T21:54:20.401+0000] {processor.py:829} INFO - Processing file /home/airflow/.local/lib/python3.8/site-packages/airflow/example_dags/tutorial_taskflow_api.py for tasks to queue
[2023-11-14T21:54:20.404+0000] {logging_mixin.py:154} INFO - [2023-11-14T21:54:20.404+0000] {dagbag.py:536} INFO - Filling up the DagBag from /home/airflow/.local/lib/python3.8/site-packages/airflow/example_dags/tutorial_taskflow_api.py
[2023-11-14T21:54:20.412+0000] {processor.py:839} INFO - DAG(s) dict_keys(['tutorial_taskflow_api']) retrieved from /home/airflow/.local/lib/python3.8/site-packages/airflow/example_dags/tutorial_taskflow_api.py
[2023-11-14T21:54:20.436+0000] {logging_mixin.py:154} INFO - [2023-11-14T21:54:20.435+0000] {dag.py:2941} INFO - Sync 1 DAGs
[2023-11-14T21:54:20.451+0000] {logging_mixin.py:154} INFO - [2023-11-14T21:54:20.451+0000] {dag.py:3722} INFO - Setting next_dagrun for tutorial_taskflow_api to None, run_after=None
[2023-11-14T21:54:20.476+0000] {processor.py:179} INFO - Processing /home/airflow/.local/lib/python3.8/site-packages/airflow/example_dags/tutorial_taskflow_api.py took 0.082 seconds
[2023-11-14T21:54:51.356+0000] {processor.py:157} INFO - Started process (PID=2297) to work on /home/airflow/.local/lib/python3.8/site-packages/airflow/example_dags/tutorial_taskflow_api.py
[2023-11-14T21:54:51.358+0000] {processor.py:829} INFO - Processing file /home/airflow/.local/lib/python3.8/site-packages/airflow/example_dags/tutorial_taskflow_api.py for tasks to queue
[2023-11-14T21:54:51.362+0000] {logging_mixin.py:154} INFO - [2023-11-14T21:54:51.361+0000] {dagbag.py:536} INFO - Filling up the DagBag from /home/airflow/.local/lib/python3.8/site-packages/airflow/example_dags/tutorial_taskflow_api.py
[2023-11-14T21:54:51.373+0000] {processor.py:839} INFO - DAG(s) dict_keys(['tutorial_taskflow_api']) retrieved from /home/airflow/.local/lib/python3.8/site-packages/airflow/example_dags/tutorial_taskflow_api.py
[2023-11-14T21:54:51.406+0000] {logging_mixin.py:154} INFO - [2023-11-14T21:54:51.406+0000] {dag.py:2941} INFO - Sync 1 DAGs
[2023-11-14T21:54:51.427+0000] {logging_mixin.py:154} INFO - [2023-11-14T21:54:51.427+0000] {dag.py:3722} INFO - Setting next_dagrun for tutorial_taskflow_api to None, run_after=None
[2023-11-14T21:54:51.462+0000] {processor.py:179} INFO - Processing /home/airflow/.local/lib/python3.8/site-packages/airflow/example_dags/tutorial_taskflow_api.py took 0.113 seconds
[2023-11-14T21:55:21.574+0000] {processor.py:157} INFO - Started process (PID=2352) to work on /home/airflow/.local/lib/python3.8/site-packages/airflow/example_dags/tutorial_taskflow_api.py
[2023-11-14T21:55:21.575+0000] {processor.py:829} INFO - Processing file /home/airflow/.local/lib/python3.8/site-packages/airflow/example_dags/tutorial_taskflow_api.py for tasks to queue
[2023-11-14T21:55:21.578+0000] {logging_mixin.py:154} INFO - [2023-11-14T21:55:21.578+0000] {dagbag.py:536} INFO - Filling up the DagBag from /home/airflow/.local/lib/python3.8/site-packages/airflow/example_dags/tutorial_taskflow_api.py
[2023-11-14T21:55:21.588+0000] {processor.py:839} INFO - DAG(s) dict_keys(['tutorial_taskflow_api']) retrieved from /home/airflow/.local/lib/python3.8/site-packages/airflow/example_dags/tutorial_taskflow_api.py
[2023-11-14T21:55:21.618+0000] {logging_mixin.py:154} INFO - [2023-11-14T21:55:21.618+0000] {dag.py:2941} INFO - Sync 1 DAGs
[2023-11-14T21:55:21.641+0000] {logging_mixin.py:154} INFO - [2023-11-14T21:55:21.641+0000] {dag.py:3722} INFO - Setting next_dagrun for tutorial_taskflow_api to None, run_after=None
[2023-11-14T21:55:21.684+0000] {processor.py:179} INFO - Processing /home/airflow/.local/lib/python3.8/site-packages/airflow/example_dags/tutorial_taskflow_api.py took 0.117 seconds
[2023-11-14T21:55:52.038+0000] {processor.py:157} INFO - Started process (PID=2406) to work on /home/airflow/.local/lib/python3.8/site-packages/airflow/example_dags/tutorial_taskflow_api.py
[2023-11-14T21:55:52.040+0000] {processor.py:829} INFO - Processing file /home/airflow/.local/lib/python3.8/site-packages/airflow/example_dags/tutorial_taskflow_api.py for tasks to queue
[2023-11-14T21:55:52.043+0000] {logging_mixin.py:154} INFO - [2023-11-14T21:55:52.043+0000] {dagbag.py:536} INFO - Filling up the DagBag from /home/airflow/.local/lib/python3.8/site-packages/airflow/example_dags/tutorial_taskflow_api.py
[2023-11-14T21:55:52.053+0000] {processor.py:839} INFO - DAG(s) dict_keys(['tutorial_taskflow_api']) retrieved from /home/airflow/.local/lib/python3.8/site-packages/airflow/example_dags/tutorial_taskflow_api.py
[2023-11-14T21:55:52.083+0000] {logging_mixin.py:154} INFO - [2023-11-14T21:55:52.083+0000] {dag.py:2941} INFO - Sync 1 DAGs
[2023-11-14T21:55:52.108+0000] {logging_mixin.py:154} INFO - [2023-11-14T21:55:52.107+0000] {dag.py:3722} INFO - Setting next_dagrun for tutorial_taskflow_api to None, run_after=None
[2023-11-14T21:55:52.137+0000] {processor.py:179} INFO - Processing /home/airflow/.local/lib/python3.8/site-packages/airflow/example_dags/tutorial_taskflow_api.py took 0.105 seconds
[2023-11-14T21:56:22.686+0000] {processor.py:157} INFO - Started process (PID=2460) to work on /home/airflow/.local/lib/python3.8/site-packages/airflow/example_dags/tutorial_taskflow_api.py
[2023-11-14T21:56:22.690+0000] {processor.py:829} INFO - Processing file /home/airflow/.local/lib/python3.8/site-packages/airflow/example_dags/tutorial_taskflow_api.py for tasks to queue
[2023-11-14T21:56:22.702+0000] {logging_mixin.py:154} INFO - [2023-11-14T21:56:22.701+0000] {dagbag.py:536} INFO - Filling up the DagBag from /home/airflow/.local/lib/python3.8/site-packages/airflow/example_dags/tutorial_taskflow_api.py
[2023-11-14T21:56:22.725+0000] {processor.py:839} INFO - DAG(s) dict_keys(['tutorial_taskflow_api']) retrieved from /home/airflow/.local/lib/python3.8/site-packages/airflow/example_dags/tutorial_taskflow_api.py
[2023-11-14T21:56:22.758+0000] {logging_mixin.py:154} INFO - [2023-11-14T21:56:22.758+0000] {dag.py:2941} INFO - Sync 1 DAGs
[2023-11-14T21:56:22.774+0000] {logging_mixin.py:154} INFO - [2023-11-14T21:56:22.774+0000] {dag.py:3722} INFO - Setting next_dagrun for tutorial_taskflow_api to None, run_after=None
[2023-11-14T21:56:22.796+0000] {processor.py:179} INFO - Processing /home/airflow/.local/lib/python3.8/site-packages/airflow/example_dags/tutorial_taskflow_api.py took 0.131 seconds
[2023-11-14T21:56:53.504+0000] {processor.py:157} INFO - Started process (PID=2515) to work on /home/airflow/.local/lib/python3.8/site-packages/airflow/example_dags/tutorial_taskflow_api.py
[2023-11-14T21:56:53.505+0000] {processor.py:829} INFO - Processing file /home/airflow/.local/lib/python3.8/site-packages/airflow/example_dags/tutorial_taskflow_api.py for tasks to queue
[2023-11-14T21:56:53.508+0000] {logging_mixin.py:154} INFO - [2023-11-14T21:56:53.507+0000] {dagbag.py:536} INFO - Filling up the DagBag from /home/airflow/.local/lib/python3.8/site-packages/airflow/example_dags/tutorial_taskflow_api.py
[2023-11-14T21:56:53.517+0000] {processor.py:839} INFO - DAG(s) dict_keys(['tutorial_taskflow_api']) retrieved from /home/airflow/.local/lib/python3.8/site-packages/airflow/example_dags/tutorial_taskflow_api.py
[2023-11-14T21:56:53.546+0000] {logging_mixin.py:154} INFO - [2023-11-14T21:56:53.546+0000] {dag.py:2941} INFO - Sync 1 DAGs
[2023-11-14T21:56:53.565+0000] {logging_mixin.py:154} INFO - [2023-11-14T21:56:53.565+0000] {dag.py:3722} INFO - Setting next_dagrun for tutorial_taskflow_api to None, run_after=None
[2023-11-14T21:56:53.614+0000] {processor.py:179} INFO - Processing /home/airflow/.local/lib/python3.8/site-packages/airflow/example_dags/tutorial_taskflow_api.py took 0.114 seconds
[2023-11-14T21:57:24.256+0000] {processor.py:157} INFO - Started process (PID=2569) to work on /home/airflow/.local/lib/python3.8/site-packages/airflow/example_dags/tutorial_taskflow_api.py
[2023-11-14T21:57:24.258+0000] {processor.py:829} INFO - Processing file /home/airflow/.local/lib/python3.8/site-packages/airflow/example_dags/tutorial_taskflow_api.py for tasks to queue
[2023-11-14T21:57:24.262+0000] {logging_mixin.py:154} INFO - [2023-11-14T21:57:24.261+0000] {dagbag.py:536} INFO - Filling up the DagBag from /home/airflow/.local/lib/python3.8/site-packages/airflow/example_dags/tutorial_taskflow_api.py
[2023-11-14T21:57:24.271+0000] {processor.py:839} INFO - DAG(s) dict_keys(['tutorial_taskflow_api']) retrieved from /home/airflow/.local/lib/python3.8/site-packages/airflow/example_dags/tutorial_taskflow_api.py
[2023-11-14T21:57:24.295+0000] {logging_mixin.py:154} INFO - [2023-11-14T21:57:24.294+0000] {dag.py:2941} INFO - Sync 1 DAGs
[2023-11-14T21:57:24.310+0000] {logging_mixin.py:154} INFO - [2023-11-14T21:57:24.310+0000] {dag.py:3722} INFO - Setting next_dagrun for tutorial_taskflow_api to None, run_after=None
[2023-11-14T21:57:24.332+0000] {processor.py:179} INFO - Processing /home/airflow/.local/lib/python3.8/site-packages/airflow/example_dags/tutorial_taskflow_api.py took 0.083 seconds
[2023-11-14T21:57:54.602+0000] {processor.py:157} INFO - Started process (PID=2624) to work on /home/airflow/.local/lib/python3.8/site-packages/airflow/example_dags/tutorial_taskflow_api.py
[2023-11-14T21:57:54.604+0000] {processor.py:829} INFO - Processing file /home/airflow/.local/lib/python3.8/site-packages/airflow/example_dags/tutorial_taskflow_api.py for tasks to queue
[2023-11-14T21:57:54.609+0000] {logging_mixin.py:154} INFO - [2023-11-14T21:57:54.609+0000] {dagbag.py:536} INFO - Filling up the DagBag from /home/airflow/.local/lib/python3.8/site-packages/airflow/example_dags/tutorial_taskflow_api.py
[2023-11-14T21:57:54.620+0000] {processor.py:839} INFO - DAG(s) dict_keys(['tutorial_taskflow_api']) retrieved from /home/airflow/.local/lib/python3.8/site-packages/airflow/example_dags/tutorial_taskflow_api.py
[2023-11-14T21:57:54.649+0000] {logging_mixin.py:154} INFO - [2023-11-14T21:57:54.649+0000] {dag.py:2941} INFO - Sync 1 DAGs
[2023-11-14T21:57:54.666+0000] {logging_mixin.py:154} INFO - [2023-11-14T21:57:54.666+0000] {dag.py:3722} INFO - Setting next_dagrun for tutorial_taskflow_api to None, run_after=None
[2023-11-14T21:57:54.691+0000] {processor.py:179} INFO - Processing /home/airflow/.local/lib/python3.8/site-packages/airflow/example_dags/tutorial_taskflow_api.py took 0.099 seconds
[2023-11-14T21:58:25.736+0000] {processor.py:157} INFO - Started process (PID=2678) to work on /home/airflow/.local/lib/python3.8/site-packages/airflow/example_dags/tutorial_taskflow_api.py
[2023-11-14T21:58:25.738+0000] {processor.py:829} INFO - Processing file /home/airflow/.local/lib/python3.8/site-packages/airflow/example_dags/tutorial_taskflow_api.py for tasks to queue
[2023-11-14T21:58:25.744+0000] {logging_mixin.py:154} INFO - [2023-11-14T21:58:25.743+0000] {dagbag.py:536} INFO - Filling up the DagBag from /home/airflow/.local/lib/python3.8/site-packages/airflow/example_dags/tutorial_taskflow_api.py
[2023-11-14T21:58:25.757+0000] {processor.py:839} INFO - DAG(s) dict_keys(['tutorial_taskflow_api']) retrieved from /home/airflow/.local/lib/python3.8/site-packages/airflow/example_dags/tutorial_taskflow_api.py
[2023-11-14T21:58:25.790+0000] {logging_mixin.py:154} INFO - [2023-11-14T21:58:25.790+0000] {dag.py:2941} INFO - Sync 1 DAGs
[2023-11-14T21:58:25.812+0000] {logging_mixin.py:154} INFO - [2023-11-14T21:58:25.811+0000] {dag.py:3722} INFO - Setting next_dagrun for tutorial_taskflow_api to None, run_after=None
[2023-11-14T21:58:25.842+0000] {processor.py:179} INFO - Processing /home/airflow/.local/lib/python3.8/site-packages/airflow/example_dags/tutorial_taskflow_api.py took 0.114 seconds
[2023-11-14T21:58:56.320+0000] {processor.py:157} INFO - Started process (PID=2732) to work on /home/airflow/.local/lib/python3.8/site-packages/airflow/example_dags/tutorial_taskflow_api.py
[2023-11-14T21:58:56.322+0000] {processor.py:829} INFO - Processing file /home/airflow/.local/lib/python3.8/site-packages/airflow/example_dags/tutorial_taskflow_api.py for tasks to queue
[2023-11-14T21:58:56.326+0000] {logging_mixin.py:154} INFO - [2023-11-14T21:58:56.326+0000] {dagbag.py:536} INFO - Filling up the DagBag from /home/airflow/.local/lib/python3.8/site-packages/airflow/example_dags/tutorial_taskflow_api.py
[2023-11-14T21:58:56.335+0000] {processor.py:839} INFO - DAG(s) dict_keys(['tutorial_taskflow_api']) retrieved from /home/airflow/.local/lib/python3.8/site-packages/airflow/example_dags/tutorial_taskflow_api.py
[2023-11-14T21:58:56.361+0000] {logging_mixin.py:154} INFO - [2023-11-14T21:58:56.361+0000] {dag.py:2941} INFO - Sync 1 DAGs
[2023-11-14T21:58:56.376+0000] {logging_mixin.py:154} INFO - [2023-11-14T21:58:56.376+0000] {dag.py:3722} INFO - Setting next_dagrun for tutorial_taskflow_api to None, run_after=None
[2023-11-14T21:58:56.401+0000] {processor.py:179} INFO - Processing /home/airflow/.local/lib/python3.8/site-packages/airflow/example_dags/tutorial_taskflow_api.py took 0.085 seconds
[2023-11-14T21:59:26.817+0000] {processor.py:157} INFO - Started process (PID=2786) to work on /home/airflow/.local/lib/python3.8/site-packages/airflow/example_dags/tutorial_taskflow_api.py
[2023-11-14T21:59:26.818+0000] {processor.py:829} INFO - Processing file /home/airflow/.local/lib/python3.8/site-packages/airflow/example_dags/tutorial_taskflow_api.py for tasks to queue
[2023-11-14T21:59:26.821+0000] {logging_mixin.py:154} INFO - [2023-11-14T21:59:26.821+0000] {dagbag.py:536} INFO - Filling up the DagBag from /home/airflow/.local/lib/python3.8/site-packages/airflow/example_dags/tutorial_taskflow_api.py
[2023-11-14T21:59:26.833+0000] {processor.py:839} INFO - DAG(s) dict_keys(['tutorial_taskflow_api']) retrieved from /home/airflow/.local/lib/python3.8/site-packages/airflow/example_dags/tutorial_taskflow_api.py
[2023-11-14T21:59:26.869+0000] {logging_mixin.py:154} INFO - [2023-11-14T21:59:26.869+0000] {dag.py:2941} INFO - Sync 1 DAGs
[2023-11-14T21:59:26.893+0000] {logging_mixin.py:154} INFO - [2023-11-14T21:59:26.892+0000] {dag.py:3722} INFO - Setting next_dagrun for tutorial_taskflow_api to None, run_after=None
[2023-11-14T21:59:26.930+0000] {processor.py:179} INFO - Processing /home/airflow/.local/lib/python3.8/site-packages/airflow/example_dags/tutorial_taskflow_api.py took 0.118 seconds
